[2024-12-04T10:03:28.072+0000] {taskinstance.py:1103} INFO - Dependencies all met for dep_context=non-requeueable deps ti=<TaskInstance: process_weather_data.load_weather_data_to_duckdb manual__2024-12-04T09:58:25.218065+00:00 [queued]>
[2024-12-04T10:03:28.082+0000] {taskinstance.py:1103} INFO - Dependencies all met for dep_context=requeueable deps ti=<TaskInstance: process_weather_data.load_weather_data_to_duckdb manual__2024-12-04T09:58:25.218065+00:00 [queued]>
[2024-12-04T10:03:28.083+0000] {taskinstance.py:1308} INFO - Starting attempt 2 of 2
[2024-12-04T10:03:28.097+0000] {taskinstance.py:1327} INFO - Executing <Task(PythonOperator): load_weather_data_to_duckdb> on 2024-12-04 09:58:25.218065+00:00
[2024-12-04T10:03:28.104+0000] {standard_task_runner.py:57} INFO - Started process 1854 to run task
[2024-12-04T10:03:28.107+0000] {standard_task_runner.py:84} INFO - Running: ['***', 'tasks', 'run', 'process_weather_data', 'load_weather_data_to_duckdb', 'manual__2024-12-04T09:58:25.218065+00:00', '--job-id', '125', '--raw', '--subdir', 'DAGS_FOLDER/weather_to_duckdb.py', '--cfg-path', '/tmp/tmp8oyuumn4']
[2024-12-04T10:03:28.110+0000] {standard_task_runner.py:85} INFO - Job 125: Subtask load_weather_data_to_duckdb
[2024-12-04T10:03:28.167+0000] {task_command.py:410} INFO - Running <TaskInstance: process_weather_data.load_weather_data_to_duckdb manual__2024-12-04T09:58:25.218065+00:00 [running]> on host f858c1e8e12d
[2024-12-04T10:03:28.266+0000] {taskinstance.py:1547} INFO - Exporting env vars: AIRFLOW_CTX_DAG_OWNER='***' AIRFLOW_CTX_DAG_ID='process_weather_data' AIRFLOW_CTX_TASK_ID='load_weather_data_to_duckdb' AIRFLOW_CTX_EXECUTION_DATE='2024-12-04T09:58:25.218065+00:00' AIRFLOW_CTX_TRY_NUMBER='2' AIRFLOW_CTX_DAG_RUN_ID='manual__2024-12-04T09:58:25.218065+00:00'
[2024-12-04T10:03:28.900+0000] {logging_mixin.py:150} INFO - Processed file: noaa_01073.json
[2024-12-04T10:03:28.980+0000] {logging_mixin.py:150} INFO - Processed file: noaa_04013.json
[2024-12-04T10:03:29.607+0000] {logging_mixin.py:150} INFO - Processed file: noaa_05007.json
[2024-12-04T10:03:29.785+0000] {logging_mixin.py:150} INFO - Processed file: noaa_05119.json
[2024-12-04T10:03:30.973+0000] {logging_mixin.py:150} INFO - Processed file: noaa_05139.json
[2024-12-04T10:03:31.715+0000] {logging_mixin.py:150} INFO - Processed file: noaa_05143.json
[2024-12-04T10:03:31.927+0000] {logging_mixin.py:150} INFO - Processed file: noaa_06001.json
[2024-12-04T10:03:32.142+0000] {logging_mixin.py:150} INFO - Processed file: noaa_06013.json
[2024-12-04T10:03:32.210+0000] {logging_mixin.py:150} INFO - Processed file: noaa_06037.json
[2024-12-04T10:03:32.443+0000] {logging_mixin.py:150} INFO - Processed file: noaa_06059.json
[2024-12-04T10:03:32.507+0000] {logging_mixin.py:150} INFO - Processed file: noaa_06073.json
[2024-12-04T10:03:33.402+0000] {logging_mixin.py:150} INFO - Processed file: noaa_06075.json
[2024-12-04T10:03:33.812+0000] {logging_mixin.py:150} INFO - Processed file: noaa_06081.json
[2024-12-04T10:03:34.102+0000] {logging_mixin.py:150} INFO - Processed file: noaa_06085.json
[2024-12-04T10:03:34.428+0000] {logging_mixin.py:150} INFO - Processed file: noaa_06111.json
[2024-12-04T10:03:34.702+0000] {logging_mixin.py:150} INFO - Processed file: noaa_08005.json
[2024-12-04T10:03:35.212+0000] {logging_mixin.py:150} INFO - Processed file: noaa_08014.json
[2024-12-04T10:03:35.562+0000] {logging_mixin.py:150} INFO - Processed file: noaa_08031.json
[2024-12-04T10:03:35.997+0000] {logging_mixin.py:150} INFO - Processed file: noaa_09001.json
[2024-12-04T10:03:36.486+0000] {logging_mixin.py:150} INFO - Processed file: noaa_09003.json
[2024-12-04T10:03:37.094+0000] {logging_mixin.py:150} INFO - Processed file: noaa_09009.json
[2024-12-04T10:03:38.053+0000] {logging_mixin.py:150} INFO - Processed file: noaa_10003.json
[2024-12-04T10:03:39.357+0000] {logging_mixin.py:150} INFO - Processed file: noaa_11001.json
[2024-12-04T10:03:39.666+0000] {logging_mixin.py:150} INFO - Processed file: noaa_12009.json
[2024-12-04T10:03:40.065+0000] {logging_mixin.py:150} INFO - Processed file: noaa_12011.json
[2024-12-04T10:03:40.471+0000] {logging_mixin.py:150} INFO - Processed file: noaa_12031.json
[2024-12-04T10:03:40.808+0000] {logging_mixin.py:150} INFO - Processed file: noaa_12057.json
[2024-12-04T10:03:41.418+0000] {logging_mixin.py:150} INFO - Processed file: noaa_12071.json
[2024-12-04T10:03:41.673+0000] {logging_mixin.py:150} INFO - Processed file: noaa_12086.json
[2024-12-04T10:03:42.224+0000] {logging_mixin.py:150} INFO - Processed file: noaa_12095.json
[2024-12-04T10:03:42.575+0000] {logging_mixin.py:150} INFO - Processed file: noaa_12099.json
[2024-12-04T10:03:42.930+0000] {logging_mixin.py:150} INFO - Processed file: noaa_12103.json
[2024-12-04T10:03:43.275+0000] {logging_mixin.py:150} INFO - Processed file: noaa_12105.json
[2024-12-04T10:03:43.716+0000] {logging_mixin.py:150} INFO - Processed file: noaa_13067.json
[2024-12-04T10:03:44.396+0000] {logging_mixin.py:150} INFO - Processed file: noaa_13121.json
[2024-12-04T10:03:45.003+0000] {logging_mixin.py:150} INFO - Processed file: noaa_13129.json
[2024-12-04T10:03:45.300+0000] {logging_mixin.py:150} INFO - Processed file: noaa_13135.json
[2024-12-04T10:03:46.896+0000] {logging_mixin.py:150} INFO - Processed file: noaa_13215.json
[2024-12-04T10:03:47.263+0000] {logging_mixin.py:150} INFO - Processed file: noaa_16001.json
[2024-12-04T10:03:47.420+0000] {logging_mixin.py:150} INFO - Processed file: noaa_17031.json
[2024-12-04T10:03:47.711+0000] {logging_mixin.py:150} INFO - Processed file: noaa_17043.json
[2024-12-04T10:03:48.021+0000] {logging_mixin.py:150} INFO - Processed file: noaa_17097.json
[2024-12-04T10:03:48.526+0000] {logging_mixin.py:150} INFO - Processed file: noaa_17113.json
[2024-12-04T10:03:49.693+0000] {logging_mixin.py:150} INFO - Processed file: noaa_17115.json
[2024-12-04T10:03:51.205+0000] {logging_mixin.py:150} INFO - Processed file: noaa_17143.json
[2024-12-04T10:03:52.066+0000] {logging_mixin.py:150} INFO - Processed file: noaa_17161.json
[2024-12-04T10:03:52.873+0000] {logging_mixin.py:150} INFO - Processed file: noaa_18003.json
[2024-12-04T10:03:54.261+0000] {logging_mixin.py:150} INFO - Processed file: noaa_18005.json
[2024-12-04T10:03:54.865+0000] {logging_mixin.py:150} INFO - Processed file: noaa_18085.json
[2024-12-04T10:03:55.464+0000] {logging_mixin.py:150} INFO - Processed file: noaa_18097.json
[2024-12-04T10:03:56.375+0000] {logging_mixin.py:150} INFO - Processed file: noaa_18163.json
[2024-12-04T10:03:57.027+0000] {logging_mixin.py:150} INFO - Processed file: noaa_19113.json
[2024-12-04T10:03:57.533+0000] {logging_mixin.py:150} INFO - Processed file: noaa_19153.json
[2024-12-04T10:03:58.103+0000] {logging_mixin.py:150} INFO - Processed file: noaa_20091.json
[2024-12-04T10:03:58.455+0000] {logging_mixin.py:150} INFO - Processed file: noaa_20173.json
[2024-12-04T10:03:59.156+0000] {logging_mixin.py:150} INFO - Processed file: noaa_21111.json
[2024-12-04T10:04:00.990+0000] {logging_mixin.py:150} INFO - Processed file: noaa_22055.json
[2024-12-04T10:04:01.513+0000] {logging_mixin.py:150} INFO - Processed file: noaa_22073.json
[2024-12-04T10:04:01.787+0000] {logging_mixin.py:150} INFO - Processed file: noaa_24031.json
[2024-12-04T10:04:02.844+0000] {logging_mixin.py:150} INFO - Processed file: noaa_25013.json
[2024-12-04T10:04:03.195+0000] {logging_mixin.py:150} INFO - Processed file: noaa_25017.json
[2024-12-04T10:04:03.502+0000] {logging_mixin.py:150} INFO - Processed file: noaa_25023.json
[2024-12-04T10:04:04.211+0000] {logging_mixin.py:150} INFO - Processed file: noaa_26021.json
[2024-12-04T10:04:05.182+0000] {logging_mixin.py:150} INFO - Processed file: noaa_26025.json
[2024-12-04T10:04:06.223+0000] {logging_mixin.py:150} INFO - Processed file: noaa_26045.json
[2024-12-04T10:04:07.778+0000] {logging_mixin.py:150} INFO - Processed file: noaa_26075.json
[2024-12-04T10:04:08.776+0000] {logging_mixin.py:150} INFO - Processed file: noaa_26077.json
[2024-12-04T10:04:09.297+0000] {logging_mixin.py:150} INFO - Processed file: noaa_26081.json
[2024-12-04T10:04:10.409+0000] {logging_mixin.py:150} INFO - Processed file: noaa_26111.json
[2024-12-04T10:04:10.770+0000] {logging_mixin.py:150} INFO - Processed file: noaa_26125.json
[2024-12-04T10:04:11.116+0000] {logging_mixin.py:150} INFO - Processed file: noaa_26163.json
[2024-12-04T10:04:11.571+0000] {logging_mixin.py:150} INFO - Processed file: noaa_27037.json
[2024-12-04T10:04:11.979+0000] {logging_mixin.py:150} INFO - Processed file: noaa_27053.json
[2024-12-04T10:04:14.094+0000] {logging_mixin.py:150} INFO - Processed file: noaa_27097.json
[2024-12-04T10:04:14.483+0000] {logging_mixin.py:150} INFO - Processed file: noaa_27123.json
[2024-12-04T10:04:14.894+0000] {logging_mixin.py:150} INFO - Processed file: noaa_29077.json
[2024-12-04T10:04:15.360+0000] {logging_mixin.py:150} INFO - Processed file: noaa_29189.json
[2024-12-04T10:04:17.119+0000] {logging_mixin.py:150} INFO - Processed file: noaa_29510.json
[2024-12-04T10:04:17.295+0000] {logging_mixin.py:150} INFO - Processed file: noaa_32003.json
[2024-12-04T10:04:18.130+0000] {logging_mixin.py:150} INFO - Processed file: noaa_34003.json
[2024-12-04T10:04:18.643+0000] {logging_mixin.py:150} INFO - Processed file: noaa_34005.json
[2024-12-04T10:04:19.801+0000] {logging_mixin.py:150} INFO - Processed file: noaa_34007.json
[2024-12-04T10:04:20.840+0000] {logging_mixin.py:150} INFO - Processed file: noaa_34013.json
[2024-12-04T10:04:21.353+0000] {logging_mixin.py:150} INFO - Processed file: noaa_34019.json
[2024-12-04T10:04:21.892+0000] {logging_mixin.py:150} INFO - Processed file: noaa_34021.json
[2024-12-04T10:04:22.621+0000] {logging_mixin.py:150} INFO - Processed file: noaa_34023.json
[2024-12-04T10:04:22.931+0000] {logging_mixin.py:150} INFO - Processed file: noaa_34027.json
[2024-12-04T10:04:23.602+0000] {logging_mixin.py:150} INFO - Processed file: noaa_34031.json
[2024-12-04T10:04:24.889+0000] {logging_mixin.py:150} INFO - Processed file: noaa_34039.json
[2024-12-04T10:04:25.537+0000] {logging_mixin.py:150} INFO - Processed file: noaa_36047.json
[2024-12-04T10:04:26.239+0000] {logging_mixin.py:150} INFO - Processed file: noaa_36049.json
[2024-12-04T10:04:27.063+0000] {logging_mixin.py:150} INFO - Processed file: noaa_36055.json
[2024-12-04T10:04:27.895+0000] {logging_mixin.py:150} INFO - Processed file: noaa_36059.json
[2024-12-04T10:04:30.607+0000] {logging_mixin.py:150} INFO - Processed file: noaa_36061.json
[2024-12-04T10:04:32.132+0000] {logging_mixin.py:150} INFO - Processed file: noaa_36081.json
[2024-12-04T10:04:33.438+0000] {logging_mixin.py:150} INFO - Processed file: noaa_36085.json
[2024-12-04T10:04:34.260+0000] {logging_mixin.py:150} INFO - Processed file: noaa_36101.json
[2024-12-04T10:04:35.223+0000] {logging_mixin.py:150} INFO - Processed file: noaa_36119.json
[2024-12-04T10:04:36.072+0000] {logging_mixin.py:150} INFO - Processed file: noaa_37001.json
[2024-12-04T10:04:36.802+0000] {logging_mixin.py:150} INFO - Processed file: noaa_37063.json
[2024-12-04T10:04:37.416+0000] {logging_mixin.py:150} INFO - Processed file: noaa_37067.json
[2024-12-04T10:04:38.098+0000] {logging_mixin.py:150} INFO - Processed file: noaa_37081.json
[2024-12-04T10:04:38.928+0000] {logging_mixin.py:150} INFO - Processed file: noaa_37097.json
[2024-12-04T10:04:39.534+0000] {logging_mixin.py:150} INFO - Processed file: noaa_37119.json
[2024-12-04T10:04:40.486+0000] {logging_mixin.py:150} INFO - Processed file: noaa_39017.json
[2024-12-04T10:04:41.485+0000] {logging_mixin.py:150} INFO - Processed file: noaa_39035.json
[2024-12-04T10:04:42.166+0000] {logging_mixin.py:150} INFO - Processed file: noaa_39049.json
[2024-12-04T10:04:43.245+0000] {logging_mixin.py:150} INFO - Processed file: noaa_39061.json
[2024-12-04T10:04:44.605+0000] {logging_mixin.py:150} INFO - Processed file: noaa_39063.json
[2024-12-04T10:04:46.820+0000] {logging_mixin.py:150} INFO - Processed file: noaa_39095.json
[2024-12-04T10:04:47.821+0000] {logging_mixin.py:150} INFO - Processed file: noaa_39153.json
[2024-12-04T10:04:48.918+0000] {logging_mixin.py:150} INFO - Processed file: noaa_39169.json
[2024-12-04T10:04:49.586+0000] {logging_mixin.py:150} INFO - Processed file: noaa_39173.json
[2024-12-04T10:04:50.173+0000] {logging_mixin.py:150} INFO - Processed file: noaa_40109.json
[2024-12-04T10:04:50.693+0000] {logging_mixin.py:150} INFO - Processed file: noaa_40143.json
[2024-12-04T10:04:50.862+0000] {logging_mixin.py:150} INFO - Processed file: noaa_41029.json
[2024-12-04T10:04:51.200+0000] {logging_mixin.py:150} INFO - Processed file: noaa_41067.json
[2024-12-04T10:04:51.599+0000] {logging_mixin.py:150} INFO - Processed file: noaa_42003.json
[2024-12-04T10:04:52.014+0000] {logging_mixin.py:150} INFO - Processed file: noaa_42029.json
[2024-12-04T10:04:53.032+0000] {logging_mixin.py:150} INFO - Processed file: noaa_42041.json
[2024-12-04T10:04:53.938+0000] {logging_mixin.py:150} INFO - Processed file: noaa_42043.json
[2024-12-04T10:04:57.223+0000] {logging_mixin.py:150} INFO - Processed file: noaa_42045.json
[2024-12-04T10:04:58.778+0000] {logging_mixin.py:150} INFO - Processed file: noaa_42049.json
[2024-12-04T10:05:00.760+0000] {logging_mixin.py:150} INFO - Processed file: noaa_42077.json
[2024-12-04T10:05:00.982+0000] {logging_mixin.py:150} INFO - Processed file: noaa_42091.json
[2024-12-04T10:05:01.591+0000] {logging_mixin.py:150} INFO - Processed file: noaa_42101.json
[2024-12-04T10:05:02.246+0000] {logging_mixin.py:150} INFO - Processed file: noaa_44007.json
[2024-12-04T10:05:02.474+0000] {logging_mixin.py:150} INFO - Processed file: noaa_47037.json
[2024-12-04T10:05:03.022+0000] {logging_mixin.py:150} INFO - Processed file: noaa_47065.json
[2024-12-04T10:05:03.542+0000] {logging_mixin.py:150} INFO - Processed file: noaa_47157.json
[2024-12-04T10:05:04.731+0000] {logging_mixin.py:150} INFO - Processed file: noaa_47163.json
[2024-12-04T10:05:05.117+0000] {logging_mixin.py:150} INFO - Processed file: noaa_47187.json
[2024-12-04T10:05:05.347+0000] {logging_mixin.py:150} INFO - Processed file: noaa_48029.json
[2024-12-04T10:05:06.420+0000] {logging_mixin.py:150} INFO - Processed file: noaa_48037.json
[2024-12-04T10:05:06.693+0000] {logging_mixin.py:150} INFO - Processed file: noaa_48085.json
[2024-12-04T10:05:07.026+0000] {logging_mixin.py:150} INFO - Processed file: noaa_48113.json
[2024-12-04T10:05:07.350+0000] {logging_mixin.py:150} INFO - Processed file: noaa_48141.json
[2024-12-04T10:05:07.577+0000] {logging_mixin.py:150} INFO - Processed file: noaa_48201.json
[2024-12-04T10:05:08.113+0000] {logging_mixin.py:150} INFO - Processed file: noaa_48339.json
[2024-12-04T10:05:08.352+0000] {logging_mixin.py:150} INFO - Processed file: noaa_48439.json
[2024-12-04T10:05:08.553+0000] {logging_mixin.py:150} INFO - Processed file: noaa_48453.json
[2024-12-04T10:05:08.736+0000] {logging_mixin.py:150} INFO - Processed file: noaa_48491.json
[2024-12-04T10:05:08.958+0000] {logging_mixin.py:150} INFO - Processed file: noaa_49035.json
[2024-12-04T10:05:11.718+0000] {logging_mixin.py:150} INFO - Processed file: noaa_51013.json
[2024-12-04T10:05:12.554+0000] {logging_mixin.py:150} INFO - Processed file: noaa_51059.json
[2024-12-04T10:05:15.176+0000] {logging_mixin.py:150} INFO - Processed file: noaa_51075.json
[2024-12-04T10:05:16.372+0000] {logging_mixin.py:150} INFO - Processed file: noaa_51085.json
[2024-12-04T10:05:17.661+0000] {logging_mixin.py:150} INFO - Processed file: noaa_51087.json
[2024-12-04T10:05:20.389+0000] {logging_mixin.py:150} INFO - Processed file: noaa_51159.json
[2024-12-04T10:05:21.483+0000] {logging_mixin.py:150} INFO - Processed file: noaa_51161.json
[2024-12-04T10:05:22.682+0000] {logging_mixin.py:150} INFO - Processed file: noaa_51550.json
[2024-12-04T10:05:25.028+0000] {logging_mixin.py:150} INFO - Processed file: noaa_51700.json
[2024-12-04T10:05:26.277+0000] {logging_mixin.py:150} INFO - Processed file: noaa_51710.json
[2024-12-04T10:05:26.407+0000] {logging_mixin.py:150} INFO - Processed file: noaa_53033.json
[2024-12-04T10:05:26.887+0000] {logging_mixin.py:150} INFO - Processed file: noaa_55025.json
[2024-12-04T10:05:27.577+0000] {logging_mixin.py:150} INFO - Processed file: noaa_55079.json
[2024-12-04T10:05:28.120+0000] {logging_mixin.py:150} INFO - Processed file: noaa_55101.json
[2024-12-04T10:05:28.642+0000] {logging_mixin.py:150} INFO - Processed file: noaa_55133.json
[2024-12-04T10:05:29.467+0000] {logging_mixin.py:150} INFO - Processed file: noaa_55139.json
[2024-12-04T10:05:29.520+0000] {logging_mixin.py:150} INFO - Aggregated weather data loaded into DuckDB table: weather_data
[2024-12-04T10:05:29.521+0000] {python.py:183} INFO - Done. Returned value was: None
[2024-12-04T10:05:29.536+0000] {taskinstance.py:1350} INFO - Marking task as SUCCESS. dag_id=process_weather_data, task_id=load_weather_data_to_duckdb, execution_date=20241204T095825, start_date=20241204T100328, end_date=20241204T100529
[2024-12-04T10:05:29.570+0000] {local_task_job_runner.py:225} INFO - Task exited with return code 0
[2024-12-04T10:05:29.591+0000] {taskinstance.py:2653} INFO - 0 downstream tasks scheduled from follow-on schedule check
