[2024-12-12T09:30:53.010+0000] {taskinstance.py:1103} INFO - Dependencies all met for dep_context=non-requeueable deps ti=<TaskInstance: dbt_dag_example.run_dbt manual__2024-12-12T09:30:50.408371+00:00 [queued]>
[2024-12-12T09:30:53.024+0000] {taskinstance.py:1103} INFO - Dependencies all met for dep_context=requeueable deps ti=<TaskInstance: dbt_dag_example.run_dbt manual__2024-12-12T09:30:50.408371+00:00 [queued]>
[2024-12-12T09:30:53.024+0000] {taskinstance.py:1308} INFO - Starting attempt 1 of 2
[2024-12-12T09:30:53.050+0000] {taskinstance.py:1327} INFO - Executing <Task(BashOperator): run_dbt> on 2024-12-12 09:30:50.408371+00:00
[2024-12-12T09:30:53.058+0000] {standard_task_runner.py:57} INFO - Started process 6692 to run task
[2024-12-12T09:30:53.062+0000] {standard_task_runner.py:84} INFO - Running: ['***', 'tasks', 'run', 'dbt_dag_example', 'run_dbt', 'manual__2024-12-12T09:30:50.408371+00:00', '--job-id', '187', '--raw', '--subdir', 'DAGS_FOLDER/dbt_duckdb_test.py', '--cfg-path', '/tmp/tmpvvhxyfz7']
[2024-12-12T09:30:53.065+0000] {standard_task_runner.py:85} INFO - Job 187: Subtask run_dbt
[2024-12-12T09:30:53.129+0000] {task_command.py:410} INFO - Running <TaskInstance: dbt_dag_example.run_dbt manual__2024-12-12T09:30:50.408371+00:00 [running]> on host 15c1365b7b27
[2024-12-12T09:30:53.250+0000] {taskinstance.py:1547} INFO - Exporting env vars: AIRFLOW_CTX_DAG_OWNER='***' AIRFLOW_CTX_DAG_ID='dbt_dag_example' AIRFLOW_CTX_TASK_ID='run_dbt' AIRFLOW_CTX_EXECUTION_DATE='2024-12-12T09:30:50.408371+00:00' AIRFLOW_CTX_TRY_NUMBER='1' AIRFLOW_CTX_DAG_RUN_ID='manual__2024-12-12T09:30:50.408371+00:00'
[2024-12-12T09:30:53.252+0000] {subprocess.py:63} INFO - Tmp dir root location: /tmp
[2024-12-12T09:30:53.255+0000] {subprocess.py:75} INFO - Running command: ['/bin/bash', '-c', 'cd /opt/***/my_dbt_project && ls && dbt run --models business_transformed']
[2024-12-12T09:30:53.268+0000] {subprocess.py:86} INFO - Output:
[2024-12-12T09:30:53.274+0000] {subprocess.py:93} INFO - README.md
[2024-12-12T09:30:53.274+0000] {subprocess.py:93} INFO - analyses
[2024-12-12T09:30:53.275+0000] {subprocess.py:93} INFO - data
[2024-12-12T09:30:53.275+0000] {subprocess.py:93} INFO - dbt_project.yml
[2024-12-12T09:30:53.276+0000] {subprocess.py:93} INFO - dev.duckdb
[2024-12-12T09:30:53.276+0000] {subprocess.py:93} INFO - macros
[2024-12-12T09:30:53.276+0000] {subprocess.py:93} INFO - models
[2024-12-12T09:30:53.277+0000] {subprocess.py:93} INFO - seeds
[2024-12-12T09:30:53.277+0000] {subprocess.py:93} INFO - snapshots
[2024-12-12T09:30:53.278+0000] {subprocess.py:93} INFO - tests
[2024-12-12T09:30:56.388+0000] {subprocess.py:93} INFO - Usage: dbt run [OPTIONS]
[2024-12-12T09:30:56.389+0000] {subprocess.py:93} INFO - Try 'dbt run -h' for help.
[2024-12-12T09:30:56.390+0000] {subprocess.py:93} INFO - 
[2024-12-12T09:30:56.390+0000] {subprocess.py:93} INFO - Error: Invalid value for '--profiles-dir': Path '/home/***/.dbt' does not exist.
[2024-12-12T09:30:56.662+0000] {subprocess.py:97} INFO - Command exited with return code 2
[2024-12-12T09:30:56.687+0000] {taskinstance.py:1824} ERROR - Task failed with exception
Traceback (most recent call last):
  File "/home/airflow/.local/lib/python3.7/site-packages/airflow/operators/bash.py", line 211, in execute
    f"Bash command failed. The command returned a non-zero exit code {result.exit_code}."
airflow.exceptions.AirflowException: Bash command failed. The command returned a non-zero exit code 2.
[2024-12-12T09:30:56.696+0000] {taskinstance.py:1350} INFO - Marking task as UP_FOR_RETRY. dag_id=dbt_dag_example, task_id=run_dbt, execution_date=20241212T093050, start_date=20241212T093053, end_date=20241212T093056
[2024-12-12T09:30:56.727+0000] {standard_task_runner.py:109} ERROR - Failed to execute job 187 for task run_dbt (Bash command failed. The command returned a non-zero exit code 2.; 6692)
[2024-12-12T09:30:56.773+0000] {local_task_job_runner.py:225} INFO - Task exited with return code 1
[2024-12-12T09:30:56.824+0000] {taskinstance.py:2653} INFO - 0 downstream tasks scheduled from follow-on schedule check
