[2024-12-04T08:42:23.348+0000] {taskinstance.py:1103} INFO - Dependencies all met for dep_context=non-requeueable deps ti=<TaskInstance: kaggle_to_duckdb.download_and_extract_kaggle_data manual__2024-12-04T08:42:21.221435+00:00 [queued]>
[2024-12-04T08:42:23.368+0000] {taskinstance.py:1103} INFO - Dependencies all met for dep_context=requeueable deps ti=<TaskInstance: kaggle_to_duckdb.download_and_extract_kaggle_data manual__2024-12-04T08:42:21.221435+00:00 [queued]>
[2024-12-04T08:42:23.369+0000] {taskinstance.py:1308} INFO - Starting attempt 1 of 2
[2024-12-04T08:42:23.391+0000] {taskinstance.py:1327} INFO - Executing <Task(PythonOperator): download_and_extract_kaggle_data> on 2024-12-04 08:42:21.221435+00:00
[2024-12-04T08:42:23.404+0000] {standard_task_runner.py:57} INFO - Started process 1741 to run task
[2024-12-04T08:42:23.410+0000] {standard_task_runner.py:84} INFO - Running: ['***', 'tasks', 'run', 'kaggle_to_duckdb', 'download_and_extract_kaggle_data', 'manual__2024-12-04T08:42:21.221435+00:00', '--job-id', '100', '--raw', '--subdir', 'DAGS_FOLDER/business_etl_v1.py', '--cfg-path', '/tmp/tmp4nf216rn']
[2024-12-04T08:42:23.413+0000] {standard_task_runner.py:85} INFO - Job 100: Subtask download_and_extract_kaggle_data
[2024-12-04T08:42:23.474+0000] {task_command.py:410} INFO - Running <TaskInstance: kaggle_to_duckdb.download_and_extract_kaggle_data manual__2024-12-04T08:42:21.221435+00:00 [running]> on host e919c4bb8fbe
[2024-12-04T08:42:23.595+0000] {taskinstance.py:1547} INFO - Exporting env vars: AIRFLOW_CTX_DAG_OWNER='***' AIRFLOW_CTX_DAG_ID='kaggle_to_duckdb' AIRFLOW_CTX_TASK_ID='download_and_extract_kaggle_data' AIRFLOW_CTX_EXECUTION_DATE='2024-12-04T08:42:21.221435+00:00' AIRFLOW_CTX_TRY_NUMBER='1' AIRFLOW_CTX_DAG_RUN_ID='manual__2024-12-04T08:42:21.221435+00:00'
[2024-12-04T08:42:23.937+0000] {logging_mixin.py:150} INFO - Dataset URL: https://www.kaggle.com/datasets/mannmann2/fortune-500-corporate-headquarters
[2024-12-04T08:42:23.937+0000] {logging_mixin.py:150} INFO - License(s): CC0-1.0
[2024-12-04T08:42:24.501+0000] {logging_mixin.py:150} INFO - fortune-500-corporate-headquarters.zip: Skipping, found more recently modified local copy (use --force to force download)
[2024-12-04T08:42:24.502+0000] {taskinstance.py:1824} ERROR - Task failed with exception
Traceback (most recent call last):
  File "/home/airflow/.local/lib/python3.7/site-packages/airflow/operators/python.py", line 181, in execute
    return_value = self.execute_callable()
  File "/home/airflow/.local/lib/python3.7/site-packages/airflow/operators/python.py", line 198, in execute_callable
    return self.python_callable(*self.op_args, **self.op_kwargs)
  File "/opt/airflow/dags/business_etl_v1.py", line 35, in download_and_extract_dataset
    raise FileNotFoundError(f"{zip_name}.zip not found after download.")
FileNotFoundError: fortune-500-HQ.zip not found after download.
[2024-12-04T08:42:24.513+0000] {taskinstance.py:1350} INFO - Marking task as UP_FOR_RETRY. dag_id=kaggle_to_duckdb, task_id=download_and_extract_kaggle_data, execution_date=20241204T084221, start_date=20241204T084223, end_date=20241204T084224
[2024-12-04T08:42:24.543+0000] {standard_task_runner.py:109} ERROR - Failed to execute job 100 for task download_and_extract_kaggle_data (fortune-500-HQ.zip not found after download.; 1741)
[2024-12-04T08:42:24.586+0000] {local_task_job_runner.py:225} INFO - Task exited with return code 1
[2024-12-04T08:42:24.612+0000] {taskinstance.py:2653} INFO - 0 downstream tasks scheduled from follow-on schedule check
