[2024-12-10T07:56:08.370+0000] {processor.py:186} INFO - Started process (PID=103) to work on /home/airflow/.local/lib/python3.12/site-packages/airflow/example_dags/example_task_group.py
[2024-12-10T07:56:08.371+0000] {processor.py:914} INFO - Processing file /home/airflow/.local/lib/python3.12/site-packages/airflow/example_dags/example_task_group.py for tasks to queue
[2024-12-10T07:56:08.375+0000] {logging_mixin.py:190} INFO - [2024-12-10T07:56:08.374+0000] {dagbag.py:588} INFO - Filling up the DagBag from /home/airflow/.local/lib/python3.12/site-packages/airflow/example_dags/example_task_group.py
[2024-12-10T07:56:08.390+0000] {processor.py:925} INFO - DAG(s) 'example_task_group' retrieved from /home/airflow/.local/lib/python3.12/site-packages/airflow/example_dags/example_task_group.py
[2024-12-10T07:56:08.539+0000] {logging_mixin.py:190} INFO - [2024-12-10T07:56:08.538+0000] {override.py:1911} INFO - Created Permission View: can read on DAG:example_task_group
[2024-12-10T07:56:08.550+0000] {logging_mixin.py:190} INFO - [2024-12-10T07:56:08.550+0000] {override.py:1911} INFO - Created Permission View: can edit on DAG:example_task_group
[2024-12-10T07:56:08.560+0000] {logging_mixin.py:190} INFO - [2024-12-10T07:56:08.560+0000] {override.py:1911} INFO - Created Permission View: can delete on DAG:example_task_group
[2024-12-10T07:56:08.571+0000] {logging_mixin.py:190} INFO - [2024-12-10T07:56:08.571+0000] {override.py:1911} INFO - Created Permission View: can read on DAG Run:example_task_group
[2024-12-10T07:56:08.579+0000] {logging_mixin.py:190} INFO - [2024-12-10T07:56:08.579+0000] {override.py:1911} INFO - Created Permission View: menu access on DAG Run:example_task_group
[2024-12-10T07:56:08.589+0000] {logging_mixin.py:190} INFO - [2024-12-10T07:56:08.588+0000] {override.py:1911} INFO - Created Permission View: can delete on DAG Run:example_task_group
[2024-12-10T07:56:08.596+0000] {logging_mixin.py:190} INFO - [2024-12-10T07:56:08.596+0000] {override.py:1911} INFO - Created Permission View: can create on DAG Run:example_task_group
[2024-12-10T07:56:08.597+0000] {logging_mixin.py:190} INFO - [2024-12-10T07:56:08.597+0000] {dag.py:3239} INFO - Sync 1 DAGs
[2024-12-10T07:56:08.614+0000] {logging_mixin.py:190} INFO - [2024-12-10T07:56:08.614+0000] {dag.py:3262} INFO - Creating ORM DAG for example_task_group
[2024-12-10T07:56:08.615+0000] {logging_mixin.py:190} INFO - [2024-12-10T07:56:08.615+0000] {dag.py:4180} INFO - Setting next_dagrun for example_task_group to None, run_after=None
[2024-12-10T07:56:08.637+0000] {processor.py:208} INFO - Processing /home/airflow/.local/lib/python3.12/site-packages/airflow/example_dags/example_task_group.py took 0.274 seconds
[2024-12-10T07:56:39.051+0000] {processor.py:186} INFO - Started process (PID=166) to work on /home/airflow/.local/lib/python3.12/site-packages/airflow/example_dags/example_task_group.py
[2024-12-10T07:56:39.052+0000] {processor.py:914} INFO - Processing file /home/airflow/.local/lib/python3.12/site-packages/airflow/example_dags/example_task_group.py for tasks to queue
[2024-12-10T07:56:39.055+0000] {logging_mixin.py:190} INFO - [2024-12-10T07:56:39.054+0000] {dagbag.py:588} INFO - Filling up the DagBag from /home/airflow/.local/lib/python3.12/site-packages/airflow/example_dags/example_task_group.py
[2024-12-10T07:56:39.064+0000] {processor.py:925} INFO - DAG(s) 'example_task_group' retrieved from /home/airflow/.local/lib/python3.12/site-packages/airflow/example_dags/example_task_group.py
[2024-12-10T07:56:39.087+0000] {logging_mixin.py:190} INFO - [2024-12-10T07:56:39.087+0000] {dag.py:3239} INFO - Sync 1 DAGs
[2024-12-10T07:56:39.103+0000] {logging_mixin.py:190} INFO - [2024-12-10T07:56:39.103+0000] {dag.py:4180} INFO - Setting next_dagrun for example_task_group to None, run_after=None
[2024-12-10T07:56:39.123+0000] {processor.py:208} INFO - Processing /home/airflow/.local/lib/python3.12/site-packages/airflow/example_dags/example_task_group.py took 0.078 seconds
[2024-12-10T07:57:09.167+0000] {processor.py:186} INFO - Started process (PID=228) to work on /home/airflow/.local/lib/python3.12/site-packages/airflow/example_dags/example_task_group.py
[2024-12-10T07:57:09.169+0000] {processor.py:914} INFO - Processing file /home/airflow/.local/lib/python3.12/site-packages/airflow/example_dags/example_task_group.py for tasks to queue
[2024-12-10T07:57:09.171+0000] {logging_mixin.py:190} INFO - [2024-12-10T07:57:09.171+0000] {dagbag.py:588} INFO - Filling up the DagBag from /home/airflow/.local/lib/python3.12/site-packages/airflow/example_dags/example_task_group.py
[2024-12-10T07:57:09.180+0000] {processor.py:925} INFO - DAG(s) 'example_task_group' retrieved from /home/airflow/.local/lib/python3.12/site-packages/airflow/example_dags/example_task_group.py
[2024-12-10T07:57:09.201+0000] {logging_mixin.py:190} INFO - [2024-12-10T07:57:09.201+0000] {dag.py:3239} INFO - Sync 1 DAGs
[2024-12-10T07:57:09.216+0000] {logging_mixin.py:190} INFO - [2024-12-10T07:57:09.216+0000] {dag.py:4180} INFO - Setting next_dagrun for example_task_group to None, run_after=None
[2024-12-10T07:57:09.234+0000] {processor.py:208} INFO - Processing /home/airflow/.local/lib/python3.12/site-packages/airflow/example_dags/example_task_group.py took 0.073 seconds
[2024-12-10T07:57:40.609+0000] {processor.py:186} INFO - Started process (PID=292) to work on /home/airflow/.local/lib/python3.12/site-packages/airflow/example_dags/example_task_group.py
[2024-12-10T07:57:40.610+0000] {processor.py:914} INFO - Processing file /home/airflow/.local/lib/python3.12/site-packages/airflow/example_dags/example_task_group.py for tasks to queue
[2024-12-10T07:57:40.613+0000] {logging_mixin.py:190} INFO - [2024-12-10T07:57:40.613+0000] {dagbag.py:588} INFO - Filling up the DagBag from /home/airflow/.local/lib/python3.12/site-packages/airflow/example_dags/example_task_group.py
[2024-12-10T07:57:40.623+0000] {processor.py:925} INFO - DAG(s) 'example_task_group' retrieved from /home/airflow/.local/lib/python3.12/site-packages/airflow/example_dags/example_task_group.py
[2024-12-10T07:57:40.648+0000] {logging_mixin.py:190} INFO - [2024-12-10T07:57:40.648+0000] {dag.py:3239} INFO - Sync 1 DAGs
[2024-12-10T07:57:40.666+0000] {logging_mixin.py:190} INFO - [2024-12-10T07:57:40.665+0000] {dag.py:4180} INFO - Setting next_dagrun for example_task_group to None, run_after=None
[2024-12-10T07:57:40.688+0000] {processor.py:208} INFO - Processing /home/airflow/.local/lib/python3.12/site-packages/airflow/example_dags/example_task_group.py took 0.086 seconds
[2024-12-10T07:58:11.966+0000] {processor.py:186} INFO - Started process (PID=355) to work on /home/airflow/.local/lib/python3.12/site-packages/airflow/example_dags/example_task_group.py
[2024-12-10T07:58:11.968+0000] {processor.py:914} INFO - Processing file /home/airflow/.local/lib/python3.12/site-packages/airflow/example_dags/example_task_group.py for tasks to queue
[2024-12-10T07:58:11.972+0000] {logging_mixin.py:190} INFO - [2024-12-10T07:58:11.972+0000] {dagbag.py:588} INFO - Filling up the DagBag from /home/airflow/.local/lib/python3.12/site-packages/airflow/example_dags/example_task_group.py
[2024-12-10T07:58:11.987+0000] {processor.py:925} INFO - DAG(s) 'example_task_group' retrieved from /home/airflow/.local/lib/python3.12/site-packages/airflow/example_dags/example_task_group.py
[2024-12-10T07:58:12.024+0000] {logging_mixin.py:190} INFO - [2024-12-10T07:58:12.024+0000] {dag.py:3239} INFO - Sync 1 DAGs
[2024-12-10T07:58:12.048+0000] {logging_mixin.py:190} INFO - [2024-12-10T07:58:12.047+0000] {dag.py:4180} INFO - Setting next_dagrun for example_task_group to None, run_after=None
[2024-12-10T07:58:12.073+0000] {processor.py:208} INFO - Processing /home/airflow/.local/lib/python3.12/site-packages/airflow/example_dags/example_task_group.py took 0.122 seconds
[2024-12-10T07:58:43.122+0000] {processor.py:186} INFO - Started process (PID=418) to work on /home/airflow/.local/lib/python3.12/site-packages/airflow/example_dags/example_task_group.py
[2024-12-10T07:58:43.124+0000] {processor.py:914} INFO - Processing file /home/airflow/.local/lib/python3.12/site-packages/airflow/example_dags/example_task_group.py for tasks to queue
[2024-12-10T07:58:43.127+0000] {logging_mixin.py:190} INFO - [2024-12-10T07:58:43.127+0000] {dagbag.py:588} INFO - Filling up the DagBag from /home/airflow/.local/lib/python3.12/site-packages/airflow/example_dags/example_task_group.py
[2024-12-10T07:58:43.140+0000] {processor.py:925} INFO - DAG(s) 'example_task_group' retrieved from /home/airflow/.local/lib/python3.12/site-packages/airflow/example_dags/example_task_group.py
[2024-12-10T07:58:43.166+0000] {logging_mixin.py:190} INFO - [2024-12-10T07:58:43.166+0000] {dag.py:3239} INFO - Sync 1 DAGs
[2024-12-10T07:58:43.185+0000] {logging_mixin.py:190} INFO - [2024-12-10T07:58:43.185+0000] {dag.py:4180} INFO - Setting next_dagrun for example_task_group to None, run_after=None
[2024-12-10T07:58:43.206+0000] {processor.py:208} INFO - Processing /home/airflow/.local/lib/python3.12/site-packages/airflow/example_dags/example_task_group.py took 0.093 seconds
[2024-12-10T07:59:14.103+0000] {processor.py:186} INFO - Started process (PID=481) to work on /home/airflow/.local/lib/python3.12/site-packages/airflow/example_dags/example_task_group.py
[2024-12-10T07:59:14.104+0000] {processor.py:914} INFO - Processing file /home/airflow/.local/lib/python3.12/site-packages/airflow/example_dags/example_task_group.py for tasks to queue
[2024-12-10T07:59:14.107+0000] {logging_mixin.py:190} INFO - [2024-12-10T07:59:14.107+0000] {dagbag.py:588} INFO - Filling up the DagBag from /home/airflow/.local/lib/python3.12/site-packages/airflow/example_dags/example_task_group.py
[2024-12-10T07:59:14.120+0000] {processor.py:925} INFO - DAG(s) 'example_task_group' retrieved from /home/airflow/.local/lib/python3.12/site-packages/airflow/example_dags/example_task_group.py
[2024-12-10T07:59:14.151+0000] {logging_mixin.py:190} INFO - [2024-12-10T07:59:14.150+0000] {dag.py:3239} INFO - Sync 1 DAGs
[2024-12-10T07:59:14.170+0000] {logging_mixin.py:190} INFO - [2024-12-10T07:59:14.170+0000] {dag.py:4180} INFO - Setting next_dagrun for example_task_group to None, run_after=None
[2024-12-10T07:59:14.192+0000] {processor.py:208} INFO - Processing /home/airflow/.local/lib/python3.12/site-packages/airflow/example_dags/example_task_group.py took 0.098 seconds
[2024-12-10T07:59:45.254+0000] {processor.py:186} INFO - Started process (PID=544) to work on /home/airflow/.local/lib/python3.12/site-packages/airflow/example_dags/example_task_group.py
[2024-12-10T07:59:45.255+0000] {processor.py:914} INFO - Processing file /home/airflow/.local/lib/python3.12/site-packages/airflow/example_dags/example_task_group.py for tasks to queue
[2024-12-10T07:59:45.259+0000] {logging_mixin.py:190} INFO - [2024-12-10T07:59:45.259+0000] {dagbag.py:588} INFO - Filling up the DagBag from /home/airflow/.local/lib/python3.12/site-packages/airflow/example_dags/example_task_group.py
[2024-12-10T07:59:45.271+0000] {processor.py:925} INFO - DAG(s) 'example_task_group' retrieved from /home/airflow/.local/lib/python3.12/site-packages/airflow/example_dags/example_task_group.py
[2024-12-10T07:59:45.296+0000] {logging_mixin.py:190} INFO - [2024-12-10T07:59:45.296+0000] {dag.py:3239} INFO - Sync 1 DAGs
[2024-12-10T07:59:45.313+0000] {logging_mixin.py:190} INFO - [2024-12-10T07:59:45.313+0000] {dag.py:4180} INFO - Setting next_dagrun for example_task_group to None, run_after=None
[2024-12-10T07:59:45.336+0000] {processor.py:208} INFO - Processing /home/airflow/.local/lib/python3.12/site-packages/airflow/example_dags/example_task_group.py took 0.090 seconds
[2024-12-10T08:00:16.704+0000] {processor.py:186} INFO - Started process (PID=607) to work on /home/airflow/.local/lib/python3.12/site-packages/airflow/example_dags/example_task_group.py
[2024-12-10T08:00:16.706+0000] {processor.py:914} INFO - Processing file /home/airflow/.local/lib/python3.12/site-packages/airflow/example_dags/example_task_group.py for tasks to queue
[2024-12-10T08:00:16.709+0000] {logging_mixin.py:190} INFO - [2024-12-10T08:00:16.709+0000] {dagbag.py:588} INFO - Filling up the DagBag from /home/airflow/.local/lib/python3.12/site-packages/airflow/example_dags/example_task_group.py
[2024-12-10T08:00:16.722+0000] {processor.py:925} INFO - DAG(s) 'example_task_group' retrieved from /home/airflow/.local/lib/python3.12/site-packages/airflow/example_dags/example_task_group.py
[2024-12-10T08:00:16.765+0000] {logging_mixin.py:190} INFO - [2024-12-10T08:00:16.764+0000] {dag.py:3239} INFO - Sync 1 DAGs
[2024-12-10T08:00:16.791+0000] {logging_mixin.py:190} INFO - [2024-12-10T08:00:16.791+0000] {dag.py:4180} INFO - Setting next_dagrun for example_task_group to None, run_after=None
[2024-12-10T08:00:16.825+0000] {processor.py:208} INFO - Processing /home/airflow/.local/lib/python3.12/site-packages/airflow/example_dags/example_task_group.py took 0.132 seconds
[2024-12-10T08:00:48.444+0000] {processor.py:186} INFO - Started process (PID=670) to work on /home/airflow/.local/lib/python3.12/site-packages/airflow/example_dags/example_task_group.py
[2024-12-10T08:00:48.445+0000] {processor.py:914} INFO - Processing file /home/airflow/.local/lib/python3.12/site-packages/airflow/example_dags/example_task_group.py for tasks to queue
[2024-12-10T08:00:48.448+0000] {logging_mixin.py:190} INFO - [2024-12-10T08:00:48.448+0000] {dagbag.py:588} INFO - Filling up the DagBag from /home/airflow/.local/lib/python3.12/site-packages/airflow/example_dags/example_task_group.py
[2024-12-10T08:00:48.459+0000] {processor.py:925} INFO - DAG(s) 'example_task_group' retrieved from /home/airflow/.local/lib/python3.12/site-packages/airflow/example_dags/example_task_group.py
[2024-12-10T08:00:48.486+0000] {logging_mixin.py:190} INFO - [2024-12-10T08:00:48.486+0000] {dag.py:3239} INFO - Sync 1 DAGs
[2024-12-10T08:00:48.512+0000] {logging_mixin.py:190} INFO - [2024-12-10T08:00:48.511+0000] {dag.py:4180} INFO - Setting next_dagrun for example_task_group to None, run_after=None
[2024-12-10T08:00:48.534+0000] {processor.py:208} INFO - Processing /home/airflow/.local/lib/python3.12/site-packages/airflow/example_dags/example_task_group.py took 0.098 seconds
[2024-12-10T08:01:20.141+0000] {processor.py:186} INFO - Started process (PID=733) to work on /home/airflow/.local/lib/python3.12/site-packages/airflow/example_dags/example_task_group.py
[2024-12-10T08:01:20.142+0000] {processor.py:914} INFO - Processing file /home/airflow/.local/lib/python3.12/site-packages/airflow/example_dags/example_task_group.py for tasks to queue
[2024-12-10T08:01:20.146+0000] {logging_mixin.py:190} INFO - [2024-12-10T08:01:20.145+0000] {dagbag.py:588} INFO - Filling up the DagBag from /home/airflow/.local/lib/python3.12/site-packages/airflow/example_dags/example_task_group.py
[2024-12-10T08:01:20.159+0000] {processor.py:925} INFO - DAG(s) 'example_task_group' retrieved from /home/airflow/.local/lib/python3.12/site-packages/airflow/example_dags/example_task_group.py
[2024-12-10T08:01:20.195+0000] {logging_mixin.py:190} INFO - [2024-12-10T08:01:20.195+0000] {dag.py:3239} INFO - Sync 1 DAGs
[2024-12-10T08:01:20.216+0000] {logging_mixin.py:190} INFO - [2024-12-10T08:01:20.216+0000] {dag.py:4180} INFO - Setting next_dagrun for example_task_group to None, run_after=None
[2024-12-10T08:01:20.247+0000] {processor.py:208} INFO - Processing /home/airflow/.local/lib/python3.12/site-packages/airflow/example_dags/example_task_group.py took 0.115 seconds
[2024-12-10T08:01:51.031+0000] {processor.py:186} INFO - Started process (PID=796) to work on /home/airflow/.local/lib/python3.12/site-packages/airflow/example_dags/example_task_group.py
[2024-12-10T08:01:51.032+0000] {processor.py:914} INFO - Processing file /home/airflow/.local/lib/python3.12/site-packages/airflow/example_dags/example_task_group.py for tasks to queue
[2024-12-10T08:01:51.035+0000] {logging_mixin.py:190} INFO - [2024-12-10T08:01:51.035+0000] {dagbag.py:588} INFO - Filling up the DagBag from /home/airflow/.local/lib/python3.12/site-packages/airflow/example_dags/example_task_group.py
[2024-12-10T08:01:51.044+0000] {processor.py:925} INFO - DAG(s) 'example_task_group' retrieved from /home/airflow/.local/lib/python3.12/site-packages/airflow/example_dags/example_task_group.py
[2024-12-10T08:01:51.066+0000] {logging_mixin.py:190} INFO - [2024-12-10T08:01:51.066+0000] {dag.py:3239} INFO - Sync 1 DAGs
[2024-12-10T08:01:51.081+0000] {logging_mixin.py:190} INFO - [2024-12-10T08:01:51.081+0000] {dag.py:4180} INFO - Setting next_dagrun for example_task_group to None, run_after=None
[2024-12-10T08:01:51.101+0000] {processor.py:208} INFO - Processing /home/airflow/.local/lib/python3.12/site-packages/airflow/example_dags/example_task_group.py took 0.076 seconds
[2024-12-10T08:02:22.413+0000] {processor.py:186} INFO - Started process (PID=859) to work on /home/airflow/.local/lib/python3.12/site-packages/airflow/example_dags/example_task_group.py
[2024-12-10T08:02:22.414+0000] {processor.py:914} INFO - Processing file /home/airflow/.local/lib/python3.12/site-packages/airflow/example_dags/example_task_group.py for tasks to queue
[2024-12-10T08:02:22.419+0000] {logging_mixin.py:190} INFO - [2024-12-10T08:02:22.418+0000] {dagbag.py:588} INFO - Filling up the DagBag from /home/airflow/.local/lib/python3.12/site-packages/airflow/example_dags/example_task_group.py
[2024-12-10T08:02:22.431+0000] {processor.py:925} INFO - DAG(s) 'example_task_group' retrieved from /home/airflow/.local/lib/python3.12/site-packages/airflow/example_dags/example_task_group.py
[2024-12-10T08:02:22.463+0000] {logging_mixin.py:190} INFO - [2024-12-10T08:02:22.462+0000] {dag.py:3239} INFO - Sync 1 DAGs
[2024-12-10T08:02:22.510+0000] {logging_mixin.py:190} INFO - [2024-12-10T08:02:22.509+0000] {dag.py:4180} INFO - Setting next_dagrun for example_task_group to None, run_after=None
[2024-12-10T08:02:22.541+0000] {processor.py:208} INFO - Processing /home/airflow/.local/lib/python3.12/site-packages/airflow/example_dags/example_task_group.py took 0.136 seconds
[2024-12-10T08:02:54.088+0000] {processor.py:186} INFO - Started process (PID=922) to work on /home/airflow/.local/lib/python3.12/site-packages/airflow/example_dags/example_task_group.py
[2024-12-10T08:02:54.090+0000] {processor.py:914} INFO - Processing file /home/airflow/.local/lib/python3.12/site-packages/airflow/example_dags/example_task_group.py for tasks to queue
[2024-12-10T08:02:54.093+0000] {logging_mixin.py:190} INFO - [2024-12-10T08:02:54.092+0000] {dagbag.py:588} INFO - Filling up the DagBag from /home/airflow/.local/lib/python3.12/site-packages/airflow/example_dags/example_task_group.py
[2024-12-10T08:02:54.104+0000] {processor.py:925} INFO - DAG(s) 'example_task_group' retrieved from /home/airflow/.local/lib/python3.12/site-packages/airflow/example_dags/example_task_group.py
[2024-12-10T08:02:54.131+0000] {logging_mixin.py:190} INFO - [2024-12-10T08:02:54.131+0000] {dag.py:3239} INFO - Sync 1 DAGs
[2024-12-10T08:02:54.154+0000] {logging_mixin.py:190} INFO - [2024-12-10T08:02:54.154+0000] {dag.py:4180} INFO - Setting next_dagrun for example_task_group to None, run_after=None
[2024-12-10T08:02:54.177+0000] {processor.py:208} INFO - Processing /home/airflow/.local/lib/python3.12/site-packages/airflow/example_dags/example_task_group.py took 0.097 seconds
[2024-12-10T08:03:25.503+0000] {processor.py:186} INFO - Started process (PID=985) to work on /home/airflow/.local/lib/python3.12/site-packages/airflow/example_dags/example_task_group.py
[2024-12-10T08:03:25.504+0000] {processor.py:914} INFO - Processing file /home/airflow/.local/lib/python3.12/site-packages/airflow/example_dags/example_task_group.py for tasks to queue
[2024-12-10T08:03:25.507+0000] {logging_mixin.py:190} INFO - [2024-12-10T08:03:25.507+0000] {dagbag.py:588} INFO - Filling up the DagBag from /home/airflow/.local/lib/python3.12/site-packages/airflow/example_dags/example_task_group.py
[2024-12-10T08:03:25.516+0000] {processor.py:925} INFO - DAG(s) 'example_task_group' retrieved from /home/airflow/.local/lib/python3.12/site-packages/airflow/example_dags/example_task_group.py
[2024-12-10T08:03:25.538+0000] {logging_mixin.py:190} INFO - [2024-12-10T08:03:25.538+0000] {dag.py:3239} INFO - Sync 1 DAGs
[2024-12-10T08:03:25.552+0000] {logging_mixin.py:190} INFO - [2024-12-10T08:03:25.552+0000] {dag.py:4180} INFO - Setting next_dagrun for example_task_group to None, run_after=None
[2024-12-10T08:03:25.572+0000] {processor.py:208} INFO - Processing /home/airflow/.local/lib/python3.12/site-packages/airflow/example_dags/example_task_group.py took 0.074 seconds
[2024-12-10T08:03:56.456+0000] {processor.py:186} INFO - Started process (PID=1048) to work on /home/airflow/.local/lib/python3.12/site-packages/airflow/example_dags/example_task_group.py
[2024-12-10T08:03:56.458+0000] {processor.py:914} INFO - Processing file /home/airflow/.local/lib/python3.12/site-packages/airflow/example_dags/example_task_group.py for tasks to queue
[2024-12-10T08:03:56.460+0000] {logging_mixin.py:190} INFO - [2024-12-10T08:03:56.460+0000] {dagbag.py:588} INFO - Filling up the DagBag from /home/airflow/.local/lib/python3.12/site-packages/airflow/example_dags/example_task_group.py
[2024-12-10T08:03:56.472+0000] {processor.py:925} INFO - DAG(s) 'example_task_group' retrieved from /home/airflow/.local/lib/python3.12/site-packages/airflow/example_dags/example_task_group.py
[2024-12-10T08:03:56.499+0000] {logging_mixin.py:190} INFO - [2024-12-10T08:03:56.498+0000] {dag.py:3239} INFO - Sync 1 DAGs
[2024-12-10T08:03:56.517+0000] {logging_mixin.py:190} INFO - [2024-12-10T08:03:56.516+0000] {dag.py:4180} INFO - Setting next_dagrun for example_task_group to None, run_after=None
[2024-12-10T08:03:56.540+0000] {processor.py:208} INFO - Processing /home/airflow/.local/lib/python3.12/site-packages/airflow/example_dags/example_task_group.py took 0.091 seconds
[2024-12-10T08:04:28.285+0000] {processor.py:186} INFO - Started process (PID=1111) to work on /home/airflow/.local/lib/python3.12/site-packages/airflow/example_dags/example_task_group.py
[2024-12-10T08:04:28.286+0000] {processor.py:914} INFO - Processing file /home/airflow/.local/lib/python3.12/site-packages/airflow/example_dags/example_task_group.py for tasks to queue
[2024-12-10T08:04:28.290+0000] {logging_mixin.py:190} INFO - [2024-12-10T08:04:28.289+0000] {dagbag.py:588} INFO - Filling up the DagBag from /home/airflow/.local/lib/python3.12/site-packages/airflow/example_dags/example_task_group.py
[2024-12-10T08:04:28.305+0000] {processor.py:925} INFO - DAG(s) 'example_task_group' retrieved from /home/airflow/.local/lib/python3.12/site-packages/airflow/example_dags/example_task_group.py
[2024-12-10T08:04:28.337+0000] {logging_mixin.py:190} INFO - [2024-12-10T08:04:28.336+0000] {dag.py:3239} INFO - Sync 1 DAGs
[2024-12-10T08:04:28.359+0000] {logging_mixin.py:190} INFO - [2024-12-10T08:04:28.359+0000] {dag.py:4180} INFO - Setting next_dagrun for example_task_group to None, run_after=None
[2024-12-10T08:04:28.397+0000] {processor.py:208} INFO - Processing /home/airflow/.local/lib/python3.12/site-packages/airflow/example_dags/example_task_group.py took 0.124 seconds
[2024-12-10T08:04:58.746+0000] {processor.py:186} INFO - Started process (PID=1174) to work on /home/airflow/.local/lib/python3.12/site-packages/airflow/example_dags/example_task_group.py
[2024-12-10T08:04:58.747+0000] {processor.py:914} INFO - Processing file /home/airflow/.local/lib/python3.12/site-packages/airflow/example_dags/example_task_group.py for tasks to queue
[2024-12-10T08:04:58.749+0000] {logging_mixin.py:190} INFO - [2024-12-10T08:04:58.749+0000] {dagbag.py:588} INFO - Filling up the DagBag from /home/airflow/.local/lib/python3.12/site-packages/airflow/example_dags/example_task_group.py
[2024-12-10T08:04:58.758+0000] {processor.py:925} INFO - DAG(s) 'example_task_group' retrieved from /home/airflow/.local/lib/python3.12/site-packages/airflow/example_dags/example_task_group.py
[2024-12-10T08:04:58.780+0000] {logging_mixin.py:190} INFO - [2024-12-10T08:04:58.780+0000] {dag.py:3239} INFO - Sync 1 DAGs
[2024-12-10T08:04:58.794+0000] {logging_mixin.py:190} INFO - [2024-12-10T08:04:58.794+0000] {dag.py:4180} INFO - Setting next_dagrun for example_task_group to None, run_after=None
[2024-12-10T08:04:58.812+0000] {processor.py:208} INFO - Processing /home/airflow/.local/lib/python3.12/site-packages/airflow/example_dags/example_task_group.py took 0.073 seconds
[2024-12-10T08:05:29.849+0000] {processor.py:186} INFO - Started process (PID=1237) to work on /home/airflow/.local/lib/python3.12/site-packages/airflow/example_dags/example_task_group.py
[2024-12-10T08:05:29.851+0000] {processor.py:914} INFO - Processing file /home/airflow/.local/lib/python3.12/site-packages/airflow/example_dags/example_task_group.py for tasks to queue
[2024-12-10T08:05:29.853+0000] {logging_mixin.py:190} INFO - [2024-12-10T08:05:29.853+0000] {dagbag.py:588} INFO - Filling up the DagBag from /home/airflow/.local/lib/python3.12/site-packages/airflow/example_dags/example_task_group.py
[2024-12-10T08:05:29.863+0000] {processor.py:925} INFO - DAG(s) 'example_task_group' retrieved from /home/airflow/.local/lib/python3.12/site-packages/airflow/example_dags/example_task_group.py
[2024-12-10T08:05:29.886+0000] {logging_mixin.py:190} INFO - [2024-12-10T08:05:29.885+0000] {dag.py:3239} INFO - Sync 1 DAGs
[2024-12-10T08:05:29.901+0000] {logging_mixin.py:190} INFO - [2024-12-10T08:05:29.901+0000] {dag.py:4180} INFO - Setting next_dagrun for example_task_group to None, run_after=None
[2024-12-10T08:05:29.925+0000] {processor.py:208} INFO - Processing /home/airflow/.local/lib/python3.12/site-packages/airflow/example_dags/example_task_group.py took 0.082 seconds
[2024-12-10T08:06:00.934+0000] {processor.py:186} INFO - Started process (PID=1300) to work on /home/airflow/.local/lib/python3.12/site-packages/airflow/example_dags/example_task_group.py
[2024-12-10T08:06:00.935+0000] {processor.py:914} INFO - Processing file /home/airflow/.local/lib/python3.12/site-packages/airflow/example_dags/example_task_group.py for tasks to queue
[2024-12-10T08:06:00.938+0000] {logging_mixin.py:190} INFO - [2024-12-10T08:06:00.937+0000] {dagbag.py:588} INFO - Filling up the DagBag from /home/airflow/.local/lib/python3.12/site-packages/airflow/example_dags/example_task_group.py
[2024-12-10T08:06:00.948+0000] {processor.py:925} INFO - DAG(s) 'example_task_group' retrieved from /home/airflow/.local/lib/python3.12/site-packages/airflow/example_dags/example_task_group.py
[2024-12-10T08:06:00.972+0000] {logging_mixin.py:190} INFO - [2024-12-10T08:06:00.972+0000] {dag.py:3239} INFO - Sync 1 DAGs
[2024-12-10T08:06:00.988+0000] {logging_mixin.py:190} INFO - [2024-12-10T08:06:00.987+0000] {dag.py:4180} INFO - Setting next_dagrun for example_task_group to None, run_after=None
[2024-12-10T08:06:01.008+0000] {processor.py:208} INFO - Processing /home/airflow/.local/lib/python3.12/site-packages/airflow/example_dags/example_task_group.py took 0.081 seconds
[2024-12-10T08:06:32.522+0000] {processor.py:186} INFO - Started process (PID=1363) to work on /home/airflow/.local/lib/python3.12/site-packages/airflow/example_dags/example_task_group.py
[2024-12-10T08:06:32.523+0000] {processor.py:914} INFO - Processing file /home/airflow/.local/lib/python3.12/site-packages/airflow/example_dags/example_task_group.py for tasks to queue
[2024-12-10T08:06:32.527+0000] {logging_mixin.py:190} INFO - [2024-12-10T08:06:32.526+0000] {dagbag.py:588} INFO - Filling up the DagBag from /home/airflow/.local/lib/python3.12/site-packages/airflow/example_dags/example_task_group.py
[2024-12-10T08:06:32.538+0000] {processor.py:925} INFO - DAG(s) 'example_task_group' retrieved from /home/airflow/.local/lib/python3.12/site-packages/airflow/example_dags/example_task_group.py
[2024-12-10T08:06:32.569+0000] {logging_mixin.py:190} INFO - [2024-12-10T08:06:32.568+0000] {dag.py:3239} INFO - Sync 1 DAGs
[2024-12-10T08:06:32.596+0000] {logging_mixin.py:190} INFO - [2024-12-10T08:06:32.595+0000] {dag.py:4180} INFO - Setting next_dagrun for example_task_group to None, run_after=None
[2024-12-10T08:06:32.632+0000] {processor.py:208} INFO - Processing /home/airflow/.local/lib/python3.12/site-packages/airflow/example_dags/example_task_group.py took 0.118 seconds
[2024-12-10T08:08:29.674+0000] {processor.py:186} INFO - Started process (PID=103) to work on /home/airflow/.local/lib/python3.12/site-packages/airflow/example_dags/example_task_group.py
[2024-12-10T08:08:29.676+0000] {processor.py:914} INFO - Processing file /home/airflow/.local/lib/python3.12/site-packages/airflow/example_dags/example_task_group.py for tasks to queue
[2024-12-10T08:08:29.680+0000] {logging_mixin.py:190} INFO - [2024-12-10T08:08:29.679+0000] {dagbag.py:588} INFO - Filling up the DagBag from /home/airflow/.local/lib/python3.12/site-packages/airflow/example_dags/example_task_group.py
[2024-12-10T08:08:29.695+0000] {processor.py:925} INFO - DAG(s) 'example_task_group' retrieved from /home/airflow/.local/lib/python3.12/site-packages/airflow/example_dags/example_task_group.py
[2024-12-10T08:08:29.722+0000] {logging_mixin.py:190} INFO - [2024-12-10T08:08:29.722+0000] {dag.py:3239} INFO - Sync 1 DAGs
[2024-12-10T08:08:29.740+0000] {logging_mixin.py:190} INFO - [2024-12-10T08:08:29.740+0000] {dag.py:4180} INFO - Setting next_dagrun for example_task_group to None, run_after=None
[2024-12-10T08:08:29.766+0000] {processor.py:208} INFO - Processing /home/airflow/.local/lib/python3.12/site-packages/airflow/example_dags/example_task_group.py took 0.100 seconds
[2024-12-10T08:09:00.492+0000] {processor.py:186} INFO - Started process (PID=166) to work on /home/airflow/.local/lib/python3.12/site-packages/airflow/example_dags/example_task_group.py
[2024-12-10T08:09:00.493+0000] {processor.py:914} INFO - Processing file /home/airflow/.local/lib/python3.12/site-packages/airflow/example_dags/example_task_group.py for tasks to queue
[2024-12-10T08:09:00.496+0000] {logging_mixin.py:190} INFO - [2024-12-10T08:09:00.496+0000] {dagbag.py:588} INFO - Filling up the DagBag from /home/airflow/.local/lib/python3.12/site-packages/airflow/example_dags/example_task_group.py
[2024-12-10T08:09:00.507+0000] {processor.py:925} INFO - DAG(s) 'example_task_group' retrieved from /home/airflow/.local/lib/python3.12/site-packages/airflow/example_dags/example_task_group.py
[2024-12-10T08:09:00.535+0000] {logging_mixin.py:190} INFO - [2024-12-10T08:09:00.535+0000] {dag.py:3239} INFO - Sync 1 DAGs
[2024-12-10T08:09:00.554+0000] {logging_mixin.py:190} INFO - [2024-12-10T08:09:00.554+0000] {dag.py:4180} INFO - Setting next_dagrun for example_task_group to None, run_after=None
[2024-12-10T08:09:00.579+0000] {processor.py:208} INFO - Processing /home/airflow/.local/lib/python3.12/site-packages/airflow/example_dags/example_task_group.py took 0.094 seconds
[2024-12-10T08:09:31.001+0000] {processor.py:186} INFO - Started process (PID=229) to work on /home/airflow/.local/lib/python3.12/site-packages/airflow/example_dags/example_task_group.py
[2024-12-10T08:09:31.002+0000] {processor.py:914} INFO - Processing file /home/airflow/.local/lib/python3.12/site-packages/airflow/example_dags/example_task_group.py for tasks to queue
[2024-12-10T08:09:31.005+0000] {logging_mixin.py:190} INFO - [2024-12-10T08:09:31.005+0000] {dagbag.py:588} INFO - Filling up the DagBag from /home/airflow/.local/lib/python3.12/site-packages/airflow/example_dags/example_task_group.py
[2024-12-10T08:09:31.024+0000] {processor.py:925} INFO - DAG(s) 'example_task_group' retrieved from /home/airflow/.local/lib/python3.12/site-packages/airflow/example_dags/example_task_group.py
[2024-12-10T08:09:31.052+0000] {logging_mixin.py:190} INFO - [2024-12-10T08:09:31.052+0000] {dag.py:3239} INFO - Sync 1 DAGs
[2024-12-10T08:09:31.082+0000] {logging_mixin.py:190} INFO - [2024-12-10T08:09:31.081+0000] {dag.py:4180} INFO - Setting next_dagrun for example_task_group to None, run_after=None
[2024-12-10T08:09:31.105+0000] {processor.py:208} INFO - Processing /home/airflow/.local/lib/python3.12/site-packages/airflow/example_dags/example_task_group.py took 0.114 seconds
[2024-12-10T08:10:02.671+0000] {processor.py:186} INFO - Started process (PID=292) to work on /home/airflow/.local/lib/python3.12/site-packages/airflow/example_dags/example_task_group.py
[2024-12-10T08:10:02.673+0000] {processor.py:914} INFO - Processing file /home/airflow/.local/lib/python3.12/site-packages/airflow/example_dags/example_task_group.py for tasks to queue
[2024-12-10T08:10:02.676+0000] {logging_mixin.py:190} INFO - [2024-12-10T08:10:02.675+0000] {dagbag.py:588} INFO - Filling up the DagBag from /home/airflow/.local/lib/python3.12/site-packages/airflow/example_dags/example_task_group.py
[2024-12-10T08:10:02.686+0000] {processor.py:925} INFO - DAG(s) 'example_task_group' retrieved from /home/airflow/.local/lib/python3.12/site-packages/airflow/example_dags/example_task_group.py
[2024-12-10T08:10:02.711+0000] {logging_mixin.py:190} INFO - [2024-12-10T08:10:02.711+0000] {dag.py:3239} INFO - Sync 1 DAGs
[2024-12-10T08:10:02.732+0000] {logging_mixin.py:190} INFO - [2024-12-10T08:10:02.732+0000] {dag.py:4180} INFO - Setting next_dagrun for example_task_group to None, run_after=None
[2024-12-10T08:10:02.751+0000] {processor.py:208} INFO - Processing /home/airflow/.local/lib/python3.12/site-packages/airflow/example_dags/example_task_group.py took 0.087 seconds
[2024-12-10T08:10:34.126+0000] {processor.py:186} INFO - Started process (PID=355) to work on /home/airflow/.local/lib/python3.12/site-packages/airflow/example_dags/example_task_group.py
[2024-12-10T08:10:34.128+0000] {processor.py:914} INFO - Processing file /home/airflow/.local/lib/python3.12/site-packages/airflow/example_dags/example_task_group.py for tasks to queue
[2024-12-10T08:10:34.131+0000] {logging_mixin.py:190} INFO - [2024-12-10T08:10:34.130+0000] {dagbag.py:588} INFO - Filling up the DagBag from /home/airflow/.local/lib/python3.12/site-packages/airflow/example_dags/example_task_group.py
[2024-12-10T08:10:34.143+0000] {processor.py:925} INFO - DAG(s) 'example_task_group' retrieved from /home/airflow/.local/lib/python3.12/site-packages/airflow/example_dags/example_task_group.py
[2024-12-10T08:10:34.170+0000] {logging_mixin.py:190} INFO - [2024-12-10T08:10:34.170+0000] {dag.py:3239} INFO - Sync 1 DAGs
[2024-12-10T08:10:34.191+0000] {logging_mixin.py:190} INFO - [2024-12-10T08:10:34.191+0000] {dag.py:4180} INFO - Setting next_dagrun for example_task_group to None, run_after=None
[2024-12-10T08:10:34.213+0000] {processor.py:208} INFO - Processing /home/airflow/.local/lib/python3.12/site-packages/airflow/example_dags/example_task_group.py took 0.095 seconds
[2024-12-10T08:11:06.158+0000] {processor.py:186} INFO - Started process (PID=418) to work on /home/airflow/.local/lib/python3.12/site-packages/airflow/example_dags/example_task_group.py
[2024-12-10T08:11:06.159+0000] {processor.py:914} INFO - Processing file /home/airflow/.local/lib/python3.12/site-packages/airflow/example_dags/example_task_group.py for tasks to queue
[2024-12-10T08:11:06.162+0000] {logging_mixin.py:190} INFO - [2024-12-10T08:11:06.161+0000] {dagbag.py:588} INFO - Filling up the DagBag from /home/airflow/.local/lib/python3.12/site-packages/airflow/example_dags/example_task_group.py
[2024-12-10T08:11:06.172+0000] {processor.py:925} INFO - DAG(s) 'example_task_group' retrieved from /home/airflow/.local/lib/python3.12/site-packages/airflow/example_dags/example_task_group.py
[2024-12-10T08:11:06.197+0000] {logging_mixin.py:190} INFO - [2024-12-10T08:11:06.197+0000] {dag.py:3239} INFO - Sync 1 DAGs
[2024-12-10T08:11:06.215+0000] {logging_mixin.py:190} INFO - [2024-12-10T08:11:06.215+0000] {dag.py:4180} INFO - Setting next_dagrun for example_task_group to None, run_after=None
[2024-12-10T08:11:06.236+0000] {processor.py:208} INFO - Processing /home/airflow/.local/lib/python3.12/site-packages/airflow/example_dags/example_task_group.py took 0.085 seconds
[2024-12-10T08:11:37.604+0000] {processor.py:186} INFO - Started process (PID=481) to work on /home/airflow/.local/lib/python3.12/site-packages/airflow/example_dags/example_task_group.py
[2024-12-10T08:11:37.605+0000] {processor.py:914} INFO - Processing file /home/airflow/.local/lib/python3.12/site-packages/airflow/example_dags/example_task_group.py for tasks to queue
[2024-12-10T08:11:37.608+0000] {logging_mixin.py:190} INFO - [2024-12-10T08:11:37.608+0000] {dagbag.py:588} INFO - Filling up the DagBag from /home/airflow/.local/lib/python3.12/site-packages/airflow/example_dags/example_task_group.py
[2024-12-10T08:11:37.624+0000] {processor.py:925} INFO - DAG(s) 'example_task_group' retrieved from /home/airflow/.local/lib/python3.12/site-packages/airflow/example_dags/example_task_group.py
[2024-12-10T08:11:37.653+0000] {logging_mixin.py:190} INFO - [2024-12-10T08:11:37.653+0000] {dag.py:3239} INFO - Sync 1 DAGs
[2024-12-10T08:11:37.674+0000] {logging_mixin.py:190} INFO - [2024-12-10T08:11:37.674+0000] {dag.py:4180} INFO - Setting next_dagrun for example_task_group to None, run_after=None
[2024-12-10T08:11:37.702+0000] {processor.py:208} INFO - Processing /home/airflow/.local/lib/python3.12/site-packages/airflow/example_dags/example_task_group.py took 0.106 seconds
[2024-12-10T08:12:08.307+0000] {processor.py:186} INFO - Started process (PID=544) to work on /home/airflow/.local/lib/python3.12/site-packages/airflow/example_dags/example_task_group.py
[2024-12-10T08:12:08.308+0000] {processor.py:914} INFO - Processing file /home/airflow/.local/lib/python3.12/site-packages/airflow/example_dags/example_task_group.py for tasks to queue
[2024-12-10T08:12:08.311+0000] {logging_mixin.py:190} INFO - [2024-12-10T08:12:08.311+0000] {dagbag.py:588} INFO - Filling up the DagBag from /home/airflow/.local/lib/python3.12/site-packages/airflow/example_dags/example_task_group.py
[2024-12-10T08:12:08.322+0000] {processor.py:925} INFO - DAG(s) 'example_task_group' retrieved from /home/airflow/.local/lib/python3.12/site-packages/airflow/example_dags/example_task_group.py
[2024-12-10T08:12:08.348+0000] {logging_mixin.py:190} INFO - [2024-12-10T08:12:08.348+0000] {dag.py:3239} INFO - Sync 1 DAGs
[2024-12-10T08:12:08.366+0000] {logging_mixin.py:190} INFO - [2024-12-10T08:12:08.366+0000] {dag.py:4180} INFO - Setting next_dagrun for example_task_group to None, run_after=None
[2024-12-10T08:12:08.389+0000] {processor.py:208} INFO - Processing /home/airflow/.local/lib/python3.12/site-packages/airflow/example_dags/example_task_group.py took 0.089 seconds
[2024-12-10T08:12:39.487+0000] {processor.py:186} INFO - Started process (PID=607) to work on /home/airflow/.local/lib/python3.12/site-packages/airflow/example_dags/example_task_group.py
[2024-12-10T08:12:39.488+0000] {processor.py:914} INFO - Processing file /home/airflow/.local/lib/python3.12/site-packages/airflow/example_dags/example_task_group.py for tasks to queue
[2024-12-10T08:12:39.490+0000] {logging_mixin.py:190} INFO - [2024-12-10T08:12:39.490+0000] {dagbag.py:588} INFO - Filling up the DagBag from /home/airflow/.local/lib/python3.12/site-packages/airflow/example_dags/example_task_group.py
[2024-12-10T08:12:39.499+0000] {processor.py:925} INFO - DAG(s) 'example_task_group' retrieved from /home/airflow/.local/lib/python3.12/site-packages/airflow/example_dags/example_task_group.py
[2024-12-10T08:12:39.523+0000] {logging_mixin.py:190} INFO - [2024-12-10T08:12:39.523+0000] {dag.py:3239} INFO - Sync 1 DAGs
[2024-12-10T08:12:39.541+0000] {logging_mixin.py:190} INFO - [2024-12-10T08:12:39.541+0000] {dag.py:4180} INFO - Setting next_dagrun for example_task_group to None, run_after=None
[2024-12-10T08:12:39.564+0000] {processor.py:208} INFO - Processing /home/airflow/.local/lib/python3.12/site-packages/airflow/example_dags/example_task_group.py took 0.084 seconds
[2024-12-10T08:13:10.676+0000] {processor.py:186} INFO - Started process (PID=670) to work on /home/airflow/.local/lib/python3.12/site-packages/airflow/example_dags/example_task_group.py
[2024-12-10T08:13:10.677+0000] {processor.py:914} INFO - Processing file /home/airflow/.local/lib/python3.12/site-packages/airflow/example_dags/example_task_group.py for tasks to queue
[2024-12-10T08:13:10.680+0000] {logging_mixin.py:190} INFO - [2024-12-10T08:13:10.680+0000] {dagbag.py:588} INFO - Filling up the DagBag from /home/airflow/.local/lib/python3.12/site-packages/airflow/example_dags/example_task_group.py
[2024-12-10T08:13:10.693+0000] {processor.py:925} INFO - DAG(s) 'example_task_group' retrieved from /home/airflow/.local/lib/python3.12/site-packages/airflow/example_dags/example_task_group.py
[2024-12-10T08:13:10.719+0000] {logging_mixin.py:190} INFO - [2024-12-10T08:13:10.719+0000] {dag.py:3239} INFO - Sync 1 DAGs
[2024-12-10T08:13:10.738+0000] {logging_mixin.py:190} INFO - [2024-12-10T08:13:10.737+0000] {dag.py:4180} INFO - Setting next_dagrun for example_task_group to None, run_after=None
[2024-12-10T08:13:10.766+0000] {processor.py:208} INFO - Processing /home/airflow/.local/lib/python3.12/site-packages/airflow/example_dags/example_task_group.py took 0.097 seconds
[2024-12-10T08:13:42.541+0000] {processor.py:186} INFO - Started process (PID=733) to work on /home/airflow/.local/lib/python3.12/site-packages/airflow/example_dags/example_task_group.py
[2024-12-10T08:13:42.543+0000] {processor.py:914} INFO - Processing file /home/airflow/.local/lib/python3.12/site-packages/airflow/example_dags/example_task_group.py for tasks to queue
[2024-12-10T08:13:42.546+0000] {logging_mixin.py:190} INFO - [2024-12-10T08:13:42.545+0000] {dagbag.py:588} INFO - Filling up the DagBag from /home/airflow/.local/lib/python3.12/site-packages/airflow/example_dags/example_task_group.py
[2024-12-10T08:13:42.558+0000] {processor.py:925} INFO - DAG(s) 'example_task_group' retrieved from /home/airflow/.local/lib/python3.12/site-packages/airflow/example_dags/example_task_group.py
[2024-12-10T08:13:42.585+0000] {logging_mixin.py:190} INFO - [2024-12-10T08:13:42.585+0000] {dag.py:3239} INFO - Sync 1 DAGs
[2024-12-10T08:13:42.604+0000] {logging_mixin.py:190} INFO - [2024-12-10T08:13:42.604+0000] {dag.py:4180} INFO - Setting next_dagrun for example_task_group to None, run_after=None
[2024-12-10T08:13:42.629+0000] {processor.py:208} INFO - Processing /home/airflow/.local/lib/python3.12/site-packages/airflow/example_dags/example_task_group.py took 0.095 seconds
[2024-12-10T08:14:13.670+0000] {processor.py:186} INFO - Started process (PID=796) to work on /home/airflow/.local/lib/python3.12/site-packages/airflow/example_dags/example_task_group.py
[2024-12-10T08:14:13.673+0000] {processor.py:914} INFO - Processing file /home/airflow/.local/lib/python3.12/site-packages/airflow/example_dags/example_task_group.py for tasks to queue
[2024-12-10T08:14:13.681+0000] {logging_mixin.py:190} INFO - [2024-12-10T08:14:13.681+0000] {dagbag.py:588} INFO - Filling up the DagBag from /home/airflow/.local/lib/python3.12/site-packages/airflow/example_dags/example_task_group.py
[2024-12-10T08:14:13.716+0000] {processor.py:925} INFO - DAG(s) 'example_task_group' retrieved from /home/airflow/.local/lib/python3.12/site-packages/airflow/example_dags/example_task_group.py
[2024-12-10T08:14:13.769+0000] {logging_mixin.py:190} INFO - [2024-12-10T08:14:13.768+0000] {dag.py:3239} INFO - Sync 1 DAGs
[2024-12-10T08:14:13.804+0000] {logging_mixin.py:190} INFO - [2024-12-10T08:14:13.803+0000] {dag.py:4180} INFO - Setting next_dagrun for example_task_group to None, run_after=None
[2024-12-10T08:14:13.841+0000] {processor.py:208} INFO - Processing /home/airflow/.local/lib/python3.12/site-packages/airflow/example_dags/example_task_group.py took 0.184 seconds
[2024-12-10T08:15:34.952+0000] {processor.py:186} INFO - Started process (PID=103) to work on /home/airflow/.local/lib/python3.12/site-packages/airflow/example_dags/example_task_group.py
[2024-12-10T08:15:34.954+0000] {processor.py:914} INFO - Processing file /home/airflow/.local/lib/python3.12/site-packages/airflow/example_dags/example_task_group.py for tasks to queue
[2024-12-10T08:15:34.957+0000] {logging_mixin.py:190} INFO - [2024-12-10T08:15:34.957+0000] {dagbag.py:588} INFO - Filling up the DagBag from /home/airflow/.local/lib/python3.12/site-packages/airflow/example_dags/example_task_group.py
[2024-12-10T08:15:34.972+0000] {processor.py:925} INFO - DAG(s) 'example_task_group' retrieved from /home/airflow/.local/lib/python3.12/site-packages/airflow/example_dags/example_task_group.py
[2024-12-10T08:15:35.000+0000] {logging_mixin.py:190} INFO - [2024-12-10T08:15:34.999+0000] {dag.py:3239} INFO - Sync 1 DAGs
[2024-12-10T08:15:35.017+0000] {logging_mixin.py:190} INFO - [2024-12-10T08:15:35.016+0000] {dag.py:4180} INFO - Setting next_dagrun for example_task_group to None, run_after=None
[2024-12-10T08:15:35.038+0000] {processor.py:208} INFO - Processing /home/airflow/.local/lib/python3.12/site-packages/airflow/example_dags/example_task_group.py took 0.092 seconds
[2024-12-10T08:16:06.273+0000] {processor.py:186} INFO - Started process (PID=166) to work on /home/airflow/.local/lib/python3.12/site-packages/airflow/example_dags/example_task_group.py
[2024-12-10T08:16:06.274+0000] {processor.py:914} INFO - Processing file /home/airflow/.local/lib/python3.12/site-packages/airflow/example_dags/example_task_group.py for tasks to queue
[2024-12-10T08:16:06.277+0000] {logging_mixin.py:190} INFO - [2024-12-10T08:16:06.277+0000] {dagbag.py:588} INFO - Filling up the DagBag from /home/airflow/.local/lib/python3.12/site-packages/airflow/example_dags/example_task_group.py
[2024-12-10T08:16:06.287+0000] {processor.py:925} INFO - DAG(s) 'example_task_group' retrieved from /home/airflow/.local/lib/python3.12/site-packages/airflow/example_dags/example_task_group.py
[2024-12-10T08:16:06.321+0000] {logging_mixin.py:190} INFO - [2024-12-10T08:16:06.321+0000] {dag.py:3239} INFO - Sync 1 DAGs
[2024-12-10T08:16:06.341+0000] {logging_mixin.py:190} INFO - [2024-12-10T08:16:06.341+0000] {dag.py:4180} INFO - Setting next_dagrun for example_task_group to None, run_after=None
[2024-12-10T08:16:06.365+0000] {processor.py:208} INFO - Processing /home/airflow/.local/lib/python3.12/site-packages/airflow/example_dags/example_task_group.py took 0.098 seconds
[2024-12-10T08:16:37.030+0000] {processor.py:186} INFO - Started process (PID=229) to work on /home/airflow/.local/lib/python3.12/site-packages/airflow/example_dags/example_task_group.py
[2024-12-10T08:16:37.032+0000] {processor.py:914} INFO - Processing file /home/airflow/.local/lib/python3.12/site-packages/airflow/example_dags/example_task_group.py for tasks to queue
[2024-12-10T08:16:37.035+0000] {logging_mixin.py:190} INFO - [2024-12-10T08:16:37.034+0000] {dagbag.py:588} INFO - Filling up the DagBag from /home/airflow/.local/lib/python3.12/site-packages/airflow/example_dags/example_task_group.py
[2024-12-10T08:16:37.047+0000] {processor.py:925} INFO - DAG(s) 'example_task_group' retrieved from /home/airflow/.local/lib/python3.12/site-packages/airflow/example_dags/example_task_group.py
[2024-12-10T08:16:37.076+0000] {logging_mixin.py:190} INFO - [2024-12-10T08:16:37.076+0000] {dag.py:3239} INFO - Sync 1 DAGs
[2024-12-10T08:16:37.114+0000] {logging_mixin.py:190} INFO - [2024-12-10T08:16:37.114+0000] {dag.py:4180} INFO - Setting next_dagrun for example_task_group to None, run_after=None
[2024-12-10T08:16:37.170+0000] {processor.py:208} INFO - Processing /home/airflow/.local/lib/python3.12/site-packages/airflow/example_dags/example_task_group.py took 0.148 seconds
[2024-12-10T08:17:08.448+0000] {processor.py:186} INFO - Started process (PID=292) to work on /home/airflow/.local/lib/python3.12/site-packages/airflow/example_dags/example_task_group.py
[2024-12-10T08:17:08.449+0000] {processor.py:914} INFO - Processing file /home/airflow/.local/lib/python3.12/site-packages/airflow/example_dags/example_task_group.py for tasks to queue
[2024-12-10T08:17:08.452+0000] {logging_mixin.py:190} INFO - [2024-12-10T08:17:08.451+0000] {dagbag.py:588} INFO - Filling up the DagBag from /home/airflow/.local/lib/python3.12/site-packages/airflow/example_dags/example_task_group.py
[2024-12-10T08:17:08.462+0000] {processor.py:925} INFO - DAG(s) 'example_task_group' retrieved from /home/airflow/.local/lib/python3.12/site-packages/airflow/example_dags/example_task_group.py
[2024-12-10T08:17:08.489+0000] {logging_mixin.py:190} INFO - [2024-12-10T08:17:08.489+0000] {dag.py:3239} INFO - Sync 1 DAGs
[2024-12-10T08:17:08.514+0000] {logging_mixin.py:190} INFO - [2024-12-10T08:17:08.513+0000] {dag.py:4180} INFO - Setting next_dagrun for example_task_group to None, run_after=None
[2024-12-10T08:17:08.553+0000] {processor.py:208} INFO - Processing /home/airflow/.local/lib/python3.12/site-packages/airflow/example_dags/example_task_group.py took 0.112 seconds
[2024-12-10T08:17:40.011+0000] {processor.py:186} INFO - Started process (PID=355) to work on /home/airflow/.local/lib/python3.12/site-packages/airflow/example_dags/example_task_group.py
[2024-12-10T08:17:40.012+0000] {processor.py:914} INFO - Processing file /home/airflow/.local/lib/python3.12/site-packages/airflow/example_dags/example_task_group.py for tasks to queue
[2024-12-10T08:17:40.015+0000] {logging_mixin.py:190} INFO - [2024-12-10T08:17:40.015+0000] {dagbag.py:588} INFO - Filling up the DagBag from /home/airflow/.local/lib/python3.12/site-packages/airflow/example_dags/example_task_group.py
[2024-12-10T08:17:40.024+0000] {processor.py:925} INFO - DAG(s) 'example_task_group' retrieved from /home/airflow/.local/lib/python3.12/site-packages/airflow/example_dags/example_task_group.py
[2024-12-10T08:17:40.045+0000] {logging_mixin.py:190} INFO - [2024-12-10T08:17:40.045+0000] {dag.py:3239} INFO - Sync 1 DAGs
[2024-12-10T08:17:40.061+0000] {logging_mixin.py:190} INFO - [2024-12-10T08:17:40.060+0000] {dag.py:4180} INFO - Setting next_dagrun for example_task_group to None, run_after=None
[2024-12-10T08:17:40.081+0000] {processor.py:208} INFO - Processing /home/airflow/.local/lib/python3.12/site-packages/airflow/example_dags/example_task_group.py took 0.075 seconds
[2024-12-10T08:18:11.279+0000] {processor.py:186} INFO - Started process (PID=418) to work on /home/airflow/.local/lib/python3.12/site-packages/airflow/example_dags/example_task_group.py
[2024-12-10T08:18:11.280+0000] {processor.py:914} INFO - Processing file /home/airflow/.local/lib/python3.12/site-packages/airflow/example_dags/example_task_group.py for tasks to queue
[2024-12-10T08:18:11.283+0000] {logging_mixin.py:190} INFO - [2024-12-10T08:18:11.283+0000] {dagbag.py:588} INFO - Filling up the DagBag from /home/airflow/.local/lib/python3.12/site-packages/airflow/example_dags/example_task_group.py
[2024-12-10T08:18:11.293+0000] {processor.py:925} INFO - DAG(s) 'example_task_group' retrieved from /home/airflow/.local/lib/python3.12/site-packages/airflow/example_dags/example_task_group.py
[2024-12-10T08:18:11.318+0000] {logging_mixin.py:190} INFO - [2024-12-10T08:18:11.318+0000] {dag.py:3239} INFO - Sync 1 DAGs
[2024-12-10T08:18:11.335+0000] {logging_mixin.py:190} INFO - [2024-12-10T08:18:11.335+0000] {dag.py:4180} INFO - Setting next_dagrun for example_task_group to None, run_after=None
[2024-12-10T08:18:11.358+0000] {processor.py:208} INFO - Processing /home/airflow/.local/lib/python3.12/site-packages/airflow/example_dags/example_task_group.py took 0.086 seconds
[2024-12-10T08:18:42.664+0000] {processor.py:186} INFO - Started process (PID=481) to work on /home/airflow/.local/lib/python3.12/site-packages/airflow/example_dags/example_task_group.py
[2024-12-10T08:18:42.665+0000] {processor.py:914} INFO - Processing file /home/airflow/.local/lib/python3.12/site-packages/airflow/example_dags/example_task_group.py for tasks to queue
[2024-12-10T08:18:42.667+0000] {logging_mixin.py:190} INFO - [2024-12-10T08:18:42.667+0000] {dagbag.py:588} INFO - Filling up the DagBag from /home/airflow/.local/lib/python3.12/site-packages/airflow/example_dags/example_task_group.py
[2024-12-10T08:18:42.677+0000] {processor.py:925} INFO - DAG(s) 'example_task_group' retrieved from /home/airflow/.local/lib/python3.12/site-packages/airflow/example_dags/example_task_group.py
[2024-12-10T08:18:42.701+0000] {logging_mixin.py:190} INFO - [2024-12-10T08:18:42.701+0000] {dag.py:3239} INFO - Sync 1 DAGs
[2024-12-10T08:18:42.717+0000] {logging_mixin.py:190} INFO - [2024-12-10T08:18:42.716+0000] {dag.py:4180} INFO - Setting next_dagrun for example_task_group to None, run_after=None
[2024-12-10T08:18:42.736+0000] {processor.py:208} INFO - Processing /home/airflow/.local/lib/python3.12/site-packages/airflow/example_dags/example_task_group.py took 0.079 seconds
[2024-12-10T08:19:14.064+0000] {processor.py:186} INFO - Started process (PID=544) to work on /home/airflow/.local/lib/python3.12/site-packages/airflow/example_dags/example_task_group.py
[2024-12-10T08:19:14.065+0000] {processor.py:914} INFO - Processing file /home/airflow/.local/lib/python3.12/site-packages/airflow/example_dags/example_task_group.py for tasks to queue
[2024-12-10T08:19:14.068+0000] {logging_mixin.py:190} INFO - [2024-12-10T08:19:14.068+0000] {dagbag.py:588} INFO - Filling up the DagBag from /home/airflow/.local/lib/python3.12/site-packages/airflow/example_dags/example_task_group.py
[2024-12-10T08:19:14.079+0000] {processor.py:925} INFO - DAG(s) 'example_task_group' retrieved from /home/airflow/.local/lib/python3.12/site-packages/airflow/example_dags/example_task_group.py
[2024-12-10T08:19:14.109+0000] {logging_mixin.py:190} INFO - [2024-12-10T08:19:14.108+0000] {dag.py:3239} INFO - Sync 1 DAGs
[2024-12-10T08:19:14.129+0000] {logging_mixin.py:190} INFO - [2024-12-10T08:19:14.129+0000] {dag.py:4180} INFO - Setting next_dagrun for example_task_group to None, run_after=None
[2024-12-10T08:19:14.154+0000] {processor.py:208} INFO - Processing /home/airflow/.local/lib/python3.12/site-packages/airflow/example_dags/example_task_group.py took 0.098 seconds
[2024-12-10T08:19:44.993+0000] {processor.py:186} INFO - Started process (PID=607) to work on /home/airflow/.local/lib/python3.12/site-packages/airflow/example_dags/example_task_group.py
[2024-12-10T08:19:44.996+0000] {processor.py:914} INFO - Processing file /home/airflow/.local/lib/python3.12/site-packages/airflow/example_dags/example_task_group.py for tasks to queue
[2024-12-10T08:19:45.000+0000] {logging_mixin.py:190} INFO - [2024-12-10T08:19:44.999+0000] {dagbag.py:588} INFO - Filling up the DagBag from /home/airflow/.local/lib/python3.12/site-packages/airflow/example_dags/example_task_group.py
[2024-12-10T08:19:45.015+0000] {processor.py:925} INFO - DAG(s) 'example_task_group' retrieved from /home/airflow/.local/lib/python3.12/site-packages/airflow/example_dags/example_task_group.py
[2024-12-10T08:19:45.048+0000] {logging_mixin.py:190} INFO - [2024-12-10T08:19:45.048+0000] {dag.py:3239} INFO - Sync 1 DAGs
[2024-12-10T08:19:45.065+0000] {logging_mixin.py:190} INFO - [2024-12-10T08:19:45.065+0000] {dag.py:4180} INFO - Setting next_dagrun for example_task_group to None, run_after=None
[2024-12-10T08:19:45.088+0000] {processor.py:208} INFO - Processing /home/airflow/.local/lib/python3.12/site-packages/airflow/example_dags/example_task_group.py took 0.108 seconds
[2024-12-10T08:20:16.670+0000] {processor.py:186} INFO - Started process (PID=670) to work on /home/airflow/.local/lib/python3.12/site-packages/airflow/example_dags/example_task_group.py
[2024-12-10T08:20:16.672+0000] {processor.py:914} INFO - Processing file /home/airflow/.local/lib/python3.12/site-packages/airflow/example_dags/example_task_group.py for tasks to queue
[2024-12-10T08:20:16.675+0000] {logging_mixin.py:190} INFO - [2024-12-10T08:20:16.674+0000] {dagbag.py:588} INFO - Filling up the DagBag from /home/airflow/.local/lib/python3.12/site-packages/airflow/example_dags/example_task_group.py
[2024-12-10T08:20:16.685+0000] {processor.py:925} INFO - DAG(s) 'example_task_group' retrieved from /home/airflow/.local/lib/python3.12/site-packages/airflow/example_dags/example_task_group.py
[2024-12-10T08:20:16.712+0000] {logging_mixin.py:190} INFO - [2024-12-10T08:20:16.711+0000] {dag.py:3239} INFO - Sync 1 DAGs
[2024-12-10T08:20:16.730+0000] {logging_mixin.py:190} INFO - [2024-12-10T08:20:16.730+0000] {dag.py:4180} INFO - Setting next_dagrun for example_task_group to None, run_after=None
[2024-12-10T08:20:16.755+0000] {processor.py:208} INFO - Processing /home/airflow/.local/lib/python3.12/site-packages/airflow/example_dags/example_task_group.py took 0.091 seconds
