[2024-12-10T07:56:09.410+0000] {processor.py:186} INFO - Started process (PID=109) to work on /home/airflow/.local/lib/python3.12/site-packages/airflow/example_dags/example_dataset_alias.py
[2024-12-10T07:56:09.411+0000] {processor.py:914} INFO - Processing file /home/airflow/.local/lib/python3.12/site-packages/airflow/example_dags/example_dataset_alias.py for tasks to queue
[2024-12-10T07:56:09.415+0000] {logging_mixin.py:190} INFO - [2024-12-10T07:56:09.414+0000] {dagbag.py:588} INFO - Filling up the DagBag from /home/airflow/.local/lib/python3.12/site-packages/airflow/example_dags/example_dataset_alias.py
[2024-12-10T07:56:10.195+0000] {processor.py:925} INFO - DAG(s) 'dataset_alias_example_alias_producer', 'dataset_alias_example_alias_consumer', 'dataset_s3_bucket_consumer', 'dataset_s3_bucket_producer' retrieved from /home/airflow/.local/lib/python3.12/site-packages/airflow/example_dags/example_dataset_alias.py
[2024-12-10T07:56:10.321+0000] {logging_mixin.py:190} INFO - [2024-12-10T07:56:10.320+0000] {override.py:1911} INFO - Created Permission View: can read on DAG:dataset_alias_example_alias_producer
[2024-12-10T07:56:10.334+0000] {logging_mixin.py:190} INFO - [2024-12-10T07:56:10.333+0000] {override.py:1911} INFO - Created Permission View: can edit on DAG:dataset_alias_example_alias_producer
[2024-12-10T07:56:10.343+0000] {logging_mixin.py:190} INFO - [2024-12-10T07:56:10.342+0000] {override.py:1911} INFO - Created Permission View: can delete on DAG:dataset_alias_example_alias_producer
[2024-12-10T07:56:10.352+0000] {logging_mixin.py:190} INFO - [2024-12-10T07:56:10.352+0000] {override.py:1911} INFO - Created Permission View: can read on DAG Run:dataset_alias_example_alias_producer
[2024-12-10T07:56:10.361+0000] {logging_mixin.py:190} INFO - [2024-12-10T07:56:10.360+0000] {override.py:1911} INFO - Created Permission View: menu access on DAG Run:dataset_alias_example_alias_producer
[2024-12-10T07:56:10.370+0000] {logging_mixin.py:190} INFO - [2024-12-10T07:56:10.369+0000] {override.py:1911} INFO - Created Permission View: can delete on DAG Run:dataset_alias_example_alias_producer
[2024-12-10T07:56:10.379+0000] {logging_mixin.py:190} INFO - [2024-12-10T07:56:10.379+0000] {override.py:1911} INFO - Created Permission View: can create on DAG Run:dataset_alias_example_alias_producer
[2024-12-10T07:56:10.396+0000] {logging_mixin.py:190} INFO - [2024-12-10T07:56:10.395+0000] {override.py:1911} INFO - Created Permission View: can read on DAG:dataset_alias_example_alias_consumer
[2024-12-10T07:56:10.405+0000] {logging_mixin.py:190} INFO - [2024-12-10T07:56:10.405+0000] {override.py:1911} INFO - Created Permission View: can edit on DAG:dataset_alias_example_alias_consumer
[2024-12-10T07:56:10.414+0000] {logging_mixin.py:190} INFO - [2024-12-10T07:56:10.414+0000] {override.py:1911} INFO - Created Permission View: can delete on DAG:dataset_alias_example_alias_consumer
[2024-12-10T07:56:10.424+0000] {logging_mixin.py:190} INFO - [2024-12-10T07:56:10.424+0000] {override.py:1911} INFO - Created Permission View: can read on DAG Run:dataset_alias_example_alias_consumer
[2024-12-10T07:56:10.432+0000] {logging_mixin.py:190} INFO - [2024-12-10T07:56:10.432+0000] {override.py:1911} INFO - Created Permission View: menu access on DAG Run:dataset_alias_example_alias_consumer
[2024-12-10T07:56:10.441+0000] {logging_mixin.py:190} INFO - [2024-12-10T07:56:10.441+0000] {override.py:1911} INFO - Created Permission View: can delete on DAG Run:dataset_alias_example_alias_consumer
[2024-12-10T07:56:10.449+0000] {logging_mixin.py:190} INFO - [2024-12-10T07:56:10.449+0000] {override.py:1911} INFO - Created Permission View: can create on DAG Run:dataset_alias_example_alias_consumer
[2024-12-10T07:56:10.467+0000] {logging_mixin.py:190} INFO - [2024-12-10T07:56:10.467+0000] {override.py:1911} INFO - Created Permission View: can read on DAG:dataset_s3_bucket_consumer
[2024-12-10T07:56:10.477+0000] {logging_mixin.py:190} INFO - [2024-12-10T07:56:10.476+0000] {override.py:1911} INFO - Created Permission View: can edit on DAG:dataset_s3_bucket_consumer
[2024-12-10T07:56:10.486+0000] {logging_mixin.py:190} INFO - [2024-12-10T07:56:10.486+0000] {override.py:1911} INFO - Created Permission View: can delete on DAG:dataset_s3_bucket_consumer
[2024-12-10T07:56:10.496+0000] {logging_mixin.py:190} INFO - [2024-12-10T07:56:10.496+0000] {override.py:1911} INFO - Created Permission View: can read on DAG Run:dataset_s3_bucket_consumer
[2024-12-10T07:56:10.506+0000] {logging_mixin.py:190} INFO - [2024-12-10T07:56:10.505+0000] {override.py:1911} INFO - Created Permission View: menu access on DAG Run:dataset_s3_bucket_consumer
[2024-12-10T07:56:10.515+0000] {logging_mixin.py:190} INFO - [2024-12-10T07:56:10.514+0000] {override.py:1911} INFO - Created Permission View: can delete on DAG Run:dataset_s3_bucket_consumer
[2024-12-10T07:56:10.525+0000] {logging_mixin.py:190} INFO - [2024-12-10T07:56:10.525+0000] {override.py:1911} INFO - Created Permission View: can create on DAG Run:dataset_s3_bucket_consumer
[2024-12-10T07:56:10.542+0000] {logging_mixin.py:190} INFO - [2024-12-10T07:56:10.541+0000] {override.py:1911} INFO - Created Permission View: can read on DAG:dataset_s3_bucket_producer
[2024-12-10T07:56:10.552+0000] {logging_mixin.py:190} INFO - [2024-12-10T07:56:10.552+0000] {override.py:1911} INFO - Created Permission View: can edit on DAG:dataset_s3_bucket_producer
[2024-12-10T07:56:10.561+0000] {logging_mixin.py:190} INFO - [2024-12-10T07:56:10.561+0000] {override.py:1911} INFO - Created Permission View: can delete on DAG:dataset_s3_bucket_producer
[2024-12-10T07:56:10.571+0000] {logging_mixin.py:190} INFO - [2024-12-10T07:56:10.571+0000] {override.py:1911} INFO - Created Permission View: can read on DAG Run:dataset_s3_bucket_producer
[2024-12-10T07:56:10.580+0000] {logging_mixin.py:190} INFO - [2024-12-10T07:56:10.579+0000] {override.py:1911} INFO - Created Permission View: menu access on DAG Run:dataset_s3_bucket_producer
[2024-12-10T07:56:10.589+0000] {logging_mixin.py:190} INFO - [2024-12-10T07:56:10.589+0000] {override.py:1911} INFO - Created Permission View: can delete on DAG Run:dataset_s3_bucket_producer
[2024-12-10T07:56:10.599+0000] {logging_mixin.py:190} INFO - [2024-12-10T07:56:10.599+0000] {override.py:1911} INFO - Created Permission View: can create on DAG Run:dataset_s3_bucket_producer
[2024-12-10T07:56:10.600+0000] {logging_mixin.py:190} INFO - [2024-12-10T07:56:10.600+0000] {dag.py:3239} INFO - Sync 4 DAGs
[2024-12-10T07:56:10.617+0000] {logging_mixin.py:190} INFO - [2024-12-10T07:56:10.617+0000] {dag.py:3262} INFO - Creating ORM DAG for dataset_alias_example_alias_producer
[2024-12-10T07:56:10.619+0000] {logging_mixin.py:190} INFO - [2024-12-10T07:56:10.618+0000] {dag.py:3262} INFO - Creating ORM DAG for dataset_s3_bucket_producer
[2024-12-10T07:56:10.620+0000] {logging_mixin.py:190} INFO - [2024-12-10T07:56:10.619+0000] {dag.py:3262} INFO - Creating ORM DAG for dataset_s3_bucket_consumer
[2024-12-10T07:56:10.621+0000] {logging_mixin.py:190} INFO - [2024-12-10T07:56:10.621+0000] {dag.py:3262} INFO - Creating ORM DAG for dataset_alias_example_alias_consumer
[2024-12-10T07:56:10.635+0000] {logging_mixin.py:190} INFO - [2024-12-10T07:56:10.635+0000] {dag.py:4180} INFO - Setting next_dagrun for dataset_alias_example_alias_consumer to None, run_after=None
[2024-12-10T07:56:10.637+0000] {logging_mixin.py:190} INFO - [2024-12-10T07:56:10.637+0000] {dag.py:4180} INFO - Setting next_dagrun for dataset_alias_example_alias_producer to None, run_after=None
[2024-12-10T07:56:10.638+0000] {logging_mixin.py:190} INFO - [2024-12-10T07:56:10.638+0000] {dag.py:4180} INFO - Setting next_dagrun for dataset_s3_bucket_consumer to None, run_after=None
[2024-12-10T07:56:10.639+0000] {logging_mixin.py:190} INFO - [2024-12-10T07:56:10.639+0000] {dag.py:4180} INFO - Setting next_dagrun for dataset_s3_bucket_producer to None, run_after=None
[2024-12-10T07:56:10.676+0000] {processor.py:208} INFO - Processing /home/airflow/.local/lib/python3.12/site-packages/airflow/example_dags/example_dataset_alias.py took 1.274 seconds
[2024-12-10T07:56:41.689+0000] {processor.py:186} INFO - Started process (PID=174) to work on /home/airflow/.local/lib/python3.12/site-packages/airflow/example_dags/example_dataset_alias.py
[2024-12-10T07:56:41.690+0000] {processor.py:914} INFO - Processing file /home/airflow/.local/lib/python3.12/site-packages/airflow/example_dags/example_dataset_alias.py for tasks to queue
[2024-12-10T07:56:41.693+0000] {logging_mixin.py:190} INFO - [2024-12-10T07:56:41.692+0000] {dagbag.py:588} INFO - Filling up the DagBag from /home/airflow/.local/lib/python3.12/site-packages/airflow/example_dags/example_dataset_alias.py
[2024-12-10T07:56:42.551+0000] {processor.py:925} INFO - DAG(s) 'dataset_s3_bucket_producer', 'dataset_alias_example_alias_consumer', 'dataset_alias_example_alias_producer', 'dataset_s3_bucket_consumer' retrieved from /home/airflow/.local/lib/python3.12/site-packages/airflow/example_dags/example_dataset_alias.py
[2024-12-10T07:56:42.592+0000] {logging_mixin.py:190} INFO - [2024-12-10T07:56:42.591+0000] {dag.py:3239} INFO - Sync 4 DAGs
[2024-12-10T07:56:42.625+0000] {logging_mixin.py:190} INFO - [2024-12-10T07:56:42.625+0000] {dag.py:4180} INFO - Setting next_dagrun for dataset_alias_example_alias_consumer to None, run_after=None
[2024-12-10T07:56:42.629+0000] {logging_mixin.py:190} INFO - [2024-12-10T07:56:42.629+0000] {dag.py:4180} INFO - Setting next_dagrun for dataset_alias_example_alias_producer to None, run_after=None
[2024-12-10T07:56:42.631+0000] {logging_mixin.py:190} INFO - [2024-12-10T07:56:42.631+0000] {dag.py:4180} INFO - Setting next_dagrun for dataset_s3_bucket_consumer to None, run_after=None
[2024-12-10T07:56:42.633+0000] {logging_mixin.py:190} INFO - [2024-12-10T07:56:42.633+0000] {dag.py:4180} INFO - Setting next_dagrun for dataset_s3_bucket_producer to None, run_after=None
[2024-12-10T07:56:42.660+0000] {processor.py:208} INFO - Processing /home/airflow/.local/lib/python3.12/site-packages/airflow/example_dags/example_dataset_alias.py took 0.981 seconds
[2024-12-10T07:57:13.317+0000] {processor.py:186} INFO - Started process (PID=240) to work on /home/airflow/.local/lib/python3.12/site-packages/airflow/example_dags/example_dataset_alias.py
[2024-12-10T07:57:13.319+0000] {processor.py:914} INFO - Processing file /home/airflow/.local/lib/python3.12/site-packages/airflow/example_dags/example_dataset_alias.py for tasks to queue
[2024-12-10T07:57:13.322+0000] {logging_mixin.py:190} INFO - [2024-12-10T07:57:13.322+0000] {dagbag.py:588} INFO - Filling up the DagBag from /home/airflow/.local/lib/python3.12/site-packages/airflow/example_dags/example_dataset_alias.py
[2024-12-10T07:57:14.035+0000] {processor.py:925} INFO - DAG(s) 'dataset_s3_bucket_consumer', 'dataset_alias_example_alias_producer', 'dataset_s3_bucket_producer', 'dataset_alias_example_alias_consumer' retrieved from /home/airflow/.local/lib/python3.12/site-packages/airflow/example_dags/example_dataset_alias.py
[2024-12-10T07:57:14.065+0000] {logging_mixin.py:190} INFO - [2024-12-10T07:57:14.064+0000] {dag.py:3239} INFO - Sync 4 DAGs
[2024-12-10T07:57:14.093+0000] {logging_mixin.py:190} INFO - [2024-12-10T07:57:14.093+0000] {dag.py:4180} INFO - Setting next_dagrun for dataset_alias_example_alias_consumer to None, run_after=None
[2024-12-10T07:57:14.097+0000] {logging_mixin.py:190} INFO - [2024-12-10T07:57:14.096+0000] {dag.py:4180} INFO - Setting next_dagrun for dataset_alias_example_alias_producer to None, run_after=None
[2024-12-10T07:57:14.099+0000] {logging_mixin.py:190} INFO - [2024-12-10T07:57:14.099+0000] {dag.py:4180} INFO - Setting next_dagrun for dataset_s3_bucket_consumer to None, run_after=None
[2024-12-10T07:57:14.101+0000] {logging_mixin.py:190} INFO - [2024-12-10T07:57:14.101+0000] {dag.py:4180} INFO - Setting next_dagrun for dataset_s3_bucket_producer to None, run_after=None
[2024-12-10T07:57:14.134+0000] {processor.py:208} INFO - Processing /home/airflow/.local/lib/python3.12/site-packages/airflow/example_dags/example_dataset_alias.py took 0.823 seconds
[2024-12-10T07:57:44.315+0000] {processor.py:186} INFO - Started process (PID=303) to work on /home/airflow/.local/lib/python3.12/site-packages/airflow/example_dags/example_dataset_alias.py
[2024-12-10T07:57:44.317+0000] {processor.py:914} INFO - Processing file /home/airflow/.local/lib/python3.12/site-packages/airflow/example_dags/example_dataset_alias.py for tasks to queue
[2024-12-10T07:57:44.319+0000] {logging_mixin.py:190} INFO - [2024-12-10T07:57:44.319+0000] {dagbag.py:588} INFO - Filling up the DagBag from /home/airflow/.local/lib/python3.12/site-packages/airflow/example_dags/example_dataset_alias.py
[2024-12-10T07:57:44.905+0000] {processor.py:925} INFO - DAG(s) 'dataset_s3_bucket_consumer', 'dataset_alias_example_alias_consumer', 'dataset_alias_example_alias_producer', 'dataset_s3_bucket_producer' retrieved from /home/airflow/.local/lib/python3.12/site-packages/airflow/example_dags/example_dataset_alias.py
[2024-12-10T07:57:44.924+0000] {logging_mixin.py:190} INFO - [2024-12-10T07:57:44.924+0000] {dag.py:3239} INFO - Sync 4 DAGs
[2024-12-10T07:57:44.947+0000] {logging_mixin.py:190} INFO - [2024-12-10T07:57:44.947+0000] {dag.py:4180} INFO - Setting next_dagrun for dataset_alias_example_alias_consumer to None, run_after=None
[2024-12-10T07:57:44.950+0000] {logging_mixin.py:190} INFO - [2024-12-10T07:57:44.950+0000] {dag.py:4180} INFO - Setting next_dagrun for dataset_alias_example_alias_producer to None, run_after=None
[2024-12-10T07:57:44.951+0000] {logging_mixin.py:190} INFO - [2024-12-10T07:57:44.951+0000] {dag.py:4180} INFO - Setting next_dagrun for dataset_s3_bucket_consumer to None, run_after=None
[2024-12-10T07:57:44.953+0000] {logging_mixin.py:190} INFO - [2024-12-10T07:57:44.953+0000] {dag.py:4180} INFO - Setting next_dagrun for dataset_s3_bucket_producer to None, run_after=None
[2024-12-10T07:57:44.973+0000] {processor.py:208} INFO - Processing /home/airflow/.local/lib/python3.12/site-packages/airflow/example_dags/example_dataset_alias.py took 0.664 seconds
[2024-12-10T07:58:15.935+0000] {processor.py:186} INFO - Started process (PID=366) to work on /home/airflow/.local/lib/python3.12/site-packages/airflow/example_dags/example_dataset_alias.py
[2024-12-10T07:58:15.937+0000] {processor.py:914} INFO - Processing file /home/airflow/.local/lib/python3.12/site-packages/airflow/example_dags/example_dataset_alias.py for tasks to queue
[2024-12-10T07:58:15.939+0000] {logging_mixin.py:190} INFO - [2024-12-10T07:58:15.939+0000] {dagbag.py:588} INFO - Filling up the DagBag from /home/airflow/.local/lib/python3.12/site-packages/airflow/example_dags/example_dataset_alias.py
[2024-12-10T07:58:16.896+0000] {processor.py:925} INFO - DAG(s) 'dataset_s3_bucket_producer', 'dataset_alias_example_alias_producer', 'dataset_alias_example_alias_consumer', 'dataset_s3_bucket_consumer' retrieved from /home/airflow/.local/lib/python3.12/site-packages/airflow/example_dags/example_dataset_alias.py
[2024-12-10T07:58:16.924+0000] {logging_mixin.py:190} INFO - [2024-12-10T07:58:16.924+0000] {dag.py:3239} INFO - Sync 4 DAGs
[2024-12-10T07:58:16.955+0000] {logging_mixin.py:190} INFO - [2024-12-10T07:58:16.954+0000] {dag.py:4180} INFO - Setting next_dagrun for dataset_alias_example_alias_consumer to None, run_after=None
[2024-12-10T07:58:16.958+0000] {logging_mixin.py:190} INFO - [2024-12-10T07:58:16.958+0000] {dag.py:4180} INFO - Setting next_dagrun for dataset_alias_example_alias_producer to None, run_after=None
[2024-12-10T07:58:16.960+0000] {logging_mixin.py:190} INFO - [2024-12-10T07:58:16.960+0000] {dag.py:4180} INFO - Setting next_dagrun for dataset_s3_bucket_consumer to None, run_after=None
[2024-12-10T07:58:16.962+0000] {logging_mixin.py:190} INFO - [2024-12-10T07:58:16.962+0000] {dag.py:4180} INFO - Setting next_dagrun for dataset_s3_bucket_producer to None, run_after=None
[2024-12-10T07:58:16.990+0000] {processor.py:208} INFO - Processing /home/airflow/.local/lib/python3.12/site-packages/airflow/example_dags/example_dataset_alias.py took 1.061 seconds
[2024-12-10T07:58:47.254+0000] {processor.py:186} INFO - Started process (PID=429) to work on /home/airflow/.local/lib/python3.12/site-packages/airflow/example_dags/example_dataset_alias.py
[2024-12-10T07:58:47.255+0000] {processor.py:914} INFO - Processing file /home/airflow/.local/lib/python3.12/site-packages/airflow/example_dags/example_dataset_alias.py for tasks to queue
[2024-12-10T07:58:47.258+0000] {logging_mixin.py:190} INFO - [2024-12-10T07:58:47.258+0000] {dagbag.py:588} INFO - Filling up the DagBag from /home/airflow/.local/lib/python3.12/site-packages/airflow/example_dags/example_dataset_alias.py
[2024-12-10T07:58:48.002+0000] {processor.py:925} INFO - DAG(s) 'dataset_alias_example_alias_consumer', 'dataset_alias_example_alias_producer', 'dataset_s3_bucket_consumer', 'dataset_s3_bucket_producer' retrieved from /home/airflow/.local/lib/python3.12/site-packages/airflow/example_dags/example_dataset_alias.py
[2024-12-10T07:58:48.029+0000] {logging_mixin.py:190} INFO - [2024-12-10T07:58:48.028+0000] {dag.py:3239} INFO - Sync 4 DAGs
[2024-12-10T07:58:48.055+0000] {logging_mixin.py:190} INFO - [2024-12-10T07:58:48.055+0000] {dag.py:4180} INFO - Setting next_dagrun for dataset_alias_example_alias_consumer to None, run_after=None
[2024-12-10T07:58:48.059+0000] {logging_mixin.py:190} INFO - [2024-12-10T07:58:48.059+0000] {dag.py:4180} INFO - Setting next_dagrun for dataset_alias_example_alias_producer to None, run_after=None
[2024-12-10T07:58:48.061+0000] {logging_mixin.py:190} INFO - [2024-12-10T07:58:48.061+0000] {dag.py:4180} INFO - Setting next_dagrun for dataset_s3_bucket_consumer to None, run_after=None
[2024-12-10T07:58:48.063+0000] {logging_mixin.py:190} INFO - [2024-12-10T07:58:48.062+0000] {dag.py:4180} INFO - Setting next_dagrun for dataset_s3_bucket_producer to None, run_after=None
[2024-12-10T07:58:48.091+0000] {processor.py:208} INFO - Processing /home/airflow/.local/lib/python3.12/site-packages/airflow/example_dags/example_dataset_alias.py took 0.843 seconds
[2024-12-10T07:59:18.879+0000] {processor.py:186} INFO - Started process (PID=492) to work on /home/airflow/.local/lib/python3.12/site-packages/airflow/example_dags/example_dataset_alias.py
[2024-12-10T07:59:18.880+0000] {processor.py:914} INFO - Processing file /home/airflow/.local/lib/python3.12/site-packages/airflow/example_dags/example_dataset_alias.py for tasks to queue
[2024-12-10T07:59:18.883+0000] {logging_mixin.py:190} INFO - [2024-12-10T07:59:18.882+0000] {dagbag.py:588} INFO - Filling up the DagBag from /home/airflow/.local/lib/python3.12/site-packages/airflow/example_dags/example_dataset_alias.py
[2024-12-10T07:59:19.613+0000] {processor.py:925} INFO - DAG(s) 'dataset_alias_example_alias_producer', 'dataset_s3_bucket_producer', 'dataset_alias_example_alias_consumer', 'dataset_s3_bucket_consumer' retrieved from /home/airflow/.local/lib/python3.12/site-packages/airflow/example_dags/example_dataset_alias.py
[2024-12-10T07:59:19.635+0000] {logging_mixin.py:190} INFO - [2024-12-10T07:59:19.634+0000] {dag.py:3239} INFO - Sync 4 DAGs
[2024-12-10T07:59:19.659+0000] {logging_mixin.py:190} INFO - [2024-12-10T07:59:19.658+0000] {dag.py:4180} INFO - Setting next_dagrun for dataset_alias_example_alias_consumer to None, run_after=None
[2024-12-10T07:59:19.662+0000] {logging_mixin.py:190} INFO - [2024-12-10T07:59:19.661+0000] {dag.py:4180} INFO - Setting next_dagrun for dataset_alias_example_alias_producer to None, run_after=None
[2024-12-10T07:59:19.663+0000] {logging_mixin.py:190} INFO - [2024-12-10T07:59:19.663+0000] {dag.py:4180} INFO - Setting next_dagrun for dataset_s3_bucket_consumer to None, run_after=None
[2024-12-10T07:59:19.665+0000] {logging_mixin.py:190} INFO - [2024-12-10T07:59:19.665+0000] {dag.py:4180} INFO - Setting next_dagrun for dataset_s3_bucket_producer to None, run_after=None
[2024-12-10T07:59:19.691+0000] {processor.py:208} INFO - Processing /home/airflow/.local/lib/python3.12/site-packages/airflow/example_dags/example_dataset_alias.py took 0.819 seconds
[2024-12-10T07:59:50.052+0000] {processor.py:186} INFO - Started process (PID=555) to work on /home/airflow/.local/lib/python3.12/site-packages/airflow/example_dags/example_dataset_alias.py
[2024-12-10T07:59:50.053+0000] {processor.py:914} INFO - Processing file /home/airflow/.local/lib/python3.12/site-packages/airflow/example_dags/example_dataset_alias.py for tasks to queue
[2024-12-10T07:59:50.055+0000] {logging_mixin.py:190} INFO - [2024-12-10T07:59:50.055+0000] {dagbag.py:588} INFO - Filling up the DagBag from /home/airflow/.local/lib/python3.12/site-packages/airflow/example_dags/example_dataset_alias.py
[2024-12-10T07:59:50.688+0000] {processor.py:925} INFO - DAG(s) 'dataset_s3_bucket_consumer', 'dataset_alias_example_alias_consumer', 'dataset_s3_bucket_producer', 'dataset_alias_example_alias_producer' retrieved from /home/airflow/.local/lib/python3.12/site-packages/airflow/example_dags/example_dataset_alias.py
[2024-12-10T07:59:50.712+0000] {logging_mixin.py:190} INFO - [2024-12-10T07:59:50.712+0000] {dag.py:3239} INFO - Sync 4 DAGs
[2024-12-10T07:59:50.736+0000] {logging_mixin.py:190} INFO - [2024-12-10T07:59:50.736+0000] {dag.py:4180} INFO - Setting next_dagrun for dataset_alias_example_alias_consumer to None, run_after=None
[2024-12-10T07:59:50.739+0000] {logging_mixin.py:190} INFO - [2024-12-10T07:59:50.739+0000] {dag.py:4180} INFO - Setting next_dagrun for dataset_alias_example_alias_producer to None, run_after=None
[2024-12-10T07:59:50.741+0000] {logging_mixin.py:190} INFO - [2024-12-10T07:59:50.741+0000] {dag.py:4180} INFO - Setting next_dagrun for dataset_s3_bucket_consumer to None, run_after=None
[2024-12-10T07:59:50.743+0000] {logging_mixin.py:190} INFO - [2024-12-10T07:59:50.743+0000] {dag.py:4180} INFO - Setting next_dagrun for dataset_s3_bucket_producer to None, run_after=None
[2024-12-10T07:59:50.770+0000] {processor.py:208} INFO - Processing /home/airflow/.local/lib/python3.12/site-packages/airflow/example_dags/example_dataset_alias.py took 0.724 seconds
[2024-12-10T08:00:20.826+0000] {processor.py:186} INFO - Started process (PID=618) to work on /home/airflow/.local/lib/python3.12/site-packages/airflow/example_dags/example_dataset_alias.py
[2024-12-10T08:00:20.828+0000] {processor.py:914} INFO - Processing file /home/airflow/.local/lib/python3.12/site-packages/airflow/example_dags/example_dataset_alias.py for tasks to queue
[2024-12-10T08:00:20.830+0000] {logging_mixin.py:190} INFO - [2024-12-10T08:00:20.830+0000] {dagbag.py:588} INFO - Filling up the DagBag from /home/airflow/.local/lib/python3.12/site-packages/airflow/example_dags/example_dataset_alias.py
[2024-12-10T08:00:21.367+0000] {processor.py:925} INFO - DAG(s) 'dataset_alias_example_alias_consumer', 'dataset_alias_example_alias_producer', 'dataset_s3_bucket_producer', 'dataset_s3_bucket_consumer' retrieved from /home/airflow/.local/lib/python3.12/site-packages/airflow/example_dags/example_dataset_alias.py
[2024-12-10T08:00:21.387+0000] {logging_mixin.py:190} INFO - [2024-12-10T08:00:21.386+0000] {dag.py:3239} INFO - Sync 4 DAGs
[2024-12-10T08:00:21.406+0000] {logging_mixin.py:190} INFO - [2024-12-10T08:00:21.406+0000] {dag.py:4180} INFO - Setting next_dagrun for dataset_alias_example_alias_consumer to None, run_after=None
[2024-12-10T08:00:21.408+0000] {logging_mixin.py:190} INFO - [2024-12-10T08:00:21.408+0000] {dag.py:4180} INFO - Setting next_dagrun for dataset_alias_example_alias_producer to None, run_after=None
[2024-12-10T08:00:21.410+0000] {logging_mixin.py:190} INFO - [2024-12-10T08:00:21.409+0000] {dag.py:4180} INFO - Setting next_dagrun for dataset_s3_bucket_consumer to None, run_after=None
[2024-12-10T08:00:21.411+0000] {logging_mixin.py:190} INFO - [2024-12-10T08:00:21.411+0000] {dag.py:4180} INFO - Setting next_dagrun for dataset_s3_bucket_producer to None, run_after=None
[2024-12-10T08:00:21.429+0000] {processor.py:208} INFO - Processing /home/airflow/.local/lib/python3.12/site-packages/airflow/example_dags/example_dataset_alias.py took 0.610 seconds
[2024-12-10T08:00:52.328+0000] {processor.py:186} INFO - Started process (PID=681) to work on /home/airflow/.local/lib/python3.12/site-packages/airflow/example_dags/example_dataset_alias.py
[2024-12-10T08:00:52.330+0000] {processor.py:914} INFO - Processing file /home/airflow/.local/lib/python3.12/site-packages/airflow/example_dags/example_dataset_alias.py for tasks to queue
[2024-12-10T08:00:52.334+0000] {logging_mixin.py:190} INFO - [2024-12-10T08:00:52.334+0000] {dagbag.py:588} INFO - Filling up the DagBag from /home/airflow/.local/lib/python3.12/site-packages/airflow/example_dags/example_dataset_alias.py
[2024-12-10T08:00:53.631+0000] {processor.py:925} INFO - DAG(s) 'dataset_alias_example_alias_consumer', 'dataset_s3_bucket_producer', 'dataset_s3_bucket_consumer', 'dataset_alias_example_alias_producer' retrieved from /home/airflow/.local/lib/python3.12/site-packages/airflow/example_dags/example_dataset_alias.py
[2024-12-10T08:00:53.667+0000] {logging_mixin.py:190} INFO - [2024-12-10T08:00:53.666+0000] {dag.py:3239} INFO - Sync 4 DAGs
[2024-12-10T08:00:53.735+0000] {logging_mixin.py:190} INFO - [2024-12-10T08:00:53.735+0000] {dag.py:4180} INFO - Setting next_dagrun for dataset_alias_example_alias_consumer to None, run_after=None
[2024-12-10T08:00:53.744+0000] {logging_mixin.py:190} INFO - [2024-12-10T08:00:53.744+0000] {dag.py:4180} INFO - Setting next_dagrun for dataset_alias_example_alias_producer to None, run_after=None
[2024-12-10T08:00:53.748+0000] {logging_mixin.py:190} INFO - [2024-12-10T08:00:53.747+0000] {dag.py:4180} INFO - Setting next_dagrun for dataset_s3_bucket_consumer to None, run_after=None
[2024-12-10T08:00:53.751+0000] {logging_mixin.py:190} INFO - [2024-12-10T08:00:53.751+0000] {dag.py:4180} INFO - Setting next_dagrun for dataset_s3_bucket_producer to None, run_after=None
[2024-12-10T08:00:53.801+0000] {processor.py:208} INFO - Processing /home/airflow/.local/lib/python3.12/site-packages/airflow/example_dags/example_dataset_alias.py took 1.485 seconds
[2024-12-10T08:01:24.182+0000] {processor.py:186} INFO - Started process (PID=744) to work on /home/airflow/.local/lib/python3.12/site-packages/airflow/example_dags/example_dataset_alias.py
[2024-12-10T08:01:24.183+0000] {processor.py:914} INFO - Processing file /home/airflow/.local/lib/python3.12/site-packages/airflow/example_dags/example_dataset_alias.py for tasks to queue
[2024-12-10T08:01:24.186+0000] {logging_mixin.py:190} INFO - [2024-12-10T08:01:24.185+0000] {dagbag.py:588} INFO - Filling up the DagBag from /home/airflow/.local/lib/python3.12/site-packages/airflow/example_dags/example_dataset_alias.py
[2024-12-10T08:01:24.908+0000] {processor.py:925} INFO - DAG(s) 'dataset_alias_example_alias_consumer', 'dataset_s3_bucket_producer', 'dataset_s3_bucket_consumer', 'dataset_alias_example_alias_producer' retrieved from /home/airflow/.local/lib/python3.12/site-packages/airflow/example_dags/example_dataset_alias.py
[2024-12-10T08:01:24.932+0000] {logging_mixin.py:190} INFO - [2024-12-10T08:01:24.931+0000] {dag.py:3239} INFO - Sync 4 DAGs
[2024-12-10T08:01:24.959+0000] {logging_mixin.py:190} INFO - [2024-12-10T08:01:24.959+0000] {dag.py:4180} INFO - Setting next_dagrun for dataset_alias_example_alias_consumer to None, run_after=None
[2024-12-10T08:01:24.962+0000] {logging_mixin.py:190} INFO - [2024-12-10T08:01:24.962+0000] {dag.py:4180} INFO - Setting next_dagrun for dataset_alias_example_alias_producer to None, run_after=None
[2024-12-10T08:01:24.964+0000] {logging_mixin.py:190} INFO - [2024-12-10T08:01:24.964+0000] {dag.py:4180} INFO - Setting next_dagrun for dataset_s3_bucket_consumer to None, run_after=None
[2024-12-10T08:01:24.966+0000] {logging_mixin.py:190} INFO - [2024-12-10T08:01:24.966+0000] {dag.py:4180} INFO - Setting next_dagrun for dataset_s3_bucket_producer to None, run_after=None
[2024-12-10T08:01:24.991+0000] {processor.py:208} INFO - Processing /home/airflow/.local/lib/python3.12/site-packages/airflow/example_dags/example_dataset_alias.py took 0.815 seconds
[2024-12-10T08:01:55.034+0000] {processor.py:186} INFO - Started process (PID=807) to work on /home/airflow/.local/lib/python3.12/site-packages/airflow/example_dags/example_dataset_alias.py
[2024-12-10T08:01:55.035+0000] {processor.py:914} INFO - Processing file /home/airflow/.local/lib/python3.12/site-packages/airflow/example_dags/example_dataset_alias.py for tasks to queue
[2024-12-10T08:01:55.038+0000] {logging_mixin.py:190} INFO - [2024-12-10T08:01:55.038+0000] {dagbag.py:588} INFO - Filling up the DagBag from /home/airflow/.local/lib/python3.12/site-packages/airflow/example_dags/example_dataset_alias.py
[2024-12-10T08:01:55.619+0000] {processor.py:925} INFO - DAG(s) 'dataset_s3_bucket_consumer', 'dataset_alias_example_alias_consumer', 'dataset_s3_bucket_producer', 'dataset_alias_example_alias_producer' retrieved from /home/airflow/.local/lib/python3.12/site-packages/airflow/example_dags/example_dataset_alias.py
[2024-12-10T08:01:55.641+0000] {logging_mixin.py:190} INFO - [2024-12-10T08:01:55.640+0000] {dag.py:3239} INFO - Sync 4 DAGs
[2024-12-10T08:01:55.666+0000] {logging_mixin.py:190} INFO - [2024-12-10T08:01:55.665+0000] {dag.py:4180} INFO - Setting next_dagrun for dataset_alias_example_alias_consumer to None, run_after=None
[2024-12-10T08:01:55.669+0000] {logging_mixin.py:190} INFO - [2024-12-10T08:01:55.668+0000] {dag.py:4180} INFO - Setting next_dagrun for dataset_alias_example_alias_producer to None, run_after=None
[2024-12-10T08:01:55.671+0000] {logging_mixin.py:190} INFO - [2024-12-10T08:01:55.670+0000] {dag.py:4180} INFO - Setting next_dagrun for dataset_s3_bucket_consumer to None, run_after=None
[2024-12-10T08:01:55.672+0000] {logging_mixin.py:190} INFO - [2024-12-10T08:01:55.672+0000] {dag.py:4180} INFO - Setting next_dagrun for dataset_s3_bucket_producer to None, run_after=None
[2024-12-10T08:01:55.693+0000] {processor.py:208} INFO - Processing /home/airflow/.local/lib/python3.12/site-packages/airflow/example_dags/example_dataset_alias.py took 0.666 seconds
[2024-12-10T08:02:26.308+0000] {processor.py:186} INFO - Started process (PID=870) to work on /home/airflow/.local/lib/python3.12/site-packages/airflow/example_dags/example_dataset_alias.py
[2024-12-10T08:02:26.309+0000] {processor.py:914} INFO - Processing file /home/airflow/.local/lib/python3.12/site-packages/airflow/example_dags/example_dataset_alias.py for tasks to queue
[2024-12-10T08:02:26.314+0000] {logging_mixin.py:190} INFO - [2024-12-10T08:02:26.313+0000] {dagbag.py:588} INFO - Filling up the DagBag from /home/airflow/.local/lib/python3.12/site-packages/airflow/example_dags/example_dataset_alias.py
[2024-12-10T08:02:27.101+0000] {processor.py:925} INFO - DAG(s) 'dataset_alias_example_alias_producer', 'dataset_s3_bucket_consumer', 'dataset_s3_bucket_producer', 'dataset_alias_example_alias_consumer' retrieved from /home/airflow/.local/lib/python3.12/site-packages/airflow/example_dags/example_dataset_alias.py
[2024-12-10T08:02:27.127+0000] {logging_mixin.py:190} INFO - [2024-12-10T08:02:27.127+0000] {dag.py:3239} INFO - Sync 4 DAGs
[2024-12-10T08:02:27.154+0000] {logging_mixin.py:190} INFO - [2024-12-10T08:02:27.153+0000] {dag.py:4180} INFO - Setting next_dagrun for dataset_alias_example_alias_consumer to None, run_after=None
[2024-12-10T08:02:27.157+0000] {logging_mixin.py:190} INFO - [2024-12-10T08:02:27.157+0000] {dag.py:4180} INFO - Setting next_dagrun for dataset_alias_example_alias_producer to None, run_after=None
[2024-12-10T08:02:27.160+0000] {logging_mixin.py:190} INFO - [2024-12-10T08:02:27.160+0000] {dag.py:4180} INFO - Setting next_dagrun for dataset_s3_bucket_consumer to None, run_after=None
[2024-12-10T08:02:27.162+0000] {logging_mixin.py:190} INFO - [2024-12-10T08:02:27.162+0000] {dag.py:4180} INFO - Setting next_dagrun for dataset_s3_bucket_producer to None, run_after=None
[2024-12-10T08:02:27.183+0000] {processor.py:208} INFO - Processing /home/airflow/.local/lib/python3.12/site-packages/airflow/example_dags/example_dataset_alias.py took 0.883 seconds
[2024-12-10T08:02:58.121+0000] {processor.py:186} INFO - Started process (PID=937) to work on /home/airflow/.local/lib/python3.12/site-packages/airflow/example_dags/example_dataset_alias.py
[2024-12-10T08:02:58.123+0000] {processor.py:914} INFO - Processing file /home/airflow/.local/lib/python3.12/site-packages/airflow/example_dags/example_dataset_alias.py for tasks to queue
[2024-12-10T08:02:58.125+0000] {logging_mixin.py:190} INFO - [2024-12-10T08:02:58.125+0000] {dagbag.py:588} INFO - Filling up the DagBag from /home/airflow/.local/lib/python3.12/site-packages/airflow/example_dags/example_dataset_alias.py
[2024-12-10T08:02:58.845+0000] {processor.py:925} INFO - DAG(s) 'dataset_s3_bucket_consumer', 'dataset_s3_bucket_producer', 'dataset_alias_example_alias_producer', 'dataset_alias_example_alias_consumer' retrieved from /home/airflow/.local/lib/python3.12/site-packages/airflow/example_dags/example_dataset_alias.py
[2024-12-10T08:02:58.877+0000] {logging_mixin.py:190} INFO - [2024-12-10T08:02:58.876+0000] {dag.py:3239} INFO - Sync 4 DAGs
[2024-12-10T08:02:58.910+0000] {logging_mixin.py:190} INFO - [2024-12-10T08:02:58.910+0000] {dag.py:4180} INFO - Setting next_dagrun for dataset_alias_example_alias_consumer to None, run_after=None
[2024-12-10T08:02:58.914+0000] {logging_mixin.py:190} INFO - [2024-12-10T08:02:58.913+0000] {dag.py:4180} INFO - Setting next_dagrun for dataset_alias_example_alias_producer to None, run_after=None
[2024-12-10T08:02:58.915+0000] {logging_mixin.py:190} INFO - [2024-12-10T08:02:58.915+0000] {dag.py:4180} INFO - Setting next_dagrun for dataset_s3_bucket_consumer to None, run_after=None
[2024-12-10T08:02:58.918+0000] {logging_mixin.py:190} INFO - [2024-12-10T08:02:58.918+0000] {dag.py:4180} INFO - Setting next_dagrun for dataset_s3_bucket_producer to None, run_after=None
[2024-12-10T08:02:58.953+0000] {processor.py:208} INFO - Processing /home/airflow/.local/lib/python3.12/site-packages/airflow/example_dags/example_dataset_alias.py took 0.837 seconds
[2024-12-10T08:03:29.482+0000] {processor.py:186} INFO - Started process (PID=1000) to work on /home/airflow/.local/lib/python3.12/site-packages/airflow/example_dags/example_dataset_alias.py
[2024-12-10T08:03:29.484+0000] {processor.py:914} INFO - Processing file /home/airflow/.local/lib/python3.12/site-packages/airflow/example_dags/example_dataset_alias.py for tasks to queue
[2024-12-10T08:03:29.486+0000] {logging_mixin.py:190} INFO - [2024-12-10T08:03:29.486+0000] {dagbag.py:588} INFO - Filling up the DagBag from /home/airflow/.local/lib/python3.12/site-packages/airflow/example_dags/example_dataset_alias.py
[2024-12-10T08:03:30.122+0000] {processor.py:925} INFO - DAG(s) 'dataset_alias_example_alias_consumer', 'dataset_s3_bucket_consumer', 'dataset_s3_bucket_producer', 'dataset_alias_example_alias_producer' retrieved from /home/airflow/.local/lib/python3.12/site-packages/airflow/example_dags/example_dataset_alias.py
[2024-12-10T08:03:30.145+0000] {logging_mixin.py:190} INFO - [2024-12-10T08:03:30.145+0000] {dag.py:3239} INFO - Sync 4 DAGs
[2024-12-10T08:03:30.172+0000] {logging_mixin.py:190} INFO - [2024-12-10T08:03:30.172+0000] {dag.py:4180} INFO - Setting next_dagrun for dataset_alias_example_alias_consumer to None, run_after=None
[2024-12-10T08:03:30.175+0000] {logging_mixin.py:190} INFO - [2024-12-10T08:03:30.175+0000] {dag.py:4180} INFO - Setting next_dagrun for dataset_alias_example_alias_producer to None, run_after=None
[2024-12-10T08:03:30.178+0000] {logging_mixin.py:190} INFO - [2024-12-10T08:03:30.178+0000] {dag.py:4180} INFO - Setting next_dagrun for dataset_s3_bucket_consumer to None, run_after=None
[2024-12-10T08:03:30.180+0000] {logging_mixin.py:190} INFO - [2024-12-10T08:03:30.180+0000] {dag.py:4180} INFO - Setting next_dagrun for dataset_s3_bucket_producer to None, run_after=None
[2024-12-10T08:03:30.204+0000] {processor.py:208} INFO - Processing /home/airflow/.local/lib/python3.12/site-packages/airflow/example_dags/example_dataset_alias.py took 0.727 seconds
[2024-12-10T08:04:00.779+0000] {processor.py:186} INFO - Started process (PID=1063) to work on /home/airflow/.local/lib/python3.12/site-packages/airflow/example_dags/example_dataset_alias.py
[2024-12-10T08:04:00.780+0000] {processor.py:914} INFO - Processing file /home/airflow/.local/lib/python3.12/site-packages/airflow/example_dags/example_dataset_alias.py for tasks to queue
[2024-12-10T08:04:00.784+0000] {logging_mixin.py:190} INFO - [2024-12-10T08:04:00.784+0000] {dagbag.py:588} INFO - Filling up the DagBag from /home/airflow/.local/lib/python3.12/site-packages/airflow/example_dags/example_dataset_alias.py
[2024-12-10T08:04:01.353+0000] {processor.py:925} INFO - DAG(s) 'dataset_s3_bucket_consumer', 'dataset_alias_example_alias_producer', 'dataset_s3_bucket_producer', 'dataset_alias_example_alias_consumer' retrieved from /home/airflow/.local/lib/python3.12/site-packages/airflow/example_dags/example_dataset_alias.py
[2024-12-10T08:04:01.371+0000] {logging_mixin.py:190} INFO - [2024-12-10T08:04:01.371+0000] {dag.py:3239} INFO - Sync 4 DAGs
[2024-12-10T08:04:01.391+0000] {logging_mixin.py:190} INFO - [2024-12-10T08:04:01.390+0000] {dag.py:4180} INFO - Setting next_dagrun for dataset_alias_example_alias_consumer to None, run_after=None
[2024-12-10T08:04:01.393+0000] {logging_mixin.py:190} INFO - [2024-12-10T08:04:01.393+0000] {dag.py:4180} INFO - Setting next_dagrun for dataset_alias_example_alias_producer to None, run_after=None
[2024-12-10T08:04:01.395+0000] {logging_mixin.py:190} INFO - [2024-12-10T08:04:01.395+0000] {dag.py:4180} INFO - Setting next_dagrun for dataset_s3_bucket_consumer to None, run_after=None
[2024-12-10T08:04:01.396+0000] {logging_mixin.py:190} INFO - [2024-12-10T08:04:01.396+0000] {dag.py:4180} INFO - Setting next_dagrun for dataset_s3_bucket_producer to None, run_after=None
[2024-12-10T08:04:01.417+0000] {processor.py:208} INFO - Processing /home/airflow/.local/lib/python3.12/site-packages/airflow/example_dags/example_dataset_alias.py took 0.644 seconds
[2024-12-10T08:04:31.759+0000] {processor.py:186} INFO - Started process (PID=1126) to work on /home/airflow/.local/lib/python3.12/site-packages/airflow/example_dags/example_dataset_alias.py
[2024-12-10T08:04:31.760+0000] {processor.py:914} INFO - Processing file /home/airflow/.local/lib/python3.12/site-packages/airflow/example_dags/example_dataset_alias.py for tasks to queue
[2024-12-10T08:04:31.763+0000] {logging_mixin.py:190} INFO - [2024-12-10T08:04:31.763+0000] {dagbag.py:588} INFO - Filling up the DagBag from /home/airflow/.local/lib/python3.12/site-packages/airflow/example_dags/example_dataset_alias.py
[2024-12-10T08:04:32.571+0000] {processor.py:925} INFO - DAG(s) 'dataset_alias_example_alias_producer', 'dataset_alias_example_alias_consumer', 'dataset_s3_bucket_consumer', 'dataset_s3_bucket_producer' retrieved from /home/airflow/.local/lib/python3.12/site-packages/airflow/example_dags/example_dataset_alias.py
[2024-12-10T08:04:32.622+0000] {logging_mixin.py:190} INFO - [2024-12-10T08:04:32.619+0000] {dag.py:3239} INFO - Sync 4 DAGs
[2024-12-10T08:04:32.670+0000] {logging_mixin.py:190} INFO - [2024-12-10T08:04:32.669+0000] {dag.py:4180} INFO - Setting next_dagrun for dataset_alias_example_alias_consumer to None, run_after=None
[2024-12-10T08:04:32.675+0000] {logging_mixin.py:190} INFO - [2024-12-10T08:04:32.674+0000] {dag.py:4180} INFO - Setting next_dagrun for dataset_alias_example_alias_producer to None, run_after=None
[2024-12-10T08:04:32.679+0000] {logging_mixin.py:190} INFO - [2024-12-10T08:04:32.678+0000] {dag.py:4180} INFO - Setting next_dagrun for dataset_s3_bucket_consumer to None, run_after=None
[2024-12-10T08:04:32.683+0000] {logging_mixin.py:190} INFO - [2024-12-10T08:04:32.683+0000] {dag.py:4180} INFO - Setting next_dagrun for dataset_s3_bucket_producer to None, run_after=None
[2024-12-10T08:04:32.741+0000] {processor.py:208} INFO - Processing /home/airflow/.local/lib/python3.12/site-packages/airflow/example_dags/example_dataset_alias.py took 0.991 seconds
[2024-12-10T08:05:02.899+0000] {processor.py:186} INFO - Started process (PID=1195) to work on /home/airflow/.local/lib/python3.12/site-packages/airflow/example_dags/example_dataset_alias.py
[2024-12-10T08:05:02.900+0000] {processor.py:914} INFO - Processing file /home/airflow/.local/lib/python3.12/site-packages/airflow/example_dags/example_dataset_alias.py for tasks to queue
[2024-12-10T08:05:02.903+0000] {logging_mixin.py:190} INFO - [2024-12-10T08:05:02.902+0000] {dagbag.py:588} INFO - Filling up the DagBag from /home/airflow/.local/lib/python3.12/site-packages/airflow/example_dags/example_dataset_alias.py
[2024-12-10T08:05:03.639+0000] {processor.py:925} INFO - DAG(s) 'dataset_alias_example_alias_producer', 'dataset_s3_bucket_producer', 'dataset_s3_bucket_consumer', 'dataset_alias_example_alias_consumer' retrieved from /home/airflow/.local/lib/python3.12/site-packages/airflow/example_dags/example_dataset_alias.py
[2024-12-10T08:05:03.666+0000] {logging_mixin.py:190} INFO - [2024-12-10T08:05:03.666+0000] {dag.py:3239} INFO - Sync 4 DAGs
[2024-12-10T08:05:03.693+0000] {logging_mixin.py:190} INFO - [2024-12-10T08:05:03.692+0000] {dag.py:4180} INFO - Setting next_dagrun for dataset_alias_example_alias_consumer to None, run_after=None
[2024-12-10T08:05:03.697+0000] {logging_mixin.py:190} INFO - [2024-12-10T08:05:03.697+0000] {dag.py:4180} INFO - Setting next_dagrun for dataset_alias_example_alias_producer to None, run_after=None
[2024-12-10T08:05:03.700+0000] {logging_mixin.py:190} INFO - [2024-12-10T08:05:03.699+0000] {dag.py:4180} INFO - Setting next_dagrun for dataset_s3_bucket_consumer to None, run_after=None
[2024-12-10T08:05:03.702+0000] {logging_mixin.py:190} INFO - [2024-12-10T08:05:03.702+0000] {dag.py:4180} INFO - Setting next_dagrun for dataset_s3_bucket_producer to None, run_after=None
[2024-12-10T08:05:03.736+0000] {processor.py:208} INFO - Processing /home/airflow/.local/lib/python3.12/site-packages/airflow/example_dags/example_dataset_alias.py took 0.846 seconds
[2024-12-10T08:05:33.902+0000] {processor.py:186} INFO - Started process (PID=1258) to work on /home/airflow/.local/lib/python3.12/site-packages/airflow/example_dags/example_dataset_alias.py
[2024-12-10T08:05:33.903+0000] {processor.py:914} INFO - Processing file /home/airflow/.local/lib/python3.12/site-packages/airflow/example_dags/example_dataset_alias.py for tasks to queue
[2024-12-10T08:05:33.906+0000] {logging_mixin.py:190} INFO - [2024-12-10T08:05:33.905+0000] {dagbag.py:588} INFO - Filling up the DagBag from /home/airflow/.local/lib/python3.12/site-packages/airflow/example_dags/example_dataset_alias.py
[2024-12-10T08:05:34.558+0000] {processor.py:925} INFO - DAG(s) 'dataset_s3_bucket_consumer', 'dataset_alias_example_alias_consumer', 'dataset_alias_example_alias_producer', 'dataset_s3_bucket_producer' retrieved from /home/airflow/.local/lib/python3.12/site-packages/airflow/example_dags/example_dataset_alias.py
[2024-12-10T08:05:34.583+0000] {logging_mixin.py:190} INFO - [2024-12-10T08:05:34.582+0000] {dag.py:3239} INFO - Sync 4 DAGs
[2024-12-10T08:05:34.609+0000] {logging_mixin.py:190} INFO - [2024-12-10T08:05:34.609+0000] {dag.py:4180} INFO - Setting next_dagrun for dataset_alias_example_alias_consumer to None, run_after=None
[2024-12-10T08:05:34.612+0000] {logging_mixin.py:190} INFO - [2024-12-10T08:05:34.612+0000] {dag.py:4180} INFO - Setting next_dagrun for dataset_alias_example_alias_producer to None, run_after=None
[2024-12-10T08:05:34.614+0000] {logging_mixin.py:190} INFO - [2024-12-10T08:05:34.614+0000] {dag.py:4180} INFO - Setting next_dagrun for dataset_s3_bucket_consumer to None, run_after=None
[2024-12-10T08:05:34.616+0000] {logging_mixin.py:190} INFO - [2024-12-10T08:05:34.616+0000] {dag.py:4180} INFO - Setting next_dagrun for dataset_s3_bucket_producer to None, run_after=None
[2024-12-10T08:05:34.641+0000] {processor.py:208} INFO - Processing /home/airflow/.local/lib/python3.12/site-packages/airflow/example_dags/example_dataset_alias.py took 0.745 seconds
[2024-12-10T08:06:05.161+0000] {processor.py:186} INFO - Started process (PID=1321) to work on /home/airflow/.local/lib/python3.12/site-packages/airflow/example_dags/example_dataset_alias.py
[2024-12-10T08:06:05.163+0000] {processor.py:914} INFO - Processing file /home/airflow/.local/lib/python3.12/site-packages/airflow/example_dags/example_dataset_alias.py for tasks to queue
[2024-12-10T08:06:05.165+0000] {logging_mixin.py:190} INFO - [2024-12-10T08:06:05.165+0000] {dagbag.py:588} INFO - Filling up the DagBag from /home/airflow/.local/lib/python3.12/site-packages/airflow/example_dags/example_dataset_alias.py
[2024-12-10T08:06:05.923+0000] {processor.py:925} INFO - DAG(s) 'dataset_s3_bucket_producer', 'dataset_s3_bucket_consumer', 'dataset_alias_example_alias_consumer', 'dataset_alias_example_alias_producer' retrieved from /home/airflow/.local/lib/python3.12/site-packages/airflow/example_dags/example_dataset_alias.py
[2024-12-10T08:06:05.948+0000] {logging_mixin.py:190} INFO - [2024-12-10T08:06:05.948+0000] {dag.py:3239} INFO - Sync 4 DAGs
[2024-12-10T08:06:05.973+0000] {logging_mixin.py:190} INFO - [2024-12-10T08:06:05.973+0000] {dag.py:4180} INFO - Setting next_dagrun for dataset_alias_example_alias_consumer to None, run_after=None
[2024-12-10T08:06:05.976+0000] {logging_mixin.py:190} INFO - [2024-12-10T08:06:05.976+0000] {dag.py:4180} INFO - Setting next_dagrun for dataset_alias_example_alias_producer to None, run_after=None
[2024-12-10T08:06:05.978+0000] {logging_mixin.py:190} INFO - [2024-12-10T08:06:05.978+0000] {dag.py:4180} INFO - Setting next_dagrun for dataset_s3_bucket_consumer to None, run_after=None
[2024-12-10T08:06:05.980+0000] {logging_mixin.py:190} INFO - [2024-12-10T08:06:05.979+0000] {dag.py:4180} INFO - Setting next_dagrun for dataset_s3_bucket_producer to None, run_after=None
[2024-12-10T08:06:06.002+0000] {processor.py:208} INFO - Processing /home/airflow/.local/lib/python3.12/site-packages/airflow/example_dags/example_dataset_alias.py took 0.847 seconds
[2024-12-10T08:06:36.894+0000] {processor.py:186} INFO - Started process (PID=1384) to work on /home/airflow/.local/lib/python3.12/site-packages/airflow/example_dags/example_dataset_alias.py
[2024-12-10T08:06:36.896+0000] {processor.py:914} INFO - Processing file /home/airflow/.local/lib/python3.12/site-packages/airflow/example_dags/example_dataset_alias.py for tasks to queue
[2024-12-10T08:06:36.900+0000] {logging_mixin.py:190} INFO - [2024-12-10T08:06:36.900+0000] {dagbag.py:588} INFO - Filling up the DagBag from /home/airflow/.local/lib/python3.12/site-packages/airflow/example_dags/example_dataset_alias.py
[2024-12-10T08:06:37.696+0000] {processor.py:925} INFO - DAG(s) 'dataset_alias_example_alias_consumer', 'dataset_alias_example_alias_producer', 'dataset_s3_bucket_producer', 'dataset_s3_bucket_consumer' retrieved from /home/airflow/.local/lib/python3.12/site-packages/airflow/example_dags/example_dataset_alias.py
[2024-12-10T08:06:37.724+0000] {logging_mixin.py:190} INFO - [2024-12-10T08:06:37.724+0000] {dag.py:3239} INFO - Sync 4 DAGs
[2024-12-10T08:06:37.750+0000] {logging_mixin.py:190} INFO - [2024-12-10T08:06:37.750+0000] {dag.py:4180} INFO - Setting next_dagrun for dataset_alias_example_alias_consumer to None, run_after=None
[2024-12-10T08:06:37.754+0000] {logging_mixin.py:190} INFO - [2024-12-10T08:06:37.753+0000] {dag.py:4180} INFO - Setting next_dagrun for dataset_alias_example_alias_producer to None, run_after=None
[2024-12-10T08:06:37.756+0000] {logging_mixin.py:190} INFO - [2024-12-10T08:06:37.756+0000] {dag.py:4180} INFO - Setting next_dagrun for dataset_s3_bucket_consumer to None, run_after=None
[2024-12-10T08:06:37.758+0000] {logging_mixin.py:190} INFO - [2024-12-10T08:06:37.757+0000] {dag.py:4180} INFO - Setting next_dagrun for dataset_s3_bucket_producer to None, run_after=None
[2024-12-10T08:06:37.782+0000] {processor.py:208} INFO - Processing /home/airflow/.local/lib/python3.12/site-packages/airflow/example_dags/example_dataset_alias.py took 0.898 seconds
[2024-12-10T08:08:30.288+0000] {processor.py:186} INFO - Started process (PID=109) to work on /home/airflow/.local/lib/python3.12/site-packages/airflow/example_dags/example_dataset_alias.py
[2024-12-10T08:08:30.290+0000] {processor.py:914} INFO - Processing file /home/airflow/.local/lib/python3.12/site-packages/airflow/example_dags/example_dataset_alias.py for tasks to queue
[2024-12-10T08:08:30.293+0000] {logging_mixin.py:190} INFO - [2024-12-10T08:08:30.293+0000] {dagbag.py:588} INFO - Filling up the DagBag from /home/airflow/.local/lib/python3.12/site-packages/airflow/example_dags/example_dataset_alias.py
[2024-12-10T08:08:31.305+0000] {processor.py:925} INFO - DAG(s) 'dataset_s3_bucket_consumer', 'dataset_alias_example_alias_producer', 'dataset_alias_example_alias_consumer', 'dataset_s3_bucket_producer' retrieved from /home/airflow/.local/lib/python3.12/site-packages/airflow/example_dags/example_dataset_alias.py
[2024-12-10T08:08:31.340+0000] {logging_mixin.py:190} INFO - [2024-12-10T08:08:31.340+0000] {dag.py:3239} INFO - Sync 4 DAGs
[2024-12-10T08:08:31.377+0000] {logging_mixin.py:190} INFO - [2024-12-10T08:08:31.376+0000] {dag.py:4180} INFO - Setting next_dagrun for dataset_alias_example_alias_consumer to None, run_after=None
[2024-12-10T08:08:31.383+0000] {logging_mixin.py:190} INFO - [2024-12-10T08:08:31.383+0000] {dag.py:4180} INFO - Setting next_dagrun for dataset_alias_example_alias_producer to None, run_after=None
[2024-12-10T08:08:31.386+0000] {logging_mixin.py:190} INFO - [2024-12-10T08:08:31.385+0000] {dag.py:4180} INFO - Setting next_dagrun for dataset_s3_bucket_consumer to None, run_after=None
[2024-12-10T08:08:31.387+0000] {logging_mixin.py:190} INFO - [2024-12-10T08:08:31.387+0000] {dag.py:4180} INFO - Setting next_dagrun for dataset_s3_bucket_producer to None, run_after=None
[2024-12-10T08:08:31.420+0000] {processor.py:208} INFO - Processing /home/airflow/.local/lib/python3.12/site-packages/airflow/example_dags/example_dataset_alias.py took 1.140 seconds
[2024-12-10T08:09:02.260+0000] {processor.py:186} INFO - Started process (PID=174) to work on /home/airflow/.local/lib/python3.12/site-packages/airflow/example_dags/example_dataset_alias.py
[2024-12-10T08:09:02.261+0000] {processor.py:914} INFO - Processing file /home/airflow/.local/lib/python3.12/site-packages/airflow/example_dags/example_dataset_alias.py for tasks to queue
[2024-12-10T08:09:02.264+0000] {logging_mixin.py:190} INFO - [2024-12-10T08:09:02.263+0000] {dagbag.py:588} INFO - Filling up the DagBag from /home/airflow/.local/lib/python3.12/site-packages/airflow/example_dags/example_dataset_alias.py
[2024-12-10T08:09:03.105+0000] {processor.py:925} INFO - DAG(s) 'dataset_s3_bucket_producer', 'dataset_alias_example_alias_consumer', 'dataset_s3_bucket_consumer', 'dataset_alias_example_alias_producer' retrieved from /home/airflow/.local/lib/python3.12/site-packages/airflow/example_dags/example_dataset_alias.py
[2024-12-10T08:09:03.140+0000] {logging_mixin.py:190} INFO - [2024-12-10T08:09:03.139+0000] {dag.py:3239} INFO - Sync 4 DAGs
[2024-12-10T08:09:03.188+0000] {logging_mixin.py:190} INFO - [2024-12-10T08:09:03.187+0000] {dag.py:4180} INFO - Setting next_dagrun for dataset_alias_example_alias_consumer to None, run_after=None
[2024-12-10T08:09:03.192+0000] {logging_mixin.py:190} INFO - [2024-12-10T08:09:03.191+0000] {dag.py:4180} INFO - Setting next_dagrun for dataset_alias_example_alias_producer to None, run_after=None
[2024-12-10T08:09:03.194+0000] {logging_mixin.py:190} INFO - [2024-12-10T08:09:03.194+0000] {dag.py:4180} INFO - Setting next_dagrun for dataset_s3_bucket_consumer to None, run_after=None
[2024-12-10T08:09:03.198+0000] {logging_mixin.py:190} INFO - [2024-12-10T08:09:03.198+0000] {dag.py:4180} INFO - Setting next_dagrun for dataset_s3_bucket_producer to None, run_after=None
[2024-12-10T08:09:03.237+0000] {processor.py:208} INFO - Processing /home/airflow/.local/lib/python3.12/site-packages/airflow/example_dags/example_dataset_alias.py took 0.983 seconds
[2024-12-10T08:09:33.596+0000] {processor.py:186} INFO - Started process (PID=237) to work on /home/airflow/.local/lib/python3.12/site-packages/airflow/example_dags/example_dataset_alias.py
[2024-12-10T08:09:33.597+0000] {processor.py:914} INFO - Processing file /home/airflow/.local/lib/python3.12/site-packages/airflow/example_dags/example_dataset_alias.py for tasks to queue
[2024-12-10T08:09:33.599+0000] {logging_mixin.py:190} INFO - [2024-12-10T08:09:33.599+0000] {dagbag.py:588} INFO - Filling up the DagBag from /home/airflow/.local/lib/python3.12/site-packages/airflow/example_dags/example_dataset_alias.py
[2024-12-10T08:09:34.321+0000] {processor.py:925} INFO - DAG(s) 'dataset_s3_bucket_producer', 'dataset_alias_example_alias_producer', 'dataset_alias_example_alias_consumer', 'dataset_s3_bucket_consumer' retrieved from /home/airflow/.local/lib/python3.12/site-packages/airflow/example_dags/example_dataset_alias.py
[2024-12-10T08:09:34.352+0000] {logging_mixin.py:190} INFO - [2024-12-10T08:09:34.351+0000] {dag.py:3239} INFO - Sync 4 DAGs
[2024-12-10T08:09:34.382+0000] {logging_mixin.py:190} INFO - [2024-12-10T08:09:34.381+0000] {dag.py:4180} INFO - Setting next_dagrun for dataset_alias_example_alias_consumer to None, run_after=None
[2024-12-10T08:09:34.386+0000] {logging_mixin.py:190} INFO - [2024-12-10T08:09:34.386+0000] {dag.py:4180} INFO - Setting next_dagrun for dataset_alias_example_alias_producer to None, run_after=None
[2024-12-10T08:09:34.388+0000] {logging_mixin.py:190} INFO - [2024-12-10T08:09:34.388+0000] {dag.py:4180} INFO - Setting next_dagrun for dataset_s3_bucket_consumer to None, run_after=None
[2024-12-10T08:09:34.390+0000] {logging_mixin.py:190} INFO - [2024-12-10T08:09:34.389+0000] {dag.py:4180} INFO - Setting next_dagrun for dataset_s3_bucket_producer to None, run_after=None
[2024-12-10T08:09:34.420+0000] {processor.py:208} INFO - Processing /home/airflow/.local/lib/python3.12/site-packages/airflow/example_dags/example_dataset_alias.py took 0.831 seconds
[2024-12-10T08:10:05.248+0000] {processor.py:186} INFO - Started process (PID=300) to work on /home/airflow/.local/lib/python3.12/site-packages/airflow/example_dags/example_dataset_alias.py
[2024-12-10T08:10:05.250+0000] {processor.py:914} INFO - Processing file /home/airflow/.local/lib/python3.12/site-packages/airflow/example_dags/example_dataset_alias.py for tasks to queue
[2024-12-10T08:10:05.253+0000] {logging_mixin.py:190} INFO - [2024-12-10T08:10:05.253+0000] {dagbag.py:588} INFO - Filling up the DagBag from /home/airflow/.local/lib/python3.12/site-packages/airflow/example_dags/example_dataset_alias.py
[2024-12-10T08:10:05.983+0000] {processor.py:925} INFO - DAG(s) 'dataset_s3_bucket_consumer', 'dataset_s3_bucket_producer', 'dataset_alias_example_alias_consumer', 'dataset_alias_example_alias_producer' retrieved from /home/airflow/.local/lib/python3.12/site-packages/airflow/example_dags/example_dataset_alias.py
[2024-12-10T08:10:06.005+0000] {logging_mixin.py:190} INFO - [2024-12-10T08:10:06.005+0000] {dag.py:3239} INFO - Sync 4 DAGs
[2024-12-10T08:10:06.035+0000] {logging_mixin.py:190} INFO - [2024-12-10T08:10:06.035+0000] {dag.py:4180} INFO - Setting next_dagrun for dataset_alias_example_alias_consumer to None, run_after=None
[2024-12-10T08:10:06.038+0000] {logging_mixin.py:190} INFO - [2024-12-10T08:10:06.038+0000] {dag.py:4180} INFO - Setting next_dagrun for dataset_alias_example_alias_producer to None, run_after=None
[2024-12-10T08:10:06.040+0000] {logging_mixin.py:190} INFO - [2024-12-10T08:10:06.040+0000] {dag.py:4180} INFO - Setting next_dagrun for dataset_s3_bucket_consumer to None, run_after=None
[2024-12-10T08:10:06.042+0000] {logging_mixin.py:190} INFO - [2024-12-10T08:10:06.042+0000] {dag.py:4180} INFO - Setting next_dagrun for dataset_s3_bucket_producer to None, run_after=None
[2024-12-10T08:10:06.065+0000] {processor.py:208} INFO - Processing /home/airflow/.local/lib/python3.12/site-packages/airflow/example_dags/example_dataset_alias.py took 0.825 seconds
[2024-12-10T08:10:36.249+0000] {processor.py:186} INFO - Started process (PID=363) to work on /home/airflow/.local/lib/python3.12/site-packages/airflow/example_dags/example_dataset_alias.py
[2024-12-10T08:10:36.252+0000] {processor.py:914} INFO - Processing file /home/airflow/.local/lib/python3.12/site-packages/airflow/example_dags/example_dataset_alias.py for tasks to queue
[2024-12-10T08:10:36.256+0000] {logging_mixin.py:190} INFO - [2024-12-10T08:10:36.255+0000] {dagbag.py:588} INFO - Filling up the DagBag from /home/airflow/.local/lib/python3.12/site-packages/airflow/example_dags/example_dataset_alias.py
[2024-12-10T08:10:37.055+0000] {processor.py:925} INFO - DAG(s) 'dataset_alias_example_alias_producer', 'dataset_alias_example_alias_consumer', 'dataset_s3_bucket_consumer', 'dataset_s3_bucket_producer' retrieved from /home/airflow/.local/lib/python3.12/site-packages/airflow/example_dags/example_dataset_alias.py
[2024-12-10T08:10:37.093+0000] {logging_mixin.py:190} INFO - [2024-12-10T08:10:37.092+0000] {dag.py:3239} INFO - Sync 4 DAGs
[2024-12-10T08:10:37.133+0000] {logging_mixin.py:190} INFO - [2024-12-10T08:10:37.132+0000] {dag.py:4180} INFO - Setting next_dagrun for dataset_alias_example_alias_consumer to None, run_after=None
[2024-12-10T08:10:37.136+0000] {logging_mixin.py:190} INFO - [2024-12-10T08:10:37.136+0000] {dag.py:4180} INFO - Setting next_dagrun for dataset_alias_example_alias_producer to None, run_after=None
[2024-12-10T08:10:37.138+0000] {logging_mixin.py:190} INFO - [2024-12-10T08:10:37.137+0000] {dag.py:4180} INFO - Setting next_dagrun for dataset_s3_bucket_consumer to None, run_after=None
[2024-12-10T08:10:37.139+0000] {logging_mixin.py:190} INFO - [2024-12-10T08:10:37.139+0000] {dag.py:4180} INFO - Setting next_dagrun for dataset_s3_bucket_producer to None, run_after=None
[2024-12-10T08:10:37.169+0000] {processor.py:208} INFO - Processing /home/airflow/.local/lib/python3.12/site-packages/airflow/example_dags/example_dataset_alias.py took 0.936 seconds
[2024-12-10T08:11:07.891+0000] {processor.py:186} INFO - Started process (PID=426) to work on /home/airflow/.local/lib/python3.12/site-packages/airflow/example_dags/example_dataset_alias.py
[2024-12-10T08:11:07.892+0000] {processor.py:914} INFO - Processing file /home/airflow/.local/lib/python3.12/site-packages/airflow/example_dags/example_dataset_alias.py for tasks to queue
[2024-12-10T08:11:07.897+0000] {logging_mixin.py:190} INFO - [2024-12-10T08:11:07.896+0000] {dagbag.py:588} INFO - Filling up the DagBag from /home/airflow/.local/lib/python3.12/site-packages/airflow/example_dags/example_dataset_alias.py
[2024-12-10T08:11:08.684+0000] {processor.py:925} INFO - DAG(s) 'dataset_alias_example_alias_producer', 'dataset_s3_bucket_producer', 'dataset_alias_example_alias_consumer', 'dataset_s3_bucket_consumer' retrieved from /home/airflow/.local/lib/python3.12/site-packages/airflow/example_dags/example_dataset_alias.py
[2024-12-10T08:11:08.711+0000] {logging_mixin.py:190} INFO - [2024-12-10T08:11:08.710+0000] {dag.py:3239} INFO - Sync 4 DAGs
[2024-12-10T08:11:08.741+0000] {logging_mixin.py:190} INFO - [2024-12-10T08:11:08.741+0000] {dag.py:4180} INFO - Setting next_dagrun for dataset_alias_example_alias_consumer to None, run_after=None
[2024-12-10T08:11:08.746+0000] {logging_mixin.py:190} INFO - [2024-12-10T08:11:08.746+0000] {dag.py:4180} INFO - Setting next_dagrun for dataset_alias_example_alias_producer to None, run_after=None
[2024-12-10T08:11:08.749+0000] {logging_mixin.py:190} INFO - [2024-12-10T08:11:08.748+0000] {dag.py:4180} INFO - Setting next_dagrun for dataset_s3_bucket_consumer to None, run_after=None
[2024-12-10T08:11:08.751+0000] {logging_mixin.py:190} INFO - [2024-12-10T08:11:08.751+0000] {dag.py:4180} INFO - Setting next_dagrun for dataset_s3_bucket_producer to None, run_after=None
[2024-12-10T08:11:08.780+0000] {processor.py:208} INFO - Processing /home/airflow/.local/lib/python3.12/site-packages/airflow/example_dags/example_dataset_alias.py took 0.895 seconds
[2024-12-10T08:11:39.271+0000] {processor.py:186} INFO - Started process (PID=489) to work on /home/airflow/.local/lib/python3.12/site-packages/airflow/example_dags/example_dataset_alias.py
[2024-12-10T08:11:39.272+0000] {processor.py:914} INFO - Processing file /home/airflow/.local/lib/python3.12/site-packages/airflow/example_dags/example_dataset_alias.py for tasks to queue
[2024-12-10T08:11:39.275+0000] {logging_mixin.py:190} INFO - [2024-12-10T08:11:39.275+0000] {dagbag.py:588} INFO - Filling up the DagBag from /home/airflow/.local/lib/python3.12/site-packages/airflow/example_dags/example_dataset_alias.py
[2024-12-10T08:11:40.229+0000] {processor.py:925} INFO - DAG(s) 'dataset_alias_example_alias_consumer', 'dataset_s3_bucket_consumer', 'dataset_alias_example_alias_producer', 'dataset_s3_bucket_producer' retrieved from /home/airflow/.local/lib/python3.12/site-packages/airflow/example_dags/example_dataset_alias.py
[2024-12-10T08:11:40.270+0000] {logging_mixin.py:190} INFO - [2024-12-10T08:11:40.270+0000] {dag.py:3239} INFO - Sync 4 DAGs
[2024-12-10T08:11:40.304+0000] {logging_mixin.py:190} INFO - [2024-12-10T08:11:40.304+0000] {dag.py:4180} INFO - Setting next_dagrun for dataset_alias_example_alias_consumer to None, run_after=None
[2024-12-10T08:11:40.310+0000] {logging_mixin.py:190} INFO - [2024-12-10T08:11:40.310+0000] {dag.py:4180} INFO - Setting next_dagrun for dataset_alias_example_alias_producer to None, run_after=None
[2024-12-10T08:11:40.312+0000] {logging_mixin.py:190} INFO - [2024-12-10T08:11:40.312+0000] {dag.py:4180} INFO - Setting next_dagrun for dataset_s3_bucket_consumer to None, run_after=None
[2024-12-10T08:11:40.315+0000] {logging_mixin.py:190} INFO - [2024-12-10T08:11:40.315+0000] {dag.py:4180} INFO - Setting next_dagrun for dataset_s3_bucket_producer to None, run_after=None
[2024-12-10T08:11:40.354+0000] {processor.py:208} INFO - Processing /home/airflow/.local/lib/python3.12/site-packages/airflow/example_dags/example_dataset_alias.py took 1.089 seconds
[2024-12-10T08:12:10.867+0000] {processor.py:186} INFO - Started process (PID=552) to work on /home/airflow/.local/lib/python3.12/site-packages/airflow/example_dags/example_dataset_alias.py
[2024-12-10T08:12:10.868+0000] {processor.py:914} INFO - Processing file /home/airflow/.local/lib/python3.12/site-packages/airflow/example_dags/example_dataset_alias.py for tasks to queue
[2024-12-10T08:12:10.871+0000] {logging_mixin.py:190} INFO - [2024-12-10T08:12:10.871+0000] {dagbag.py:588} INFO - Filling up the DagBag from /home/airflow/.local/lib/python3.12/site-packages/airflow/example_dags/example_dataset_alias.py
[2024-12-10T08:12:11.714+0000] {processor.py:925} INFO - DAG(s) 'dataset_s3_bucket_consumer', 'dataset_alias_example_alias_consumer', 'dataset_s3_bucket_producer', 'dataset_alias_example_alias_producer' retrieved from /home/airflow/.local/lib/python3.12/site-packages/airflow/example_dags/example_dataset_alias.py
[2024-12-10T08:12:11.746+0000] {logging_mixin.py:190} INFO - [2024-12-10T08:12:11.745+0000] {dag.py:3239} INFO - Sync 4 DAGs
[2024-12-10T08:12:11.782+0000] {logging_mixin.py:190} INFO - [2024-12-10T08:12:11.782+0000] {dag.py:4180} INFO - Setting next_dagrun for dataset_alias_example_alias_consumer to None, run_after=None
[2024-12-10T08:12:11.786+0000] {logging_mixin.py:190} INFO - [2024-12-10T08:12:11.786+0000] {dag.py:4180} INFO - Setting next_dagrun for dataset_alias_example_alias_producer to None, run_after=None
[2024-12-10T08:12:11.789+0000] {logging_mixin.py:190} INFO - [2024-12-10T08:12:11.788+0000] {dag.py:4180} INFO - Setting next_dagrun for dataset_s3_bucket_consumer to None, run_after=None
[2024-12-10T08:12:11.791+0000] {logging_mixin.py:190} INFO - [2024-12-10T08:12:11.791+0000] {dag.py:4180} INFO - Setting next_dagrun for dataset_s3_bucket_producer to None, run_after=None
[2024-12-10T08:12:11.827+0000] {processor.py:208} INFO - Processing /home/airflow/.local/lib/python3.12/site-packages/airflow/example_dags/example_dataset_alias.py took 0.968 seconds
[2024-12-10T08:12:42.026+0000] {processor.py:186} INFO - Started process (PID=615) to work on /home/airflow/.local/lib/python3.12/site-packages/airflow/example_dags/example_dataset_alias.py
[2024-12-10T08:12:42.028+0000] {processor.py:914} INFO - Processing file /home/airflow/.local/lib/python3.12/site-packages/airflow/example_dags/example_dataset_alias.py for tasks to queue
[2024-12-10T08:12:42.031+0000] {logging_mixin.py:190} INFO - [2024-12-10T08:12:42.031+0000] {dagbag.py:588} INFO - Filling up the DagBag from /home/airflow/.local/lib/python3.12/site-packages/airflow/example_dags/example_dataset_alias.py
[2024-12-10T08:12:42.699+0000] {processor.py:925} INFO - DAG(s) 'dataset_alias_example_alias_producer', 'dataset_s3_bucket_consumer', 'dataset_alias_example_alias_consumer', 'dataset_s3_bucket_producer' retrieved from /home/airflow/.local/lib/python3.12/site-packages/airflow/example_dags/example_dataset_alias.py
[2024-12-10T08:12:42.723+0000] {logging_mixin.py:190} INFO - [2024-12-10T08:12:42.722+0000] {dag.py:3239} INFO - Sync 4 DAGs
[2024-12-10T08:12:42.751+0000] {logging_mixin.py:190} INFO - [2024-12-10T08:12:42.751+0000] {dag.py:4180} INFO - Setting next_dagrun for dataset_alias_example_alias_consumer to None, run_after=None
[2024-12-10T08:12:42.754+0000] {logging_mixin.py:190} INFO - [2024-12-10T08:12:42.754+0000] {dag.py:4180} INFO - Setting next_dagrun for dataset_alias_example_alias_producer to None, run_after=None
[2024-12-10T08:12:42.756+0000] {logging_mixin.py:190} INFO - [2024-12-10T08:12:42.756+0000] {dag.py:4180} INFO - Setting next_dagrun for dataset_s3_bucket_consumer to None, run_after=None
[2024-12-10T08:12:42.758+0000] {logging_mixin.py:190} INFO - [2024-12-10T08:12:42.758+0000] {dag.py:4180} INFO - Setting next_dagrun for dataset_s3_bucket_producer to None, run_after=None
[2024-12-10T08:12:42.783+0000] {processor.py:208} INFO - Processing /home/airflow/.local/lib/python3.12/site-packages/airflow/example_dags/example_dataset_alias.py took 0.765 seconds
[2024-12-10T08:13:13.507+0000] {processor.py:186} INFO - Started process (PID=678) to work on /home/airflow/.local/lib/python3.12/site-packages/airflow/example_dags/example_dataset_alias.py
[2024-12-10T08:13:13.508+0000] {processor.py:914} INFO - Processing file /home/airflow/.local/lib/python3.12/site-packages/airflow/example_dags/example_dataset_alias.py for tasks to queue
[2024-12-10T08:13:13.511+0000] {logging_mixin.py:190} INFO - [2024-12-10T08:13:13.511+0000] {dagbag.py:588} INFO - Filling up the DagBag from /home/airflow/.local/lib/python3.12/site-packages/airflow/example_dags/example_dataset_alias.py
[2024-12-10T08:13:14.215+0000] {processor.py:925} INFO - DAG(s) 'dataset_s3_bucket_producer', 'dataset_alias_example_alias_consumer', 'dataset_s3_bucket_consumer', 'dataset_alias_example_alias_producer' retrieved from /home/airflow/.local/lib/python3.12/site-packages/airflow/example_dags/example_dataset_alias.py
[2024-12-10T08:13:14.244+0000] {logging_mixin.py:190} INFO - [2024-12-10T08:13:14.244+0000] {dag.py:3239} INFO - Sync 4 DAGs
[2024-12-10T08:13:14.275+0000] {logging_mixin.py:190} INFO - [2024-12-10T08:13:14.275+0000] {dag.py:4180} INFO - Setting next_dagrun for dataset_alias_example_alias_consumer to None, run_after=None
[2024-12-10T08:13:14.279+0000] {logging_mixin.py:190} INFO - [2024-12-10T08:13:14.278+0000] {dag.py:4180} INFO - Setting next_dagrun for dataset_alias_example_alias_producer to None, run_after=None
[2024-12-10T08:13:14.281+0000] {logging_mixin.py:190} INFO - [2024-12-10T08:13:14.280+0000] {dag.py:4180} INFO - Setting next_dagrun for dataset_s3_bucket_consumer to None, run_after=None
[2024-12-10T08:13:14.283+0000] {logging_mixin.py:190} INFO - [2024-12-10T08:13:14.282+0000] {dag.py:4180} INFO - Setting next_dagrun for dataset_s3_bucket_producer to None, run_after=None
[2024-12-10T08:13:14.313+0000] {processor.py:208} INFO - Processing /home/airflow/.local/lib/python3.12/site-packages/airflow/example_dags/example_dataset_alias.py took 0.812 seconds
[2024-12-10T08:13:45.180+0000] {processor.py:186} INFO - Started process (PID=741) to work on /home/airflow/.local/lib/python3.12/site-packages/airflow/example_dags/example_dataset_alias.py
[2024-12-10T08:13:45.182+0000] {processor.py:914} INFO - Processing file /home/airflow/.local/lib/python3.12/site-packages/airflow/example_dags/example_dataset_alias.py for tasks to queue
[2024-12-10T08:13:45.185+0000] {logging_mixin.py:190} INFO - [2024-12-10T08:13:45.184+0000] {dagbag.py:588} INFO - Filling up the DagBag from /home/airflow/.local/lib/python3.12/site-packages/airflow/example_dags/example_dataset_alias.py
[2024-12-10T08:13:45.961+0000] {processor.py:925} INFO - DAG(s) 'dataset_alias_example_alias_consumer', 'dataset_s3_bucket_consumer', 'dataset_s3_bucket_producer', 'dataset_alias_example_alias_producer' retrieved from /home/airflow/.local/lib/python3.12/site-packages/airflow/example_dags/example_dataset_alias.py
[2024-12-10T08:13:45.987+0000] {logging_mixin.py:190} INFO - [2024-12-10T08:13:45.986+0000] {dag.py:3239} INFO - Sync 4 DAGs
[2024-12-10T08:13:46.014+0000] {logging_mixin.py:190} INFO - [2024-12-10T08:13:46.014+0000] {dag.py:4180} INFO - Setting next_dagrun for dataset_alias_example_alias_consumer to None, run_after=None
[2024-12-10T08:13:46.018+0000] {logging_mixin.py:190} INFO - [2024-12-10T08:13:46.017+0000] {dag.py:4180} INFO - Setting next_dagrun for dataset_alias_example_alias_producer to None, run_after=None
[2024-12-10T08:13:46.022+0000] {logging_mixin.py:190} INFO - [2024-12-10T08:13:46.022+0000] {dag.py:4180} INFO - Setting next_dagrun for dataset_s3_bucket_consumer to None, run_after=None
[2024-12-10T08:13:46.024+0000] {logging_mixin.py:190} INFO - [2024-12-10T08:13:46.024+0000] {dag.py:4180} INFO - Setting next_dagrun for dataset_s3_bucket_producer to None, run_after=None
[2024-12-10T08:13:46.055+0000] {processor.py:208} INFO - Processing /home/airflow/.local/lib/python3.12/site-packages/airflow/example_dags/example_dataset_alias.py took 0.883 seconds
[2024-12-10T08:15:35.498+0000] {processor.py:186} INFO - Started process (PID=109) to work on /home/airflow/.local/lib/python3.12/site-packages/airflow/example_dags/example_dataset_alias.py
[2024-12-10T08:15:35.499+0000] {processor.py:914} INFO - Processing file /home/airflow/.local/lib/python3.12/site-packages/airflow/example_dags/example_dataset_alias.py for tasks to queue
[2024-12-10T08:15:35.503+0000] {logging_mixin.py:190} INFO - [2024-12-10T08:15:35.502+0000] {dagbag.py:588} INFO - Filling up the DagBag from /home/airflow/.local/lib/python3.12/site-packages/airflow/example_dags/example_dataset_alias.py
[2024-12-10T08:15:36.282+0000] {processor.py:925} INFO - DAG(s) 'dataset_alias_example_alias_producer', 'dataset_s3_bucket_producer', 'dataset_s3_bucket_consumer', 'dataset_alias_example_alias_consumer' retrieved from /home/airflow/.local/lib/python3.12/site-packages/airflow/example_dags/example_dataset_alias.py
[2024-12-10T08:15:36.334+0000] {logging_mixin.py:190} INFO - [2024-12-10T08:15:36.333+0000] {dag.py:3239} INFO - Sync 4 DAGs
[2024-12-10T08:15:36.371+0000] {logging_mixin.py:190} INFO - [2024-12-10T08:15:36.371+0000] {dag.py:4180} INFO - Setting next_dagrun for dataset_alias_example_alias_consumer to None, run_after=None
[2024-12-10T08:15:36.375+0000] {logging_mixin.py:190} INFO - [2024-12-10T08:15:36.375+0000] {dag.py:4180} INFO - Setting next_dagrun for dataset_alias_example_alias_producer to None, run_after=None
[2024-12-10T08:15:36.378+0000] {logging_mixin.py:190} INFO - [2024-12-10T08:15:36.378+0000] {dag.py:4180} INFO - Setting next_dagrun for dataset_s3_bucket_consumer to None, run_after=None
[2024-12-10T08:15:36.380+0000] {logging_mixin.py:190} INFO - [2024-12-10T08:15:36.380+0000] {dag.py:4180} INFO - Setting next_dagrun for dataset_s3_bucket_producer to None, run_after=None
[2024-12-10T08:15:36.425+0000] {processor.py:208} INFO - Processing /home/airflow/.local/lib/python3.12/site-packages/airflow/example_dags/example_dataset_alias.py took 0.934 seconds
[2024-12-10T08:16:06.749+0000] {processor.py:186} INFO - Started process (PID=172) to work on /home/airflow/.local/lib/python3.12/site-packages/airflow/example_dags/example_dataset_alias.py
[2024-12-10T08:16:06.750+0000] {processor.py:914} INFO - Processing file /home/airflow/.local/lib/python3.12/site-packages/airflow/example_dags/example_dataset_alias.py for tasks to queue
[2024-12-10T08:16:06.752+0000] {logging_mixin.py:190} INFO - [2024-12-10T08:16:06.752+0000] {dagbag.py:588} INFO - Filling up the DagBag from /home/airflow/.local/lib/python3.12/site-packages/airflow/example_dags/example_dataset_alias.py
[2024-12-10T08:16:07.532+0000] {processor.py:925} INFO - DAG(s) 'dataset_alias_example_alias_consumer', 'dataset_s3_bucket_producer', 'dataset_s3_bucket_consumer', 'dataset_alias_example_alias_producer' retrieved from /home/airflow/.local/lib/python3.12/site-packages/airflow/example_dags/example_dataset_alias.py
[2024-12-10T08:16:07.556+0000] {logging_mixin.py:190} INFO - [2024-12-10T08:16:07.555+0000] {dag.py:3239} INFO - Sync 4 DAGs
[2024-12-10T08:16:07.579+0000] {logging_mixin.py:190} INFO - [2024-12-10T08:16:07.579+0000] {dag.py:4180} INFO - Setting next_dagrun for dataset_alias_example_alias_consumer to None, run_after=None
[2024-12-10T08:16:07.582+0000] {logging_mixin.py:190} INFO - [2024-12-10T08:16:07.582+0000] {dag.py:4180} INFO - Setting next_dagrun for dataset_alias_example_alias_producer to None, run_after=None
[2024-12-10T08:16:07.585+0000] {logging_mixin.py:190} INFO - [2024-12-10T08:16:07.584+0000] {dag.py:4180} INFO - Setting next_dagrun for dataset_s3_bucket_consumer to None, run_after=None
[2024-12-10T08:16:07.587+0000] {logging_mixin.py:190} INFO - [2024-12-10T08:16:07.587+0000] {dag.py:4180} INFO - Setting next_dagrun for dataset_s3_bucket_producer to None, run_after=None
[2024-12-10T08:16:07.612+0000] {processor.py:208} INFO - Processing /home/airflow/.local/lib/python3.12/site-packages/airflow/example_dags/example_dataset_alias.py took 0.870 seconds
[2024-12-10T08:16:37.683+0000] {processor.py:186} INFO - Started process (PID=235) to work on /home/airflow/.local/lib/python3.12/site-packages/airflow/example_dags/example_dataset_alias.py
[2024-12-10T08:16:37.684+0000] {processor.py:914} INFO - Processing file /home/airflow/.local/lib/python3.12/site-packages/airflow/example_dags/example_dataset_alias.py for tasks to queue
[2024-12-10T08:16:37.687+0000] {logging_mixin.py:190} INFO - [2024-12-10T08:16:37.687+0000] {dagbag.py:588} INFO - Filling up the DagBag from /home/airflow/.local/lib/python3.12/site-packages/airflow/example_dags/example_dataset_alias.py
[2024-12-10T08:16:38.451+0000] {processor.py:925} INFO - DAG(s) 'dataset_s3_bucket_producer', 'dataset_s3_bucket_consumer', 'dataset_alias_example_alias_producer', 'dataset_alias_example_alias_consumer' retrieved from /home/airflow/.local/lib/python3.12/site-packages/airflow/example_dags/example_dataset_alias.py
[2024-12-10T08:16:38.480+0000] {logging_mixin.py:190} INFO - [2024-12-10T08:16:38.479+0000] {dag.py:3239} INFO - Sync 4 DAGs
[2024-12-10T08:16:38.507+0000] {logging_mixin.py:190} INFO - [2024-12-10T08:16:38.506+0000] {dag.py:4180} INFO - Setting next_dagrun for dataset_alias_example_alias_consumer to None, run_after=None
[2024-12-10T08:16:38.510+0000] {logging_mixin.py:190} INFO - [2024-12-10T08:16:38.510+0000] {dag.py:4180} INFO - Setting next_dagrun for dataset_alias_example_alias_producer to None, run_after=None
[2024-12-10T08:16:38.512+0000] {logging_mixin.py:190} INFO - [2024-12-10T08:16:38.512+0000] {dag.py:4180} INFO - Setting next_dagrun for dataset_s3_bucket_consumer to None, run_after=None
[2024-12-10T08:16:38.514+0000] {logging_mixin.py:190} INFO - [2024-12-10T08:16:38.513+0000] {dag.py:4180} INFO - Setting next_dagrun for dataset_s3_bucket_producer to None, run_after=None
[2024-12-10T08:16:38.538+0000] {processor.py:208} INFO - Processing /home/airflow/.local/lib/python3.12/site-packages/airflow/example_dags/example_dataset_alias.py took 0.862 seconds
[2024-12-10T08:17:09.158+0000] {processor.py:186} INFO - Started process (PID=300) to work on /home/airflow/.local/lib/python3.12/site-packages/airflow/example_dags/example_dataset_alias.py
[2024-12-10T08:17:09.160+0000] {processor.py:914} INFO - Processing file /home/airflow/.local/lib/python3.12/site-packages/airflow/example_dags/example_dataset_alias.py for tasks to queue
[2024-12-10T08:17:09.163+0000] {logging_mixin.py:190} INFO - [2024-12-10T08:17:09.163+0000] {dagbag.py:588} INFO - Filling up the DagBag from /home/airflow/.local/lib/python3.12/site-packages/airflow/example_dags/example_dataset_alias.py
[2024-12-10T08:17:09.910+0000] {processor.py:925} INFO - DAG(s) 'dataset_alias_example_alias_producer', 'dataset_s3_bucket_producer', 'dataset_alias_example_alias_consumer', 'dataset_s3_bucket_consumer' retrieved from /home/airflow/.local/lib/python3.12/site-packages/airflow/example_dags/example_dataset_alias.py
[2024-12-10T08:17:09.935+0000] {logging_mixin.py:190} INFO - [2024-12-10T08:17:09.934+0000] {dag.py:3239} INFO - Sync 4 DAGs
[2024-12-10T08:17:09.965+0000] {logging_mixin.py:190} INFO - [2024-12-10T08:17:09.965+0000] {dag.py:4180} INFO - Setting next_dagrun for dataset_alias_example_alias_consumer to None, run_after=None
[2024-12-10T08:17:09.969+0000] {logging_mixin.py:190} INFO - [2024-12-10T08:17:09.969+0000] {dag.py:4180} INFO - Setting next_dagrun for dataset_alias_example_alias_producer to None, run_after=None
[2024-12-10T08:17:09.971+0000] {logging_mixin.py:190} INFO - [2024-12-10T08:17:09.971+0000] {dag.py:4180} INFO - Setting next_dagrun for dataset_s3_bucket_consumer to None, run_after=None
[2024-12-10T08:17:09.973+0000] {logging_mixin.py:190} INFO - [2024-12-10T08:17:09.973+0000] {dag.py:4180} INFO - Setting next_dagrun for dataset_s3_bucket_producer to None, run_after=None
[2024-12-10T08:17:10.000+0000] {processor.py:208} INFO - Processing /home/airflow/.local/lib/python3.12/site-packages/airflow/example_dags/example_dataset_alias.py took 0.848 seconds
[2024-12-10T08:17:40.867+0000] {processor.py:186} INFO - Started process (PID=367) to work on /home/airflow/.local/lib/python3.12/site-packages/airflow/example_dags/example_dataset_alias.py
[2024-12-10T08:17:40.868+0000] {processor.py:914} INFO - Processing file /home/airflow/.local/lib/python3.12/site-packages/airflow/example_dags/example_dataset_alias.py for tasks to queue
[2024-12-10T08:17:40.871+0000] {logging_mixin.py:190} INFO - [2024-12-10T08:17:40.871+0000] {dagbag.py:588} INFO - Filling up the DagBag from /home/airflow/.local/lib/python3.12/site-packages/airflow/example_dags/example_dataset_alias.py
[2024-12-10T08:17:41.666+0000] {processor.py:925} INFO - DAG(s) 'dataset_s3_bucket_consumer', 'dataset_alias_example_alias_consumer', 'dataset_s3_bucket_producer', 'dataset_alias_example_alias_producer' retrieved from /home/airflow/.local/lib/python3.12/site-packages/airflow/example_dags/example_dataset_alias.py
[2024-12-10T08:17:41.692+0000] {logging_mixin.py:190} INFO - [2024-12-10T08:17:41.692+0000] {dag.py:3239} INFO - Sync 4 DAGs
[2024-12-10T08:17:41.722+0000] {logging_mixin.py:190} INFO - [2024-12-10T08:17:41.722+0000] {dag.py:4180} INFO - Setting next_dagrun for dataset_alias_example_alias_consumer to None, run_after=None
[2024-12-10T08:17:41.725+0000] {logging_mixin.py:190} INFO - [2024-12-10T08:17:41.725+0000] {dag.py:4180} INFO - Setting next_dagrun for dataset_alias_example_alias_producer to None, run_after=None
[2024-12-10T08:17:41.728+0000] {logging_mixin.py:190} INFO - [2024-12-10T08:17:41.727+0000] {dag.py:4180} INFO - Setting next_dagrun for dataset_s3_bucket_consumer to None, run_after=None
[2024-12-10T08:17:41.730+0000] {logging_mixin.py:190} INFO - [2024-12-10T08:17:41.730+0000] {dag.py:4180} INFO - Setting next_dagrun for dataset_s3_bucket_producer to None, run_after=None
[2024-12-10T08:17:41.756+0000] {processor.py:208} INFO - Processing /home/airflow/.local/lib/python3.12/site-packages/airflow/example_dags/example_dataset_alias.py took 0.896 seconds
[2024-12-10T08:18:11.839+0000] {processor.py:186} INFO - Started process (PID=426) to work on /home/airflow/.local/lib/python3.12/site-packages/airflow/example_dags/example_dataset_alias.py
[2024-12-10T08:18:11.840+0000] {processor.py:914} INFO - Processing file /home/airflow/.local/lib/python3.12/site-packages/airflow/example_dags/example_dataset_alias.py for tasks to queue
[2024-12-10T08:18:11.843+0000] {logging_mixin.py:190} INFO - [2024-12-10T08:18:11.843+0000] {dagbag.py:588} INFO - Filling up the DagBag from /home/airflow/.local/lib/python3.12/site-packages/airflow/example_dags/example_dataset_alias.py
[2024-12-10T08:18:12.512+0000] {processor.py:925} INFO - DAG(s) 'dataset_s3_bucket_consumer', 'dataset_alias_example_alias_producer', 'dataset_alias_example_alias_consumer', 'dataset_s3_bucket_producer' retrieved from /home/airflow/.local/lib/python3.12/site-packages/airflow/example_dags/example_dataset_alias.py
[2024-12-10T08:18:12.538+0000] {logging_mixin.py:190} INFO - [2024-12-10T08:18:12.538+0000] {dag.py:3239} INFO - Sync 4 DAGs
[2024-12-10T08:18:12.567+0000] {logging_mixin.py:190} INFO - [2024-12-10T08:18:12.567+0000] {dag.py:4180} INFO - Setting next_dagrun for dataset_alias_example_alias_consumer to None, run_after=None
[2024-12-10T08:18:12.570+0000] {logging_mixin.py:190} INFO - [2024-12-10T08:18:12.570+0000] {dag.py:4180} INFO - Setting next_dagrun for dataset_alias_example_alias_producer to None, run_after=None
[2024-12-10T08:18:12.572+0000] {logging_mixin.py:190} INFO - [2024-12-10T08:18:12.571+0000] {dag.py:4180} INFO - Setting next_dagrun for dataset_s3_bucket_consumer to None, run_after=None
[2024-12-10T08:18:12.573+0000] {logging_mixin.py:190} INFO - [2024-12-10T08:18:12.573+0000] {dag.py:4180} INFO - Setting next_dagrun for dataset_s3_bucket_producer to None, run_after=None
[2024-12-10T08:18:12.598+0000] {processor.py:208} INFO - Processing /home/airflow/.local/lib/python3.12/site-packages/airflow/example_dags/example_dataset_alias.py took 0.766 seconds
[2024-12-10T08:18:43.382+0000] {processor.py:186} INFO - Started process (PID=490) to work on /home/airflow/.local/lib/python3.12/site-packages/airflow/example_dags/example_dataset_alias.py
[2024-12-10T08:18:43.384+0000] {processor.py:914} INFO - Processing file /home/airflow/.local/lib/python3.12/site-packages/airflow/example_dags/example_dataset_alias.py for tasks to queue
[2024-12-10T08:18:43.387+0000] {logging_mixin.py:190} INFO - [2024-12-10T08:18:43.387+0000] {dagbag.py:588} INFO - Filling up the DagBag from /home/airflow/.local/lib/python3.12/site-packages/airflow/example_dags/example_dataset_alias.py
[2024-12-10T08:18:44.276+0000] {processor.py:925} INFO - DAG(s) 'dataset_s3_bucket_consumer', 'dataset_alias_example_alias_producer', 'dataset_s3_bucket_producer', 'dataset_alias_example_alias_consumer' retrieved from /home/airflow/.local/lib/python3.12/site-packages/airflow/example_dags/example_dataset_alias.py
[2024-12-10T08:18:44.301+0000] {logging_mixin.py:190} INFO - [2024-12-10T08:18:44.300+0000] {dag.py:3239} INFO - Sync 4 DAGs
[2024-12-10T08:18:44.326+0000] {logging_mixin.py:190} INFO - [2024-12-10T08:18:44.325+0000] {dag.py:4180} INFO - Setting next_dagrun for dataset_alias_example_alias_consumer to None, run_after=None
[2024-12-10T08:18:44.329+0000] {logging_mixin.py:190} INFO - [2024-12-10T08:18:44.329+0000] {dag.py:4180} INFO - Setting next_dagrun for dataset_alias_example_alias_producer to None, run_after=None
[2024-12-10T08:18:44.331+0000] {logging_mixin.py:190} INFO - [2024-12-10T08:18:44.331+0000] {dag.py:4180} INFO - Setting next_dagrun for dataset_s3_bucket_consumer to None, run_after=None
[2024-12-10T08:18:44.333+0000] {logging_mixin.py:190} INFO - [2024-12-10T08:18:44.333+0000] {dag.py:4180} INFO - Setting next_dagrun for dataset_s3_bucket_producer to None, run_after=None
[2024-12-10T08:18:44.356+0000] {processor.py:208} INFO - Processing /home/airflow/.local/lib/python3.12/site-packages/airflow/example_dags/example_dataset_alias.py took 0.984 seconds
[2024-12-10T08:19:14.692+0000] {processor.py:186} INFO - Started process (PID=552) to work on /home/airflow/.local/lib/python3.12/site-packages/airflow/example_dags/example_dataset_alias.py
[2024-12-10T08:19:14.693+0000] {processor.py:914} INFO - Processing file /home/airflow/.local/lib/python3.12/site-packages/airflow/example_dags/example_dataset_alias.py for tasks to queue
[2024-12-10T08:19:14.696+0000] {logging_mixin.py:190} INFO - [2024-12-10T08:19:14.696+0000] {dagbag.py:588} INFO - Filling up the DagBag from /home/airflow/.local/lib/python3.12/site-packages/airflow/example_dags/example_dataset_alias.py
[2024-12-10T08:19:15.341+0000] {processor.py:925} INFO - DAG(s) 'dataset_alias_example_alias_producer', 'dataset_s3_bucket_producer', 'dataset_alias_example_alias_consumer', 'dataset_s3_bucket_consumer' retrieved from /home/airflow/.local/lib/python3.12/site-packages/airflow/example_dags/example_dataset_alias.py
[2024-12-10T08:19:15.367+0000] {logging_mixin.py:190} INFO - [2024-12-10T08:19:15.366+0000] {dag.py:3239} INFO - Sync 4 DAGs
[2024-12-10T08:19:15.391+0000] {logging_mixin.py:190} INFO - [2024-12-10T08:19:15.391+0000] {dag.py:4180} INFO - Setting next_dagrun for dataset_alias_example_alias_consumer to None, run_after=None
[2024-12-10T08:19:15.394+0000] {logging_mixin.py:190} INFO - [2024-12-10T08:19:15.394+0000] {dag.py:4180} INFO - Setting next_dagrun for dataset_alias_example_alias_producer to None, run_after=None
[2024-12-10T08:19:15.396+0000] {logging_mixin.py:190} INFO - [2024-12-10T08:19:15.396+0000] {dag.py:4180} INFO - Setting next_dagrun for dataset_s3_bucket_consumer to None, run_after=None
[2024-12-10T08:19:15.397+0000] {logging_mixin.py:190} INFO - [2024-12-10T08:19:15.397+0000] {dag.py:4180} INFO - Setting next_dagrun for dataset_s3_bucket_producer to None, run_after=None
[2024-12-10T08:19:15.419+0000] {processor.py:208} INFO - Processing /home/airflow/.local/lib/python3.12/site-packages/airflow/example_dags/example_dataset_alias.py took 0.734 seconds
[2024-12-10T08:19:45.697+0000] {processor.py:186} INFO - Started process (PID=617) to work on /home/airflow/.local/lib/python3.12/site-packages/airflow/example_dags/example_dataset_alias.py
[2024-12-10T08:19:45.698+0000] {processor.py:914} INFO - Processing file /home/airflow/.local/lib/python3.12/site-packages/airflow/example_dags/example_dataset_alias.py for tasks to queue
[2024-12-10T08:19:45.701+0000] {logging_mixin.py:190} INFO - [2024-12-10T08:19:45.700+0000] {dagbag.py:588} INFO - Filling up the DagBag from /home/airflow/.local/lib/python3.12/site-packages/airflow/example_dags/example_dataset_alias.py
[2024-12-10T08:19:46.496+0000] {processor.py:925} INFO - DAG(s) 'dataset_s3_bucket_producer', 'dataset_s3_bucket_consumer', 'dataset_alias_example_alias_consumer', 'dataset_alias_example_alias_producer' retrieved from /home/airflow/.local/lib/python3.12/site-packages/airflow/example_dags/example_dataset_alias.py
[2024-12-10T08:19:46.523+0000] {logging_mixin.py:190} INFO - [2024-12-10T08:19:46.522+0000] {dag.py:3239} INFO - Sync 4 DAGs
[2024-12-10T08:19:46.553+0000] {logging_mixin.py:190} INFO - [2024-12-10T08:19:46.553+0000] {dag.py:4180} INFO - Setting next_dagrun for dataset_alias_example_alias_consumer to None, run_after=None
[2024-12-10T08:19:46.557+0000] {logging_mixin.py:190} INFO - [2024-12-10T08:19:46.557+0000] {dag.py:4180} INFO - Setting next_dagrun for dataset_alias_example_alias_producer to None, run_after=None
[2024-12-10T08:19:46.559+0000] {logging_mixin.py:190} INFO - [2024-12-10T08:19:46.559+0000] {dag.py:4180} INFO - Setting next_dagrun for dataset_s3_bucket_consumer to None, run_after=None
[2024-12-10T08:19:46.561+0000] {logging_mixin.py:190} INFO - [2024-12-10T08:19:46.561+0000] {dag.py:4180} INFO - Setting next_dagrun for dataset_s3_bucket_producer to None, run_after=None
[2024-12-10T08:19:46.594+0000] {processor.py:208} INFO - Processing /home/airflow/.local/lib/python3.12/site-packages/airflow/example_dags/example_dataset_alias.py took 0.904 seconds
[2024-12-10T08:20:17.944+0000] {processor.py:186} INFO - Started process (PID=683) to work on /home/airflow/.local/lib/python3.12/site-packages/airflow/example_dags/example_dataset_alias.py
[2024-12-10T08:20:17.945+0000] {processor.py:914} INFO - Processing file /home/airflow/.local/lib/python3.12/site-packages/airflow/example_dags/example_dataset_alias.py for tasks to queue
[2024-12-10T08:20:17.948+0000] {logging_mixin.py:190} INFO - [2024-12-10T08:20:17.947+0000] {dagbag.py:588} INFO - Filling up the DagBag from /home/airflow/.local/lib/python3.12/site-packages/airflow/example_dags/example_dataset_alias.py
[2024-12-10T08:20:18.751+0000] {processor.py:925} INFO - DAG(s) 'dataset_alias_example_alias_consumer', 'dataset_s3_bucket_consumer', 'dataset_alias_example_alias_producer', 'dataset_s3_bucket_producer' retrieved from /home/airflow/.local/lib/python3.12/site-packages/airflow/example_dags/example_dataset_alias.py
[2024-12-10T08:20:18.783+0000] {logging_mixin.py:190} INFO - [2024-12-10T08:20:18.782+0000] {dag.py:3239} INFO - Sync 4 DAGs
[2024-12-10T08:20:18.851+0000] {logging_mixin.py:190} INFO - [2024-12-10T08:20:18.850+0000] {dag.py:4180} INFO - Setting next_dagrun for dataset_alias_example_alias_consumer to None, run_after=None
[2024-12-10T08:20:18.855+0000] {logging_mixin.py:190} INFO - [2024-12-10T08:20:18.855+0000] {dag.py:4180} INFO - Setting next_dagrun for dataset_alias_example_alias_producer to None, run_after=None
[2024-12-10T08:20:18.858+0000] {logging_mixin.py:190} INFO - [2024-12-10T08:20:18.858+0000] {dag.py:4180} INFO - Setting next_dagrun for dataset_s3_bucket_consumer to None, run_after=None
[2024-12-10T08:20:18.861+0000] {logging_mixin.py:190} INFO - [2024-12-10T08:20:18.861+0000] {dag.py:4180} INFO - Setting next_dagrun for dataset_s3_bucket_producer to None, run_after=None
[2024-12-10T08:20:18.907+0000] {processor.py:208} INFO - Processing /home/airflow/.local/lib/python3.12/site-packages/airflow/example_dags/example_dataset_alias.py took 0.971 seconds
[2024-12-10T08:20:49.454+0000] {processor.py:186} INFO - Started process (PID=746) to work on /home/airflow/.local/lib/python3.12/site-packages/airflow/example_dags/example_dataset_alias.py
[2024-12-10T08:20:49.456+0000] {processor.py:914} INFO - Processing file /home/airflow/.local/lib/python3.12/site-packages/airflow/example_dags/example_dataset_alias.py for tasks to queue
[2024-12-10T08:20:49.460+0000] {logging_mixin.py:190} INFO - [2024-12-10T08:20:49.459+0000] {dagbag.py:588} INFO - Filling up the DagBag from /home/airflow/.local/lib/python3.12/site-packages/airflow/example_dags/example_dataset_alias.py
[2024-12-10T08:20:50.329+0000] {processor.py:925} INFO - DAG(s) 'dataset_alias_example_alias_consumer', 'dataset_alias_example_alias_producer', 'dataset_s3_bucket_consumer', 'dataset_s3_bucket_producer' retrieved from /home/airflow/.local/lib/python3.12/site-packages/airflow/example_dags/example_dataset_alias.py
[2024-12-10T08:20:50.360+0000] {logging_mixin.py:190} INFO - [2024-12-10T08:20:50.359+0000] {dag.py:3239} INFO - Sync 4 DAGs
[2024-12-10T08:20:50.391+0000] {logging_mixin.py:190} INFO - [2024-12-10T08:20:50.391+0000] {dag.py:4180} INFO - Setting next_dagrun for dataset_alias_example_alias_consumer to None, run_after=None
[2024-12-10T08:20:50.394+0000] {logging_mixin.py:190} INFO - [2024-12-10T08:20:50.394+0000] {dag.py:4180} INFO - Setting next_dagrun for dataset_alias_example_alias_producer to None, run_after=None
[2024-12-10T08:20:50.396+0000] {logging_mixin.py:190} INFO - [2024-12-10T08:20:50.396+0000] {dag.py:4180} INFO - Setting next_dagrun for dataset_s3_bucket_consumer to None, run_after=None
[2024-12-10T08:20:50.399+0000] {logging_mixin.py:190} INFO - [2024-12-10T08:20:50.398+0000] {dag.py:4180} INFO - Setting next_dagrun for dataset_s3_bucket_producer to None, run_after=None
[2024-12-10T08:20:50.430+0000] {processor.py:208} INFO - Processing /home/airflow/.local/lib/python3.12/site-packages/airflow/example_dags/example_dataset_alias.py took 0.983 seconds
