[2024-12-10T07:56:12.908+0000] {processor.py:186} INFO - Started process (PID=121) to work on /home/airflow/.local/lib/python3.12/site-packages/airflow/example_dags/example_branch_python_dop_operator_3.py
[2024-12-10T07:56:12.910+0000] {processor.py:914} INFO - Processing file /home/airflow/.local/lib/python3.12/site-packages/airflow/example_dags/example_branch_python_dop_operator_3.py for tasks to queue
[2024-12-10T07:56:12.914+0000] {logging_mixin.py:190} INFO - [2024-12-10T07:56:12.913+0000] {dagbag.py:588} INFO - Filling up the DagBag from /home/airflow/.local/lib/python3.12/site-packages/airflow/example_dags/example_branch_python_dop_operator_3.py
[2024-12-10T07:56:12.930+0000] {processor.py:925} INFO - DAG(s) 'example_branch_dop_operator_v3' retrieved from /home/airflow/.local/lib/python3.12/site-packages/airflow/example_dags/example_branch_python_dop_operator_3.py
[2024-12-10T07:56:13.070+0000] {logging_mixin.py:190} INFO - [2024-12-10T07:56:13.069+0000] {override.py:1911} INFO - Created Permission View: can read on DAG:example_branch_dop_operator_v3
[2024-12-10T07:56:13.083+0000] {logging_mixin.py:190} INFO - [2024-12-10T07:56:13.082+0000] {override.py:1911} INFO - Created Permission View: can edit on DAG:example_branch_dop_operator_v3
[2024-12-10T07:56:13.092+0000] {logging_mixin.py:190} INFO - [2024-12-10T07:56:13.092+0000] {override.py:1911} INFO - Created Permission View: can delete on DAG:example_branch_dop_operator_v3
[2024-12-10T07:56:13.103+0000] {logging_mixin.py:190} INFO - [2024-12-10T07:56:13.103+0000] {override.py:1911} INFO - Created Permission View: can read on DAG Run:example_branch_dop_operator_v3
[2024-12-10T07:56:13.112+0000] {logging_mixin.py:190} INFO - [2024-12-10T07:56:13.112+0000] {override.py:1911} INFO - Created Permission View: menu access on DAG Run:example_branch_dop_operator_v3
[2024-12-10T07:56:13.121+0000] {logging_mixin.py:190} INFO - [2024-12-10T07:56:13.120+0000] {override.py:1911} INFO - Created Permission View: can delete on DAG Run:example_branch_dop_operator_v3
[2024-12-10T07:56:13.130+0000] {logging_mixin.py:190} INFO - [2024-12-10T07:56:13.129+0000] {override.py:1911} INFO - Created Permission View: can create on DAG Run:example_branch_dop_operator_v3
[2024-12-10T07:56:13.131+0000] {logging_mixin.py:190} INFO - [2024-12-10T07:56:13.130+0000] {dag.py:3239} INFO - Sync 1 DAGs
[2024-12-10T07:56:13.149+0000] {logging_mixin.py:190} INFO - [2024-12-10T07:56:13.148+0000] {dag.py:3262} INFO - Creating ORM DAG for example_branch_dop_operator_v3
[2024-12-10T07:56:13.165+0000] {logging_mixin.py:190} INFO - [2024-12-10T07:56:13.164+0000] {dag.py:4180} INFO - Setting next_dagrun for example_branch_dop_operator_v3 to 2024-12-10 07:55:00+00:00, run_after=2024-12-10 07:56:00+00:00
[2024-12-10T07:56:13.185+0000] {processor.py:208} INFO - Processing /home/airflow/.local/lib/python3.12/site-packages/airflow/example_dags/example_branch_python_dop_operator_3.py took 0.287 seconds
[2024-12-10T07:56:43.266+0000] {processor.py:186} INFO - Started process (PID=184) to work on /home/airflow/.local/lib/python3.12/site-packages/airflow/example_dags/example_branch_python_dop_operator_3.py
[2024-12-10T07:56:43.267+0000] {processor.py:914} INFO - Processing file /home/airflow/.local/lib/python3.12/site-packages/airflow/example_dags/example_branch_python_dop_operator_3.py for tasks to queue
[2024-12-10T07:56:43.270+0000] {logging_mixin.py:190} INFO - [2024-12-10T07:56:43.269+0000] {dagbag.py:588} INFO - Filling up the DagBag from /home/airflow/.local/lib/python3.12/site-packages/airflow/example_dags/example_branch_python_dop_operator_3.py
[2024-12-10T07:56:43.282+0000] {processor.py:925} INFO - DAG(s) 'example_branch_dop_operator_v3' retrieved from /home/airflow/.local/lib/python3.12/site-packages/airflow/example_dags/example_branch_python_dop_operator_3.py
[2024-12-10T07:56:43.304+0000] {logging_mixin.py:190} INFO - [2024-12-10T07:56:43.304+0000] {dag.py:3239} INFO - Sync 1 DAGs
[2024-12-10T07:56:43.335+0000] {logging_mixin.py:190} INFO - [2024-12-10T07:56:43.334+0000] {dag.py:4180} INFO - Setting next_dagrun for example_branch_dop_operator_v3 to 2024-12-10 07:55:00+00:00, run_after=2024-12-10 07:56:00+00:00
[2024-12-10T07:56:43.356+0000] {processor.py:208} INFO - Processing /home/airflow/.local/lib/python3.12/site-packages/airflow/example_dags/example_branch_python_dop_operator_3.py took 0.097 seconds
[2024-12-10T07:57:14.521+0000] {processor.py:186} INFO - Started process (PID=247) to work on /home/airflow/.local/lib/python3.12/site-packages/airflow/example_dags/example_branch_python_dop_operator_3.py
[2024-12-10T07:57:14.522+0000] {processor.py:914} INFO - Processing file /home/airflow/.local/lib/python3.12/site-packages/airflow/example_dags/example_branch_python_dop_operator_3.py for tasks to queue
[2024-12-10T07:57:14.525+0000] {logging_mixin.py:190} INFO - [2024-12-10T07:57:14.525+0000] {dagbag.py:588} INFO - Filling up the DagBag from /home/airflow/.local/lib/python3.12/site-packages/airflow/example_dags/example_branch_python_dop_operator_3.py
[2024-12-10T07:57:14.538+0000] {processor.py:925} INFO - DAG(s) 'example_branch_dop_operator_v3' retrieved from /home/airflow/.local/lib/python3.12/site-packages/airflow/example_dags/example_branch_python_dop_operator_3.py
[2024-12-10T07:57:14.560+0000] {logging_mixin.py:190} INFO - [2024-12-10T07:57:14.560+0000] {dag.py:3239} INFO - Sync 1 DAGs
[2024-12-10T07:57:14.589+0000] {logging_mixin.py:190} INFO - [2024-12-10T07:57:14.589+0000] {dag.py:4180} INFO - Setting next_dagrun for example_branch_dop_operator_v3 to 2024-12-10 07:56:00+00:00, run_after=2024-12-10 07:57:00+00:00
[2024-12-10T07:57:14.616+0000] {processor.py:208} INFO - Processing /home/airflow/.local/lib/python3.12/site-packages/airflow/example_dags/example_branch_python_dop_operator_3.py took 0.102 seconds
[2024-12-10T07:57:45.340+0000] {processor.py:186} INFO - Started process (PID=310) to work on /home/airflow/.local/lib/python3.12/site-packages/airflow/example_dags/example_branch_python_dop_operator_3.py
[2024-12-10T07:57:45.342+0000] {processor.py:914} INFO - Processing file /home/airflow/.local/lib/python3.12/site-packages/airflow/example_dags/example_branch_python_dop_operator_3.py for tasks to queue
[2024-12-10T07:57:45.345+0000] {logging_mixin.py:190} INFO - [2024-12-10T07:57:45.345+0000] {dagbag.py:588} INFO - Filling up the DagBag from /home/airflow/.local/lib/python3.12/site-packages/airflow/example_dags/example_branch_python_dop_operator_3.py
[2024-12-10T07:57:45.360+0000] {processor.py:925} INFO - DAG(s) 'example_branch_dop_operator_v3' retrieved from /home/airflow/.local/lib/python3.12/site-packages/airflow/example_dags/example_branch_python_dop_operator_3.py
[2024-12-10T07:57:45.385+0000] {logging_mixin.py:190} INFO - [2024-12-10T07:57:45.384+0000] {dag.py:3239} INFO - Sync 1 DAGs
[2024-12-10T07:57:45.414+0000] {logging_mixin.py:190} INFO - [2024-12-10T07:57:45.413+0000] {dag.py:4180} INFO - Setting next_dagrun for example_branch_dop_operator_v3 to 2024-12-10 07:56:00+00:00, run_after=2024-12-10 07:57:00+00:00
[2024-12-10T07:57:45.435+0000] {processor.py:208} INFO - Processing /home/airflow/.local/lib/python3.12/site-packages/airflow/example_dags/example_branch_python_dop_operator_3.py took 0.103 seconds
[2024-12-10T07:58:17.367+0000] {processor.py:186} INFO - Started process (PID=373) to work on /home/airflow/.local/lib/python3.12/site-packages/airflow/example_dags/example_branch_python_dop_operator_3.py
[2024-12-10T07:58:17.368+0000] {processor.py:914} INFO - Processing file /home/airflow/.local/lib/python3.12/site-packages/airflow/example_dags/example_branch_python_dop_operator_3.py for tasks to queue
[2024-12-10T07:58:17.371+0000] {logging_mixin.py:190} INFO - [2024-12-10T07:58:17.371+0000] {dagbag.py:588} INFO - Filling up the DagBag from /home/airflow/.local/lib/python3.12/site-packages/airflow/example_dags/example_branch_python_dop_operator_3.py
[2024-12-10T07:58:17.383+0000] {processor.py:925} INFO - DAG(s) 'example_branch_dop_operator_v3' retrieved from /home/airflow/.local/lib/python3.12/site-packages/airflow/example_dags/example_branch_python_dop_operator_3.py
[2024-12-10T07:58:17.405+0000] {logging_mixin.py:190} INFO - [2024-12-10T07:58:17.405+0000] {dag.py:3239} INFO - Sync 1 DAGs
[2024-12-10T07:58:17.436+0000] {logging_mixin.py:190} INFO - [2024-12-10T07:58:17.436+0000] {dag.py:4180} INFO - Setting next_dagrun for example_branch_dop_operator_v3 to 2024-12-10 07:57:00+00:00, run_after=2024-12-10 07:58:00+00:00
[2024-12-10T07:58:17.455+0000] {processor.py:208} INFO - Processing /home/airflow/.local/lib/python3.12/site-packages/airflow/example_dags/example_branch_python_dop_operator_3.py took 0.095 seconds
[2024-12-10T07:58:48.531+0000] {processor.py:186} INFO - Started process (PID=436) to work on /home/airflow/.local/lib/python3.12/site-packages/airflow/example_dags/example_branch_python_dop_operator_3.py
[2024-12-10T07:58:48.533+0000] {processor.py:914} INFO - Processing file /home/airflow/.local/lib/python3.12/site-packages/airflow/example_dags/example_branch_python_dop_operator_3.py for tasks to queue
[2024-12-10T07:58:48.535+0000] {logging_mixin.py:190} INFO - [2024-12-10T07:58:48.535+0000] {dagbag.py:588} INFO - Filling up the DagBag from /home/airflow/.local/lib/python3.12/site-packages/airflow/example_dags/example_branch_python_dop_operator_3.py
[2024-12-10T07:58:48.549+0000] {processor.py:925} INFO - DAG(s) 'example_branch_dop_operator_v3' retrieved from /home/airflow/.local/lib/python3.12/site-packages/airflow/example_dags/example_branch_python_dop_operator_3.py
[2024-12-10T07:58:48.572+0000] {logging_mixin.py:190} INFO - [2024-12-10T07:58:48.571+0000] {dag.py:3239} INFO - Sync 1 DAGs
[2024-12-10T07:58:48.607+0000] {logging_mixin.py:190} INFO - [2024-12-10T07:58:48.606+0000] {dag.py:4180} INFO - Setting next_dagrun for example_branch_dop_operator_v3 to 2024-12-10 07:57:00+00:00, run_after=2024-12-10 07:58:00+00:00
[2024-12-10T07:58:48.628+0000] {processor.py:208} INFO - Processing /home/airflow/.local/lib/python3.12/site-packages/airflow/example_dags/example_branch_python_dop_operator_3.py took 0.104 seconds
[2024-12-10T07:59:20.065+0000] {processor.py:186} INFO - Started process (PID=499) to work on /home/airflow/.local/lib/python3.12/site-packages/airflow/example_dags/example_branch_python_dop_operator_3.py
[2024-12-10T07:59:20.066+0000] {processor.py:914} INFO - Processing file /home/airflow/.local/lib/python3.12/site-packages/airflow/example_dags/example_branch_python_dop_operator_3.py for tasks to queue
[2024-12-10T07:59:20.069+0000] {logging_mixin.py:190} INFO - [2024-12-10T07:59:20.069+0000] {dagbag.py:588} INFO - Filling up the DagBag from /home/airflow/.local/lib/python3.12/site-packages/airflow/example_dags/example_branch_python_dop_operator_3.py
[2024-12-10T07:59:20.085+0000] {processor.py:925} INFO - DAG(s) 'example_branch_dop_operator_v3' retrieved from /home/airflow/.local/lib/python3.12/site-packages/airflow/example_dags/example_branch_python_dop_operator_3.py
[2024-12-10T07:59:20.106+0000] {logging_mixin.py:190} INFO - [2024-12-10T07:59:20.106+0000] {dag.py:3239} INFO - Sync 1 DAGs
[2024-12-10T07:59:20.136+0000] {logging_mixin.py:190} INFO - [2024-12-10T07:59:20.136+0000] {dag.py:4180} INFO - Setting next_dagrun for example_branch_dop_operator_v3 to 2024-12-10 07:58:00+00:00, run_after=2024-12-10 07:59:00+00:00
[2024-12-10T07:59:20.158+0000] {processor.py:208} INFO - Processing /home/airflow/.local/lib/python3.12/site-packages/airflow/example_dags/example_branch_python_dop_operator_3.py took 0.100 seconds
[2024-12-10T07:59:51.158+0000] {processor.py:186} INFO - Started process (PID=562) to work on /home/airflow/.local/lib/python3.12/site-packages/airflow/example_dags/example_branch_python_dop_operator_3.py
[2024-12-10T07:59:51.159+0000] {processor.py:914} INFO - Processing file /home/airflow/.local/lib/python3.12/site-packages/airflow/example_dags/example_branch_python_dop_operator_3.py for tasks to queue
[2024-12-10T07:59:51.162+0000] {logging_mixin.py:190} INFO - [2024-12-10T07:59:51.162+0000] {dagbag.py:588} INFO - Filling up the DagBag from /home/airflow/.local/lib/python3.12/site-packages/airflow/example_dags/example_branch_python_dop_operator_3.py
[2024-12-10T07:59:51.175+0000] {processor.py:925} INFO - DAG(s) 'example_branch_dop_operator_v3' retrieved from /home/airflow/.local/lib/python3.12/site-packages/airflow/example_dags/example_branch_python_dop_operator_3.py
[2024-12-10T07:59:51.197+0000] {logging_mixin.py:190} INFO - [2024-12-10T07:59:51.197+0000] {dag.py:3239} INFO - Sync 1 DAGs
[2024-12-10T07:59:51.227+0000] {logging_mixin.py:190} INFO - [2024-12-10T07:59:51.227+0000] {dag.py:4180} INFO - Setting next_dagrun for example_branch_dop_operator_v3 to 2024-12-10 07:58:00+00:00, run_after=2024-12-10 07:59:00+00:00
[2024-12-10T07:59:51.247+0000] {processor.py:208} INFO - Processing /home/airflow/.local/lib/python3.12/site-packages/airflow/example_dags/example_branch_python_dop_operator_3.py took 0.097 seconds
[2024-12-10T08:00:22.030+0000] {processor.py:186} INFO - Started process (PID=625) to work on /home/airflow/.local/lib/python3.12/site-packages/airflow/example_dags/example_branch_python_dop_operator_3.py
[2024-12-10T08:00:22.031+0000] {processor.py:914} INFO - Processing file /home/airflow/.local/lib/python3.12/site-packages/airflow/example_dags/example_branch_python_dop_operator_3.py for tasks to queue
[2024-12-10T08:00:22.034+0000] {logging_mixin.py:190} INFO - [2024-12-10T08:00:22.033+0000] {dagbag.py:588} INFO - Filling up the DagBag from /home/airflow/.local/lib/python3.12/site-packages/airflow/example_dags/example_branch_python_dop_operator_3.py
[2024-12-10T08:00:22.046+0000] {processor.py:925} INFO - DAG(s) 'example_branch_dop_operator_v3' retrieved from /home/airflow/.local/lib/python3.12/site-packages/airflow/example_dags/example_branch_python_dop_operator_3.py
[2024-12-10T08:00:22.066+0000] {logging_mixin.py:190} INFO - [2024-12-10T08:00:22.066+0000] {dag.py:3239} INFO - Sync 1 DAGs
[2024-12-10T08:00:22.095+0000] {logging_mixin.py:190} INFO - [2024-12-10T08:00:22.094+0000] {dag.py:4180} INFO - Setting next_dagrun for example_branch_dop_operator_v3 to 2024-12-10 07:59:00+00:00, run_after=2024-12-10 08:00:00+00:00
[2024-12-10T08:00:22.113+0000] {processor.py:208} INFO - Processing /home/airflow/.local/lib/python3.12/site-packages/airflow/example_dags/example_branch_python_dop_operator_3.py took 0.089 seconds
[2024-12-10T08:00:54.546+0000] {processor.py:186} INFO - Started process (PID=688) to work on /home/airflow/.local/lib/python3.12/site-packages/airflow/example_dags/example_branch_python_dop_operator_3.py
[2024-12-10T08:00:54.548+0000] {processor.py:914} INFO - Processing file /home/airflow/.local/lib/python3.12/site-packages/airflow/example_dags/example_branch_python_dop_operator_3.py for tasks to queue
[2024-12-10T08:00:54.554+0000] {logging_mixin.py:190} INFO - [2024-12-10T08:00:54.552+0000] {dagbag.py:588} INFO - Filling up the DagBag from /home/airflow/.local/lib/python3.12/site-packages/airflow/example_dags/example_branch_python_dop_operator_3.py
[2024-12-10T08:00:54.577+0000] {processor.py:925} INFO - DAG(s) 'example_branch_dop_operator_v3' retrieved from /home/airflow/.local/lib/python3.12/site-packages/airflow/example_dags/example_branch_python_dop_operator_3.py
[2024-12-10T08:00:54.619+0000] {logging_mixin.py:190} INFO - [2024-12-10T08:00:54.618+0000] {dag.py:3239} INFO - Sync 1 DAGs
[2024-12-10T08:00:54.679+0000] {logging_mixin.py:190} INFO - [2024-12-10T08:00:54.678+0000] {dag.py:4180} INFO - Setting next_dagrun for example_branch_dop_operator_v3 to 2024-12-10 07:59:00+00:00, run_after=2024-12-10 08:00:00+00:00
[2024-12-10T08:00:54.713+0000] {processor.py:208} INFO - Processing /home/airflow/.local/lib/python3.12/site-packages/airflow/example_dags/example_branch_python_dop_operator_3.py took 0.181 seconds
[2024-12-10T08:01:25.476+0000] {processor.py:186} INFO - Started process (PID=751) to work on /home/airflow/.local/lib/python3.12/site-packages/airflow/example_dags/example_branch_python_dop_operator_3.py
[2024-12-10T08:01:25.478+0000] {processor.py:914} INFO - Processing file /home/airflow/.local/lib/python3.12/site-packages/airflow/example_dags/example_branch_python_dop_operator_3.py for tasks to queue
[2024-12-10T08:01:25.482+0000] {logging_mixin.py:190} INFO - [2024-12-10T08:01:25.481+0000] {dagbag.py:588} INFO - Filling up the DagBag from /home/airflow/.local/lib/python3.12/site-packages/airflow/example_dags/example_branch_python_dop_operator_3.py
[2024-12-10T08:01:25.500+0000] {processor.py:925} INFO - DAG(s) 'example_branch_dop_operator_v3' retrieved from /home/airflow/.local/lib/python3.12/site-packages/airflow/example_dags/example_branch_python_dop_operator_3.py
[2024-12-10T08:01:25.526+0000] {logging_mixin.py:190} INFO - [2024-12-10T08:01:25.525+0000] {dag.py:3239} INFO - Sync 1 DAGs
[2024-12-10T08:01:25.568+0000] {logging_mixin.py:190} INFO - [2024-12-10T08:01:25.568+0000] {dag.py:4180} INFO - Setting next_dagrun for example_branch_dop_operator_v3 to 2024-12-10 08:00:00+00:00, run_after=2024-12-10 08:01:00+00:00
[2024-12-10T08:01:25.592+0000] {processor.py:208} INFO - Processing /home/airflow/.local/lib/python3.12/site-packages/airflow/example_dags/example_branch_python_dop_operator_3.py took 0.126 seconds
[2024-12-10T08:01:56.339+0000] {processor.py:186} INFO - Started process (PID=814) to work on /home/airflow/.local/lib/python3.12/site-packages/airflow/example_dags/example_branch_python_dop_operator_3.py
[2024-12-10T08:01:56.340+0000] {processor.py:914} INFO - Processing file /home/airflow/.local/lib/python3.12/site-packages/airflow/example_dags/example_branch_python_dop_operator_3.py for tasks to queue
[2024-12-10T08:01:56.343+0000] {logging_mixin.py:190} INFO - [2024-12-10T08:01:56.343+0000] {dagbag.py:588} INFO - Filling up the DagBag from /home/airflow/.local/lib/python3.12/site-packages/airflow/example_dags/example_branch_python_dop_operator_3.py
[2024-12-10T08:01:56.355+0000] {processor.py:925} INFO - DAG(s) 'example_branch_dop_operator_v3' retrieved from /home/airflow/.local/lib/python3.12/site-packages/airflow/example_dags/example_branch_python_dop_operator_3.py
[2024-12-10T08:01:56.377+0000] {logging_mixin.py:190} INFO - [2024-12-10T08:01:56.376+0000] {dag.py:3239} INFO - Sync 1 DAGs
[2024-12-10T08:01:56.407+0000] {logging_mixin.py:190} INFO - [2024-12-10T08:01:56.406+0000] {dag.py:4180} INFO - Setting next_dagrun for example_branch_dop_operator_v3 to 2024-12-10 08:00:00+00:00, run_after=2024-12-10 08:01:00+00:00
[2024-12-10T08:01:56.432+0000] {processor.py:208} INFO - Processing /home/airflow/.local/lib/python3.12/site-packages/airflow/example_dags/example_branch_python_dop_operator_3.py took 0.099 seconds
[2024-12-10T08:02:27.334+0000] {processor.py:186} INFO - Started process (PID=877) to work on /home/airflow/.local/lib/python3.12/site-packages/airflow/example_dags/example_branch_python_dop_operator_3.py
[2024-12-10T08:02:27.335+0000] {processor.py:914} INFO - Processing file /home/airflow/.local/lib/python3.12/site-packages/airflow/example_dags/example_branch_python_dop_operator_3.py for tasks to queue
[2024-12-10T08:02:27.337+0000] {logging_mixin.py:190} INFO - [2024-12-10T08:02:27.337+0000] {dagbag.py:588} INFO - Filling up the DagBag from /home/airflow/.local/lib/python3.12/site-packages/airflow/example_dags/example_branch_python_dop_operator_3.py
[2024-12-10T08:02:27.348+0000] {processor.py:925} INFO - DAG(s) 'example_branch_dop_operator_v3' retrieved from /home/airflow/.local/lib/python3.12/site-packages/airflow/example_dags/example_branch_python_dop_operator_3.py
[2024-12-10T08:02:27.369+0000] {logging_mixin.py:190} INFO - [2024-12-10T08:02:27.369+0000] {dag.py:3239} INFO - Sync 1 DAGs
[2024-12-10T08:02:27.402+0000] {logging_mixin.py:190} INFO - [2024-12-10T08:02:27.402+0000] {dag.py:4180} INFO - Setting next_dagrun for example_branch_dop_operator_v3 to 2024-12-10 08:01:00+00:00, run_after=2024-12-10 08:02:00+00:00
[2024-12-10T08:02:27.425+0000] {processor.py:208} INFO - Processing /home/airflow/.local/lib/python3.12/site-packages/airflow/example_dags/example_branch_python_dop_operator_3.py took 0.101 seconds
[2024-12-10T08:02:59.037+0000] {processor.py:186} INFO - Started process (PID=940) to work on /home/airflow/.local/lib/python3.12/site-packages/airflow/example_dags/example_branch_python_dop_operator_3.py
[2024-12-10T08:02:59.039+0000] {processor.py:914} INFO - Processing file /home/airflow/.local/lib/python3.12/site-packages/airflow/example_dags/example_branch_python_dop_operator_3.py for tasks to queue
[2024-12-10T08:02:59.042+0000] {logging_mixin.py:190} INFO - [2024-12-10T08:02:59.042+0000] {dagbag.py:588} INFO - Filling up the DagBag from /home/airflow/.local/lib/python3.12/site-packages/airflow/example_dags/example_branch_python_dop_operator_3.py
[2024-12-10T08:02:59.057+0000] {processor.py:925} INFO - DAG(s) 'example_branch_dop_operator_v3' retrieved from /home/airflow/.local/lib/python3.12/site-packages/airflow/example_dags/example_branch_python_dop_operator_3.py
[2024-12-10T08:02:59.082+0000] {logging_mixin.py:190} INFO - [2024-12-10T08:02:59.081+0000] {dag.py:3239} INFO - Sync 1 DAGs
[2024-12-10T08:02:59.119+0000] {logging_mixin.py:190} INFO - [2024-12-10T08:02:59.118+0000] {dag.py:4180} INFO - Setting next_dagrun for example_branch_dop_operator_v3 to 2024-12-10 08:01:00+00:00, run_after=2024-12-10 08:02:00+00:00
[2024-12-10T08:02:59.143+0000] {processor.py:208} INFO - Processing /home/airflow/.local/lib/python3.12/site-packages/airflow/example_dags/example_branch_python_dop_operator_3.py took 0.114 seconds
[2024-12-10T08:03:30.321+0000] {processor.py:186} INFO - Started process (PID=1003) to work on /home/airflow/.local/lib/python3.12/site-packages/airflow/example_dags/example_branch_python_dop_operator_3.py
[2024-12-10T08:03:30.322+0000] {processor.py:914} INFO - Processing file /home/airflow/.local/lib/python3.12/site-packages/airflow/example_dags/example_branch_python_dop_operator_3.py for tasks to queue
[2024-12-10T08:03:30.325+0000] {logging_mixin.py:190} INFO - [2024-12-10T08:03:30.324+0000] {dagbag.py:588} INFO - Filling up the DagBag from /home/airflow/.local/lib/python3.12/site-packages/airflow/example_dags/example_branch_python_dop_operator_3.py
[2024-12-10T08:03:30.339+0000] {processor.py:925} INFO - DAG(s) 'example_branch_dop_operator_v3' retrieved from /home/airflow/.local/lib/python3.12/site-packages/airflow/example_dags/example_branch_python_dop_operator_3.py
[2024-12-10T08:03:30.361+0000] {logging_mixin.py:190} INFO - [2024-12-10T08:03:30.361+0000] {dag.py:3239} INFO - Sync 1 DAGs
[2024-12-10T08:03:30.392+0000] {logging_mixin.py:190} INFO - [2024-12-10T08:03:30.391+0000] {dag.py:4180} INFO - Setting next_dagrun for example_branch_dop_operator_v3 to 2024-12-10 08:02:00+00:00, run_after=2024-12-10 08:03:00+00:00
[2024-12-10T08:03:30.411+0000] {processor.py:208} INFO - Processing /home/airflow/.local/lib/python3.12/site-packages/airflow/example_dags/example_branch_python_dop_operator_3.py took 0.098 seconds
[2024-12-10T08:04:01.504+0000] {processor.py:186} INFO - Started process (PID=1066) to work on /home/airflow/.local/lib/python3.12/site-packages/airflow/example_dags/example_branch_python_dop_operator_3.py
[2024-12-10T08:04:01.505+0000] {processor.py:914} INFO - Processing file /home/airflow/.local/lib/python3.12/site-packages/airflow/example_dags/example_branch_python_dop_operator_3.py for tasks to queue
[2024-12-10T08:04:01.507+0000] {logging_mixin.py:190} INFO - [2024-12-10T08:04:01.507+0000] {dagbag.py:588} INFO - Filling up the DagBag from /home/airflow/.local/lib/python3.12/site-packages/airflow/example_dags/example_branch_python_dop_operator_3.py
[2024-12-10T08:04:01.521+0000] {processor.py:925} INFO - DAG(s) 'example_branch_dop_operator_v3' retrieved from /home/airflow/.local/lib/python3.12/site-packages/airflow/example_dags/example_branch_python_dop_operator_3.py
[2024-12-10T08:04:01.544+0000] {logging_mixin.py:190} INFO - [2024-12-10T08:04:01.544+0000] {dag.py:3239} INFO - Sync 1 DAGs
[2024-12-10T08:04:01.577+0000] {logging_mixin.py:190} INFO - [2024-12-10T08:04:01.577+0000] {dag.py:4180} INFO - Setting next_dagrun for example_branch_dop_operator_v3 to 2024-12-10 08:03:00+00:00, run_after=2024-12-10 08:04:00+00:00
[2024-12-10T08:04:01.601+0000] {processor.py:208} INFO - Processing /home/airflow/.local/lib/python3.12/site-packages/airflow/example_dags/example_branch_python_dop_operator_3.py took 0.106 seconds
[2024-12-10T08:04:32.938+0000] {processor.py:186} INFO - Started process (PID=1135) to work on /home/airflow/.local/lib/python3.12/site-packages/airflow/example_dags/example_branch_python_dop_operator_3.py
[2024-12-10T08:04:32.940+0000] {processor.py:914} INFO - Processing file /home/airflow/.local/lib/python3.12/site-packages/airflow/example_dags/example_branch_python_dop_operator_3.py for tasks to queue
[2024-12-10T08:04:32.945+0000] {logging_mixin.py:190} INFO - [2024-12-10T08:04:32.945+0000] {dagbag.py:588} INFO - Filling up the DagBag from /home/airflow/.local/lib/python3.12/site-packages/airflow/example_dags/example_branch_python_dop_operator_3.py
[2024-12-10T08:04:32.967+0000] {processor.py:925} INFO - DAG(s) 'example_branch_dop_operator_v3' retrieved from /home/airflow/.local/lib/python3.12/site-packages/airflow/example_dags/example_branch_python_dop_operator_3.py
[2024-12-10T08:04:33.014+0000] {logging_mixin.py:190} INFO - [2024-12-10T08:04:33.013+0000] {dag.py:3239} INFO - Sync 1 DAGs
[2024-12-10T08:04:33.065+0000] {logging_mixin.py:190} INFO - [2024-12-10T08:04:33.065+0000] {dag.py:4180} INFO - Setting next_dagrun for example_branch_dop_operator_v3 to 2024-12-10 08:03:00+00:00, run_after=2024-12-10 08:04:00+00:00
[2024-12-10T08:04:33.092+0000] {processor.py:208} INFO - Processing /home/airflow/.local/lib/python3.12/site-packages/airflow/example_dags/example_branch_python_dop_operator_3.py took 0.167 seconds
[2024-12-10T08:05:03.933+0000] {processor.py:186} INFO - Started process (PID=1198) to work on /home/airflow/.local/lib/python3.12/site-packages/airflow/example_dags/example_branch_python_dop_operator_3.py
[2024-12-10T08:05:03.934+0000] {processor.py:914} INFO - Processing file /home/airflow/.local/lib/python3.12/site-packages/airflow/example_dags/example_branch_python_dop_operator_3.py for tasks to queue
[2024-12-10T08:05:03.937+0000] {logging_mixin.py:190} INFO - [2024-12-10T08:05:03.937+0000] {dagbag.py:588} INFO - Filling up the DagBag from /home/airflow/.local/lib/python3.12/site-packages/airflow/example_dags/example_branch_python_dop_operator_3.py
[2024-12-10T08:05:03.951+0000] {processor.py:925} INFO - DAG(s) 'example_branch_dop_operator_v3' retrieved from /home/airflow/.local/lib/python3.12/site-packages/airflow/example_dags/example_branch_python_dop_operator_3.py
[2024-12-10T08:05:03.975+0000] {logging_mixin.py:190} INFO - [2024-12-10T08:05:03.975+0000] {dag.py:3239} INFO - Sync 1 DAGs
[2024-12-10T08:05:04.008+0000] {logging_mixin.py:190} INFO - [2024-12-10T08:05:04.008+0000] {dag.py:4180} INFO - Setting next_dagrun for example_branch_dop_operator_v3 to 2024-12-10 08:04:00+00:00, run_after=2024-12-10 08:05:00+00:00
[2024-12-10T08:05:04.033+0000] {processor.py:208} INFO - Processing /home/airflow/.local/lib/python3.12/site-packages/airflow/example_dags/example_branch_python_dop_operator_3.py took 0.107 seconds
[2024-12-10T08:05:34.792+0000] {processor.py:186} INFO - Started process (PID=1261) to work on /home/airflow/.local/lib/python3.12/site-packages/airflow/example_dags/example_branch_python_dop_operator_3.py
[2024-12-10T08:05:34.793+0000] {processor.py:914} INFO - Processing file /home/airflow/.local/lib/python3.12/site-packages/airflow/example_dags/example_branch_python_dop_operator_3.py for tasks to queue
[2024-12-10T08:05:34.797+0000] {logging_mixin.py:190} INFO - [2024-12-10T08:05:34.796+0000] {dagbag.py:588} INFO - Filling up the DagBag from /home/airflow/.local/lib/python3.12/site-packages/airflow/example_dags/example_branch_python_dop_operator_3.py
[2024-12-10T08:05:34.811+0000] {processor.py:925} INFO - DAG(s) 'example_branch_dop_operator_v3' retrieved from /home/airflow/.local/lib/python3.12/site-packages/airflow/example_dags/example_branch_python_dop_operator_3.py
[2024-12-10T08:05:34.835+0000] {logging_mixin.py:190} INFO - [2024-12-10T08:05:34.835+0000] {dag.py:3239} INFO - Sync 1 DAGs
[2024-12-10T08:05:34.871+0000] {logging_mixin.py:190} INFO - [2024-12-10T08:05:34.871+0000] {dag.py:4180} INFO - Setting next_dagrun for example_branch_dop_operator_v3 to 2024-12-10 08:04:00+00:00, run_after=2024-12-10 08:05:00+00:00
[2024-12-10T08:05:34.897+0000] {processor.py:208} INFO - Processing /home/airflow/.local/lib/python3.12/site-packages/airflow/example_dags/example_branch_python_dop_operator_3.py took 0.113 seconds
[2024-12-10T08:06:06.101+0000] {processor.py:186} INFO - Started process (PID=1324) to work on /home/airflow/.local/lib/python3.12/site-packages/airflow/example_dags/example_branch_python_dop_operator_3.py
[2024-12-10T08:06:06.103+0000] {processor.py:914} INFO - Processing file /home/airflow/.local/lib/python3.12/site-packages/airflow/example_dags/example_branch_python_dop_operator_3.py for tasks to queue
[2024-12-10T08:06:06.105+0000] {logging_mixin.py:190} INFO - [2024-12-10T08:06:06.105+0000] {dagbag.py:588} INFO - Filling up the DagBag from /home/airflow/.local/lib/python3.12/site-packages/airflow/example_dags/example_branch_python_dop_operator_3.py
[2024-12-10T08:06:06.117+0000] {processor.py:925} INFO - DAG(s) 'example_branch_dop_operator_v3' retrieved from /home/airflow/.local/lib/python3.12/site-packages/airflow/example_dags/example_branch_python_dop_operator_3.py
[2024-12-10T08:06:06.140+0000] {logging_mixin.py:190} INFO - [2024-12-10T08:06:06.140+0000] {dag.py:3239} INFO - Sync 1 DAGs
[2024-12-10T08:06:06.172+0000] {logging_mixin.py:190} INFO - [2024-12-10T08:06:06.172+0000] {dag.py:4180} INFO - Setting next_dagrun for example_branch_dop_operator_v3 to 2024-12-10 08:05:00+00:00, run_after=2024-12-10 08:06:00+00:00
[2024-12-10T08:06:06.193+0000] {processor.py:208} INFO - Processing /home/airflow/.local/lib/python3.12/site-packages/airflow/example_dags/example_branch_python_dop_operator_3.py took 0.100 seconds
[2024-12-10T08:06:37.873+0000] {processor.py:186} INFO - Started process (PID=1387) to work on /home/airflow/.local/lib/python3.12/site-packages/airflow/example_dags/example_branch_python_dop_operator_3.py
[2024-12-10T08:06:37.874+0000] {processor.py:914} INFO - Processing file /home/airflow/.local/lib/python3.12/site-packages/airflow/example_dags/example_branch_python_dop_operator_3.py for tasks to queue
[2024-12-10T08:06:37.877+0000] {logging_mixin.py:190} INFO - [2024-12-10T08:06:37.877+0000] {dagbag.py:588} INFO - Filling up the DagBag from /home/airflow/.local/lib/python3.12/site-packages/airflow/example_dags/example_branch_python_dop_operator_3.py
[2024-12-10T08:06:37.890+0000] {processor.py:925} INFO - DAG(s) 'example_branch_dop_operator_v3' retrieved from /home/airflow/.local/lib/python3.12/site-packages/airflow/example_dags/example_branch_python_dop_operator_3.py
[2024-12-10T08:06:37.915+0000] {logging_mixin.py:190} INFO - [2024-12-10T08:06:37.915+0000] {dag.py:3239} INFO - Sync 1 DAGs
[2024-12-10T08:06:37.949+0000] {logging_mixin.py:190} INFO - [2024-12-10T08:06:37.949+0000] {dag.py:4180} INFO - Setting next_dagrun for example_branch_dop_operator_v3 to 2024-12-10 08:05:00+00:00, run_after=2024-12-10 08:06:00+00:00
[2024-12-10T08:06:37.970+0000] {processor.py:208} INFO - Processing /home/airflow/.local/lib/python3.12/site-packages/airflow/example_dags/example_branch_python_dop_operator_3.py took 0.107 seconds
[2024-12-10T08:08:32.766+0000] {processor.py:186} INFO - Started process (PID=121) to work on /home/airflow/.local/lib/python3.12/site-packages/airflow/example_dags/example_branch_python_dop_operator_3.py
[2024-12-10T08:08:32.768+0000] {processor.py:914} INFO - Processing file /home/airflow/.local/lib/python3.12/site-packages/airflow/example_dags/example_branch_python_dop_operator_3.py for tasks to queue
[2024-12-10T08:08:32.773+0000] {logging_mixin.py:190} INFO - [2024-12-10T08:08:32.772+0000] {dagbag.py:588} INFO - Filling up the DagBag from /home/airflow/.local/lib/python3.12/site-packages/airflow/example_dags/example_branch_python_dop_operator_3.py
[2024-12-10T08:08:32.801+0000] {processor.py:925} INFO - DAG(s) 'example_branch_dop_operator_v3' retrieved from /home/airflow/.local/lib/python3.12/site-packages/airflow/example_dags/example_branch_python_dop_operator_3.py
[2024-12-10T08:08:32.871+0000] {logging_mixin.py:190} INFO - [2024-12-10T08:08:32.870+0000] {dag.py:3239} INFO - Sync 1 DAGs
[2024-12-10T08:08:32.927+0000] {logging_mixin.py:190} INFO - [2024-12-10T08:08:32.927+0000] {dag.py:4180} INFO - Setting next_dagrun for example_branch_dop_operator_v3 to 2024-12-10 08:07:00+00:00, run_after=2024-12-10 08:08:00+00:00
[2024-12-10T08:08:32.956+0000] {processor.py:208} INFO - Processing /home/airflow/.local/lib/python3.12/site-packages/airflow/example_dags/example_branch_python_dop_operator_3.py took 0.202 seconds
[2024-12-10T08:09:04.028+0000] {processor.py:186} INFO - Started process (PID=184) to work on /home/airflow/.local/lib/python3.12/site-packages/airflow/example_dags/example_branch_python_dop_operator_3.py
[2024-12-10T08:09:04.030+0000] {processor.py:914} INFO - Processing file /home/airflow/.local/lib/python3.12/site-packages/airflow/example_dags/example_branch_python_dop_operator_3.py for tasks to queue
[2024-12-10T08:09:04.034+0000] {logging_mixin.py:190} INFO - [2024-12-10T08:09:04.034+0000] {dagbag.py:588} INFO - Filling up the DagBag from /home/airflow/.local/lib/python3.12/site-packages/airflow/example_dags/example_branch_python_dop_operator_3.py
[2024-12-10T08:09:04.051+0000] {processor.py:925} INFO - DAG(s) 'example_branch_dop_operator_v3' retrieved from /home/airflow/.local/lib/python3.12/site-packages/airflow/example_dags/example_branch_python_dop_operator_3.py
[2024-12-10T08:09:04.079+0000] {logging_mixin.py:190} INFO - [2024-12-10T08:09:04.078+0000] {dag.py:3239} INFO - Sync 1 DAGs
[2024-12-10T08:09:04.119+0000] {logging_mixin.py:190} INFO - [2024-12-10T08:09:04.119+0000] {dag.py:4180} INFO - Setting next_dagrun for example_branch_dop_operator_v3 to 2024-12-10 08:08:00+00:00, run_after=2024-12-10 08:09:00+00:00
[2024-12-10T08:09:04.155+0000] {processor.py:208} INFO - Processing /home/airflow/.local/lib/python3.12/site-packages/airflow/example_dags/example_branch_python_dop_operator_3.py took 0.136 seconds
[2024-12-10T08:09:35.122+0000] {processor.py:186} INFO - Started process (PID=247) to work on /home/airflow/.local/lib/python3.12/site-packages/airflow/example_dags/example_branch_python_dop_operator_3.py
[2024-12-10T08:09:35.123+0000] {processor.py:914} INFO - Processing file /home/airflow/.local/lib/python3.12/site-packages/airflow/example_dags/example_branch_python_dop_operator_3.py for tasks to queue
[2024-12-10T08:09:35.127+0000] {logging_mixin.py:190} INFO - [2024-12-10T08:09:35.126+0000] {dagbag.py:588} INFO - Filling up the DagBag from /home/airflow/.local/lib/python3.12/site-packages/airflow/example_dags/example_branch_python_dop_operator_3.py
[2024-12-10T08:09:35.142+0000] {processor.py:925} INFO - DAG(s) 'example_branch_dop_operator_v3' retrieved from /home/airflow/.local/lib/python3.12/site-packages/airflow/example_dags/example_branch_python_dop_operator_3.py
[2024-12-10T08:09:35.169+0000] {logging_mixin.py:190} INFO - [2024-12-10T08:09:35.169+0000] {dag.py:3239} INFO - Sync 1 DAGs
[2024-12-10T08:09:35.207+0000] {logging_mixin.py:190} INFO - [2024-12-10T08:09:35.207+0000] {dag.py:4180} INFO - Setting next_dagrun for example_branch_dop_operator_v3 to 2024-12-10 08:08:00+00:00, run_after=2024-12-10 08:09:00+00:00
[2024-12-10T08:09:35.234+0000] {processor.py:208} INFO - Processing /home/airflow/.local/lib/python3.12/site-packages/airflow/example_dags/example_branch_python_dop_operator_3.py took 0.120 seconds
[2024-12-10T08:10:06.620+0000] {processor.py:186} INFO - Started process (PID=310) to work on /home/airflow/.local/lib/python3.12/site-packages/airflow/example_dags/example_branch_python_dop_operator_3.py
[2024-12-10T08:10:06.621+0000] {processor.py:914} INFO - Processing file /home/airflow/.local/lib/python3.12/site-packages/airflow/example_dags/example_branch_python_dop_operator_3.py for tasks to queue
[2024-12-10T08:10:06.624+0000] {logging_mixin.py:190} INFO - [2024-12-10T08:10:06.624+0000] {dagbag.py:588} INFO - Filling up the DagBag from /home/airflow/.local/lib/python3.12/site-packages/airflow/example_dags/example_branch_python_dop_operator_3.py
[2024-12-10T08:10:06.637+0000] {processor.py:925} INFO - DAG(s) 'example_branch_dop_operator_v3' retrieved from /home/airflow/.local/lib/python3.12/site-packages/airflow/example_dags/example_branch_python_dop_operator_3.py
[2024-12-10T08:10:06.662+0000] {logging_mixin.py:190} INFO - [2024-12-10T08:10:06.662+0000] {dag.py:3239} INFO - Sync 1 DAGs
[2024-12-10T08:10:06.696+0000] {logging_mixin.py:190} INFO - [2024-12-10T08:10:06.696+0000] {dag.py:4180} INFO - Setting next_dagrun for example_branch_dop_operator_v3 to 2024-12-10 08:09:00+00:00, run_after=2024-12-10 08:10:00+00:00
[2024-12-10T08:10:06.720+0000] {processor.py:208} INFO - Processing /home/airflow/.local/lib/python3.12/site-packages/airflow/example_dags/example_branch_python_dop_operator_3.py took 0.107 seconds
[2024-12-10T08:10:37.734+0000] {processor.py:186} INFO - Started process (PID=373) to work on /home/airflow/.local/lib/python3.12/site-packages/airflow/example_dags/example_branch_python_dop_operator_3.py
[2024-12-10T08:10:37.735+0000] {processor.py:914} INFO - Processing file /home/airflow/.local/lib/python3.12/site-packages/airflow/example_dags/example_branch_python_dop_operator_3.py for tasks to queue
[2024-12-10T08:10:37.738+0000] {logging_mixin.py:190} INFO - [2024-12-10T08:10:37.738+0000] {dagbag.py:588} INFO - Filling up the DagBag from /home/airflow/.local/lib/python3.12/site-packages/airflow/example_dags/example_branch_python_dop_operator_3.py
[2024-12-10T08:10:37.750+0000] {processor.py:925} INFO - DAG(s) 'example_branch_dop_operator_v3' retrieved from /home/airflow/.local/lib/python3.12/site-packages/airflow/example_dags/example_branch_python_dop_operator_3.py
[2024-12-10T08:10:37.772+0000] {logging_mixin.py:190} INFO - [2024-12-10T08:10:37.772+0000] {dag.py:3239} INFO - Sync 1 DAGs
[2024-12-10T08:10:37.801+0000] {logging_mixin.py:190} INFO - [2024-12-10T08:10:37.801+0000] {dag.py:4180} INFO - Setting next_dagrun for example_branch_dop_operator_v3 to 2024-12-10 08:09:00+00:00, run_after=2024-12-10 08:10:00+00:00
[2024-12-10T08:10:37.821+0000] {processor.py:208} INFO - Processing /home/airflow/.local/lib/python3.12/site-packages/airflow/example_dags/example_branch_python_dop_operator_3.py took 0.094 seconds
[2024-12-10T08:11:09.374+0000] {processor.py:186} INFO - Started process (PID=436) to work on /home/airflow/.local/lib/python3.12/site-packages/airflow/example_dags/example_branch_python_dop_operator_3.py
[2024-12-10T08:11:09.375+0000] {processor.py:914} INFO - Processing file /home/airflow/.local/lib/python3.12/site-packages/airflow/example_dags/example_branch_python_dop_operator_3.py for tasks to queue
[2024-12-10T08:11:09.378+0000] {logging_mixin.py:190} INFO - [2024-12-10T08:11:09.377+0000] {dagbag.py:588} INFO - Filling up the DagBag from /home/airflow/.local/lib/python3.12/site-packages/airflow/example_dags/example_branch_python_dop_operator_3.py
[2024-12-10T08:11:09.389+0000] {processor.py:925} INFO - DAG(s) 'example_branch_dop_operator_v3' retrieved from /home/airflow/.local/lib/python3.12/site-packages/airflow/example_dags/example_branch_python_dop_operator_3.py
[2024-12-10T08:11:09.411+0000] {logging_mixin.py:190} INFO - [2024-12-10T08:11:09.411+0000] {dag.py:3239} INFO - Sync 1 DAGs
[2024-12-10T08:11:09.440+0000] {logging_mixin.py:190} INFO - [2024-12-10T08:11:09.440+0000] {dag.py:4180} INFO - Setting next_dagrun for example_branch_dop_operator_v3 to 2024-12-10 08:10:00+00:00, run_after=2024-12-10 08:11:00+00:00
[2024-12-10T08:11:09.461+0000] {processor.py:208} INFO - Processing /home/airflow/.local/lib/python3.12/site-packages/airflow/example_dags/example_branch_python_dop_operator_3.py took 0.094 seconds
[2024-12-10T08:11:41.253+0000] {processor.py:186} INFO - Started process (PID=499) to work on /home/airflow/.local/lib/python3.12/site-packages/airflow/example_dags/example_branch_python_dop_operator_3.py
[2024-12-10T08:11:41.255+0000] {processor.py:914} INFO - Processing file /home/airflow/.local/lib/python3.12/site-packages/airflow/example_dags/example_branch_python_dop_operator_3.py for tasks to queue
[2024-12-10T08:11:41.259+0000] {logging_mixin.py:190} INFO - [2024-12-10T08:11:41.259+0000] {dagbag.py:588} INFO - Filling up the DagBag from /home/airflow/.local/lib/python3.12/site-packages/airflow/example_dags/example_branch_python_dop_operator_3.py
[2024-12-10T08:11:41.276+0000] {processor.py:925} INFO - DAG(s) 'example_branch_dop_operator_v3' retrieved from /home/airflow/.local/lib/python3.12/site-packages/airflow/example_dags/example_branch_python_dop_operator_3.py
[2024-12-10T08:11:41.310+0000] {logging_mixin.py:190} INFO - [2024-12-10T08:11:41.309+0000] {dag.py:3239} INFO - Sync 1 DAGs
[2024-12-10T08:11:41.357+0000] {logging_mixin.py:190} INFO - [2024-12-10T08:11:41.357+0000] {dag.py:4180} INFO - Setting next_dagrun for example_branch_dop_operator_v3 to 2024-12-10 08:10:00+00:00, run_after=2024-12-10 08:11:00+00:00
[2024-12-10T08:11:41.388+0000] {processor.py:208} INFO - Processing /home/airflow/.local/lib/python3.12/site-packages/airflow/example_dags/example_branch_python_dop_operator_3.py took 0.143 seconds
[2024-12-10T08:12:12.518+0000] {processor.py:186} INFO - Started process (PID=562) to work on /home/airflow/.local/lib/python3.12/site-packages/airflow/example_dags/example_branch_python_dop_operator_3.py
[2024-12-10T08:12:12.520+0000] {processor.py:914} INFO - Processing file /home/airflow/.local/lib/python3.12/site-packages/airflow/example_dags/example_branch_python_dop_operator_3.py for tasks to queue
[2024-12-10T08:12:12.523+0000] {logging_mixin.py:190} INFO - [2024-12-10T08:12:12.523+0000] {dagbag.py:588} INFO - Filling up the DagBag from /home/airflow/.local/lib/python3.12/site-packages/airflow/example_dags/example_branch_python_dop_operator_3.py
[2024-12-10T08:12:12.537+0000] {processor.py:925} INFO - DAG(s) 'example_branch_dop_operator_v3' retrieved from /home/airflow/.local/lib/python3.12/site-packages/airflow/example_dags/example_branch_python_dop_operator_3.py
[2024-12-10T08:12:12.569+0000] {logging_mixin.py:190} INFO - [2024-12-10T08:12:12.569+0000] {dag.py:3239} INFO - Sync 1 DAGs
[2024-12-10T08:12:12.664+0000] {logging_mixin.py:190} INFO - [2024-12-10T08:12:12.663+0000] {dag.py:4180} INFO - Setting next_dagrun for example_branch_dop_operator_v3 to 2024-12-10 08:11:00+00:00, run_after=2024-12-10 08:12:00+00:00
[2024-12-10T08:12:12.704+0000] {processor.py:208} INFO - Processing /home/airflow/.local/lib/python3.12/site-packages/airflow/example_dags/example_branch_python_dop_operator_3.py took 0.194 seconds
[2024-12-10T08:12:43.435+0000] {processor.py:186} INFO - Started process (PID=625) to work on /home/airflow/.local/lib/python3.12/site-packages/airflow/example_dags/example_branch_python_dop_operator_3.py
[2024-12-10T08:12:43.437+0000] {processor.py:914} INFO - Processing file /home/airflow/.local/lib/python3.12/site-packages/airflow/example_dags/example_branch_python_dop_operator_3.py for tasks to queue
[2024-12-10T08:12:43.439+0000] {logging_mixin.py:190} INFO - [2024-12-10T08:12:43.439+0000] {dagbag.py:588} INFO - Filling up the DagBag from /home/airflow/.local/lib/python3.12/site-packages/airflow/example_dags/example_branch_python_dop_operator_3.py
[2024-12-10T08:12:43.451+0000] {processor.py:925} INFO - DAG(s) 'example_branch_dop_operator_v3' retrieved from /home/airflow/.local/lib/python3.12/site-packages/airflow/example_dags/example_branch_python_dop_operator_3.py
[2024-12-10T08:12:43.474+0000] {logging_mixin.py:190} INFO - [2024-12-10T08:12:43.474+0000] {dag.py:3239} INFO - Sync 1 DAGs
[2024-12-10T08:12:43.506+0000] {logging_mixin.py:190} INFO - [2024-12-10T08:12:43.506+0000] {dag.py:4180} INFO - Setting next_dagrun for example_branch_dop_operator_v3 to 2024-12-10 08:11:00+00:00, run_after=2024-12-10 08:12:00+00:00
[2024-12-10T08:12:43.527+0000] {processor.py:208} INFO - Processing /home/airflow/.local/lib/python3.12/site-packages/airflow/example_dags/example_branch_python_dop_operator_3.py took 0.098 seconds
[2024-12-10T08:13:14.957+0000] {processor.py:186} INFO - Started process (PID=688) to work on /home/airflow/.local/lib/python3.12/site-packages/airflow/example_dags/example_branch_python_dop_operator_3.py
[2024-12-10T08:13:14.958+0000] {processor.py:914} INFO - Processing file /home/airflow/.local/lib/python3.12/site-packages/airflow/example_dags/example_branch_python_dop_operator_3.py for tasks to queue
[2024-12-10T08:13:14.961+0000] {logging_mixin.py:190} INFO - [2024-12-10T08:13:14.961+0000] {dagbag.py:588} INFO - Filling up the DagBag from /home/airflow/.local/lib/python3.12/site-packages/airflow/example_dags/example_branch_python_dop_operator_3.py
[2024-12-10T08:13:14.974+0000] {processor.py:925} INFO - DAG(s) 'example_branch_dop_operator_v3' retrieved from /home/airflow/.local/lib/python3.12/site-packages/airflow/example_dags/example_branch_python_dop_operator_3.py
[2024-12-10T08:13:15.002+0000] {logging_mixin.py:190} INFO - [2024-12-10T08:13:15.001+0000] {dag.py:3239} INFO - Sync 1 DAGs
[2024-12-10T08:13:15.033+0000] {logging_mixin.py:190} INFO - [2024-12-10T08:13:15.032+0000] {dag.py:4180} INFO - Setting next_dagrun for example_branch_dop_operator_v3 to 2024-12-10 08:12:00+00:00, run_after=2024-12-10 08:13:00+00:00
[2024-12-10T08:13:15.053+0000] {processor.py:208} INFO - Processing /home/airflow/.local/lib/python3.12/site-packages/airflow/example_dags/example_branch_python_dop_operator_3.py took 0.102 seconds
[2024-12-10T08:13:46.707+0000] {processor.py:186} INFO - Started process (PID=751) to work on /home/airflow/.local/lib/python3.12/site-packages/airflow/example_dags/example_branch_python_dop_operator_3.py
[2024-12-10T08:13:46.708+0000] {processor.py:914} INFO - Processing file /home/airflow/.local/lib/python3.12/site-packages/airflow/example_dags/example_branch_python_dop_operator_3.py for tasks to queue
[2024-12-10T08:13:46.711+0000] {logging_mixin.py:190} INFO - [2024-12-10T08:13:46.711+0000] {dagbag.py:588} INFO - Filling up the DagBag from /home/airflow/.local/lib/python3.12/site-packages/airflow/example_dags/example_branch_python_dop_operator_3.py
[2024-12-10T08:13:46.724+0000] {processor.py:925} INFO - DAG(s) 'example_branch_dop_operator_v3' retrieved from /home/airflow/.local/lib/python3.12/site-packages/airflow/example_dags/example_branch_python_dop_operator_3.py
[2024-12-10T08:13:46.754+0000] {logging_mixin.py:190} INFO - [2024-12-10T08:13:46.753+0000] {dag.py:3239} INFO - Sync 1 DAGs
[2024-12-10T08:13:46.789+0000] {logging_mixin.py:190} INFO - [2024-12-10T08:13:46.789+0000] {dag.py:4180} INFO - Setting next_dagrun for example_branch_dop_operator_v3 to 2024-12-10 08:12:00+00:00, run_after=2024-12-10 08:13:00+00:00
[2024-12-10T08:13:46.814+0000] {processor.py:208} INFO - Processing /home/airflow/.local/lib/python3.12/site-packages/airflow/example_dags/example_branch_python_dop_operator_3.py took 0.114 seconds
[2024-12-10T08:15:37.487+0000] {processor.py:186} INFO - Started process (PID=121) to work on /home/airflow/.local/lib/python3.12/site-packages/airflow/example_dags/example_branch_python_dop_operator_3.py
[2024-12-10T08:15:37.489+0000] {processor.py:914} INFO - Processing file /home/airflow/.local/lib/python3.12/site-packages/airflow/example_dags/example_branch_python_dop_operator_3.py for tasks to queue
[2024-12-10T08:15:37.492+0000] {logging_mixin.py:190} INFO - [2024-12-10T08:15:37.491+0000] {dagbag.py:588} INFO - Filling up the DagBag from /home/airflow/.local/lib/python3.12/site-packages/airflow/example_dags/example_branch_python_dop_operator_3.py
[2024-12-10T08:15:37.506+0000] {processor.py:925} INFO - DAG(s) 'example_branch_dop_operator_v3' retrieved from /home/airflow/.local/lib/python3.12/site-packages/airflow/example_dags/example_branch_python_dop_operator_3.py
[2024-12-10T08:15:37.533+0000] {logging_mixin.py:190} INFO - [2024-12-10T08:15:37.533+0000] {dag.py:3239} INFO - Sync 1 DAGs
[2024-12-10T08:15:37.568+0000] {logging_mixin.py:190} INFO - [2024-12-10T08:15:37.568+0000] {dag.py:4180} INFO - Setting next_dagrun for example_branch_dop_operator_v3 to 2024-12-10 08:14:00+00:00, run_after=2024-12-10 08:15:00+00:00
[2024-12-10T08:15:37.597+0000] {processor.py:208} INFO - Processing /home/airflow/.local/lib/python3.12/site-packages/airflow/example_dags/example_branch_python_dop_operator_3.py took 0.117 seconds
[2024-12-10T08:16:08.340+0000] {processor.py:186} INFO - Started process (PID=184) to work on /home/airflow/.local/lib/python3.12/site-packages/airflow/example_dags/example_branch_python_dop_operator_3.py
[2024-12-10T08:16:08.341+0000] {processor.py:914} INFO - Processing file /home/airflow/.local/lib/python3.12/site-packages/airflow/example_dags/example_branch_python_dop_operator_3.py for tasks to queue
[2024-12-10T08:16:08.344+0000] {logging_mixin.py:190} INFO - [2024-12-10T08:16:08.344+0000] {dagbag.py:588} INFO - Filling up the DagBag from /home/airflow/.local/lib/python3.12/site-packages/airflow/example_dags/example_branch_python_dop_operator_3.py
[2024-12-10T08:16:08.355+0000] {processor.py:925} INFO - DAG(s) 'example_branch_dop_operator_v3' retrieved from /home/airflow/.local/lib/python3.12/site-packages/airflow/example_dags/example_branch_python_dop_operator_3.py
[2024-12-10T08:16:08.379+0000] {logging_mixin.py:190} INFO - [2024-12-10T08:16:08.379+0000] {dag.py:3239} INFO - Sync 1 DAGs
[2024-12-10T08:16:08.407+0000] {logging_mixin.py:190} INFO - [2024-12-10T08:16:08.407+0000] {dag.py:4180} INFO - Setting next_dagrun for example_branch_dop_operator_v3 to 2024-12-10 08:15:00+00:00, run_after=2024-12-10 08:16:00+00:00
[2024-12-10T08:16:08.430+0000] {processor.py:208} INFO - Processing /home/airflow/.local/lib/python3.12/site-packages/airflow/example_dags/example_branch_python_dop_operator_3.py took 0.097 seconds
[2024-12-10T08:16:39.263+0000] {processor.py:186} INFO - Started process (PID=247) to work on /home/airflow/.local/lib/python3.12/site-packages/airflow/example_dags/example_branch_python_dop_operator_3.py
[2024-12-10T08:16:39.264+0000] {processor.py:914} INFO - Processing file /home/airflow/.local/lib/python3.12/site-packages/airflow/example_dags/example_branch_python_dop_operator_3.py for tasks to queue
[2024-12-10T08:16:39.267+0000] {logging_mixin.py:190} INFO - [2024-12-10T08:16:39.266+0000] {dagbag.py:588} INFO - Filling up the DagBag from /home/airflow/.local/lib/python3.12/site-packages/airflow/example_dags/example_branch_python_dop_operator_3.py
[2024-12-10T08:16:39.280+0000] {processor.py:925} INFO - DAG(s) 'example_branch_dop_operator_v3' retrieved from /home/airflow/.local/lib/python3.12/site-packages/airflow/example_dags/example_branch_python_dop_operator_3.py
[2024-12-10T08:16:39.304+0000] {logging_mixin.py:190} INFO - [2024-12-10T08:16:39.304+0000] {dag.py:3239} INFO - Sync 1 DAGs
[2024-12-10T08:16:39.335+0000] {logging_mixin.py:190} INFO - [2024-12-10T08:16:39.335+0000] {dag.py:4180} INFO - Setting next_dagrun for example_branch_dop_operator_v3 to 2024-12-10 08:15:00+00:00, run_after=2024-12-10 08:16:00+00:00
[2024-12-10T08:16:39.358+0000] {processor.py:208} INFO - Processing /home/airflow/.local/lib/python3.12/site-packages/airflow/example_dags/example_branch_python_dop_operator_3.py took 0.102 seconds
[2024-12-10T08:17:10.321+0000] {processor.py:186} INFO - Started process (PID=310) to work on /home/airflow/.local/lib/python3.12/site-packages/airflow/example_dags/example_branch_python_dop_operator_3.py
[2024-12-10T08:17:10.323+0000] {processor.py:914} INFO - Processing file /home/airflow/.local/lib/python3.12/site-packages/airflow/example_dags/example_branch_python_dop_operator_3.py for tasks to queue
[2024-12-10T08:17:10.326+0000] {logging_mixin.py:190} INFO - [2024-12-10T08:17:10.325+0000] {dagbag.py:588} INFO - Filling up the DagBag from /home/airflow/.local/lib/python3.12/site-packages/airflow/example_dags/example_branch_python_dop_operator_3.py
[2024-12-10T08:17:10.337+0000] {processor.py:925} INFO - DAG(s) 'example_branch_dop_operator_v3' retrieved from /home/airflow/.local/lib/python3.12/site-packages/airflow/example_dags/example_branch_python_dop_operator_3.py
[2024-12-10T08:17:10.360+0000] {logging_mixin.py:190} INFO - [2024-12-10T08:17:10.360+0000] {dag.py:3239} INFO - Sync 1 DAGs
[2024-12-10T08:17:10.391+0000] {logging_mixin.py:190} INFO - [2024-12-10T08:17:10.391+0000] {dag.py:4180} INFO - Setting next_dagrun for example_branch_dop_operator_v3 to 2024-12-10 08:16:00+00:00, run_after=2024-12-10 08:17:00+00:00
[2024-12-10T08:17:10.414+0000] {processor.py:208} INFO - Processing /home/airflow/.local/lib/python3.12/site-packages/airflow/example_dags/example_branch_python_dop_operator_3.py took 0.100 seconds
[2024-12-10T08:17:41.515+0000] {processor.py:186} INFO - Started process (PID=372) to work on /home/airflow/.local/lib/python3.12/site-packages/airflow/example_dags/example_branch_python_dop_operator_3.py
[2024-12-10T08:17:41.517+0000] {processor.py:914} INFO - Processing file /home/airflow/.local/lib/python3.12/site-packages/airflow/example_dags/example_branch_python_dop_operator_3.py for tasks to queue
[2024-12-10T08:17:41.519+0000] {logging_mixin.py:190} INFO - [2024-12-10T08:17:41.519+0000] {dagbag.py:588} INFO - Filling up the DagBag from /home/airflow/.local/lib/python3.12/site-packages/airflow/example_dags/example_branch_python_dop_operator_3.py
[2024-12-10T08:17:41.535+0000] {processor.py:925} INFO - DAG(s) 'example_branch_dop_operator_v3' retrieved from /home/airflow/.local/lib/python3.12/site-packages/airflow/example_dags/example_branch_python_dop_operator_3.py
[2024-12-10T08:17:41.561+0000] {logging_mixin.py:190} INFO - [2024-12-10T08:17:41.561+0000] {dag.py:3239} INFO - Sync 1 DAGs
[2024-12-10T08:17:41.596+0000] {logging_mixin.py:190} INFO - [2024-12-10T08:17:41.596+0000] {dag.py:4180} INFO - Setting next_dagrun for example_branch_dop_operator_v3 to 2024-12-10 08:16:00+00:00, run_after=2024-12-10 08:17:00+00:00
[2024-12-10T08:17:41.620+0000] {processor.py:208} INFO - Processing /home/airflow/.local/lib/python3.12/site-packages/airflow/example_dags/example_branch_python_dop_operator_3.py took 0.111 seconds
[2024-12-10T08:18:12.764+0000] {processor.py:186} INFO - Started process (PID=435) to work on /home/airflow/.local/lib/python3.12/site-packages/airflow/example_dags/example_branch_python_dop_operator_3.py
[2024-12-10T08:18:12.766+0000] {processor.py:914} INFO - Processing file /home/airflow/.local/lib/python3.12/site-packages/airflow/example_dags/example_branch_python_dop_operator_3.py for tasks to queue
[2024-12-10T08:18:12.769+0000] {logging_mixin.py:190} INFO - [2024-12-10T08:18:12.768+0000] {dagbag.py:588} INFO - Filling up the DagBag from /home/airflow/.local/lib/python3.12/site-packages/airflow/example_dags/example_branch_python_dop_operator_3.py
[2024-12-10T08:18:12.781+0000] {processor.py:925} INFO - DAG(s) 'example_branch_dop_operator_v3' retrieved from /home/airflow/.local/lib/python3.12/site-packages/airflow/example_dags/example_branch_python_dop_operator_3.py
[2024-12-10T08:18:12.803+0000] {logging_mixin.py:190} INFO - [2024-12-10T08:18:12.803+0000] {dag.py:3239} INFO - Sync 1 DAGs
[2024-12-10T08:18:12.834+0000] {logging_mixin.py:190} INFO - [2024-12-10T08:18:12.834+0000] {dag.py:4180} INFO - Setting next_dagrun for example_branch_dop_operator_v3 to 2024-12-10 08:17:00+00:00, run_after=2024-12-10 08:18:00+00:00
[2024-12-10T08:18:12.855+0000] {processor.py:208} INFO - Processing /home/airflow/.local/lib/python3.12/site-packages/airflow/example_dags/example_branch_python_dop_operator_3.py took 0.097 seconds
[2024-12-10T08:18:44.418+0000] {processor.py:186} INFO - Started process (PID=498) to work on /home/airflow/.local/lib/python3.12/site-packages/airflow/example_dags/example_branch_python_dop_operator_3.py
[2024-12-10T08:18:44.419+0000] {processor.py:914} INFO - Processing file /home/airflow/.local/lib/python3.12/site-packages/airflow/example_dags/example_branch_python_dop_operator_3.py for tasks to queue
[2024-12-10T08:18:44.423+0000] {logging_mixin.py:190} INFO - [2024-12-10T08:18:44.422+0000] {dagbag.py:588} INFO - Filling up the DagBag from /home/airflow/.local/lib/python3.12/site-packages/airflow/example_dags/example_branch_python_dop_operator_3.py
[2024-12-10T08:18:44.435+0000] {processor.py:925} INFO - DAG(s) 'example_branch_dop_operator_v3' retrieved from /home/airflow/.local/lib/python3.12/site-packages/airflow/example_dags/example_branch_python_dop_operator_3.py
[2024-12-10T08:18:44.458+0000] {logging_mixin.py:190} INFO - [2024-12-10T08:18:44.457+0000] {dag.py:3239} INFO - Sync 1 DAGs
[2024-12-10T08:18:44.490+0000] {logging_mixin.py:190} INFO - [2024-12-10T08:18:44.489+0000] {dag.py:4180} INFO - Setting next_dagrun for example_branch_dop_operator_v3 to 2024-12-10 08:17:00+00:00, run_after=2024-12-10 08:18:00+00:00
[2024-12-10T08:18:44.512+0000] {processor.py:208} INFO - Processing /home/airflow/.local/lib/python3.12/site-packages/airflow/example_dags/example_branch_python_dop_operator_3.py took 0.100 seconds
[2024-12-10T08:19:15.653+0000] {processor.py:186} INFO - Started process (PID=561) to work on /home/airflow/.local/lib/python3.12/site-packages/airflow/example_dags/example_branch_python_dop_operator_3.py
[2024-12-10T08:19:15.654+0000] {processor.py:914} INFO - Processing file /home/airflow/.local/lib/python3.12/site-packages/airflow/example_dags/example_branch_python_dop_operator_3.py for tasks to queue
[2024-12-10T08:19:15.658+0000] {logging_mixin.py:190} INFO - [2024-12-10T08:19:15.658+0000] {dagbag.py:588} INFO - Filling up the DagBag from /home/airflow/.local/lib/python3.12/site-packages/airflow/example_dags/example_branch_python_dop_operator_3.py
[2024-12-10T08:19:15.673+0000] {processor.py:925} INFO - DAG(s) 'example_branch_dop_operator_v3' retrieved from /home/airflow/.local/lib/python3.12/site-packages/airflow/example_dags/example_branch_python_dop_operator_3.py
[2024-12-10T08:19:15.697+0000] {logging_mixin.py:190} INFO - [2024-12-10T08:19:15.696+0000] {dag.py:3239} INFO - Sync 1 DAGs
[2024-12-10T08:19:15.733+0000] {logging_mixin.py:190} INFO - [2024-12-10T08:19:15.733+0000] {dag.py:4180} INFO - Setting next_dagrun for example_branch_dop_operator_v3 to 2024-12-10 08:18:00+00:00, run_after=2024-12-10 08:19:00+00:00
[2024-12-10T08:19:15.759+0000] {processor.py:208} INFO - Processing /home/airflow/.local/lib/python3.12/site-packages/airflow/example_dags/example_branch_python_dop_operator_3.py took 0.114 seconds
[2024-12-10T08:19:46.560+0000] {processor.py:186} INFO - Started process (PID=624) to work on /home/airflow/.local/lib/python3.12/site-packages/airflow/example_dags/example_branch_python_dop_operator_3.py
[2024-12-10T08:19:46.561+0000] {processor.py:914} INFO - Processing file /home/airflow/.local/lib/python3.12/site-packages/airflow/example_dags/example_branch_python_dop_operator_3.py for tasks to queue
[2024-12-10T08:19:46.564+0000] {logging_mixin.py:190} INFO - [2024-12-10T08:19:46.564+0000] {dagbag.py:588} INFO - Filling up the DagBag from /home/airflow/.local/lib/python3.12/site-packages/airflow/example_dags/example_branch_python_dop_operator_3.py
[2024-12-10T08:19:46.579+0000] {processor.py:925} INFO - DAG(s) 'example_branch_dop_operator_v3' retrieved from /home/airflow/.local/lib/python3.12/site-packages/airflow/example_dags/example_branch_python_dop_operator_3.py
[2024-12-10T08:19:46.609+0000] {logging_mixin.py:190} INFO - [2024-12-10T08:19:46.609+0000] {dag.py:3239} INFO - Sync 1 DAGs
[2024-12-10T08:19:46.648+0000] {logging_mixin.py:190} INFO - [2024-12-10T08:19:46.648+0000] {dag.py:4180} INFO - Setting next_dagrun for example_branch_dop_operator_v3 to 2024-12-10 08:18:00+00:00, run_after=2024-12-10 08:19:00+00:00
[2024-12-10T08:19:46.671+0000] {processor.py:208} INFO - Processing /home/airflow/.local/lib/python3.12/site-packages/airflow/example_dags/example_branch_python_dop_operator_3.py took 0.119 seconds
[2024-12-10T08:20:18.387+0000] {processor.py:186} INFO - Started process (PID=687) to work on /home/airflow/.local/lib/python3.12/site-packages/airflow/example_dags/example_branch_python_dop_operator_3.py
[2024-12-10T08:20:18.388+0000] {processor.py:914} INFO - Processing file /home/airflow/.local/lib/python3.12/site-packages/airflow/example_dags/example_branch_python_dop_operator_3.py for tasks to queue
[2024-12-10T08:20:18.391+0000] {logging_mixin.py:190} INFO - [2024-12-10T08:20:18.391+0000] {dagbag.py:588} INFO - Filling up the DagBag from /home/airflow/.local/lib/python3.12/site-packages/airflow/example_dags/example_branch_python_dop_operator_3.py
[2024-12-10T08:20:18.405+0000] {processor.py:925} INFO - DAG(s) 'example_branch_dop_operator_v3' retrieved from /home/airflow/.local/lib/python3.12/site-packages/airflow/example_dags/example_branch_python_dop_operator_3.py
[2024-12-10T08:20:18.430+0000] {logging_mixin.py:190} INFO - [2024-12-10T08:20:18.429+0000] {dag.py:3239} INFO - Sync 1 DAGs
[2024-12-10T08:20:18.463+0000] {logging_mixin.py:190} INFO - [2024-12-10T08:20:18.462+0000] {dag.py:4180} INFO - Setting next_dagrun for example_branch_dop_operator_v3 to 2024-12-10 08:19:00+00:00, run_after=2024-12-10 08:20:00+00:00
[2024-12-10T08:20:18.486+0000] {processor.py:208} INFO - Processing /home/airflow/.local/lib/python3.12/site-packages/airflow/example_dags/example_branch_python_dop_operator_3.py took 0.107 seconds
[2024-12-10T08:20:50.100+0000] {processor.py:186} INFO - Started process (PID=750) to work on /home/airflow/.local/lib/python3.12/site-packages/airflow/example_dags/example_branch_python_dop_operator_3.py
[2024-12-10T08:20:50.102+0000] {processor.py:914} INFO - Processing file /home/airflow/.local/lib/python3.12/site-packages/airflow/example_dags/example_branch_python_dop_operator_3.py for tasks to queue
[2024-12-10T08:20:50.105+0000] {logging_mixin.py:190} INFO - [2024-12-10T08:20:50.104+0000] {dagbag.py:588} INFO - Filling up the DagBag from /home/airflow/.local/lib/python3.12/site-packages/airflow/example_dags/example_branch_python_dop_operator_3.py
[2024-12-10T08:20:50.123+0000] {processor.py:925} INFO - DAG(s) 'example_branch_dop_operator_v3' retrieved from /home/airflow/.local/lib/python3.12/site-packages/airflow/example_dags/example_branch_python_dop_operator_3.py
[2024-12-10T08:20:50.149+0000] {logging_mixin.py:190} INFO - [2024-12-10T08:20:50.148+0000] {dag.py:3239} INFO - Sync 1 DAGs
[2024-12-10T08:20:50.185+0000] {logging_mixin.py:190} INFO - [2024-12-10T08:20:50.185+0000] {dag.py:4180} INFO - Setting next_dagrun for example_branch_dop_operator_v3 to 2024-12-10 08:19:00+00:00, run_after=2024-12-10 08:20:00+00:00
[2024-12-10T08:20:50.209+0000] {processor.py:208} INFO - Processing /home/airflow/.local/lib/python3.12/site-packages/airflow/example_dags/example_branch_python_dop_operator_3.py took 0.115 seconds
