[2024-12-10T07:56:12.128+0000] {processor.py:186} INFO - Started process (PID=118) to work on /home/airflow/.local/lib/python3.12/site-packages/airflow/example_dags/example_complex.py
[2024-12-10T07:56:12.130+0000] {processor.py:914} INFO - Processing file /home/airflow/.local/lib/python3.12/site-packages/airflow/example_dags/example_complex.py for tasks to queue
[2024-12-10T07:56:12.133+0000] {logging_mixin.py:190} INFO - [2024-12-10T07:56:12.133+0000] {dagbag.py:588} INFO - Filling up the DagBag from /home/airflow/.local/lib/python3.12/site-packages/airflow/example_dags/example_complex.py
[2024-12-10T07:56:12.151+0000] {processor.py:925} INFO - DAG(s) 'example_complex' retrieved from /home/airflow/.local/lib/python3.12/site-packages/airflow/example_dags/example_complex.py
[2024-12-10T07:56:12.363+0000] {logging_mixin.py:190} INFO - [2024-12-10T07:56:12.362+0000] {override.py:1911} INFO - Created Permission View: can read on DAG:example_complex
[2024-12-10T07:56:12.378+0000] {logging_mixin.py:190} INFO - [2024-12-10T07:56:12.377+0000] {override.py:1911} INFO - Created Permission View: can edit on DAG:example_complex
[2024-12-10T07:56:12.389+0000] {logging_mixin.py:190} INFO - [2024-12-10T07:56:12.388+0000] {override.py:1911} INFO - Created Permission View: can delete on DAG:example_complex
[2024-12-10T07:56:12.401+0000] {logging_mixin.py:190} INFO - [2024-12-10T07:56:12.400+0000] {override.py:1911} INFO - Created Permission View: can read on DAG Run:example_complex
[2024-12-10T07:56:12.411+0000] {logging_mixin.py:190} INFO - [2024-12-10T07:56:12.411+0000] {override.py:1911} INFO - Created Permission View: menu access on DAG Run:example_complex
[2024-12-10T07:56:12.423+0000] {logging_mixin.py:190} INFO - [2024-12-10T07:56:12.423+0000] {override.py:1911} INFO - Created Permission View: can delete on DAG Run:example_complex
[2024-12-10T07:56:12.435+0000] {logging_mixin.py:190} INFO - [2024-12-10T07:56:12.434+0000] {override.py:1911} INFO - Created Permission View: can create on DAG Run:example_complex
[2024-12-10T07:56:12.436+0000] {logging_mixin.py:190} INFO - [2024-12-10T07:56:12.435+0000] {dag.py:3239} INFO - Sync 1 DAGs
[2024-12-10T07:56:12.459+0000] {logging_mixin.py:190} INFO - [2024-12-10T07:56:12.458+0000] {dag.py:3262} INFO - Creating ORM DAG for example_complex
[2024-12-10T07:56:12.461+0000] {logging_mixin.py:190} INFO - [2024-12-10T07:56:12.460+0000] {dag.py:4180} INFO - Setting next_dagrun for example_complex to None, run_after=None
[2024-12-10T07:56:12.503+0000] {processor.py:208} INFO - Processing /home/airflow/.local/lib/python3.12/site-packages/airflow/example_dags/example_complex.py took 0.385 seconds
[2024-12-10T07:56:42.992+0000] {processor.py:186} INFO - Started process (PID=181) to work on /home/airflow/.local/lib/python3.12/site-packages/airflow/example_dags/example_complex.py
[2024-12-10T07:56:42.993+0000] {processor.py:914} INFO - Processing file /home/airflow/.local/lib/python3.12/site-packages/airflow/example_dags/example_complex.py for tasks to queue
[2024-12-10T07:56:42.996+0000] {logging_mixin.py:190} INFO - [2024-12-10T07:56:42.996+0000] {dagbag.py:588} INFO - Filling up the DagBag from /home/airflow/.local/lib/python3.12/site-packages/airflow/example_dags/example_complex.py
[2024-12-10T07:56:43.016+0000] {processor.py:925} INFO - DAG(s) 'example_complex' retrieved from /home/airflow/.local/lib/python3.12/site-packages/airflow/example_dags/example_complex.py
[2024-12-10T07:56:43.062+0000] {logging_mixin.py:190} INFO - [2024-12-10T07:56:43.062+0000] {dag.py:3239} INFO - Sync 1 DAGs
[2024-12-10T07:56:43.081+0000] {logging_mixin.py:190} INFO - [2024-12-10T07:56:43.081+0000] {dag.py:4180} INFO - Setting next_dagrun for example_complex to None, run_after=None
[2024-12-10T07:56:43.103+0000] {processor.py:208} INFO - Processing /home/airflow/.local/lib/python3.12/site-packages/airflow/example_dags/example_complex.py took 0.119 seconds
[2024-12-10T07:57:14.305+0000] {processor.py:186} INFO - Started process (PID=244) to work on /home/airflow/.local/lib/python3.12/site-packages/airflow/example_dags/example_complex.py
[2024-12-10T07:57:14.306+0000] {processor.py:914} INFO - Processing file /home/airflow/.local/lib/python3.12/site-packages/airflow/example_dags/example_complex.py for tasks to queue
[2024-12-10T07:57:14.309+0000] {logging_mixin.py:190} INFO - [2024-12-10T07:57:14.309+0000] {dagbag.py:588} INFO - Filling up the DagBag from /home/airflow/.local/lib/python3.12/site-packages/airflow/example_dags/example_complex.py
[2024-12-10T07:57:14.324+0000] {processor.py:925} INFO - DAG(s) 'example_complex' retrieved from /home/airflow/.local/lib/python3.12/site-packages/airflow/example_dags/example_complex.py
[2024-12-10T07:57:14.362+0000] {logging_mixin.py:190} INFO - [2024-12-10T07:57:14.362+0000] {dag.py:3239} INFO - Sync 1 DAGs
[2024-12-10T07:57:14.380+0000] {logging_mixin.py:190} INFO - [2024-12-10T07:57:14.380+0000] {dag.py:4180} INFO - Setting next_dagrun for example_complex to None, run_after=None
[2024-12-10T07:57:14.402+0000] {processor.py:208} INFO - Processing /home/airflow/.local/lib/python3.12/site-packages/airflow/example_dags/example_complex.py took 0.104 seconds
[2024-12-10T07:57:45.146+0000] {processor.py:186} INFO - Started process (PID=307) to work on /home/airflow/.local/lib/python3.12/site-packages/airflow/example_dags/example_complex.py
[2024-12-10T07:57:45.148+0000] {processor.py:914} INFO - Processing file /home/airflow/.local/lib/python3.12/site-packages/airflow/example_dags/example_complex.py for tasks to queue
[2024-12-10T07:57:45.150+0000] {logging_mixin.py:190} INFO - [2024-12-10T07:57:45.150+0000] {dagbag.py:588} INFO - Filling up the DagBag from /home/airflow/.local/lib/python3.12/site-packages/airflow/example_dags/example_complex.py
[2024-12-10T07:57:45.162+0000] {processor.py:925} INFO - DAG(s) 'example_complex' retrieved from /home/airflow/.local/lib/python3.12/site-packages/airflow/example_dags/example_complex.py
[2024-12-10T07:57:45.194+0000] {logging_mixin.py:190} INFO - [2024-12-10T07:57:45.194+0000] {dag.py:3239} INFO - Sync 1 DAGs
[2024-12-10T07:57:45.208+0000] {logging_mixin.py:190} INFO - [2024-12-10T07:57:45.208+0000] {dag.py:4180} INFO - Setting next_dagrun for example_complex to None, run_after=None
[2024-12-10T07:57:45.225+0000] {processor.py:208} INFO - Processing /home/airflow/.local/lib/python3.12/site-packages/airflow/example_dags/example_complex.py took 0.088 seconds
[2024-12-10T07:58:17.164+0000] {processor.py:186} INFO - Started process (PID=370) to work on /home/airflow/.local/lib/python3.12/site-packages/airflow/example_dags/example_complex.py
[2024-12-10T07:58:17.165+0000] {processor.py:914} INFO - Processing file /home/airflow/.local/lib/python3.12/site-packages/airflow/example_dags/example_complex.py for tasks to queue
[2024-12-10T07:58:17.168+0000] {logging_mixin.py:190} INFO - [2024-12-10T07:58:17.168+0000] {dagbag.py:588} INFO - Filling up the DagBag from /home/airflow/.local/lib/python3.12/site-packages/airflow/example_dags/example_complex.py
[2024-12-10T07:58:17.183+0000] {processor.py:925} INFO - DAG(s) 'example_complex' retrieved from /home/airflow/.local/lib/python3.12/site-packages/airflow/example_dags/example_complex.py
[2024-12-10T07:58:17.226+0000] {logging_mixin.py:190} INFO - [2024-12-10T07:58:17.226+0000] {dag.py:3239} INFO - Sync 1 DAGs
[2024-12-10T07:58:17.247+0000] {logging_mixin.py:190} INFO - [2024-12-10T07:58:17.246+0000] {dag.py:4180} INFO - Setting next_dagrun for example_complex to None, run_after=None
[2024-12-10T07:58:17.268+0000] {processor.py:208} INFO - Processing /home/airflow/.local/lib/python3.12/site-packages/airflow/example_dags/example_complex.py took 0.113 seconds
[2024-12-10T07:58:48.271+0000] {processor.py:186} INFO - Started process (PID=433) to work on /home/airflow/.local/lib/python3.12/site-packages/airflow/example_dags/example_complex.py
[2024-12-10T07:58:48.272+0000] {processor.py:914} INFO - Processing file /home/airflow/.local/lib/python3.12/site-packages/airflow/example_dags/example_complex.py for tasks to queue
[2024-12-10T07:58:48.276+0000] {logging_mixin.py:190} INFO - [2024-12-10T07:58:48.275+0000] {dagbag.py:588} INFO - Filling up the DagBag from /home/airflow/.local/lib/python3.12/site-packages/airflow/example_dags/example_complex.py
[2024-12-10T07:58:48.290+0000] {processor.py:925} INFO - DAG(s) 'example_complex' retrieved from /home/airflow/.local/lib/python3.12/site-packages/airflow/example_dags/example_complex.py
[2024-12-10T07:58:48.329+0000] {logging_mixin.py:190} INFO - [2024-12-10T07:58:48.328+0000] {dag.py:3239} INFO - Sync 1 DAGs
[2024-12-10T07:58:48.348+0000] {logging_mixin.py:190} INFO - [2024-12-10T07:58:48.348+0000] {dag.py:4180} INFO - Setting next_dagrun for example_complex to None, run_after=None
[2024-12-10T07:58:48.374+0000] {processor.py:208} INFO - Processing /home/airflow/.local/lib/python3.12/site-packages/airflow/example_dags/example_complex.py took 0.110 seconds
[2024-12-10T07:59:19.859+0000] {processor.py:186} INFO - Started process (PID=496) to work on /home/airflow/.local/lib/python3.12/site-packages/airflow/example_dags/example_complex.py
[2024-12-10T07:59:19.860+0000] {processor.py:914} INFO - Processing file /home/airflow/.local/lib/python3.12/site-packages/airflow/example_dags/example_complex.py for tasks to queue
[2024-12-10T07:59:19.863+0000] {logging_mixin.py:190} INFO - [2024-12-10T07:59:19.863+0000] {dagbag.py:588} INFO - Filling up the DagBag from /home/airflow/.local/lib/python3.12/site-packages/airflow/example_dags/example_complex.py
[2024-12-10T07:59:19.878+0000] {processor.py:925} INFO - DAG(s) 'example_complex' retrieved from /home/airflow/.local/lib/python3.12/site-packages/airflow/example_dags/example_complex.py
[2024-12-10T07:59:19.916+0000] {logging_mixin.py:190} INFO - [2024-12-10T07:59:19.915+0000] {dag.py:3239} INFO - Sync 1 DAGs
[2024-12-10T07:59:19.934+0000] {logging_mixin.py:190} INFO - [2024-12-10T07:59:19.934+0000] {dag.py:4180} INFO - Setting next_dagrun for example_complex to None, run_after=None
[2024-12-10T07:59:19.955+0000] {processor.py:208} INFO - Processing /home/airflow/.local/lib/python3.12/site-packages/airflow/example_dags/example_complex.py took 0.104 seconds
[2024-12-10T07:59:50.928+0000] {processor.py:186} INFO - Started process (PID=559) to work on /home/airflow/.local/lib/python3.12/site-packages/airflow/example_dags/example_complex.py
[2024-12-10T07:59:50.929+0000] {processor.py:914} INFO - Processing file /home/airflow/.local/lib/python3.12/site-packages/airflow/example_dags/example_complex.py for tasks to queue
[2024-12-10T07:59:50.931+0000] {logging_mixin.py:190} INFO - [2024-12-10T07:59:50.931+0000] {dagbag.py:588} INFO - Filling up the DagBag from /home/airflow/.local/lib/python3.12/site-packages/airflow/example_dags/example_complex.py
[2024-12-10T07:59:50.946+0000] {processor.py:925} INFO - DAG(s) 'example_complex' retrieved from /home/airflow/.local/lib/python3.12/site-packages/airflow/example_dags/example_complex.py
[2024-12-10T07:59:50.985+0000] {logging_mixin.py:190} INFO - [2024-12-10T07:59:50.985+0000] {dag.py:3239} INFO - Sync 1 DAGs
[2024-12-10T07:59:51.004+0000] {logging_mixin.py:190} INFO - [2024-12-10T07:59:51.003+0000] {dag.py:4180} INFO - Setting next_dagrun for example_complex to None, run_after=None
[2024-12-10T07:59:51.026+0000] {processor.py:208} INFO - Processing /home/airflow/.local/lib/python3.12/site-packages/airflow/example_dags/example_complex.py took 0.106 seconds
[2024-12-10T08:00:21.690+0000] {processor.py:186} INFO - Started process (PID=622) to work on /home/airflow/.local/lib/python3.12/site-packages/airflow/example_dags/example_complex.py
[2024-12-10T08:00:21.691+0000] {processor.py:914} INFO - Processing file /home/airflow/.local/lib/python3.12/site-packages/airflow/example_dags/example_complex.py for tasks to queue
[2024-12-10T08:00:21.694+0000] {logging_mixin.py:190} INFO - [2024-12-10T08:00:21.693+0000] {dagbag.py:588} INFO - Filling up the DagBag from /home/airflow/.local/lib/python3.12/site-packages/airflow/example_dags/example_complex.py
[2024-12-10T08:00:21.705+0000] {processor.py:925} INFO - DAG(s) 'example_complex' retrieved from /home/airflow/.local/lib/python3.12/site-packages/airflow/example_dags/example_complex.py
[2024-12-10T08:00:21.737+0000] {logging_mixin.py:190} INFO - [2024-12-10T08:00:21.737+0000] {dag.py:3239} INFO - Sync 1 DAGs
[2024-12-10T08:00:21.751+0000] {logging_mixin.py:190} INFO - [2024-12-10T08:00:21.751+0000] {dag.py:4180} INFO - Setting next_dagrun for example_complex to None, run_after=None
[2024-12-10T08:00:21.771+0000] {processor.py:208} INFO - Processing /home/airflow/.local/lib/python3.12/site-packages/airflow/example_dags/example_complex.py took 0.086 seconds
[2024-12-10T08:00:54.164+0000] {processor.py:186} INFO - Started process (PID=685) to work on /home/airflow/.local/lib/python3.12/site-packages/airflow/example_dags/example_complex.py
[2024-12-10T08:00:54.166+0000] {processor.py:914} INFO - Processing file /home/airflow/.local/lib/python3.12/site-packages/airflow/example_dags/example_complex.py for tasks to queue
[2024-12-10T08:00:54.171+0000] {logging_mixin.py:190} INFO - [2024-12-10T08:00:54.170+0000] {dagbag.py:588} INFO - Filling up the DagBag from /home/airflow/.local/lib/python3.12/site-packages/airflow/example_dags/example_complex.py
[2024-12-10T08:00:54.198+0000] {processor.py:925} INFO - DAG(s) 'example_complex' retrieved from /home/airflow/.local/lib/python3.12/site-packages/airflow/example_dags/example_complex.py
[2024-12-10T08:00:54.280+0000] {logging_mixin.py:190} INFO - [2024-12-10T08:00:54.279+0000] {dag.py:3239} INFO - Sync 1 DAGs
[2024-12-10T08:00:54.310+0000] {logging_mixin.py:190} INFO - [2024-12-10T08:00:54.310+0000] {dag.py:4180} INFO - Setting next_dagrun for example_complex to None, run_after=None
[2024-12-10T08:00:54.350+0000] {processor.py:208} INFO - Processing /home/airflow/.local/lib/python3.12/site-packages/airflow/example_dags/example_complex.py took 0.201 seconds
[2024-12-10T08:01:25.172+0000] {processor.py:186} INFO - Started process (PID=748) to work on /home/airflow/.local/lib/python3.12/site-packages/airflow/example_dags/example_complex.py
[2024-12-10T08:01:25.173+0000] {processor.py:914} INFO - Processing file /home/airflow/.local/lib/python3.12/site-packages/airflow/example_dags/example_complex.py for tasks to queue
[2024-12-10T08:01:25.177+0000] {logging_mixin.py:190} INFO - [2024-12-10T08:01:25.176+0000] {dagbag.py:588} INFO - Filling up the DagBag from /home/airflow/.local/lib/python3.12/site-packages/airflow/example_dags/example_complex.py
[2024-12-10T08:01:25.196+0000] {processor.py:925} INFO - DAG(s) 'example_complex' retrieved from /home/airflow/.local/lib/python3.12/site-packages/airflow/example_dags/example_complex.py
[2024-12-10T08:01:25.263+0000] {logging_mixin.py:190} INFO - [2024-12-10T08:01:25.262+0000] {dag.py:3239} INFO - Sync 1 DAGs
[2024-12-10T08:01:25.295+0000] {logging_mixin.py:190} INFO - [2024-12-10T08:01:25.294+0000] {dag.py:4180} INFO - Setting next_dagrun for example_complex to None, run_after=None
[2024-12-10T08:01:25.322+0000] {processor.py:208} INFO - Processing /home/airflow/.local/lib/python3.12/site-packages/airflow/example_dags/example_complex.py took 0.158 seconds
[2024-12-10T08:01:55.986+0000] {processor.py:186} INFO - Started process (PID=811) to work on /home/airflow/.local/lib/python3.12/site-packages/airflow/example_dags/example_complex.py
[2024-12-10T08:01:55.987+0000] {processor.py:914} INFO - Processing file /home/airflow/.local/lib/python3.12/site-packages/airflow/example_dags/example_complex.py for tasks to queue
[2024-12-10T08:01:55.989+0000] {logging_mixin.py:190} INFO - [2024-12-10T08:01:55.989+0000] {dagbag.py:588} INFO - Filling up the DagBag from /home/airflow/.local/lib/python3.12/site-packages/airflow/example_dags/example_complex.py
[2024-12-10T08:01:56.003+0000] {processor.py:925} INFO - DAG(s) 'example_complex' retrieved from /home/airflow/.local/lib/python3.12/site-packages/airflow/example_dags/example_complex.py
[2024-12-10T08:01:56.039+0000] {logging_mixin.py:190} INFO - [2024-12-10T08:01:56.039+0000] {dag.py:3239} INFO - Sync 1 DAGs
[2024-12-10T08:01:56.056+0000] {logging_mixin.py:190} INFO - [2024-12-10T08:01:56.055+0000] {dag.py:4180} INFO - Setting next_dagrun for example_complex to None, run_after=None
[2024-12-10T08:01:56.077+0000] {processor.py:208} INFO - Processing /home/airflow/.local/lib/python3.12/site-packages/airflow/example_dags/example_complex.py took 0.098 seconds
[2024-12-10T08:02:26.628+0000] {processor.py:186} INFO - Started process (PID=873) to work on /home/airflow/.local/lib/python3.12/site-packages/airflow/example_dags/example_complex.py
[2024-12-10T08:02:26.629+0000] {processor.py:914} INFO - Processing file /home/airflow/.local/lib/python3.12/site-packages/airflow/example_dags/example_complex.py for tasks to queue
[2024-12-10T08:02:26.632+0000] {logging_mixin.py:190} INFO - [2024-12-10T08:02:26.631+0000] {dagbag.py:588} INFO - Filling up the DagBag from /home/airflow/.local/lib/python3.12/site-packages/airflow/example_dags/example_complex.py
[2024-12-10T08:02:26.646+0000] {processor.py:925} INFO - DAG(s) 'example_complex' retrieved from /home/airflow/.local/lib/python3.12/site-packages/airflow/example_dags/example_complex.py
[2024-12-10T08:02:26.693+0000] {logging_mixin.py:190} INFO - [2024-12-10T08:02:26.693+0000] {dag.py:3239} INFO - Sync 1 DAGs
[2024-12-10T08:02:26.713+0000] {logging_mixin.py:190} INFO - [2024-12-10T08:02:26.713+0000] {dag.py:4180} INFO - Setting next_dagrun for example_complex to None, run_after=None
[2024-12-10T08:02:26.745+0000] {processor.py:208} INFO - Processing /home/airflow/.local/lib/python3.12/site-packages/airflow/example_dags/example_complex.py took 0.124 seconds
[2024-12-10T08:02:56.973+0000] {processor.py:186} INFO - Started process (PID=935) to work on /home/airflow/.local/lib/python3.12/site-packages/airflow/example_dags/example_complex.py
[2024-12-10T08:02:56.974+0000] {processor.py:914} INFO - Processing file /home/airflow/.local/lib/python3.12/site-packages/airflow/example_dags/example_complex.py for tasks to queue
[2024-12-10T08:02:56.977+0000] {logging_mixin.py:190} INFO - [2024-12-10T08:02:56.976+0000] {dagbag.py:588} INFO - Filling up the DagBag from /home/airflow/.local/lib/python3.12/site-packages/airflow/example_dags/example_complex.py
[2024-12-10T08:02:56.998+0000] {processor.py:925} INFO - DAG(s) 'example_complex' retrieved from /home/airflow/.local/lib/python3.12/site-packages/airflow/example_dags/example_complex.py
[2024-12-10T08:02:57.036+0000] {logging_mixin.py:190} INFO - [2024-12-10T08:02:57.036+0000] {dag.py:3239} INFO - Sync 1 DAGs
[2024-12-10T08:02:57.053+0000] {logging_mixin.py:190} INFO - [2024-12-10T08:02:57.053+0000] {dag.py:4180} INFO - Setting next_dagrun for example_complex to None, run_after=None
[2024-12-10T08:02:57.075+0000] {processor.py:208} INFO - Processing /home/airflow/.local/lib/python3.12/site-packages/airflow/example_dags/example_complex.py took 0.109 seconds
[2024-12-10T08:03:27.313+0000] {processor.py:186} INFO - Started process (PID=998) to work on /home/airflow/.local/lib/python3.12/site-packages/airflow/example_dags/example_complex.py
[2024-12-10T08:03:27.315+0000] {processor.py:914} INFO - Processing file /home/airflow/.local/lib/python3.12/site-packages/airflow/example_dags/example_complex.py for tasks to queue
[2024-12-10T08:03:27.317+0000] {logging_mixin.py:190} INFO - [2024-12-10T08:03:27.317+0000] {dagbag.py:588} INFO - Filling up the DagBag from /home/airflow/.local/lib/python3.12/site-packages/airflow/example_dags/example_complex.py
[2024-12-10T08:03:27.329+0000] {processor.py:925} INFO - DAG(s) 'example_complex' retrieved from /home/airflow/.local/lib/python3.12/site-packages/airflow/example_dags/example_complex.py
[2024-12-10T08:03:27.370+0000] {logging_mixin.py:190} INFO - [2024-12-10T08:03:27.369+0000] {dag.py:3239} INFO - Sync 1 DAGs
[2024-12-10T08:03:27.402+0000] {logging_mixin.py:190} INFO - [2024-12-10T08:03:27.402+0000] {dag.py:4180} INFO - Setting next_dagrun for example_complex to None, run_after=None
[2024-12-10T08:03:27.427+0000] {processor.py:208} INFO - Processing /home/airflow/.local/lib/python3.12/site-packages/airflow/example_dags/example_complex.py took 0.120 seconds
[2024-12-10T08:03:57.591+0000] {processor.py:186} INFO - Started process (PID=1061) to work on /home/airflow/.local/lib/python3.12/site-packages/airflow/example_dags/example_complex.py
[2024-12-10T08:03:57.592+0000] {processor.py:914} INFO - Processing file /home/airflow/.local/lib/python3.12/site-packages/airflow/example_dags/example_complex.py for tasks to queue
[2024-12-10T08:03:57.595+0000] {logging_mixin.py:190} INFO - [2024-12-10T08:03:57.595+0000] {dagbag.py:588} INFO - Filling up the DagBag from /home/airflow/.local/lib/python3.12/site-packages/airflow/example_dags/example_complex.py
[2024-12-10T08:03:57.612+0000] {processor.py:925} INFO - DAG(s) 'example_complex' retrieved from /home/airflow/.local/lib/python3.12/site-packages/airflow/example_dags/example_complex.py
[2024-12-10T08:03:57.658+0000] {logging_mixin.py:190} INFO - [2024-12-10T08:03:57.657+0000] {dag.py:3239} INFO - Sync 1 DAGs
[2024-12-10T08:03:57.679+0000] {logging_mixin.py:190} INFO - [2024-12-10T08:03:57.679+0000] {dag.py:4180} INFO - Setting next_dagrun for example_complex to None, run_after=None
[2024-12-10T08:03:57.709+0000] {processor.py:208} INFO - Processing /home/airflow/.local/lib/python3.12/site-packages/airflow/example_dags/example_complex.py took 0.127 seconds
[2024-12-10T08:04:29.571+0000] {processor.py:186} INFO - Started process (PID=1124) to work on /home/airflow/.local/lib/python3.12/site-packages/airflow/example_dags/example_complex.py
[2024-12-10T08:04:29.573+0000] {processor.py:914} INFO - Processing file /home/airflow/.local/lib/python3.12/site-packages/airflow/example_dags/example_complex.py for tasks to queue
[2024-12-10T08:04:29.576+0000] {logging_mixin.py:190} INFO - [2024-12-10T08:04:29.576+0000] {dagbag.py:588} INFO - Filling up the DagBag from /home/airflow/.local/lib/python3.12/site-packages/airflow/example_dags/example_complex.py
[2024-12-10T08:04:29.600+0000] {processor.py:925} INFO - DAG(s) 'example_complex' retrieved from /home/airflow/.local/lib/python3.12/site-packages/airflow/example_dags/example_complex.py
[2024-12-10T08:04:29.645+0000] {logging_mixin.py:190} INFO - [2024-12-10T08:04:29.645+0000] {dag.py:3239} INFO - Sync 1 DAGs
[2024-12-10T08:04:29.669+0000] {logging_mixin.py:190} INFO - [2024-12-10T08:04:29.668+0000] {dag.py:4180} INFO - Setting next_dagrun for example_complex to None, run_after=None
[2024-12-10T08:04:29.694+0000] {processor.py:208} INFO - Processing /home/airflow/.local/lib/python3.12/site-packages/airflow/example_dags/example_complex.py took 0.134 seconds
[2024-12-10T08:04:59.859+0000] {processor.py:186} INFO - Started process (PID=1187) to work on /home/airflow/.local/lib/python3.12/site-packages/airflow/example_dags/example_complex.py
[2024-12-10T08:04:59.860+0000] {processor.py:914} INFO - Processing file /home/airflow/.local/lib/python3.12/site-packages/airflow/example_dags/example_complex.py for tasks to queue
[2024-12-10T08:04:59.862+0000] {logging_mixin.py:190} INFO - [2024-12-10T08:04:59.862+0000] {dagbag.py:588} INFO - Filling up the DagBag from /home/airflow/.local/lib/python3.12/site-packages/airflow/example_dags/example_complex.py
[2024-12-10T08:04:59.876+0000] {processor.py:925} INFO - DAG(s) 'example_complex' retrieved from /home/airflow/.local/lib/python3.12/site-packages/airflow/example_dags/example_complex.py
[2024-12-10T08:04:59.915+0000] {logging_mixin.py:190} INFO - [2024-12-10T08:04:59.914+0000] {dag.py:3239} INFO - Sync 1 DAGs
[2024-12-10T08:04:59.931+0000] {logging_mixin.py:190} INFO - [2024-12-10T08:04:59.931+0000] {dag.py:4180} INFO - Setting next_dagrun for example_complex to None, run_after=None
[2024-12-10T08:04:59.952+0000] {processor.py:208} INFO - Processing /home/airflow/.local/lib/python3.12/site-packages/airflow/example_dags/example_complex.py took 0.100 seconds
[2024-12-10T08:05:30.709+0000] {processor.py:186} INFO - Started process (PID=1250) to work on /home/airflow/.local/lib/python3.12/site-packages/airflow/example_dags/example_complex.py
[2024-12-10T08:05:30.711+0000] {processor.py:914} INFO - Processing file /home/airflow/.local/lib/python3.12/site-packages/airflow/example_dags/example_complex.py for tasks to queue
[2024-12-10T08:05:30.716+0000] {logging_mixin.py:190} INFO - [2024-12-10T08:05:30.715+0000] {dagbag.py:588} INFO - Filling up the DagBag from /home/airflow/.local/lib/python3.12/site-packages/airflow/example_dags/example_complex.py
[2024-12-10T08:05:30.734+0000] {processor.py:925} INFO - DAG(s) 'example_complex' retrieved from /home/airflow/.local/lib/python3.12/site-packages/airflow/example_dags/example_complex.py
[2024-12-10T08:05:30.787+0000] {logging_mixin.py:190} INFO - [2024-12-10T08:05:30.786+0000] {dag.py:3239} INFO - Sync 1 DAGs
[2024-12-10T08:05:30.808+0000] {logging_mixin.py:190} INFO - [2024-12-10T08:05:30.808+0000] {dag.py:4180} INFO - Setting next_dagrun for example_complex to None, run_after=None
[2024-12-10T08:05:30.832+0000] {processor.py:208} INFO - Processing /home/airflow/.local/lib/python3.12/site-packages/airflow/example_dags/example_complex.py took 0.130 seconds
[2024-12-10T08:06:02.008+0000] {processor.py:186} INFO - Started process (PID=1313) to work on /home/airflow/.local/lib/python3.12/site-packages/airflow/example_dags/example_complex.py
[2024-12-10T08:06:02.009+0000] {processor.py:914} INFO - Processing file /home/airflow/.local/lib/python3.12/site-packages/airflow/example_dags/example_complex.py for tasks to queue
[2024-12-10T08:06:02.012+0000] {logging_mixin.py:190} INFO - [2024-12-10T08:06:02.011+0000] {dagbag.py:588} INFO - Filling up the DagBag from /home/airflow/.local/lib/python3.12/site-packages/airflow/example_dags/example_complex.py
[2024-12-10T08:06:02.026+0000] {processor.py:925} INFO - DAG(s) 'example_complex' retrieved from /home/airflow/.local/lib/python3.12/site-packages/airflow/example_dags/example_complex.py
[2024-12-10T08:06:02.063+0000] {logging_mixin.py:190} INFO - [2024-12-10T08:06:02.063+0000] {dag.py:3239} INFO - Sync 1 DAGs
[2024-12-10T08:06:02.081+0000] {logging_mixin.py:190} INFO - [2024-12-10T08:06:02.080+0000] {dag.py:4180} INFO - Setting next_dagrun for example_complex to None, run_after=None
[2024-12-10T08:06:02.101+0000] {processor.py:208} INFO - Processing /home/airflow/.local/lib/python3.12/site-packages/airflow/example_dags/example_complex.py took 0.100 seconds
[2024-12-10T08:06:33.686+0000] {processor.py:186} INFO - Started process (PID=1382) to work on /home/airflow/.local/lib/python3.12/site-packages/airflow/example_dags/example_complex.py
[2024-12-10T08:06:33.688+0000] {processor.py:914} INFO - Processing file /home/airflow/.local/lib/python3.12/site-packages/airflow/example_dags/example_complex.py for tasks to queue
[2024-12-10T08:06:33.691+0000] {logging_mixin.py:190} INFO - [2024-12-10T08:06:33.691+0000] {dagbag.py:588} INFO - Filling up the DagBag from /home/airflow/.local/lib/python3.12/site-packages/airflow/example_dags/example_complex.py
[2024-12-10T08:06:33.715+0000] {processor.py:925} INFO - DAG(s) 'example_complex' retrieved from /home/airflow/.local/lib/python3.12/site-packages/airflow/example_dags/example_complex.py
[2024-12-10T08:06:33.761+0000] {logging_mixin.py:190} INFO - [2024-12-10T08:06:33.761+0000] {dag.py:3239} INFO - Sync 1 DAGs
[2024-12-10T08:06:33.789+0000] {logging_mixin.py:190} INFO - [2024-12-10T08:06:33.789+0000] {dag.py:4180} INFO - Setting next_dagrun for example_complex to None, run_after=None
[2024-12-10T08:06:33.816+0000] {processor.py:208} INFO - Processing /home/airflow/.local/lib/python3.12/site-packages/airflow/example_dags/example_complex.py took 0.140 seconds
[2024-12-10T08:08:32.464+0000] {processor.py:186} INFO - Started process (PID=118) to work on /home/airflow/.local/lib/python3.12/site-packages/airflow/example_dags/example_complex.py
[2024-12-10T08:08:32.465+0000] {processor.py:914} INFO - Processing file /home/airflow/.local/lib/python3.12/site-packages/airflow/example_dags/example_complex.py for tasks to queue
[2024-12-10T08:08:32.471+0000] {logging_mixin.py:190} INFO - [2024-12-10T08:08:32.470+0000] {dagbag.py:588} INFO - Filling up the DagBag from /home/airflow/.local/lib/python3.12/site-packages/airflow/example_dags/example_complex.py
[2024-12-10T08:08:32.496+0000] {processor.py:925} INFO - DAG(s) 'example_complex' retrieved from /home/airflow/.local/lib/python3.12/site-packages/airflow/example_dags/example_complex.py
[2024-12-10T08:08:32.562+0000] {logging_mixin.py:190} INFO - [2024-12-10T08:08:32.562+0000] {dag.py:3239} INFO - Sync 1 DAGs
[2024-12-10T08:08:32.593+0000] {logging_mixin.py:190} INFO - [2024-12-10T08:08:32.593+0000] {dag.py:4180} INFO - Setting next_dagrun for example_complex to None, run_after=None
[2024-12-10T08:08:32.640+0000] {processor.py:208} INFO - Processing /home/airflow/.local/lib/python3.12/site-packages/airflow/example_dags/example_complex.py took 0.189 seconds
[2024-12-10T08:09:03.764+0000] {processor.py:186} INFO - Started process (PID=181) to work on /home/airflow/.local/lib/python3.12/site-packages/airflow/example_dags/example_complex.py
[2024-12-10T08:09:03.766+0000] {processor.py:914} INFO - Processing file /home/airflow/.local/lib/python3.12/site-packages/airflow/example_dags/example_complex.py for tasks to queue
[2024-12-10T08:09:03.769+0000] {logging_mixin.py:190} INFO - [2024-12-10T08:09:03.768+0000] {dagbag.py:588} INFO - Filling up the DagBag from /home/airflow/.local/lib/python3.12/site-packages/airflow/example_dags/example_complex.py
[2024-12-10T08:09:03.786+0000] {processor.py:925} INFO - DAG(s) 'example_complex' retrieved from /home/airflow/.local/lib/python3.12/site-packages/airflow/example_dags/example_complex.py
[2024-12-10T08:09:03.835+0000] {logging_mixin.py:190} INFO - [2024-12-10T08:09:03.834+0000] {dag.py:3239} INFO - Sync 1 DAGs
[2024-12-10T08:09:03.856+0000] {logging_mixin.py:190} INFO - [2024-12-10T08:09:03.856+0000] {dag.py:4180} INFO - Setting next_dagrun for example_complex to None, run_after=None
[2024-12-10T08:09:03.885+0000] {processor.py:208} INFO - Processing /home/airflow/.local/lib/python3.12/site-packages/airflow/example_dags/example_complex.py took 0.129 seconds
[2024-12-10T08:09:34.868+0000] {processor.py:186} INFO - Started process (PID=244) to work on /home/airflow/.local/lib/python3.12/site-packages/airflow/example_dags/example_complex.py
[2024-12-10T08:09:34.870+0000] {processor.py:914} INFO - Processing file /home/airflow/.local/lib/python3.12/site-packages/airflow/example_dags/example_complex.py for tasks to queue
[2024-12-10T08:09:34.874+0000] {logging_mixin.py:190} INFO - [2024-12-10T08:09:34.874+0000] {dagbag.py:588} INFO - Filling up the DagBag from /home/airflow/.local/lib/python3.12/site-packages/airflow/example_dags/example_complex.py
[2024-12-10T08:09:34.894+0000] {processor.py:925} INFO - DAG(s) 'example_complex' retrieved from /home/airflow/.local/lib/python3.12/site-packages/airflow/example_dags/example_complex.py
[2024-12-10T08:09:34.942+0000] {logging_mixin.py:190} INFO - [2024-12-10T08:09:34.942+0000] {dag.py:3239} INFO - Sync 1 DAGs
[2024-12-10T08:09:34.964+0000] {logging_mixin.py:190} INFO - [2024-12-10T08:09:34.964+0000] {dag.py:4180} INFO - Setting next_dagrun for example_complex to None, run_after=None
[2024-12-10T08:09:34.989+0000] {processor.py:208} INFO - Processing /home/airflow/.local/lib/python3.12/site-packages/airflow/example_dags/example_complex.py took 0.129 seconds
[2024-12-10T08:10:06.420+0000] {processor.py:186} INFO - Started process (PID=307) to work on /home/airflow/.local/lib/python3.12/site-packages/airflow/example_dags/example_complex.py
[2024-12-10T08:10:06.421+0000] {processor.py:914} INFO - Processing file /home/airflow/.local/lib/python3.12/site-packages/airflow/example_dags/example_complex.py for tasks to queue
[2024-12-10T08:10:06.424+0000] {logging_mixin.py:190} INFO - [2024-12-10T08:10:06.424+0000] {dagbag.py:588} INFO - Filling up the DagBag from /home/airflow/.local/lib/python3.12/site-packages/airflow/example_dags/example_complex.py
[2024-12-10T08:10:06.438+0000] {processor.py:925} INFO - DAG(s) 'example_complex' retrieved from /home/airflow/.local/lib/python3.12/site-packages/airflow/example_dags/example_complex.py
[2024-12-10T08:10:06.476+0000] {logging_mixin.py:190} INFO - [2024-12-10T08:10:06.476+0000] {dag.py:3239} INFO - Sync 1 DAGs
[2024-12-10T08:10:06.493+0000] {logging_mixin.py:190} INFO - [2024-12-10T08:10:06.493+0000] {dag.py:4180} INFO - Setting next_dagrun for example_complex to None, run_after=None
[2024-12-10T08:10:06.516+0000] {processor.py:208} INFO - Processing /home/airflow/.local/lib/python3.12/site-packages/airflow/example_dags/example_complex.py took 0.102 seconds
[2024-12-10T08:10:37.555+0000] {processor.py:186} INFO - Started process (PID=370) to work on /home/airflow/.local/lib/python3.12/site-packages/airflow/example_dags/example_complex.py
[2024-12-10T08:10:37.556+0000] {processor.py:914} INFO - Processing file /home/airflow/.local/lib/python3.12/site-packages/airflow/example_dags/example_complex.py for tasks to queue
[2024-12-10T08:10:37.559+0000] {logging_mixin.py:190} INFO - [2024-12-10T08:10:37.559+0000] {dagbag.py:588} INFO - Filling up the DagBag from /home/airflow/.local/lib/python3.12/site-packages/airflow/example_dags/example_complex.py
[2024-12-10T08:10:37.573+0000] {processor.py:925} INFO - DAG(s) 'example_complex' retrieved from /home/airflow/.local/lib/python3.12/site-packages/airflow/example_dags/example_complex.py
[2024-12-10T08:10:37.611+0000] {logging_mixin.py:190} INFO - [2024-12-10T08:10:37.610+0000] {dag.py:3239} INFO - Sync 1 DAGs
[2024-12-10T08:10:37.626+0000] {logging_mixin.py:190} INFO - [2024-12-10T08:10:37.626+0000] {dag.py:4180} INFO - Setting next_dagrun for example_complex to None, run_after=None
[2024-12-10T08:10:37.646+0000] {processor.py:208} INFO - Processing /home/airflow/.local/lib/python3.12/site-packages/airflow/example_dags/example_complex.py took 0.098 seconds
[2024-12-10T08:11:09.182+0000] {processor.py:186} INFO - Started process (PID=433) to work on /home/airflow/.local/lib/python3.12/site-packages/airflow/example_dags/example_complex.py
[2024-12-10T08:11:09.183+0000] {processor.py:914} INFO - Processing file /home/airflow/.local/lib/python3.12/site-packages/airflow/example_dags/example_complex.py for tasks to queue
[2024-12-10T08:11:09.186+0000] {logging_mixin.py:190} INFO - [2024-12-10T08:11:09.186+0000] {dagbag.py:588} INFO - Filling up the DagBag from /home/airflow/.local/lib/python3.12/site-packages/airflow/example_dags/example_complex.py
[2024-12-10T08:11:09.200+0000] {processor.py:925} INFO - DAG(s) 'example_complex' retrieved from /home/airflow/.local/lib/python3.12/site-packages/airflow/example_dags/example_complex.py
[2024-12-10T08:11:09.236+0000] {logging_mixin.py:190} INFO - [2024-12-10T08:11:09.236+0000] {dag.py:3239} INFO - Sync 1 DAGs
[2024-12-10T08:11:09.253+0000] {logging_mixin.py:190} INFO - [2024-12-10T08:11:09.253+0000] {dag.py:4180} INFO - Setting next_dagrun for example_complex to None, run_after=None
[2024-12-10T08:11:09.276+0000] {processor.py:208} INFO - Processing /home/airflow/.local/lib/python3.12/site-packages/airflow/example_dags/example_complex.py took 0.101 seconds
[2024-12-10T08:11:40.880+0000] {processor.py:186} INFO - Started process (PID=496) to work on /home/airflow/.local/lib/python3.12/site-packages/airflow/example_dags/example_complex.py
[2024-12-10T08:11:40.883+0000] {processor.py:914} INFO - Processing file /home/airflow/.local/lib/python3.12/site-packages/airflow/example_dags/example_complex.py for tasks to queue
[2024-12-10T08:11:40.889+0000] {logging_mixin.py:190} INFO - [2024-12-10T08:11:40.888+0000] {dagbag.py:588} INFO - Filling up the DagBag from /home/airflow/.local/lib/python3.12/site-packages/airflow/example_dags/example_complex.py
[2024-12-10T08:11:40.934+0000] {processor.py:925} INFO - DAG(s) 'example_complex' retrieved from /home/airflow/.local/lib/python3.12/site-packages/airflow/example_dags/example_complex.py
[2024-12-10T08:11:41.050+0000] {logging_mixin.py:190} INFO - [2024-12-10T08:11:41.049+0000] {dag.py:3239} INFO - Sync 1 DAGs
[2024-12-10T08:11:41.079+0000] {logging_mixin.py:190} INFO - [2024-12-10T08:11:41.078+0000] {dag.py:4180} INFO - Setting next_dagrun for example_complex to None, run_after=None
[2024-12-10T08:11:41.111+0000] {processor.py:208} INFO - Processing /home/airflow/.local/lib/python3.12/site-packages/airflow/example_dags/example_complex.py took 0.265 seconds
[2024-12-10T08:12:12.281+0000] {processor.py:186} INFO - Started process (PID=559) to work on /home/airflow/.local/lib/python3.12/site-packages/airflow/example_dags/example_complex.py
[2024-12-10T08:12:12.282+0000] {processor.py:914} INFO - Processing file /home/airflow/.local/lib/python3.12/site-packages/airflow/example_dags/example_complex.py for tasks to queue
[2024-12-10T08:12:12.286+0000] {logging_mixin.py:190} INFO - [2024-12-10T08:12:12.285+0000] {dagbag.py:588} INFO - Filling up the DagBag from /home/airflow/.local/lib/python3.12/site-packages/airflow/example_dags/example_complex.py
[2024-12-10T08:12:12.302+0000] {processor.py:925} INFO - DAG(s) 'example_complex' retrieved from /home/airflow/.local/lib/python3.12/site-packages/airflow/example_dags/example_complex.py
[2024-12-10T08:12:12.359+0000] {logging_mixin.py:190} INFO - [2024-12-10T08:12:12.358+0000] {dag.py:3239} INFO - Sync 1 DAGs
[2024-12-10T08:12:12.382+0000] {logging_mixin.py:190} INFO - [2024-12-10T08:12:12.381+0000] {dag.py:4180} INFO - Setting next_dagrun for example_complex to None, run_after=None
[2024-12-10T08:12:12.407+0000] {processor.py:208} INFO - Processing /home/airflow/.local/lib/python3.12/site-packages/airflow/example_dags/example_complex.py took 0.134 seconds
[2024-12-10T08:12:43.222+0000] {processor.py:186} INFO - Started process (PID=622) to work on /home/airflow/.local/lib/python3.12/site-packages/airflow/example_dags/example_complex.py
[2024-12-10T08:12:43.223+0000] {processor.py:914} INFO - Processing file /home/airflow/.local/lib/python3.12/site-packages/airflow/example_dags/example_complex.py for tasks to queue
[2024-12-10T08:12:43.226+0000] {logging_mixin.py:190} INFO - [2024-12-10T08:12:43.226+0000] {dagbag.py:588} INFO - Filling up the DagBag from /home/airflow/.local/lib/python3.12/site-packages/airflow/example_dags/example_complex.py
[2024-12-10T08:12:43.241+0000] {processor.py:925} INFO - DAG(s) 'example_complex' retrieved from /home/airflow/.local/lib/python3.12/site-packages/airflow/example_dags/example_complex.py
[2024-12-10T08:12:43.283+0000] {logging_mixin.py:190} INFO - [2024-12-10T08:12:43.283+0000] {dag.py:3239} INFO - Sync 1 DAGs
[2024-12-10T08:12:43.303+0000] {logging_mixin.py:190} INFO - [2024-12-10T08:12:43.303+0000] {dag.py:4180} INFO - Setting next_dagrun for example_complex to None, run_after=None
[2024-12-10T08:12:43.325+0000] {processor.py:208} INFO - Processing /home/airflow/.local/lib/python3.12/site-packages/airflow/example_dags/example_complex.py took 0.111 seconds
[2024-12-10T08:13:14.740+0000] {processor.py:186} INFO - Started process (PID=685) to work on /home/airflow/.local/lib/python3.12/site-packages/airflow/example_dags/example_complex.py
[2024-12-10T08:13:14.742+0000] {processor.py:914} INFO - Processing file /home/airflow/.local/lib/python3.12/site-packages/airflow/example_dags/example_complex.py for tasks to queue
[2024-12-10T08:13:14.750+0000] {logging_mixin.py:190} INFO - [2024-12-10T08:13:14.749+0000] {dagbag.py:588} INFO - Filling up the DagBag from /home/airflow/.local/lib/python3.12/site-packages/airflow/example_dags/example_complex.py
[2024-12-10T08:13:14.767+0000] {processor.py:925} INFO - DAG(s) 'example_complex' retrieved from /home/airflow/.local/lib/python3.12/site-packages/airflow/example_dags/example_complex.py
[2024-12-10T08:13:14.808+0000] {logging_mixin.py:190} INFO - [2024-12-10T08:13:14.808+0000] {dag.py:3239} INFO - Sync 1 DAGs
[2024-12-10T08:13:14.826+0000] {logging_mixin.py:190} INFO - [2024-12-10T08:13:14.826+0000] {dag.py:4180} INFO - Setting next_dagrun for example_complex to None, run_after=None
[2024-12-10T08:13:14.848+0000] {processor.py:208} INFO - Processing /home/airflow/.local/lib/python3.12/site-packages/airflow/example_dags/example_complex.py took 0.115 seconds
[2024-12-10T08:13:46.472+0000] {processor.py:186} INFO - Started process (PID=748) to work on /home/airflow/.local/lib/python3.12/site-packages/airflow/example_dags/example_complex.py
[2024-12-10T08:13:46.474+0000] {processor.py:914} INFO - Processing file /home/airflow/.local/lib/python3.12/site-packages/airflow/example_dags/example_complex.py for tasks to queue
[2024-12-10T08:13:46.477+0000] {logging_mixin.py:190} INFO - [2024-12-10T08:13:46.476+0000] {dagbag.py:588} INFO - Filling up the DagBag from /home/airflow/.local/lib/python3.12/site-packages/airflow/example_dags/example_complex.py
[2024-12-10T08:13:46.498+0000] {processor.py:925} INFO - DAG(s) 'example_complex' retrieved from /home/airflow/.local/lib/python3.12/site-packages/airflow/example_dags/example_complex.py
[2024-12-10T08:13:46.541+0000] {logging_mixin.py:190} INFO - [2024-12-10T08:13:46.541+0000] {dag.py:3239} INFO - Sync 1 DAGs
[2024-12-10T08:13:46.562+0000] {logging_mixin.py:190} INFO - [2024-12-10T08:13:46.561+0000] {dag.py:4180} INFO - Setting next_dagrun for example_complex to None, run_after=None
[2024-12-10T08:13:46.587+0000] {processor.py:208} INFO - Processing /home/airflow/.local/lib/python3.12/site-packages/airflow/example_dags/example_complex.py took 0.123 seconds
[2024-12-10T08:15:37.193+0000] {processor.py:186} INFO - Started process (PID=118) to work on /home/airflow/.local/lib/python3.12/site-packages/airflow/example_dags/example_complex.py
[2024-12-10T08:15:37.194+0000] {processor.py:914} INFO - Processing file /home/airflow/.local/lib/python3.12/site-packages/airflow/example_dags/example_complex.py for tasks to queue
[2024-12-10T08:15:37.197+0000] {logging_mixin.py:190} INFO - [2024-12-10T08:15:37.197+0000] {dagbag.py:588} INFO - Filling up the DagBag from /home/airflow/.local/lib/python3.12/site-packages/airflow/example_dags/example_complex.py
[2024-12-10T08:15:37.216+0000] {processor.py:925} INFO - DAG(s) 'example_complex' retrieved from /home/airflow/.local/lib/python3.12/site-packages/airflow/example_dags/example_complex.py
[2024-12-10T08:15:37.259+0000] {logging_mixin.py:190} INFO - [2024-12-10T08:15:37.259+0000] {dag.py:3239} INFO - Sync 1 DAGs
[2024-12-10T08:15:37.280+0000] {logging_mixin.py:190} INFO - [2024-12-10T08:15:37.280+0000] {dag.py:4180} INFO - Setting next_dagrun for example_complex to None, run_after=None
[2024-12-10T08:15:37.308+0000] {processor.py:208} INFO - Processing /home/airflow/.local/lib/python3.12/site-packages/airflow/example_dags/example_complex.py took 0.124 seconds
[2024-12-10T08:16:08.154+0000] {processor.py:186} INFO - Started process (PID=181) to work on /home/airflow/.local/lib/python3.12/site-packages/airflow/example_dags/example_complex.py
[2024-12-10T08:16:08.155+0000] {processor.py:914} INFO - Processing file /home/airflow/.local/lib/python3.12/site-packages/airflow/example_dags/example_complex.py for tasks to queue
[2024-12-10T08:16:08.159+0000] {logging_mixin.py:190} INFO - [2024-12-10T08:16:08.159+0000] {dagbag.py:588} INFO - Filling up the DagBag from /home/airflow/.local/lib/python3.12/site-packages/airflow/example_dags/example_complex.py
[2024-12-10T08:16:08.173+0000] {processor.py:925} INFO - DAG(s) 'example_complex' retrieved from /home/airflow/.local/lib/python3.12/site-packages/airflow/example_dags/example_complex.py
[2024-12-10T08:16:08.212+0000] {logging_mixin.py:190} INFO - [2024-12-10T08:16:08.211+0000] {dag.py:3239} INFO - Sync 1 DAGs
[2024-12-10T08:16:08.228+0000] {logging_mixin.py:190} INFO - [2024-12-10T08:16:08.228+0000] {dag.py:4180} INFO - Setting next_dagrun for example_complex to None, run_after=None
[2024-12-10T08:16:08.251+0000] {processor.py:208} INFO - Processing /home/airflow/.local/lib/python3.12/site-packages/airflow/example_dags/example_complex.py took 0.105 seconds
[2024-12-10T08:16:38.989+0000] {processor.py:186} INFO - Started process (PID=244) to work on /home/airflow/.local/lib/python3.12/site-packages/airflow/example_dags/example_complex.py
[2024-12-10T08:16:38.991+0000] {processor.py:914} INFO - Processing file /home/airflow/.local/lib/python3.12/site-packages/airflow/example_dags/example_complex.py for tasks to queue
[2024-12-10T08:16:38.994+0000] {logging_mixin.py:190} INFO - [2024-12-10T08:16:38.993+0000] {dagbag.py:588} INFO - Filling up the DagBag from /home/airflow/.local/lib/python3.12/site-packages/airflow/example_dags/example_complex.py
[2024-12-10T08:16:39.008+0000] {processor.py:925} INFO - DAG(s) 'example_complex' retrieved from /home/airflow/.local/lib/python3.12/site-packages/airflow/example_dags/example_complex.py
[2024-12-10T08:16:39.046+0000] {logging_mixin.py:190} INFO - [2024-12-10T08:16:39.045+0000] {dag.py:3239} INFO - Sync 1 DAGs
[2024-12-10T08:16:39.066+0000] {logging_mixin.py:190} INFO - [2024-12-10T08:16:39.065+0000] {dag.py:4180} INFO - Setting next_dagrun for example_complex to None, run_after=None
[2024-12-10T08:16:39.092+0000] {processor.py:208} INFO - Processing /home/airflow/.local/lib/python3.12/site-packages/airflow/example_dags/example_complex.py took 0.110 seconds
[2024-12-10T08:17:09.917+0000] {processor.py:186} INFO - Started process (PID=306) to work on /home/airflow/.local/lib/python3.12/site-packages/airflow/example_dags/example_complex.py
[2024-12-10T08:17:09.918+0000] {processor.py:914} INFO - Processing file /home/airflow/.local/lib/python3.12/site-packages/airflow/example_dags/example_complex.py for tasks to queue
[2024-12-10T08:17:09.921+0000] {logging_mixin.py:190} INFO - [2024-12-10T08:17:09.921+0000] {dagbag.py:588} INFO - Filling up the DagBag from /home/airflow/.local/lib/python3.12/site-packages/airflow/example_dags/example_complex.py
[2024-12-10T08:17:09.942+0000] {processor.py:925} INFO - DAG(s) 'example_complex' retrieved from /home/airflow/.local/lib/python3.12/site-packages/airflow/example_dags/example_complex.py
[2024-12-10T08:17:09.980+0000] {logging_mixin.py:190} INFO - [2024-12-10T08:17:09.980+0000] {dag.py:3239} INFO - Sync 1 DAGs
[2024-12-10T08:17:10.002+0000] {logging_mixin.py:190} INFO - [2024-12-10T08:17:10.002+0000] {dag.py:4180} INFO - Setting next_dagrun for example_complex to None, run_after=None
[2024-12-10T08:17:10.025+0000] {processor.py:208} INFO - Processing /home/airflow/.local/lib/python3.12/site-packages/airflow/example_dags/example_complex.py took 0.115 seconds
[2024-12-10T08:17:41.104+0000] {processor.py:186} INFO - Started process (PID=369) to work on /home/airflow/.local/lib/python3.12/site-packages/airflow/example_dags/example_complex.py
[2024-12-10T08:17:41.106+0000] {processor.py:914} INFO - Processing file /home/airflow/.local/lib/python3.12/site-packages/airflow/example_dags/example_complex.py for tasks to queue
[2024-12-10T08:17:41.109+0000] {logging_mixin.py:190} INFO - [2024-12-10T08:17:41.109+0000] {dagbag.py:588} INFO - Filling up the DagBag from /home/airflow/.local/lib/python3.12/site-packages/airflow/example_dags/example_complex.py
[2024-12-10T08:17:41.124+0000] {processor.py:925} INFO - DAG(s) 'example_complex' retrieved from /home/airflow/.local/lib/python3.12/site-packages/airflow/example_dags/example_complex.py
[2024-12-10T08:17:41.163+0000] {logging_mixin.py:190} INFO - [2024-12-10T08:17:41.163+0000] {dag.py:3239} INFO - Sync 1 DAGs
[2024-12-10T08:17:41.183+0000] {logging_mixin.py:190} INFO - [2024-12-10T08:17:41.182+0000] {dag.py:4180} INFO - Setting next_dagrun for example_complex to None, run_after=None
[2024-12-10T08:17:41.208+0000] {processor.py:208} INFO - Processing /home/airflow/.local/lib/python3.12/site-packages/airflow/example_dags/example_complex.py took 0.111 seconds
[2024-12-10T08:18:12.567+0000] {processor.py:186} INFO - Started process (PID=432) to work on /home/airflow/.local/lib/python3.12/site-packages/airflow/example_dags/example_complex.py
[2024-12-10T08:18:12.568+0000] {processor.py:914} INFO - Processing file /home/airflow/.local/lib/python3.12/site-packages/airflow/example_dags/example_complex.py for tasks to queue
[2024-12-10T08:18:12.571+0000] {logging_mixin.py:190} INFO - [2024-12-10T08:18:12.571+0000] {dagbag.py:588} INFO - Filling up the DagBag from /home/airflow/.local/lib/python3.12/site-packages/airflow/example_dags/example_complex.py
[2024-12-10T08:18:12.585+0000] {processor.py:925} INFO - DAG(s) 'example_complex' retrieved from /home/airflow/.local/lib/python3.12/site-packages/airflow/example_dags/example_complex.py
[2024-12-10T08:18:12.625+0000] {logging_mixin.py:190} INFO - [2024-12-10T08:18:12.625+0000] {dag.py:3239} INFO - Sync 1 DAGs
[2024-12-10T08:18:12.644+0000] {logging_mixin.py:190} INFO - [2024-12-10T08:18:12.644+0000] {dag.py:4180} INFO - Setting next_dagrun for example_complex to None, run_after=None
[2024-12-10T08:18:12.665+0000] {processor.py:208} INFO - Processing /home/airflow/.local/lib/python3.12/site-packages/airflow/example_dags/example_complex.py took 0.107 seconds
[2024-12-10T08:18:44.154+0000] {processor.py:186} INFO - Started process (PID=495) to work on /home/airflow/.local/lib/python3.12/site-packages/airflow/example_dags/example_complex.py
[2024-12-10T08:18:44.156+0000] {processor.py:914} INFO - Processing file /home/airflow/.local/lib/python3.12/site-packages/airflow/example_dags/example_complex.py for tasks to queue
[2024-12-10T08:18:44.159+0000] {logging_mixin.py:190} INFO - [2024-12-10T08:18:44.159+0000] {dagbag.py:588} INFO - Filling up the DagBag from /home/airflow/.local/lib/python3.12/site-packages/airflow/example_dags/example_complex.py
[2024-12-10T08:18:44.174+0000] {processor.py:925} INFO - DAG(s) 'example_complex' retrieved from /home/airflow/.local/lib/python3.12/site-packages/airflow/example_dags/example_complex.py
[2024-12-10T08:18:44.214+0000] {logging_mixin.py:190} INFO - [2024-12-10T08:18:44.214+0000] {dag.py:3239} INFO - Sync 1 DAGs
[2024-12-10T08:18:44.233+0000] {logging_mixin.py:190} INFO - [2024-12-10T08:18:44.233+0000] {dag.py:4180} INFO - Setting next_dagrun for example_complex to None, run_after=None
[2024-12-10T08:18:44.255+0000] {processor.py:208} INFO - Processing /home/airflow/.local/lib/python3.12/site-packages/airflow/example_dags/example_complex.py took 0.108 seconds
[2024-12-10T08:19:15.367+0000] {processor.py:186} INFO - Started process (PID=558) to work on /home/airflow/.local/lib/python3.12/site-packages/airflow/example_dags/example_complex.py
[2024-12-10T08:19:15.368+0000] {processor.py:914} INFO - Processing file /home/airflow/.local/lib/python3.12/site-packages/airflow/example_dags/example_complex.py for tasks to queue
[2024-12-10T08:19:15.371+0000] {logging_mixin.py:190} INFO - [2024-12-10T08:19:15.371+0000] {dagbag.py:588} INFO - Filling up the DagBag from /home/airflow/.local/lib/python3.12/site-packages/airflow/example_dags/example_complex.py
[2024-12-10T08:19:15.385+0000] {processor.py:925} INFO - DAG(s) 'example_complex' retrieved from /home/airflow/.local/lib/python3.12/site-packages/airflow/example_dags/example_complex.py
[2024-12-10T08:19:15.420+0000] {logging_mixin.py:190} INFO - [2024-12-10T08:19:15.420+0000] {dag.py:3239} INFO - Sync 1 DAGs
[2024-12-10T08:19:15.441+0000] {logging_mixin.py:190} INFO - [2024-12-10T08:19:15.440+0000] {dag.py:4180} INFO - Setting next_dagrun for example_complex to None, run_after=None
[2024-12-10T08:19:15.462+0000] {processor.py:208} INFO - Processing /home/airflow/.local/lib/python3.12/site-packages/airflow/example_dags/example_complex.py took 0.101 seconds
[2024-12-10T08:19:46.149+0000] {processor.py:186} INFO - Started process (PID=621) to work on /home/airflow/.local/lib/python3.12/site-packages/airflow/example_dags/example_complex.py
[2024-12-10T08:19:46.150+0000] {processor.py:914} INFO - Processing file /home/airflow/.local/lib/python3.12/site-packages/airflow/example_dags/example_complex.py for tasks to queue
[2024-12-10T08:19:46.153+0000] {logging_mixin.py:190} INFO - [2024-12-10T08:19:46.153+0000] {dagbag.py:588} INFO - Filling up the DagBag from /home/airflow/.local/lib/python3.12/site-packages/airflow/example_dags/example_complex.py
[2024-12-10T08:19:46.168+0000] {processor.py:925} INFO - DAG(s) 'example_complex' retrieved from /home/airflow/.local/lib/python3.12/site-packages/airflow/example_dags/example_complex.py
[2024-12-10T08:19:46.210+0000] {logging_mixin.py:190} INFO - [2024-12-10T08:19:46.210+0000] {dag.py:3239} INFO - Sync 1 DAGs
[2024-12-10T08:19:46.231+0000] {logging_mixin.py:190} INFO - [2024-12-10T08:19:46.231+0000] {dag.py:4180} INFO - Setting next_dagrun for example_complex to None, run_after=None
[2024-12-10T08:19:46.254+0000] {processor.py:208} INFO - Processing /home/airflow/.local/lib/python3.12/site-packages/airflow/example_dags/example_complex.py took 0.113 seconds
[2024-12-10T08:20:17.945+0000] {processor.py:186} INFO - Started process (PID=684) to work on /home/airflow/.local/lib/python3.12/site-packages/airflow/example_dags/example_complex.py
[2024-12-10T08:20:17.946+0000] {processor.py:914} INFO - Processing file /home/airflow/.local/lib/python3.12/site-packages/airflow/example_dags/example_complex.py for tasks to queue
[2024-12-10T08:20:17.950+0000] {logging_mixin.py:190} INFO - [2024-12-10T08:20:17.949+0000] {dagbag.py:588} INFO - Filling up the DagBag from /home/airflow/.local/lib/python3.12/site-packages/airflow/example_dags/example_complex.py
[2024-12-10T08:20:17.964+0000] {processor.py:925} INFO - DAG(s) 'example_complex' retrieved from /home/airflow/.local/lib/python3.12/site-packages/airflow/example_dags/example_complex.py
[2024-12-10T08:20:18.002+0000] {logging_mixin.py:190} INFO - [2024-12-10T08:20:18.001+0000] {dag.py:3239} INFO - Sync 1 DAGs
[2024-12-10T08:20:18.019+0000] {logging_mixin.py:190} INFO - [2024-12-10T08:20:18.019+0000] {dag.py:4180} INFO - Setting next_dagrun for example_complex to None, run_after=None
[2024-12-10T08:20:18.044+0000] {processor.py:208} INFO - Processing /home/airflow/.local/lib/python3.12/site-packages/airflow/example_dags/example_complex.py took 0.105 seconds
