[2024-12-10T07:56:09.508+0000] {processor.py:186} INFO - Started process (PID=110) to work on /home/airflow/.local/lib/python3.12/site-packages/airflow/example_dags/example_bash_operator.py
[2024-12-10T07:56:09.509+0000] {processor.py:914} INFO - Processing file /home/airflow/.local/lib/python3.12/site-packages/airflow/example_dags/example_bash_operator.py for tasks to queue
[2024-12-10T07:56:09.514+0000] {logging_mixin.py:190} INFO - [2024-12-10T07:56:09.513+0000] {dagbag.py:588} INFO - Filling up the DagBag from /home/airflow/.local/lib/python3.12/site-packages/airflow/example_dags/example_bash_operator.py
[2024-12-10T07:56:09.537+0000] {processor.py:925} INFO - DAG(s) 'example_bash_operator' retrieved from /home/airflow/.local/lib/python3.12/site-packages/airflow/example_dags/example_bash_operator.py
[2024-12-10T07:56:09.722+0000] {logging_mixin.py:190} INFO - [2024-12-10T07:56:09.721+0000] {override.py:1911} INFO - Created Permission View: can read on DAG:example_bash_operator
[2024-12-10T07:56:09.733+0000] {logging_mixin.py:190} INFO - [2024-12-10T07:56:09.733+0000] {override.py:1911} INFO - Created Permission View: can edit on DAG:example_bash_operator
[2024-12-10T07:56:09.741+0000] {logging_mixin.py:190} INFO - [2024-12-10T07:56:09.741+0000] {override.py:1911} INFO - Created Permission View: can delete on DAG:example_bash_operator
[2024-12-10T07:56:09.750+0000] {logging_mixin.py:190} INFO - [2024-12-10T07:56:09.749+0000] {override.py:1911} INFO - Created Permission View: can read on DAG Run:example_bash_operator
[2024-12-10T07:56:09.758+0000] {logging_mixin.py:190} INFO - [2024-12-10T07:56:09.758+0000] {override.py:1911} INFO - Created Permission View: menu access on DAG Run:example_bash_operator
[2024-12-10T07:56:09.766+0000] {logging_mixin.py:190} INFO - [2024-12-10T07:56:09.765+0000] {override.py:1911} INFO - Created Permission View: can delete on DAG Run:example_bash_operator
[2024-12-10T07:56:09.774+0000] {logging_mixin.py:190} INFO - [2024-12-10T07:56:09.773+0000] {override.py:1911} INFO - Created Permission View: can create on DAG Run:example_bash_operator
[2024-12-10T07:56:09.774+0000] {logging_mixin.py:190} INFO - [2024-12-10T07:56:09.774+0000] {dag.py:3239} INFO - Sync 1 DAGs
[2024-12-10T07:56:09.791+0000] {logging_mixin.py:190} INFO - [2024-12-10T07:56:09.790+0000] {dag.py:3262} INFO - Creating ORM DAG for example_bash_operator
[2024-12-10T07:56:09.805+0000] {logging_mixin.py:190} INFO - [2024-12-10T07:56:09.804+0000] {dag.py:4180} INFO - Setting next_dagrun for example_bash_operator to 2024-12-09 00:00:00+00:00, run_after=2024-12-10 00:00:00+00:00
[2024-12-10T07:56:09.826+0000] {processor.py:208} INFO - Processing /home/airflow/.local/lib/python3.12/site-packages/airflow/example_dags/example_bash_operator.py took 0.329 seconds
[2024-12-10T07:56:40.562+0000] {processor.py:186} INFO - Started process (PID=172) to work on /home/airflow/.local/lib/python3.12/site-packages/airflow/example_dags/example_bash_operator.py
[2024-12-10T07:56:40.563+0000] {processor.py:914} INFO - Processing file /home/airflow/.local/lib/python3.12/site-packages/airflow/example_dags/example_bash_operator.py for tasks to queue
[2024-12-10T07:56:40.566+0000] {logging_mixin.py:190} INFO - [2024-12-10T07:56:40.565+0000] {dagbag.py:588} INFO - Filling up the DagBag from /home/airflow/.local/lib/python3.12/site-packages/airflow/example_dags/example_bash_operator.py
[2024-12-10T07:56:40.579+0000] {processor.py:925} INFO - DAG(s) 'example_bash_operator' retrieved from /home/airflow/.local/lib/python3.12/site-packages/airflow/example_dags/example_bash_operator.py
[2024-12-10T07:56:40.607+0000] {logging_mixin.py:190} INFO - [2024-12-10T07:56:40.606+0000] {dag.py:3239} INFO - Sync 1 DAGs
[2024-12-10T07:56:40.632+0000] {logging_mixin.py:190} INFO - [2024-12-10T07:56:40.632+0000] {dag.py:4180} INFO - Setting next_dagrun for example_bash_operator to 2024-12-09 00:00:00+00:00, run_after=2024-12-10 00:00:00+00:00
[2024-12-10T07:56:40.653+0000] {processor.py:208} INFO - Processing /home/airflow/.local/lib/python3.12/site-packages/airflow/example_dags/example_bash_operator.py took 0.098 seconds
[2024-12-10T07:57:10.753+0000] {processor.py:186} INFO - Started process (PID=235) to work on /home/airflow/.local/lib/python3.12/site-packages/airflow/example_dags/example_bash_operator.py
[2024-12-10T07:57:10.754+0000] {processor.py:914} INFO - Processing file /home/airflow/.local/lib/python3.12/site-packages/airflow/example_dags/example_bash_operator.py for tasks to queue
[2024-12-10T07:57:10.757+0000] {logging_mixin.py:190} INFO - [2024-12-10T07:57:10.757+0000] {dagbag.py:588} INFO - Filling up the DagBag from /home/airflow/.local/lib/python3.12/site-packages/airflow/example_dags/example_bash_operator.py
[2024-12-10T07:57:10.779+0000] {processor.py:925} INFO - DAG(s) 'example_bash_operator' retrieved from /home/airflow/.local/lib/python3.12/site-packages/airflow/example_dags/example_bash_operator.py
[2024-12-10T07:57:10.814+0000] {logging_mixin.py:190} INFO - [2024-12-10T07:57:10.814+0000] {dag.py:3239} INFO - Sync 1 DAGs
[2024-12-10T07:57:10.859+0000] {logging_mixin.py:190} INFO - [2024-12-10T07:57:10.859+0000] {dag.py:4180} INFO - Setting next_dagrun for example_bash_operator to 2024-12-09 00:00:00+00:00, run_after=2024-12-10 00:00:00+00:00
[2024-12-10T07:57:10.880+0000] {processor.py:208} INFO - Processing /home/airflow/.local/lib/python3.12/site-packages/airflow/example_dags/example_bash_operator.py took 0.135 seconds
[2024-12-10T07:57:40.993+0000] {processor.py:186} INFO - Started process (PID=298) to work on /home/airflow/.local/lib/python3.12/site-packages/airflow/example_dags/example_bash_operator.py
[2024-12-10T07:57:40.994+0000] {processor.py:914} INFO - Processing file /home/airflow/.local/lib/python3.12/site-packages/airflow/example_dags/example_bash_operator.py for tasks to queue
[2024-12-10T07:57:40.997+0000] {logging_mixin.py:190} INFO - [2024-12-10T07:57:40.997+0000] {dagbag.py:588} INFO - Filling up the DagBag from /home/airflow/.local/lib/python3.12/site-packages/airflow/example_dags/example_bash_operator.py
[2024-12-10T07:57:41.014+0000] {processor.py:925} INFO - DAG(s) 'example_bash_operator' retrieved from /home/airflow/.local/lib/python3.12/site-packages/airflow/example_dags/example_bash_operator.py
[2024-12-10T07:57:41.045+0000] {logging_mixin.py:190} INFO - [2024-12-10T07:57:41.045+0000] {dag.py:3239} INFO - Sync 1 DAGs
[2024-12-10T07:57:41.075+0000] {logging_mixin.py:190} INFO - [2024-12-10T07:57:41.075+0000] {dag.py:4180} INFO - Setting next_dagrun for example_bash_operator to 2024-12-09 00:00:00+00:00, run_after=2024-12-10 00:00:00+00:00
[2024-12-10T07:57:41.096+0000] {processor.py:208} INFO - Processing /home/airflow/.local/lib/python3.12/site-packages/airflow/example_dags/example_bash_operator.py took 0.110 seconds
[2024-12-10T07:58:12.480+0000] {processor.py:186} INFO - Started process (PID=361) to work on /home/airflow/.local/lib/python3.12/site-packages/airflow/example_dags/example_bash_operator.py
[2024-12-10T07:58:12.481+0000] {processor.py:914} INFO - Processing file /home/airflow/.local/lib/python3.12/site-packages/airflow/example_dags/example_bash_operator.py for tasks to queue
[2024-12-10T07:58:12.485+0000] {logging_mixin.py:190} INFO - [2024-12-10T07:58:12.484+0000] {dagbag.py:588} INFO - Filling up the DagBag from /home/airflow/.local/lib/python3.12/site-packages/airflow/example_dags/example_bash_operator.py
[2024-12-10T07:58:12.511+0000] {processor.py:925} INFO - DAG(s) 'example_bash_operator' retrieved from /home/airflow/.local/lib/python3.12/site-packages/airflow/example_dags/example_bash_operator.py
[2024-12-10T07:58:12.565+0000] {logging_mixin.py:190} INFO - [2024-12-10T07:58:12.564+0000] {dag.py:3239} INFO - Sync 1 DAGs
[2024-12-10T07:58:12.619+0000] {logging_mixin.py:190} INFO - [2024-12-10T07:58:12.618+0000] {dag.py:4180} INFO - Setting next_dagrun for example_bash_operator to 2024-12-09 00:00:00+00:00, run_after=2024-12-10 00:00:00+00:00
[2024-12-10T07:58:12.654+0000] {processor.py:208} INFO - Processing /home/airflow/.local/lib/python3.12/site-packages/airflow/example_dags/example_bash_operator.py took 0.185 seconds
[2024-12-10T07:58:43.571+0000] {processor.py:186} INFO - Started process (PID=424) to work on /home/airflow/.local/lib/python3.12/site-packages/airflow/example_dags/example_bash_operator.py
[2024-12-10T07:58:43.572+0000] {processor.py:914} INFO - Processing file /home/airflow/.local/lib/python3.12/site-packages/airflow/example_dags/example_bash_operator.py for tasks to queue
[2024-12-10T07:58:43.576+0000] {logging_mixin.py:190} INFO - [2024-12-10T07:58:43.576+0000] {dagbag.py:588} INFO - Filling up the DagBag from /home/airflow/.local/lib/python3.12/site-packages/airflow/example_dags/example_bash_operator.py
[2024-12-10T07:58:43.604+0000] {processor.py:925} INFO - DAG(s) 'example_bash_operator' retrieved from /home/airflow/.local/lib/python3.12/site-packages/airflow/example_dags/example_bash_operator.py
[2024-12-10T07:58:43.643+0000] {logging_mixin.py:190} INFO - [2024-12-10T07:58:43.643+0000] {dag.py:3239} INFO - Sync 1 DAGs
[2024-12-10T07:58:43.680+0000] {logging_mixin.py:190} INFO - [2024-12-10T07:58:43.679+0000] {dag.py:4180} INFO - Setting next_dagrun for example_bash_operator to 2024-12-09 00:00:00+00:00, run_after=2024-12-10 00:00:00+00:00
[2024-12-10T07:58:43.703+0000] {processor.py:208} INFO - Processing /home/airflow/.local/lib/python3.12/site-packages/airflow/example_dags/example_bash_operator.py took 0.146 seconds
[2024-12-10T07:59:14.518+0000] {processor.py:186} INFO - Started process (PID=487) to work on /home/airflow/.local/lib/python3.12/site-packages/airflow/example_dags/example_bash_operator.py
[2024-12-10T07:59:14.519+0000] {processor.py:914} INFO - Processing file /home/airflow/.local/lib/python3.12/site-packages/airflow/example_dags/example_bash_operator.py for tasks to queue
[2024-12-10T07:59:14.522+0000] {logging_mixin.py:190} INFO - [2024-12-10T07:59:14.522+0000] {dagbag.py:588} INFO - Filling up the DagBag from /home/airflow/.local/lib/python3.12/site-packages/airflow/example_dags/example_bash_operator.py
[2024-12-10T07:59:14.537+0000] {processor.py:925} INFO - DAG(s) 'example_bash_operator' retrieved from /home/airflow/.local/lib/python3.12/site-packages/airflow/example_dags/example_bash_operator.py
[2024-12-10T07:59:14.569+0000] {logging_mixin.py:190} INFO - [2024-12-10T07:59:14.568+0000] {dag.py:3239} INFO - Sync 1 DAGs
[2024-12-10T07:59:14.599+0000] {logging_mixin.py:190} INFO - [2024-12-10T07:59:14.599+0000] {dag.py:4180} INFO - Setting next_dagrun for example_bash_operator to 2024-12-09 00:00:00+00:00, run_after=2024-12-10 00:00:00+00:00
[2024-12-10T07:59:14.620+0000] {processor.py:208} INFO - Processing /home/airflow/.local/lib/python3.12/site-packages/airflow/example_dags/example_bash_operator.py took 0.109 seconds
[2024-12-10T07:59:45.663+0000] {processor.py:186} INFO - Started process (PID=550) to work on /home/airflow/.local/lib/python3.12/site-packages/airflow/example_dags/example_bash_operator.py
[2024-12-10T07:59:45.664+0000] {processor.py:914} INFO - Processing file /home/airflow/.local/lib/python3.12/site-packages/airflow/example_dags/example_bash_operator.py for tasks to queue
[2024-12-10T07:59:45.667+0000] {logging_mixin.py:190} INFO - [2024-12-10T07:59:45.667+0000] {dagbag.py:588} INFO - Filling up the DagBag from /home/airflow/.local/lib/python3.12/site-packages/airflow/example_dags/example_bash_operator.py
[2024-12-10T07:59:45.683+0000] {processor.py:925} INFO - DAG(s) 'example_bash_operator' retrieved from /home/airflow/.local/lib/python3.12/site-packages/airflow/example_dags/example_bash_operator.py
[2024-12-10T07:59:45.721+0000] {logging_mixin.py:190} INFO - [2024-12-10T07:59:45.721+0000] {dag.py:3239} INFO - Sync 1 DAGs
[2024-12-10T07:59:45.755+0000] {logging_mixin.py:190} INFO - [2024-12-10T07:59:45.755+0000] {dag.py:4180} INFO - Setting next_dagrun for example_bash_operator to 2024-12-09 00:00:00+00:00, run_after=2024-12-10 00:00:00+00:00
[2024-12-10T07:59:45.777+0000] {processor.py:208} INFO - Processing /home/airflow/.local/lib/python3.12/site-packages/airflow/example_dags/example_bash_operator.py took 0.122 seconds
[2024-12-10T08:00:17.347+0000] {processor.py:186} INFO - Started process (PID=613) to work on /home/airflow/.local/lib/python3.12/site-packages/airflow/example_dags/example_bash_operator.py
[2024-12-10T08:00:17.348+0000] {processor.py:914} INFO - Processing file /home/airflow/.local/lib/python3.12/site-packages/airflow/example_dags/example_bash_operator.py for tasks to queue
[2024-12-10T08:00:17.352+0000] {logging_mixin.py:190} INFO - [2024-12-10T08:00:17.352+0000] {dagbag.py:588} INFO - Filling up the DagBag from /home/airflow/.local/lib/python3.12/site-packages/airflow/example_dags/example_bash_operator.py
[2024-12-10T08:00:17.375+0000] {processor.py:925} INFO - DAG(s) 'example_bash_operator' retrieved from /home/airflow/.local/lib/python3.12/site-packages/airflow/example_dags/example_bash_operator.py
[2024-12-10T08:00:17.421+0000] {logging_mixin.py:190} INFO - [2024-12-10T08:00:17.421+0000] {dag.py:3239} INFO - Sync 1 DAGs
[2024-12-10T08:00:17.467+0000] {logging_mixin.py:190} INFO - [2024-12-10T08:00:17.467+0000] {dag.py:4180} INFO - Setting next_dagrun for example_bash_operator to 2024-12-09 00:00:00+00:00, run_after=2024-12-10 00:00:00+00:00
[2024-12-10T08:00:17.496+0000] {processor.py:208} INFO - Processing /home/airflow/.local/lib/python3.12/site-packages/airflow/example_dags/example_bash_operator.py took 0.160 seconds
[2024-12-10T08:00:48.883+0000] {processor.py:186} INFO - Started process (PID=676) to work on /home/airflow/.local/lib/python3.12/site-packages/airflow/example_dags/example_bash_operator.py
[2024-12-10T08:00:48.885+0000] {processor.py:914} INFO - Processing file /home/airflow/.local/lib/python3.12/site-packages/airflow/example_dags/example_bash_operator.py for tasks to queue
[2024-12-10T08:00:48.888+0000] {logging_mixin.py:190} INFO - [2024-12-10T08:00:48.888+0000] {dagbag.py:588} INFO - Filling up the DagBag from /home/airflow/.local/lib/python3.12/site-packages/airflow/example_dags/example_bash_operator.py
[2024-12-10T08:00:48.908+0000] {processor.py:925} INFO - DAG(s) 'example_bash_operator' retrieved from /home/airflow/.local/lib/python3.12/site-packages/airflow/example_dags/example_bash_operator.py
[2024-12-10T08:00:48.949+0000] {logging_mixin.py:190} INFO - [2024-12-10T08:00:48.949+0000] {dag.py:3239} INFO - Sync 1 DAGs
[2024-12-10T08:00:48.989+0000] {logging_mixin.py:190} INFO - [2024-12-10T08:00:48.989+0000] {dag.py:4180} INFO - Setting next_dagrun for example_bash_operator to 2024-12-09 00:00:00+00:00, run_after=2024-12-10 00:00:00+00:00
[2024-12-10T08:00:49.016+0000] {processor.py:208} INFO - Processing /home/airflow/.local/lib/python3.12/site-packages/airflow/example_dags/example_bash_operator.py took 0.143 seconds
[2024-12-10T08:01:20.704+0000] {processor.py:186} INFO - Started process (PID=739) to work on /home/airflow/.local/lib/python3.12/site-packages/airflow/example_dags/example_bash_operator.py
[2024-12-10T08:01:20.706+0000] {processor.py:914} INFO - Processing file /home/airflow/.local/lib/python3.12/site-packages/airflow/example_dags/example_bash_operator.py for tasks to queue
[2024-12-10T08:01:20.711+0000] {logging_mixin.py:190} INFO - [2024-12-10T08:01:20.710+0000] {dagbag.py:588} INFO - Filling up the DagBag from /home/airflow/.local/lib/python3.12/site-packages/airflow/example_dags/example_bash_operator.py
[2024-12-10T08:01:20.734+0000] {processor.py:925} INFO - DAG(s) 'example_bash_operator' retrieved from /home/airflow/.local/lib/python3.12/site-packages/airflow/example_dags/example_bash_operator.py
[2024-12-10T08:01:20.784+0000] {logging_mixin.py:190} INFO - [2024-12-10T08:01:20.784+0000] {dag.py:3239} INFO - Sync 1 DAGs
[2024-12-10T08:01:20.824+0000] {logging_mixin.py:190} INFO - [2024-12-10T08:01:20.824+0000] {dag.py:4180} INFO - Setting next_dagrun for example_bash_operator to 2024-12-09 00:00:00+00:00, run_after=2024-12-10 00:00:00+00:00
[2024-12-10T08:01:20.851+0000] {processor.py:208} INFO - Processing /home/airflow/.local/lib/python3.12/site-packages/airflow/example_dags/example_bash_operator.py took 0.159 seconds
[2024-12-10T08:01:51.557+0000] {processor.py:186} INFO - Started process (PID=802) to work on /home/airflow/.local/lib/python3.12/site-packages/airflow/example_dags/example_bash_operator.py
[2024-12-10T08:01:51.559+0000] {processor.py:914} INFO - Processing file /home/airflow/.local/lib/python3.12/site-packages/airflow/example_dags/example_bash_operator.py for tasks to queue
[2024-12-10T08:01:51.562+0000] {logging_mixin.py:190} INFO - [2024-12-10T08:01:51.561+0000] {dagbag.py:588} INFO - Filling up the DagBag from /home/airflow/.local/lib/python3.12/site-packages/airflow/example_dags/example_bash_operator.py
[2024-12-10T08:01:51.577+0000] {processor.py:925} INFO - DAG(s) 'example_bash_operator' retrieved from /home/airflow/.local/lib/python3.12/site-packages/airflow/example_dags/example_bash_operator.py
[2024-12-10T08:01:51.611+0000] {logging_mixin.py:190} INFO - [2024-12-10T08:01:51.610+0000] {dag.py:3239} INFO - Sync 1 DAGs
[2024-12-10T08:01:51.645+0000] {logging_mixin.py:190} INFO - [2024-12-10T08:01:51.644+0000] {dag.py:4180} INFO - Setting next_dagrun for example_bash_operator to 2024-12-09 00:00:00+00:00, run_after=2024-12-10 00:00:00+00:00
[2024-12-10T08:01:51.673+0000] {processor.py:208} INFO - Processing /home/airflow/.local/lib/python3.12/site-packages/airflow/example_dags/example_bash_operator.py took 0.123 seconds
[2024-12-10T08:02:22.943+0000] {processor.py:186} INFO - Started process (PID=865) to work on /home/airflow/.local/lib/python3.12/site-packages/airflow/example_dags/example_bash_operator.py
[2024-12-10T08:02:22.945+0000] {processor.py:914} INFO - Processing file /home/airflow/.local/lib/python3.12/site-packages/airflow/example_dags/example_bash_operator.py for tasks to queue
[2024-12-10T08:02:22.948+0000] {logging_mixin.py:190} INFO - [2024-12-10T08:02:22.948+0000] {dagbag.py:588} INFO - Filling up the DagBag from /home/airflow/.local/lib/python3.12/site-packages/airflow/example_dags/example_bash_operator.py
[2024-12-10T08:02:22.965+0000] {processor.py:925} INFO - DAG(s) 'example_bash_operator' retrieved from /home/airflow/.local/lib/python3.12/site-packages/airflow/example_dags/example_bash_operator.py
[2024-12-10T08:02:22.998+0000] {logging_mixin.py:190} INFO - [2024-12-10T08:02:22.997+0000] {dag.py:3239} INFO - Sync 1 DAGs
[2024-12-10T08:02:23.028+0000] {logging_mixin.py:190} INFO - [2024-12-10T08:02:23.028+0000] {dag.py:4180} INFO - Setting next_dagrun for example_bash_operator to 2024-12-09 00:00:00+00:00, run_after=2024-12-10 00:00:00+00:00
[2024-12-10T08:02:23.049+0000] {processor.py:208} INFO - Processing /home/airflow/.local/lib/python3.12/site-packages/airflow/example_dags/example_bash_operator.py took 0.114 seconds
[2024-12-10T08:02:54.518+0000] {processor.py:186} INFO - Started process (PID=928) to work on /home/airflow/.local/lib/python3.12/site-packages/airflow/example_dags/example_bash_operator.py
[2024-12-10T08:02:54.519+0000] {processor.py:914} INFO - Processing file /home/airflow/.local/lib/python3.12/site-packages/airflow/example_dags/example_bash_operator.py for tasks to queue
[2024-12-10T08:02:54.522+0000] {logging_mixin.py:190} INFO - [2024-12-10T08:02:54.522+0000] {dagbag.py:588} INFO - Filling up the DagBag from /home/airflow/.local/lib/python3.12/site-packages/airflow/example_dags/example_bash_operator.py
[2024-12-10T08:02:54.538+0000] {processor.py:925} INFO - DAG(s) 'example_bash_operator' retrieved from /home/airflow/.local/lib/python3.12/site-packages/airflow/example_dags/example_bash_operator.py
[2024-12-10T08:02:54.573+0000] {logging_mixin.py:190} INFO - [2024-12-10T08:02:54.572+0000] {dag.py:3239} INFO - Sync 1 DAGs
[2024-12-10T08:02:54.602+0000] {logging_mixin.py:190} INFO - [2024-12-10T08:02:54.602+0000] {dag.py:4180} INFO - Setting next_dagrun for example_bash_operator to 2024-12-09 00:00:00+00:00, run_after=2024-12-10 00:00:00+00:00
[2024-12-10T08:02:54.622+0000] {processor.py:208} INFO - Processing /home/airflow/.local/lib/python3.12/site-packages/airflow/example_dags/example_bash_operator.py took 0.112 seconds
[2024-12-10T08:03:25.867+0000] {processor.py:186} INFO - Started process (PID=991) to work on /home/airflow/.local/lib/python3.12/site-packages/airflow/example_dags/example_bash_operator.py
[2024-12-10T08:03:25.868+0000] {processor.py:914} INFO - Processing file /home/airflow/.local/lib/python3.12/site-packages/airflow/example_dags/example_bash_operator.py for tasks to queue
[2024-12-10T08:03:25.870+0000] {logging_mixin.py:190} INFO - [2024-12-10T08:03:25.870+0000] {dagbag.py:588} INFO - Filling up the DagBag from /home/airflow/.local/lib/python3.12/site-packages/airflow/example_dags/example_bash_operator.py
[2024-12-10T08:03:25.884+0000] {processor.py:925} INFO - DAG(s) 'example_bash_operator' retrieved from /home/airflow/.local/lib/python3.12/site-packages/airflow/example_dags/example_bash_operator.py
[2024-12-10T08:03:25.912+0000] {logging_mixin.py:190} INFO - [2024-12-10T08:03:25.912+0000] {dag.py:3239} INFO - Sync 1 DAGs
[2024-12-10T08:03:25.937+0000] {logging_mixin.py:190} INFO - [2024-12-10T08:03:25.937+0000] {dag.py:4180} INFO - Setting next_dagrun for example_bash_operator to 2024-12-09 00:00:00+00:00, run_after=2024-12-10 00:00:00+00:00
[2024-12-10T08:03:25.956+0000] {processor.py:208} INFO - Processing /home/airflow/.local/lib/python3.12/site-packages/airflow/example_dags/example_bash_operator.py took 0.095 seconds
[2024-12-10T08:03:57.062+0000] {processor.py:186} INFO - Started process (PID=1054) to work on /home/airflow/.local/lib/python3.12/site-packages/airflow/example_dags/example_bash_operator.py
[2024-12-10T08:03:57.064+0000] {processor.py:914} INFO - Processing file /home/airflow/.local/lib/python3.12/site-packages/airflow/example_dags/example_bash_operator.py for tasks to queue
[2024-12-10T08:03:57.068+0000] {logging_mixin.py:190} INFO - [2024-12-10T08:03:57.067+0000] {dagbag.py:588} INFO - Filling up the DagBag from /home/airflow/.local/lib/python3.12/site-packages/airflow/example_dags/example_bash_operator.py
[2024-12-10T08:03:57.093+0000] {processor.py:925} INFO - DAG(s) 'example_bash_operator' retrieved from /home/airflow/.local/lib/python3.12/site-packages/airflow/example_dags/example_bash_operator.py
[2024-12-10T08:03:57.133+0000] {logging_mixin.py:190} INFO - [2024-12-10T08:03:57.132+0000] {dag.py:3239} INFO - Sync 1 DAGs
[2024-12-10T08:03:57.171+0000] {logging_mixin.py:190} INFO - [2024-12-10T08:03:57.171+0000] {dag.py:4180} INFO - Setting next_dagrun for example_bash_operator to 2024-12-09 00:00:00+00:00, run_after=2024-12-10 00:00:00+00:00
[2024-12-10T08:03:57.203+0000] {processor.py:208} INFO - Processing /home/airflow/.local/lib/python3.12/site-packages/airflow/example_dags/example_bash_operator.py took 0.147 seconds
[2024-12-10T08:04:28.936+0000] {processor.py:186} INFO - Started process (PID=1117) to work on /home/airflow/.local/lib/python3.12/site-packages/airflow/example_dags/example_bash_operator.py
[2024-12-10T08:04:28.937+0000] {processor.py:914} INFO - Processing file /home/airflow/.local/lib/python3.12/site-packages/airflow/example_dags/example_bash_operator.py for tasks to queue
[2024-12-10T08:04:28.941+0000] {logging_mixin.py:190} INFO - [2024-12-10T08:04:28.940+0000] {dagbag.py:588} INFO - Filling up the DagBag from /home/airflow/.local/lib/python3.12/site-packages/airflow/example_dags/example_bash_operator.py
[2024-12-10T08:04:28.973+0000] {processor.py:925} INFO - DAG(s) 'example_bash_operator' retrieved from /home/airflow/.local/lib/python3.12/site-packages/airflow/example_dags/example_bash_operator.py
[2024-12-10T08:04:29.018+0000] {logging_mixin.py:190} INFO - [2024-12-10T08:04:29.018+0000] {dag.py:3239} INFO - Sync 1 DAGs
[2024-12-10T08:04:29.066+0000] {logging_mixin.py:190} INFO - [2024-12-10T08:04:29.065+0000] {dag.py:4180} INFO - Setting next_dagrun for example_bash_operator to 2024-12-09 00:00:00+00:00, run_after=2024-12-10 00:00:00+00:00
[2024-12-10T08:04:29.101+0000] {processor.py:208} INFO - Processing /home/airflow/.local/lib/python3.12/site-packages/airflow/example_dags/example_bash_operator.py took 0.175 seconds
[2024-12-10T08:04:59.202+0000] {processor.py:186} INFO - Started process (PID=1180) to work on /home/airflow/.local/lib/python3.12/site-packages/airflow/example_dags/example_bash_operator.py
[2024-12-10T08:04:59.203+0000] {processor.py:914} INFO - Processing file /home/airflow/.local/lib/python3.12/site-packages/airflow/example_dags/example_bash_operator.py for tasks to queue
[2024-12-10T08:04:59.206+0000] {logging_mixin.py:190} INFO - [2024-12-10T08:04:59.206+0000] {dagbag.py:588} INFO - Filling up the DagBag from /home/airflow/.local/lib/python3.12/site-packages/airflow/example_dags/example_bash_operator.py
[2024-12-10T08:04:59.222+0000] {processor.py:925} INFO - DAG(s) 'example_bash_operator' retrieved from /home/airflow/.local/lib/python3.12/site-packages/airflow/example_dags/example_bash_operator.py
[2024-12-10T08:04:59.251+0000] {logging_mixin.py:190} INFO - [2024-12-10T08:04:59.250+0000] {dag.py:3239} INFO - Sync 1 DAGs
[2024-12-10T08:04:59.276+0000] {logging_mixin.py:190} INFO - [2024-12-10T08:04:59.276+0000] {dag.py:4180} INFO - Setting next_dagrun for example_bash_operator to 2024-12-09 00:00:00+00:00, run_after=2024-12-10 00:00:00+00:00
[2024-12-10T08:04:59.297+0000] {processor.py:208} INFO - Processing /home/airflow/.local/lib/python3.12/site-packages/airflow/example_dags/example_bash_operator.py took 0.102 seconds
[2024-12-10T08:05:30.325+0000] {processor.py:186} INFO - Started process (PID=1244) to work on /home/airflow/.local/lib/python3.12/site-packages/airflow/example_dags/example_bash_operator.py
[2024-12-10T08:05:30.326+0000] {processor.py:914} INFO - Processing file /home/airflow/.local/lib/python3.12/site-packages/airflow/example_dags/example_bash_operator.py for tasks to queue
[2024-12-10T08:05:30.328+0000] {logging_mixin.py:190} INFO - [2024-12-10T08:05:30.328+0000] {dagbag.py:588} INFO - Filling up the DagBag from /home/airflow/.local/lib/python3.12/site-packages/airflow/example_dags/example_bash_operator.py
[2024-12-10T08:05:30.343+0000] {processor.py:925} INFO - DAG(s) 'example_bash_operator' retrieved from /home/airflow/.local/lib/python3.12/site-packages/airflow/example_dags/example_bash_operator.py
[2024-12-10T08:05:30.375+0000] {logging_mixin.py:190} INFO - [2024-12-10T08:05:30.374+0000] {dag.py:3239} INFO - Sync 1 DAGs
[2024-12-10T08:05:30.405+0000] {logging_mixin.py:190} INFO - [2024-12-10T08:05:30.405+0000] {dag.py:4180} INFO - Setting next_dagrun for example_bash_operator to 2024-12-09 00:00:00+00:00, run_after=2024-12-10 00:00:00+00:00
[2024-12-10T08:05:30.429+0000] {processor.py:208} INFO - Processing /home/airflow/.local/lib/python3.12/site-packages/airflow/example_dags/example_bash_operator.py took 0.111 seconds
[2024-12-10T08:06:01.446+0000] {processor.py:186} INFO - Started process (PID=1306) to work on /home/airflow/.local/lib/python3.12/site-packages/airflow/example_dags/example_bash_operator.py
[2024-12-10T08:06:01.448+0000] {processor.py:914} INFO - Processing file /home/airflow/.local/lib/python3.12/site-packages/airflow/example_dags/example_bash_operator.py for tasks to queue
[2024-12-10T08:06:01.450+0000] {logging_mixin.py:190} INFO - [2024-12-10T08:06:01.450+0000] {dagbag.py:588} INFO - Filling up the DagBag from /home/airflow/.local/lib/python3.12/site-packages/airflow/example_dags/example_bash_operator.py
[2024-12-10T08:06:01.466+0000] {processor.py:925} INFO - DAG(s) 'example_bash_operator' retrieved from /home/airflow/.local/lib/python3.12/site-packages/airflow/example_dags/example_bash_operator.py
[2024-12-10T08:06:01.496+0000] {logging_mixin.py:190} INFO - [2024-12-10T08:06:01.496+0000] {dag.py:3239} INFO - Sync 1 DAGs
[2024-12-10T08:06:01.522+0000] {logging_mixin.py:190} INFO - [2024-12-10T08:06:01.522+0000] {dag.py:4180} INFO - Setting next_dagrun for example_bash_operator to 2024-12-09 00:00:00+00:00, run_after=2024-12-10 00:00:00+00:00
[2024-12-10T08:06:01.552+0000] {processor.py:208} INFO - Processing /home/airflow/.local/lib/python3.12/site-packages/airflow/example_dags/example_bash_operator.py took 0.112 seconds
[2024-12-10T08:06:33.151+0000] {processor.py:186} INFO - Started process (PID=1375) to work on /home/airflow/.local/lib/python3.12/site-packages/airflow/example_dags/example_bash_operator.py
[2024-12-10T08:06:33.152+0000] {processor.py:914} INFO - Processing file /home/airflow/.local/lib/python3.12/site-packages/airflow/example_dags/example_bash_operator.py for tasks to queue
[2024-12-10T08:06:33.155+0000] {logging_mixin.py:190} INFO - [2024-12-10T08:06:33.155+0000] {dagbag.py:588} INFO - Filling up the DagBag from /home/airflow/.local/lib/python3.12/site-packages/airflow/example_dags/example_bash_operator.py
[2024-12-10T08:06:33.173+0000] {processor.py:925} INFO - DAG(s) 'example_bash_operator' retrieved from /home/airflow/.local/lib/python3.12/site-packages/airflow/example_dags/example_bash_operator.py
[2024-12-10T08:06:33.214+0000] {logging_mixin.py:190} INFO - [2024-12-10T08:06:33.213+0000] {dag.py:3239} INFO - Sync 1 DAGs
[2024-12-10T08:06:33.252+0000] {logging_mixin.py:190} INFO - [2024-12-10T08:06:33.252+0000] {dag.py:4180} INFO - Setting next_dagrun for example_bash_operator to 2024-12-09 00:00:00+00:00, run_after=2024-12-10 00:00:00+00:00
[2024-12-10T08:06:33.276+0000] {processor.py:208} INFO - Processing /home/airflow/.local/lib/python3.12/site-packages/airflow/example_dags/example_bash_operator.py took 0.134 seconds
[2024-12-10T08:08:30.361+0000] {processor.py:186} INFO - Started process (PID=110) to work on /home/airflow/.local/lib/python3.12/site-packages/airflow/example_dags/example_bash_operator.py
[2024-12-10T08:08:30.362+0000] {processor.py:914} INFO - Processing file /home/airflow/.local/lib/python3.12/site-packages/airflow/example_dags/example_bash_operator.py for tasks to queue
[2024-12-10T08:08:30.365+0000] {logging_mixin.py:190} INFO - [2024-12-10T08:08:30.365+0000] {dagbag.py:588} INFO - Filling up the DagBag from /home/airflow/.local/lib/python3.12/site-packages/airflow/example_dags/example_bash_operator.py
[2024-12-10T08:08:30.388+0000] {processor.py:925} INFO - DAG(s) 'example_bash_operator' retrieved from /home/airflow/.local/lib/python3.12/site-packages/airflow/example_dags/example_bash_operator.py
[2024-12-10T08:08:30.431+0000] {logging_mixin.py:190} INFO - [2024-12-10T08:08:30.431+0000] {dag.py:3239} INFO - Sync 1 DAGs
[2024-12-10T08:08:30.475+0000] {logging_mixin.py:190} INFO - [2024-12-10T08:08:30.474+0000] {dag.py:4180} INFO - Setting next_dagrun for example_bash_operator to 2024-12-09 00:00:00+00:00, run_after=2024-12-10 00:00:00+00:00
[2024-12-10T08:08:30.535+0000] {processor.py:208} INFO - Processing /home/airflow/.local/lib/python3.12/site-packages/airflow/example_dags/example_bash_operator.py took 0.181 seconds
[2024-12-10T08:09:01.098+0000] {processor.py:186} INFO - Started process (PID=172) to work on /home/airflow/.local/lib/python3.12/site-packages/airflow/example_dags/example_bash_operator.py
[2024-12-10T08:09:01.099+0000] {processor.py:914} INFO - Processing file /home/airflow/.local/lib/python3.12/site-packages/airflow/example_dags/example_bash_operator.py for tasks to queue
[2024-12-10T08:09:01.103+0000] {logging_mixin.py:190} INFO - [2024-12-10T08:09:01.102+0000] {dagbag.py:588} INFO - Filling up the DagBag from /home/airflow/.local/lib/python3.12/site-packages/airflow/example_dags/example_bash_operator.py
[2024-12-10T08:09:01.121+0000] {processor.py:925} INFO - DAG(s) 'example_bash_operator' retrieved from /home/airflow/.local/lib/python3.12/site-packages/airflow/example_dags/example_bash_operator.py
[2024-12-10T08:09:01.154+0000] {logging_mixin.py:190} INFO - [2024-12-10T08:09:01.153+0000] {dag.py:3239} INFO - Sync 1 DAGs
[2024-12-10T08:09:01.183+0000] {logging_mixin.py:190} INFO - [2024-12-10T08:09:01.183+0000] {dag.py:4180} INFO - Setting next_dagrun for example_bash_operator to 2024-12-09 00:00:00+00:00, run_after=2024-12-10 00:00:00+00:00
[2024-12-10T08:09:01.205+0000] {processor.py:208} INFO - Processing /home/airflow/.local/lib/python3.12/site-packages/airflow/example_dags/example_bash_operator.py took 0.116 seconds
[2024-12-10T08:09:31.444+0000] {processor.py:186} INFO - Started process (PID=235) to work on /home/airflow/.local/lib/python3.12/site-packages/airflow/example_dags/example_bash_operator.py
[2024-12-10T08:09:31.445+0000] {processor.py:914} INFO - Processing file /home/airflow/.local/lib/python3.12/site-packages/airflow/example_dags/example_bash_operator.py for tasks to queue
[2024-12-10T08:09:31.448+0000] {logging_mixin.py:190} INFO - [2024-12-10T08:09:31.447+0000] {dagbag.py:588} INFO - Filling up the DagBag from /home/airflow/.local/lib/python3.12/site-packages/airflow/example_dags/example_bash_operator.py
[2024-12-10T08:09:31.463+0000] {processor.py:925} INFO - DAG(s) 'example_bash_operator' retrieved from /home/airflow/.local/lib/python3.12/site-packages/airflow/example_dags/example_bash_operator.py
[2024-12-10T08:09:31.492+0000] {logging_mixin.py:190} INFO - [2024-12-10T08:09:31.491+0000] {dag.py:3239} INFO - Sync 1 DAGs
[2024-12-10T08:09:31.518+0000] {logging_mixin.py:190} INFO - [2024-12-10T08:09:31.518+0000] {dag.py:4180} INFO - Setting next_dagrun for example_bash_operator to 2024-12-09 00:00:00+00:00, run_after=2024-12-10 00:00:00+00:00
[2024-12-10T08:09:31.538+0000] {processor.py:208} INFO - Processing /home/airflow/.local/lib/python3.12/site-packages/airflow/example_dags/example_bash_operator.py took 0.101 seconds
[2024-12-10T08:10:03.058+0000] {processor.py:186} INFO - Started process (PID=298) to work on /home/airflow/.local/lib/python3.12/site-packages/airflow/example_dags/example_bash_operator.py
[2024-12-10T08:10:03.059+0000] {processor.py:914} INFO - Processing file /home/airflow/.local/lib/python3.12/site-packages/airflow/example_dags/example_bash_operator.py for tasks to queue
[2024-12-10T08:10:03.063+0000] {logging_mixin.py:190} INFO - [2024-12-10T08:10:03.062+0000] {dagbag.py:588} INFO - Filling up the DagBag from /home/airflow/.local/lib/python3.12/site-packages/airflow/example_dags/example_bash_operator.py
[2024-12-10T08:10:03.080+0000] {processor.py:925} INFO - DAG(s) 'example_bash_operator' retrieved from /home/airflow/.local/lib/python3.12/site-packages/airflow/example_dags/example_bash_operator.py
[2024-12-10T08:10:03.126+0000] {logging_mixin.py:190} INFO - [2024-12-10T08:10:03.126+0000] {dag.py:3239} INFO - Sync 1 DAGs
[2024-12-10T08:10:03.160+0000] {logging_mixin.py:190} INFO - [2024-12-10T08:10:03.160+0000] {dag.py:4180} INFO - Setting next_dagrun for example_bash_operator to 2024-12-09 00:00:00+00:00, run_after=2024-12-10 00:00:00+00:00
[2024-12-10T08:10:03.184+0000] {processor.py:208} INFO - Processing /home/airflow/.local/lib/python3.12/site-packages/airflow/example_dags/example_bash_operator.py took 0.134 seconds
[2024-12-10T08:10:34.738+0000] {processor.py:186} INFO - Started process (PID=361) to work on /home/airflow/.local/lib/python3.12/site-packages/airflow/example_dags/example_bash_operator.py
[2024-12-10T08:10:34.739+0000] {processor.py:914} INFO - Processing file /home/airflow/.local/lib/python3.12/site-packages/airflow/example_dags/example_bash_operator.py for tasks to queue
[2024-12-10T08:10:34.742+0000] {logging_mixin.py:190} INFO - [2024-12-10T08:10:34.742+0000] {dagbag.py:588} INFO - Filling up the DagBag from /home/airflow/.local/lib/python3.12/site-packages/airflow/example_dags/example_bash_operator.py
[2024-12-10T08:10:34.772+0000] {processor.py:925} INFO - DAG(s) 'example_bash_operator' retrieved from /home/airflow/.local/lib/python3.12/site-packages/airflow/example_dags/example_bash_operator.py
[2024-12-10T08:10:34.830+0000] {logging_mixin.py:190} INFO - [2024-12-10T08:10:34.830+0000] {dag.py:3239} INFO - Sync 1 DAGs
[2024-12-10T08:10:34.915+0000] {logging_mixin.py:190} INFO - [2024-12-10T08:10:34.914+0000] {dag.py:4180} INFO - Setting next_dagrun for example_bash_operator to 2024-12-09 00:00:00+00:00, run_after=2024-12-10 00:00:00+00:00
[2024-12-10T08:10:34.980+0000] {processor.py:208} INFO - Processing /home/airflow/.local/lib/python3.12/site-packages/airflow/example_dags/example_bash_operator.py took 0.254 seconds
[2024-12-10T08:11:06.763+0000] {processor.py:186} INFO - Started process (PID=424) to work on /home/airflow/.local/lib/python3.12/site-packages/airflow/example_dags/example_bash_operator.py
[2024-12-10T08:11:06.764+0000] {processor.py:914} INFO - Processing file /home/airflow/.local/lib/python3.12/site-packages/airflow/example_dags/example_bash_operator.py for tasks to queue
[2024-12-10T08:11:06.767+0000] {logging_mixin.py:190} INFO - [2024-12-10T08:11:06.766+0000] {dagbag.py:588} INFO - Filling up the DagBag from /home/airflow/.local/lib/python3.12/site-packages/airflow/example_dags/example_bash_operator.py
[2024-12-10T08:11:06.786+0000] {processor.py:925} INFO - DAG(s) 'example_bash_operator' retrieved from /home/airflow/.local/lib/python3.12/site-packages/airflow/example_dags/example_bash_operator.py
[2024-12-10T08:11:06.819+0000] {logging_mixin.py:190} INFO - [2024-12-10T08:11:06.818+0000] {dag.py:3239} INFO - Sync 1 DAGs
[2024-12-10T08:11:06.849+0000] {logging_mixin.py:190} INFO - [2024-12-10T08:11:06.849+0000] {dag.py:4180} INFO - Setting next_dagrun for example_bash_operator to 2024-12-09 00:00:00+00:00, run_after=2024-12-10 00:00:00+00:00
[2024-12-10T08:11:06.872+0000] {processor.py:208} INFO - Processing /home/airflow/.local/lib/python3.12/site-packages/airflow/example_dags/example_bash_operator.py took 0.118 seconds
[2024-12-10T08:11:38.089+0000] {processor.py:186} INFO - Started process (PID=487) to work on /home/airflow/.local/lib/python3.12/site-packages/airflow/example_dags/example_bash_operator.py
[2024-12-10T08:11:38.091+0000] {processor.py:914} INFO - Processing file /home/airflow/.local/lib/python3.12/site-packages/airflow/example_dags/example_bash_operator.py for tasks to queue
[2024-12-10T08:11:38.094+0000] {logging_mixin.py:190} INFO - [2024-12-10T08:11:38.094+0000] {dagbag.py:588} INFO - Filling up the DagBag from /home/airflow/.local/lib/python3.12/site-packages/airflow/example_dags/example_bash_operator.py
[2024-12-10T08:11:38.113+0000] {processor.py:925} INFO - DAG(s) 'example_bash_operator' retrieved from /home/airflow/.local/lib/python3.12/site-packages/airflow/example_dags/example_bash_operator.py
[2024-12-10T08:11:38.149+0000] {logging_mixin.py:190} INFO - [2024-12-10T08:11:38.149+0000] {dag.py:3239} INFO - Sync 1 DAGs
[2024-12-10T08:11:38.191+0000] {logging_mixin.py:190} INFO - [2024-12-10T08:11:38.190+0000] {dag.py:4180} INFO - Setting next_dagrun for example_bash_operator to 2024-12-09 00:00:00+00:00, run_after=2024-12-10 00:00:00+00:00
[2024-12-10T08:11:38.217+0000] {processor.py:208} INFO - Processing /home/airflow/.local/lib/python3.12/site-packages/airflow/example_dags/example_bash_operator.py took 0.136 seconds
[2024-12-10T08:12:08.694+0000] {processor.py:186} INFO - Started process (PID=550) to work on /home/airflow/.local/lib/python3.12/site-packages/airflow/example_dags/example_bash_operator.py
[2024-12-10T08:12:08.695+0000] {processor.py:914} INFO - Processing file /home/airflow/.local/lib/python3.12/site-packages/airflow/example_dags/example_bash_operator.py for tasks to queue
[2024-12-10T08:12:08.698+0000] {logging_mixin.py:190} INFO - [2024-12-10T08:12:08.697+0000] {dagbag.py:588} INFO - Filling up the DagBag from /home/airflow/.local/lib/python3.12/site-packages/airflow/example_dags/example_bash_operator.py
[2024-12-10T08:12:08.713+0000] {processor.py:925} INFO - DAG(s) 'example_bash_operator' retrieved from /home/airflow/.local/lib/python3.12/site-packages/airflow/example_dags/example_bash_operator.py
[2024-12-10T08:12:08.747+0000] {logging_mixin.py:190} INFO - [2024-12-10T08:12:08.747+0000] {dag.py:3239} INFO - Sync 1 DAGs
[2024-12-10T08:12:08.783+0000] {logging_mixin.py:190} INFO - [2024-12-10T08:12:08.782+0000] {dag.py:4180} INFO - Setting next_dagrun for example_bash_operator to 2024-12-09 00:00:00+00:00, run_after=2024-12-10 00:00:00+00:00
[2024-12-10T08:12:08.805+0000] {processor.py:208} INFO - Processing /home/airflow/.local/lib/python3.12/site-packages/airflow/example_dags/example_bash_operator.py took 0.119 seconds
[2024-12-10T08:12:39.856+0000] {processor.py:186} INFO - Started process (PID=613) to work on /home/airflow/.local/lib/python3.12/site-packages/airflow/example_dags/example_bash_operator.py
[2024-12-10T08:12:39.857+0000] {processor.py:914} INFO - Processing file /home/airflow/.local/lib/python3.12/site-packages/airflow/example_dags/example_bash_operator.py for tasks to queue
[2024-12-10T08:12:39.860+0000] {logging_mixin.py:190} INFO - [2024-12-10T08:12:39.860+0000] {dagbag.py:588} INFO - Filling up the DagBag from /home/airflow/.local/lib/python3.12/site-packages/airflow/example_dags/example_bash_operator.py
[2024-12-10T08:12:39.874+0000] {processor.py:925} INFO - DAG(s) 'example_bash_operator' retrieved from /home/airflow/.local/lib/python3.12/site-packages/airflow/example_dags/example_bash_operator.py
[2024-12-10T08:12:39.903+0000] {logging_mixin.py:190} INFO - [2024-12-10T08:12:39.902+0000] {dag.py:3239} INFO - Sync 1 DAGs
[2024-12-10T08:12:39.937+0000] {logging_mixin.py:190} INFO - [2024-12-10T08:12:39.937+0000] {dag.py:4180} INFO - Setting next_dagrun for example_bash_operator to 2024-12-09 00:00:00+00:00, run_after=2024-12-10 00:00:00+00:00
[2024-12-10T08:12:39.961+0000] {processor.py:208} INFO - Processing /home/airflow/.local/lib/python3.12/site-packages/airflow/example_dags/example_bash_operator.py took 0.111 seconds
[2024-12-10T08:13:11.203+0000] {processor.py:186} INFO - Started process (PID=676) to work on /home/airflow/.local/lib/python3.12/site-packages/airflow/example_dags/example_bash_operator.py
[2024-12-10T08:13:11.205+0000] {processor.py:914} INFO - Processing file /home/airflow/.local/lib/python3.12/site-packages/airflow/example_dags/example_bash_operator.py for tasks to queue
[2024-12-10T08:13:11.209+0000] {logging_mixin.py:190} INFO - [2024-12-10T08:13:11.209+0000] {dagbag.py:588} INFO - Filling up the DagBag from /home/airflow/.local/lib/python3.12/site-packages/airflow/example_dags/example_bash_operator.py
[2024-12-10T08:13:11.230+0000] {processor.py:925} INFO - DAG(s) 'example_bash_operator' retrieved from /home/airflow/.local/lib/python3.12/site-packages/airflow/example_dags/example_bash_operator.py
[2024-12-10T08:13:11.294+0000] {logging_mixin.py:190} INFO - [2024-12-10T08:13:11.288+0000] {dag.py:3239} INFO - Sync 1 DAGs
[2024-12-10T08:13:11.381+0000] {logging_mixin.py:190} INFO - [2024-12-10T08:13:11.381+0000] {dag.py:4180} INFO - Setting next_dagrun for example_bash_operator to 2024-12-09 00:00:00+00:00, run_after=2024-12-10 00:00:00+00:00
[2024-12-10T08:13:11.436+0000] {processor.py:208} INFO - Processing /home/airflow/.local/lib/python3.12/site-packages/airflow/example_dags/example_bash_operator.py took 0.240 seconds
[2024-12-10T08:13:43.005+0000] {processor.py:186} INFO - Started process (PID=739) to work on /home/airflow/.local/lib/python3.12/site-packages/airflow/example_dags/example_bash_operator.py
[2024-12-10T08:13:43.007+0000] {processor.py:914} INFO - Processing file /home/airflow/.local/lib/python3.12/site-packages/airflow/example_dags/example_bash_operator.py for tasks to queue
[2024-12-10T08:13:43.010+0000] {logging_mixin.py:190} INFO - [2024-12-10T08:13:43.010+0000] {dagbag.py:588} INFO - Filling up the DagBag from /home/airflow/.local/lib/python3.12/site-packages/airflow/example_dags/example_bash_operator.py
[2024-12-10T08:13:43.029+0000] {processor.py:925} INFO - DAG(s) 'example_bash_operator' retrieved from /home/airflow/.local/lib/python3.12/site-packages/airflow/example_dags/example_bash_operator.py
[2024-12-10T08:13:43.064+0000] {logging_mixin.py:190} INFO - [2024-12-10T08:13:43.063+0000] {dag.py:3239} INFO - Sync 1 DAGs
[2024-12-10T08:13:43.098+0000] {logging_mixin.py:190} INFO - [2024-12-10T08:13:43.098+0000] {dag.py:4180} INFO - Setting next_dagrun for example_bash_operator to 2024-12-09 00:00:00+00:00, run_after=2024-12-10 00:00:00+00:00
[2024-12-10T08:13:43.123+0000] {processor.py:208} INFO - Processing /home/airflow/.local/lib/python3.12/site-packages/airflow/example_dags/example_bash_operator.py took 0.125 seconds
[2024-12-10T08:15:35.612+0000] {processor.py:186} INFO - Started process (PID=110) to work on /home/airflow/.local/lib/python3.12/site-packages/airflow/example_dags/example_bash_operator.py
[2024-12-10T08:15:35.613+0000] {processor.py:914} INFO - Processing file /home/airflow/.local/lib/python3.12/site-packages/airflow/example_dags/example_bash_operator.py for tasks to queue
[2024-12-10T08:15:35.616+0000] {logging_mixin.py:190} INFO - [2024-12-10T08:15:35.616+0000] {dagbag.py:588} INFO - Filling up the DagBag from /home/airflow/.local/lib/python3.12/site-packages/airflow/example_dags/example_bash_operator.py
[2024-12-10T08:15:35.636+0000] {processor.py:925} INFO - DAG(s) 'example_bash_operator' retrieved from /home/airflow/.local/lib/python3.12/site-packages/airflow/example_dags/example_bash_operator.py
[2024-12-10T08:15:35.673+0000] {logging_mixin.py:190} INFO - [2024-12-10T08:15:35.673+0000] {dag.py:3239} INFO - Sync 1 DAGs
[2024-12-10T08:15:35.704+0000] {logging_mixin.py:190} INFO - [2024-12-10T08:15:35.704+0000] {dag.py:4180} INFO - Setting next_dagrun for example_bash_operator to 2024-12-09 00:00:00+00:00, run_after=2024-12-10 00:00:00+00:00
[2024-12-10T08:15:35.729+0000] {processor.py:208} INFO - Processing /home/airflow/.local/lib/python3.12/site-packages/airflow/example_dags/example_bash_operator.py took 0.125 seconds
[2024-12-10T08:16:06.841+0000] {processor.py:186} INFO - Started process (PID=173) to work on /home/airflow/.local/lib/python3.12/site-packages/airflow/example_dags/example_bash_operator.py
[2024-12-10T08:16:06.843+0000] {processor.py:914} INFO - Processing file /home/airflow/.local/lib/python3.12/site-packages/airflow/example_dags/example_bash_operator.py for tasks to queue
[2024-12-10T08:16:06.846+0000] {logging_mixin.py:190} INFO - [2024-12-10T08:16:06.846+0000] {dagbag.py:588} INFO - Filling up the DagBag from /home/airflow/.local/lib/python3.12/site-packages/airflow/example_dags/example_bash_operator.py
[2024-12-10T08:16:06.862+0000] {processor.py:925} INFO - DAG(s) 'example_bash_operator' retrieved from /home/airflow/.local/lib/python3.12/site-packages/airflow/example_dags/example_bash_operator.py
[2024-12-10T08:16:06.891+0000] {logging_mixin.py:190} INFO - [2024-12-10T08:16:06.891+0000] {dag.py:3239} INFO - Sync 1 DAGs
[2024-12-10T08:16:06.924+0000] {logging_mixin.py:190} INFO - [2024-12-10T08:16:06.923+0000] {dag.py:4180} INFO - Setting next_dagrun for example_bash_operator to 2024-12-09 00:00:00+00:00, run_after=2024-12-10 00:00:00+00:00
[2024-12-10T08:16:06.946+0000] {processor.py:208} INFO - Processing /home/airflow/.local/lib/python3.12/site-packages/airflow/example_dags/example_bash_operator.py took 0.113 seconds
[2024-12-10T08:16:37.683+0000] {processor.py:186} INFO - Started process (PID=236) to work on /home/airflow/.local/lib/python3.12/site-packages/airflow/example_dags/example_bash_operator.py
[2024-12-10T08:16:37.684+0000] {processor.py:914} INFO - Processing file /home/airflow/.local/lib/python3.12/site-packages/airflow/example_dags/example_bash_operator.py for tasks to queue
[2024-12-10T08:16:37.687+0000] {logging_mixin.py:190} INFO - [2024-12-10T08:16:37.687+0000] {dagbag.py:588} INFO - Filling up the DagBag from /home/airflow/.local/lib/python3.12/site-packages/airflow/example_dags/example_bash_operator.py
[2024-12-10T08:16:37.703+0000] {processor.py:925} INFO - DAG(s) 'example_bash_operator' retrieved from /home/airflow/.local/lib/python3.12/site-packages/airflow/example_dags/example_bash_operator.py
[2024-12-10T08:16:37.734+0000] {logging_mixin.py:190} INFO - [2024-12-10T08:16:37.734+0000] {dag.py:3239} INFO - Sync 1 DAGs
[2024-12-10T08:16:37.762+0000] {logging_mixin.py:190} INFO - [2024-12-10T08:16:37.762+0000] {dag.py:4180} INFO - Setting next_dagrun for example_bash_operator to 2024-12-09 00:00:00+00:00, run_after=2024-12-10 00:00:00+00:00
[2024-12-10T08:16:37.783+0000] {processor.py:208} INFO - Processing /home/airflow/.local/lib/python3.12/site-packages/airflow/example_dags/example_bash_operator.py took 0.106 seconds
[2024-12-10T08:17:09.037+0000] {processor.py:186} INFO - Started process (PID=298) to work on /home/airflow/.local/lib/python3.12/site-packages/airflow/example_dags/example_bash_operator.py
[2024-12-10T08:17:09.038+0000] {processor.py:914} INFO - Processing file /home/airflow/.local/lib/python3.12/site-packages/airflow/example_dags/example_bash_operator.py for tasks to queue
[2024-12-10T08:17:09.041+0000] {logging_mixin.py:190} INFO - [2024-12-10T08:17:09.041+0000] {dagbag.py:588} INFO - Filling up the DagBag from /home/airflow/.local/lib/python3.12/site-packages/airflow/example_dags/example_bash_operator.py
[2024-12-10T08:17:09.057+0000] {processor.py:925} INFO - DAG(s) 'example_bash_operator' retrieved from /home/airflow/.local/lib/python3.12/site-packages/airflow/example_dags/example_bash_operator.py
[2024-12-10T08:17:09.088+0000] {logging_mixin.py:190} INFO - [2024-12-10T08:17:09.088+0000] {dag.py:3239} INFO - Sync 1 DAGs
[2024-12-10T08:17:09.116+0000] {logging_mixin.py:190} INFO - [2024-12-10T08:17:09.116+0000] {dag.py:4180} INFO - Setting next_dagrun for example_bash_operator to 2024-12-09 00:00:00+00:00, run_after=2024-12-10 00:00:00+00:00
[2024-12-10T08:17:09.140+0000] {processor.py:208} INFO - Processing /home/airflow/.local/lib/python3.12/site-packages/airflow/example_dags/example_bash_operator.py took 0.110 seconds
[2024-12-10T08:17:40.522+0000] {processor.py:186} INFO - Started process (PID=361) to work on /home/airflow/.local/lib/python3.12/site-packages/airflow/example_dags/example_bash_operator.py
[2024-12-10T08:17:40.523+0000] {processor.py:914} INFO - Processing file /home/airflow/.local/lib/python3.12/site-packages/airflow/example_dags/example_bash_operator.py for tasks to queue
[2024-12-10T08:17:40.525+0000] {logging_mixin.py:190} INFO - [2024-12-10T08:17:40.525+0000] {dagbag.py:588} INFO - Filling up the DagBag from /home/airflow/.local/lib/python3.12/site-packages/airflow/example_dags/example_bash_operator.py
[2024-12-10T08:17:40.540+0000] {processor.py:925} INFO - DAG(s) 'example_bash_operator' retrieved from /home/airflow/.local/lib/python3.12/site-packages/airflow/example_dags/example_bash_operator.py
[2024-12-10T08:17:40.568+0000] {logging_mixin.py:190} INFO - [2024-12-10T08:17:40.568+0000] {dag.py:3239} INFO - Sync 1 DAGs
[2024-12-10T08:17:40.595+0000] {logging_mixin.py:190} INFO - [2024-12-10T08:17:40.595+0000] {dag.py:4180} INFO - Setting next_dagrun for example_bash_operator to 2024-12-09 00:00:00+00:00, run_after=2024-12-10 00:00:00+00:00
[2024-12-10T08:17:40.616+0000] {processor.py:208} INFO - Processing /home/airflow/.local/lib/python3.12/site-packages/airflow/example_dags/example_bash_operator.py took 0.100 seconds
[2024-12-10T08:18:11.676+0000] {processor.py:186} INFO - Started process (PID=424) to work on /home/airflow/.local/lib/python3.12/site-packages/airflow/example_dags/example_bash_operator.py
[2024-12-10T08:18:11.677+0000] {processor.py:914} INFO - Processing file /home/airflow/.local/lib/python3.12/site-packages/airflow/example_dags/example_bash_operator.py for tasks to queue
[2024-12-10T08:18:11.680+0000] {logging_mixin.py:190} INFO - [2024-12-10T08:18:11.680+0000] {dagbag.py:588} INFO - Filling up the DagBag from /home/airflow/.local/lib/python3.12/site-packages/airflow/example_dags/example_bash_operator.py
[2024-12-10T08:18:11.698+0000] {processor.py:925} INFO - DAG(s) 'example_bash_operator' retrieved from /home/airflow/.local/lib/python3.12/site-packages/airflow/example_dags/example_bash_operator.py
[2024-12-10T08:18:11.736+0000] {logging_mixin.py:190} INFO - [2024-12-10T08:18:11.735+0000] {dag.py:3239} INFO - Sync 1 DAGs
[2024-12-10T08:18:11.772+0000] {logging_mixin.py:190} INFO - [2024-12-10T08:18:11.771+0000] {dag.py:4180} INFO - Setting next_dagrun for example_bash_operator to 2024-12-09 00:00:00+00:00, run_after=2024-12-10 00:00:00+00:00
[2024-12-10T08:18:11.799+0000] {processor.py:208} INFO - Processing /home/airflow/.local/lib/python3.12/site-packages/airflow/example_dags/example_bash_operator.py took 0.130 seconds
[2024-12-10T08:18:43.051+0000] {processor.py:186} INFO - Started process (PID=487) to work on /home/airflow/.local/lib/python3.12/site-packages/airflow/example_dags/example_bash_operator.py
[2024-12-10T08:18:43.052+0000] {processor.py:914} INFO - Processing file /home/airflow/.local/lib/python3.12/site-packages/airflow/example_dags/example_bash_operator.py for tasks to queue
[2024-12-10T08:18:43.055+0000] {logging_mixin.py:190} INFO - [2024-12-10T08:18:43.055+0000] {dagbag.py:588} INFO - Filling up the DagBag from /home/airflow/.local/lib/python3.12/site-packages/airflow/example_dags/example_bash_operator.py
[2024-12-10T08:18:43.071+0000] {processor.py:925} INFO - DAG(s) 'example_bash_operator' retrieved from /home/airflow/.local/lib/python3.12/site-packages/airflow/example_dags/example_bash_operator.py
[2024-12-10T08:18:43.142+0000] {logging_mixin.py:190} INFO - [2024-12-10T08:18:43.141+0000] {dag.py:3239} INFO - Sync 1 DAGs
[2024-12-10T08:18:43.199+0000] {logging_mixin.py:190} INFO - [2024-12-10T08:18:43.199+0000] {dag.py:4180} INFO - Setting next_dagrun for example_bash_operator to 2024-12-09 00:00:00+00:00, run_after=2024-12-10 00:00:00+00:00
[2024-12-10T08:18:43.232+0000] {processor.py:208} INFO - Processing /home/airflow/.local/lib/python3.12/site-packages/airflow/example_dags/example_bash_operator.py took 0.188 seconds
[2024-12-10T08:19:14.583+0000] {processor.py:186} INFO - Started process (PID=550) to work on /home/airflow/.local/lib/python3.12/site-packages/airflow/example_dags/example_bash_operator.py
[2024-12-10T08:19:14.584+0000] {processor.py:914} INFO - Processing file /home/airflow/.local/lib/python3.12/site-packages/airflow/example_dags/example_bash_operator.py for tasks to queue
[2024-12-10T08:19:14.587+0000] {logging_mixin.py:190} INFO - [2024-12-10T08:19:14.587+0000] {dagbag.py:588} INFO - Filling up the DagBag from /home/airflow/.local/lib/python3.12/site-packages/airflow/example_dags/example_bash_operator.py
[2024-12-10T08:19:14.603+0000] {processor.py:925} INFO - DAG(s) 'example_bash_operator' retrieved from /home/airflow/.local/lib/python3.12/site-packages/airflow/example_dags/example_bash_operator.py
[2024-12-10T08:19:14.633+0000] {logging_mixin.py:190} INFO - [2024-12-10T08:19:14.633+0000] {dag.py:3239} INFO - Sync 1 DAGs
[2024-12-10T08:19:14.660+0000] {logging_mixin.py:190} INFO - [2024-12-10T08:19:14.660+0000] {dag.py:4180} INFO - Setting next_dagrun for example_bash_operator to 2024-12-09 00:00:00+00:00, run_after=2024-12-10 00:00:00+00:00
[2024-12-10T08:19:14.682+0000] {processor.py:208} INFO - Processing /home/airflow/.local/lib/python3.12/site-packages/airflow/example_dags/example_bash_operator.py took 0.105 seconds
[2024-12-10T08:19:45.410+0000] {processor.py:186} INFO - Started process (PID=613) to work on /home/airflow/.local/lib/python3.12/site-packages/airflow/example_dags/example_bash_operator.py
[2024-12-10T08:19:45.411+0000] {processor.py:914} INFO - Processing file /home/airflow/.local/lib/python3.12/site-packages/airflow/example_dags/example_bash_operator.py for tasks to queue
[2024-12-10T08:19:45.414+0000] {logging_mixin.py:190} INFO - [2024-12-10T08:19:45.414+0000] {dagbag.py:588} INFO - Filling up the DagBag from /home/airflow/.local/lib/python3.12/site-packages/airflow/example_dags/example_bash_operator.py
[2024-12-10T08:19:45.432+0000] {processor.py:925} INFO - DAG(s) 'example_bash_operator' retrieved from /home/airflow/.local/lib/python3.12/site-packages/airflow/example_dags/example_bash_operator.py
[2024-12-10T08:19:45.473+0000] {logging_mixin.py:190} INFO - [2024-12-10T08:19:45.473+0000] {dag.py:3239} INFO - Sync 1 DAGs
[2024-12-10T08:19:45.501+0000] {logging_mixin.py:190} INFO - [2024-12-10T08:19:45.501+0000] {dag.py:4180} INFO - Setting next_dagrun for example_bash_operator to 2024-12-09 00:00:00+00:00, run_after=2024-12-10 00:00:00+00:00
[2024-12-10T08:19:45.522+0000] {processor.py:208} INFO - Processing /home/airflow/.local/lib/python3.12/site-packages/airflow/example_dags/example_bash_operator.py took 0.120 seconds
[2024-12-10T08:20:17.247+0000] {processor.py:186} INFO - Started process (PID=676) to work on /home/airflow/.local/lib/python3.12/site-packages/airflow/example_dags/example_bash_operator.py
[2024-12-10T08:20:17.248+0000] {processor.py:914} INFO - Processing file /home/airflow/.local/lib/python3.12/site-packages/airflow/example_dags/example_bash_operator.py for tasks to queue
[2024-12-10T08:20:17.251+0000] {logging_mixin.py:190} INFO - [2024-12-10T08:20:17.251+0000] {dagbag.py:588} INFO - Filling up the DagBag from /home/airflow/.local/lib/python3.12/site-packages/airflow/example_dags/example_bash_operator.py
[2024-12-10T08:20:17.267+0000] {processor.py:925} INFO - DAG(s) 'example_bash_operator' retrieved from /home/airflow/.local/lib/python3.12/site-packages/airflow/example_dags/example_bash_operator.py
[2024-12-10T08:20:17.301+0000] {logging_mixin.py:190} INFO - [2024-12-10T08:20:17.300+0000] {dag.py:3239} INFO - Sync 1 DAGs
[2024-12-10T08:20:17.330+0000] {logging_mixin.py:190} INFO - [2024-12-10T08:20:17.329+0000] {dag.py:4180} INFO - Setting next_dagrun for example_bash_operator to 2024-12-09 00:00:00+00:00, run_after=2024-12-10 00:00:00+00:00
[2024-12-10T08:20:17.352+0000] {processor.py:208} INFO - Processing /home/airflow/.local/lib/python3.12/site-packages/airflow/example_dags/example_bash_operator.py took 0.112 seconds
