[2024-12-10T07:56:09.081+0000] {processor.py:186} INFO - Started process (PID=107) to work on /home/airflow/.local/lib/python3.12/site-packages/airflow/example_dags/example_python_operator.py
[2024-12-10T07:56:09.082+0000] {processor.py:914} INFO - Processing file /home/airflow/.local/lib/python3.12/site-packages/airflow/example_dags/example_python_operator.py for tasks to queue
[2024-12-10T07:56:09.086+0000] {logging_mixin.py:190} INFO - [2024-12-10T07:56:09.085+0000] {dagbag.py:588} INFO - Filling up the DagBag from /home/airflow/.local/lib/python3.12/site-packages/airflow/example_dags/example_python_operator.py
[2024-12-10T07:56:09.104+0000] {processor.py:925} INFO - DAG(s) 'example_python_operator' retrieved from /home/airflow/.local/lib/python3.12/site-packages/airflow/example_dags/example_python_operator.py
[2024-12-10T07:56:09.265+0000] {logging_mixin.py:190} INFO - [2024-12-10T07:56:09.264+0000] {override.py:1911} INFO - Created Permission View: can read on DAG:example_python_operator
[2024-12-10T07:56:09.280+0000] {logging_mixin.py:190} INFO - [2024-12-10T07:56:09.279+0000] {override.py:1911} INFO - Created Permission View: can edit on DAG:example_python_operator
[2024-12-10T07:56:09.292+0000] {logging_mixin.py:190} INFO - [2024-12-10T07:56:09.291+0000] {override.py:1911} INFO - Created Permission View: can delete on DAG:example_python_operator
[2024-12-10T07:56:09.303+0000] {logging_mixin.py:190} INFO - [2024-12-10T07:56:09.303+0000] {override.py:1911} INFO - Created Permission View: can read on DAG Run:example_python_operator
[2024-12-10T07:56:09.313+0000] {logging_mixin.py:190} INFO - [2024-12-10T07:56:09.313+0000] {override.py:1911} INFO - Created Permission View: menu access on DAG Run:example_python_operator
[2024-12-10T07:56:09.322+0000] {logging_mixin.py:190} INFO - [2024-12-10T07:56:09.321+0000] {override.py:1911} INFO - Created Permission View: can delete on DAG Run:example_python_operator
[2024-12-10T07:56:09.330+0000] {logging_mixin.py:190} INFO - [2024-12-10T07:56:09.329+0000] {override.py:1911} INFO - Created Permission View: can create on DAG Run:example_python_operator
[2024-12-10T07:56:09.330+0000] {logging_mixin.py:190} INFO - [2024-12-10T07:56:09.330+0000] {dag.py:3239} INFO - Sync 1 DAGs
[2024-12-10T07:56:09.346+0000] {logging_mixin.py:190} INFO - [2024-12-10T07:56:09.346+0000] {dag.py:3262} INFO - Creating ORM DAG for example_python_operator
[2024-12-10T07:56:09.347+0000] {logging_mixin.py:190} INFO - [2024-12-10T07:56:09.347+0000] {dag.py:4180} INFO - Setting next_dagrun for example_python_operator to None, run_after=None
[2024-12-10T07:56:09.368+0000] {processor.py:208} INFO - Processing /home/airflow/.local/lib/python3.12/site-packages/airflow/example_dags/example_python_operator.py took 0.295 seconds
[2024-12-10T07:56:39.434+0000] {processor.py:186} INFO - Started process (PID=170) to work on /home/airflow/.local/lib/python3.12/site-packages/airflow/example_dags/example_python_operator.py
[2024-12-10T07:56:39.435+0000] {processor.py:914} INFO - Processing file /home/airflow/.local/lib/python3.12/site-packages/airflow/example_dags/example_python_operator.py for tasks to queue
[2024-12-10T07:56:39.438+0000] {logging_mixin.py:190} INFO - [2024-12-10T07:56:39.438+0000] {dagbag.py:588} INFO - Filling up the DagBag from /home/airflow/.local/lib/python3.12/site-packages/airflow/example_dags/example_python_operator.py
[2024-12-10T07:56:39.451+0000] {processor.py:925} INFO - DAG(s) 'example_python_operator' retrieved from /home/airflow/.local/lib/python3.12/site-packages/airflow/example_dags/example_python_operator.py
[2024-12-10T07:56:39.475+0000] {logging_mixin.py:190} INFO - [2024-12-10T07:56:39.475+0000] {dag.py:3239} INFO - Sync 1 DAGs
[2024-12-10T07:56:39.491+0000] {logging_mixin.py:190} INFO - [2024-12-10T07:56:39.491+0000] {dag.py:4180} INFO - Setting next_dagrun for example_python_operator to None, run_after=None
[2024-12-10T07:56:39.511+0000] {processor.py:208} INFO - Processing /home/airflow/.local/lib/python3.12/site-packages/airflow/example_dags/example_python_operator.py took 0.084 seconds
[2024-12-10T07:57:09.618+0000] {processor.py:186} INFO - Started process (PID=233) to work on /home/airflow/.local/lib/python3.12/site-packages/airflow/example_dags/example_python_operator.py
[2024-12-10T07:57:09.620+0000] {processor.py:914} INFO - Processing file /home/airflow/.local/lib/python3.12/site-packages/airflow/example_dags/example_python_operator.py for tasks to queue
[2024-12-10T07:57:09.622+0000] {logging_mixin.py:190} INFO - [2024-12-10T07:57:09.622+0000] {dagbag.py:588} INFO - Filling up the DagBag from /home/airflow/.local/lib/python3.12/site-packages/airflow/example_dags/example_python_operator.py
[2024-12-10T07:57:09.634+0000] {processor.py:925} INFO - DAG(s) 'example_python_operator' retrieved from /home/airflow/.local/lib/python3.12/site-packages/airflow/example_dags/example_python_operator.py
[2024-12-10T07:57:09.655+0000] {logging_mixin.py:190} INFO - [2024-12-10T07:57:09.655+0000] {dag.py:3239} INFO - Sync 1 DAGs
[2024-12-10T07:57:09.670+0000] {logging_mixin.py:190} INFO - [2024-12-10T07:57:09.669+0000] {dag.py:4180} INFO - Setting next_dagrun for example_python_operator to None, run_after=None
[2024-12-10T07:57:09.686+0000] {processor.py:208} INFO - Processing /home/airflow/.local/lib/python3.12/site-packages/airflow/example_dags/example_python_operator.py took 0.074 seconds
[2024-12-10T07:57:40.868+0000] {processor.py:186} INFO - Started process (PID=296) to work on /home/airflow/.local/lib/python3.12/site-packages/airflow/example_dags/example_python_operator.py
[2024-12-10T07:57:40.869+0000] {processor.py:914} INFO - Processing file /home/airflow/.local/lib/python3.12/site-packages/airflow/example_dags/example_python_operator.py for tasks to queue
[2024-12-10T07:57:40.872+0000] {logging_mixin.py:190} INFO - [2024-12-10T07:57:40.871+0000] {dagbag.py:588} INFO - Filling up the DagBag from /home/airflow/.local/lib/python3.12/site-packages/airflow/example_dags/example_python_operator.py
[2024-12-10T07:57:40.886+0000] {processor.py:925} INFO - DAG(s) 'example_python_operator' retrieved from /home/airflow/.local/lib/python3.12/site-packages/airflow/example_dags/example_python_operator.py
[2024-12-10T07:57:40.912+0000] {logging_mixin.py:190} INFO - [2024-12-10T07:57:40.911+0000] {dag.py:3239} INFO - Sync 1 DAGs
[2024-12-10T07:57:40.931+0000] {logging_mixin.py:190} INFO - [2024-12-10T07:57:40.931+0000] {dag.py:4180} INFO - Setting next_dagrun for example_python_operator to None, run_after=None
[2024-12-10T07:57:40.953+0000] {processor.py:208} INFO - Processing /home/airflow/.local/lib/python3.12/site-packages/airflow/example_dags/example_python_operator.py took 0.093 seconds
[2024-12-10T07:58:12.285+0000] {processor.py:186} INFO - Started process (PID=359) to work on /home/airflow/.local/lib/python3.12/site-packages/airflow/example_dags/example_python_operator.py
[2024-12-10T07:58:12.287+0000] {processor.py:914} INFO - Processing file /home/airflow/.local/lib/python3.12/site-packages/airflow/example_dags/example_python_operator.py for tasks to queue
[2024-12-10T07:58:12.291+0000] {logging_mixin.py:190} INFO - [2024-12-10T07:58:12.290+0000] {dagbag.py:588} INFO - Filling up the DagBag from /home/airflow/.local/lib/python3.12/site-packages/airflow/example_dags/example_python_operator.py
[2024-12-10T07:58:12.316+0000] {processor.py:925} INFO - DAG(s) 'example_python_operator' retrieved from /home/airflow/.local/lib/python3.12/site-packages/airflow/example_dags/example_python_operator.py
[2024-12-10T07:58:12.356+0000] {logging_mixin.py:190} INFO - [2024-12-10T07:58:12.355+0000] {dag.py:3239} INFO - Sync 1 DAGs
[2024-12-10T07:58:12.389+0000] {logging_mixin.py:190} INFO - [2024-12-10T07:58:12.388+0000] {dag.py:4180} INFO - Setting next_dagrun for example_python_operator to None, run_after=None
[2024-12-10T07:58:12.425+0000] {processor.py:208} INFO - Processing /home/airflow/.local/lib/python3.12/site-packages/airflow/example_dags/example_python_operator.py took 0.148 seconds
[2024-12-10T07:58:43.424+0000] {processor.py:186} INFO - Started process (PID=422) to work on /home/airflow/.local/lib/python3.12/site-packages/airflow/example_dags/example_python_operator.py
[2024-12-10T07:58:43.425+0000] {processor.py:914} INFO - Processing file /home/airflow/.local/lib/python3.12/site-packages/airflow/example_dags/example_python_operator.py for tasks to queue
[2024-12-10T07:58:43.428+0000] {logging_mixin.py:190} INFO - [2024-12-10T07:58:43.428+0000] {dagbag.py:588} INFO - Filling up the DagBag from /home/airflow/.local/lib/python3.12/site-packages/airflow/example_dags/example_python_operator.py
[2024-12-10T07:58:43.449+0000] {processor.py:925} INFO - DAG(s) 'example_python_operator' retrieved from /home/airflow/.local/lib/python3.12/site-packages/airflow/example_dags/example_python_operator.py
[2024-12-10T07:58:43.479+0000] {logging_mixin.py:190} INFO - [2024-12-10T07:58:43.479+0000] {dag.py:3239} INFO - Sync 1 DAGs
[2024-12-10T07:58:43.497+0000] {logging_mixin.py:190} INFO - [2024-12-10T07:58:43.497+0000] {dag.py:4180} INFO - Setting next_dagrun for example_python_operator to None, run_after=None
[2024-12-10T07:58:43.520+0000] {processor.py:208} INFO - Processing /home/airflow/.local/lib/python3.12/site-packages/airflow/example_dags/example_python_operator.py took 0.103 seconds
[2024-12-10T07:59:14.386+0000] {processor.py:186} INFO - Started process (PID=485) to work on /home/airflow/.local/lib/python3.12/site-packages/airflow/example_dags/example_python_operator.py
[2024-12-10T07:59:14.387+0000] {processor.py:914} INFO - Processing file /home/airflow/.local/lib/python3.12/site-packages/airflow/example_dags/example_python_operator.py for tasks to queue
[2024-12-10T07:59:14.390+0000] {logging_mixin.py:190} INFO - [2024-12-10T07:59:14.389+0000] {dagbag.py:588} INFO - Filling up the DagBag from /home/airflow/.local/lib/python3.12/site-packages/airflow/example_dags/example_python_operator.py
[2024-12-10T07:59:14.405+0000] {processor.py:925} INFO - DAG(s) 'example_python_operator' retrieved from /home/airflow/.local/lib/python3.12/site-packages/airflow/example_dags/example_python_operator.py
[2024-12-10T07:59:14.437+0000] {logging_mixin.py:190} INFO - [2024-12-10T07:59:14.436+0000] {dag.py:3239} INFO - Sync 1 DAGs
[2024-12-10T07:59:14.457+0000] {logging_mixin.py:190} INFO - [2024-12-10T07:59:14.457+0000] {dag.py:4180} INFO - Setting next_dagrun for example_python_operator to None, run_after=None
[2024-12-10T07:59:14.479+0000] {processor.py:208} INFO - Processing /home/airflow/.local/lib/python3.12/site-packages/airflow/example_dags/example_python_operator.py took 0.102 seconds
[2024-12-10T07:59:45.524+0000] {processor.py:186} INFO - Started process (PID=548) to work on /home/airflow/.local/lib/python3.12/site-packages/airflow/example_dags/example_python_operator.py
[2024-12-10T07:59:45.525+0000] {processor.py:914} INFO - Processing file /home/airflow/.local/lib/python3.12/site-packages/airflow/example_dags/example_python_operator.py for tasks to queue
[2024-12-10T07:59:45.528+0000] {logging_mixin.py:190} INFO - [2024-12-10T07:59:45.528+0000] {dagbag.py:588} INFO - Filling up the DagBag from /home/airflow/.local/lib/python3.12/site-packages/airflow/example_dags/example_python_operator.py
[2024-12-10T07:59:45.544+0000] {processor.py:925} INFO - DAG(s) 'example_python_operator' retrieved from /home/airflow/.local/lib/python3.12/site-packages/airflow/example_dags/example_python_operator.py
[2024-12-10T07:59:45.573+0000] {logging_mixin.py:190} INFO - [2024-12-10T07:59:45.572+0000] {dag.py:3239} INFO - Sync 1 DAGs
[2024-12-10T07:59:45.598+0000] {logging_mixin.py:190} INFO - [2024-12-10T07:59:45.597+0000] {dag.py:4180} INFO - Setting next_dagrun for example_python_operator to None, run_after=None
[2024-12-10T07:59:45.622+0000] {processor.py:208} INFO - Processing /home/airflow/.local/lib/python3.12/site-packages/airflow/example_dags/example_python_operator.py took 0.106 seconds
[2024-12-10T08:00:17.146+0000] {processor.py:186} INFO - Started process (PID=611) to work on /home/airflow/.local/lib/python3.12/site-packages/airflow/example_dags/example_python_operator.py
[2024-12-10T08:00:17.156+0000] {processor.py:914} INFO - Processing file /home/airflow/.local/lib/python3.12/site-packages/airflow/example_dags/example_python_operator.py for tasks to queue
[2024-12-10T08:00:17.167+0000] {logging_mixin.py:190} INFO - [2024-12-10T08:00:17.166+0000] {dagbag.py:588} INFO - Filling up the DagBag from /home/airflow/.local/lib/python3.12/site-packages/airflow/example_dags/example_python_operator.py
[2024-12-10T08:00:17.197+0000] {processor.py:925} INFO - DAG(s) 'example_python_operator' retrieved from /home/airflow/.local/lib/python3.12/site-packages/airflow/example_dags/example_python_operator.py
[2024-12-10T08:00:17.237+0000] {logging_mixin.py:190} INFO - [2024-12-10T08:00:17.236+0000] {dag.py:3239} INFO - Sync 1 DAGs
[2024-12-10T08:00:17.267+0000] {logging_mixin.py:190} INFO - [2024-12-10T08:00:17.267+0000] {dag.py:4180} INFO - Setting next_dagrun for example_python_operator to None, run_after=None
[2024-12-10T08:00:17.296+0000] {processor.py:208} INFO - Processing /home/airflow/.local/lib/python3.12/site-packages/airflow/example_dags/example_python_operator.py took 0.167 seconds
[2024-12-10T08:00:48.736+0000] {processor.py:186} INFO - Started process (PID=674) to work on /home/airflow/.local/lib/python3.12/site-packages/airflow/example_dags/example_python_operator.py
[2024-12-10T08:00:48.737+0000] {processor.py:914} INFO - Processing file /home/airflow/.local/lib/python3.12/site-packages/airflow/example_dags/example_python_operator.py for tasks to queue
[2024-12-10T08:00:48.742+0000] {logging_mixin.py:190} INFO - [2024-12-10T08:00:48.742+0000] {dagbag.py:588} INFO - Filling up the DagBag from /home/airflow/.local/lib/python3.12/site-packages/airflow/example_dags/example_python_operator.py
[2024-12-10T08:00:48.760+0000] {processor.py:925} INFO - DAG(s) 'example_python_operator' retrieved from /home/airflow/.local/lib/python3.12/site-packages/airflow/example_dags/example_python_operator.py
[2024-12-10T08:00:48.790+0000] {logging_mixin.py:190} INFO - [2024-12-10T08:00:48.790+0000] {dag.py:3239} INFO - Sync 1 DAGs
[2024-12-10T08:00:48.811+0000] {logging_mixin.py:190} INFO - [2024-12-10T08:00:48.811+0000] {dag.py:4180} INFO - Setting next_dagrun for example_python_operator to None, run_after=None
[2024-12-10T08:00:48.834+0000] {processor.py:208} INFO - Processing /home/airflow/.local/lib/python3.12/site-packages/airflow/example_dags/example_python_operator.py took 0.106 seconds
[2024-12-10T08:01:20.528+0000] {processor.py:186} INFO - Started process (PID=737) to work on /home/airflow/.local/lib/python3.12/site-packages/airflow/example_dags/example_python_operator.py
[2024-12-10T08:01:20.530+0000] {processor.py:914} INFO - Processing file /home/airflow/.local/lib/python3.12/site-packages/airflow/example_dags/example_python_operator.py for tasks to queue
[2024-12-10T08:01:20.533+0000] {logging_mixin.py:190} INFO - [2024-12-10T08:01:20.533+0000] {dagbag.py:588} INFO - Filling up the DagBag from /home/airflow/.local/lib/python3.12/site-packages/airflow/example_dags/example_python_operator.py
[2024-12-10T08:01:20.551+0000] {processor.py:925} INFO - DAG(s) 'example_python_operator' retrieved from /home/airflow/.local/lib/python3.12/site-packages/airflow/example_dags/example_python_operator.py
[2024-12-10T08:01:20.583+0000] {logging_mixin.py:190} INFO - [2024-12-10T08:01:20.582+0000] {dag.py:3239} INFO - Sync 1 DAGs
[2024-12-10T08:01:20.612+0000] {logging_mixin.py:190} INFO - [2024-12-10T08:01:20.611+0000] {dag.py:4180} INFO - Setting next_dagrun for example_python_operator to None, run_after=None
[2024-12-10T08:01:20.645+0000] {processor.py:208} INFO - Processing /home/airflow/.local/lib/python3.12/site-packages/airflow/example_dags/example_python_operator.py took 0.125 seconds
[2024-12-10T08:01:51.428+0000] {processor.py:186} INFO - Started process (PID=800) to work on /home/airflow/.local/lib/python3.12/site-packages/airflow/example_dags/example_python_operator.py
[2024-12-10T08:01:51.429+0000] {processor.py:914} INFO - Processing file /home/airflow/.local/lib/python3.12/site-packages/airflow/example_dags/example_python_operator.py for tasks to queue
[2024-12-10T08:01:51.432+0000] {logging_mixin.py:190} INFO - [2024-12-10T08:01:51.432+0000] {dagbag.py:588} INFO - Filling up the DagBag from /home/airflow/.local/lib/python3.12/site-packages/airflow/example_dags/example_python_operator.py
[2024-12-10T08:01:51.448+0000] {processor.py:925} INFO - DAG(s) 'example_python_operator' retrieved from /home/airflow/.local/lib/python3.12/site-packages/airflow/example_dags/example_python_operator.py
[2024-12-10T08:01:51.474+0000] {logging_mixin.py:190} INFO - [2024-12-10T08:01:51.474+0000] {dag.py:3239} INFO - Sync 1 DAGs
[2024-12-10T08:01:51.492+0000] {logging_mixin.py:190} INFO - [2024-12-10T08:01:51.492+0000] {dag.py:4180} INFO - Setting next_dagrun for example_python_operator to None, run_after=None
[2024-12-10T08:01:51.513+0000] {processor.py:208} INFO - Processing /home/airflow/.local/lib/python3.12/site-packages/airflow/example_dags/example_python_operator.py took 0.092 seconds
[2024-12-10T08:02:22.794+0000] {processor.py:186} INFO - Started process (PID=863) to work on /home/airflow/.local/lib/python3.12/site-packages/airflow/example_dags/example_python_operator.py
[2024-12-10T08:02:22.796+0000] {processor.py:914} INFO - Processing file /home/airflow/.local/lib/python3.12/site-packages/airflow/example_dags/example_python_operator.py for tasks to queue
[2024-12-10T08:02:22.800+0000] {logging_mixin.py:190} INFO - [2024-12-10T08:02:22.799+0000] {dagbag.py:588} INFO - Filling up the DagBag from /home/airflow/.local/lib/python3.12/site-packages/airflow/example_dags/example_python_operator.py
[2024-12-10T08:02:22.824+0000] {processor.py:925} INFO - DAG(s) 'example_python_operator' retrieved from /home/airflow/.local/lib/python3.12/site-packages/airflow/example_dags/example_python_operator.py
[2024-12-10T08:02:22.856+0000] {logging_mixin.py:190} INFO - [2024-12-10T08:02:22.856+0000] {dag.py:3239} INFO - Sync 1 DAGs
[2024-12-10T08:02:22.878+0000] {logging_mixin.py:190} INFO - [2024-12-10T08:02:22.878+0000] {dag.py:4180} INFO - Setting next_dagrun for example_python_operator to None, run_after=None
[2024-12-10T08:02:22.901+0000] {processor.py:208} INFO - Processing /home/airflow/.local/lib/python3.12/site-packages/airflow/example_dags/example_python_operator.py took 0.116 seconds
[2024-12-10T08:02:54.382+0000] {processor.py:186} INFO - Started process (PID=926) to work on /home/airflow/.local/lib/python3.12/site-packages/airflow/example_dags/example_python_operator.py
[2024-12-10T08:02:54.383+0000] {processor.py:914} INFO - Processing file /home/airflow/.local/lib/python3.12/site-packages/airflow/example_dags/example_python_operator.py for tasks to queue
[2024-12-10T08:02:54.386+0000] {logging_mixin.py:190} INFO - [2024-12-10T08:02:54.386+0000] {dagbag.py:588} INFO - Filling up the DagBag from /home/airflow/.local/lib/python3.12/site-packages/airflow/example_dags/example_python_operator.py
[2024-12-10T08:02:54.405+0000] {processor.py:925} INFO - DAG(s) 'example_python_operator' retrieved from /home/airflow/.local/lib/python3.12/site-packages/airflow/example_dags/example_python_operator.py
[2024-12-10T08:02:54.433+0000] {logging_mixin.py:190} INFO - [2024-12-10T08:02:54.433+0000] {dag.py:3239} INFO - Sync 1 DAGs
[2024-12-10T08:02:54.453+0000] {logging_mixin.py:190} INFO - [2024-12-10T08:02:54.453+0000] {dag.py:4180} INFO - Setting next_dagrun for example_python_operator to None, run_after=None
[2024-12-10T08:02:54.478+0000] {processor.py:208} INFO - Processing /home/airflow/.local/lib/python3.12/site-packages/airflow/example_dags/example_python_operator.py took 0.105 seconds
[2024-12-10T08:03:25.737+0000] {processor.py:186} INFO - Started process (PID=989) to work on /home/airflow/.local/lib/python3.12/site-packages/airflow/example_dags/example_python_operator.py
[2024-12-10T08:03:25.738+0000] {processor.py:914} INFO - Processing file /home/airflow/.local/lib/python3.12/site-packages/airflow/example_dags/example_python_operator.py for tasks to queue
[2024-12-10T08:03:25.740+0000] {logging_mixin.py:190} INFO - [2024-12-10T08:03:25.740+0000] {dagbag.py:588} INFO - Filling up the DagBag from /home/airflow/.local/lib/python3.12/site-packages/airflow/example_dags/example_python_operator.py
[2024-12-10T08:03:25.753+0000] {processor.py:925} INFO - DAG(s) 'example_python_operator' retrieved from /home/airflow/.local/lib/python3.12/site-packages/airflow/example_dags/example_python_operator.py
[2024-12-10T08:03:25.776+0000] {logging_mixin.py:190} INFO - [2024-12-10T08:03:25.776+0000] {dag.py:3239} INFO - Sync 1 DAGs
[2024-12-10T08:03:25.791+0000] {logging_mixin.py:190} INFO - [2024-12-10T08:03:25.791+0000] {dag.py:4180} INFO - Setting next_dagrun for example_python_operator to None, run_after=None
[2024-12-10T08:03:25.809+0000] {processor.py:208} INFO - Processing /home/airflow/.local/lib/python3.12/site-packages/airflow/example_dags/example_python_operator.py took 0.078 seconds
[2024-12-10T08:03:56.747+0000] {processor.py:186} INFO - Started process (PID=1052) to work on /home/airflow/.local/lib/python3.12/site-packages/airflow/example_dags/example_python_operator.py
[2024-12-10T08:03:56.748+0000] {processor.py:914} INFO - Processing file /home/airflow/.local/lib/python3.12/site-packages/airflow/example_dags/example_python_operator.py for tasks to queue
[2024-12-10T08:03:56.751+0000] {logging_mixin.py:190} INFO - [2024-12-10T08:03:56.751+0000] {dagbag.py:588} INFO - Filling up the DagBag from /home/airflow/.local/lib/python3.12/site-packages/airflow/example_dags/example_python_operator.py
[2024-12-10T08:03:56.769+0000] {processor.py:925} INFO - DAG(s) 'example_python_operator' retrieved from /home/airflow/.local/lib/python3.12/site-packages/airflow/example_dags/example_python_operator.py
[2024-12-10T08:03:56.796+0000] {logging_mixin.py:190} INFO - [2024-12-10T08:03:56.795+0000] {dag.py:3239} INFO - Sync 1 DAGs
[2024-12-10T08:03:56.813+0000] {logging_mixin.py:190} INFO - [2024-12-10T08:03:56.813+0000] {dag.py:4180} INFO - Setting next_dagrun for example_python_operator to None, run_after=None
[2024-12-10T08:03:56.834+0000] {processor.py:208} INFO - Processing /home/airflow/.local/lib/python3.12/site-packages/airflow/example_dags/example_python_operator.py took 0.095 seconds
[2024-12-10T08:04:28.708+0000] {processor.py:186} INFO - Started process (PID=1115) to work on /home/airflow/.local/lib/python3.12/site-packages/airflow/example_dags/example_python_operator.py
[2024-12-10T08:04:28.710+0000] {processor.py:914} INFO - Processing file /home/airflow/.local/lib/python3.12/site-packages/airflow/example_dags/example_python_operator.py for tasks to queue
[2024-12-10T08:04:28.716+0000] {logging_mixin.py:190} INFO - [2024-12-10T08:04:28.715+0000] {dagbag.py:588} INFO - Filling up the DagBag from /home/airflow/.local/lib/python3.12/site-packages/airflow/example_dags/example_python_operator.py
[2024-12-10T08:04:28.763+0000] {processor.py:925} INFO - DAG(s) 'example_python_operator' retrieved from /home/airflow/.local/lib/python3.12/site-packages/airflow/example_dags/example_python_operator.py
[2024-12-10T08:04:28.811+0000] {logging_mixin.py:190} INFO - [2024-12-10T08:04:28.811+0000] {dag.py:3239} INFO - Sync 1 DAGs
[2024-12-10T08:04:28.843+0000] {logging_mixin.py:190} INFO - [2024-12-10T08:04:28.842+0000] {dag.py:4180} INFO - Setting next_dagrun for example_python_operator to None, run_after=None
[2024-12-10T08:04:28.876+0000] {processor.py:208} INFO - Processing /home/airflow/.local/lib/python3.12/site-packages/airflow/example_dags/example_python_operator.py took 0.187 seconds
[2024-12-10T08:04:59.007+0000] {processor.py:186} INFO - Started process (PID=1178) to work on /home/airflow/.local/lib/python3.12/site-packages/airflow/example_dags/example_python_operator.py
[2024-12-10T08:04:59.008+0000] {processor.py:914} INFO - Processing file /home/airflow/.local/lib/python3.12/site-packages/airflow/example_dags/example_python_operator.py for tasks to queue
[2024-12-10T08:04:59.011+0000] {logging_mixin.py:190} INFO - [2024-12-10T08:04:59.010+0000] {dagbag.py:588} INFO - Filling up the DagBag from /home/airflow/.local/lib/python3.12/site-packages/airflow/example_dags/example_python_operator.py
[2024-12-10T08:04:59.025+0000] {processor.py:925} INFO - DAG(s) 'example_python_operator' retrieved from /home/airflow/.local/lib/python3.12/site-packages/airflow/example_dags/example_python_operator.py
[2024-12-10T08:04:59.051+0000] {logging_mixin.py:190} INFO - [2024-12-10T08:04:59.050+0000] {dag.py:3239} INFO - Sync 1 DAGs
[2024-12-10T08:04:59.068+0000] {logging_mixin.py:190} INFO - [2024-12-10T08:04:59.067+0000] {dag.py:4180} INFO - Setting next_dagrun for example_python_operator to None, run_after=None
[2024-12-10T08:04:59.087+0000] {processor.py:208} INFO - Processing /home/airflow/.local/lib/python3.12/site-packages/airflow/example_dags/example_python_operator.py took 0.087 seconds
[2024-12-10T08:05:30.098+0000] {processor.py:186} INFO - Started process (PID=1241) to work on /home/airflow/.local/lib/python3.12/site-packages/airflow/example_dags/example_python_operator.py
[2024-12-10T08:05:30.099+0000] {processor.py:914} INFO - Processing file /home/airflow/.local/lib/python3.12/site-packages/airflow/example_dags/example_python_operator.py for tasks to queue
[2024-12-10T08:05:30.102+0000] {logging_mixin.py:190} INFO - [2024-12-10T08:05:30.102+0000] {dagbag.py:588} INFO - Filling up the DagBag from /home/airflow/.local/lib/python3.12/site-packages/airflow/example_dags/example_python_operator.py
[2024-12-10T08:05:30.115+0000] {processor.py:925} INFO - DAG(s) 'example_python_operator' retrieved from /home/airflow/.local/lib/python3.12/site-packages/airflow/example_dags/example_python_operator.py
[2024-12-10T08:05:30.138+0000] {logging_mixin.py:190} INFO - [2024-12-10T08:05:30.138+0000] {dag.py:3239} INFO - Sync 1 DAGs
[2024-12-10T08:05:30.153+0000] {logging_mixin.py:190} INFO - [2024-12-10T08:05:30.153+0000] {dag.py:4180} INFO - Setting next_dagrun for example_python_operator to None, run_after=None
[2024-12-10T08:05:30.171+0000] {processor.py:208} INFO - Processing /home/airflow/.local/lib/python3.12/site-packages/airflow/example_dags/example_python_operator.py took 0.079 seconds
[2024-12-10T08:06:01.186+0000] {processor.py:186} INFO - Started process (PID=1304) to work on /home/airflow/.local/lib/python3.12/site-packages/airflow/example_dags/example_python_operator.py
[2024-12-10T08:06:01.187+0000] {processor.py:914} INFO - Processing file /home/airflow/.local/lib/python3.12/site-packages/airflow/example_dags/example_python_operator.py for tasks to queue
[2024-12-10T08:06:01.190+0000] {logging_mixin.py:190} INFO - [2024-12-10T08:06:01.190+0000] {dagbag.py:588} INFO - Filling up the DagBag from /home/airflow/.local/lib/python3.12/site-packages/airflow/example_dags/example_python_operator.py
[2024-12-10T08:06:01.203+0000] {processor.py:925} INFO - DAG(s) 'example_python_operator' retrieved from /home/airflow/.local/lib/python3.12/site-packages/airflow/example_dags/example_python_operator.py
[2024-12-10T08:06:01.226+0000] {logging_mixin.py:190} INFO - [2024-12-10T08:06:01.226+0000] {dag.py:3239} INFO - Sync 1 DAGs
[2024-12-10T08:06:01.242+0000] {logging_mixin.py:190} INFO - [2024-12-10T08:06:01.241+0000] {dag.py:4180} INFO - Setting next_dagrun for example_python_operator to None, run_after=None
[2024-12-10T08:06:01.262+0000] {processor.py:208} INFO - Processing /home/airflow/.local/lib/python3.12/site-packages/airflow/example_dags/example_python_operator.py took 0.083 seconds
[2024-12-10T08:06:32.962+0000] {processor.py:186} INFO - Started process (PID=1373) to work on /home/airflow/.local/lib/python3.12/site-packages/airflow/example_dags/example_python_operator.py
[2024-12-10T08:06:32.964+0000] {processor.py:914} INFO - Processing file /home/airflow/.local/lib/python3.12/site-packages/airflow/example_dags/example_python_operator.py for tasks to queue
[2024-12-10T08:06:32.969+0000] {logging_mixin.py:190} INFO - [2024-12-10T08:06:32.968+0000] {dagbag.py:588} INFO - Filling up the DagBag from /home/airflow/.local/lib/python3.12/site-packages/airflow/example_dags/example_python_operator.py
[2024-12-10T08:06:32.993+0000] {processor.py:925} INFO - DAG(s) 'example_python_operator' retrieved from /home/airflow/.local/lib/python3.12/site-packages/airflow/example_dags/example_python_operator.py
[2024-12-10T08:06:33.035+0000] {logging_mixin.py:190} INFO - [2024-12-10T08:06:33.035+0000] {dag.py:3239} INFO - Sync 1 DAGs
[2024-12-10T08:06:33.076+0000] {logging_mixin.py:190} INFO - [2024-12-10T08:06:33.075+0000] {dag.py:4180} INFO - Setting next_dagrun for example_python_operator to None, run_after=None
[2024-12-10T08:06:33.106+0000] {processor.py:208} INFO - Processing /home/airflow/.local/lib/python3.12/site-packages/airflow/example_dags/example_python_operator.py took 0.158 seconds
[2024-12-10T08:08:30.025+0000] {processor.py:186} INFO - Started process (PID=107) to work on /home/airflow/.local/lib/python3.12/site-packages/airflow/example_dags/example_python_operator.py
[2024-12-10T08:08:30.026+0000] {processor.py:914} INFO - Processing file /home/airflow/.local/lib/python3.12/site-packages/airflow/example_dags/example_python_operator.py for tasks to queue
[2024-12-10T08:08:30.029+0000] {logging_mixin.py:190} INFO - [2024-12-10T08:08:30.029+0000] {dagbag.py:588} INFO - Filling up the DagBag from /home/airflow/.local/lib/python3.12/site-packages/airflow/example_dags/example_python_operator.py
[2024-12-10T08:08:30.048+0000] {processor.py:925} INFO - DAG(s) 'example_python_operator' retrieved from /home/airflow/.local/lib/python3.12/site-packages/airflow/example_dags/example_python_operator.py
[2024-12-10T08:08:30.208+0000] {logging_mixin.py:190} INFO - [2024-12-10T08:08:30.208+0000] {dag.py:3239} INFO - Sync 1 DAGs
[2024-12-10T08:08:30.225+0000] {logging_mixin.py:190} INFO - [2024-12-10T08:08:30.225+0000] {dag.py:4180} INFO - Setting next_dagrun for example_python_operator to None, run_after=None
[2024-12-10T08:08:30.250+0000] {processor.py:208} INFO - Processing /home/airflow/.local/lib/python3.12/site-packages/airflow/example_dags/example_python_operator.py took 0.233 seconds
[2024-12-10T08:09:00.812+0000] {processor.py:186} INFO - Started process (PID=170) to work on /home/airflow/.local/lib/python3.12/site-packages/airflow/example_dags/example_python_operator.py
[2024-12-10T08:09:00.814+0000] {processor.py:914} INFO - Processing file /home/airflow/.local/lib/python3.12/site-packages/airflow/example_dags/example_python_operator.py for tasks to queue
[2024-12-10T08:09:00.817+0000] {logging_mixin.py:190} INFO - [2024-12-10T08:09:00.816+0000] {dagbag.py:588} INFO - Filling up the DagBag from /home/airflow/.local/lib/python3.12/site-packages/airflow/example_dags/example_python_operator.py
[2024-12-10T08:09:00.832+0000] {processor.py:925} INFO - DAG(s) 'example_python_operator' retrieved from /home/airflow/.local/lib/python3.12/site-packages/airflow/example_dags/example_python_operator.py
[2024-12-10T08:09:00.875+0000] {logging_mixin.py:190} INFO - [2024-12-10T08:09:00.874+0000] {dag.py:3239} INFO - Sync 1 DAGs
[2024-12-10T08:09:00.894+0000] {logging_mixin.py:190} INFO - [2024-12-10T08:09:00.893+0000] {dag.py:4180} INFO - Setting next_dagrun for example_python_operator to None, run_after=None
[2024-12-10T08:09:00.916+0000] {processor.py:208} INFO - Processing /home/airflow/.local/lib/python3.12/site-packages/airflow/example_dags/example_python_operator.py took 0.111 seconds
[2024-12-10T08:09:31.246+0000] {processor.py:186} INFO - Started process (PID=232) to work on /home/airflow/.local/lib/python3.12/site-packages/airflow/example_dags/example_python_operator.py
[2024-12-10T08:09:31.247+0000] {processor.py:914} INFO - Processing file /home/airflow/.local/lib/python3.12/site-packages/airflow/example_dags/example_python_operator.py for tasks to queue
[2024-12-10T08:09:31.250+0000] {logging_mixin.py:190} INFO - [2024-12-10T08:09:31.249+0000] {dagbag.py:588} INFO - Filling up the DagBag from /home/airflow/.local/lib/python3.12/site-packages/airflow/example_dags/example_python_operator.py
[2024-12-10T08:09:31.265+0000] {processor.py:925} INFO - DAG(s) 'example_python_operator' retrieved from /home/airflow/.local/lib/python3.12/site-packages/airflow/example_dags/example_python_operator.py
[2024-12-10T08:09:31.292+0000] {logging_mixin.py:190} INFO - [2024-12-10T08:09:31.292+0000] {dag.py:3239} INFO - Sync 1 DAGs
[2024-12-10T08:09:31.309+0000] {logging_mixin.py:190} INFO - [2024-12-10T08:09:31.308+0000] {dag.py:4180} INFO - Setting next_dagrun for example_python_operator to None, run_after=None
[2024-12-10T08:09:31.328+0000] {processor.py:208} INFO - Processing /home/airflow/.local/lib/python3.12/site-packages/airflow/example_dags/example_python_operator.py took 0.091 seconds
[2024-12-10T08:10:02.923+0000] {processor.py:186} INFO - Started process (PID=296) to work on /home/airflow/.local/lib/python3.12/site-packages/airflow/example_dags/example_python_operator.py
[2024-12-10T08:10:02.925+0000] {processor.py:914} INFO - Processing file /home/airflow/.local/lib/python3.12/site-packages/airflow/example_dags/example_python_operator.py for tasks to queue
[2024-12-10T08:10:02.927+0000] {logging_mixin.py:190} INFO - [2024-12-10T08:10:02.927+0000] {dagbag.py:588} INFO - Filling up the DagBag from /home/airflow/.local/lib/python3.12/site-packages/airflow/example_dags/example_python_operator.py
[2024-12-10T08:10:02.940+0000] {processor.py:925} INFO - DAG(s) 'example_python_operator' retrieved from /home/airflow/.local/lib/python3.12/site-packages/airflow/example_dags/example_python_operator.py
[2024-12-10T08:10:02.964+0000] {logging_mixin.py:190} INFO - [2024-12-10T08:10:02.964+0000] {dag.py:3239} INFO - Sync 1 DAGs
[2024-12-10T08:10:02.986+0000] {logging_mixin.py:190} INFO - [2024-12-10T08:10:02.986+0000] {dag.py:4180} INFO - Setting next_dagrun for example_python_operator to None, run_after=None
[2024-12-10T08:10:03.013+0000] {processor.py:208} INFO - Processing /home/airflow/.local/lib/python3.12/site-packages/airflow/example_dags/example_python_operator.py took 0.096 seconds
[2024-12-10T08:10:34.534+0000] {processor.py:186} INFO - Started process (PID=359) to work on /home/airflow/.local/lib/python3.12/site-packages/airflow/example_dags/example_python_operator.py
[2024-12-10T08:10:34.535+0000] {processor.py:914} INFO - Processing file /home/airflow/.local/lib/python3.12/site-packages/airflow/example_dags/example_python_operator.py for tasks to queue
[2024-12-10T08:10:34.537+0000] {logging_mixin.py:190} INFO - [2024-12-10T08:10:34.537+0000] {dagbag.py:588} INFO - Filling up the DagBag from /home/airflow/.local/lib/python3.12/site-packages/airflow/example_dags/example_python_operator.py
[2024-12-10T08:10:34.551+0000] {processor.py:925} INFO - DAG(s) 'example_python_operator' retrieved from /home/airflow/.local/lib/python3.12/site-packages/airflow/example_dags/example_python_operator.py
[2024-12-10T08:10:34.579+0000] {logging_mixin.py:190} INFO - [2024-12-10T08:10:34.579+0000] {dag.py:3239} INFO - Sync 1 DAGs
[2024-12-10T08:10:34.607+0000] {logging_mixin.py:190} INFO - [2024-12-10T08:10:34.606+0000] {dag.py:4180} INFO - Setting next_dagrun for example_python_operator to None, run_after=None
[2024-12-10T08:10:34.649+0000] {processor.py:208} INFO - Processing /home/airflow/.local/lib/python3.12/site-packages/airflow/example_dags/example_python_operator.py took 0.122 seconds
[2024-12-10T08:11:06.446+0000] {processor.py:186} INFO - Started process (PID=422) to work on /home/airflow/.local/lib/python3.12/site-packages/airflow/example_dags/example_python_operator.py
[2024-12-10T08:11:06.447+0000] {processor.py:914} INFO - Processing file /home/airflow/.local/lib/python3.12/site-packages/airflow/example_dags/example_python_operator.py for tasks to queue
[2024-12-10T08:11:06.450+0000] {logging_mixin.py:190} INFO - [2024-12-10T08:11:06.450+0000] {dagbag.py:588} INFO - Filling up the DagBag from /home/airflow/.local/lib/python3.12/site-packages/airflow/example_dags/example_python_operator.py
[2024-12-10T08:11:06.466+0000] {processor.py:925} INFO - DAG(s) 'example_python_operator' retrieved from /home/airflow/.local/lib/python3.12/site-packages/airflow/example_dags/example_python_operator.py
[2024-12-10T08:11:06.492+0000] {logging_mixin.py:190} INFO - [2024-12-10T08:11:06.492+0000] {dag.py:3239} INFO - Sync 1 DAGs
[2024-12-10T08:11:06.511+0000] {logging_mixin.py:190} INFO - [2024-12-10T08:11:06.511+0000] {dag.py:4180} INFO - Setting next_dagrun for example_python_operator to None, run_after=None
[2024-12-10T08:11:06.535+0000] {processor.py:208} INFO - Processing /home/airflow/.local/lib/python3.12/site-packages/airflow/example_dags/example_python_operator.py took 0.098 seconds
[2024-12-10T08:11:37.935+0000] {processor.py:186} INFO - Started process (PID=485) to work on /home/airflow/.local/lib/python3.12/site-packages/airflow/example_dags/example_python_operator.py
[2024-12-10T08:11:37.937+0000] {processor.py:914} INFO - Processing file /home/airflow/.local/lib/python3.12/site-packages/airflow/example_dags/example_python_operator.py for tasks to queue
[2024-12-10T08:11:37.940+0000] {logging_mixin.py:190} INFO - [2024-12-10T08:11:37.939+0000] {dagbag.py:588} INFO - Filling up the DagBag from /home/airflow/.local/lib/python3.12/site-packages/airflow/example_dags/example_python_operator.py
[2024-12-10T08:11:37.955+0000] {processor.py:925} INFO - DAG(s) 'example_python_operator' retrieved from /home/airflow/.local/lib/python3.12/site-packages/airflow/example_dags/example_python_operator.py
[2024-12-10T08:11:37.983+0000] {logging_mixin.py:190} INFO - [2024-12-10T08:11:37.982+0000] {dag.py:3239} INFO - Sync 1 DAGs
[2024-12-10T08:11:38.001+0000] {logging_mixin.py:190} INFO - [2024-12-10T08:11:38.001+0000] {dag.py:4180} INFO - Setting next_dagrun for example_python_operator to None, run_after=None
[2024-12-10T08:11:38.023+0000] {processor.py:208} INFO - Processing /home/airflow/.local/lib/python3.12/site-packages/airflow/example_dags/example_python_operator.py took 0.096 seconds
[2024-12-10T08:12:08.572+0000] {processor.py:186} INFO - Started process (PID=548) to work on /home/airflow/.local/lib/python3.12/site-packages/airflow/example_dags/example_python_operator.py
[2024-12-10T08:12:08.574+0000] {processor.py:914} INFO - Processing file /home/airflow/.local/lib/python3.12/site-packages/airflow/example_dags/example_python_operator.py for tasks to queue
[2024-12-10T08:12:08.576+0000] {logging_mixin.py:190} INFO - [2024-12-10T08:12:08.576+0000] {dagbag.py:588} INFO - Filling up the DagBag from /home/airflow/.local/lib/python3.12/site-packages/airflow/example_dags/example_python_operator.py
[2024-12-10T08:12:08.591+0000] {processor.py:925} INFO - DAG(s) 'example_python_operator' retrieved from /home/airflow/.local/lib/python3.12/site-packages/airflow/example_dags/example_python_operator.py
[2024-12-10T08:12:08.616+0000] {logging_mixin.py:190} INFO - [2024-12-10T08:12:08.616+0000] {dag.py:3239} INFO - Sync 1 DAGs
[2024-12-10T08:12:08.633+0000] {logging_mixin.py:190} INFO - [2024-12-10T08:12:08.633+0000] {dag.py:4180} INFO - Setting next_dagrun for example_python_operator to None, run_after=None
[2024-12-10T08:12:08.656+0000] {processor.py:208} INFO - Processing /home/airflow/.local/lib/python3.12/site-packages/airflow/example_dags/example_python_operator.py took 0.093 seconds
[2024-12-10T08:12:39.740+0000] {processor.py:186} INFO - Started process (PID=611) to work on /home/airflow/.local/lib/python3.12/site-packages/airflow/example_dags/example_python_operator.py
[2024-12-10T08:12:39.741+0000] {processor.py:914} INFO - Processing file /home/airflow/.local/lib/python3.12/site-packages/airflow/example_dags/example_python_operator.py for tasks to queue
[2024-12-10T08:12:39.744+0000] {logging_mixin.py:190} INFO - [2024-12-10T08:12:39.744+0000] {dagbag.py:588} INFO - Filling up the DagBag from /home/airflow/.local/lib/python3.12/site-packages/airflow/example_dags/example_python_operator.py
[2024-12-10T08:12:39.757+0000] {processor.py:925} INFO - DAG(s) 'example_python_operator' retrieved from /home/airflow/.local/lib/python3.12/site-packages/airflow/example_dags/example_python_operator.py
[2024-12-10T08:12:39.781+0000] {logging_mixin.py:190} INFO - [2024-12-10T08:12:39.781+0000] {dag.py:3239} INFO - Sync 1 DAGs
[2024-12-10T08:12:39.797+0000] {logging_mixin.py:190} INFO - [2024-12-10T08:12:39.797+0000] {dag.py:4180} INFO - Setting next_dagrun for example_python_operator to None, run_after=None
[2024-12-10T08:12:39.818+0000] {processor.py:208} INFO - Processing /home/airflow/.local/lib/python3.12/site-packages/airflow/example_dags/example_python_operator.py took 0.085 seconds
[2024-12-10T08:13:11.013+0000] {processor.py:186} INFO - Started process (PID=674) to work on /home/airflow/.local/lib/python3.12/site-packages/airflow/example_dags/example_python_operator.py
[2024-12-10T08:13:11.015+0000] {processor.py:914} INFO - Processing file /home/airflow/.local/lib/python3.12/site-packages/airflow/example_dags/example_python_operator.py for tasks to queue
[2024-12-10T08:13:11.018+0000] {logging_mixin.py:190} INFO - [2024-12-10T08:13:11.018+0000] {dagbag.py:588} INFO - Filling up the DagBag from /home/airflow/.local/lib/python3.12/site-packages/airflow/example_dags/example_python_operator.py
[2024-12-10T08:13:11.035+0000] {processor.py:925} INFO - DAG(s) 'example_python_operator' retrieved from /home/airflow/.local/lib/python3.12/site-packages/airflow/example_dags/example_python_operator.py
[2024-12-10T08:13:11.070+0000] {logging_mixin.py:190} INFO - [2024-12-10T08:13:11.069+0000] {dag.py:3239} INFO - Sync 1 DAGs
[2024-12-10T08:13:11.092+0000] {logging_mixin.py:190} INFO - [2024-12-10T08:13:11.092+0000] {dag.py:4180} INFO - Setting next_dagrun for example_python_operator to None, run_after=None
[2024-12-10T08:13:11.124+0000] {processor.py:208} INFO - Processing /home/airflow/.local/lib/python3.12/site-packages/airflow/example_dags/example_python_operator.py took 0.120 seconds
[2024-12-10T08:13:42.833+0000] {processor.py:186} INFO - Started process (PID=737) to work on /home/airflow/.local/lib/python3.12/site-packages/airflow/example_dags/example_python_operator.py
[2024-12-10T08:13:42.834+0000] {processor.py:914} INFO - Processing file /home/airflow/.local/lib/python3.12/site-packages/airflow/example_dags/example_python_operator.py for tasks to queue
[2024-12-10T08:13:42.837+0000] {logging_mixin.py:190} INFO - [2024-12-10T08:13:42.837+0000] {dagbag.py:588} INFO - Filling up the DagBag from /home/airflow/.local/lib/python3.12/site-packages/airflow/example_dags/example_python_operator.py
[2024-12-10T08:13:42.859+0000] {processor.py:925} INFO - DAG(s) 'example_python_operator' retrieved from /home/airflow/.local/lib/python3.12/site-packages/airflow/example_dags/example_python_operator.py
[2024-12-10T08:13:42.888+0000] {logging_mixin.py:190} INFO - [2024-12-10T08:13:42.888+0000] {dag.py:3239} INFO - Sync 1 DAGs
[2024-12-10T08:13:42.907+0000] {logging_mixin.py:190} INFO - [2024-12-10T08:13:42.907+0000] {dag.py:4180} INFO - Setting next_dagrun for example_python_operator to None, run_after=None
[2024-12-10T08:13:42.931+0000] {processor.py:208} INFO - Processing /home/airflow/.local/lib/python3.12/site-packages/airflow/example_dags/example_python_operator.py took 0.106 seconds
[2024-12-10T08:14:14.066+0000] {processor.py:186} INFO - Started process (PID=799) to work on /home/airflow/.local/lib/python3.12/site-packages/airflow/example_dags/example_python_operator.py
[2024-12-10T08:14:14.068+0000] {processor.py:914} INFO - Processing file /home/airflow/.local/lib/python3.12/site-packages/airflow/example_dags/example_python_operator.py for tasks to queue
[2024-12-10T08:14:14.074+0000] {logging_mixin.py:190} INFO - [2024-12-10T08:14:14.073+0000] {dagbag.py:588} INFO - Filling up the DagBag from /home/airflow/.local/lib/python3.12/site-packages/airflow/example_dags/example_python_operator.py
[2024-12-10T08:14:14.101+0000] {processor.py:925} INFO - DAG(s) 'example_python_operator' retrieved from /home/airflow/.local/lib/python3.12/site-packages/airflow/example_dags/example_python_operator.py
[2024-12-10T08:14:14.141+0000] {logging_mixin.py:190} INFO - [2024-12-10T08:14:14.140+0000] {dag.py:3239} INFO - Sync 1 DAGs
[2024-12-10T08:14:14.167+0000] {logging_mixin.py:190} INFO - [2024-12-10T08:14:14.166+0000] {dag.py:4180} INFO - Setting next_dagrun for example_python_operator to None, run_after=None
[2024-12-10T08:14:14.204+0000] {processor.py:208} INFO - Processing /home/airflow/.local/lib/python3.12/site-packages/airflow/example_dags/example_python_operator.py took 0.154 seconds
[2024-12-10T08:15:35.237+0000] {processor.py:186} INFO - Started process (PID=107) to work on /home/airflow/.local/lib/python3.12/site-packages/airflow/example_dags/example_python_operator.py
[2024-12-10T08:15:35.238+0000] {processor.py:914} INFO - Processing file /home/airflow/.local/lib/python3.12/site-packages/airflow/example_dags/example_python_operator.py for tasks to queue
[2024-12-10T08:15:35.241+0000] {logging_mixin.py:190} INFO - [2024-12-10T08:15:35.241+0000] {dagbag.py:588} INFO - Filling up the DagBag from /home/airflow/.local/lib/python3.12/site-packages/airflow/example_dags/example_python_operator.py
[2024-12-10T08:15:35.258+0000] {processor.py:925} INFO - DAG(s) 'example_python_operator' retrieved from /home/airflow/.local/lib/python3.12/site-packages/airflow/example_dags/example_python_operator.py
[2024-12-10T08:15:35.388+0000] {logging_mixin.py:190} INFO - [2024-12-10T08:15:35.388+0000] {dag.py:3239} INFO - Sync 1 DAGs
[2024-12-10T08:15:35.404+0000] {logging_mixin.py:190} INFO - [2024-12-10T08:15:35.404+0000] {dag.py:4180} INFO - Setting next_dagrun for example_python_operator to None, run_after=None
[2024-12-10T08:15:35.430+0000] {processor.py:208} INFO - Processing /home/airflow/.local/lib/python3.12/site-packages/airflow/example_dags/example_python_operator.py took 0.200 seconds
[2024-12-10T08:16:06.591+0000] {processor.py:186} INFO - Started process (PID=170) to work on /home/airflow/.local/lib/python3.12/site-packages/airflow/example_dags/example_python_operator.py
[2024-12-10T08:16:06.592+0000] {processor.py:914} INFO - Processing file /home/airflow/.local/lib/python3.12/site-packages/airflow/example_dags/example_python_operator.py for tasks to queue
[2024-12-10T08:16:06.595+0000] {logging_mixin.py:190} INFO - [2024-12-10T08:16:06.595+0000] {dagbag.py:588} INFO - Filling up the DagBag from /home/airflow/.local/lib/python3.12/site-packages/airflow/example_dags/example_python_operator.py
[2024-12-10T08:16:06.618+0000] {processor.py:925} INFO - DAG(s) 'example_python_operator' retrieved from /home/airflow/.local/lib/python3.12/site-packages/airflow/example_dags/example_python_operator.py
[2024-12-10T08:16:06.644+0000] {logging_mixin.py:190} INFO - [2024-12-10T08:16:06.644+0000] {dag.py:3239} INFO - Sync 1 DAGs
[2024-12-10T08:16:06.661+0000] {logging_mixin.py:190} INFO - [2024-12-10T08:16:06.661+0000] {dag.py:4180} INFO - Setting next_dagrun for example_python_operator to None, run_after=None
[2024-12-10T08:16:06.685+0000] {processor.py:208} INFO - Processing /home/airflow/.local/lib/python3.12/site-packages/airflow/example_dags/example_python_operator.py took 0.102 seconds
[2024-12-10T08:16:37.418+0000] {processor.py:186} INFO - Started process (PID=233) to work on /home/airflow/.local/lib/python3.12/site-packages/airflow/example_dags/example_python_operator.py
[2024-12-10T08:16:37.419+0000] {processor.py:914} INFO - Processing file /home/airflow/.local/lib/python3.12/site-packages/airflow/example_dags/example_python_operator.py for tasks to queue
[2024-12-10T08:16:37.422+0000] {logging_mixin.py:190} INFO - [2024-12-10T08:16:37.422+0000] {dagbag.py:588} INFO - Filling up the DagBag from /home/airflow/.local/lib/python3.12/site-packages/airflow/example_dags/example_python_operator.py
[2024-12-10T08:16:37.438+0000] {processor.py:925} INFO - DAG(s) 'example_python_operator' retrieved from /home/airflow/.local/lib/python3.12/site-packages/airflow/example_dags/example_python_operator.py
[2024-12-10T08:16:37.466+0000] {logging_mixin.py:190} INFO - [2024-12-10T08:16:37.465+0000] {dag.py:3239} INFO - Sync 1 DAGs
[2024-12-10T08:16:37.485+0000] {logging_mixin.py:190} INFO - [2024-12-10T08:16:37.484+0000] {dag.py:4180} INFO - Setting next_dagrun for example_python_operator to None, run_after=None
[2024-12-10T08:16:37.507+0000] {processor.py:208} INFO - Processing /home/airflow/.local/lib/python3.12/site-packages/airflow/example_dags/example_python_operator.py took 0.097 seconds
[2024-12-10T08:17:08.766+0000] {processor.py:186} INFO - Started process (PID=296) to work on /home/airflow/.local/lib/python3.12/site-packages/airflow/example_dags/example_python_operator.py
[2024-12-10T08:17:08.767+0000] {processor.py:914} INFO - Processing file /home/airflow/.local/lib/python3.12/site-packages/airflow/example_dags/example_python_operator.py for tasks to queue
[2024-12-10T08:17:08.771+0000] {logging_mixin.py:190} INFO - [2024-12-10T08:17:08.770+0000] {dagbag.py:588} INFO - Filling up the DagBag from /home/airflow/.local/lib/python3.12/site-packages/airflow/example_dags/example_python_operator.py
[2024-12-10T08:17:08.787+0000] {processor.py:925} INFO - DAG(s) 'example_python_operator' retrieved from /home/airflow/.local/lib/python3.12/site-packages/airflow/example_dags/example_python_operator.py
[2024-12-10T08:17:08.817+0000] {logging_mixin.py:190} INFO - [2024-12-10T08:17:08.817+0000] {dag.py:3239} INFO - Sync 1 DAGs
[2024-12-10T08:17:08.835+0000] {logging_mixin.py:190} INFO - [2024-12-10T08:17:08.835+0000] {dag.py:4180} INFO - Setting next_dagrun for example_python_operator to None, run_after=None
[2024-12-10T08:17:08.858+0000] {processor.py:208} INFO - Processing /home/airflow/.local/lib/python3.12/site-packages/airflow/example_dags/example_python_operator.py took 0.099 seconds
[2024-12-10T08:17:40.279+0000] {processor.py:186} INFO - Started process (PID=359) to work on /home/airflow/.local/lib/python3.12/site-packages/airflow/example_dags/example_python_operator.py
[2024-12-10T08:17:40.280+0000] {processor.py:914} INFO - Processing file /home/airflow/.local/lib/python3.12/site-packages/airflow/example_dags/example_python_operator.py for tasks to queue
[2024-12-10T08:17:40.283+0000] {logging_mixin.py:190} INFO - [2024-12-10T08:17:40.282+0000] {dagbag.py:588} INFO - Filling up the DagBag from /home/airflow/.local/lib/python3.12/site-packages/airflow/example_dags/example_python_operator.py
[2024-12-10T08:17:40.297+0000] {processor.py:925} INFO - DAG(s) 'example_python_operator' retrieved from /home/airflow/.local/lib/python3.12/site-packages/airflow/example_dags/example_python_operator.py
[2024-12-10T08:17:40.321+0000] {logging_mixin.py:190} INFO - [2024-12-10T08:17:40.320+0000] {dag.py:3239} INFO - Sync 1 DAGs
[2024-12-10T08:17:40.337+0000] {logging_mixin.py:190} INFO - [2024-12-10T08:17:40.337+0000] {dag.py:4180} INFO - Setting next_dagrun for example_python_operator to None, run_after=None
[2024-12-10T08:17:40.358+0000] {processor.py:208} INFO - Processing /home/airflow/.local/lib/python3.12/site-packages/airflow/example_dags/example_python_operator.py took 0.086 seconds
[2024-12-10T08:18:11.539+0000] {processor.py:186} INFO - Started process (PID=422) to work on /home/airflow/.local/lib/python3.12/site-packages/airflow/example_dags/example_python_operator.py
[2024-12-10T08:18:11.540+0000] {processor.py:914} INFO - Processing file /home/airflow/.local/lib/python3.12/site-packages/airflow/example_dags/example_python_operator.py for tasks to queue
[2024-12-10T08:18:11.543+0000] {logging_mixin.py:190} INFO - [2024-12-10T08:18:11.542+0000] {dagbag.py:588} INFO - Filling up the DagBag from /home/airflow/.local/lib/python3.12/site-packages/airflow/example_dags/example_python_operator.py
[2024-12-10T08:18:11.557+0000] {processor.py:925} INFO - DAG(s) 'example_python_operator' retrieved from /home/airflow/.local/lib/python3.12/site-packages/airflow/example_dags/example_python_operator.py
[2024-12-10T08:18:11.584+0000] {logging_mixin.py:190} INFO - [2024-12-10T08:18:11.584+0000] {dag.py:3239} INFO - Sync 1 DAGs
[2024-12-10T08:18:11.602+0000] {logging_mixin.py:190} INFO - [2024-12-10T08:18:11.602+0000] {dag.py:4180} INFO - Setting next_dagrun for example_python_operator to None, run_after=None
[2024-12-10T08:18:11.627+0000] {processor.py:208} INFO - Processing /home/airflow/.local/lib/python3.12/site-packages/airflow/example_dags/example_python_operator.py took 0.095 seconds
[2024-12-10T08:18:42.931+0000] {processor.py:186} INFO - Started process (PID=485) to work on /home/airflow/.local/lib/python3.12/site-packages/airflow/example_dags/example_python_operator.py
[2024-12-10T08:18:42.932+0000] {processor.py:914} INFO - Processing file /home/airflow/.local/lib/python3.12/site-packages/airflow/example_dags/example_python_operator.py for tasks to queue
[2024-12-10T08:18:42.935+0000] {logging_mixin.py:190} INFO - [2024-12-10T08:18:42.935+0000] {dagbag.py:588} INFO - Filling up the DagBag from /home/airflow/.local/lib/python3.12/site-packages/airflow/example_dags/example_python_operator.py
[2024-12-10T08:18:42.949+0000] {processor.py:925} INFO - DAG(s) 'example_python_operator' retrieved from /home/airflow/.local/lib/python3.12/site-packages/airflow/example_dags/example_python_operator.py
[2024-12-10T08:18:42.975+0000] {logging_mixin.py:190} INFO - [2024-12-10T08:18:42.974+0000] {dag.py:3239} INFO - Sync 1 DAGs
[2024-12-10T08:18:42.993+0000] {logging_mixin.py:190} INFO - [2024-12-10T08:18:42.992+0000] {dag.py:4180} INFO - Setting next_dagrun for example_python_operator to None, run_after=None
[2024-12-10T08:18:43.014+0000] {processor.py:208} INFO - Processing /home/airflow/.local/lib/python3.12/site-packages/airflow/example_dags/example_python_operator.py took 0.090 seconds
[2024-12-10T08:19:14.340+0000] {processor.py:186} INFO - Started process (PID=548) to work on /home/airflow/.local/lib/python3.12/site-packages/airflow/example_dags/example_python_operator.py
[2024-12-10T08:19:14.341+0000] {processor.py:914} INFO - Processing file /home/airflow/.local/lib/python3.12/site-packages/airflow/example_dags/example_python_operator.py for tasks to queue
[2024-12-10T08:19:14.343+0000] {logging_mixin.py:190} INFO - [2024-12-10T08:19:14.343+0000] {dagbag.py:588} INFO - Filling up the DagBag from /home/airflow/.local/lib/python3.12/site-packages/airflow/example_dags/example_python_operator.py
[2024-12-10T08:19:14.358+0000] {processor.py:925} INFO - DAG(s) 'example_python_operator' retrieved from /home/airflow/.local/lib/python3.12/site-packages/airflow/example_dags/example_python_operator.py
[2024-12-10T08:19:14.384+0000] {logging_mixin.py:190} INFO - [2024-12-10T08:19:14.383+0000] {dag.py:3239} INFO - Sync 1 DAGs
[2024-12-10T08:19:14.401+0000] {logging_mixin.py:190} INFO - [2024-12-10T08:19:14.401+0000] {dag.py:4180} INFO - Setting next_dagrun for example_python_operator to None, run_after=None
[2024-12-10T08:19:14.423+0000] {processor.py:208} INFO - Processing /home/airflow/.local/lib/python3.12/site-packages/airflow/example_dags/example_python_operator.py took 0.091 seconds
[2024-12-10T08:19:45.282+0000] {processor.py:186} INFO - Started process (PID=611) to work on /home/airflow/.local/lib/python3.12/site-packages/airflow/example_dags/example_python_operator.py
[2024-12-10T08:19:45.283+0000] {processor.py:914} INFO - Processing file /home/airflow/.local/lib/python3.12/site-packages/airflow/example_dags/example_python_operator.py for tasks to queue
[2024-12-10T08:19:45.286+0000] {logging_mixin.py:190} INFO - [2024-12-10T08:19:45.286+0000] {dagbag.py:588} INFO - Filling up the DagBag from /home/airflow/.local/lib/python3.12/site-packages/airflow/example_dags/example_python_operator.py
[2024-12-10T08:19:45.303+0000] {processor.py:925} INFO - DAG(s) 'example_python_operator' retrieved from /home/airflow/.local/lib/python3.12/site-packages/airflow/example_dags/example_python_operator.py
[2024-12-10T08:19:45.330+0000] {logging_mixin.py:190} INFO - [2024-12-10T08:19:45.330+0000] {dag.py:3239} INFO - Sync 1 DAGs
[2024-12-10T08:19:45.350+0000] {logging_mixin.py:190} INFO - [2024-12-10T08:19:45.349+0000] {dag.py:4180} INFO - Setting next_dagrun for example_python_operator to None, run_after=None
[2024-12-10T08:19:45.372+0000] {processor.py:208} INFO - Processing /home/airflow/.local/lib/python3.12/site-packages/airflow/example_dags/example_python_operator.py took 0.098 seconds
[2024-12-10T08:20:17.110+0000] {processor.py:186} INFO - Started process (PID=674) to work on /home/airflow/.local/lib/python3.12/site-packages/airflow/example_dags/example_python_operator.py
[2024-12-10T08:20:17.111+0000] {processor.py:914} INFO - Processing file /home/airflow/.local/lib/python3.12/site-packages/airflow/example_dags/example_python_operator.py for tasks to queue
[2024-12-10T08:20:17.114+0000] {logging_mixin.py:190} INFO - [2024-12-10T08:20:17.114+0000] {dagbag.py:588} INFO - Filling up the DagBag from /home/airflow/.local/lib/python3.12/site-packages/airflow/example_dags/example_python_operator.py
[2024-12-10T08:20:17.130+0000] {processor.py:925} INFO - DAG(s) 'example_python_operator' retrieved from /home/airflow/.local/lib/python3.12/site-packages/airflow/example_dags/example_python_operator.py
[2024-12-10T08:20:17.161+0000] {logging_mixin.py:190} INFO - [2024-12-10T08:20:17.160+0000] {dag.py:3239} INFO - Sync 1 DAGs
[2024-12-10T08:20:17.181+0000] {logging_mixin.py:190} INFO - [2024-12-10T08:20:17.180+0000] {dag.py:4180} INFO - Setting next_dagrun for example_python_operator to None, run_after=None
[2024-12-10T08:20:17.204+0000] {processor.py:208} INFO - Processing /home/airflow/.local/lib/python3.12/site-packages/airflow/example_dags/example_python_operator.py took 0.102 seconds
[2024-12-10T08:20:48.333+0000] {processor.py:186} INFO - Started process (PID=737) to work on /home/airflow/.local/lib/python3.12/site-packages/airflow/example_dags/example_python_operator.py
[2024-12-10T08:20:48.336+0000] {processor.py:914} INFO - Processing file /home/airflow/.local/lib/python3.12/site-packages/airflow/example_dags/example_python_operator.py for tasks to queue
[2024-12-10T08:20:48.340+0000] {logging_mixin.py:190} INFO - [2024-12-10T08:20:48.339+0000] {dagbag.py:588} INFO - Filling up the DagBag from /home/airflow/.local/lib/python3.12/site-packages/airflow/example_dags/example_python_operator.py
[2024-12-10T08:20:48.371+0000] {processor.py:925} INFO - DAG(s) 'example_python_operator' retrieved from /home/airflow/.local/lib/python3.12/site-packages/airflow/example_dags/example_python_operator.py
[2024-12-10T08:20:48.417+0000] {logging_mixin.py:190} INFO - [2024-12-10T08:20:48.417+0000] {dag.py:3239} INFO - Sync 1 DAGs
[2024-12-10T08:20:48.491+0000] {logging_mixin.py:190} INFO - [2024-12-10T08:20:48.488+0000] {dag.py:4180} INFO - Setting next_dagrun for example_python_operator to None, run_after=None
[2024-12-10T08:20:48.559+0000] {processor.py:208} INFO - Processing /home/airflow/.local/lib/python3.12/site-packages/airflow/example_dags/example_python_operator.py took 0.238 seconds
