[2024-12-10T07:56:05.501+0000] {processor.py:186} INFO - Started process (PID=91) to work on /home/airflow/.local/lib/python3.12/site-packages/airflow/example_dags/example_inlet_event_extra.py
[2024-12-10T07:56:05.503+0000] {processor.py:914} INFO - Processing file /home/airflow/.local/lib/python3.12/site-packages/airflow/example_dags/example_inlet_event_extra.py for tasks to queue
[2024-12-10T07:56:05.505+0000] {logging_mixin.py:190} INFO - [2024-12-10T07:56:05.505+0000] {dagbag.py:588} INFO - Filling up the DagBag from /home/airflow/.local/lib/python3.12/site-packages/airflow/example_dags/example_inlet_event_extra.py
[2024-12-10T07:56:06.275+0000] {processor.py:925} INFO - DAG(s) 'read_dataset_event', 'read_dataset_event_from_classic' retrieved from /home/airflow/.local/lib/python3.12/site-packages/airflow/example_dags/example_inlet_event_extra.py
[2024-12-10T07:56:06.417+0000] {logging_mixin.py:190} INFO - [2024-12-10T07:56:06.417+0000] {override.py:1911} INFO - Created Permission View: can read on DAG:read_dataset_event
[2024-12-10T07:56:06.431+0000] {logging_mixin.py:190} INFO - [2024-12-10T07:56:06.430+0000] {override.py:1911} INFO - Created Permission View: can edit on DAG:read_dataset_event
[2024-12-10T07:56:06.440+0000] {logging_mixin.py:190} INFO - [2024-12-10T07:56:06.439+0000] {override.py:1911} INFO - Created Permission View: can delete on DAG:read_dataset_event
[2024-12-10T07:56:06.450+0000] {logging_mixin.py:190} INFO - [2024-12-10T07:56:06.449+0000] {override.py:1911} INFO - Created Permission View: can read on DAG Run:read_dataset_event
[2024-12-10T07:56:06.459+0000] {logging_mixin.py:190} INFO - [2024-12-10T07:56:06.459+0000] {override.py:1911} INFO - Created Permission View: menu access on DAG Run:read_dataset_event
[2024-12-10T07:56:06.468+0000] {logging_mixin.py:190} INFO - [2024-12-10T07:56:06.468+0000] {override.py:1911} INFO - Created Permission View: can delete on DAG Run:read_dataset_event
[2024-12-10T07:56:06.478+0000] {logging_mixin.py:190} INFO - [2024-12-10T07:56:06.477+0000] {override.py:1911} INFO - Created Permission View: can create on DAG Run:read_dataset_event
[2024-12-10T07:56:06.496+0000] {logging_mixin.py:190} INFO - [2024-12-10T07:56:06.495+0000] {override.py:1911} INFO - Created Permission View: can read on DAG:read_dataset_event_from_classic
[2024-12-10T07:56:06.506+0000] {logging_mixin.py:190} INFO - [2024-12-10T07:56:06.506+0000] {override.py:1911} INFO - Created Permission View: can edit on DAG:read_dataset_event_from_classic
[2024-12-10T07:56:06.515+0000] {logging_mixin.py:190} INFO - [2024-12-10T07:56:06.515+0000] {override.py:1911} INFO - Created Permission View: can delete on DAG:read_dataset_event_from_classic
[2024-12-10T07:56:06.528+0000] {logging_mixin.py:190} INFO - [2024-12-10T07:56:06.528+0000] {override.py:1911} INFO - Created Permission View: can read on DAG Run:read_dataset_event_from_classic
[2024-12-10T07:56:06.538+0000] {logging_mixin.py:190} INFO - [2024-12-10T07:56:06.537+0000] {override.py:1911} INFO - Created Permission View: menu access on DAG Run:read_dataset_event_from_classic
[2024-12-10T07:56:06.547+0000] {logging_mixin.py:190} INFO - [2024-12-10T07:56:06.547+0000] {override.py:1911} INFO - Created Permission View: can delete on DAG Run:read_dataset_event_from_classic
[2024-12-10T07:56:06.558+0000] {logging_mixin.py:190} INFO - [2024-12-10T07:56:06.557+0000] {override.py:1911} INFO - Created Permission View: can create on DAG Run:read_dataset_event_from_classic
[2024-12-10T07:56:06.559+0000] {logging_mixin.py:190} INFO - [2024-12-10T07:56:06.558+0000] {dag.py:3239} INFO - Sync 2 DAGs
[2024-12-10T07:56:06.579+0000] {logging_mixin.py:190} INFO - [2024-12-10T07:56:06.578+0000] {dag.py:3262} INFO - Creating ORM DAG for read_dataset_event
[2024-12-10T07:56:06.581+0000] {logging_mixin.py:190} INFO - [2024-12-10T07:56:06.580+0000] {dag.py:3262} INFO - Creating ORM DAG for read_dataset_event_from_classic
[2024-12-10T07:56:06.594+0000] {logging_mixin.py:190} INFO - [2024-12-10T07:56:06.594+0000] {dag.py:4180} INFO - Setting next_dagrun for read_dataset_event to 2024-12-09 00:00:00+00:00, run_after=2024-12-10 00:00:00+00:00
[2024-12-10T07:56:06.597+0000] {logging_mixin.py:190} INFO - [2024-12-10T07:56:06.597+0000] {dag.py:4180} INFO - Setting next_dagrun for read_dataset_event_from_classic to 2024-12-09 00:00:00+00:00, run_after=2024-12-10 00:00:00+00:00
[2024-12-10T07:56:06.620+0000] {processor.py:208} INFO - Processing /home/airflow/.local/lib/python3.12/site-packages/airflow/example_dags/example_inlet_event_extra.py took 1.127 seconds
[2024-12-10T07:56:36.945+0000] {processor.py:186} INFO - Started process (PID=155) to work on /home/airflow/.local/lib/python3.12/site-packages/airflow/example_dags/example_inlet_event_extra.py
[2024-12-10T07:56:36.946+0000] {processor.py:914} INFO - Processing file /home/airflow/.local/lib/python3.12/site-packages/airflow/example_dags/example_inlet_event_extra.py for tasks to queue
[2024-12-10T07:56:36.948+0000] {logging_mixin.py:190} INFO - [2024-12-10T07:56:36.948+0000] {dagbag.py:588} INFO - Filling up the DagBag from /home/airflow/.local/lib/python3.12/site-packages/airflow/example_dags/example_inlet_event_extra.py
[2024-12-10T07:56:37.535+0000] {processor.py:925} INFO - DAG(s) 'read_dataset_event_from_classic', 'read_dataset_event' retrieved from /home/airflow/.local/lib/python3.12/site-packages/airflow/example_dags/example_inlet_event_extra.py
[2024-12-10T07:56:37.555+0000] {logging_mixin.py:190} INFO - [2024-12-10T07:56:37.555+0000] {dag.py:3239} INFO - Sync 2 DAGs
[2024-12-10T07:56:37.579+0000] {logging_mixin.py:190} INFO - [2024-12-10T07:56:37.578+0000] {dag.py:4180} INFO - Setting next_dagrun for read_dataset_event to 2024-12-09 00:00:00+00:00, run_after=2024-12-10 00:00:00+00:00
[2024-12-10T07:56:37.584+0000] {logging_mixin.py:190} INFO - [2024-12-10T07:56:37.584+0000] {dag.py:4180} INFO - Setting next_dagrun for read_dataset_event_from_classic to 2024-12-09 00:00:00+00:00, run_after=2024-12-10 00:00:00+00:00
[2024-12-10T07:56:37.602+0000] {processor.py:208} INFO - Processing /home/airflow/.local/lib/python3.12/site-packages/airflow/example_dags/example_inlet_event_extra.py took 0.663 seconds
[2024-12-10T07:57:07.728+0000] {processor.py:186} INFO - Started process (PID=217) to work on /home/airflow/.local/lib/python3.12/site-packages/airflow/example_dags/example_inlet_event_extra.py
[2024-12-10T07:57:07.729+0000] {processor.py:914} INFO - Processing file /home/airflow/.local/lib/python3.12/site-packages/airflow/example_dags/example_inlet_event_extra.py for tasks to queue
[2024-12-10T07:57:07.732+0000] {logging_mixin.py:190} INFO - [2024-12-10T07:57:07.732+0000] {dagbag.py:588} INFO - Filling up the DagBag from /home/airflow/.local/lib/python3.12/site-packages/airflow/example_dags/example_inlet_event_extra.py
[2024-12-10T07:57:08.357+0000] {processor.py:925} INFO - DAG(s) 'read_dataset_event', 'read_dataset_event_from_classic' retrieved from /home/airflow/.local/lib/python3.12/site-packages/airflow/example_dags/example_inlet_event_extra.py
[2024-12-10T07:57:08.380+0000] {logging_mixin.py:190} INFO - [2024-12-10T07:57:08.380+0000] {dag.py:3239} INFO - Sync 2 DAGs
[2024-12-10T07:57:08.407+0000] {logging_mixin.py:190} INFO - [2024-12-10T07:57:08.407+0000] {dag.py:4180} INFO - Setting next_dagrun for read_dataset_event to 2024-12-09 00:00:00+00:00, run_after=2024-12-10 00:00:00+00:00
[2024-12-10T07:57:08.412+0000] {logging_mixin.py:190} INFO - [2024-12-10T07:57:08.412+0000] {dag.py:4180} INFO - Setting next_dagrun for read_dataset_event_from_classic to 2024-12-09 00:00:00+00:00, run_after=2024-12-10 00:00:00+00:00
[2024-12-10T07:57:08.433+0000] {processor.py:208} INFO - Processing /home/airflow/.local/lib/python3.12/site-packages/airflow/example_dags/example_inlet_event_extra.py took 0.710 seconds
[2024-12-10T07:57:39.026+0000] {processor.py:186} INFO - Started process (PID=280) to work on /home/airflow/.local/lib/python3.12/site-packages/airflow/example_dags/example_inlet_event_extra.py
[2024-12-10T07:57:39.027+0000] {processor.py:914} INFO - Processing file /home/airflow/.local/lib/python3.12/site-packages/airflow/example_dags/example_inlet_event_extra.py for tasks to queue
[2024-12-10T07:57:39.030+0000] {logging_mixin.py:190} INFO - [2024-12-10T07:57:39.030+0000] {dagbag.py:588} INFO - Filling up the DagBag from /home/airflow/.local/lib/python3.12/site-packages/airflow/example_dags/example_inlet_event_extra.py
[2024-12-10T07:57:39.726+0000] {processor.py:925} INFO - DAG(s) 'read_dataset_event_from_classic', 'read_dataset_event' retrieved from /home/airflow/.local/lib/python3.12/site-packages/airflow/example_dags/example_inlet_event_extra.py
[2024-12-10T07:57:39.750+0000] {logging_mixin.py:190} INFO - [2024-12-10T07:57:39.750+0000] {dag.py:3239} INFO - Sync 2 DAGs
[2024-12-10T07:57:39.782+0000] {logging_mixin.py:190} INFO - [2024-12-10T07:57:39.781+0000] {dag.py:4180} INFO - Setting next_dagrun for read_dataset_event to 2024-12-09 00:00:00+00:00, run_after=2024-12-10 00:00:00+00:00
[2024-12-10T07:57:39.788+0000] {logging_mixin.py:190} INFO - [2024-12-10T07:57:39.788+0000] {dag.py:4180} INFO - Setting next_dagrun for read_dataset_event_from_classic to 2024-12-09 00:00:00+00:00, run_after=2024-12-10 00:00:00+00:00
[2024-12-10T07:57:39.810+0000] {processor.py:208} INFO - Processing /home/airflow/.local/lib/python3.12/site-packages/airflow/example_dags/example_inlet_event_extra.py took 0.790 seconds
[2024-12-10T07:58:09.953+0000] {processor.py:186} INFO - Started process (PID=343) to work on /home/airflow/.local/lib/python3.12/site-packages/airflow/example_dags/example_inlet_event_extra.py
[2024-12-10T07:58:09.955+0000] {processor.py:914} INFO - Processing file /home/airflow/.local/lib/python3.12/site-packages/airflow/example_dags/example_inlet_event_extra.py for tasks to queue
[2024-12-10T07:58:09.958+0000] {logging_mixin.py:190} INFO - [2024-12-10T07:58:09.958+0000] {dagbag.py:588} INFO - Filling up the DagBag from /home/airflow/.local/lib/python3.12/site-packages/airflow/example_dags/example_inlet_event_extra.py
[2024-12-10T07:58:10.606+0000] {processor.py:925} INFO - DAG(s) 'read_dataset_event', 'read_dataset_event_from_classic' retrieved from /home/airflow/.local/lib/python3.12/site-packages/airflow/example_dags/example_inlet_event_extra.py
[2024-12-10T07:58:10.630+0000] {logging_mixin.py:190} INFO - [2024-12-10T07:58:10.630+0000] {dag.py:3239} INFO - Sync 2 DAGs
[2024-12-10T07:58:10.664+0000] {logging_mixin.py:190} INFO - [2024-12-10T07:58:10.664+0000] {dag.py:4180} INFO - Setting next_dagrun for read_dataset_event to 2024-12-09 00:00:00+00:00, run_after=2024-12-10 00:00:00+00:00
[2024-12-10T07:58:10.671+0000] {logging_mixin.py:190} INFO - [2024-12-10T07:58:10.671+0000] {dag.py:4180} INFO - Setting next_dagrun for read_dataset_event_from_classic to 2024-12-09 00:00:00+00:00, run_after=2024-12-10 00:00:00+00:00
[2024-12-10T07:58:10.696+0000] {processor.py:208} INFO - Processing /home/airflow/.local/lib/python3.12/site-packages/airflow/example_dags/example_inlet_event_extra.py took 0.749 seconds
[2024-12-10T07:58:40.903+0000] {processor.py:186} INFO - Started process (PID=406) to work on /home/airflow/.local/lib/python3.12/site-packages/airflow/example_dags/example_inlet_event_extra.py
[2024-12-10T07:58:40.904+0000] {processor.py:914} INFO - Processing file /home/airflow/.local/lib/python3.12/site-packages/airflow/example_dags/example_inlet_event_extra.py for tasks to queue
[2024-12-10T07:58:40.907+0000] {logging_mixin.py:190} INFO - [2024-12-10T07:58:40.906+0000] {dagbag.py:588} INFO - Filling up the DagBag from /home/airflow/.local/lib/python3.12/site-packages/airflow/example_dags/example_inlet_event_extra.py
[2024-12-10T07:58:41.786+0000] {processor.py:925} INFO - DAG(s) 'read_dataset_event_from_classic', 'read_dataset_event' retrieved from /home/airflow/.local/lib/python3.12/site-packages/airflow/example_dags/example_inlet_event_extra.py
[2024-12-10T07:58:41.811+0000] {logging_mixin.py:190} INFO - [2024-12-10T07:58:41.811+0000] {dag.py:3239} INFO - Sync 2 DAGs
[2024-12-10T07:58:41.839+0000] {logging_mixin.py:190} INFO - [2024-12-10T07:58:41.838+0000] {dag.py:4180} INFO - Setting next_dagrun for read_dataset_event to 2024-12-09 00:00:00+00:00, run_after=2024-12-10 00:00:00+00:00
[2024-12-10T07:58:41.846+0000] {logging_mixin.py:190} INFO - [2024-12-10T07:58:41.845+0000] {dag.py:4180} INFO - Setting next_dagrun for read_dataset_event_from_classic to 2024-12-09 00:00:00+00:00, run_after=2024-12-10 00:00:00+00:00
[2024-12-10T07:58:41.872+0000] {processor.py:208} INFO - Processing /home/airflow/.local/lib/python3.12/site-packages/airflow/example_dags/example_inlet_event_extra.py took 0.975 seconds
[2024-12-10T07:59:12.245+0000] {processor.py:186} INFO - Started process (PID=469) to work on /home/airflow/.local/lib/python3.12/site-packages/airflow/example_dags/example_inlet_event_extra.py
[2024-12-10T07:59:12.246+0000] {processor.py:914} INFO - Processing file /home/airflow/.local/lib/python3.12/site-packages/airflow/example_dags/example_inlet_event_extra.py for tasks to queue
[2024-12-10T07:59:12.248+0000] {logging_mixin.py:190} INFO - [2024-12-10T07:59:12.248+0000] {dagbag.py:588} INFO - Filling up the DagBag from /home/airflow/.local/lib/python3.12/site-packages/airflow/example_dags/example_inlet_event_extra.py
[2024-12-10T07:59:13.074+0000] {processor.py:925} INFO - DAG(s) 'read_dataset_event_from_classic', 'read_dataset_event' retrieved from /home/airflow/.local/lib/python3.12/site-packages/airflow/example_dags/example_inlet_event_extra.py
[2024-12-10T07:59:13.098+0000] {logging_mixin.py:190} INFO - [2024-12-10T07:59:13.098+0000] {dag.py:3239} INFO - Sync 2 DAGs
[2024-12-10T07:59:13.130+0000] {logging_mixin.py:190} INFO - [2024-12-10T07:59:13.130+0000] {dag.py:4180} INFO - Setting next_dagrun for read_dataset_event to 2024-12-09 00:00:00+00:00, run_after=2024-12-10 00:00:00+00:00
[2024-12-10T07:59:13.136+0000] {logging_mixin.py:190} INFO - [2024-12-10T07:59:13.136+0000] {dag.py:4180} INFO - Setting next_dagrun for read_dataset_event_from_classic to 2024-12-09 00:00:00+00:00, run_after=2024-12-10 00:00:00+00:00
[2024-12-10T07:59:13.157+0000] {processor.py:208} INFO - Processing /home/airflow/.local/lib/python3.12/site-packages/airflow/example_dags/example_inlet_event_extra.py took 0.919 seconds
[2024-12-10T07:59:43.704+0000] {processor.py:186} INFO - Started process (PID=532) to work on /home/airflow/.local/lib/python3.12/site-packages/airflow/example_dags/example_inlet_event_extra.py
[2024-12-10T07:59:43.705+0000] {processor.py:914} INFO - Processing file /home/airflow/.local/lib/python3.12/site-packages/airflow/example_dags/example_inlet_event_extra.py for tasks to queue
[2024-12-10T07:59:43.708+0000] {logging_mixin.py:190} INFO - [2024-12-10T07:59:43.708+0000] {dagbag.py:588} INFO - Filling up the DagBag from /home/airflow/.local/lib/python3.12/site-packages/airflow/example_dags/example_inlet_event_extra.py
[2024-12-10T07:59:44.390+0000] {processor.py:925} INFO - DAG(s) 'read_dataset_event_from_classic', 'read_dataset_event' retrieved from /home/airflow/.local/lib/python3.12/site-packages/airflow/example_dags/example_inlet_event_extra.py
[2024-12-10T07:59:44.411+0000] {logging_mixin.py:190} INFO - [2024-12-10T07:59:44.411+0000] {dag.py:3239} INFO - Sync 2 DAGs
[2024-12-10T07:59:44.438+0000] {logging_mixin.py:190} INFO - [2024-12-10T07:59:44.438+0000] {dag.py:4180} INFO - Setting next_dagrun for read_dataset_event to 2024-12-09 00:00:00+00:00, run_after=2024-12-10 00:00:00+00:00
[2024-12-10T07:59:44.444+0000] {logging_mixin.py:190} INFO - [2024-12-10T07:59:44.443+0000] {dag.py:4180} INFO - Setting next_dagrun for read_dataset_event_from_classic to 2024-12-09 00:00:00+00:00, run_after=2024-12-10 00:00:00+00:00
[2024-12-10T07:59:44.461+0000] {processor.py:208} INFO - Processing /home/airflow/.local/lib/python3.12/site-packages/airflow/example_dags/example_inlet_event_extra.py took 0.762 seconds
[2024-12-10T08:00:14.907+0000] {processor.py:186} INFO - Started process (PID=595) to work on /home/airflow/.local/lib/python3.12/site-packages/airflow/example_dags/example_inlet_event_extra.py
[2024-12-10T08:00:14.909+0000] {processor.py:914} INFO - Processing file /home/airflow/.local/lib/python3.12/site-packages/airflow/example_dags/example_inlet_event_extra.py for tasks to queue
[2024-12-10T08:00:14.912+0000] {logging_mixin.py:190} INFO - [2024-12-10T08:00:14.911+0000] {dagbag.py:588} INFO - Filling up the DagBag from /home/airflow/.local/lib/python3.12/site-packages/airflow/example_dags/example_inlet_event_extra.py
[2024-12-10T08:00:15.655+0000] {processor.py:925} INFO - DAG(s) 'read_dataset_event_from_classic', 'read_dataset_event' retrieved from /home/airflow/.local/lib/python3.12/site-packages/airflow/example_dags/example_inlet_event_extra.py
[2024-12-10T08:00:15.682+0000] {logging_mixin.py:190} INFO - [2024-12-10T08:00:15.681+0000] {dag.py:3239} INFO - Sync 2 DAGs
[2024-12-10T08:00:15.715+0000] {logging_mixin.py:190} INFO - [2024-12-10T08:00:15.714+0000] {dag.py:4180} INFO - Setting next_dagrun for read_dataset_event to 2024-12-09 00:00:00+00:00, run_after=2024-12-10 00:00:00+00:00
[2024-12-10T08:00:15.722+0000] {logging_mixin.py:190} INFO - [2024-12-10T08:00:15.722+0000] {dag.py:4180} INFO - Setting next_dagrun for read_dataset_event_from_classic to 2024-12-09 00:00:00+00:00, run_after=2024-12-10 00:00:00+00:00
[2024-12-10T08:00:15.743+0000] {processor.py:208} INFO - Processing /home/airflow/.local/lib/python3.12/site-packages/airflow/example_dags/example_inlet_event_extra.py took 0.842 seconds
[2024-12-10T08:00:46.683+0000] {processor.py:186} INFO - Started process (PID=658) to work on /home/airflow/.local/lib/python3.12/site-packages/airflow/example_dags/example_inlet_event_extra.py
[2024-12-10T08:00:46.685+0000] {processor.py:914} INFO - Processing file /home/airflow/.local/lib/python3.12/site-packages/airflow/example_dags/example_inlet_event_extra.py for tasks to queue
[2024-12-10T08:00:46.688+0000] {logging_mixin.py:190} INFO - [2024-12-10T08:00:46.687+0000] {dagbag.py:588} INFO - Filling up the DagBag from /home/airflow/.local/lib/python3.12/site-packages/airflow/example_dags/example_inlet_event_extra.py
[2024-12-10T08:00:47.468+0000] {processor.py:925} INFO - DAG(s) 'read_dataset_event', 'read_dataset_event_from_classic' retrieved from /home/airflow/.local/lib/python3.12/site-packages/airflow/example_dags/example_inlet_event_extra.py
[2024-12-10T08:00:47.494+0000] {logging_mixin.py:190} INFO - [2024-12-10T08:00:47.494+0000] {dag.py:3239} INFO - Sync 2 DAGs
[2024-12-10T08:00:47.524+0000] {logging_mixin.py:190} INFO - [2024-12-10T08:00:47.524+0000] {dag.py:4180} INFO - Setting next_dagrun for read_dataset_event to 2024-12-09 00:00:00+00:00, run_after=2024-12-10 00:00:00+00:00
[2024-12-10T08:00:47.530+0000] {logging_mixin.py:190} INFO - [2024-12-10T08:00:47.530+0000] {dag.py:4180} INFO - Setting next_dagrun for read_dataset_event_from_classic to 2024-12-09 00:00:00+00:00, run_after=2024-12-10 00:00:00+00:00
[2024-12-10T08:00:47.554+0000] {processor.py:208} INFO - Processing /home/airflow/.local/lib/python3.12/site-packages/airflow/example_dags/example_inlet_event_extra.py took 0.880 seconds
[2024-12-10T08:01:18.275+0000] {processor.py:186} INFO - Started process (PID=721) to work on /home/airflow/.local/lib/python3.12/site-packages/airflow/example_dags/example_inlet_event_extra.py
[2024-12-10T08:01:18.277+0000] {processor.py:914} INFO - Processing file /home/airflow/.local/lib/python3.12/site-packages/airflow/example_dags/example_inlet_event_extra.py for tasks to queue
[2024-12-10T08:01:18.279+0000] {logging_mixin.py:190} INFO - [2024-12-10T08:01:18.279+0000] {dagbag.py:588} INFO - Filling up the DagBag from /home/airflow/.local/lib/python3.12/site-packages/airflow/example_dags/example_inlet_event_extra.py
[2024-12-10T08:01:18.947+0000] {processor.py:925} INFO - DAG(s) 'read_dataset_event', 'read_dataset_event_from_classic' retrieved from /home/airflow/.local/lib/python3.12/site-packages/airflow/example_dags/example_inlet_event_extra.py
[2024-12-10T08:01:18.970+0000] {logging_mixin.py:190} INFO - [2024-12-10T08:01:18.969+0000] {dag.py:3239} INFO - Sync 2 DAGs
[2024-12-10T08:01:18.997+0000] {logging_mixin.py:190} INFO - [2024-12-10T08:01:18.996+0000] {dag.py:4180} INFO - Setting next_dagrun for read_dataset_event to 2024-12-09 00:00:00+00:00, run_after=2024-12-10 00:00:00+00:00
[2024-12-10T08:01:19.003+0000] {logging_mixin.py:190} INFO - [2024-12-10T08:01:19.003+0000] {dag.py:4180} INFO - Setting next_dagrun for read_dataset_event_from_classic to 2024-12-09 00:00:00+00:00, run_after=2024-12-10 00:00:00+00:00
[2024-12-10T08:01:19.025+0000] {processor.py:208} INFO - Processing /home/airflow/.local/lib/python3.12/site-packages/airflow/example_dags/example_inlet_event_extra.py took 0.758 seconds
[2024-12-10T08:01:49.400+0000] {processor.py:186} INFO - Started process (PID=784) to work on /home/airflow/.local/lib/python3.12/site-packages/airflow/example_dags/example_inlet_event_extra.py
[2024-12-10T08:01:49.401+0000] {processor.py:914} INFO - Processing file /home/airflow/.local/lib/python3.12/site-packages/airflow/example_dags/example_inlet_event_extra.py for tasks to queue
[2024-12-10T08:01:49.403+0000] {logging_mixin.py:190} INFO - [2024-12-10T08:01:49.402+0000] {dagbag.py:588} INFO - Filling up the DagBag from /home/airflow/.local/lib/python3.12/site-packages/airflow/example_dags/example_inlet_event_extra.py
[2024-12-10T08:01:50.083+0000] {processor.py:925} INFO - DAG(s) 'read_dataset_event_from_classic', 'read_dataset_event' retrieved from /home/airflow/.local/lib/python3.12/site-packages/airflow/example_dags/example_inlet_event_extra.py
[2024-12-10T08:01:50.107+0000] {logging_mixin.py:190} INFO - [2024-12-10T08:01:50.106+0000] {dag.py:3239} INFO - Sync 2 DAGs
[2024-12-10T08:01:50.135+0000] {logging_mixin.py:190} INFO - [2024-12-10T08:01:50.135+0000] {dag.py:4180} INFO - Setting next_dagrun for read_dataset_event to 2024-12-09 00:00:00+00:00, run_after=2024-12-10 00:00:00+00:00
[2024-12-10T08:01:50.143+0000] {logging_mixin.py:190} INFO - [2024-12-10T08:01:50.143+0000] {dag.py:4180} INFO - Setting next_dagrun for read_dataset_event_from_classic to 2024-12-09 00:00:00+00:00, run_after=2024-12-10 00:00:00+00:00
[2024-12-10T08:01:50.161+0000] {processor.py:208} INFO - Processing /home/airflow/.local/lib/python3.12/site-packages/airflow/example_dags/example_inlet_event_extra.py took 0.766 seconds
[2024-12-10T08:02:20.848+0000] {processor.py:186} INFO - Started process (PID=847) to work on /home/airflow/.local/lib/python3.12/site-packages/airflow/example_dags/example_inlet_event_extra.py
[2024-12-10T08:02:20.849+0000] {processor.py:914} INFO - Processing file /home/airflow/.local/lib/python3.12/site-packages/airflow/example_dags/example_inlet_event_extra.py for tasks to queue
[2024-12-10T08:02:20.852+0000] {logging_mixin.py:190} INFO - [2024-12-10T08:02:20.852+0000] {dagbag.py:588} INFO - Filling up the DagBag from /home/airflow/.local/lib/python3.12/site-packages/airflow/example_dags/example_inlet_event_extra.py
[2024-12-10T08:02:21.544+0000] {processor.py:925} INFO - DAG(s) 'read_dataset_event_from_classic', 'read_dataset_event' retrieved from /home/airflow/.local/lib/python3.12/site-packages/airflow/example_dags/example_inlet_event_extra.py
[2024-12-10T08:02:21.568+0000] {logging_mixin.py:190} INFO - [2024-12-10T08:02:21.568+0000] {dag.py:3239} INFO - Sync 2 DAGs
[2024-12-10T08:02:21.596+0000] {logging_mixin.py:190} INFO - [2024-12-10T08:02:21.596+0000] {dag.py:4180} INFO - Setting next_dagrun for read_dataset_event to 2024-12-09 00:00:00+00:00, run_after=2024-12-10 00:00:00+00:00
[2024-12-10T08:02:21.602+0000] {logging_mixin.py:190} INFO - [2024-12-10T08:02:21.602+0000] {dag.py:4180} INFO - Setting next_dagrun for read_dataset_event_from_classic to 2024-12-09 00:00:00+00:00, run_after=2024-12-10 00:00:00+00:00
[2024-12-10T08:02:21.622+0000] {processor.py:208} INFO - Processing /home/airflow/.local/lib/python3.12/site-packages/airflow/example_dags/example_inlet_event_extra.py took 0.780 seconds
[2024-12-10T08:02:52.208+0000] {processor.py:186} INFO - Started process (PID=910) to work on /home/airflow/.local/lib/python3.12/site-packages/airflow/example_dags/example_inlet_event_extra.py
[2024-12-10T08:02:52.209+0000] {processor.py:914} INFO - Processing file /home/airflow/.local/lib/python3.12/site-packages/airflow/example_dags/example_inlet_event_extra.py for tasks to queue
[2024-12-10T08:02:52.212+0000] {logging_mixin.py:190} INFO - [2024-12-10T08:02:52.212+0000] {dagbag.py:588} INFO - Filling up the DagBag from /home/airflow/.local/lib/python3.12/site-packages/airflow/example_dags/example_inlet_event_extra.py
[2024-12-10T08:02:53.151+0000] {processor.py:925} INFO - DAG(s) 'read_dataset_event_from_classic', 'read_dataset_event' retrieved from /home/airflow/.local/lib/python3.12/site-packages/airflow/example_dags/example_inlet_event_extra.py
[2024-12-10T08:02:53.177+0000] {logging_mixin.py:190} INFO - [2024-12-10T08:02:53.176+0000] {dag.py:3239} INFO - Sync 2 DAGs
[2024-12-10T08:02:53.210+0000] {logging_mixin.py:190} INFO - [2024-12-10T08:02:53.209+0000] {dag.py:4180} INFO - Setting next_dagrun for read_dataset_event to 2024-12-09 00:00:00+00:00, run_after=2024-12-10 00:00:00+00:00
[2024-12-10T08:02:53.216+0000] {logging_mixin.py:190} INFO - [2024-12-10T08:02:53.216+0000] {dag.py:4180} INFO - Setting next_dagrun for read_dataset_event_from_classic to 2024-12-09 00:00:00+00:00, run_after=2024-12-10 00:00:00+00:00
[2024-12-10T08:02:53.239+0000] {processor.py:208} INFO - Processing /home/airflow/.local/lib/python3.12/site-packages/airflow/example_dags/example_inlet_event_extra.py took 1.038 seconds
[2024-12-10T08:03:23.513+0000] {processor.py:186} INFO - Started process (PID=973) to work on /home/airflow/.local/lib/python3.12/site-packages/airflow/example_dags/example_inlet_event_extra.py
[2024-12-10T08:03:23.514+0000] {processor.py:914} INFO - Processing file /home/airflow/.local/lib/python3.12/site-packages/airflow/example_dags/example_inlet_event_extra.py for tasks to queue
[2024-12-10T08:03:23.517+0000] {logging_mixin.py:190} INFO - [2024-12-10T08:03:23.517+0000] {dagbag.py:588} INFO - Filling up the DagBag from /home/airflow/.local/lib/python3.12/site-packages/airflow/example_dags/example_inlet_event_extra.py
[2024-12-10T08:03:24.233+0000] {processor.py:925} INFO - DAG(s) 'read_dataset_event', 'read_dataset_event_from_classic' retrieved from /home/airflow/.local/lib/python3.12/site-packages/airflow/example_dags/example_inlet_event_extra.py
[2024-12-10T08:03:24.258+0000] {logging_mixin.py:190} INFO - [2024-12-10T08:03:24.258+0000] {dag.py:3239} INFO - Sync 2 DAGs
[2024-12-10T08:03:24.286+0000] {logging_mixin.py:190} INFO - [2024-12-10T08:03:24.285+0000] {dag.py:4180} INFO - Setting next_dagrun for read_dataset_event to 2024-12-09 00:00:00+00:00, run_after=2024-12-10 00:00:00+00:00
[2024-12-10T08:03:24.292+0000] {logging_mixin.py:190} INFO - [2024-12-10T08:03:24.292+0000] {dag.py:4180} INFO - Setting next_dagrun for read_dataset_event_from_classic to 2024-12-09 00:00:00+00:00, run_after=2024-12-10 00:00:00+00:00
[2024-12-10T08:03:24.311+0000] {processor.py:208} INFO - Processing /home/airflow/.local/lib/python3.12/site-packages/airflow/example_dags/example_inlet_event_extra.py took 0.804 seconds
[2024-12-10T08:03:54.792+0000] {processor.py:186} INFO - Started process (PID=1036) to work on /home/airflow/.local/lib/python3.12/site-packages/airflow/example_dags/example_inlet_event_extra.py
[2024-12-10T08:03:54.793+0000] {processor.py:914} INFO - Processing file /home/airflow/.local/lib/python3.12/site-packages/airflow/example_dags/example_inlet_event_extra.py for tasks to queue
[2024-12-10T08:03:54.795+0000] {logging_mixin.py:190} INFO - [2024-12-10T08:03:54.795+0000] {dagbag.py:588} INFO - Filling up the DagBag from /home/airflow/.local/lib/python3.12/site-packages/airflow/example_dags/example_inlet_event_extra.py
[2024-12-10T08:03:55.495+0000] {processor.py:925} INFO - DAG(s) 'read_dataset_event_from_classic', 'read_dataset_event' retrieved from /home/airflow/.local/lib/python3.12/site-packages/airflow/example_dags/example_inlet_event_extra.py
[2024-12-10T08:03:55.520+0000] {logging_mixin.py:190} INFO - [2024-12-10T08:03:55.520+0000] {dag.py:3239} INFO - Sync 2 DAGs
[2024-12-10T08:03:55.554+0000] {logging_mixin.py:190} INFO - [2024-12-10T08:03:55.553+0000] {dag.py:4180} INFO - Setting next_dagrun for read_dataset_event to 2024-12-09 00:00:00+00:00, run_after=2024-12-10 00:00:00+00:00
[2024-12-10T08:03:55.561+0000] {logging_mixin.py:190} INFO - [2024-12-10T08:03:55.560+0000] {dag.py:4180} INFO - Setting next_dagrun for read_dataset_event_from_classic to 2024-12-09 00:00:00+00:00, run_after=2024-12-10 00:00:00+00:00
[2024-12-10T08:03:55.583+0000] {processor.py:208} INFO - Processing /home/airflow/.local/lib/python3.12/site-packages/airflow/example_dags/example_inlet_event_extra.py took 0.797 seconds
[2024-12-10T08:04:26.157+0000] {processor.py:186} INFO - Started process (PID=1099) to work on /home/airflow/.local/lib/python3.12/site-packages/airflow/example_dags/example_inlet_event_extra.py
[2024-12-10T08:04:26.158+0000] {processor.py:914} INFO - Processing file /home/airflow/.local/lib/python3.12/site-packages/airflow/example_dags/example_inlet_event_extra.py for tasks to queue
[2024-12-10T08:04:26.161+0000] {logging_mixin.py:190} INFO - [2024-12-10T08:04:26.161+0000] {dagbag.py:588} INFO - Filling up the DagBag from /home/airflow/.local/lib/python3.12/site-packages/airflow/example_dags/example_inlet_event_extra.py
[2024-12-10T08:04:26.896+0000] {processor.py:925} INFO - DAG(s) 'read_dataset_event', 'read_dataset_event_from_classic' retrieved from /home/airflow/.local/lib/python3.12/site-packages/airflow/example_dags/example_inlet_event_extra.py
[2024-12-10T08:04:26.921+0000] {logging_mixin.py:190} INFO - [2024-12-10T08:04:26.921+0000] {dag.py:3239} INFO - Sync 2 DAGs
[2024-12-10T08:04:26.970+0000] {logging_mixin.py:190} INFO - [2024-12-10T08:04:26.970+0000] {dag.py:4180} INFO - Setting next_dagrun for read_dataset_event to 2024-12-09 00:00:00+00:00, run_after=2024-12-10 00:00:00+00:00
[2024-12-10T08:04:26.981+0000] {logging_mixin.py:190} INFO - [2024-12-10T08:04:26.980+0000] {dag.py:4180} INFO - Setting next_dagrun for read_dataset_event_from_classic to 2024-12-09 00:00:00+00:00, run_after=2024-12-10 00:00:00+00:00
[2024-12-10T08:04:27.008+0000] {processor.py:208} INFO - Processing /home/airflow/.local/lib/python3.12/site-packages/airflow/example_dags/example_inlet_event_extra.py took 0.859 seconds
[2024-12-10T08:04:57.242+0000] {processor.py:186} INFO - Started process (PID=1162) to work on /home/airflow/.local/lib/python3.12/site-packages/airflow/example_dags/example_inlet_event_extra.py
[2024-12-10T08:04:57.243+0000] {processor.py:914} INFO - Processing file /home/airflow/.local/lib/python3.12/site-packages/airflow/example_dags/example_inlet_event_extra.py for tasks to queue
[2024-12-10T08:04:57.245+0000] {logging_mixin.py:190} INFO - [2024-12-10T08:04:57.245+0000] {dagbag.py:588} INFO - Filling up the DagBag from /home/airflow/.local/lib/python3.12/site-packages/airflow/example_dags/example_inlet_event_extra.py
[2024-12-10T08:04:57.822+0000] {processor.py:925} INFO - DAG(s) 'read_dataset_event', 'read_dataset_event_from_classic' retrieved from /home/airflow/.local/lib/python3.12/site-packages/airflow/example_dags/example_inlet_event_extra.py
[2024-12-10T08:04:57.845+0000] {logging_mixin.py:190} INFO - [2024-12-10T08:04:57.845+0000] {dag.py:3239} INFO - Sync 2 DAGs
[2024-12-10T08:04:57.871+0000] {logging_mixin.py:190} INFO - [2024-12-10T08:04:57.870+0000] {dag.py:4180} INFO - Setting next_dagrun for read_dataset_event to 2024-12-09 00:00:00+00:00, run_after=2024-12-10 00:00:00+00:00
[2024-12-10T08:04:57.876+0000] {logging_mixin.py:190} INFO - [2024-12-10T08:04:57.876+0000] {dag.py:4180} INFO - Setting next_dagrun for read_dataset_event_from_classic to 2024-12-09 00:00:00+00:00, run_after=2024-12-10 00:00:00+00:00
[2024-12-10T08:04:57.892+0000] {processor.py:208} INFO - Processing /home/airflow/.local/lib/python3.12/site-packages/airflow/example_dags/example_inlet_event_extra.py took 0.655 seconds
[2024-12-10T08:05:28.410+0000] {processor.py:186} INFO - Started process (PID=1225) to work on /home/airflow/.local/lib/python3.12/site-packages/airflow/example_dags/example_inlet_event_extra.py
[2024-12-10T08:05:28.411+0000] {processor.py:914} INFO - Processing file /home/airflow/.local/lib/python3.12/site-packages/airflow/example_dags/example_inlet_event_extra.py for tasks to queue
[2024-12-10T08:05:28.414+0000] {logging_mixin.py:190} INFO - [2024-12-10T08:05:28.413+0000] {dagbag.py:588} INFO - Filling up the DagBag from /home/airflow/.local/lib/python3.12/site-packages/airflow/example_dags/example_inlet_event_extra.py
[2024-12-10T08:05:28.947+0000] {processor.py:925} INFO - DAG(s) 'read_dataset_event', 'read_dataset_event_from_classic' retrieved from /home/airflow/.local/lib/python3.12/site-packages/airflow/example_dags/example_inlet_event_extra.py
[2024-12-10T08:05:28.970+0000] {logging_mixin.py:190} INFO - [2024-12-10T08:05:28.969+0000] {dag.py:3239} INFO - Sync 2 DAGs
[2024-12-10T08:05:28.992+0000] {logging_mixin.py:190} INFO - [2024-12-10T08:05:28.991+0000] {dag.py:4180} INFO - Setting next_dagrun for read_dataset_event to 2024-12-09 00:00:00+00:00, run_after=2024-12-10 00:00:00+00:00
[2024-12-10T08:05:28.996+0000] {logging_mixin.py:190} INFO - [2024-12-10T08:05:28.996+0000] {dag.py:4180} INFO - Setting next_dagrun for read_dataset_event_from_classic to 2024-12-09 00:00:00+00:00, run_after=2024-12-10 00:00:00+00:00
[2024-12-10T08:05:29.012+0000] {processor.py:208} INFO - Processing /home/airflow/.local/lib/python3.12/site-packages/airflow/example_dags/example_inlet_event_extra.py took 0.607 seconds
[2024-12-10T08:05:59.339+0000] {processor.py:186} INFO - Started process (PID=1288) to work on /home/airflow/.local/lib/python3.12/site-packages/airflow/example_dags/example_inlet_event_extra.py
[2024-12-10T08:05:59.341+0000] {processor.py:914} INFO - Processing file /home/airflow/.local/lib/python3.12/site-packages/airflow/example_dags/example_inlet_event_extra.py for tasks to queue
[2024-12-10T08:05:59.343+0000] {logging_mixin.py:190} INFO - [2024-12-10T08:05:59.343+0000] {dagbag.py:588} INFO - Filling up the DagBag from /home/airflow/.local/lib/python3.12/site-packages/airflow/example_dags/example_inlet_event_extra.py
[2024-12-10T08:05:59.937+0000] {processor.py:925} INFO - DAG(s) 'read_dataset_event_from_classic', 'read_dataset_event' retrieved from /home/airflow/.local/lib/python3.12/site-packages/airflow/example_dags/example_inlet_event_extra.py
[2024-12-10T08:05:59.961+0000] {logging_mixin.py:190} INFO - [2024-12-10T08:05:59.961+0000] {dag.py:3239} INFO - Sync 2 DAGs
[2024-12-10T08:05:59.991+0000] {logging_mixin.py:190} INFO - [2024-12-10T08:05:59.991+0000] {dag.py:4180} INFO - Setting next_dagrun for read_dataset_event to 2024-12-09 00:00:00+00:00, run_after=2024-12-10 00:00:00+00:00
[2024-12-10T08:05:59.997+0000] {logging_mixin.py:190} INFO - [2024-12-10T08:05:59.997+0000] {dag.py:4180} INFO - Setting next_dagrun for read_dataset_event_from_classic to 2024-12-09 00:00:00+00:00, run_after=2024-12-10 00:00:00+00:00
[2024-12-10T08:06:00.019+0000] {processor.py:208} INFO - Processing /home/airflow/.local/lib/python3.12/site-packages/airflow/example_dags/example_inlet_event_extra.py took 0.686 seconds
[2024-12-10T08:06:30.548+0000] {processor.py:186} INFO - Started process (PID=1351) to work on /home/airflow/.local/lib/python3.12/site-packages/airflow/example_dags/example_inlet_event_extra.py
[2024-12-10T08:06:30.550+0000] {processor.py:914} INFO - Processing file /home/airflow/.local/lib/python3.12/site-packages/airflow/example_dags/example_inlet_event_extra.py for tasks to queue
[2024-12-10T08:06:30.555+0000] {logging_mixin.py:190} INFO - [2024-12-10T08:06:30.554+0000] {dagbag.py:588} INFO - Filling up the DagBag from /home/airflow/.local/lib/python3.12/site-packages/airflow/example_dags/example_inlet_event_extra.py
[2024-12-10T08:06:31.417+0000] {processor.py:925} INFO - DAG(s) 'read_dataset_event_from_classic', 'read_dataset_event' retrieved from /home/airflow/.local/lib/python3.12/site-packages/airflow/example_dags/example_inlet_event_extra.py
[2024-12-10T08:06:31.451+0000] {logging_mixin.py:190} INFO - [2024-12-10T08:06:31.451+0000] {dag.py:3239} INFO - Sync 2 DAGs
[2024-12-10T08:06:31.495+0000] {logging_mixin.py:190} INFO - [2024-12-10T08:06:31.495+0000] {dag.py:4180} INFO - Setting next_dagrun for read_dataset_event to 2024-12-09 00:00:00+00:00, run_after=2024-12-10 00:00:00+00:00
[2024-12-10T08:06:31.507+0000] {logging_mixin.py:190} INFO - [2024-12-10T08:06:31.506+0000] {dag.py:4180} INFO - Setting next_dagrun for read_dataset_event_from_classic to 2024-12-09 00:00:00+00:00, run_after=2024-12-10 00:00:00+00:00
[2024-12-10T08:06:31.530+0000] {processor.py:208} INFO - Processing /home/airflow/.local/lib/python3.12/site-packages/airflow/example_dags/example_inlet_event_extra.py took 0.990 seconds
[2024-12-10T08:08:27.725+0000] {processor.py:186} INFO - Started process (PID=91) to work on /home/airflow/.local/lib/python3.12/site-packages/airflow/example_dags/example_inlet_event_extra.py
[2024-12-10T08:08:27.726+0000] {processor.py:914} INFO - Processing file /home/airflow/.local/lib/python3.12/site-packages/airflow/example_dags/example_inlet_event_extra.py for tasks to queue
[2024-12-10T08:08:27.729+0000] {logging_mixin.py:190} INFO - [2024-12-10T08:08:27.729+0000] {dagbag.py:588} INFO - Filling up the DagBag from /home/airflow/.local/lib/python3.12/site-packages/airflow/example_dags/example_inlet_event_extra.py
[2024-12-10T08:08:28.705+0000] {processor.py:925} INFO - DAG(s) 'read_dataset_event_from_classic', 'read_dataset_event' retrieved from /home/airflow/.local/lib/python3.12/site-packages/airflow/example_dags/example_inlet_event_extra.py
[2024-12-10T08:08:28.740+0000] {logging_mixin.py:190} INFO - [2024-12-10T08:08:28.740+0000] {dag.py:3239} INFO - Sync 2 DAGs
[2024-12-10T08:08:28.779+0000] {logging_mixin.py:190} INFO - [2024-12-10T08:08:28.778+0000] {dag.py:4180} INFO - Setting next_dagrun for read_dataset_event to 2024-12-09 00:00:00+00:00, run_after=2024-12-10 00:00:00+00:00
[2024-12-10T08:08:28.790+0000] {logging_mixin.py:190} INFO - [2024-12-10T08:08:28.790+0000] {dag.py:4180} INFO - Setting next_dagrun for read_dataset_event_from_classic to 2024-12-09 00:00:00+00:00, run_after=2024-12-10 00:00:00+00:00
[2024-12-10T08:08:28.815+0000] {processor.py:208} INFO - Processing /home/airflow/.local/lib/python3.12/site-packages/airflow/example_dags/example_inlet_event_extra.py took 1.099 seconds
[2024-12-10T08:08:59.173+0000] {processor.py:186} INFO - Started process (PID=154) to work on /home/airflow/.local/lib/python3.12/site-packages/airflow/example_dags/example_inlet_event_extra.py
[2024-12-10T08:08:59.174+0000] {processor.py:914} INFO - Processing file /home/airflow/.local/lib/python3.12/site-packages/airflow/example_dags/example_inlet_event_extra.py for tasks to queue
[2024-12-10T08:08:59.177+0000] {logging_mixin.py:190} INFO - [2024-12-10T08:08:59.176+0000] {dagbag.py:588} INFO - Filling up the DagBag from /home/airflow/.local/lib/python3.12/site-packages/airflow/example_dags/example_inlet_event_extra.py
[2024-12-10T08:08:59.871+0000] {processor.py:925} INFO - DAG(s) 'read_dataset_event_from_classic', 'read_dataset_event' retrieved from /home/airflow/.local/lib/python3.12/site-packages/airflow/example_dags/example_inlet_event_extra.py
[2024-12-10T08:08:59.899+0000] {logging_mixin.py:190} INFO - [2024-12-10T08:08:59.898+0000] {dag.py:3239} INFO - Sync 2 DAGs
[2024-12-10T08:08:59.930+0000] {logging_mixin.py:190} INFO - [2024-12-10T08:08:59.930+0000] {dag.py:4180} INFO - Setting next_dagrun for read_dataset_event to 2024-12-09 00:00:00+00:00, run_after=2024-12-10 00:00:00+00:00
[2024-12-10T08:08:59.938+0000] {logging_mixin.py:190} INFO - [2024-12-10T08:08:59.938+0000] {dag.py:4180} INFO - Setting next_dagrun for read_dataset_event_from_classic to 2024-12-09 00:00:00+00:00, run_after=2024-12-10 00:00:00+00:00
[2024-12-10T08:08:59.959+0000] {processor.py:208} INFO - Processing /home/airflow/.local/lib/python3.12/site-packages/airflow/example_dags/example_inlet_event_extra.py took 0.793 seconds
[2024-12-10T08:09:30.048+0000] {processor.py:186} INFO - Started process (PID=220) to work on /home/airflow/.local/lib/python3.12/site-packages/airflow/example_dags/example_inlet_event_extra.py
[2024-12-10T08:09:30.050+0000] {processor.py:914} INFO - Processing file /home/airflow/.local/lib/python3.12/site-packages/airflow/example_dags/example_inlet_event_extra.py for tasks to queue
[2024-12-10T08:09:30.052+0000] {logging_mixin.py:190} INFO - [2024-12-10T08:09:30.052+0000] {dagbag.py:588} INFO - Filling up the DagBag from /home/airflow/.local/lib/python3.12/site-packages/airflow/example_dags/example_inlet_event_extra.py
[2024-12-10T08:09:30.593+0000] {processor.py:925} INFO - DAG(s) 'read_dataset_event_from_classic', 'read_dataset_event' retrieved from /home/airflow/.local/lib/python3.12/site-packages/airflow/example_dags/example_inlet_event_extra.py
[2024-12-10T08:09:30.613+0000] {logging_mixin.py:190} INFO - [2024-12-10T08:09:30.613+0000] {dag.py:3239} INFO - Sync 2 DAGs
[2024-12-10T08:09:30.639+0000] {logging_mixin.py:190} INFO - [2024-12-10T08:09:30.639+0000] {dag.py:4180} INFO - Setting next_dagrun for read_dataset_event to 2024-12-09 00:00:00+00:00, run_after=2024-12-10 00:00:00+00:00
[2024-12-10T08:09:30.645+0000] {logging_mixin.py:190} INFO - [2024-12-10T08:09:30.645+0000] {dag.py:4180} INFO - Setting next_dagrun for read_dataset_event_from_classic to 2024-12-09 00:00:00+00:00, run_after=2024-12-10 00:00:00+00:00
[2024-12-10T08:09:30.660+0000] {processor.py:208} INFO - Processing /home/airflow/.local/lib/python3.12/site-packages/airflow/example_dags/example_inlet_event_extra.py took 0.617 seconds
[2024-12-10T08:10:01.224+0000] {processor.py:186} INFO - Started process (PID=283) to work on /home/airflow/.local/lib/python3.12/site-packages/airflow/example_dags/example_inlet_event_extra.py
[2024-12-10T08:10:01.226+0000] {processor.py:914} INFO - Processing file /home/airflow/.local/lib/python3.12/site-packages/airflow/example_dags/example_inlet_event_extra.py for tasks to queue
[2024-12-10T08:10:01.229+0000] {logging_mixin.py:190} INFO - [2024-12-10T08:10:01.228+0000] {dagbag.py:588} INFO - Filling up the DagBag from /home/airflow/.local/lib/python3.12/site-packages/airflow/example_dags/example_inlet_event_extra.py
[2024-12-10T08:10:01.925+0000] {processor.py:925} INFO - DAG(s) 'read_dataset_event', 'read_dataset_event_from_classic' retrieved from /home/airflow/.local/lib/python3.12/site-packages/airflow/example_dags/example_inlet_event_extra.py
[2024-12-10T08:10:01.950+0000] {logging_mixin.py:190} INFO - [2024-12-10T08:10:01.950+0000] {dag.py:3239} INFO - Sync 2 DAGs
[2024-12-10T08:10:01.982+0000] {logging_mixin.py:190} INFO - [2024-12-10T08:10:01.982+0000] {dag.py:4180} INFO - Setting next_dagrun for read_dataset_event to 2024-12-09 00:00:00+00:00, run_after=2024-12-10 00:00:00+00:00
[2024-12-10T08:10:01.988+0000] {logging_mixin.py:190} INFO - [2024-12-10T08:10:01.988+0000] {dag.py:4180} INFO - Setting next_dagrun for read_dataset_event_from_classic to 2024-12-09 00:00:00+00:00, run_after=2024-12-10 00:00:00+00:00
[2024-12-10T08:10:02.007+0000] {processor.py:208} INFO - Processing /home/airflow/.local/lib/python3.12/site-packages/airflow/example_dags/example_inlet_event_extra.py took 0.789 seconds
[2024-12-10T08:10:32.650+0000] {processor.py:186} INFO - Started process (PID=346) to work on /home/airflow/.local/lib/python3.12/site-packages/airflow/example_dags/example_inlet_event_extra.py
[2024-12-10T08:10:32.651+0000] {processor.py:914} INFO - Processing file /home/airflow/.local/lib/python3.12/site-packages/airflow/example_dags/example_inlet_event_extra.py for tasks to queue
[2024-12-10T08:10:32.654+0000] {logging_mixin.py:190} INFO - [2024-12-10T08:10:32.653+0000] {dagbag.py:588} INFO - Filling up the DagBag from /home/airflow/.local/lib/python3.12/site-packages/airflow/example_dags/example_inlet_event_extra.py
[2024-12-10T08:10:33.401+0000] {processor.py:925} INFO - DAG(s) 'read_dataset_event', 'read_dataset_event_from_classic' retrieved from /home/airflow/.local/lib/python3.12/site-packages/airflow/example_dags/example_inlet_event_extra.py
[2024-12-10T08:10:33.431+0000] {logging_mixin.py:190} INFO - [2024-12-10T08:10:33.430+0000] {dag.py:3239} INFO - Sync 2 DAGs
[2024-12-10T08:10:33.463+0000] {logging_mixin.py:190} INFO - [2024-12-10T08:10:33.462+0000] {dag.py:4180} INFO - Setting next_dagrun for read_dataset_event to 2024-12-09 00:00:00+00:00, run_after=2024-12-10 00:00:00+00:00
[2024-12-10T08:10:33.471+0000] {logging_mixin.py:190} INFO - [2024-12-10T08:10:33.470+0000] {dag.py:4180} INFO - Setting next_dagrun for read_dataset_event_from_classic to 2024-12-09 00:00:00+00:00, run_after=2024-12-10 00:00:00+00:00
[2024-12-10T08:10:33.500+0000] {processor.py:208} INFO - Processing /home/airflow/.local/lib/python3.12/site-packages/airflow/example_dags/example_inlet_event_extra.py took 0.857 seconds
[2024-12-10T08:11:04.289+0000] {processor.py:186} INFO - Started process (PID=409) to work on /home/airflow/.local/lib/python3.12/site-packages/airflow/example_dags/example_inlet_event_extra.py
[2024-12-10T08:11:04.290+0000] {processor.py:914} INFO - Processing file /home/airflow/.local/lib/python3.12/site-packages/airflow/example_dags/example_inlet_event_extra.py for tasks to queue
[2024-12-10T08:11:04.295+0000] {logging_mixin.py:190} INFO - [2024-12-10T08:11:04.294+0000] {dagbag.py:588} INFO - Filling up the DagBag from /home/airflow/.local/lib/python3.12/site-packages/airflow/example_dags/example_inlet_event_extra.py
[2024-12-10T08:11:05.219+0000] {processor.py:925} INFO - DAG(s) 'read_dataset_event', 'read_dataset_event_from_classic' retrieved from /home/airflow/.local/lib/python3.12/site-packages/airflow/example_dags/example_inlet_event_extra.py
[2024-12-10T08:11:05.256+0000] {logging_mixin.py:190} INFO - [2024-12-10T08:11:05.255+0000] {dag.py:3239} INFO - Sync 2 DAGs
[2024-12-10T08:11:05.288+0000] {logging_mixin.py:190} INFO - [2024-12-10T08:11:05.288+0000] {dag.py:4180} INFO - Setting next_dagrun for read_dataset_event to 2024-12-09 00:00:00+00:00, run_after=2024-12-10 00:00:00+00:00
[2024-12-10T08:11:05.294+0000] {logging_mixin.py:190} INFO - [2024-12-10T08:11:05.294+0000] {dag.py:4180} INFO - Setting next_dagrun for read_dataset_event_from_classic to 2024-12-09 00:00:00+00:00, run_after=2024-12-10 00:00:00+00:00
[2024-12-10T08:11:05.314+0000] {processor.py:208} INFO - Processing /home/airflow/.local/lib/python3.12/site-packages/airflow/example_dags/example_inlet_event_extra.py took 1.033 seconds
[2024-12-10T08:11:35.768+0000] {processor.py:186} INFO - Started process (PID=472) to work on /home/airflow/.local/lib/python3.12/site-packages/airflow/example_dags/example_inlet_event_extra.py
[2024-12-10T08:11:35.769+0000] {processor.py:914} INFO - Processing file /home/airflow/.local/lib/python3.12/site-packages/airflow/example_dags/example_inlet_event_extra.py for tasks to queue
[2024-12-10T08:11:35.775+0000] {logging_mixin.py:190} INFO - [2024-12-10T08:11:35.774+0000] {dagbag.py:588} INFO - Filling up the DagBag from /home/airflow/.local/lib/python3.12/site-packages/airflow/example_dags/example_inlet_event_extra.py
[2024-12-10T08:11:36.608+0000] {processor.py:925} INFO - DAG(s) 'read_dataset_event', 'read_dataset_event_from_classic' retrieved from /home/airflow/.local/lib/python3.12/site-packages/airflow/example_dags/example_inlet_event_extra.py
[2024-12-10T08:11:36.646+0000] {logging_mixin.py:190} INFO - [2024-12-10T08:11:36.646+0000] {dag.py:3239} INFO - Sync 2 DAGs
[2024-12-10T08:11:36.700+0000] {logging_mixin.py:190} INFO - [2024-12-10T08:11:36.699+0000] {dag.py:4180} INFO - Setting next_dagrun for read_dataset_event to 2024-12-09 00:00:00+00:00, run_after=2024-12-10 00:00:00+00:00
[2024-12-10T08:11:36.709+0000] {logging_mixin.py:190} INFO - [2024-12-10T08:11:36.709+0000] {dag.py:4180} INFO - Setting next_dagrun for read_dataset_event_from_classic to 2024-12-09 00:00:00+00:00, run_after=2024-12-10 00:00:00+00:00
[2024-12-10T08:11:36.740+0000] {processor.py:208} INFO - Processing /home/airflow/.local/lib/python3.12/site-packages/airflow/example_dags/example_inlet_event_extra.py took 0.982 seconds
[2024-12-10T08:12:07.003+0000] {processor.py:186} INFO - Started process (PID=535) to work on /home/airflow/.local/lib/python3.12/site-packages/airflow/example_dags/example_inlet_event_extra.py
[2024-12-10T08:12:07.008+0000] {processor.py:914} INFO - Processing file /home/airflow/.local/lib/python3.12/site-packages/airflow/example_dags/example_inlet_event_extra.py for tasks to queue
[2024-12-10T08:12:07.021+0000] {logging_mixin.py:190} INFO - [2024-12-10T08:12:07.020+0000] {dagbag.py:588} INFO - Filling up the DagBag from /home/airflow/.local/lib/python3.12/site-packages/airflow/example_dags/example_inlet_event_extra.py
[2024-12-10T08:12:07.676+0000] {processor.py:925} INFO - DAG(s) 'read_dataset_event', 'read_dataset_event_from_classic' retrieved from /home/airflow/.local/lib/python3.12/site-packages/airflow/example_dags/example_inlet_event_extra.py
[2024-12-10T08:12:07.696+0000] {logging_mixin.py:190} INFO - [2024-12-10T08:12:07.696+0000] {dag.py:3239} INFO - Sync 2 DAGs
[2024-12-10T08:12:07.724+0000] {logging_mixin.py:190} INFO - [2024-12-10T08:12:07.724+0000] {dag.py:4180} INFO - Setting next_dagrun for read_dataset_event to 2024-12-09 00:00:00+00:00, run_after=2024-12-10 00:00:00+00:00
[2024-12-10T08:12:07.730+0000] {logging_mixin.py:190} INFO - [2024-12-10T08:12:07.729+0000] {dag.py:4180} INFO - Setting next_dagrun for read_dataset_event_from_classic to 2024-12-09 00:00:00+00:00, run_after=2024-12-10 00:00:00+00:00
[2024-12-10T08:12:07.746+0000] {processor.py:208} INFO - Processing /home/airflow/.local/lib/python3.12/site-packages/airflow/example_dags/example_inlet_event_extra.py took 0.763 seconds
[2024-12-10T08:12:38.311+0000] {processor.py:186} INFO - Started process (PID=598) to work on /home/airflow/.local/lib/python3.12/site-packages/airflow/example_dags/example_inlet_event_extra.py
[2024-12-10T08:12:38.312+0000] {processor.py:914} INFO - Processing file /home/airflow/.local/lib/python3.12/site-packages/airflow/example_dags/example_inlet_event_extra.py for tasks to queue
[2024-12-10T08:12:38.315+0000] {logging_mixin.py:190} INFO - [2024-12-10T08:12:38.314+0000] {dagbag.py:588} INFO - Filling up the DagBag from /home/airflow/.local/lib/python3.12/site-packages/airflow/example_dags/example_inlet_event_extra.py
[2024-12-10T08:12:38.852+0000] {processor.py:925} INFO - DAG(s) 'read_dataset_event_from_classic', 'read_dataset_event' retrieved from /home/airflow/.local/lib/python3.12/site-packages/airflow/example_dags/example_inlet_event_extra.py
[2024-12-10T08:12:38.871+0000] {logging_mixin.py:190} INFO - [2024-12-10T08:12:38.870+0000] {dag.py:3239} INFO - Sync 2 DAGs
[2024-12-10T08:12:38.897+0000] {logging_mixin.py:190} INFO - [2024-12-10T08:12:38.897+0000] {dag.py:4180} INFO - Setting next_dagrun for read_dataset_event to 2024-12-09 00:00:00+00:00, run_after=2024-12-10 00:00:00+00:00
[2024-12-10T08:12:38.902+0000] {logging_mixin.py:190} INFO - [2024-12-10T08:12:38.902+0000] {dag.py:4180} INFO - Setting next_dagrun for read_dataset_event_from_classic to 2024-12-09 00:00:00+00:00, run_after=2024-12-10 00:00:00+00:00
[2024-12-10T08:12:38.918+0000] {processor.py:208} INFO - Processing /home/airflow/.local/lib/python3.12/site-packages/airflow/example_dags/example_inlet_event_extra.py took 0.612 seconds
[2024-12-10T08:13:09.105+0000] {processor.py:186} INFO - Started process (PID=661) to work on /home/airflow/.local/lib/python3.12/site-packages/airflow/example_dags/example_inlet_event_extra.py
[2024-12-10T08:13:09.106+0000] {processor.py:914} INFO - Processing file /home/airflow/.local/lib/python3.12/site-packages/airflow/example_dags/example_inlet_event_extra.py for tasks to queue
[2024-12-10T08:13:09.110+0000] {logging_mixin.py:190} INFO - [2024-12-10T08:13:09.109+0000] {dagbag.py:588} INFO - Filling up the DagBag from /home/airflow/.local/lib/python3.12/site-packages/airflow/example_dags/example_inlet_event_extra.py
[2024-12-10T08:13:09.802+0000] {processor.py:925} INFO - DAG(s) 'read_dataset_event', 'read_dataset_event_from_classic' retrieved from /home/airflow/.local/lib/python3.12/site-packages/airflow/example_dags/example_inlet_event_extra.py
[2024-12-10T08:13:09.824+0000] {logging_mixin.py:190} INFO - [2024-12-10T08:13:09.824+0000] {dag.py:3239} INFO - Sync 2 DAGs
[2024-12-10T08:13:09.852+0000] {logging_mixin.py:190} INFO - [2024-12-10T08:13:09.852+0000] {dag.py:4180} INFO - Setting next_dagrun for read_dataset_event to 2024-12-09 00:00:00+00:00, run_after=2024-12-10 00:00:00+00:00
[2024-12-10T08:13:09.858+0000] {logging_mixin.py:190} INFO - [2024-12-10T08:13:09.858+0000] {dag.py:4180} INFO - Setting next_dagrun for read_dataset_event_from_classic to 2024-12-09 00:00:00+00:00, run_after=2024-12-10 00:00:00+00:00
[2024-12-10T08:13:09.880+0000] {processor.py:208} INFO - Processing /home/airflow/.local/lib/python3.12/site-packages/airflow/example_dags/example_inlet_event_extra.py took 0.781 seconds
[2024-12-10T08:13:40.745+0000] {processor.py:186} INFO - Started process (PID=724) to work on /home/airflow/.local/lib/python3.12/site-packages/airflow/example_dags/example_inlet_event_extra.py
[2024-12-10T08:13:40.746+0000] {processor.py:914} INFO - Processing file /home/airflow/.local/lib/python3.12/site-packages/airflow/example_dags/example_inlet_event_extra.py for tasks to queue
[2024-12-10T08:13:40.749+0000] {logging_mixin.py:190} INFO - [2024-12-10T08:13:40.749+0000] {dagbag.py:588} INFO - Filling up the DagBag from /home/airflow/.local/lib/python3.12/site-packages/airflow/example_dags/example_inlet_event_extra.py
[2024-12-10T08:13:41.526+0000] {processor.py:925} INFO - DAG(s) 'read_dataset_event_from_classic', 'read_dataset_event' retrieved from /home/airflow/.local/lib/python3.12/site-packages/airflow/example_dags/example_inlet_event_extra.py
[2024-12-10T08:13:41.558+0000] {logging_mixin.py:190} INFO - [2024-12-10T08:13:41.558+0000] {dag.py:3239} INFO - Sync 2 DAGs
[2024-12-10T08:13:41.594+0000] {logging_mixin.py:190} INFO - [2024-12-10T08:13:41.594+0000] {dag.py:4180} INFO - Setting next_dagrun for read_dataset_event to 2024-12-09 00:00:00+00:00, run_after=2024-12-10 00:00:00+00:00
[2024-12-10T08:13:41.602+0000] {logging_mixin.py:190} INFO - [2024-12-10T08:13:41.602+0000] {dag.py:4180} INFO - Setting next_dagrun for read_dataset_event_from_classic to 2024-12-09 00:00:00+00:00, run_after=2024-12-10 00:00:00+00:00
[2024-12-10T08:13:41.631+0000] {processor.py:208} INFO - Processing /home/airflow/.local/lib/python3.12/site-packages/airflow/example_dags/example_inlet_event_extra.py took 0.893 seconds
[2024-12-10T08:14:12.088+0000] {processor.py:186} INFO - Started process (PID=787) to work on /home/airflow/.local/lib/python3.12/site-packages/airflow/example_dags/example_inlet_event_extra.py
[2024-12-10T08:14:12.089+0000] {processor.py:914} INFO - Processing file /home/airflow/.local/lib/python3.12/site-packages/airflow/example_dags/example_inlet_event_extra.py for tasks to queue
[2024-12-10T08:14:12.091+0000] {logging_mixin.py:190} INFO - [2024-12-10T08:14:12.091+0000] {dagbag.py:588} INFO - Filling up the DagBag from /home/airflow/.local/lib/python3.12/site-packages/airflow/example_dags/example_inlet_event_extra.py
[2024-12-10T08:14:12.707+0000] {processor.py:925} INFO - DAG(s) 'read_dataset_event', 'read_dataset_event_from_classic' retrieved from /home/airflow/.local/lib/python3.12/site-packages/airflow/example_dags/example_inlet_event_extra.py
[2024-12-10T08:14:12.740+0000] {logging_mixin.py:190} INFO - [2024-12-10T08:14:12.740+0000] {dag.py:3239} INFO - Sync 2 DAGs
[2024-12-10T08:14:12.774+0000] {logging_mixin.py:190} INFO - [2024-12-10T08:14:12.773+0000] {dag.py:4180} INFO - Setting next_dagrun for read_dataset_event to 2024-12-09 00:00:00+00:00, run_after=2024-12-10 00:00:00+00:00
[2024-12-10T08:14:12.781+0000] {logging_mixin.py:190} INFO - [2024-12-10T08:14:12.780+0000] {dag.py:4180} INFO - Setting next_dagrun for read_dataset_event_from_classic to 2024-12-09 00:00:00+00:00, run_after=2024-12-10 00:00:00+00:00
[2024-12-10T08:14:12.799+0000] {processor.py:208} INFO - Processing /home/airflow/.local/lib/python3.12/site-packages/airflow/example_dags/example_inlet_event_extra.py took 0.717 seconds
[2024-12-10T08:15:33.053+0000] {processor.py:186} INFO - Started process (PID=91) to work on /home/airflow/.local/lib/python3.12/site-packages/airflow/example_dags/example_inlet_event_extra.py
[2024-12-10T08:15:33.055+0000] {processor.py:914} INFO - Processing file /home/airflow/.local/lib/python3.12/site-packages/airflow/example_dags/example_inlet_event_extra.py for tasks to queue
[2024-12-10T08:15:33.058+0000] {logging_mixin.py:190} INFO - [2024-12-10T08:15:33.057+0000] {dagbag.py:588} INFO - Filling up the DagBag from /home/airflow/.local/lib/python3.12/site-packages/airflow/example_dags/example_inlet_event_extra.py
[2024-12-10T08:15:33.834+0000] {processor.py:925} INFO - DAG(s) 'read_dataset_event_from_classic', 'read_dataset_event' retrieved from /home/airflow/.local/lib/python3.12/site-packages/airflow/example_dags/example_inlet_event_extra.py
[2024-12-10T08:15:33.857+0000] {logging_mixin.py:190} INFO - [2024-12-10T08:15:33.857+0000] {dag.py:3239} INFO - Sync 2 DAGs
[2024-12-10T08:15:33.885+0000] {logging_mixin.py:190} INFO - [2024-12-10T08:15:33.885+0000] {dag.py:4180} INFO - Setting next_dagrun for read_dataset_event to 2024-12-09 00:00:00+00:00, run_after=2024-12-10 00:00:00+00:00
[2024-12-10T08:15:33.891+0000] {logging_mixin.py:190} INFO - [2024-12-10T08:15:33.891+0000] {dag.py:4180} INFO - Setting next_dagrun for read_dataset_event_from_classic to 2024-12-09 00:00:00+00:00, run_after=2024-12-10 00:00:00+00:00
[2024-12-10T08:15:33.914+0000] {processor.py:208} INFO - Processing /home/airflow/.local/lib/python3.12/site-packages/airflow/example_dags/example_inlet_event_extra.py took 0.867 seconds
[2024-12-10T08:16:04.178+0000] {processor.py:186} INFO - Started process (PID=154) to work on /home/airflow/.local/lib/python3.12/site-packages/airflow/example_dags/example_inlet_event_extra.py
[2024-12-10T08:16:04.180+0000] {processor.py:914} INFO - Processing file /home/airflow/.local/lib/python3.12/site-packages/airflow/example_dags/example_inlet_event_extra.py for tasks to queue
[2024-12-10T08:16:04.182+0000] {logging_mixin.py:190} INFO - [2024-12-10T08:16:04.182+0000] {dagbag.py:588} INFO - Filling up the DagBag from /home/airflow/.local/lib/python3.12/site-packages/airflow/example_dags/example_inlet_event_extra.py
[2024-12-10T08:16:04.945+0000] {processor.py:925} INFO - DAG(s) 'read_dataset_event', 'read_dataset_event_from_classic' retrieved from /home/airflow/.local/lib/python3.12/site-packages/airflow/example_dags/example_inlet_event_extra.py
[2024-12-10T08:16:04.972+0000] {logging_mixin.py:190} INFO - [2024-12-10T08:16:04.972+0000] {dag.py:3239} INFO - Sync 2 DAGs
[2024-12-10T08:16:05.006+0000] {logging_mixin.py:190} INFO - [2024-12-10T08:16:05.005+0000] {dag.py:4180} INFO - Setting next_dagrun for read_dataset_event to 2024-12-09 00:00:00+00:00, run_after=2024-12-10 00:00:00+00:00
[2024-12-10T08:16:05.012+0000] {logging_mixin.py:190} INFO - [2024-12-10T08:16:05.012+0000] {dag.py:4180} INFO - Setting next_dagrun for read_dataset_event_from_classic to 2024-12-09 00:00:00+00:00, run_after=2024-12-10 00:00:00+00:00
[2024-12-10T08:16:05.030+0000] {processor.py:208} INFO - Processing /home/airflow/.local/lib/python3.12/site-packages/airflow/example_dags/example_inlet_event_extra.py took 0.858 seconds
[2024-12-10T08:16:35.305+0000] {processor.py:186} INFO - Started process (PID=217) to work on /home/airflow/.local/lib/python3.12/site-packages/airflow/example_dags/example_inlet_event_extra.py
[2024-12-10T08:16:35.306+0000] {processor.py:914} INFO - Processing file /home/airflow/.local/lib/python3.12/site-packages/airflow/example_dags/example_inlet_event_extra.py for tasks to queue
[2024-12-10T08:16:35.308+0000] {logging_mixin.py:190} INFO - [2024-12-10T08:16:35.307+0000] {dagbag.py:588} INFO - Filling up the DagBag from /home/airflow/.local/lib/python3.12/site-packages/airflow/example_dags/example_inlet_event_extra.py
[2024-12-10T08:16:36.005+0000] {processor.py:925} INFO - DAG(s) 'read_dataset_event', 'read_dataset_event_from_classic' retrieved from /home/airflow/.local/lib/python3.12/site-packages/airflow/example_dags/example_inlet_event_extra.py
[2024-12-10T08:16:36.029+0000] {logging_mixin.py:190} INFO - [2024-12-10T08:16:36.028+0000] {dag.py:3239} INFO - Sync 2 DAGs
[2024-12-10T08:16:36.064+0000] {logging_mixin.py:190} INFO - [2024-12-10T08:16:36.063+0000] {dag.py:4180} INFO - Setting next_dagrun for read_dataset_event to 2024-12-09 00:00:00+00:00, run_after=2024-12-10 00:00:00+00:00
[2024-12-10T08:16:36.072+0000] {logging_mixin.py:190} INFO - [2024-12-10T08:16:36.072+0000] {dag.py:4180} INFO - Setting next_dagrun for read_dataset_event_from_classic to 2024-12-09 00:00:00+00:00, run_after=2024-12-10 00:00:00+00:00
[2024-12-10T08:16:36.099+0000] {processor.py:208} INFO - Processing /home/airflow/.local/lib/python3.12/site-packages/airflow/example_dags/example_inlet_event_extra.py took 0.800 seconds
[2024-12-10T08:17:06.695+0000] {processor.py:186} INFO - Started process (PID=280) to work on /home/airflow/.local/lib/python3.12/site-packages/airflow/example_dags/example_inlet_event_extra.py
[2024-12-10T08:17:06.697+0000] {processor.py:914} INFO - Processing file /home/airflow/.local/lib/python3.12/site-packages/airflow/example_dags/example_inlet_event_extra.py for tasks to queue
[2024-12-10T08:17:06.699+0000] {logging_mixin.py:190} INFO - [2024-12-10T08:17:06.699+0000] {dagbag.py:588} INFO - Filling up the DagBag from /home/airflow/.local/lib/python3.12/site-packages/airflow/example_dags/example_inlet_event_extra.py
[2024-12-10T08:17:07.461+0000] {processor.py:925} INFO - DAG(s) 'read_dataset_event_from_classic', 'read_dataset_event' retrieved from /home/airflow/.local/lib/python3.12/site-packages/airflow/example_dags/example_inlet_event_extra.py
[2024-12-10T08:17:07.486+0000] {logging_mixin.py:190} INFO - [2024-12-10T08:17:07.486+0000] {dag.py:3239} INFO - Sync 2 DAGs
[2024-12-10T08:17:07.518+0000] {logging_mixin.py:190} INFO - [2024-12-10T08:17:07.518+0000] {dag.py:4180} INFO - Setting next_dagrun for read_dataset_event to 2024-12-09 00:00:00+00:00, run_after=2024-12-10 00:00:00+00:00
[2024-12-10T08:17:07.525+0000] {logging_mixin.py:190} INFO - [2024-12-10T08:17:07.524+0000] {dag.py:4180} INFO - Setting next_dagrun for read_dataset_event_from_classic to 2024-12-09 00:00:00+00:00, run_after=2024-12-10 00:00:00+00:00
[2024-12-10T08:17:07.549+0000] {processor.py:208} INFO - Processing /home/airflow/.local/lib/python3.12/site-packages/airflow/example_dags/example_inlet_event_extra.py took 0.860 seconds
[2024-12-10T08:17:38.300+0000] {processor.py:186} INFO - Started process (PID=343) to work on /home/airflow/.local/lib/python3.12/site-packages/airflow/example_dags/example_inlet_event_extra.py
[2024-12-10T08:17:38.302+0000] {processor.py:914} INFO - Processing file /home/airflow/.local/lib/python3.12/site-packages/airflow/example_dags/example_inlet_event_extra.py for tasks to queue
[2024-12-10T08:17:38.304+0000] {logging_mixin.py:190} INFO - [2024-12-10T08:17:38.304+0000] {dagbag.py:588} INFO - Filling up the DagBag from /home/airflow/.local/lib/python3.12/site-packages/airflow/example_dags/example_inlet_event_extra.py
[2024-12-10T08:17:38.954+0000] {processor.py:925} INFO - DAG(s) 'read_dataset_event_from_classic', 'read_dataset_event' retrieved from /home/airflow/.local/lib/python3.12/site-packages/airflow/example_dags/example_inlet_event_extra.py
[2024-12-10T08:17:38.978+0000] {logging_mixin.py:190} INFO - [2024-12-10T08:17:38.978+0000] {dag.py:3239} INFO - Sync 2 DAGs
[2024-12-10T08:17:39.009+0000] {logging_mixin.py:190} INFO - [2024-12-10T08:17:39.008+0000] {dag.py:4180} INFO - Setting next_dagrun for read_dataset_event to 2024-12-09 00:00:00+00:00, run_after=2024-12-10 00:00:00+00:00
[2024-12-10T08:17:39.015+0000] {logging_mixin.py:190} INFO - [2024-12-10T08:17:39.015+0000] {dag.py:4180} INFO - Setting next_dagrun for read_dataset_event_from_classic to 2024-12-09 00:00:00+00:00, run_after=2024-12-10 00:00:00+00:00
[2024-12-10T08:17:39.036+0000] {processor.py:208} INFO - Processing /home/airflow/.local/lib/python3.12/site-packages/airflow/example_dags/example_inlet_event_extra.py took 0.743 seconds
[2024-12-10T08:18:09.476+0000] {processor.py:186} INFO - Started process (PID=406) to work on /home/airflow/.local/lib/python3.12/site-packages/airflow/example_dags/example_inlet_event_extra.py
[2024-12-10T08:18:09.477+0000] {processor.py:914} INFO - Processing file /home/airflow/.local/lib/python3.12/site-packages/airflow/example_dags/example_inlet_event_extra.py for tasks to queue
[2024-12-10T08:18:09.479+0000] {logging_mixin.py:190} INFO - [2024-12-10T08:18:09.479+0000] {dagbag.py:588} INFO - Filling up the DagBag from /home/airflow/.local/lib/python3.12/site-packages/airflow/example_dags/example_inlet_event_extra.py
[2024-12-10T08:18:10.260+0000] {processor.py:925} INFO - DAG(s) 'read_dataset_event_from_classic', 'read_dataset_event' retrieved from /home/airflow/.local/lib/python3.12/site-packages/airflow/example_dags/example_inlet_event_extra.py
[2024-12-10T08:18:10.283+0000] {logging_mixin.py:190} INFO - [2024-12-10T08:18:10.282+0000] {dag.py:3239} INFO - Sync 2 DAGs
[2024-12-10T08:18:10.315+0000] {logging_mixin.py:190} INFO - [2024-12-10T08:18:10.315+0000] {dag.py:4180} INFO - Setting next_dagrun for read_dataset_event to 2024-12-09 00:00:00+00:00, run_after=2024-12-10 00:00:00+00:00
[2024-12-10T08:18:10.322+0000] {logging_mixin.py:190} INFO - [2024-12-10T08:18:10.322+0000] {dag.py:4180} INFO - Setting next_dagrun for read_dataset_event_from_classic to 2024-12-09 00:00:00+00:00, run_after=2024-12-10 00:00:00+00:00
[2024-12-10T08:18:10.340+0000] {processor.py:208} INFO - Processing /home/airflow/.local/lib/python3.12/site-packages/airflow/example_dags/example_inlet_event_extra.py took 0.869 seconds
[2024-12-10T08:18:40.980+0000] {processor.py:186} INFO - Started process (PID=469) to work on /home/airflow/.local/lib/python3.12/site-packages/airflow/example_dags/example_inlet_event_extra.py
[2024-12-10T08:18:40.981+0000] {processor.py:914} INFO - Processing file /home/airflow/.local/lib/python3.12/site-packages/airflow/example_dags/example_inlet_event_extra.py for tasks to queue
[2024-12-10T08:18:40.984+0000] {logging_mixin.py:190} INFO - [2024-12-10T08:18:40.984+0000] {dagbag.py:588} INFO - Filling up the DagBag from /home/airflow/.local/lib/python3.12/site-packages/airflow/example_dags/example_inlet_event_extra.py
[2024-12-10T08:18:41.682+0000] {processor.py:925} INFO - DAG(s) 'read_dataset_event_from_classic', 'read_dataset_event' retrieved from /home/airflow/.local/lib/python3.12/site-packages/airflow/example_dags/example_inlet_event_extra.py
[2024-12-10T08:18:41.714+0000] {logging_mixin.py:190} INFO - [2024-12-10T08:18:41.714+0000] {dag.py:3239} INFO - Sync 2 DAGs
[2024-12-10T08:18:41.763+0000] {logging_mixin.py:190} INFO - [2024-12-10T08:18:41.762+0000] {dag.py:4180} INFO - Setting next_dagrun for read_dataset_event to 2024-12-09 00:00:00+00:00, run_after=2024-12-10 00:00:00+00:00
[2024-12-10T08:18:41.769+0000] {logging_mixin.py:190} INFO - [2024-12-10T08:18:41.769+0000] {dag.py:4180} INFO - Setting next_dagrun for read_dataset_event_from_classic to 2024-12-09 00:00:00+00:00, run_after=2024-12-10 00:00:00+00:00
[2024-12-10T08:18:41.789+0000] {processor.py:208} INFO - Processing /home/airflow/.local/lib/python3.12/site-packages/airflow/example_dags/example_inlet_event_extra.py took 0.814 seconds
[2024-12-10T08:19:12.201+0000] {processor.py:186} INFO - Started process (PID=532) to work on /home/airflow/.local/lib/python3.12/site-packages/airflow/example_dags/example_inlet_event_extra.py
[2024-12-10T08:19:12.202+0000] {processor.py:914} INFO - Processing file /home/airflow/.local/lib/python3.12/site-packages/airflow/example_dags/example_inlet_event_extra.py for tasks to queue
[2024-12-10T08:19:12.205+0000] {logging_mixin.py:190} INFO - [2024-12-10T08:19:12.204+0000] {dagbag.py:588} INFO - Filling up the DagBag from /home/airflow/.local/lib/python3.12/site-packages/airflow/example_dags/example_inlet_event_extra.py
[2024-12-10T08:19:12.996+0000] {processor.py:925} INFO - DAG(s) 'read_dataset_event', 'read_dataset_event_from_classic' retrieved from /home/airflow/.local/lib/python3.12/site-packages/airflow/example_dags/example_inlet_event_extra.py
[2024-12-10T08:19:13.028+0000] {logging_mixin.py:190} INFO - [2024-12-10T08:19:13.028+0000] {dag.py:3239} INFO - Sync 2 DAGs
[2024-12-10T08:19:13.065+0000] {logging_mixin.py:190} INFO - [2024-12-10T08:19:13.064+0000] {dag.py:4180} INFO - Setting next_dagrun for read_dataset_event to 2024-12-09 00:00:00+00:00, run_after=2024-12-10 00:00:00+00:00
[2024-12-10T08:19:13.072+0000] {logging_mixin.py:190} INFO - [2024-12-10T08:19:13.072+0000] {dag.py:4180} INFO - Setting next_dagrun for read_dataset_event_from_classic to 2024-12-09 00:00:00+00:00, run_after=2024-12-10 00:00:00+00:00
[2024-12-10T08:19:13.098+0000] {processor.py:208} INFO - Processing /home/airflow/.local/lib/python3.12/site-packages/airflow/example_dags/example_inlet_event_extra.py took 0.903 seconds
[2024-12-10T08:19:43.307+0000] {processor.py:186} INFO - Started process (PID=595) to work on /home/airflow/.local/lib/python3.12/site-packages/airflow/example_dags/example_inlet_event_extra.py
[2024-12-10T08:19:43.308+0000] {processor.py:914} INFO - Processing file /home/airflow/.local/lib/python3.12/site-packages/airflow/example_dags/example_inlet_event_extra.py for tasks to queue
[2024-12-10T08:19:43.310+0000] {logging_mixin.py:190} INFO - [2024-12-10T08:19:43.310+0000] {dagbag.py:588} INFO - Filling up the DagBag from /home/airflow/.local/lib/python3.12/site-packages/airflow/example_dags/example_inlet_event_extra.py
[2024-12-10T08:19:43.970+0000] {processor.py:925} INFO - DAG(s) 'read_dataset_event_from_classic', 'read_dataset_event' retrieved from /home/airflow/.local/lib/python3.12/site-packages/airflow/example_dags/example_inlet_event_extra.py
[2024-12-10T08:19:44.024+0000] {logging_mixin.py:190} INFO - [2024-12-10T08:19:44.023+0000] {dag.py:3239} INFO - Sync 2 DAGs
[2024-12-10T08:19:44.070+0000] {logging_mixin.py:190} INFO - [2024-12-10T08:19:44.069+0000] {dag.py:4180} INFO - Setting next_dagrun for read_dataset_event to 2024-12-09 00:00:00+00:00, run_after=2024-12-10 00:00:00+00:00
[2024-12-10T08:19:44.076+0000] {logging_mixin.py:190} INFO - [2024-12-10T08:19:44.076+0000] {dag.py:4180} INFO - Setting next_dagrun for read_dataset_event_from_classic to 2024-12-09 00:00:00+00:00, run_after=2024-12-10 00:00:00+00:00
[2024-12-10T08:19:44.100+0000] {processor.py:208} INFO - Processing /home/airflow/.local/lib/python3.12/site-packages/airflow/example_dags/example_inlet_event_extra.py took 0.799 seconds
[2024-12-10T08:20:14.701+0000] {processor.py:186} INFO - Started process (PID=658) to work on /home/airflow/.local/lib/python3.12/site-packages/airflow/example_dags/example_inlet_event_extra.py
[2024-12-10T08:20:14.702+0000] {processor.py:914} INFO - Processing file /home/airflow/.local/lib/python3.12/site-packages/airflow/example_dags/example_inlet_event_extra.py for tasks to queue
[2024-12-10T08:20:14.704+0000] {logging_mixin.py:190} INFO - [2024-12-10T08:20:14.704+0000] {dagbag.py:588} INFO - Filling up the DagBag from /home/airflow/.local/lib/python3.12/site-packages/airflow/example_dags/example_inlet_event_extra.py
[2024-12-10T08:20:15.463+0000] {processor.py:925} INFO - DAG(s) 'read_dataset_event', 'read_dataset_event_from_classic' retrieved from /home/airflow/.local/lib/python3.12/site-packages/airflow/example_dags/example_inlet_event_extra.py
[2024-12-10T08:20:15.487+0000] {logging_mixin.py:190} INFO - [2024-12-10T08:20:15.487+0000] {dag.py:3239} INFO - Sync 2 DAGs
[2024-12-10T08:20:15.518+0000] {logging_mixin.py:190} INFO - [2024-12-10T08:20:15.518+0000] {dag.py:4180} INFO - Setting next_dagrun for read_dataset_event to 2024-12-09 00:00:00+00:00, run_after=2024-12-10 00:00:00+00:00
[2024-12-10T08:20:15.525+0000] {logging_mixin.py:190} INFO - [2024-12-10T08:20:15.525+0000] {dag.py:4180} INFO - Setting next_dagrun for read_dataset_event_from_classic to 2024-12-09 00:00:00+00:00, run_after=2024-12-10 00:00:00+00:00
[2024-12-10T08:20:15.543+0000] {processor.py:208} INFO - Processing /home/airflow/.local/lib/python3.12/site-packages/airflow/example_dags/example_inlet_event_extra.py took 0.848 seconds
