[2024-12-10T07:56:01.325+0000] {processor.py:186} INFO - Started process (PID=71) to work on /home/airflow/.local/lib/python3.12/site-packages/airflow/example_dags/example_latest_only_with_trigger.py
[2024-12-10T07:56:01.326+0000] {processor.py:914} INFO - Processing file /home/airflow/.local/lib/python3.12/site-packages/airflow/example_dags/example_latest_only_with_trigger.py for tasks to queue
[2024-12-10T07:56:01.329+0000] {logging_mixin.py:190} INFO - [2024-12-10T07:56:01.329+0000] {dagbag.py:588} INFO - Filling up the DagBag from /home/airflow/.local/lib/python3.12/site-packages/airflow/example_dags/example_latest_only_with_trigger.py
[2024-12-10T07:56:01.352+0000] {processor.py:925} INFO - DAG(s) 'latest_only_with_trigger' retrieved from /home/airflow/.local/lib/python3.12/site-packages/airflow/example_dags/example_latest_only_with_trigger.py
[2024-12-10T07:56:01.620+0000] {logging_mixin.py:190} INFO - [2024-12-10T07:56:01.620+0000] {override.py:1911} INFO - Created Permission View: can read on DAG:latest_only_with_trigger
[2024-12-10T07:56:01.635+0000] {logging_mixin.py:190} INFO - [2024-12-10T07:56:01.634+0000] {override.py:1911} INFO - Created Permission View: can edit on DAG:latest_only_with_trigger
[2024-12-10T07:56:01.644+0000] {logging_mixin.py:190} INFO - [2024-12-10T07:56:01.643+0000] {override.py:1911} INFO - Created Permission View: can delete on DAG:latest_only_with_trigger
[2024-12-10T07:56:01.655+0000] {logging_mixin.py:190} INFO - [2024-12-10T07:56:01.654+0000] {override.py:1911} INFO - Created Permission View: can read on DAG Run:latest_only_with_trigger
[2024-12-10T07:56:01.664+0000] {logging_mixin.py:190} INFO - [2024-12-10T07:56:01.664+0000] {override.py:1911} INFO - Created Permission View: menu access on DAG Run:latest_only_with_trigger
[2024-12-10T07:56:01.672+0000] {logging_mixin.py:190} INFO - [2024-12-10T07:56:01.672+0000] {override.py:1911} INFO - Created Permission View: can delete on DAG Run:latest_only_with_trigger
[2024-12-10T07:56:01.680+0000] {logging_mixin.py:190} INFO - [2024-12-10T07:56:01.680+0000] {override.py:1911} INFO - Created Permission View: can create on DAG Run:latest_only_with_trigger
[2024-12-10T07:56:01.681+0000] {logging_mixin.py:190} INFO - [2024-12-10T07:56:01.681+0000] {dag.py:3239} INFO - Sync 1 DAGs
[2024-12-10T07:56:01.698+0000] {logging_mixin.py:190} INFO - [2024-12-10T07:56:01.698+0000] {dag.py:3262} INFO - Creating ORM DAG for latest_only_with_trigger
[2024-12-10T07:56:01.711+0000] {logging_mixin.py:190} INFO - [2024-12-10T07:56:01.711+0000] {dag.py:4180} INFO - Setting next_dagrun for latest_only_with_trigger to 2024-12-10 00:00:00+00:00, run_after=2024-12-10 04:00:00+00:00
[2024-12-10T07:56:01.736+0000] {processor.py:208} INFO - Processing /home/airflow/.local/lib/python3.12/site-packages/airflow/example_dags/example_latest_only_with_trigger.py took 0.417 seconds
[2024-12-10T07:56:32.118+0000] {processor.py:186} INFO - Started process (PID=140) to work on /home/airflow/.local/lib/python3.12/site-packages/airflow/example_dags/example_latest_only_with_trigger.py
[2024-12-10T07:56:32.119+0000] {processor.py:914} INFO - Processing file /home/airflow/.local/lib/python3.12/site-packages/airflow/example_dags/example_latest_only_with_trigger.py for tasks to queue
[2024-12-10T07:56:32.123+0000] {logging_mixin.py:190} INFO - [2024-12-10T07:56:32.122+0000] {dagbag.py:588} INFO - Filling up the DagBag from /home/airflow/.local/lib/python3.12/site-packages/airflow/example_dags/example_latest_only_with_trigger.py
[2024-12-10T07:56:32.132+0000] {processor.py:925} INFO - DAG(s) 'latest_only_with_trigger' retrieved from /home/airflow/.local/lib/python3.12/site-packages/airflow/example_dags/example_latest_only_with_trigger.py
[2024-12-10T07:56:32.157+0000] {logging_mixin.py:190} INFO - [2024-12-10T07:56:32.156+0000] {dag.py:3239} INFO - Sync 1 DAGs
[2024-12-10T07:56:32.185+0000] {logging_mixin.py:190} INFO - [2024-12-10T07:56:32.185+0000] {dag.py:4180} INFO - Setting next_dagrun for latest_only_with_trigger to 2024-12-10 00:00:00+00:00, run_after=2024-12-10 04:00:00+00:00
[2024-12-10T07:56:32.209+0000] {processor.py:208} INFO - Processing /home/airflow/.local/lib/python3.12/site-packages/airflow/example_dags/example_latest_only_with_trigger.py took 0.098 seconds
[2024-12-10T07:57:02.815+0000] {processor.py:186} INFO - Started process (PID=203) to work on /home/airflow/.local/lib/python3.12/site-packages/airflow/example_dags/example_latest_only_with_trigger.py
[2024-12-10T07:57:02.816+0000] {processor.py:914} INFO - Processing file /home/airflow/.local/lib/python3.12/site-packages/airflow/example_dags/example_latest_only_with_trigger.py for tasks to queue
[2024-12-10T07:57:02.820+0000] {logging_mixin.py:190} INFO - [2024-12-10T07:57:02.820+0000] {dagbag.py:588} INFO - Filling up the DagBag from /home/airflow/.local/lib/python3.12/site-packages/airflow/example_dags/example_latest_only_with_trigger.py
[2024-12-10T07:57:02.829+0000] {processor.py:925} INFO - DAG(s) 'latest_only_with_trigger' retrieved from /home/airflow/.local/lib/python3.12/site-packages/airflow/example_dags/example_latest_only_with_trigger.py
[2024-12-10T07:57:02.851+0000] {logging_mixin.py:190} INFO - [2024-12-10T07:57:02.851+0000] {dag.py:3239} INFO - Sync 1 DAGs
[2024-12-10T07:57:02.878+0000] {logging_mixin.py:190} INFO - [2024-12-10T07:57:02.878+0000] {dag.py:4180} INFO - Setting next_dagrun for latest_only_with_trigger to 2024-12-10 00:00:00+00:00, run_after=2024-12-10 04:00:00+00:00
[2024-12-10T07:57:02.898+0000] {processor.py:208} INFO - Processing /home/airflow/.local/lib/python3.12/site-packages/airflow/example_dags/example_latest_only_with_trigger.py took 0.091 seconds
[2024-12-10T07:57:33.152+0000] {processor.py:186} INFO - Started process (PID=266) to work on /home/airflow/.local/lib/python3.12/site-packages/airflow/example_dags/example_latest_only_with_trigger.py
[2024-12-10T07:57:33.153+0000] {processor.py:914} INFO - Processing file /home/airflow/.local/lib/python3.12/site-packages/airflow/example_dags/example_latest_only_with_trigger.py for tasks to queue
[2024-12-10T07:57:33.155+0000] {logging_mixin.py:190} INFO - [2024-12-10T07:57:33.155+0000] {dagbag.py:588} INFO - Filling up the DagBag from /home/airflow/.local/lib/python3.12/site-packages/airflow/example_dags/example_latest_only_with_trigger.py
[2024-12-10T07:57:33.163+0000] {processor.py:925} INFO - DAG(s) 'latest_only_with_trigger' retrieved from /home/airflow/.local/lib/python3.12/site-packages/airflow/example_dags/example_latest_only_with_trigger.py
[2024-12-10T07:57:33.184+0000] {logging_mixin.py:190} INFO - [2024-12-10T07:57:33.184+0000] {dag.py:3239} INFO - Sync 1 DAGs
[2024-12-10T07:57:33.207+0000] {logging_mixin.py:190} INFO - [2024-12-10T07:57:33.207+0000] {dag.py:4180} INFO - Setting next_dagrun for latest_only_with_trigger to 2024-12-10 00:00:00+00:00, run_after=2024-12-10 04:00:00+00:00
[2024-12-10T07:57:33.230+0000] {processor.py:208} INFO - Processing /home/airflow/.local/lib/python3.12/site-packages/airflow/example_dags/example_latest_only_with_trigger.py took 0.084 seconds
[2024-12-10T07:58:03.897+0000] {processor.py:186} INFO - Started process (PID=329) to work on /home/airflow/.local/lib/python3.12/site-packages/airflow/example_dags/example_latest_only_with_trigger.py
[2024-12-10T07:58:03.898+0000] {processor.py:914} INFO - Processing file /home/airflow/.local/lib/python3.12/site-packages/airflow/example_dags/example_latest_only_with_trigger.py for tasks to queue
[2024-12-10T07:58:03.900+0000] {logging_mixin.py:190} INFO - [2024-12-10T07:58:03.900+0000] {dagbag.py:588} INFO - Filling up the DagBag from /home/airflow/.local/lib/python3.12/site-packages/airflow/example_dags/example_latest_only_with_trigger.py
[2024-12-10T07:58:03.909+0000] {processor.py:925} INFO - DAG(s) 'latest_only_with_trigger' retrieved from /home/airflow/.local/lib/python3.12/site-packages/airflow/example_dags/example_latest_only_with_trigger.py
[2024-12-10T07:58:03.929+0000] {logging_mixin.py:190} INFO - [2024-12-10T07:58:03.929+0000] {dag.py:3239} INFO - Sync 1 DAGs
[2024-12-10T07:58:03.954+0000] {logging_mixin.py:190} INFO - [2024-12-10T07:58:03.953+0000] {dag.py:4180} INFO - Setting next_dagrun for latest_only_with_trigger to 2024-12-10 00:00:00+00:00, run_after=2024-12-10 04:00:00+00:00
[2024-12-10T07:58:03.977+0000] {processor.py:208} INFO - Processing /home/airflow/.local/lib/python3.12/site-packages/airflow/example_dags/example_latest_only_with_trigger.py took 0.086 seconds
[2024-12-10T07:58:34.930+0000] {processor.py:186} INFO - Started process (PID=392) to work on /home/airflow/.local/lib/python3.12/site-packages/airflow/example_dags/example_latest_only_with_trigger.py
[2024-12-10T07:58:34.932+0000] {processor.py:914} INFO - Processing file /home/airflow/.local/lib/python3.12/site-packages/airflow/example_dags/example_latest_only_with_trigger.py for tasks to queue
[2024-12-10T07:58:34.935+0000] {logging_mixin.py:190} INFO - [2024-12-10T07:58:34.934+0000] {dagbag.py:588} INFO - Filling up the DagBag from /home/airflow/.local/lib/python3.12/site-packages/airflow/example_dags/example_latest_only_with_trigger.py
[2024-12-10T07:58:34.945+0000] {processor.py:925} INFO - DAG(s) 'latest_only_with_trigger' retrieved from /home/airflow/.local/lib/python3.12/site-packages/airflow/example_dags/example_latest_only_with_trigger.py
[2024-12-10T07:58:34.970+0000] {logging_mixin.py:190} INFO - [2024-12-10T07:58:34.970+0000] {dag.py:3239} INFO - Sync 1 DAGs
[2024-12-10T07:58:34.996+0000] {logging_mixin.py:190} INFO - [2024-12-10T07:58:34.996+0000] {dag.py:4180} INFO - Setting next_dagrun for latest_only_with_trigger to 2024-12-10 00:00:00+00:00, run_after=2024-12-10 04:00:00+00:00
[2024-12-10T07:58:35.024+0000] {processor.py:208} INFO - Processing /home/airflow/.local/lib/python3.12/site-packages/airflow/example_dags/example_latest_only_with_trigger.py took 0.100 seconds
[2024-12-10T07:59:05.286+0000] {processor.py:186} INFO - Started process (PID=455) to work on /home/airflow/.local/lib/python3.12/site-packages/airflow/example_dags/example_latest_only_with_trigger.py
[2024-12-10T07:59:05.289+0000] {processor.py:914} INFO - Processing file /home/airflow/.local/lib/python3.12/site-packages/airflow/example_dags/example_latest_only_with_trigger.py for tasks to queue
[2024-12-10T07:59:05.293+0000] {logging_mixin.py:190} INFO - [2024-12-10T07:59:05.292+0000] {dagbag.py:588} INFO - Filling up the DagBag from /home/airflow/.local/lib/python3.12/site-packages/airflow/example_dags/example_latest_only_with_trigger.py
[2024-12-10T07:59:05.308+0000] {processor.py:925} INFO - DAG(s) 'latest_only_with_trigger' retrieved from /home/airflow/.local/lib/python3.12/site-packages/airflow/example_dags/example_latest_only_with_trigger.py
[2024-12-10T07:59:05.340+0000] {logging_mixin.py:190} INFO - [2024-12-10T07:59:05.340+0000] {dag.py:3239} INFO - Sync 1 DAGs
[2024-12-10T07:59:05.376+0000] {logging_mixin.py:190} INFO - [2024-12-10T07:59:05.375+0000] {dag.py:4180} INFO - Setting next_dagrun for latest_only_with_trigger to 2024-12-10 00:00:00+00:00, run_after=2024-12-10 04:00:00+00:00
[2024-12-10T07:59:05.409+0000] {processor.py:208} INFO - Processing /home/airflow/.local/lib/python3.12/site-packages/airflow/example_dags/example_latest_only_with_trigger.py took 0.136 seconds
[2024-12-10T07:59:35.616+0000] {processor.py:186} INFO - Started process (PID=518) to work on /home/airflow/.local/lib/python3.12/site-packages/airflow/example_dags/example_latest_only_with_trigger.py
[2024-12-10T07:59:35.617+0000] {processor.py:914} INFO - Processing file /home/airflow/.local/lib/python3.12/site-packages/airflow/example_dags/example_latest_only_with_trigger.py for tasks to queue
[2024-12-10T07:59:35.621+0000] {logging_mixin.py:190} INFO - [2024-12-10T07:59:35.621+0000] {dagbag.py:588} INFO - Filling up the DagBag from /home/airflow/.local/lib/python3.12/site-packages/airflow/example_dags/example_latest_only_with_trigger.py
[2024-12-10T07:59:35.633+0000] {processor.py:925} INFO - DAG(s) 'latest_only_with_trigger' retrieved from /home/airflow/.local/lib/python3.12/site-packages/airflow/example_dags/example_latest_only_with_trigger.py
[2024-12-10T07:59:35.670+0000] {logging_mixin.py:190} INFO - [2024-12-10T07:59:35.669+0000] {dag.py:3239} INFO - Sync 1 DAGs
[2024-12-10T07:59:35.708+0000] {logging_mixin.py:190} INFO - [2024-12-10T07:59:35.707+0000] {dag.py:4180} INFO - Setting next_dagrun for latest_only_with_trigger to 2024-12-10 00:00:00+00:00, run_after=2024-12-10 04:00:00+00:00
[2024-12-10T07:59:35.755+0000] {processor.py:208} INFO - Processing /home/airflow/.local/lib/python3.12/site-packages/airflow/example_dags/example_latest_only_with_trigger.py took 0.147 seconds
[2024-12-10T08:00:05.875+0000] {processor.py:186} INFO - Started process (PID=580) to work on /home/airflow/.local/lib/python3.12/site-packages/airflow/example_dags/example_latest_only_with_trigger.py
[2024-12-10T08:00:05.876+0000] {processor.py:914} INFO - Processing file /home/airflow/.local/lib/python3.12/site-packages/airflow/example_dags/example_latest_only_with_trigger.py for tasks to queue
[2024-12-10T08:00:05.879+0000] {logging_mixin.py:190} INFO - [2024-12-10T08:00:05.879+0000] {dagbag.py:588} INFO - Filling up the DagBag from /home/airflow/.local/lib/python3.12/site-packages/airflow/example_dags/example_latest_only_with_trigger.py
[2024-12-10T08:00:05.887+0000] {processor.py:925} INFO - DAG(s) 'latest_only_with_trigger' retrieved from /home/airflow/.local/lib/python3.12/site-packages/airflow/example_dags/example_latest_only_with_trigger.py
[2024-12-10T08:00:05.909+0000] {logging_mixin.py:190} INFO - [2024-12-10T08:00:05.908+0000] {dag.py:3239} INFO - Sync 1 DAGs
[2024-12-10T08:00:05.938+0000] {logging_mixin.py:190} INFO - [2024-12-10T08:00:05.938+0000] {dag.py:4180} INFO - Setting next_dagrun for latest_only_with_trigger to 2024-12-10 04:00:00+00:00, run_after=2024-12-10 08:00:00+00:00
[2024-12-10T08:00:05.958+0000] {processor.py:208} INFO - Processing /home/airflow/.local/lib/python3.12/site-packages/airflow/example_dags/example_latest_only_with_trigger.py took 0.089 seconds
[2024-12-10T08:00:36.784+0000] {processor.py:186} INFO - Started process (PID=644) to work on /home/airflow/.local/lib/python3.12/site-packages/airflow/example_dags/example_latest_only_with_trigger.py
[2024-12-10T08:00:36.785+0000] {processor.py:914} INFO - Processing file /home/airflow/.local/lib/python3.12/site-packages/airflow/example_dags/example_latest_only_with_trigger.py for tasks to queue
[2024-12-10T08:00:36.787+0000] {logging_mixin.py:190} INFO - [2024-12-10T08:00:36.787+0000] {dagbag.py:588} INFO - Filling up the DagBag from /home/airflow/.local/lib/python3.12/site-packages/airflow/example_dags/example_latest_only_with_trigger.py
[2024-12-10T08:00:36.795+0000] {processor.py:925} INFO - DAG(s) 'latest_only_with_trigger' retrieved from /home/airflow/.local/lib/python3.12/site-packages/airflow/example_dags/example_latest_only_with_trigger.py
[2024-12-10T08:00:36.814+0000] {logging_mixin.py:190} INFO - [2024-12-10T08:00:36.814+0000] {dag.py:3239} INFO - Sync 1 DAGs
[2024-12-10T08:00:36.839+0000] {logging_mixin.py:190} INFO - [2024-12-10T08:00:36.839+0000] {dag.py:4180} INFO - Setting next_dagrun for latest_only_with_trigger to 2024-12-10 04:00:00+00:00, run_after=2024-12-10 08:00:00+00:00
[2024-12-10T08:00:36.859+0000] {processor.py:208} INFO - Processing /home/airflow/.local/lib/python3.12/site-packages/airflow/example_dags/example_latest_only_with_trigger.py took 0.080 seconds
[2024-12-10T08:01:07.232+0000] {processor.py:186} INFO - Started process (PID=707) to work on /home/airflow/.local/lib/python3.12/site-packages/airflow/example_dags/example_latest_only_with_trigger.py
[2024-12-10T08:01:07.234+0000] {processor.py:914} INFO - Processing file /home/airflow/.local/lib/python3.12/site-packages/airflow/example_dags/example_latest_only_with_trigger.py for tasks to queue
[2024-12-10T08:01:07.237+0000] {logging_mixin.py:190} INFO - [2024-12-10T08:01:07.236+0000] {dagbag.py:588} INFO - Filling up the DagBag from /home/airflow/.local/lib/python3.12/site-packages/airflow/example_dags/example_latest_only_with_trigger.py
[2024-12-10T08:01:07.245+0000] {processor.py:925} INFO - DAG(s) 'latest_only_with_trigger' retrieved from /home/airflow/.local/lib/python3.12/site-packages/airflow/example_dags/example_latest_only_with_trigger.py
[2024-12-10T08:01:07.273+0000] {logging_mixin.py:190} INFO - [2024-12-10T08:01:07.273+0000] {dag.py:3239} INFO - Sync 1 DAGs
[2024-12-10T08:01:07.304+0000] {logging_mixin.py:190} INFO - [2024-12-10T08:01:07.304+0000] {dag.py:4180} INFO - Setting next_dagrun for latest_only_with_trigger to 2024-12-10 04:00:00+00:00, run_after=2024-12-10 08:00:00+00:00
[2024-12-10T08:01:07.327+0000] {processor.py:208} INFO - Processing /home/airflow/.local/lib/python3.12/site-packages/airflow/example_dags/example_latest_only_with_trigger.py took 0.103 seconds
[2024-12-10T08:01:37.375+0000] {processor.py:186} INFO - Started process (PID=769) to work on /home/airflow/.local/lib/python3.12/site-packages/airflow/example_dags/example_latest_only_with_trigger.py
[2024-12-10T08:01:37.377+0000] {processor.py:914} INFO - Processing file /home/airflow/.local/lib/python3.12/site-packages/airflow/example_dags/example_latest_only_with_trigger.py for tasks to queue
[2024-12-10T08:01:37.379+0000] {logging_mixin.py:190} INFO - [2024-12-10T08:01:37.379+0000] {dagbag.py:588} INFO - Filling up the DagBag from /home/airflow/.local/lib/python3.12/site-packages/airflow/example_dags/example_latest_only_with_trigger.py
[2024-12-10T08:01:37.386+0000] {processor.py:925} INFO - DAG(s) 'latest_only_with_trigger' retrieved from /home/airflow/.local/lib/python3.12/site-packages/airflow/example_dags/example_latest_only_with_trigger.py
[2024-12-10T08:01:37.405+0000] {logging_mixin.py:190} INFO - [2024-12-10T08:01:37.405+0000] {dag.py:3239} INFO - Sync 1 DAGs
[2024-12-10T08:01:37.428+0000] {logging_mixin.py:190} INFO - [2024-12-10T08:01:37.428+0000] {dag.py:4180} INFO - Setting next_dagrun for latest_only_with_trigger to 2024-12-10 04:00:00+00:00, run_after=2024-12-10 08:00:00+00:00
[2024-12-10T08:01:37.446+0000] {processor.py:208} INFO - Processing /home/airflow/.local/lib/python3.12/site-packages/airflow/example_dags/example_latest_only_with_trigger.py took 0.076 seconds
[2024-12-10T08:02:07.905+0000] {processor.py:186} INFO - Started process (PID=833) to work on /home/airflow/.local/lib/python3.12/site-packages/airflow/example_dags/example_latest_only_with_trigger.py
[2024-12-10T08:02:07.906+0000] {processor.py:914} INFO - Processing file /home/airflow/.local/lib/python3.12/site-packages/airflow/example_dags/example_latest_only_with_trigger.py for tasks to queue
[2024-12-10T08:02:07.909+0000] {logging_mixin.py:190} INFO - [2024-12-10T08:02:07.909+0000] {dagbag.py:588} INFO - Filling up the DagBag from /home/airflow/.local/lib/python3.12/site-packages/airflow/example_dags/example_latest_only_with_trigger.py
[2024-12-10T08:02:07.919+0000] {processor.py:925} INFO - DAG(s) 'latest_only_with_trigger' retrieved from /home/airflow/.local/lib/python3.12/site-packages/airflow/example_dags/example_latest_only_with_trigger.py
[2024-12-10T08:02:07.942+0000] {logging_mixin.py:190} INFO - [2024-12-10T08:02:07.941+0000] {dag.py:3239} INFO - Sync 1 DAGs
[2024-12-10T08:02:07.968+0000] {logging_mixin.py:190} INFO - [2024-12-10T08:02:07.968+0000] {dag.py:4180} INFO - Setting next_dagrun for latest_only_with_trigger to 2024-12-10 04:00:00+00:00, run_after=2024-12-10 08:00:00+00:00
[2024-12-10T08:02:07.991+0000] {processor.py:208} INFO - Processing /home/airflow/.local/lib/python3.12/site-packages/airflow/example_dags/example_latest_only_with_trigger.py took 0.092 seconds
[2024-12-10T08:02:38.280+0000] {processor.py:186} INFO - Started process (PID=896) to work on /home/airflow/.local/lib/python3.12/site-packages/airflow/example_dags/example_latest_only_with_trigger.py
[2024-12-10T08:02:38.281+0000] {processor.py:914} INFO - Processing file /home/airflow/.local/lib/python3.12/site-packages/airflow/example_dags/example_latest_only_with_trigger.py for tasks to queue
[2024-12-10T08:02:38.285+0000] {logging_mixin.py:190} INFO - [2024-12-10T08:02:38.284+0000] {dagbag.py:588} INFO - Filling up the DagBag from /home/airflow/.local/lib/python3.12/site-packages/airflow/example_dags/example_latest_only_with_trigger.py
[2024-12-10T08:02:38.293+0000] {processor.py:925} INFO - DAG(s) 'latest_only_with_trigger' retrieved from /home/airflow/.local/lib/python3.12/site-packages/airflow/example_dags/example_latest_only_with_trigger.py
[2024-12-10T08:02:38.314+0000] {logging_mixin.py:190} INFO - [2024-12-10T08:02:38.314+0000] {dag.py:3239} INFO - Sync 1 DAGs
[2024-12-10T08:02:38.340+0000] {logging_mixin.py:190} INFO - [2024-12-10T08:02:38.340+0000] {dag.py:4180} INFO - Setting next_dagrun for latest_only_with_trigger to 2024-12-10 04:00:00+00:00, run_after=2024-12-10 08:00:00+00:00
[2024-12-10T08:02:38.361+0000] {processor.py:208} INFO - Processing /home/airflow/.local/lib/python3.12/site-packages/airflow/example_dags/example_latest_only_with_trigger.py took 0.089 seconds
[2024-12-10T08:03:08.500+0000] {processor.py:186} INFO - Started process (PID=959) to work on /home/airflow/.local/lib/python3.12/site-packages/airflow/example_dags/example_latest_only_with_trigger.py
[2024-12-10T08:03:08.501+0000] {processor.py:914} INFO - Processing file /home/airflow/.local/lib/python3.12/site-packages/airflow/example_dags/example_latest_only_with_trigger.py for tasks to queue
[2024-12-10T08:03:08.504+0000] {logging_mixin.py:190} INFO - [2024-12-10T08:03:08.504+0000] {dagbag.py:588} INFO - Filling up the DagBag from /home/airflow/.local/lib/python3.12/site-packages/airflow/example_dags/example_latest_only_with_trigger.py
[2024-12-10T08:03:08.513+0000] {processor.py:925} INFO - DAG(s) 'latest_only_with_trigger' retrieved from /home/airflow/.local/lib/python3.12/site-packages/airflow/example_dags/example_latest_only_with_trigger.py
[2024-12-10T08:03:08.544+0000] {logging_mixin.py:190} INFO - [2024-12-10T08:03:08.543+0000] {dag.py:3239} INFO - Sync 1 DAGs
[2024-12-10T08:03:08.580+0000] {logging_mixin.py:190} INFO - [2024-12-10T08:03:08.579+0000] {dag.py:4180} INFO - Setting next_dagrun for latest_only_with_trigger to 2024-12-10 04:00:00+00:00, run_after=2024-12-10 08:00:00+00:00
[2024-12-10T08:03:08.607+0000] {processor.py:208} INFO - Processing /home/airflow/.local/lib/python3.12/site-packages/airflow/example_dags/example_latest_only_with_trigger.py took 0.115 seconds
[2024-12-10T08:03:38.827+0000] {processor.py:186} INFO - Started process (PID=1022) to work on /home/airflow/.local/lib/python3.12/site-packages/airflow/example_dags/example_latest_only_with_trigger.py
[2024-12-10T08:03:38.828+0000] {processor.py:914} INFO - Processing file /home/airflow/.local/lib/python3.12/site-packages/airflow/example_dags/example_latest_only_with_trigger.py for tasks to queue
[2024-12-10T08:03:38.831+0000] {logging_mixin.py:190} INFO - [2024-12-10T08:03:38.831+0000] {dagbag.py:588} INFO - Filling up the DagBag from /home/airflow/.local/lib/python3.12/site-packages/airflow/example_dags/example_latest_only_with_trigger.py
[2024-12-10T08:03:38.840+0000] {processor.py:925} INFO - DAG(s) 'latest_only_with_trigger' retrieved from /home/airflow/.local/lib/python3.12/site-packages/airflow/example_dags/example_latest_only_with_trigger.py
[2024-12-10T08:03:38.864+0000] {logging_mixin.py:190} INFO - [2024-12-10T08:03:38.863+0000] {dag.py:3239} INFO - Sync 1 DAGs
[2024-12-10T08:03:38.892+0000] {logging_mixin.py:190} INFO - [2024-12-10T08:03:38.892+0000] {dag.py:4180} INFO - Setting next_dagrun for latest_only_with_trigger to 2024-12-10 04:00:00+00:00, run_after=2024-12-10 08:00:00+00:00
[2024-12-10T08:03:38.913+0000] {processor.py:208} INFO - Processing /home/airflow/.local/lib/python3.12/site-packages/airflow/example_dags/example_latest_only_with_trigger.py took 0.093 seconds
[2024-12-10T08:04:09.162+0000] {processor.py:186} INFO - Started process (PID=1085) to work on /home/airflow/.local/lib/python3.12/site-packages/airflow/example_dags/example_latest_only_with_trigger.py
[2024-12-10T08:04:09.164+0000] {processor.py:914} INFO - Processing file /home/airflow/.local/lib/python3.12/site-packages/airflow/example_dags/example_latest_only_with_trigger.py for tasks to queue
[2024-12-10T08:04:09.168+0000] {logging_mixin.py:190} INFO - [2024-12-10T08:04:09.167+0000] {dagbag.py:588} INFO - Filling up the DagBag from /home/airflow/.local/lib/python3.12/site-packages/airflow/example_dags/example_latest_only_with_trigger.py
[2024-12-10T08:04:09.179+0000] {processor.py:925} INFO - DAG(s) 'latest_only_with_trigger' retrieved from /home/airflow/.local/lib/python3.12/site-packages/airflow/example_dags/example_latest_only_with_trigger.py
[2024-12-10T08:04:09.203+0000] {logging_mixin.py:190} INFO - [2024-12-10T08:04:09.203+0000] {dag.py:3239} INFO - Sync 1 DAGs
[2024-12-10T08:04:09.233+0000] {logging_mixin.py:190} INFO - [2024-12-10T08:04:09.232+0000] {dag.py:4180} INFO - Setting next_dagrun for latest_only_with_trigger to 2024-12-10 04:00:00+00:00, run_after=2024-12-10 08:00:00+00:00
[2024-12-10T08:04:09.256+0000] {processor.py:208} INFO - Processing /home/airflow/.local/lib/python3.12/site-packages/airflow/example_dags/example_latest_only_with_trigger.py took 0.101 seconds
[2024-12-10T08:04:40.127+0000] {processor.py:186} INFO - Started process (PID=1148) to work on /home/airflow/.local/lib/python3.12/site-packages/airflow/example_dags/example_latest_only_with_trigger.py
[2024-12-10T08:04:40.128+0000] {processor.py:914} INFO - Processing file /home/airflow/.local/lib/python3.12/site-packages/airflow/example_dags/example_latest_only_with_trigger.py for tasks to queue
[2024-12-10T08:04:40.131+0000] {logging_mixin.py:190} INFO - [2024-12-10T08:04:40.130+0000] {dagbag.py:588} INFO - Filling up the DagBag from /home/airflow/.local/lib/python3.12/site-packages/airflow/example_dags/example_latest_only_with_trigger.py
[2024-12-10T08:04:40.137+0000] {processor.py:925} INFO - DAG(s) 'latest_only_with_trigger' retrieved from /home/airflow/.local/lib/python3.12/site-packages/airflow/example_dags/example_latest_only_with_trigger.py
[2024-12-10T08:04:40.156+0000] {logging_mixin.py:190} INFO - [2024-12-10T08:04:40.155+0000] {dag.py:3239} INFO - Sync 1 DAGs
[2024-12-10T08:04:40.179+0000] {logging_mixin.py:190} INFO - [2024-12-10T08:04:40.179+0000] {dag.py:4180} INFO - Setting next_dagrun for latest_only_with_trigger to 2024-12-10 04:00:00+00:00, run_after=2024-12-10 08:00:00+00:00
[2024-12-10T08:04:40.204+0000] {processor.py:208} INFO - Processing /home/airflow/.local/lib/python3.12/site-packages/airflow/example_dags/example_latest_only_with_trigger.py took 0.082 seconds
[2024-12-10T08:05:10.380+0000] {processor.py:186} INFO - Started process (PID=1211) to work on /home/airflow/.local/lib/python3.12/site-packages/airflow/example_dags/example_latest_only_with_trigger.py
[2024-12-10T08:05:10.381+0000] {processor.py:914} INFO - Processing file /home/airflow/.local/lib/python3.12/site-packages/airflow/example_dags/example_latest_only_with_trigger.py for tasks to queue
[2024-12-10T08:05:10.383+0000] {logging_mixin.py:190} INFO - [2024-12-10T08:05:10.383+0000] {dagbag.py:588} INFO - Filling up the DagBag from /home/airflow/.local/lib/python3.12/site-packages/airflow/example_dags/example_latest_only_with_trigger.py
[2024-12-10T08:05:10.391+0000] {processor.py:925} INFO - DAG(s) 'latest_only_with_trigger' retrieved from /home/airflow/.local/lib/python3.12/site-packages/airflow/example_dags/example_latest_only_with_trigger.py
[2024-12-10T08:05:10.414+0000] {logging_mixin.py:190} INFO - [2024-12-10T08:05:10.413+0000] {dag.py:3239} INFO - Sync 1 DAGs
[2024-12-10T08:05:10.442+0000] {logging_mixin.py:190} INFO - [2024-12-10T08:05:10.441+0000] {dag.py:4180} INFO - Setting next_dagrun for latest_only_with_trigger to 2024-12-10 04:00:00+00:00, run_after=2024-12-10 08:00:00+00:00
[2024-12-10T08:05:10.467+0000] {processor.py:208} INFO - Processing /home/airflow/.local/lib/python3.12/site-packages/airflow/example_dags/example_latest_only_with_trigger.py took 0.094 seconds
[2024-12-10T08:05:41.272+0000] {processor.py:186} INFO - Started process (PID=1274) to work on /home/airflow/.local/lib/python3.12/site-packages/airflow/example_dags/example_latest_only_with_trigger.py
[2024-12-10T08:05:41.274+0000] {processor.py:914} INFO - Processing file /home/airflow/.local/lib/python3.12/site-packages/airflow/example_dags/example_latest_only_with_trigger.py for tasks to queue
[2024-12-10T08:05:41.276+0000] {logging_mixin.py:190} INFO - [2024-12-10T08:05:41.276+0000] {dagbag.py:588} INFO - Filling up the DagBag from /home/airflow/.local/lib/python3.12/site-packages/airflow/example_dags/example_latest_only_with_trigger.py
[2024-12-10T08:05:41.285+0000] {processor.py:925} INFO - DAG(s) 'latest_only_with_trigger' retrieved from /home/airflow/.local/lib/python3.12/site-packages/airflow/example_dags/example_latest_only_with_trigger.py
[2024-12-10T08:05:41.308+0000] {logging_mixin.py:190} INFO - [2024-12-10T08:05:41.307+0000] {dag.py:3239} INFO - Sync 1 DAGs
[2024-12-10T08:05:41.335+0000] {logging_mixin.py:190} INFO - [2024-12-10T08:05:41.335+0000] {dag.py:4180} INFO - Setting next_dagrun for latest_only_with_trigger to 2024-12-10 04:00:00+00:00, run_after=2024-12-10 08:00:00+00:00
[2024-12-10T08:05:41.361+0000] {processor.py:208} INFO - Processing /home/airflow/.local/lib/python3.12/site-packages/airflow/example_dags/example_latest_only_with_trigger.py took 0.095 seconds
[2024-12-10T08:06:11.503+0000] {processor.py:186} INFO - Started process (PID=1337) to work on /home/airflow/.local/lib/python3.12/site-packages/airflow/example_dags/example_latest_only_with_trigger.py
[2024-12-10T08:06:11.504+0000] {processor.py:914} INFO - Processing file /home/airflow/.local/lib/python3.12/site-packages/airflow/example_dags/example_latest_only_with_trigger.py for tasks to queue
[2024-12-10T08:06:11.507+0000] {logging_mixin.py:190} INFO - [2024-12-10T08:06:11.507+0000] {dagbag.py:588} INFO - Filling up the DagBag from /home/airflow/.local/lib/python3.12/site-packages/airflow/example_dags/example_latest_only_with_trigger.py
[2024-12-10T08:06:11.515+0000] {processor.py:925} INFO - DAG(s) 'latest_only_with_trigger' retrieved from /home/airflow/.local/lib/python3.12/site-packages/airflow/example_dags/example_latest_only_with_trigger.py
[2024-12-10T08:06:11.538+0000] {logging_mixin.py:190} INFO - [2024-12-10T08:06:11.538+0000] {dag.py:3239} INFO - Sync 1 DAGs
[2024-12-10T08:06:11.573+0000] {logging_mixin.py:190} INFO - [2024-12-10T08:06:11.572+0000] {dag.py:4180} INFO - Setting next_dagrun for latest_only_with_trigger to 2024-12-10 04:00:00+00:00, run_after=2024-12-10 08:00:00+00:00
[2024-12-10T08:06:11.602+0000] {processor.py:208} INFO - Processing /home/airflow/.local/lib/python3.12/site-packages/airflow/example_dags/example_latest_only_with_trigger.py took 0.105 seconds
[2024-12-10T08:06:42.376+0000] {processor.py:186} INFO - Started process (PID=1400) to work on /home/airflow/.local/lib/python3.12/site-packages/airflow/example_dags/example_latest_only_with_trigger.py
[2024-12-10T08:06:42.378+0000] {processor.py:914} INFO - Processing file /home/airflow/.local/lib/python3.12/site-packages/airflow/example_dags/example_latest_only_with_trigger.py for tasks to queue
[2024-12-10T08:06:42.382+0000] {logging_mixin.py:190} INFO - [2024-12-10T08:06:42.381+0000] {dagbag.py:588} INFO - Filling up the DagBag from /home/airflow/.local/lib/python3.12/site-packages/airflow/example_dags/example_latest_only_with_trigger.py
[2024-12-10T08:06:42.399+0000] {processor.py:925} INFO - DAG(s) 'latest_only_with_trigger' retrieved from /home/airflow/.local/lib/python3.12/site-packages/airflow/example_dags/example_latest_only_with_trigger.py
[2024-12-10T08:06:42.435+0000] {logging_mixin.py:190} INFO - [2024-12-10T08:06:42.434+0000] {dag.py:3239} INFO - Sync 1 DAGs
[2024-12-10T08:06:42.473+0000] {logging_mixin.py:190} INFO - [2024-12-10T08:06:42.473+0000] {dag.py:4180} INFO - Setting next_dagrun for latest_only_with_trigger to 2024-12-10 04:00:00+00:00, run_after=2024-12-10 08:00:00+00:00
[2024-12-10T08:06:42.500+0000] {processor.py:208} INFO - Processing /home/airflow/.local/lib/python3.12/site-packages/airflow/example_dags/example_latest_only_with_trigger.py took 0.135 seconds
[2024-12-10T08:08:24.388+0000] {processor.py:186} INFO - Started process (PID=77) to work on /home/airflow/.local/lib/python3.12/site-packages/airflow/example_dags/example_latest_only_with_trigger.py
[2024-12-10T08:08:24.390+0000] {processor.py:914} INFO - Processing file /home/airflow/.local/lib/python3.12/site-packages/airflow/example_dags/example_latest_only_with_trigger.py for tasks to queue
[2024-12-10T08:08:24.393+0000] {logging_mixin.py:190} INFO - [2024-12-10T08:08:24.392+0000] {dagbag.py:588} INFO - Filling up the DagBag from /home/airflow/.local/lib/python3.12/site-packages/airflow/example_dags/example_latest_only_with_trigger.py
[2024-12-10T08:08:24.416+0000] {processor.py:925} INFO - DAG(s) 'latest_only_with_trigger' retrieved from /home/airflow/.local/lib/python3.12/site-packages/airflow/example_dags/example_latest_only_with_trigger.py
[2024-12-10T08:08:24.464+0000] {logging_mixin.py:190} INFO - [2024-12-10T08:08:24.464+0000] {dag.py:3239} INFO - Sync 1 DAGs
[2024-12-10T08:08:24.502+0000] {logging_mixin.py:190} INFO - [2024-12-10T08:08:24.501+0000] {dag.py:4180} INFO - Setting next_dagrun for latest_only_with_trigger to 2024-12-10 04:00:00+00:00, run_after=2024-12-10 08:00:00+00:00
[2024-12-10T08:08:24.645+0000] {processor.py:208} INFO - Processing /home/airflow/.local/lib/python3.12/site-packages/airflow/example_dags/example_latest_only_with_trigger.py took 0.263 seconds
[2024-12-10T08:08:55.021+0000] {processor.py:186} INFO - Started process (PID=140) to work on /home/airflow/.local/lib/python3.12/site-packages/airflow/example_dags/example_latest_only_with_trigger.py
[2024-12-10T08:08:55.022+0000] {processor.py:914} INFO - Processing file /home/airflow/.local/lib/python3.12/site-packages/airflow/example_dags/example_latest_only_with_trigger.py for tasks to queue
[2024-12-10T08:08:55.025+0000] {logging_mixin.py:190} INFO - [2024-12-10T08:08:55.025+0000] {dagbag.py:588} INFO - Filling up the DagBag from /home/airflow/.local/lib/python3.12/site-packages/airflow/example_dags/example_latest_only_with_trigger.py
[2024-12-10T08:08:55.032+0000] {processor.py:925} INFO - DAG(s) 'latest_only_with_trigger' retrieved from /home/airflow/.local/lib/python3.12/site-packages/airflow/example_dags/example_latest_only_with_trigger.py
[2024-12-10T08:08:55.053+0000] {logging_mixin.py:190} INFO - [2024-12-10T08:08:55.053+0000] {dag.py:3239} INFO - Sync 1 DAGs
[2024-12-10T08:08:55.078+0000] {logging_mixin.py:190} INFO - [2024-12-10T08:08:55.078+0000] {dag.py:4180} INFO - Setting next_dagrun for latest_only_with_trigger to 2024-12-10 04:00:00+00:00, run_after=2024-12-10 08:00:00+00:00
[2024-12-10T08:08:55.100+0000] {processor.py:208} INFO - Processing /home/airflow/.local/lib/python3.12/site-packages/airflow/example_dags/example_latest_only_with_trigger.py took 0.085 seconds
[2024-12-10T08:09:25.775+0000] {processor.py:186} INFO - Started process (PID=203) to work on /home/airflow/.local/lib/python3.12/site-packages/airflow/example_dags/example_latest_only_with_trigger.py
[2024-12-10T08:09:25.776+0000] {processor.py:914} INFO - Processing file /home/airflow/.local/lib/python3.12/site-packages/airflow/example_dags/example_latest_only_with_trigger.py for tasks to queue
[2024-12-10T08:09:25.779+0000] {logging_mixin.py:190} INFO - [2024-12-10T08:09:25.778+0000] {dagbag.py:588} INFO - Filling up the DagBag from /home/airflow/.local/lib/python3.12/site-packages/airflow/example_dags/example_latest_only_with_trigger.py
[2024-12-10T08:09:25.789+0000] {processor.py:925} INFO - DAG(s) 'latest_only_with_trigger' retrieved from /home/airflow/.local/lib/python3.12/site-packages/airflow/example_dags/example_latest_only_with_trigger.py
[2024-12-10T08:09:25.814+0000] {logging_mixin.py:190} INFO - [2024-12-10T08:09:25.814+0000] {dag.py:3239} INFO - Sync 1 DAGs
[2024-12-10T08:09:25.843+0000] {logging_mixin.py:190} INFO - [2024-12-10T08:09:25.843+0000] {dag.py:4180} INFO - Setting next_dagrun for latest_only_with_trigger to 2024-12-10 04:00:00+00:00, run_after=2024-12-10 08:00:00+00:00
[2024-12-10T08:09:25.864+0000] {processor.py:208} INFO - Processing /home/airflow/.local/lib/python3.12/site-packages/airflow/example_dags/example_latest_only_with_trigger.py took 0.096 seconds
[2024-12-10T08:09:55.907+0000] {processor.py:186} INFO - Started process (PID=265) to work on /home/airflow/.local/lib/python3.12/site-packages/airflow/example_dags/example_latest_only_with_trigger.py
[2024-12-10T08:09:55.908+0000] {processor.py:914} INFO - Processing file /home/airflow/.local/lib/python3.12/site-packages/airflow/example_dags/example_latest_only_with_trigger.py for tasks to queue
[2024-12-10T08:09:55.911+0000] {logging_mixin.py:190} INFO - [2024-12-10T08:09:55.911+0000] {dagbag.py:588} INFO - Filling up the DagBag from /home/airflow/.local/lib/python3.12/site-packages/airflow/example_dags/example_latest_only_with_trigger.py
[2024-12-10T08:09:55.919+0000] {processor.py:925} INFO - DAG(s) 'latest_only_with_trigger' retrieved from /home/airflow/.local/lib/python3.12/site-packages/airflow/example_dags/example_latest_only_with_trigger.py
[2024-12-10T08:09:55.940+0000] {logging_mixin.py:190} INFO - [2024-12-10T08:09:55.940+0000] {dag.py:3239} INFO - Sync 1 DAGs
[2024-12-10T08:09:55.966+0000] {logging_mixin.py:190} INFO - [2024-12-10T08:09:55.966+0000] {dag.py:4180} INFO - Setting next_dagrun for latest_only_with_trigger to 2024-12-10 04:00:00+00:00, run_after=2024-12-10 08:00:00+00:00
[2024-12-10T08:09:55.991+0000] {processor.py:208} INFO - Processing /home/airflow/.local/lib/python3.12/site-packages/airflow/example_dags/example_latest_only_with_trigger.py took 0.089 seconds
[2024-12-10T08:10:26.106+0000] {processor.py:186} INFO - Started process (PID=328) to work on /home/airflow/.local/lib/python3.12/site-packages/airflow/example_dags/example_latest_only_with_trigger.py
[2024-12-10T08:10:26.107+0000] {processor.py:914} INFO - Processing file /home/airflow/.local/lib/python3.12/site-packages/airflow/example_dags/example_latest_only_with_trigger.py for tasks to queue
[2024-12-10T08:10:26.110+0000] {logging_mixin.py:190} INFO - [2024-12-10T08:10:26.110+0000] {dagbag.py:588} INFO - Filling up the DagBag from /home/airflow/.local/lib/python3.12/site-packages/airflow/example_dags/example_latest_only_with_trigger.py
[2024-12-10T08:10:26.121+0000] {processor.py:925} INFO - DAG(s) 'latest_only_with_trigger' retrieved from /home/airflow/.local/lib/python3.12/site-packages/airflow/example_dags/example_latest_only_with_trigger.py
[2024-12-10T08:10:26.151+0000] {logging_mixin.py:190} INFO - [2024-12-10T08:10:26.151+0000] {dag.py:3239} INFO - Sync 1 DAGs
[2024-12-10T08:10:26.189+0000] {logging_mixin.py:190} INFO - [2024-12-10T08:10:26.189+0000] {dag.py:4180} INFO - Setting next_dagrun for latest_only_with_trigger to 2024-12-10 04:00:00+00:00, run_after=2024-12-10 08:00:00+00:00
[2024-12-10T08:10:26.221+0000] {processor.py:208} INFO - Processing /home/airflow/.local/lib/python3.12/site-packages/airflow/example_dags/example_latest_only_with_trigger.py took 0.122 seconds
[2024-12-10T08:10:56.337+0000] {processor.py:186} INFO - Started process (PID=391) to work on /home/airflow/.local/lib/python3.12/site-packages/airflow/example_dags/example_latest_only_with_trigger.py
[2024-12-10T08:10:56.338+0000] {processor.py:914} INFO - Processing file /home/airflow/.local/lib/python3.12/site-packages/airflow/example_dags/example_latest_only_with_trigger.py for tasks to queue
[2024-12-10T08:10:56.341+0000] {logging_mixin.py:190} INFO - [2024-12-10T08:10:56.341+0000] {dagbag.py:588} INFO - Filling up the DagBag from /home/airflow/.local/lib/python3.12/site-packages/airflow/example_dags/example_latest_only_with_trigger.py
[2024-12-10T08:10:56.349+0000] {processor.py:925} INFO - DAG(s) 'latest_only_with_trigger' retrieved from /home/airflow/.local/lib/python3.12/site-packages/airflow/example_dags/example_latest_only_with_trigger.py
[2024-12-10T08:10:56.369+0000] {logging_mixin.py:190} INFO - [2024-12-10T08:10:56.368+0000] {dag.py:3239} INFO - Sync 1 DAGs
[2024-12-10T08:10:56.392+0000] {logging_mixin.py:190} INFO - [2024-12-10T08:10:56.392+0000] {dag.py:4180} INFO - Setting next_dagrun for latest_only_with_trigger to 2024-12-10 04:00:00+00:00, run_after=2024-12-10 08:00:00+00:00
[2024-12-10T08:10:56.410+0000] {processor.py:208} INFO - Processing /home/airflow/.local/lib/python3.12/site-packages/airflow/example_dags/example_latest_only_with_trigger.py took 0.079 seconds
[2024-12-10T08:11:26.519+0000] {processor.py:186} INFO - Started process (PID=454) to work on /home/airflow/.local/lib/python3.12/site-packages/airflow/example_dags/example_latest_only_with_trigger.py
[2024-12-10T08:11:26.520+0000] {processor.py:914} INFO - Processing file /home/airflow/.local/lib/python3.12/site-packages/airflow/example_dags/example_latest_only_with_trigger.py for tasks to queue
[2024-12-10T08:11:26.524+0000] {logging_mixin.py:190} INFO - [2024-12-10T08:11:26.523+0000] {dagbag.py:588} INFO - Filling up the DagBag from /home/airflow/.local/lib/python3.12/site-packages/airflow/example_dags/example_latest_only_with_trigger.py
[2024-12-10T08:11:26.533+0000] {processor.py:925} INFO - DAG(s) 'latest_only_with_trigger' retrieved from /home/airflow/.local/lib/python3.12/site-packages/airflow/example_dags/example_latest_only_with_trigger.py
[2024-12-10T08:11:26.558+0000] {logging_mixin.py:190} INFO - [2024-12-10T08:11:26.558+0000] {dag.py:3239} INFO - Sync 1 DAGs
[2024-12-10T08:11:26.589+0000] {logging_mixin.py:190} INFO - [2024-12-10T08:11:26.589+0000] {dag.py:4180} INFO - Setting next_dagrun for latest_only_with_trigger to 2024-12-10 04:00:00+00:00, run_after=2024-12-10 08:00:00+00:00
[2024-12-10T08:11:26.613+0000] {processor.py:208} INFO - Processing /home/airflow/.local/lib/python3.12/site-packages/airflow/example_dags/example_latest_only_with_trigger.py took 0.103 seconds
[2024-12-10T08:11:57.106+0000] {processor.py:186} INFO - Started process (PID=517) to work on /home/airflow/.local/lib/python3.12/site-packages/airflow/example_dags/example_latest_only_with_trigger.py
[2024-12-10T08:11:57.107+0000] {processor.py:914} INFO - Processing file /home/airflow/.local/lib/python3.12/site-packages/airflow/example_dags/example_latest_only_with_trigger.py for tasks to queue
[2024-12-10T08:11:57.109+0000] {logging_mixin.py:190} INFO - [2024-12-10T08:11:57.109+0000] {dagbag.py:588} INFO - Filling up the DagBag from /home/airflow/.local/lib/python3.12/site-packages/airflow/example_dags/example_latest_only_with_trigger.py
[2024-12-10T08:11:57.117+0000] {processor.py:925} INFO - DAG(s) 'latest_only_with_trigger' retrieved from /home/airflow/.local/lib/python3.12/site-packages/airflow/example_dags/example_latest_only_with_trigger.py
[2024-12-10T08:11:57.137+0000] {logging_mixin.py:190} INFO - [2024-12-10T08:11:57.137+0000] {dag.py:3239} INFO - Sync 1 DAGs
[2024-12-10T08:11:57.161+0000] {logging_mixin.py:190} INFO - [2024-12-10T08:11:57.160+0000] {dag.py:4180} INFO - Setting next_dagrun for latest_only_with_trigger to 2024-12-10 04:00:00+00:00, run_after=2024-12-10 08:00:00+00:00
[2024-12-10T08:11:57.182+0000] {processor.py:208} INFO - Processing /home/airflow/.local/lib/python3.12/site-packages/airflow/example_dags/example_latest_only_with_trigger.py took 0.082 seconds
[2024-12-10T08:12:27.304+0000] {processor.py:186} INFO - Started process (PID=580) to work on /home/airflow/.local/lib/python3.12/site-packages/airflow/example_dags/example_latest_only_with_trigger.py
[2024-12-10T08:12:27.305+0000] {processor.py:914} INFO - Processing file /home/airflow/.local/lib/python3.12/site-packages/airflow/example_dags/example_latest_only_with_trigger.py for tasks to queue
[2024-12-10T08:12:27.307+0000] {logging_mixin.py:190} INFO - [2024-12-10T08:12:27.307+0000] {dagbag.py:588} INFO - Filling up the DagBag from /home/airflow/.local/lib/python3.12/site-packages/airflow/example_dags/example_latest_only_with_trigger.py
[2024-12-10T08:12:27.314+0000] {processor.py:925} INFO - DAG(s) 'latest_only_with_trigger' retrieved from /home/airflow/.local/lib/python3.12/site-packages/airflow/example_dags/example_latest_only_with_trigger.py
[2024-12-10T08:12:27.334+0000] {logging_mixin.py:190} INFO - [2024-12-10T08:12:27.334+0000] {dag.py:3239} INFO - Sync 1 DAGs
[2024-12-10T08:12:27.360+0000] {logging_mixin.py:190} INFO - [2024-12-10T08:12:27.360+0000] {dag.py:4180} INFO - Setting next_dagrun for latest_only_with_trigger to 2024-12-10 04:00:00+00:00, run_after=2024-12-10 08:00:00+00:00
[2024-12-10T08:12:27.382+0000] {processor.py:208} INFO - Processing /home/airflow/.local/lib/python3.12/site-packages/airflow/example_dags/example_latest_only_with_trigger.py took 0.083 seconds
[2024-12-10T08:12:58.046+0000] {processor.py:186} INFO - Started process (PID=643) to work on /home/airflow/.local/lib/python3.12/site-packages/airflow/example_dags/example_latest_only_with_trigger.py
[2024-12-10T08:12:58.046+0000] {processor.py:914} INFO - Processing file /home/airflow/.local/lib/python3.12/site-packages/airflow/example_dags/example_latest_only_with_trigger.py for tasks to queue
[2024-12-10T08:12:58.049+0000] {logging_mixin.py:190} INFO - [2024-12-10T08:12:58.048+0000] {dagbag.py:588} INFO - Filling up the DagBag from /home/airflow/.local/lib/python3.12/site-packages/airflow/example_dags/example_latest_only_with_trigger.py
[2024-12-10T08:12:58.055+0000] {processor.py:925} INFO - DAG(s) 'latest_only_with_trigger' retrieved from /home/airflow/.local/lib/python3.12/site-packages/airflow/example_dags/example_latest_only_with_trigger.py
[2024-12-10T08:12:58.075+0000] {logging_mixin.py:190} INFO - [2024-12-10T08:12:58.075+0000] {dag.py:3239} INFO - Sync 1 DAGs
[2024-12-10T08:12:58.097+0000] {logging_mixin.py:190} INFO - [2024-12-10T08:12:58.097+0000] {dag.py:4180} INFO - Setting next_dagrun for latest_only_with_trigger to 2024-12-10 04:00:00+00:00, run_after=2024-12-10 08:00:00+00:00
[2024-12-10T08:12:58.121+0000] {processor.py:208} INFO - Processing /home/airflow/.local/lib/python3.12/site-packages/airflow/example_dags/example_latest_only_with_trigger.py took 0.081 seconds
[2024-12-10T08:13:28.523+0000] {processor.py:186} INFO - Started process (PID=706) to work on /home/airflow/.local/lib/python3.12/site-packages/airflow/example_dags/example_latest_only_with_trigger.py
[2024-12-10T08:13:28.524+0000] {processor.py:914} INFO - Processing file /home/airflow/.local/lib/python3.12/site-packages/airflow/example_dags/example_latest_only_with_trigger.py for tasks to queue
[2024-12-10T08:13:28.527+0000] {logging_mixin.py:190} INFO - [2024-12-10T08:13:28.526+0000] {dagbag.py:588} INFO - Filling up the DagBag from /home/airflow/.local/lib/python3.12/site-packages/airflow/example_dags/example_latest_only_with_trigger.py
[2024-12-10T08:13:28.536+0000] {processor.py:925} INFO - DAG(s) 'latest_only_with_trigger' retrieved from /home/airflow/.local/lib/python3.12/site-packages/airflow/example_dags/example_latest_only_with_trigger.py
[2024-12-10T08:13:28.559+0000] {logging_mixin.py:190} INFO - [2024-12-10T08:13:28.559+0000] {dag.py:3239} INFO - Sync 1 DAGs
[2024-12-10T08:13:28.591+0000] {logging_mixin.py:190} INFO - [2024-12-10T08:13:28.590+0000] {dag.py:4180} INFO - Setting next_dagrun for latest_only_with_trigger to 2024-12-10 04:00:00+00:00, run_after=2024-12-10 08:00:00+00:00
[2024-12-10T08:13:28.617+0000] {processor.py:208} INFO - Processing /home/airflow/.local/lib/python3.12/site-packages/airflow/example_dags/example_latest_only_with_trigger.py took 0.100 seconds
[2024-12-10T08:13:59.072+0000] {processor.py:186} INFO - Started process (PID=769) to work on /home/airflow/.local/lib/python3.12/site-packages/airflow/example_dags/example_latest_only_with_trigger.py
[2024-12-10T08:13:59.073+0000] {processor.py:914} INFO - Processing file /home/airflow/.local/lib/python3.12/site-packages/airflow/example_dags/example_latest_only_with_trigger.py for tasks to queue
[2024-12-10T08:13:59.075+0000] {logging_mixin.py:190} INFO - [2024-12-10T08:13:59.075+0000] {dagbag.py:588} INFO - Filling up the DagBag from /home/airflow/.local/lib/python3.12/site-packages/airflow/example_dags/example_latest_only_with_trigger.py
[2024-12-10T08:13:59.083+0000] {processor.py:925} INFO - DAG(s) 'latest_only_with_trigger' retrieved from /home/airflow/.local/lib/python3.12/site-packages/airflow/example_dags/example_latest_only_with_trigger.py
[2024-12-10T08:13:59.105+0000] {logging_mixin.py:190} INFO - [2024-12-10T08:13:59.105+0000] {dag.py:3239} INFO - Sync 1 DAGs
[2024-12-10T08:13:59.130+0000] {logging_mixin.py:190} INFO - [2024-12-10T08:13:59.130+0000] {dag.py:4180} INFO - Setting next_dagrun for latest_only_with_trigger to 2024-12-10 04:00:00+00:00, run_after=2024-12-10 08:00:00+00:00
[2024-12-10T08:13:59.164+0000] {processor.py:208} INFO - Processing /home/airflow/.local/lib/python3.12/site-packages/airflow/example_dags/example_latest_only_with_trigger.py took 0.098 seconds
[2024-12-10T08:15:30.963+0000] {processor.py:186} INFO - Started process (PID=77) to work on /home/airflow/.local/lib/python3.12/site-packages/airflow/example_dags/example_latest_only_with_trigger.py
[2024-12-10T08:15:30.965+0000] {processor.py:914} INFO - Processing file /home/airflow/.local/lib/python3.12/site-packages/airflow/example_dags/example_latest_only_with_trigger.py for tasks to queue
[2024-12-10T08:15:30.969+0000] {logging_mixin.py:190} INFO - [2024-12-10T08:15:30.969+0000] {dagbag.py:588} INFO - Filling up the DagBag from /home/airflow/.local/lib/python3.12/site-packages/airflow/example_dags/example_latest_only_with_trigger.py
[2024-12-10T08:15:30.990+0000] {processor.py:925} INFO - DAG(s) 'latest_only_with_trigger' retrieved from /home/airflow/.local/lib/python3.12/site-packages/airflow/example_dags/example_latest_only_with_trigger.py
[2024-12-10T08:15:31.051+0000] {logging_mixin.py:190} INFO - [2024-12-10T08:15:31.051+0000] {dag.py:3239} INFO - Sync 1 DAGs
[2024-12-10T08:15:31.090+0000] {logging_mixin.py:190} INFO - [2024-12-10T08:15:31.090+0000] {dag.py:4180} INFO - Setting next_dagrun for latest_only_with_trigger to 2024-12-10 04:00:00+00:00, run_after=2024-12-10 08:00:00+00:00
[2024-12-10T08:15:31.114+0000] {processor.py:208} INFO - Processing /home/airflow/.local/lib/python3.12/site-packages/airflow/example_dags/example_latest_only_with_trigger.py took 0.167 seconds
[2024-12-10T08:16:01.729+0000] {processor.py:186} INFO - Started process (PID=140) to work on /home/airflow/.local/lib/python3.12/site-packages/airflow/example_dags/example_latest_only_with_trigger.py
[2024-12-10T08:16:01.731+0000] {processor.py:914} INFO - Processing file /home/airflow/.local/lib/python3.12/site-packages/airflow/example_dags/example_latest_only_with_trigger.py for tasks to queue
[2024-12-10T08:16:01.735+0000] {logging_mixin.py:190} INFO - [2024-12-10T08:16:01.734+0000] {dagbag.py:588} INFO - Filling up the DagBag from /home/airflow/.local/lib/python3.12/site-packages/airflow/example_dags/example_latest_only_with_trigger.py
[2024-12-10T08:16:01.749+0000] {processor.py:925} INFO - DAG(s) 'latest_only_with_trigger' retrieved from /home/airflow/.local/lib/python3.12/site-packages/airflow/example_dags/example_latest_only_with_trigger.py
[2024-12-10T08:16:01.784+0000] {logging_mixin.py:190} INFO - [2024-12-10T08:16:01.783+0000] {dag.py:3239} INFO - Sync 1 DAGs
[2024-12-10T08:16:01.832+0000] {logging_mixin.py:190} INFO - [2024-12-10T08:16:01.832+0000] {dag.py:4180} INFO - Setting next_dagrun for latest_only_with_trigger to 2024-12-10 04:00:00+00:00, run_after=2024-12-10 08:00:00+00:00
[2024-12-10T08:16:01.887+0000] {processor.py:208} INFO - Processing /home/airflow/.local/lib/python3.12/site-packages/airflow/example_dags/example_latest_only_with_trigger.py took 0.165 seconds
[2024-12-10T08:16:32.110+0000] {processor.py:186} INFO - Started process (PID=203) to work on /home/airflow/.local/lib/python3.12/site-packages/airflow/example_dags/example_latest_only_with_trigger.py
[2024-12-10T08:16:32.111+0000] {processor.py:914} INFO - Processing file /home/airflow/.local/lib/python3.12/site-packages/airflow/example_dags/example_latest_only_with_trigger.py for tasks to queue
[2024-12-10T08:16:32.114+0000] {logging_mixin.py:190} INFO - [2024-12-10T08:16:32.114+0000] {dagbag.py:588} INFO - Filling up the DagBag from /home/airflow/.local/lib/python3.12/site-packages/airflow/example_dags/example_latest_only_with_trigger.py
[2024-12-10T08:16:32.122+0000] {processor.py:925} INFO - DAG(s) 'latest_only_with_trigger' retrieved from /home/airflow/.local/lib/python3.12/site-packages/airflow/example_dags/example_latest_only_with_trigger.py
[2024-12-10T08:16:32.145+0000] {logging_mixin.py:190} INFO - [2024-12-10T08:16:32.145+0000] {dag.py:3239} INFO - Sync 1 DAGs
[2024-12-10T08:16:32.174+0000] {logging_mixin.py:190} INFO - [2024-12-10T08:16:32.174+0000] {dag.py:4180} INFO - Setting next_dagrun for latest_only_with_trigger to 2024-12-10 04:00:00+00:00, run_after=2024-12-10 08:00:00+00:00
[2024-12-10T08:16:32.197+0000] {processor.py:208} INFO - Processing /home/airflow/.local/lib/python3.12/site-packages/airflow/example_dags/example_latest_only_with_trigger.py took 0.093 seconds
[2024-12-10T08:17:02.718+0000] {processor.py:186} INFO - Started process (PID=266) to work on /home/airflow/.local/lib/python3.12/site-packages/airflow/example_dags/example_latest_only_with_trigger.py
[2024-12-10T08:17:02.720+0000] {processor.py:914} INFO - Processing file /home/airflow/.local/lib/python3.12/site-packages/airflow/example_dags/example_latest_only_with_trigger.py for tasks to queue
[2024-12-10T08:17:02.722+0000] {logging_mixin.py:190} INFO - [2024-12-10T08:17:02.722+0000] {dagbag.py:588} INFO - Filling up the DagBag from /home/airflow/.local/lib/python3.12/site-packages/airflow/example_dags/example_latest_only_with_trigger.py
[2024-12-10T08:17:02.732+0000] {processor.py:925} INFO - DAG(s) 'latest_only_with_trigger' retrieved from /home/airflow/.local/lib/python3.12/site-packages/airflow/example_dags/example_latest_only_with_trigger.py
[2024-12-10T08:17:02.756+0000] {logging_mixin.py:190} INFO - [2024-12-10T08:17:02.755+0000] {dag.py:3239} INFO - Sync 1 DAGs
[2024-12-10T08:17:02.784+0000] {logging_mixin.py:190} INFO - [2024-12-10T08:17:02.783+0000] {dag.py:4180} INFO - Setting next_dagrun for latest_only_with_trigger to 2024-12-10 04:00:00+00:00, run_after=2024-12-10 08:00:00+00:00
[2024-12-10T08:17:02.805+0000] {processor.py:208} INFO - Processing /home/airflow/.local/lib/python3.12/site-packages/airflow/example_dags/example_latest_only_with_trigger.py took 0.094 seconds
[2024-12-10T08:17:33.236+0000] {processor.py:186} INFO - Started process (PID=329) to work on /home/airflow/.local/lib/python3.12/site-packages/airflow/example_dags/example_latest_only_with_trigger.py
[2024-12-10T08:17:33.237+0000] {processor.py:914} INFO - Processing file /home/airflow/.local/lib/python3.12/site-packages/airflow/example_dags/example_latest_only_with_trigger.py for tasks to queue
[2024-12-10T08:17:33.240+0000] {logging_mixin.py:190} INFO - [2024-12-10T08:17:33.240+0000] {dagbag.py:588} INFO - Filling up the DagBag from /home/airflow/.local/lib/python3.12/site-packages/airflow/example_dags/example_latest_only_with_trigger.py
[2024-12-10T08:17:33.251+0000] {processor.py:925} INFO - DAG(s) 'latest_only_with_trigger' retrieved from /home/airflow/.local/lib/python3.12/site-packages/airflow/example_dags/example_latest_only_with_trigger.py
[2024-12-10T08:17:33.278+0000] {logging_mixin.py:190} INFO - [2024-12-10T08:17:33.277+0000] {dag.py:3239} INFO - Sync 1 DAGs
[2024-12-10T08:17:33.307+0000] {logging_mixin.py:190} INFO - [2024-12-10T08:17:33.307+0000] {dag.py:4180} INFO - Setting next_dagrun for latest_only_with_trigger to 2024-12-10 04:00:00+00:00, run_after=2024-12-10 08:00:00+00:00
[2024-12-10T08:17:33.332+0000] {processor.py:208} INFO - Processing /home/airflow/.local/lib/python3.12/site-packages/airflow/example_dags/example_latest_only_with_trigger.py took 0.102 seconds
[2024-12-10T08:18:03.560+0000] {processor.py:186} INFO - Started process (PID=392) to work on /home/airflow/.local/lib/python3.12/site-packages/airflow/example_dags/example_latest_only_with_trigger.py
[2024-12-10T08:18:03.561+0000] {processor.py:914} INFO - Processing file /home/airflow/.local/lib/python3.12/site-packages/airflow/example_dags/example_latest_only_with_trigger.py for tasks to queue
[2024-12-10T08:18:03.564+0000] {logging_mixin.py:190} INFO - [2024-12-10T08:18:03.564+0000] {dagbag.py:588} INFO - Filling up the DagBag from /home/airflow/.local/lib/python3.12/site-packages/airflow/example_dags/example_latest_only_with_trigger.py
[2024-12-10T08:18:03.572+0000] {processor.py:925} INFO - DAG(s) 'latest_only_with_trigger' retrieved from /home/airflow/.local/lib/python3.12/site-packages/airflow/example_dags/example_latest_only_with_trigger.py
[2024-12-10T08:18:03.594+0000] {logging_mixin.py:190} INFO - [2024-12-10T08:18:03.593+0000] {dag.py:3239} INFO - Sync 1 DAGs
[2024-12-10T08:18:03.620+0000] {logging_mixin.py:190} INFO - [2024-12-10T08:18:03.620+0000] {dag.py:4180} INFO - Setting next_dagrun for latest_only_with_trigger to 2024-12-10 04:00:00+00:00, run_after=2024-12-10 08:00:00+00:00
[2024-12-10T08:18:03.644+0000] {processor.py:208} INFO - Processing /home/airflow/.local/lib/python3.12/site-packages/airflow/example_dags/example_latest_only_with_trigger.py took 0.090 seconds
[2024-12-10T08:18:33.997+0000] {processor.py:186} INFO - Started process (PID=455) to work on /home/airflow/.local/lib/python3.12/site-packages/airflow/example_dags/example_latest_only_with_trigger.py
[2024-12-10T08:18:33.998+0000] {processor.py:914} INFO - Processing file /home/airflow/.local/lib/python3.12/site-packages/airflow/example_dags/example_latest_only_with_trigger.py for tasks to queue
[2024-12-10T08:18:34.001+0000] {logging_mixin.py:190} INFO - [2024-12-10T08:18:34.001+0000] {dagbag.py:588} INFO - Filling up the DagBag from /home/airflow/.local/lib/python3.12/site-packages/airflow/example_dags/example_latest_only_with_trigger.py
[2024-12-10T08:18:34.009+0000] {processor.py:925} INFO - DAG(s) 'latest_only_with_trigger' retrieved from /home/airflow/.local/lib/python3.12/site-packages/airflow/example_dags/example_latest_only_with_trigger.py
[2024-12-10T08:18:34.034+0000] {logging_mixin.py:190} INFO - [2024-12-10T08:18:34.034+0000] {dag.py:3239} INFO - Sync 1 DAGs
[2024-12-10T08:18:34.059+0000] {logging_mixin.py:190} INFO - [2024-12-10T08:18:34.059+0000] {dag.py:4180} INFO - Setting next_dagrun for latest_only_with_trigger to 2024-12-10 04:00:00+00:00, run_after=2024-12-10 08:00:00+00:00
[2024-12-10T08:18:34.086+0000] {processor.py:208} INFO - Processing /home/airflow/.local/lib/python3.12/site-packages/airflow/example_dags/example_latest_only_with_trigger.py took 0.095 seconds
[2024-12-10T08:19:04.256+0000] {processor.py:186} INFO - Started process (PID=518) to work on /home/airflow/.local/lib/python3.12/site-packages/airflow/example_dags/example_latest_only_with_trigger.py
[2024-12-10T08:19:04.257+0000] {processor.py:914} INFO - Processing file /home/airflow/.local/lib/python3.12/site-packages/airflow/example_dags/example_latest_only_with_trigger.py for tasks to queue
[2024-12-10T08:19:04.260+0000] {logging_mixin.py:190} INFO - [2024-12-10T08:19:04.260+0000] {dagbag.py:588} INFO - Filling up the DagBag from /home/airflow/.local/lib/python3.12/site-packages/airflow/example_dags/example_latest_only_with_trigger.py
[2024-12-10T08:19:04.269+0000] {processor.py:925} INFO - DAG(s) 'latest_only_with_trigger' retrieved from /home/airflow/.local/lib/python3.12/site-packages/airflow/example_dags/example_latest_only_with_trigger.py
[2024-12-10T08:19:04.288+0000] {logging_mixin.py:190} INFO - [2024-12-10T08:19:04.288+0000] {dag.py:3239} INFO - Sync 1 DAGs
[2024-12-10T08:19:04.312+0000] {logging_mixin.py:190} INFO - [2024-12-10T08:19:04.311+0000] {dag.py:4180} INFO - Setting next_dagrun for latest_only_with_trigger to 2024-12-10 04:00:00+00:00, run_after=2024-12-10 08:00:00+00:00
[2024-12-10T08:19:04.338+0000] {processor.py:208} INFO - Processing /home/airflow/.local/lib/python3.12/site-packages/airflow/example_dags/example_latest_only_with_trigger.py took 0.088 seconds
[2024-12-10T08:19:35.351+0000] {processor.py:186} INFO - Started process (PID=581) to work on /home/airflow/.local/lib/python3.12/site-packages/airflow/example_dags/example_latest_only_with_trigger.py
[2024-12-10T08:19:35.352+0000] {processor.py:914} INFO - Processing file /home/airflow/.local/lib/python3.12/site-packages/airflow/example_dags/example_latest_only_with_trigger.py for tasks to queue
[2024-12-10T08:19:35.354+0000] {logging_mixin.py:190} INFO - [2024-12-10T08:19:35.354+0000] {dagbag.py:588} INFO - Filling up the DagBag from /home/airflow/.local/lib/python3.12/site-packages/airflow/example_dags/example_latest_only_with_trigger.py
[2024-12-10T08:19:35.363+0000] {processor.py:925} INFO - DAG(s) 'latest_only_with_trigger' retrieved from /home/airflow/.local/lib/python3.12/site-packages/airflow/example_dags/example_latest_only_with_trigger.py
[2024-12-10T08:19:35.382+0000] {logging_mixin.py:190} INFO - [2024-12-10T08:19:35.382+0000] {dag.py:3239} INFO - Sync 1 DAGs
[2024-12-10T08:19:35.404+0000] {logging_mixin.py:190} INFO - [2024-12-10T08:19:35.404+0000] {dag.py:4180} INFO - Setting next_dagrun for latest_only_with_trigger to 2024-12-10 04:00:00+00:00, run_after=2024-12-10 08:00:00+00:00
[2024-12-10T08:19:35.421+0000] {processor.py:208} INFO - Processing /home/airflow/.local/lib/python3.12/site-packages/airflow/example_dags/example_latest_only_with_trigger.py took 0.076 seconds
[2024-12-10T08:20:05.506+0000] {processor.py:186} INFO - Started process (PID=644) to work on /home/airflow/.local/lib/python3.12/site-packages/airflow/example_dags/example_latest_only_with_trigger.py
[2024-12-10T08:20:05.507+0000] {processor.py:914} INFO - Processing file /home/airflow/.local/lib/python3.12/site-packages/airflow/example_dags/example_latest_only_with_trigger.py for tasks to queue
[2024-12-10T08:20:05.510+0000] {logging_mixin.py:190} INFO - [2024-12-10T08:20:05.510+0000] {dagbag.py:588} INFO - Filling up the DagBag from /home/airflow/.local/lib/python3.12/site-packages/airflow/example_dags/example_latest_only_with_trigger.py
[2024-12-10T08:20:05.518+0000] {processor.py:925} INFO - DAG(s) 'latest_only_with_trigger' retrieved from /home/airflow/.local/lib/python3.12/site-packages/airflow/example_dags/example_latest_only_with_trigger.py
[2024-12-10T08:20:05.541+0000] {logging_mixin.py:190} INFO - [2024-12-10T08:20:05.541+0000] {dag.py:3239} INFO - Sync 1 DAGs
[2024-12-10T08:20:05.565+0000] {logging_mixin.py:190} INFO - [2024-12-10T08:20:05.565+0000] {dag.py:4180} INFO - Setting next_dagrun for latest_only_with_trigger to 2024-12-10 04:00:00+00:00, run_after=2024-12-10 08:00:00+00:00
[2024-12-10T08:20:05.594+0000] {processor.py:208} INFO - Processing /home/airflow/.local/lib/python3.12/site-packages/airflow/example_dags/example_latest_only_with_trigger.py took 0.094 seconds
[2024-12-10T08:20:36.353+0000] {processor.py:186} INFO - Started process (PID=707) to work on /home/airflow/.local/lib/python3.12/site-packages/airflow/example_dags/example_latest_only_with_trigger.py
[2024-12-10T08:20:36.355+0000] {processor.py:914} INFO - Processing file /home/airflow/.local/lib/python3.12/site-packages/airflow/example_dags/example_latest_only_with_trigger.py for tasks to queue
[2024-12-10T08:20:36.359+0000] {logging_mixin.py:190} INFO - [2024-12-10T08:20:36.359+0000] {dagbag.py:588} INFO - Filling up the DagBag from /home/airflow/.local/lib/python3.12/site-packages/airflow/example_dags/example_latest_only_with_trigger.py
[2024-12-10T08:20:36.386+0000] {processor.py:925} INFO - DAG(s) 'latest_only_with_trigger' retrieved from /home/airflow/.local/lib/python3.12/site-packages/airflow/example_dags/example_latest_only_with_trigger.py
[2024-12-10T08:20:36.435+0000] {logging_mixin.py:190} INFO - [2024-12-10T08:20:36.434+0000] {dag.py:3239} INFO - Sync 1 DAGs
[2024-12-10T08:20:36.473+0000] {logging_mixin.py:190} INFO - [2024-12-10T08:20:36.473+0000] {dag.py:4180} INFO - Setting next_dagrun for latest_only_with_trigger to 2024-12-10 04:00:00+00:00, run_after=2024-12-10 08:00:00+00:00
[2024-12-10T08:20:36.514+0000] {processor.py:208} INFO - Processing /home/airflow/.local/lib/python3.12/site-packages/airflow/example_dags/example_latest_only_with_trigger.py took 0.170 seconds
