[2024-12-10T07:56:06.359+0000] {processor.py:186} INFO - Started process (PID=94) to work on /home/airflow/.local/lib/python3.12/site-packages/airflow/example_dags/example_sla_dag.py
[2024-12-10T07:56:06.360+0000] {processor.py:914} INFO - Processing file /home/airflow/.local/lib/python3.12/site-packages/airflow/example_dags/example_sla_dag.py for tasks to queue
[2024-12-10T07:56:06.363+0000] {logging_mixin.py:190} INFO - [2024-12-10T07:56:06.363+0000] {dagbag.py:588} INFO - Filling up the DagBag from /home/airflow/.local/lib/python3.12/site-packages/airflow/example_dags/example_sla_dag.py
[2024-12-10T07:56:06.378+0000] {processor.py:925} INFO - DAG(s) 'example_sla_dag' retrieved from /home/airflow/.local/lib/python3.12/site-packages/airflow/example_dags/example_sla_dag.py
[2024-12-10T07:56:06.514+0000] {logging_mixin.py:190} INFO - [2024-12-10T07:56:06.513+0000] {override.py:1911} INFO - Created Permission View: can read on DAG:example_sla_dag
[2024-12-10T07:56:06.531+0000] {logging_mixin.py:190} INFO - [2024-12-10T07:56:06.530+0000] {override.py:1911} INFO - Created Permission View: can edit on DAG:example_sla_dag
[2024-12-10T07:56:06.540+0000] {logging_mixin.py:190} INFO - [2024-12-10T07:56:06.539+0000] {override.py:1911} INFO - Created Permission View: can delete on DAG:example_sla_dag
[2024-12-10T07:56:06.550+0000] {logging_mixin.py:190} INFO - [2024-12-10T07:56:06.550+0000] {override.py:1911} INFO - Created Permission View: can read on DAG Run:example_sla_dag
[2024-12-10T07:56:06.559+0000] {logging_mixin.py:190} INFO - [2024-12-10T07:56:06.559+0000] {override.py:1911} INFO - Created Permission View: menu access on DAG Run:example_sla_dag
[2024-12-10T07:56:06.568+0000] {logging_mixin.py:190} INFO - [2024-12-10T07:56:06.568+0000] {override.py:1911} INFO - Created Permission View: can delete on DAG Run:example_sla_dag
[2024-12-10T07:56:06.577+0000] {logging_mixin.py:190} INFO - [2024-12-10T07:56:06.577+0000] {override.py:1911} INFO - Created Permission View: can create on DAG Run:example_sla_dag
[2024-12-10T07:56:06.578+0000] {logging_mixin.py:190} INFO - [2024-12-10T07:56:06.578+0000] {dag.py:3239} INFO - Sync 1 DAGs
[2024-12-10T07:56:06.595+0000] {logging_mixin.py:190} INFO - [2024-12-10T07:56:06.595+0000] {dag.py:3262} INFO - Creating ORM DAG for example_sla_dag
[2024-12-10T07:56:06.612+0000] {logging_mixin.py:190} INFO - [2024-12-10T07:56:06.611+0000] {dag.py:4180} INFO - Setting next_dagrun for example_sla_dag to 2024-12-10 07:54:00+00:00, run_after=2024-12-10 07:56:00+00:00
[2024-12-10T07:56:06.631+0000] {processor.py:208} INFO - Processing /home/airflow/.local/lib/python3.12/site-packages/airflow/example_dags/example_sla_dag.py took 0.279 seconds
[2024-12-10T07:56:37.055+0000] {processor.py:186} INFO - Started process (PID=157) to work on /home/airflow/.local/lib/python3.12/site-packages/airflow/example_dags/example_sla_dag.py
[2024-12-10T07:56:37.056+0000] {processor.py:914} INFO - Processing file /home/airflow/.local/lib/python3.12/site-packages/airflow/example_dags/example_sla_dag.py for tasks to queue
[2024-12-10T07:56:37.058+0000] {logging_mixin.py:190} INFO - [2024-12-10T07:56:37.058+0000] {dagbag.py:588} INFO - Filling up the DagBag from /home/airflow/.local/lib/python3.12/site-packages/airflow/example_dags/example_sla_dag.py
[2024-12-10T07:56:37.069+0000] {processor.py:925} INFO - DAG(s) 'example_sla_dag' retrieved from /home/airflow/.local/lib/python3.12/site-packages/airflow/example_dags/example_sla_dag.py
[2024-12-10T07:56:37.089+0000] {logging_mixin.py:190} INFO - [2024-12-10T07:56:37.089+0000] {dag.py:3239} INFO - Sync 1 DAGs
[2024-12-10T07:56:37.114+0000] {logging_mixin.py:190} INFO - [2024-12-10T07:56:37.114+0000] {dag.py:4180} INFO - Setting next_dagrun for example_sla_dag to 2024-12-10 07:54:00+00:00, run_after=2024-12-10 07:56:00+00:00
[2024-12-10T07:56:37.134+0000] {processor.py:208} INFO - Processing /home/airflow/.local/lib/python3.12/site-packages/airflow/example_dags/example_sla_dag.py took 0.086 seconds
[2024-12-10T07:57:08.602+0000] {processor.py:186} INFO - Started process (PID=220) to work on /home/airflow/.local/lib/python3.12/site-packages/airflow/example_dags/example_sla_dag.py
[2024-12-10T07:57:08.603+0000] {processor.py:914} INFO - Processing file /home/airflow/.local/lib/python3.12/site-packages/airflow/example_dags/example_sla_dag.py for tasks to queue
[2024-12-10T07:57:08.606+0000] {logging_mixin.py:190} INFO - [2024-12-10T07:57:08.606+0000] {dagbag.py:588} INFO - Filling up the DagBag from /home/airflow/.local/lib/python3.12/site-packages/airflow/example_dags/example_sla_dag.py
[2024-12-10T07:57:08.618+0000] {processor.py:925} INFO - DAG(s) 'example_sla_dag' retrieved from /home/airflow/.local/lib/python3.12/site-packages/airflow/example_dags/example_sla_dag.py
[2024-12-10T07:57:08.639+0000] {logging_mixin.py:190} INFO - [2024-12-10T07:57:08.639+0000] {dag.py:3239} INFO - Sync 1 DAGs
[2024-12-10T07:57:08.676+0000] {logging_mixin.py:190} INFO - [2024-12-10T07:57:08.676+0000] {dag.py:4180} INFO - Setting next_dagrun for example_sla_dag to 2024-12-10 07:54:00+00:00, run_after=2024-12-10 07:56:00+00:00
[2024-12-10T07:57:08.696+0000] {processor.py:208} INFO - Processing /home/airflow/.local/lib/python3.12/site-packages/airflow/example_dags/example_sla_dag.py took 0.100 seconds
[2024-12-10T07:57:39.985+0000] {processor.py:186} INFO - Started process (PID=283) to work on /home/airflow/.local/lib/python3.12/site-packages/airflow/example_dags/example_sla_dag.py
[2024-12-10T07:57:39.986+0000] {processor.py:914} INFO - Processing file /home/airflow/.local/lib/python3.12/site-packages/airflow/example_dags/example_sla_dag.py for tasks to queue
[2024-12-10T07:57:39.989+0000] {logging_mixin.py:190} INFO - [2024-12-10T07:57:39.989+0000] {dagbag.py:588} INFO - Filling up the DagBag from /home/airflow/.local/lib/python3.12/site-packages/airflow/example_dags/example_sla_dag.py
[2024-12-10T07:57:40.004+0000] {processor.py:925} INFO - DAG(s) 'example_sla_dag' retrieved from /home/airflow/.local/lib/python3.12/site-packages/airflow/example_dags/example_sla_dag.py
[2024-12-10T07:57:40.026+0000] {logging_mixin.py:190} INFO - [2024-12-10T07:57:40.025+0000] {dag.py:3239} INFO - Sync 1 DAGs
[2024-12-10T07:57:40.062+0000] {logging_mixin.py:190} INFO - [2024-12-10T07:57:40.062+0000] {dag.py:4180} INFO - Setting next_dagrun for example_sla_dag to 2024-12-10 07:54:00+00:00, run_after=2024-12-10 07:56:00+00:00
[2024-12-10T07:57:40.083+0000] {processor.py:208} INFO - Processing /home/airflow/.local/lib/python3.12/site-packages/airflow/example_dags/example_sla_dag.py took 0.106 seconds
[2024-12-10T07:58:11.028+0000] {processor.py:186} INFO - Started process (PID=346) to work on /home/airflow/.local/lib/python3.12/site-packages/airflow/example_dags/example_sla_dag.py
[2024-12-10T07:58:11.031+0000] {processor.py:914} INFO - Processing file /home/airflow/.local/lib/python3.12/site-packages/airflow/example_dags/example_sla_dag.py for tasks to queue
[2024-12-10T07:58:11.035+0000] {logging_mixin.py:190} INFO - [2024-12-10T07:58:11.034+0000] {dagbag.py:588} INFO - Filling up the DagBag from /home/airflow/.local/lib/python3.12/site-packages/airflow/example_dags/example_sla_dag.py
[2024-12-10T07:58:11.055+0000] {processor.py:925} INFO - DAG(s) 'example_sla_dag' retrieved from /home/airflow/.local/lib/python3.12/site-packages/airflow/example_dags/example_sla_dag.py
[2024-12-10T07:58:11.090+0000] {logging_mixin.py:190} INFO - [2024-12-10T07:58:11.090+0000] {dag.py:3239} INFO - Sync 1 DAGs
[2024-12-10T07:58:11.136+0000] {logging_mixin.py:190} INFO - [2024-12-10T07:58:11.136+0000] {dag.py:4180} INFO - Setting next_dagrun for example_sla_dag to 2024-12-10 07:56:00+00:00, run_after=2024-12-10 07:58:00+00:00
[2024-12-10T07:58:11.166+0000] {processor.py:208} INFO - Processing /home/airflow/.local/lib/python3.12/site-packages/airflow/example_dags/example_sla_dag.py took 0.148 seconds
[2024-12-10T07:58:42.073+0000] {processor.py:186} INFO - Started process (PID=409) to work on /home/airflow/.local/lib/python3.12/site-packages/airflow/example_dags/example_sla_dag.py
[2024-12-10T07:58:42.074+0000] {processor.py:914} INFO - Processing file /home/airflow/.local/lib/python3.12/site-packages/airflow/example_dags/example_sla_dag.py for tasks to queue
[2024-12-10T07:58:42.077+0000] {logging_mixin.py:190} INFO - [2024-12-10T07:58:42.077+0000] {dagbag.py:588} INFO - Filling up the DagBag from /home/airflow/.local/lib/python3.12/site-packages/airflow/example_dags/example_sla_dag.py
[2024-12-10T07:58:42.090+0000] {processor.py:925} INFO - DAG(s) 'example_sla_dag' retrieved from /home/airflow/.local/lib/python3.12/site-packages/airflow/example_dags/example_sla_dag.py
[2024-12-10T07:58:42.117+0000] {logging_mixin.py:190} INFO - [2024-12-10T07:58:42.116+0000] {dag.py:3239} INFO - Sync 1 DAGs
[2024-12-10T07:58:42.147+0000] {logging_mixin.py:190} INFO - [2024-12-10T07:58:42.146+0000] {dag.py:4180} INFO - Setting next_dagrun for example_sla_dag to 2024-12-10 07:56:00+00:00, run_after=2024-12-10 07:58:00+00:00
[2024-12-10T07:58:42.169+0000] {processor.py:208} INFO - Processing /home/airflow/.local/lib/python3.12/site-packages/airflow/example_dags/example_sla_dag.py took 0.102 seconds
[2024-12-10T07:59:13.323+0000] {processor.py:186} INFO - Started process (PID=472) to work on /home/airflow/.local/lib/python3.12/site-packages/airflow/example_dags/example_sla_dag.py
[2024-12-10T07:59:13.325+0000] {processor.py:914} INFO - Processing file /home/airflow/.local/lib/python3.12/site-packages/airflow/example_dags/example_sla_dag.py for tasks to queue
[2024-12-10T07:59:13.329+0000] {logging_mixin.py:190} INFO - [2024-12-10T07:59:13.328+0000] {dagbag.py:588} INFO - Filling up the DagBag from /home/airflow/.local/lib/python3.12/site-packages/airflow/example_dags/example_sla_dag.py
[2024-12-10T07:59:13.342+0000] {processor.py:925} INFO - DAG(s) 'example_sla_dag' retrieved from /home/airflow/.local/lib/python3.12/site-packages/airflow/example_dags/example_sla_dag.py
[2024-12-10T07:59:13.371+0000] {logging_mixin.py:190} INFO - [2024-12-10T07:59:13.371+0000] {dag.py:3239} INFO - Sync 1 DAGs
[2024-12-10T07:59:13.409+0000] {logging_mixin.py:190} INFO - [2024-12-10T07:59:13.409+0000] {dag.py:4180} INFO - Setting next_dagrun for example_sla_dag to 2024-12-10 07:56:00+00:00, run_after=2024-12-10 07:58:00+00:00
[2024-12-10T07:59:13.440+0000] {processor.py:208} INFO - Processing /home/airflow/.local/lib/python3.12/site-packages/airflow/example_dags/example_sla_dag.py took 0.125 seconds
[2024-12-10T07:59:44.625+0000] {processor.py:186} INFO - Started process (PID=535) to work on /home/airflow/.local/lib/python3.12/site-packages/airflow/example_dags/example_sla_dag.py
[2024-12-10T07:59:44.627+0000] {processor.py:914} INFO - Processing file /home/airflow/.local/lib/python3.12/site-packages/airflow/example_dags/example_sla_dag.py for tasks to queue
[2024-12-10T07:59:44.632+0000] {logging_mixin.py:190} INFO - [2024-12-10T07:59:44.632+0000] {dagbag.py:588} INFO - Filling up the DagBag from /home/airflow/.local/lib/python3.12/site-packages/airflow/example_dags/example_sla_dag.py
[2024-12-10T07:59:44.644+0000] {processor.py:925} INFO - DAG(s) 'example_sla_dag' retrieved from /home/airflow/.local/lib/python3.12/site-packages/airflow/example_dags/example_sla_dag.py
[2024-12-10T07:59:44.666+0000] {logging_mixin.py:190} INFO - [2024-12-10T07:59:44.666+0000] {dag.py:3239} INFO - Sync 1 DAGs
[2024-12-10T07:59:44.707+0000] {logging_mixin.py:190} INFO - [2024-12-10T07:59:44.706+0000] {dag.py:4180} INFO - Setting next_dagrun for example_sla_dag to 2024-12-10 07:56:00+00:00, run_after=2024-12-10 07:58:00+00:00
[2024-12-10T07:59:44.728+0000] {processor.py:208} INFO - Processing /home/airflow/.local/lib/python3.12/site-packages/airflow/example_dags/example_sla_dag.py took 0.112 seconds
[2024-12-10T08:00:15.920+0000] {processor.py:186} INFO - Started process (PID=598) to work on /home/airflow/.local/lib/python3.12/site-packages/airflow/example_dags/example_sla_dag.py
[2024-12-10T08:00:15.922+0000] {processor.py:914} INFO - Processing file /home/airflow/.local/lib/python3.12/site-packages/airflow/example_dags/example_sla_dag.py for tasks to queue
[2024-12-10T08:00:15.926+0000] {logging_mixin.py:190} INFO - [2024-12-10T08:00:15.925+0000] {dagbag.py:588} INFO - Filling up the DagBag from /home/airflow/.local/lib/python3.12/site-packages/airflow/example_dags/example_sla_dag.py
[2024-12-10T08:00:15.945+0000] {processor.py:925} INFO - DAG(s) 'example_sla_dag' retrieved from /home/airflow/.local/lib/python3.12/site-packages/airflow/example_dags/example_sla_dag.py
[2024-12-10T08:00:15.975+0000] {logging_mixin.py:190} INFO - [2024-12-10T08:00:15.975+0000] {dag.py:3239} INFO - Sync 1 DAGs
[2024-12-10T08:00:16.018+0000] {logging_mixin.py:190} INFO - [2024-12-10T08:00:16.018+0000] {dag.py:4180} INFO - Setting next_dagrun for example_sla_dag to 2024-12-10 07:58:00+00:00, run_after=2024-12-10 08:00:00+00:00
[2024-12-10T08:00:16.052+0000] {processor.py:208} INFO - Processing /home/airflow/.local/lib/python3.12/site-packages/airflow/example_dags/example_sla_dag.py took 0.141 seconds
[2024-12-10T08:00:47.753+0000] {processor.py:186} INFO - Started process (PID=661) to work on /home/airflow/.local/lib/python3.12/site-packages/airflow/example_dags/example_sla_dag.py
[2024-12-10T08:00:47.754+0000] {processor.py:914} INFO - Processing file /home/airflow/.local/lib/python3.12/site-packages/airflow/example_dags/example_sla_dag.py for tasks to queue
[2024-12-10T08:00:47.760+0000] {logging_mixin.py:190} INFO - [2024-12-10T08:00:47.759+0000] {dagbag.py:588} INFO - Filling up the DagBag from /home/airflow/.local/lib/python3.12/site-packages/airflow/example_dags/example_sla_dag.py
[2024-12-10T08:00:47.774+0000] {processor.py:925} INFO - DAG(s) 'example_sla_dag' retrieved from /home/airflow/.local/lib/python3.12/site-packages/airflow/example_dags/example_sla_dag.py
[2024-12-10T08:00:47.797+0000] {logging_mixin.py:190} INFO - [2024-12-10T08:00:47.797+0000] {dag.py:3239} INFO - Sync 1 DAGs
[2024-12-10T08:00:47.831+0000] {logging_mixin.py:190} INFO - [2024-12-10T08:00:47.831+0000] {dag.py:4180} INFO - Setting next_dagrun for example_sla_dag to 2024-12-10 07:58:00+00:00, run_after=2024-12-10 08:00:00+00:00
[2024-12-10T08:00:47.851+0000] {processor.py:208} INFO - Processing /home/airflow/.local/lib/python3.12/site-packages/airflow/example_dags/example_sla_dag.py took 0.106 seconds
[2024-12-10T08:01:19.170+0000] {processor.py:186} INFO - Started process (PID=724) to work on /home/airflow/.local/lib/python3.12/site-packages/airflow/example_dags/example_sla_dag.py
[2024-12-10T08:01:19.171+0000] {processor.py:914} INFO - Processing file /home/airflow/.local/lib/python3.12/site-packages/airflow/example_dags/example_sla_dag.py for tasks to queue
[2024-12-10T08:01:19.175+0000] {logging_mixin.py:190} INFO - [2024-12-10T08:01:19.174+0000] {dagbag.py:588} INFO - Filling up the DagBag from /home/airflow/.local/lib/python3.12/site-packages/airflow/example_dags/example_sla_dag.py
[2024-12-10T08:01:19.186+0000] {processor.py:925} INFO - DAG(s) 'example_sla_dag' retrieved from /home/airflow/.local/lib/python3.12/site-packages/airflow/example_dags/example_sla_dag.py
[2024-12-10T08:01:19.208+0000] {logging_mixin.py:190} INFO - [2024-12-10T08:01:19.208+0000] {dag.py:3239} INFO - Sync 1 DAGs
[2024-12-10T08:01:19.239+0000] {logging_mixin.py:190} INFO - [2024-12-10T08:01:19.239+0000] {dag.py:4180} INFO - Setting next_dagrun for example_sla_dag to 2024-12-10 07:58:00+00:00, run_after=2024-12-10 08:00:00+00:00
[2024-12-10T08:01:19.261+0000] {processor.py:208} INFO - Processing /home/airflow/.local/lib/python3.12/site-packages/airflow/example_dags/example_sla_dag.py took 0.098 seconds
[2024-12-10T08:01:50.329+0000] {processor.py:186} INFO - Started process (PID=787) to work on /home/airflow/.local/lib/python3.12/site-packages/airflow/example_dags/example_sla_dag.py
[2024-12-10T08:01:50.330+0000] {processor.py:914} INFO - Processing file /home/airflow/.local/lib/python3.12/site-packages/airflow/example_dags/example_sla_dag.py for tasks to queue
[2024-12-10T08:01:50.333+0000] {logging_mixin.py:190} INFO - [2024-12-10T08:01:50.333+0000] {dagbag.py:588} INFO - Filling up the DagBag from /home/airflow/.local/lib/python3.12/site-packages/airflow/example_dags/example_sla_dag.py
[2024-12-10T08:01:50.344+0000] {processor.py:925} INFO - DAG(s) 'example_sla_dag' retrieved from /home/airflow/.local/lib/python3.12/site-packages/airflow/example_dags/example_sla_dag.py
[2024-12-10T08:01:50.364+0000] {logging_mixin.py:190} INFO - [2024-12-10T08:01:50.364+0000] {dag.py:3239} INFO - Sync 1 DAGs
[2024-12-10T08:01:50.394+0000] {logging_mixin.py:190} INFO - [2024-12-10T08:01:50.393+0000] {dag.py:4180} INFO - Setting next_dagrun for example_sla_dag to 2024-12-10 07:58:00+00:00, run_after=2024-12-10 08:00:00+00:00
[2024-12-10T08:01:50.414+0000] {processor.py:208} INFO - Processing /home/airflow/.local/lib/python3.12/site-packages/airflow/example_dags/example_sla_dag.py took 0.091 seconds
[2024-12-10T08:02:21.782+0000] {processor.py:186} INFO - Started process (PID=850) to work on /home/airflow/.local/lib/python3.12/site-packages/airflow/example_dags/example_sla_dag.py
[2024-12-10T08:02:21.783+0000] {processor.py:914} INFO - Processing file /home/airflow/.local/lib/python3.12/site-packages/airflow/example_dags/example_sla_dag.py for tasks to queue
[2024-12-10T08:02:21.787+0000] {logging_mixin.py:190} INFO - [2024-12-10T08:02:21.787+0000] {dagbag.py:588} INFO - Filling up the DagBag from /home/airflow/.local/lib/python3.12/site-packages/airflow/example_dags/example_sla_dag.py
[2024-12-10T08:02:21.800+0000] {processor.py:925} INFO - DAG(s) 'example_sla_dag' retrieved from /home/airflow/.local/lib/python3.12/site-packages/airflow/example_dags/example_sla_dag.py
[2024-12-10T08:02:21.822+0000] {logging_mixin.py:190} INFO - [2024-12-10T08:02:21.821+0000] {dag.py:3239} INFO - Sync 1 DAGs
[2024-12-10T08:02:21.850+0000] {logging_mixin.py:190} INFO - [2024-12-10T08:02:21.850+0000] {dag.py:4180} INFO - Setting next_dagrun for example_sla_dag to 2024-12-10 08:00:00+00:00, run_after=2024-12-10 08:02:00+00:00
[2024-12-10T08:02:21.872+0000] {processor.py:208} INFO - Processing /home/airflow/.local/lib/python3.12/site-packages/airflow/example_dags/example_sla_dag.py took 0.097 seconds
[2024-12-10T08:02:53.420+0000] {processor.py:186} INFO - Started process (PID=913) to work on /home/airflow/.local/lib/python3.12/site-packages/airflow/example_dags/example_sla_dag.py
[2024-12-10T08:02:53.421+0000] {processor.py:914} INFO - Processing file /home/airflow/.local/lib/python3.12/site-packages/airflow/example_dags/example_sla_dag.py for tasks to queue
[2024-12-10T08:02:53.425+0000] {logging_mixin.py:190} INFO - [2024-12-10T08:02:53.424+0000] {dagbag.py:588} INFO - Filling up the DagBag from /home/airflow/.local/lib/python3.12/site-packages/airflow/example_dags/example_sla_dag.py
[2024-12-10T08:02:53.438+0000] {processor.py:925} INFO - DAG(s) 'example_sla_dag' retrieved from /home/airflow/.local/lib/python3.12/site-packages/airflow/example_dags/example_sla_dag.py
[2024-12-10T08:02:53.464+0000] {logging_mixin.py:190} INFO - [2024-12-10T08:02:53.464+0000] {dag.py:3239} INFO - Sync 1 DAGs
[2024-12-10T08:02:53.498+0000] {logging_mixin.py:190} INFO - [2024-12-10T08:02:53.497+0000] {dag.py:4180} INFO - Setting next_dagrun for example_sla_dag to 2024-12-10 08:00:00+00:00, run_after=2024-12-10 08:02:00+00:00
[2024-12-10T08:02:53.521+0000] {processor.py:208} INFO - Processing /home/airflow/.local/lib/python3.12/site-packages/airflow/example_dags/example_sla_dag.py took 0.110 seconds
[2024-12-10T08:03:24.597+0000] {processor.py:186} INFO - Started process (PID=976) to work on /home/airflow/.local/lib/python3.12/site-packages/airflow/example_dags/example_sla_dag.py
[2024-12-10T08:03:24.598+0000] {processor.py:914} INFO - Processing file /home/airflow/.local/lib/python3.12/site-packages/airflow/example_dags/example_sla_dag.py for tasks to queue
[2024-12-10T08:03:24.601+0000] {logging_mixin.py:190} INFO - [2024-12-10T08:03:24.601+0000] {dagbag.py:588} INFO - Filling up the DagBag from /home/airflow/.local/lib/python3.12/site-packages/airflow/example_dags/example_sla_dag.py
[2024-12-10T08:03:24.616+0000] {processor.py:925} INFO - DAG(s) 'example_sla_dag' retrieved from /home/airflow/.local/lib/python3.12/site-packages/airflow/example_dags/example_sla_dag.py
[2024-12-10T08:03:24.640+0000] {logging_mixin.py:190} INFO - [2024-12-10T08:03:24.639+0000] {dag.py:3239} INFO - Sync 1 DAGs
[2024-12-10T08:03:24.674+0000] {logging_mixin.py:190} INFO - [2024-12-10T08:03:24.673+0000] {dag.py:4180} INFO - Setting next_dagrun for example_sla_dag to 2024-12-10 08:00:00+00:00, run_after=2024-12-10 08:02:00+00:00
[2024-12-10T08:03:24.700+0000] {processor.py:208} INFO - Processing /home/airflow/.local/lib/python3.12/site-packages/airflow/example_dags/example_sla_dag.py took 0.110 seconds
[2024-12-10T08:03:55.779+0000] {processor.py:186} INFO - Started process (PID=1039) to work on /home/airflow/.local/lib/python3.12/site-packages/airflow/example_dags/example_sla_dag.py
[2024-12-10T08:03:55.780+0000] {processor.py:914} INFO - Processing file /home/airflow/.local/lib/python3.12/site-packages/airflow/example_dags/example_sla_dag.py for tasks to queue
[2024-12-10T08:03:55.783+0000] {logging_mixin.py:190} INFO - [2024-12-10T08:03:55.783+0000] {dagbag.py:588} INFO - Filling up the DagBag from /home/airflow/.local/lib/python3.12/site-packages/airflow/example_dags/example_sla_dag.py
[2024-12-10T08:03:55.798+0000] {processor.py:925} INFO - DAG(s) 'example_sla_dag' retrieved from /home/airflow/.local/lib/python3.12/site-packages/airflow/example_dags/example_sla_dag.py
[2024-12-10T08:03:55.823+0000] {logging_mixin.py:190} INFO - [2024-12-10T08:03:55.822+0000] {dag.py:3239} INFO - Sync 1 DAGs
[2024-12-10T08:03:55.855+0000] {logging_mixin.py:190} INFO - [2024-12-10T08:03:55.855+0000] {dag.py:4180} INFO - Setting next_dagrun for example_sla_dag to 2024-12-10 08:00:00+00:00, run_after=2024-12-10 08:02:00+00:00
[2024-12-10T08:03:55.879+0000] {processor.py:208} INFO - Processing /home/airflow/.local/lib/python3.12/site-packages/airflow/example_dags/example_sla_dag.py took 0.108 seconds
[2024-12-10T08:04:27.239+0000] {processor.py:186} INFO - Started process (PID=1102) to work on /home/airflow/.local/lib/python3.12/site-packages/airflow/example_dags/example_sla_dag.py
[2024-12-10T08:04:27.240+0000] {processor.py:914} INFO - Processing file /home/airflow/.local/lib/python3.12/site-packages/airflow/example_dags/example_sla_dag.py for tasks to queue
[2024-12-10T08:04:27.244+0000] {logging_mixin.py:190} INFO - [2024-12-10T08:04:27.243+0000] {dagbag.py:588} INFO - Filling up the DagBag from /home/airflow/.local/lib/python3.12/site-packages/airflow/example_dags/example_sla_dag.py
[2024-12-10T08:04:27.257+0000] {processor.py:925} INFO - DAG(s) 'example_sla_dag' retrieved from /home/airflow/.local/lib/python3.12/site-packages/airflow/example_dags/example_sla_dag.py
[2024-12-10T08:04:27.283+0000] {logging_mixin.py:190} INFO - [2024-12-10T08:04:27.282+0000] {dag.py:3239} INFO - Sync 1 DAGs
[2024-12-10T08:04:27.317+0000] {logging_mixin.py:190} INFO - [2024-12-10T08:04:27.317+0000] {dag.py:4180} INFO - Setting next_dagrun for example_sla_dag to 2024-12-10 08:02:00+00:00, run_after=2024-12-10 08:04:00+00:00
[2024-12-10T08:04:27.343+0000] {processor.py:208} INFO - Processing /home/airflow/.local/lib/python3.12/site-packages/airflow/example_dags/example_sla_dag.py took 0.111 seconds
[2024-12-10T08:04:58.049+0000] {processor.py:186} INFO - Started process (PID=1165) to work on /home/airflow/.local/lib/python3.12/site-packages/airflow/example_dags/example_sla_dag.py
[2024-12-10T08:04:58.050+0000] {processor.py:914} INFO - Processing file /home/airflow/.local/lib/python3.12/site-packages/airflow/example_dags/example_sla_dag.py for tasks to queue
[2024-12-10T08:04:58.052+0000] {logging_mixin.py:190} INFO - [2024-12-10T08:04:58.052+0000] {dagbag.py:588} INFO - Filling up the DagBag from /home/airflow/.local/lib/python3.12/site-packages/airflow/example_dags/example_sla_dag.py
[2024-12-10T08:04:58.062+0000] {processor.py:925} INFO - DAG(s) 'example_sla_dag' retrieved from /home/airflow/.local/lib/python3.12/site-packages/airflow/example_dags/example_sla_dag.py
[2024-12-10T08:04:58.079+0000] {logging_mixin.py:190} INFO - [2024-12-10T08:04:58.079+0000] {dag.py:3239} INFO - Sync 1 DAGs
[2024-12-10T08:04:58.102+0000] {logging_mixin.py:190} INFO - [2024-12-10T08:04:58.102+0000] {dag.py:4180} INFO - Setting next_dagrun for example_sla_dag to 2024-12-10 08:02:00+00:00, run_after=2024-12-10 08:04:00+00:00
[2024-12-10T08:04:58.119+0000] {processor.py:208} INFO - Processing /home/airflow/.local/lib/python3.12/site-packages/airflow/example_dags/example_sla_dag.py took 0.076 seconds
[2024-12-10T08:05:29.158+0000] {processor.py:186} INFO - Started process (PID=1228) to work on /home/airflow/.local/lib/python3.12/site-packages/airflow/example_dags/example_sla_dag.py
[2024-12-10T08:05:29.159+0000] {processor.py:914} INFO - Processing file /home/airflow/.local/lib/python3.12/site-packages/airflow/example_dags/example_sla_dag.py for tasks to queue
[2024-12-10T08:05:29.162+0000] {logging_mixin.py:190} INFO - [2024-12-10T08:05:29.162+0000] {dagbag.py:588} INFO - Filling up the DagBag from /home/airflow/.local/lib/python3.12/site-packages/airflow/example_dags/example_sla_dag.py
[2024-12-10T08:05:29.174+0000] {processor.py:925} INFO - DAG(s) 'example_sla_dag' retrieved from /home/airflow/.local/lib/python3.12/site-packages/airflow/example_dags/example_sla_dag.py
[2024-12-10T08:05:29.193+0000] {logging_mixin.py:190} INFO - [2024-12-10T08:05:29.193+0000] {dag.py:3239} INFO - Sync 1 DAGs
[2024-12-10T08:05:29.219+0000] {logging_mixin.py:190} INFO - [2024-12-10T08:05:29.219+0000] {dag.py:4180} INFO - Setting next_dagrun for example_sla_dag to 2024-12-10 08:02:00+00:00, run_after=2024-12-10 08:04:00+00:00
[2024-12-10T08:05:29.238+0000] {processor.py:208} INFO - Processing /home/airflow/.local/lib/python3.12/site-packages/airflow/example_dags/example_sla_dag.py took 0.088 seconds
[2024-12-10T08:06:00.204+0000] {processor.py:186} INFO - Started process (PID=1291) to work on /home/airflow/.local/lib/python3.12/site-packages/airflow/example_dags/example_sla_dag.py
[2024-12-10T08:06:00.205+0000] {processor.py:914} INFO - Processing file /home/airflow/.local/lib/python3.12/site-packages/airflow/example_dags/example_sla_dag.py for tasks to queue
[2024-12-10T08:06:00.208+0000] {logging_mixin.py:190} INFO - [2024-12-10T08:06:00.208+0000] {dagbag.py:588} INFO - Filling up the DagBag from /home/airflow/.local/lib/python3.12/site-packages/airflow/example_dags/example_sla_dag.py
[2024-12-10T08:06:00.220+0000] {processor.py:925} INFO - DAG(s) 'example_sla_dag' retrieved from /home/airflow/.local/lib/python3.12/site-packages/airflow/example_dags/example_sla_dag.py
[2024-12-10T08:06:00.245+0000] {logging_mixin.py:190} INFO - [2024-12-10T08:06:00.245+0000] {dag.py:3239} INFO - Sync 1 DAGs
[2024-12-10T08:06:00.276+0000] {logging_mixin.py:190} INFO - [2024-12-10T08:06:00.276+0000] {dag.py:4180} INFO - Setting next_dagrun for example_sla_dag to 2024-12-10 08:04:00+00:00, run_after=2024-12-10 08:06:00+00:00
[2024-12-10T08:06:00.297+0000] {processor.py:208} INFO - Processing /home/airflow/.local/lib/python3.12/site-packages/airflow/example_dags/example_sla_dag.py took 0.100 seconds
[2024-12-10T08:06:31.715+0000] {processor.py:186} INFO - Started process (PID=1354) to work on /home/airflow/.local/lib/python3.12/site-packages/airflow/example_dags/example_sla_dag.py
[2024-12-10T08:06:31.716+0000] {processor.py:914} INFO - Processing file /home/airflow/.local/lib/python3.12/site-packages/airflow/example_dags/example_sla_dag.py for tasks to queue
[2024-12-10T08:06:31.719+0000] {logging_mixin.py:190} INFO - [2024-12-10T08:06:31.719+0000] {dagbag.py:588} INFO - Filling up the DagBag from /home/airflow/.local/lib/python3.12/site-packages/airflow/example_dags/example_sla_dag.py
[2024-12-10T08:06:31.738+0000] {processor.py:925} INFO - DAG(s) 'example_sla_dag' retrieved from /home/airflow/.local/lib/python3.12/site-packages/airflow/example_dags/example_sla_dag.py
[2024-12-10T08:06:31.771+0000] {logging_mixin.py:190} INFO - [2024-12-10T08:06:31.770+0000] {dag.py:3239} INFO - Sync 1 DAGs
[2024-12-10T08:06:31.811+0000] {logging_mixin.py:190} INFO - [2024-12-10T08:06:31.811+0000] {dag.py:4180} INFO - Setting next_dagrun for example_sla_dag to 2024-12-10 08:04:00+00:00, run_after=2024-12-10 08:06:00+00:00
[2024-12-10T08:06:31.835+0000] {processor.py:208} INFO - Processing /home/airflow/.local/lib/python3.12/site-packages/airflow/example_dags/example_sla_dag.py took 0.128 seconds
[2024-12-10T08:08:28.689+0000] {processor.py:186} INFO - Started process (PID=94) to work on /home/airflow/.local/lib/python3.12/site-packages/airflow/example_dags/example_sla_dag.py
[2024-12-10T08:08:28.690+0000] {processor.py:914} INFO - Processing file /home/airflow/.local/lib/python3.12/site-packages/airflow/example_dags/example_sla_dag.py for tasks to queue
[2024-12-10T08:08:28.693+0000] {logging_mixin.py:190} INFO - [2024-12-10T08:08:28.693+0000] {dagbag.py:588} INFO - Filling up the DagBag from /home/airflow/.local/lib/python3.12/site-packages/airflow/example_dags/example_sla_dag.py
[2024-12-10T08:08:28.709+0000] {processor.py:925} INFO - DAG(s) 'example_sla_dag' retrieved from /home/airflow/.local/lib/python3.12/site-packages/airflow/example_dags/example_sla_dag.py
[2024-12-10T08:08:28.740+0000] {logging_mixin.py:190} INFO - [2024-12-10T08:08:28.740+0000] {dag.py:3239} INFO - Sync 1 DAGs
[2024-12-10T08:08:28.781+0000] {logging_mixin.py:190} INFO - [2024-12-10T08:08:28.780+0000] {dag.py:4180} INFO - Setting next_dagrun for example_sla_dag to 2024-12-10 08:06:00+00:00, run_after=2024-12-10 08:08:00+00:00
[2024-12-10T08:08:28.809+0000] {processor.py:208} INFO - Processing /home/airflow/.local/lib/python3.12/site-packages/airflow/example_dags/example_sla_dag.py took 0.128 seconds
[2024-12-10T08:08:59.621+0000] {processor.py:186} INFO - Started process (PID=157) to work on /home/airflow/.local/lib/python3.12/site-packages/airflow/example_dags/example_sla_dag.py
[2024-12-10T08:08:59.622+0000] {processor.py:914} INFO - Processing file /home/airflow/.local/lib/python3.12/site-packages/airflow/example_dags/example_sla_dag.py for tasks to queue
[2024-12-10T08:08:59.625+0000] {logging_mixin.py:190} INFO - [2024-12-10T08:08:59.625+0000] {dagbag.py:588} INFO - Filling up the DagBag from /home/airflow/.local/lib/python3.12/site-packages/airflow/example_dags/example_sla_dag.py
[2024-12-10T08:08:59.639+0000] {processor.py:925} INFO - DAG(s) 'example_sla_dag' retrieved from /home/airflow/.local/lib/python3.12/site-packages/airflow/example_dags/example_sla_dag.py
[2024-12-10T08:08:59.664+0000] {logging_mixin.py:190} INFO - [2024-12-10T08:08:59.664+0000] {dag.py:3239} INFO - Sync 1 DAGs
[2024-12-10T08:08:59.697+0000] {logging_mixin.py:190} INFO - [2024-12-10T08:08:59.697+0000] {dag.py:4180} INFO - Setting next_dagrun for example_sla_dag to 2024-12-10 08:06:00+00:00, run_after=2024-12-10 08:08:00+00:00
[2024-12-10T08:08:59.720+0000] {processor.py:208} INFO - Processing /home/airflow/.local/lib/python3.12/site-packages/airflow/example_dags/example_sla_dag.py took 0.107 seconds
[2024-12-10T08:09:29.949+0000] {processor.py:186} INFO - Started process (PID=219) to work on /home/airflow/.local/lib/python3.12/site-packages/airflow/example_dags/example_sla_dag.py
[2024-12-10T08:09:29.950+0000] {processor.py:914} INFO - Processing file /home/airflow/.local/lib/python3.12/site-packages/airflow/example_dags/example_sla_dag.py for tasks to queue
[2024-12-10T08:09:29.952+0000] {logging_mixin.py:190} INFO - [2024-12-10T08:09:29.952+0000] {dagbag.py:588} INFO - Filling up the DagBag from /home/airflow/.local/lib/python3.12/site-packages/airflow/example_dags/example_sla_dag.py
[2024-12-10T08:09:29.961+0000] {processor.py:925} INFO - DAG(s) 'example_sla_dag' retrieved from /home/airflow/.local/lib/python3.12/site-packages/airflow/example_dags/example_sla_dag.py
[2024-12-10T08:09:29.979+0000] {logging_mixin.py:190} INFO - [2024-12-10T08:09:29.979+0000] {dag.py:3239} INFO - Sync 1 DAGs
[2024-12-10T08:09:30.002+0000] {logging_mixin.py:190} INFO - [2024-12-10T08:09:30.002+0000] {dag.py:4180} INFO - Setting next_dagrun for example_sla_dag to 2024-12-10 08:06:00+00:00, run_after=2024-12-10 08:08:00+00:00
[2024-12-10T08:09:30.018+0000] {processor.py:208} INFO - Processing /home/airflow/.local/lib/python3.12/site-packages/airflow/example_dags/example_sla_dag.py took 0.075 seconds
[2024-12-10T08:10:00.202+0000] {processor.py:186} INFO - Started process (PID=281) to work on /home/airflow/.local/lib/python3.12/site-packages/airflow/example_dags/example_sla_dag.py
[2024-12-10T08:10:00.203+0000] {processor.py:914} INFO - Processing file /home/airflow/.local/lib/python3.12/site-packages/airflow/example_dags/example_sla_dag.py for tasks to queue
[2024-12-10T08:10:00.206+0000] {logging_mixin.py:190} INFO - [2024-12-10T08:10:00.206+0000] {dagbag.py:588} INFO - Filling up the DagBag from /home/airflow/.local/lib/python3.12/site-packages/airflow/example_dags/example_sla_dag.py
[2024-12-10T08:10:00.217+0000] {processor.py:925} INFO - DAG(s) 'example_sla_dag' retrieved from /home/airflow/.local/lib/python3.12/site-packages/airflow/example_dags/example_sla_dag.py
[2024-12-10T08:10:00.239+0000] {logging_mixin.py:190} INFO - [2024-12-10T08:10:00.239+0000] {dag.py:3239} INFO - Sync 1 DAGs
[2024-12-10T08:10:00.269+0000] {logging_mixin.py:190} INFO - [2024-12-10T08:10:00.268+0000] {dag.py:4180} INFO - Setting next_dagrun for example_sla_dag to 2024-12-10 08:08:00+00:00, run_after=2024-12-10 08:10:00+00:00
[2024-12-10T08:10:00.290+0000] {processor.py:208} INFO - Processing /home/airflow/.local/lib/python3.12/site-packages/airflow/example_dags/example_sla_dag.py took 0.095 seconds
[2024-12-10T08:10:30.637+0000] {processor.py:186} INFO - Started process (PID=344) to work on /home/airflow/.local/lib/python3.12/site-packages/airflow/example_dags/example_sla_dag.py
[2024-12-10T08:10:30.639+0000] {processor.py:914} INFO - Processing file /home/airflow/.local/lib/python3.12/site-packages/airflow/example_dags/example_sla_dag.py for tasks to queue
[2024-12-10T08:10:30.642+0000] {logging_mixin.py:190} INFO - [2024-12-10T08:10:30.642+0000] {dagbag.py:588} INFO - Filling up the DagBag from /home/airflow/.local/lib/python3.12/site-packages/airflow/example_dags/example_sla_dag.py
[2024-12-10T08:10:30.659+0000] {processor.py:925} INFO - DAG(s) 'example_sla_dag' retrieved from /home/airflow/.local/lib/python3.12/site-packages/airflow/example_dags/example_sla_dag.py
[2024-12-10T08:10:30.690+0000] {logging_mixin.py:190} INFO - [2024-12-10T08:10:30.690+0000] {dag.py:3239} INFO - Sync 1 DAGs
[2024-12-10T08:10:30.728+0000] {logging_mixin.py:190} INFO - [2024-12-10T08:10:30.728+0000] {dag.py:4180} INFO - Setting next_dagrun for example_sla_dag to 2024-12-10 08:08:00+00:00, run_after=2024-12-10 08:10:00+00:00
[2024-12-10T08:10:30.757+0000] {processor.py:208} INFO - Processing /home/airflow/.local/lib/python3.12/site-packages/airflow/example_dags/example_sla_dag.py took 0.131 seconds
[2024-12-10T08:11:01.258+0000] {processor.py:186} INFO - Started process (PID=407) to work on /home/airflow/.local/lib/python3.12/site-packages/airflow/example_dags/example_sla_dag.py
[2024-12-10T08:11:01.260+0000] {processor.py:914} INFO - Processing file /home/airflow/.local/lib/python3.12/site-packages/airflow/example_dags/example_sla_dag.py for tasks to queue
[2024-12-10T08:11:01.263+0000] {logging_mixin.py:190} INFO - [2024-12-10T08:11:01.263+0000] {dagbag.py:588} INFO - Filling up the DagBag from /home/airflow/.local/lib/python3.12/site-packages/airflow/example_dags/example_sla_dag.py
[2024-12-10T08:11:01.277+0000] {processor.py:925} INFO - DAG(s) 'example_sla_dag' retrieved from /home/airflow/.local/lib/python3.12/site-packages/airflow/example_dags/example_sla_dag.py
[2024-12-10T08:11:01.301+0000] {logging_mixin.py:190} INFO - [2024-12-10T08:11:01.301+0000] {dag.py:3239} INFO - Sync 1 DAGs
[2024-12-10T08:11:01.335+0000] {logging_mixin.py:190} INFO - [2024-12-10T08:11:01.335+0000] {dag.py:4180} INFO - Setting next_dagrun for example_sla_dag to 2024-12-10 08:08:00+00:00, run_after=2024-12-10 08:10:00+00:00
[2024-12-10T08:11:01.359+0000] {processor.py:208} INFO - Processing /home/airflow/.local/lib/python3.12/site-packages/airflow/example_dags/example_sla_dag.py took 0.110 seconds
[2024-12-10T08:11:31.743+0000] {processor.py:186} INFO - Started process (PID=470) to work on /home/airflow/.local/lib/python3.12/site-packages/airflow/example_dags/example_sla_dag.py
[2024-12-10T08:11:31.745+0000] {processor.py:914} INFO - Processing file /home/airflow/.local/lib/python3.12/site-packages/airflow/example_dags/example_sla_dag.py for tasks to queue
[2024-12-10T08:11:31.748+0000] {logging_mixin.py:190} INFO - [2024-12-10T08:11:31.748+0000] {dagbag.py:588} INFO - Filling up the DagBag from /home/airflow/.local/lib/python3.12/site-packages/airflow/example_dags/example_sla_dag.py
[2024-12-10T08:11:31.764+0000] {processor.py:925} INFO - DAG(s) 'example_sla_dag' retrieved from /home/airflow/.local/lib/python3.12/site-packages/airflow/example_dags/example_sla_dag.py
[2024-12-10T08:11:31.787+0000] {logging_mixin.py:190} INFO - [2024-12-10T08:11:31.787+0000] {dag.py:3239} INFO - Sync 1 DAGs
[2024-12-10T08:11:31.819+0000] {logging_mixin.py:190} INFO - [2024-12-10T08:11:31.819+0000] {dag.py:4180} INFO - Setting next_dagrun for example_sla_dag to 2024-12-10 08:08:00+00:00, run_after=2024-12-10 08:10:00+00:00
[2024-12-10T08:11:31.841+0000] {processor.py:208} INFO - Processing /home/airflow/.local/lib/python3.12/site-packages/airflow/example_dags/example_sla_dag.py took 0.105 seconds
[2024-12-10T08:12:01.950+0000] {processor.py:186} INFO - Started process (PID=533) to work on /home/airflow/.local/lib/python3.12/site-packages/airflow/example_dags/example_sla_dag.py
[2024-12-10T08:12:01.951+0000] {processor.py:914} INFO - Processing file /home/airflow/.local/lib/python3.12/site-packages/airflow/example_dags/example_sla_dag.py for tasks to queue
[2024-12-10T08:12:01.954+0000] {logging_mixin.py:190} INFO - [2024-12-10T08:12:01.954+0000] {dagbag.py:588} INFO - Filling up the DagBag from /home/airflow/.local/lib/python3.12/site-packages/airflow/example_dags/example_sla_dag.py
[2024-12-10T08:12:01.966+0000] {processor.py:925} INFO - DAG(s) 'example_sla_dag' retrieved from /home/airflow/.local/lib/python3.12/site-packages/airflow/example_dags/example_sla_dag.py
[2024-12-10T08:12:01.988+0000] {logging_mixin.py:190} INFO - [2024-12-10T08:12:01.987+0000] {dag.py:3239} INFO - Sync 1 DAGs
[2024-12-10T08:12:02.023+0000] {logging_mixin.py:190} INFO - [2024-12-10T08:12:02.023+0000] {dag.py:4180} INFO - Setting next_dagrun for example_sla_dag to 2024-12-10 08:10:00+00:00, run_after=2024-12-10 08:12:00+00:00
[2024-12-10T08:12:02.044+0000] {processor.py:208} INFO - Processing /home/airflow/.local/lib/python3.12/site-packages/airflow/example_dags/example_sla_dag.py took 0.101 seconds
[2024-12-10T08:12:32.266+0000] {processor.py:186} INFO - Started process (PID=596) to work on /home/airflow/.local/lib/python3.12/site-packages/airflow/example_dags/example_sla_dag.py
[2024-12-10T08:12:32.267+0000] {processor.py:914} INFO - Processing file /home/airflow/.local/lib/python3.12/site-packages/airflow/example_dags/example_sla_dag.py for tasks to queue
[2024-12-10T08:12:32.270+0000] {logging_mixin.py:190} INFO - [2024-12-10T08:12:32.270+0000] {dagbag.py:588} INFO - Filling up the DagBag from /home/airflow/.local/lib/python3.12/site-packages/airflow/example_dags/example_sla_dag.py
[2024-12-10T08:12:32.282+0000] {processor.py:925} INFO - DAG(s) 'example_sla_dag' retrieved from /home/airflow/.local/lib/python3.12/site-packages/airflow/example_dags/example_sla_dag.py
[2024-12-10T08:12:32.305+0000] {logging_mixin.py:190} INFO - [2024-12-10T08:12:32.305+0000] {dag.py:3239} INFO - Sync 1 DAGs
[2024-12-10T08:12:32.335+0000] {logging_mixin.py:190} INFO - [2024-12-10T08:12:32.334+0000] {dag.py:4180} INFO - Setting next_dagrun for example_sla_dag to 2024-12-10 08:10:00+00:00, run_after=2024-12-10 08:12:00+00:00
[2024-12-10T08:12:32.355+0000] {processor.py:208} INFO - Processing /home/airflow/.local/lib/python3.12/site-packages/airflow/example_dags/example_sla_dag.py took 0.096 seconds
[2024-12-10T08:13:03.072+0000] {processor.py:186} INFO - Started process (PID=659) to work on /home/airflow/.local/lib/python3.12/site-packages/airflow/example_dags/example_sla_dag.py
[2024-12-10T08:13:03.073+0000] {processor.py:914} INFO - Processing file /home/airflow/.local/lib/python3.12/site-packages/airflow/example_dags/example_sla_dag.py for tasks to queue
[2024-12-10T08:13:03.077+0000] {logging_mixin.py:190} INFO - [2024-12-10T08:13:03.076+0000] {dagbag.py:588} INFO - Filling up the DagBag from /home/airflow/.local/lib/python3.12/site-packages/airflow/example_dags/example_sla_dag.py
[2024-12-10T08:13:03.100+0000] {processor.py:925} INFO - DAG(s) 'example_sla_dag' retrieved from /home/airflow/.local/lib/python3.12/site-packages/airflow/example_dags/example_sla_dag.py
[2024-12-10T08:13:03.163+0000] {logging_mixin.py:190} INFO - [2024-12-10T08:13:03.162+0000] {dag.py:3239} INFO - Sync 1 DAGs
[2024-12-10T08:13:03.236+0000] {logging_mixin.py:190} INFO - [2024-12-10T08:13:03.236+0000] {dag.py:4180} INFO - Setting next_dagrun for example_sla_dag to 2024-12-10 08:10:00+00:00, run_after=2024-12-10 08:12:00+00:00
[2024-12-10T08:13:03.279+0000] {processor.py:208} INFO - Processing /home/airflow/.local/lib/python3.12/site-packages/airflow/example_dags/example_sla_dag.py took 0.218 seconds
[2024-12-10T08:13:33.689+0000] {processor.py:186} INFO - Started process (PID=722) to work on /home/airflow/.local/lib/python3.12/site-packages/airflow/example_dags/example_sla_dag.py
[2024-12-10T08:13:33.693+0000] {processor.py:914} INFO - Processing file /home/airflow/.local/lib/python3.12/site-packages/airflow/example_dags/example_sla_dag.py for tasks to queue
[2024-12-10T08:13:33.697+0000] {logging_mixin.py:190} INFO - [2024-12-10T08:13:33.697+0000] {dagbag.py:588} INFO - Filling up the DagBag from /home/airflow/.local/lib/python3.12/site-packages/airflow/example_dags/example_sla_dag.py
[2024-12-10T08:13:33.711+0000] {processor.py:925} INFO - DAG(s) 'example_sla_dag' retrieved from /home/airflow/.local/lib/python3.12/site-packages/airflow/example_dags/example_sla_dag.py
[2024-12-10T08:13:33.733+0000] {logging_mixin.py:190} INFO - [2024-12-10T08:13:33.733+0000] {dag.py:3239} INFO - Sync 1 DAGs
[2024-12-10T08:13:33.760+0000] {logging_mixin.py:190} INFO - [2024-12-10T08:13:33.759+0000] {dag.py:4180} INFO - Setting next_dagrun for example_sla_dag to 2024-12-10 08:10:00+00:00, run_after=2024-12-10 08:12:00+00:00
[2024-12-10T08:13:33.780+0000] {processor.py:208} INFO - Processing /home/airflow/.local/lib/python3.12/site-packages/airflow/example_dags/example_sla_dag.py took 0.105 seconds
[2024-12-10T08:14:05.046+0000] {processor.py:186} INFO - Started process (PID=785) to work on /home/airflow/.local/lib/python3.12/site-packages/airflow/example_dags/example_sla_dag.py
[2024-12-10T08:14:05.047+0000] {processor.py:914} INFO - Processing file /home/airflow/.local/lib/python3.12/site-packages/airflow/example_dags/example_sla_dag.py for tasks to queue
[2024-12-10T08:14:05.049+0000] {logging_mixin.py:190} INFO - [2024-12-10T08:14:05.049+0000] {dagbag.py:588} INFO - Filling up the DagBag from /home/airflow/.local/lib/python3.12/site-packages/airflow/example_dags/example_sla_dag.py
[2024-12-10T08:14:05.060+0000] {processor.py:925} INFO - DAG(s) 'example_sla_dag' retrieved from /home/airflow/.local/lib/python3.12/site-packages/airflow/example_dags/example_sla_dag.py
[2024-12-10T08:14:05.079+0000] {logging_mixin.py:190} INFO - [2024-12-10T08:14:05.079+0000] {dag.py:3239} INFO - Sync 1 DAGs
[2024-12-10T08:14:05.105+0000] {logging_mixin.py:190} INFO - [2024-12-10T08:14:05.105+0000] {dag.py:4180} INFO - Setting next_dagrun for example_sla_dag to 2024-12-10 08:12:00+00:00, run_after=2024-12-10 08:14:00+00:00
[2024-12-10T08:14:05.127+0000] {processor.py:208} INFO - Processing /home/airflow/.local/lib/python3.12/site-packages/airflow/example_dags/example_sla_dag.py took 0.087 seconds
[2024-12-10T08:15:34.088+0000] {processor.py:186} INFO - Started process (PID=94) to work on /home/airflow/.local/lib/python3.12/site-packages/airflow/example_dags/example_sla_dag.py
[2024-12-10T08:15:34.089+0000] {processor.py:914} INFO - Processing file /home/airflow/.local/lib/python3.12/site-packages/airflow/example_dags/example_sla_dag.py for tasks to queue
[2024-12-10T08:15:34.092+0000] {logging_mixin.py:190} INFO - [2024-12-10T08:15:34.092+0000] {dagbag.py:588} INFO - Filling up the DagBag from /home/airflow/.local/lib/python3.12/site-packages/airflow/example_dags/example_sla_dag.py
[2024-12-10T08:15:34.105+0000] {processor.py:925} INFO - DAG(s) 'example_sla_dag' retrieved from /home/airflow/.local/lib/python3.12/site-packages/airflow/example_dags/example_sla_dag.py
[2024-12-10T08:15:34.128+0000] {logging_mixin.py:190} INFO - [2024-12-10T08:15:34.127+0000] {dag.py:3239} INFO - Sync 1 DAGs
[2024-12-10T08:15:34.163+0000] {logging_mixin.py:190} INFO - [2024-12-10T08:15:34.163+0000] {dag.py:4180} INFO - Setting next_dagrun for example_sla_dag to 2024-12-10 08:12:00+00:00, run_after=2024-12-10 08:14:00+00:00
[2024-12-10T08:15:34.184+0000] {processor.py:208} INFO - Processing /home/airflow/.local/lib/python3.12/site-packages/airflow/example_dags/example_sla_dag.py took 0.103 seconds
[2024-12-10T08:16:05.329+0000] {processor.py:186} INFO - Started process (PID=157) to work on /home/airflow/.local/lib/python3.12/site-packages/airflow/example_dags/example_sla_dag.py
[2024-12-10T08:16:05.330+0000] {processor.py:914} INFO - Processing file /home/airflow/.local/lib/python3.12/site-packages/airflow/example_dags/example_sla_dag.py for tasks to queue
[2024-12-10T08:16:05.333+0000] {logging_mixin.py:190} INFO - [2024-12-10T08:16:05.332+0000] {dagbag.py:588} INFO - Filling up the DagBag from /home/airflow/.local/lib/python3.12/site-packages/airflow/example_dags/example_sla_dag.py
[2024-12-10T08:16:05.344+0000] {processor.py:925} INFO - DAG(s) 'example_sla_dag' retrieved from /home/airflow/.local/lib/python3.12/site-packages/airflow/example_dags/example_sla_dag.py
[2024-12-10T08:16:05.366+0000] {logging_mixin.py:190} INFO - [2024-12-10T08:16:05.366+0000] {dag.py:3239} INFO - Sync 1 DAGs
[2024-12-10T08:16:05.401+0000] {logging_mixin.py:190} INFO - [2024-12-10T08:16:05.401+0000] {dag.py:4180} INFO - Setting next_dagrun for example_sla_dag to 2024-12-10 08:14:00+00:00, run_after=2024-12-10 08:16:00+00:00
[2024-12-10T08:16:05.427+0000] {processor.py:208} INFO - Processing /home/airflow/.local/lib/python3.12/site-packages/airflow/example_dags/example_sla_dag.py took 0.104 seconds
[2024-12-10T08:16:36.293+0000] {processor.py:186} INFO - Started process (PID=220) to work on /home/airflow/.local/lib/python3.12/site-packages/airflow/example_dags/example_sla_dag.py
[2024-12-10T08:16:36.295+0000] {processor.py:914} INFO - Processing file /home/airflow/.local/lib/python3.12/site-packages/airflow/example_dags/example_sla_dag.py for tasks to queue
[2024-12-10T08:16:36.298+0000] {logging_mixin.py:190} INFO - [2024-12-10T08:16:36.298+0000] {dagbag.py:588} INFO - Filling up the DagBag from /home/airflow/.local/lib/python3.12/site-packages/airflow/example_dags/example_sla_dag.py
[2024-12-10T08:16:36.316+0000] {processor.py:925} INFO - DAG(s) 'example_sla_dag' retrieved from /home/airflow/.local/lib/python3.12/site-packages/airflow/example_dags/example_sla_dag.py
[2024-12-10T08:16:36.345+0000] {logging_mixin.py:190} INFO - [2024-12-10T08:16:36.345+0000] {dag.py:3239} INFO - Sync 1 DAGs
[2024-12-10T08:16:36.384+0000] {logging_mixin.py:190} INFO - [2024-12-10T08:16:36.384+0000] {dag.py:4180} INFO - Setting next_dagrun for example_sla_dag to 2024-12-10 08:14:00+00:00, run_after=2024-12-10 08:16:00+00:00
[2024-12-10T08:16:36.408+0000] {processor.py:208} INFO - Processing /home/airflow/.local/lib/python3.12/site-packages/airflow/example_dags/example_sla_dag.py took 0.124 seconds
[2024-12-10T08:17:07.783+0000] {processor.py:186} INFO - Started process (PID=283) to work on /home/airflow/.local/lib/python3.12/site-packages/airflow/example_dags/example_sla_dag.py
[2024-12-10T08:17:07.784+0000] {processor.py:914} INFO - Processing file /home/airflow/.local/lib/python3.12/site-packages/airflow/example_dags/example_sla_dag.py for tasks to queue
[2024-12-10T08:17:07.788+0000] {logging_mixin.py:190} INFO - [2024-12-10T08:17:07.787+0000] {dagbag.py:588} INFO - Filling up the DagBag from /home/airflow/.local/lib/python3.12/site-packages/airflow/example_dags/example_sla_dag.py
[2024-12-10T08:17:07.802+0000] {processor.py:925} INFO - DAG(s) 'example_sla_dag' retrieved from /home/airflow/.local/lib/python3.12/site-packages/airflow/example_dags/example_sla_dag.py
[2024-12-10T08:17:07.826+0000] {logging_mixin.py:190} INFO - [2024-12-10T08:17:07.826+0000] {dag.py:3239} INFO - Sync 1 DAGs
[2024-12-10T08:17:07.861+0000] {logging_mixin.py:190} INFO - [2024-12-10T08:17:07.861+0000] {dag.py:4180} INFO - Setting next_dagrun for example_sla_dag to 2024-12-10 08:14:00+00:00, run_after=2024-12-10 08:16:00+00:00
[2024-12-10T08:17:07.893+0000] {processor.py:208} INFO - Processing /home/airflow/.local/lib/python3.12/site-packages/airflow/example_dags/example_sla_dag.py took 0.118 seconds
[2024-12-10T08:17:39.221+0000] {processor.py:186} INFO - Started process (PID=346) to work on /home/airflow/.local/lib/python3.12/site-packages/airflow/example_dags/example_sla_dag.py
[2024-12-10T08:17:39.222+0000] {processor.py:914} INFO - Processing file /home/airflow/.local/lib/python3.12/site-packages/airflow/example_dags/example_sla_dag.py for tasks to queue
[2024-12-10T08:17:39.225+0000] {logging_mixin.py:190} INFO - [2024-12-10T08:17:39.225+0000] {dagbag.py:588} INFO - Filling up the DagBag from /home/airflow/.local/lib/python3.12/site-packages/airflow/example_dags/example_sla_dag.py
[2024-12-10T08:17:39.237+0000] {processor.py:925} INFO - DAG(s) 'example_sla_dag' retrieved from /home/airflow/.local/lib/python3.12/site-packages/airflow/example_dags/example_sla_dag.py
[2024-12-10T08:17:39.259+0000] {logging_mixin.py:190} INFO - [2024-12-10T08:17:39.258+0000] {dag.py:3239} INFO - Sync 1 DAGs
[2024-12-10T08:17:39.311+0000] {logging_mixin.py:190} INFO - [2024-12-10T08:17:39.311+0000] {dag.py:4180} INFO - Setting next_dagrun for example_sla_dag to 2024-12-10 08:14:00+00:00, run_after=2024-12-10 08:16:00+00:00
[2024-12-10T08:17:39.334+0000] {processor.py:208} INFO - Processing /home/airflow/.local/lib/python3.12/site-packages/airflow/example_dags/example_sla_dag.py took 0.120 seconds
[2024-12-10T08:18:10.545+0000] {processor.py:186} INFO - Started process (PID=409) to work on /home/airflow/.local/lib/python3.12/site-packages/airflow/example_dags/example_sla_dag.py
[2024-12-10T08:18:10.546+0000] {processor.py:914} INFO - Processing file /home/airflow/.local/lib/python3.12/site-packages/airflow/example_dags/example_sla_dag.py for tasks to queue
[2024-12-10T08:18:10.550+0000] {logging_mixin.py:190} INFO - [2024-12-10T08:18:10.549+0000] {dagbag.py:588} INFO - Filling up the DagBag from /home/airflow/.local/lib/python3.12/site-packages/airflow/example_dags/example_sla_dag.py
[2024-12-10T08:18:10.562+0000] {processor.py:925} INFO - DAG(s) 'example_sla_dag' retrieved from /home/airflow/.local/lib/python3.12/site-packages/airflow/example_dags/example_sla_dag.py
[2024-12-10T08:18:10.596+0000] {logging_mixin.py:190} INFO - [2024-12-10T08:18:10.596+0000] {dag.py:3239} INFO - Sync 1 DAGs
[2024-12-10T08:18:10.629+0000] {logging_mixin.py:190} INFO - [2024-12-10T08:18:10.629+0000] {dag.py:4180} INFO - Setting next_dagrun for example_sla_dag to 2024-12-10 08:16:00+00:00, run_after=2024-12-10 08:18:00+00:00
[2024-12-10T08:18:10.653+0000] {processor.py:208} INFO - Processing /home/airflow/.local/lib/python3.12/site-packages/airflow/example_dags/example_sla_dag.py took 0.115 seconds
[2024-12-10T08:18:41.979+0000] {processor.py:186} INFO - Started process (PID=472) to work on /home/airflow/.local/lib/python3.12/site-packages/airflow/example_dags/example_sla_dag.py
[2024-12-10T08:18:41.980+0000] {processor.py:914} INFO - Processing file /home/airflow/.local/lib/python3.12/site-packages/airflow/example_dags/example_sla_dag.py for tasks to queue
[2024-12-10T08:18:41.983+0000] {logging_mixin.py:190} INFO - [2024-12-10T08:18:41.983+0000] {dagbag.py:588} INFO - Filling up the DagBag from /home/airflow/.local/lib/python3.12/site-packages/airflow/example_dags/example_sla_dag.py
[2024-12-10T08:18:42.002+0000] {processor.py:925} INFO - DAG(s) 'example_sla_dag' retrieved from /home/airflow/.local/lib/python3.12/site-packages/airflow/example_dags/example_sla_dag.py
[2024-12-10T08:18:42.064+0000] {logging_mixin.py:190} INFO - [2024-12-10T08:18:42.062+0000] {dag.py:3239} INFO - Sync 1 DAGs
[2024-12-10T08:18:42.111+0000] {logging_mixin.py:190} INFO - [2024-12-10T08:18:42.111+0000] {dag.py:4180} INFO - Setting next_dagrun for example_sla_dag to 2024-12-10 08:16:00+00:00, run_after=2024-12-10 08:18:00+00:00
[2024-12-10T08:18:42.133+0000] {processor.py:208} INFO - Processing /home/airflow/.local/lib/python3.12/site-packages/airflow/example_dags/example_sla_dag.py took 0.161 seconds
[2024-12-10T08:19:13.301+0000] {processor.py:186} INFO - Started process (PID=535) to work on /home/airflow/.local/lib/python3.12/site-packages/airflow/example_dags/example_sla_dag.py
[2024-12-10T08:19:13.302+0000] {processor.py:914} INFO - Processing file /home/airflow/.local/lib/python3.12/site-packages/airflow/example_dags/example_sla_dag.py for tasks to queue
[2024-12-10T08:19:13.305+0000] {logging_mixin.py:190} INFO - [2024-12-10T08:19:13.304+0000] {dagbag.py:588} INFO - Filling up the DagBag from /home/airflow/.local/lib/python3.12/site-packages/airflow/example_dags/example_sla_dag.py
[2024-12-10T08:19:13.318+0000] {processor.py:925} INFO - DAG(s) 'example_sla_dag' retrieved from /home/airflow/.local/lib/python3.12/site-packages/airflow/example_dags/example_sla_dag.py
[2024-12-10T08:19:13.341+0000] {logging_mixin.py:190} INFO - [2024-12-10T08:19:13.341+0000] {dag.py:3239} INFO - Sync 1 DAGs
[2024-12-10T08:19:13.377+0000] {logging_mixin.py:190} INFO - [2024-12-10T08:19:13.376+0000] {dag.py:4180} INFO - Setting next_dagrun for example_sla_dag to 2024-12-10 08:16:00+00:00, run_after=2024-12-10 08:18:00+00:00
[2024-12-10T08:19:13.399+0000] {processor.py:208} INFO - Processing /home/airflow/.local/lib/python3.12/site-packages/airflow/example_dags/example_sla_dag.py took 0.106 seconds
[2024-12-10T08:19:44.289+0000] {processor.py:186} INFO - Started process (PID=598) to work on /home/airflow/.local/lib/python3.12/site-packages/airflow/example_dags/example_sla_dag.py
[2024-12-10T08:19:44.290+0000] {processor.py:914} INFO - Processing file /home/airflow/.local/lib/python3.12/site-packages/airflow/example_dags/example_sla_dag.py for tasks to queue
[2024-12-10T08:19:44.294+0000] {logging_mixin.py:190} INFO - [2024-12-10T08:19:44.293+0000] {dagbag.py:588} INFO - Filling up the DagBag from /home/airflow/.local/lib/python3.12/site-packages/airflow/example_dags/example_sla_dag.py
[2024-12-10T08:19:44.308+0000] {processor.py:925} INFO - DAG(s) 'example_sla_dag' retrieved from /home/airflow/.local/lib/python3.12/site-packages/airflow/example_dags/example_sla_dag.py
[2024-12-10T08:19:44.332+0000] {logging_mixin.py:190} INFO - [2024-12-10T08:19:44.331+0000] {dag.py:3239} INFO - Sync 1 DAGs
[2024-12-10T08:19:44.368+0000] {logging_mixin.py:190} INFO - [2024-12-10T08:19:44.367+0000] {dag.py:4180} INFO - Setting next_dagrun for example_sla_dag to 2024-12-10 08:16:00+00:00, run_after=2024-12-10 08:18:00+00:00
[2024-12-10T08:19:44.391+0000] {processor.py:208} INFO - Processing /home/airflow/.local/lib/python3.12/site-packages/airflow/example_dags/example_sla_dag.py took 0.110 seconds
[2024-12-10T08:20:15.757+0000] {processor.py:186} INFO - Started process (PID=661) to work on /home/airflow/.local/lib/python3.12/site-packages/airflow/example_dags/example_sla_dag.py
[2024-12-10T08:20:15.758+0000] {processor.py:914} INFO - Processing file /home/airflow/.local/lib/python3.12/site-packages/airflow/example_dags/example_sla_dag.py for tasks to queue
[2024-12-10T08:20:15.762+0000] {logging_mixin.py:190} INFO - [2024-12-10T08:20:15.761+0000] {dagbag.py:588} INFO - Filling up the DagBag from /home/airflow/.local/lib/python3.12/site-packages/airflow/example_dags/example_sla_dag.py
[2024-12-10T08:20:15.779+0000] {processor.py:925} INFO - DAG(s) 'example_sla_dag' retrieved from /home/airflow/.local/lib/python3.12/site-packages/airflow/example_dags/example_sla_dag.py
[2024-12-10T08:20:15.806+0000] {logging_mixin.py:190} INFO - [2024-12-10T08:20:15.805+0000] {dag.py:3239} INFO - Sync 1 DAGs
[2024-12-10T08:20:15.842+0000] {logging_mixin.py:190} INFO - [2024-12-10T08:20:15.842+0000] {dag.py:4180} INFO - Setting next_dagrun for example_sla_dag to 2024-12-10 08:18:00+00:00, run_after=2024-12-10 08:20:00+00:00
[2024-12-10T08:20:15.872+0000] {processor.py:208} INFO - Processing /home/airflow/.local/lib/python3.12/site-packages/airflow/example_dags/example_sla_dag.py took 0.123 seconds
