[2024-12-10T07:56:02.295+0000] {processor.py:186} INFO - Started process (PID=79) to work on /home/airflow/.local/lib/python3.12/site-packages/airflow/example_dags/example_external_task_marker_dag.py
[2024-12-10T07:56:02.297+0000] {processor.py:914} INFO - Processing file /home/airflow/.local/lib/python3.12/site-packages/airflow/example_dags/example_external_task_marker_dag.py for tasks to queue
[2024-12-10T07:56:02.304+0000] {logging_mixin.py:190} INFO - [2024-12-10T07:56:02.303+0000] {dagbag.py:588} INFO - Filling up the DagBag from /home/airflow/.local/lib/python3.12/site-packages/airflow/example_dags/example_external_task_marker_dag.py
[2024-12-10T07:56:02.329+0000] {processor.py:925} INFO - DAG(s) 'example_external_task_marker_child', 'example_external_task_marker_parent' retrieved from /home/airflow/.local/lib/python3.12/site-packages/airflow/example_dags/example_external_task_marker_dag.py
[2024-12-10T07:56:02.590+0000] {logging_mixin.py:190} INFO - [2024-12-10T07:56:02.588+0000] {override.py:1911} INFO - Created Permission View: can read on DAG:example_external_task_marker_child
[2024-12-10T07:56:02.615+0000] {logging_mixin.py:190} INFO - [2024-12-10T07:56:02.614+0000] {override.py:1911} INFO - Created Permission View: can edit on DAG:example_external_task_marker_child
[2024-12-10T07:56:02.631+0000] {logging_mixin.py:190} INFO - [2024-12-10T07:56:02.630+0000] {override.py:1911} INFO - Created Permission View: can delete on DAG:example_external_task_marker_child
[2024-12-10T07:56:02.648+0000] {logging_mixin.py:190} INFO - [2024-12-10T07:56:02.647+0000] {override.py:1911} INFO - Created Permission View: can read on DAG Run:example_external_task_marker_child
[2024-12-10T07:56:02.667+0000] {logging_mixin.py:190} INFO - [2024-12-10T07:56:02.666+0000] {override.py:1911} INFO - Created Permission View: menu access on DAG Run:example_external_task_marker_child
[2024-12-10T07:56:02.699+0000] {logging_mixin.py:190} INFO - [2024-12-10T07:56:02.699+0000] {override.py:1911} INFO - Created Permission View: can delete on DAG Run:example_external_task_marker_child
[2024-12-10T07:56:02.713+0000] {logging_mixin.py:190} INFO - [2024-12-10T07:56:02.712+0000] {override.py:1911} INFO - Created Permission View: can create on DAG Run:example_external_task_marker_child
[2024-12-10T07:56:02.735+0000] {logging_mixin.py:190} INFO - [2024-12-10T07:56:02.735+0000] {override.py:1911} INFO - Created Permission View: can read on DAG:example_external_task_marker_parent
[2024-12-10T07:56:02.748+0000] {logging_mixin.py:190} INFO - [2024-12-10T07:56:02.747+0000] {override.py:1911} INFO - Created Permission View: can edit on DAG:example_external_task_marker_parent
[2024-12-10T07:56:02.761+0000] {logging_mixin.py:190} INFO - [2024-12-10T07:56:02.760+0000] {override.py:1911} INFO - Created Permission View: can delete on DAG:example_external_task_marker_parent
[2024-12-10T07:56:02.773+0000] {logging_mixin.py:190} INFO - [2024-12-10T07:56:02.772+0000] {override.py:1911} INFO - Created Permission View: can read on DAG Run:example_external_task_marker_parent
[2024-12-10T07:56:02.783+0000] {logging_mixin.py:190} INFO - [2024-12-10T07:56:02.783+0000] {override.py:1911} INFO - Created Permission View: menu access on DAG Run:example_external_task_marker_parent
[2024-12-10T07:56:02.795+0000] {logging_mixin.py:190} INFO - [2024-12-10T07:56:02.795+0000] {override.py:1911} INFO - Created Permission View: can delete on DAG Run:example_external_task_marker_parent
[2024-12-10T07:56:02.808+0000] {logging_mixin.py:190} INFO - [2024-12-10T07:56:02.807+0000] {override.py:1911} INFO - Created Permission View: can create on DAG Run:example_external_task_marker_parent
[2024-12-10T07:56:02.809+0000] {logging_mixin.py:190} INFO - [2024-12-10T07:56:02.808+0000] {dag.py:3239} INFO - Sync 2 DAGs
[2024-12-10T07:56:02.833+0000] {logging_mixin.py:190} INFO - [2024-12-10T07:56:02.832+0000] {dag.py:3262} INFO - Creating ORM DAG for example_external_task_marker_parent
[2024-12-10T07:56:02.834+0000] {logging_mixin.py:190} INFO - [2024-12-10T07:56:02.834+0000] {dag.py:3262} INFO - Creating ORM DAG for example_external_task_marker_child
[2024-12-10T07:56:02.835+0000] {logging_mixin.py:190} INFO - [2024-12-10T07:56:02.835+0000] {dag.py:4180} INFO - Setting next_dagrun for example_external_task_marker_child to None, run_after=None
[2024-12-10T07:56:02.838+0000] {logging_mixin.py:190} INFO - [2024-12-10T07:56:02.837+0000] {dag.py:4180} INFO - Setting next_dagrun for example_external_task_marker_parent to None, run_after=None
[2024-12-10T07:56:02.868+0000] {processor.py:208} INFO - Processing /home/airflow/.local/lib/python3.12/site-packages/airflow/example_dags/example_external_task_marker_dag.py took 0.587 seconds
[2024-12-10T07:56:33.339+0000] {processor.py:186} INFO - Started process (PID=142) to work on /home/airflow/.local/lib/python3.12/site-packages/airflow/example_dags/example_external_task_marker_dag.py
[2024-12-10T07:56:33.340+0000] {processor.py:914} INFO - Processing file /home/airflow/.local/lib/python3.12/site-packages/airflow/example_dags/example_external_task_marker_dag.py for tasks to queue
[2024-12-10T07:56:33.343+0000] {logging_mixin.py:190} INFO - [2024-12-10T07:56:33.343+0000] {dagbag.py:588} INFO - Filling up the DagBag from /home/airflow/.local/lib/python3.12/site-packages/airflow/example_dags/example_external_task_marker_dag.py
[2024-12-10T07:56:33.353+0000] {processor.py:925} INFO - DAG(s) 'example_external_task_marker_child', 'example_external_task_marker_parent' retrieved from /home/airflow/.local/lib/python3.12/site-packages/airflow/example_dags/example_external_task_marker_dag.py
[2024-12-10T07:56:33.378+0000] {logging_mixin.py:190} INFO - [2024-12-10T07:56:33.378+0000] {dag.py:3239} INFO - Sync 2 DAGs
[2024-12-10T07:56:33.396+0000] {logging_mixin.py:190} INFO - [2024-12-10T07:56:33.395+0000] {dag.py:4180} INFO - Setting next_dagrun for example_external_task_marker_child to None, run_after=None
[2024-12-10T07:56:33.400+0000] {logging_mixin.py:190} INFO - [2024-12-10T07:56:33.400+0000] {dag.py:4180} INFO - Setting next_dagrun for example_external_task_marker_parent to None, run_after=None
[2024-12-10T07:56:33.423+0000] {processor.py:208} INFO - Processing /home/airflow/.local/lib/python3.12/site-packages/airflow/example_dags/example_external_task_marker_dag.py took 0.090 seconds
[2024-12-10T07:57:03.994+0000] {processor.py:186} INFO - Started process (PID=205) to work on /home/airflow/.local/lib/python3.12/site-packages/airflow/example_dags/example_external_task_marker_dag.py
[2024-12-10T07:57:03.995+0000] {processor.py:914} INFO - Processing file /home/airflow/.local/lib/python3.12/site-packages/airflow/example_dags/example_external_task_marker_dag.py for tasks to queue
[2024-12-10T07:57:03.997+0000] {logging_mixin.py:190} INFO - [2024-12-10T07:57:03.997+0000] {dagbag.py:588} INFO - Filling up the DagBag from /home/airflow/.local/lib/python3.12/site-packages/airflow/example_dags/example_external_task_marker_dag.py
[2024-12-10T07:57:04.005+0000] {processor.py:925} INFO - DAG(s) 'example_external_task_marker_child', 'example_external_task_marker_parent' retrieved from /home/airflow/.local/lib/python3.12/site-packages/airflow/example_dags/example_external_task_marker_dag.py
[2024-12-10T07:57:04.028+0000] {logging_mixin.py:190} INFO - [2024-12-10T07:57:04.027+0000] {dag.py:3239} INFO - Sync 2 DAGs
[2024-12-10T07:57:04.043+0000] {logging_mixin.py:190} INFO - [2024-12-10T07:57:04.043+0000] {dag.py:4180} INFO - Setting next_dagrun for example_external_task_marker_child to None, run_after=None
[2024-12-10T07:57:04.048+0000] {logging_mixin.py:190} INFO - [2024-12-10T07:57:04.048+0000] {dag.py:4180} INFO - Setting next_dagrun for example_external_task_marker_parent to None, run_after=None
[2024-12-10T07:57:04.064+0000] {processor.py:208} INFO - Processing /home/airflow/.local/lib/python3.12/site-packages/airflow/example_dags/example_external_task_marker_dag.py took 0.076 seconds
[2024-12-10T07:57:34.321+0000] {processor.py:186} INFO - Started process (PID=268) to work on /home/airflow/.local/lib/python3.12/site-packages/airflow/example_dags/example_external_task_marker_dag.py
[2024-12-10T07:57:34.322+0000] {processor.py:914} INFO - Processing file /home/airflow/.local/lib/python3.12/site-packages/airflow/example_dags/example_external_task_marker_dag.py for tasks to queue
[2024-12-10T07:57:34.325+0000] {logging_mixin.py:190} INFO - [2024-12-10T07:57:34.324+0000] {dagbag.py:588} INFO - Filling up the DagBag from /home/airflow/.local/lib/python3.12/site-packages/airflow/example_dags/example_external_task_marker_dag.py
[2024-12-10T07:57:34.336+0000] {processor.py:925} INFO - DAG(s) 'example_external_task_marker_parent', 'example_external_task_marker_child' retrieved from /home/airflow/.local/lib/python3.12/site-packages/airflow/example_dags/example_external_task_marker_dag.py
[2024-12-10T07:57:34.362+0000] {logging_mixin.py:190} INFO - [2024-12-10T07:57:34.362+0000] {dag.py:3239} INFO - Sync 2 DAGs
[2024-12-10T07:57:34.379+0000] {logging_mixin.py:190} INFO - [2024-12-10T07:57:34.379+0000] {dag.py:4180} INFO - Setting next_dagrun for example_external_task_marker_child to None, run_after=None
[2024-12-10T07:57:34.384+0000] {logging_mixin.py:190} INFO - [2024-12-10T07:57:34.384+0000] {dag.py:4180} INFO - Setting next_dagrun for example_external_task_marker_parent to None, run_after=None
[2024-12-10T07:57:34.406+0000] {processor.py:208} INFO - Processing /home/airflow/.local/lib/python3.12/site-packages/airflow/example_dags/example_external_task_marker_dag.py took 0.091 seconds
[2024-12-10T07:58:05.075+0000] {processor.py:186} INFO - Started process (PID=331) to work on /home/airflow/.local/lib/python3.12/site-packages/airflow/example_dags/example_external_task_marker_dag.py
[2024-12-10T07:58:05.076+0000] {processor.py:914} INFO - Processing file /home/airflow/.local/lib/python3.12/site-packages/airflow/example_dags/example_external_task_marker_dag.py for tasks to queue
[2024-12-10T07:58:05.079+0000] {logging_mixin.py:190} INFO - [2024-12-10T07:58:05.079+0000] {dagbag.py:588} INFO - Filling up the DagBag from /home/airflow/.local/lib/python3.12/site-packages/airflow/example_dags/example_external_task_marker_dag.py
[2024-12-10T07:58:05.090+0000] {processor.py:925} INFO - DAG(s) 'example_external_task_marker_child', 'example_external_task_marker_parent' retrieved from /home/airflow/.local/lib/python3.12/site-packages/airflow/example_dags/example_external_task_marker_dag.py
[2024-12-10T07:58:05.123+0000] {logging_mixin.py:190} INFO - [2024-12-10T07:58:05.123+0000] {dag.py:3239} INFO - Sync 2 DAGs
[2024-12-10T07:58:05.152+0000] {logging_mixin.py:190} INFO - [2024-12-10T07:58:05.151+0000] {dag.py:4180} INFO - Setting next_dagrun for example_external_task_marker_child to None, run_after=None
[2024-12-10T07:58:05.162+0000] {logging_mixin.py:190} INFO - [2024-12-10T07:58:05.161+0000] {dag.py:4180} INFO - Setting next_dagrun for example_external_task_marker_parent to None, run_after=None
[2024-12-10T07:58:05.208+0000] {processor.py:208} INFO - Processing /home/airflow/.local/lib/python3.12/site-packages/airflow/example_dags/example_external_task_marker_dag.py took 0.140 seconds
[2024-12-10T07:58:36.120+0000] {processor.py:186} INFO - Started process (PID=394) to work on /home/airflow/.local/lib/python3.12/site-packages/airflow/example_dags/example_external_task_marker_dag.py
[2024-12-10T07:58:36.121+0000] {processor.py:914} INFO - Processing file /home/airflow/.local/lib/python3.12/site-packages/airflow/example_dags/example_external_task_marker_dag.py for tasks to queue
[2024-12-10T07:58:36.124+0000] {logging_mixin.py:190} INFO - [2024-12-10T07:58:36.123+0000] {dagbag.py:588} INFO - Filling up the DagBag from /home/airflow/.local/lib/python3.12/site-packages/airflow/example_dags/example_external_task_marker_dag.py
[2024-12-10T07:58:36.134+0000] {processor.py:925} INFO - DAG(s) 'example_external_task_marker_parent', 'example_external_task_marker_child' retrieved from /home/airflow/.local/lib/python3.12/site-packages/airflow/example_dags/example_external_task_marker_dag.py
[2024-12-10T07:58:36.175+0000] {logging_mixin.py:190} INFO - [2024-12-10T07:58:36.174+0000] {dag.py:3239} INFO - Sync 2 DAGs
[2024-12-10T07:58:36.194+0000] {logging_mixin.py:190} INFO - [2024-12-10T07:58:36.194+0000] {dag.py:4180} INFO - Setting next_dagrun for example_external_task_marker_child to None, run_after=None
[2024-12-10T07:58:36.201+0000] {logging_mixin.py:190} INFO - [2024-12-10T07:58:36.201+0000] {dag.py:4180} INFO - Setting next_dagrun for example_external_task_marker_parent to None, run_after=None
[2024-12-10T07:58:36.221+0000] {processor.py:208} INFO - Processing /home/airflow/.local/lib/python3.12/site-packages/airflow/example_dags/example_external_task_marker_dag.py took 0.110 seconds
[2024-12-10T07:59:06.528+0000] {processor.py:186} INFO - Started process (PID=457) to work on /home/airflow/.local/lib/python3.12/site-packages/airflow/example_dags/example_external_task_marker_dag.py
[2024-12-10T07:59:06.529+0000] {processor.py:914} INFO - Processing file /home/airflow/.local/lib/python3.12/site-packages/airflow/example_dags/example_external_task_marker_dag.py for tasks to queue
[2024-12-10T07:59:06.533+0000] {logging_mixin.py:190} INFO - [2024-12-10T07:59:06.532+0000] {dagbag.py:588} INFO - Filling up the DagBag from /home/airflow/.local/lib/python3.12/site-packages/airflow/example_dags/example_external_task_marker_dag.py
[2024-12-10T07:59:06.543+0000] {processor.py:925} INFO - DAG(s) 'example_external_task_marker_parent', 'example_external_task_marker_child' retrieved from /home/airflow/.local/lib/python3.12/site-packages/airflow/example_dags/example_external_task_marker_dag.py
[2024-12-10T07:59:06.571+0000] {logging_mixin.py:190} INFO - [2024-12-10T07:59:06.571+0000] {dag.py:3239} INFO - Sync 2 DAGs
[2024-12-10T07:59:06.590+0000] {logging_mixin.py:190} INFO - [2024-12-10T07:59:06.589+0000] {dag.py:4180} INFO - Setting next_dagrun for example_external_task_marker_child to None, run_after=None
[2024-12-10T07:59:06.595+0000] {logging_mixin.py:190} INFO - [2024-12-10T07:59:06.595+0000] {dag.py:4180} INFO - Setting next_dagrun for example_external_task_marker_parent to None, run_after=None
[2024-12-10T07:59:06.616+0000] {processor.py:208} INFO - Processing /home/airflow/.local/lib/python3.12/site-packages/airflow/example_dags/example_external_task_marker_dag.py took 0.095 seconds
[2024-12-10T07:59:36.957+0000] {processor.py:186} INFO - Started process (PID=520) to work on /home/airflow/.local/lib/python3.12/site-packages/airflow/example_dags/example_external_task_marker_dag.py
[2024-12-10T07:59:36.959+0000] {processor.py:914} INFO - Processing file /home/airflow/.local/lib/python3.12/site-packages/airflow/example_dags/example_external_task_marker_dag.py for tasks to queue
[2024-12-10T07:59:36.964+0000] {logging_mixin.py:190} INFO - [2024-12-10T07:59:36.963+0000] {dagbag.py:588} INFO - Filling up the DagBag from /home/airflow/.local/lib/python3.12/site-packages/airflow/example_dags/example_external_task_marker_dag.py
[2024-12-10T07:59:36.976+0000] {processor.py:925} INFO - DAG(s) 'example_external_task_marker_parent', 'example_external_task_marker_child' retrieved from /home/airflow/.local/lib/python3.12/site-packages/airflow/example_dags/example_external_task_marker_dag.py
[2024-12-10T07:59:37.022+0000] {logging_mixin.py:190} INFO - [2024-12-10T07:59:37.022+0000] {dag.py:3239} INFO - Sync 2 DAGs
[2024-12-10T07:59:37.047+0000] {logging_mixin.py:190} INFO - [2024-12-10T07:59:37.047+0000] {dag.py:4180} INFO - Setting next_dagrun for example_external_task_marker_child to None, run_after=None
[2024-12-10T07:59:37.052+0000] {logging_mixin.py:190} INFO - [2024-12-10T07:59:37.052+0000] {dag.py:4180} INFO - Setting next_dagrun for example_external_task_marker_parent to None, run_after=None
[2024-12-10T07:59:37.071+0000] {processor.py:208} INFO - Processing /home/airflow/.local/lib/python3.12/site-packages/airflow/example_dags/example_external_task_marker_dag.py took 0.123 seconds
[2024-12-10T08:00:07.134+0000] {processor.py:186} INFO - Started process (PID=583) to work on /home/airflow/.local/lib/python3.12/site-packages/airflow/example_dags/example_external_task_marker_dag.py
[2024-12-10T08:00:07.136+0000] {processor.py:914} INFO - Processing file /home/airflow/.local/lib/python3.12/site-packages/airflow/example_dags/example_external_task_marker_dag.py for tasks to queue
[2024-12-10T08:00:07.139+0000] {logging_mixin.py:190} INFO - [2024-12-10T08:00:07.139+0000] {dagbag.py:588} INFO - Filling up the DagBag from /home/airflow/.local/lib/python3.12/site-packages/airflow/example_dags/example_external_task_marker_dag.py
[2024-12-10T08:00:07.149+0000] {processor.py:925} INFO - DAG(s) 'example_external_task_marker_parent', 'example_external_task_marker_child' retrieved from /home/airflow/.local/lib/python3.12/site-packages/airflow/example_dags/example_external_task_marker_dag.py
[2024-12-10T08:00:07.177+0000] {logging_mixin.py:190} INFO - [2024-12-10T08:00:07.176+0000] {dag.py:3239} INFO - Sync 2 DAGs
[2024-12-10T08:00:07.197+0000] {logging_mixin.py:190} INFO - [2024-12-10T08:00:07.197+0000] {dag.py:4180} INFO - Setting next_dagrun for example_external_task_marker_child to None, run_after=None
[2024-12-10T08:00:07.203+0000] {logging_mixin.py:190} INFO - [2024-12-10T08:00:07.202+0000] {dag.py:4180} INFO - Setting next_dagrun for example_external_task_marker_parent to None, run_after=None
[2024-12-10T08:00:07.223+0000] {processor.py:208} INFO - Processing /home/airflow/.local/lib/python3.12/site-packages/airflow/example_dags/example_external_task_marker_dag.py took 0.097 seconds
[2024-12-10T08:00:37.950+0000] {processor.py:186} INFO - Started process (PID=646) to work on /home/airflow/.local/lib/python3.12/site-packages/airflow/example_dags/example_external_task_marker_dag.py
[2024-12-10T08:00:37.951+0000] {processor.py:914} INFO - Processing file /home/airflow/.local/lib/python3.12/site-packages/airflow/example_dags/example_external_task_marker_dag.py for tasks to queue
[2024-12-10T08:00:37.953+0000] {logging_mixin.py:190} INFO - [2024-12-10T08:00:37.953+0000] {dagbag.py:588} INFO - Filling up the DagBag from /home/airflow/.local/lib/python3.12/site-packages/airflow/example_dags/example_external_task_marker_dag.py
[2024-12-10T08:00:37.960+0000] {processor.py:925} INFO - DAG(s) 'example_external_task_marker_parent', 'example_external_task_marker_child' retrieved from /home/airflow/.local/lib/python3.12/site-packages/airflow/example_dags/example_external_task_marker_dag.py
[2024-12-10T08:00:37.982+0000] {logging_mixin.py:190} INFO - [2024-12-10T08:00:37.982+0000] {dag.py:3239} INFO - Sync 2 DAGs
[2024-12-10T08:00:37.996+0000] {logging_mixin.py:190} INFO - [2024-12-10T08:00:37.996+0000] {dag.py:4180} INFO - Setting next_dagrun for example_external_task_marker_child to None, run_after=None
[2024-12-10T08:00:38.000+0000] {logging_mixin.py:190} INFO - [2024-12-10T08:00:38.000+0000] {dag.py:4180} INFO - Setting next_dagrun for example_external_task_marker_parent to None, run_after=None
[2024-12-10T08:00:38.016+0000] {processor.py:208} INFO - Processing /home/airflow/.local/lib/python3.12/site-packages/airflow/example_dags/example_external_task_marker_dag.py took 0.072 seconds
[2024-12-10T08:01:08.448+0000] {processor.py:186} INFO - Started process (PID=709) to work on /home/airflow/.local/lib/python3.12/site-packages/airflow/example_dags/example_external_task_marker_dag.py
[2024-12-10T08:01:08.449+0000] {processor.py:914} INFO - Processing file /home/airflow/.local/lib/python3.12/site-packages/airflow/example_dags/example_external_task_marker_dag.py for tasks to queue
[2024-12-10T08:01:08.452+0000] {logging_mixin.py:190} INFO - [2024-12-10T08:01:08.452+0000] {dagbag.py:588} INFO - Filling up the DagBag from /home/airflow/.local/lib/python3.12/site-packages/airflow/example_dags/example_external_task_marker_dag.py
[2024-12-10T08:01:08.462+0000] {processor.py:925} INFO - DAG(s) 'example_external_task_marker_parent', 'example_external_task_marker_child' retrieved from /home/airflow/.local/lib/python3.12/site-packages/airflow/example_dags/example_external_task_marker_dag.py
[2024-12-10T08:01:08.490+0000] {logging_mixin.py:190} INFO - [2024-12-10T08:01:08.489+0000] {dag.py:3239} INFO - Sync 2 DAGs
[2024-12-10T08:01:08.507+0000] {logging_mixin.py:190} INFO - [2024-12-10T08:01:08.506+0000] {dag.py:4180} INFO - Setting next_dagrun for example_external_task_marker_child to None, run_after=None
[2024-12-10T08:01:08.512+0000] {logging_mixin.py:190} INFO - [2024-12-10T08:01:08.512+0000] {dag.py:4180} INFO - Setting next_dagrun for example_external_task_marker_parent to None, run_after=None
[2024-12-10T08:01:08.532+0000] {processor.py:208} INFO - Processing /home/airflow/.local/lib/python3.12/site-packages/airflow/example_dags/example_external_task_marker_dag.py took 0.091 seconds
[2024-12-10T08:01:38.633+0000] {processor.py:186} INFO - Started process (PID=772) to work on /home/airflow/.local/lib/python3.12/site-packages/airflow/example_dags/example_external_task_marker_dag.py
[2024-12-10T08:01:38.635+0000] {processor.py:914} INFO - Processing file /home/airflow/.local/lib/python3.12/site-packages/airflow/example_dags/example_external_task_marker_dag.py for tasks to queue
[2024-12-10T08:01:38.637+0000] {logging_mixin.py:190} INFO - [2024-12-10T08:01:38.637+0000] {dagbag.py:588} INFO - Filling up the DagBag from /home/airflow/.local/lib/python3.12/site-packages/airflow/example_dags/example_external_task_marker_dag.py
[2024-12-10T08:01:38.646+0000] {processor.py:925} INFO - DAG(s) 'example_external_task_marker_parent', 'example_external_task_marker_child' retrieved from /home/airflow/.local/lib/python3.12/site-packages/airflow/example_dags/example_external_task_marker_dag.py
[2024-12-10T08:01:38.668+0000] {logging_mixin.py:190} INFO - [2024-12-10T08:01:38.668+0000] {dag.py:3239} INFO - Sync 2 DAGs
[2024-12-10T08:01:38.683+0000] {logging_mixin.py:190} INFO - [2024-12-10T08:01:38.683+0000] {dag.py:4180} INFO - Setting next_dagrun for example_external_task_marker_child to None, run_after=None
[2024-12-10T08:01:38.687+0000] {logging_mixin.py:190} INFO - [2024-12-10T08:01:38.686+0000] {dag.py:4180} INFO - Setting next_dagrun for example_external_task_marker_parent to None, run_after=None
[2024-12-10T08:01:38.703+0000] {processor.py:208} INFO - Processing /home/airflow/.local/lib/python3.12/site-packages/airflow/example_dags/example_external_task_marker_dag.py took 0.074 seconds
[2024-12-10T08:02:09.070+0000] {processor.py:186} INFO - Started process (PID=835) to work on /home/airflow/.local/lib/python3.12/site-packages/airflow/example_dags/example_external_task_marker_dag.py
[2024-12-10T08:02:09.072+0000] {processor.py:914} INFO - Processing file /home/airflow/.local/lib/python3.12/site-packages/airflow/example_dags/example_external_task_marker_dag.py for tasks to queue
[2024-12-10T08:02:09.074+0000] {logging_mixin.py:190} INFO - [2024-12-10T08:02:09.074+0000] {dagbag.py:588} INFO - Filling up the DagBag from /home/airflow/.local/lib/python3.12/site-packages/airflow/example_dags/example_external_task_marker_dag.py
[2024-12-10T08:02:09.082+0000] {processor.py:925} INFO - DAG(s) 'example_external_task_marker_child', 'example_external_task_marker_parent' retrieved from /home/airflow/.local/lib/python3.12/site-packages/airflow/example_dags/example_external_task_marker_dag.py
[2024-12-10T08:02:09.103+0000] {logging_mixin.py:190} INFO - [2024-12-10T08:02:09.103+0000] {dag.py:3239} INFO - Sync 2 DAGs
[2024-12-10T08:02:09.118+0000] {logging_mixin.py:190} INFO - [2024-12-10T08:02:09.117+0000] {dag.py:4180} INFO - Setting next_dagrun for example_external_task_marker_child to None, run_after=None
[2024-12-10T08:02:09.122+0000] {logging_mixin.py:190} INFO - [2024-12-10T08:02:09.121+0000] {dag.py:4180} INFO - Setting next_dagrun for example_external_task_marker_parent to None, run_after=None
[2024-12-10T08:02:09.137+0000] {processor.py:208} INFO - Processing /home/airflow/.local/lib/python3.12/site-packages/airflow/example_dags/example_external_task_marker_dag.py took 0.072 seconds
[2024-12-10T08:02:39.448+0000] {processor.py:186} INFO - Started process (PID=898) to work on /home/airflow/.local/lib/python3.12/site-packages/airflow/example_dags/example_external_task_marker_dag.py
[2024-12-10T08:02:39.449+0000] {processor.py:914} INFO - Processing file /home/airflow/.local/lib/python3.12/site-packages/airflow/example_dags/example_external_task_marker_dag.py for tasks to queue
[2024-12-10T08:02:39.451+0000] {logging_mixin.py:190} INFO - [2024-12-10T08:02:39.451+0000] {dagbag.py:588} INFO - Filling up the DagBag from /home/airflow/.local/lib/python3.12/site-packages/airflow/example_dags/example_external_task_marker_dag.py
[2024-12-10T08:02:39.460+0000] {processor.py:925} INFO - DAG(s) 'example_external_task_marker_child', 'example_external_task_marker_parent' retrieved from /home/airflow/.local/lib/python3.12/site-packages/airflow/example_dags/example_external_task_marker_dag.py
[2024-12-10T08:02:39.484+0000] {logging_mixin.py:190} INFO - [2024-12-10T08:02:39.484+0000] {dag.py:3239} INFO - Sync 2 DAGs
[2024-12-10T08:02:39.501+0000] {logging_mixin.py:190} INFO - [2024-12-10T08:02:39.501+0000] {dag.py:4180} INFO - Setting next_dagrun for example_external_task_marker_child to None, run_after=None
[2024-12-10T08:02:39.505+0000] {logging_mixin.py:190} INFO - [2024-12-10T08:02:39.505+0000] {dag.py:4180} INFO - Setting next_dagrun for example_external_task_marker_parent to None, run_after=None
[2024-12-10T08:02:39.522+0000] {processor.py:208} INFO - Processing /home/airflow/.local/lib/python3.12/site-packages/airflow/example_dags/example_external_task_marker_dag.py took 0.080 seconds
[2024-12-10T08:03:09.712+0000] {processor.py:186} INFO - Started process (PID=961) to work on /home/airflow/.local/lib/python3.12/site-packages/airflow/example_dags/example_external_task_marker_dag.py
[2024-12-10T08:03:09.713+0000] {processor.py:914} INFO - Processing file /home/airflow/.local/lib/python3.12/site-packages/airflow/example_dags/example_external_task_marker_dag.py for tasks to queue
[2024-12-10T08:03:09.715+0000] {logging_mixin.py:190} INFO - [2024-12-10T08:03:09.715+0000] {dagbag.py:588} INFO - Filling up the DagBag from /home/airflow/.local/lib/python3.12/site-packages/airflow/example_dags/example_external_task_marker_dag.py
[2024-12-10T08:03:09.724+0000] {processor.py:925} INFO - DAG(s) 'example_external_task_marker_parent', 'example_external_task_marker_child' retrieved from /home/airflow/.local/lib/python3.12/site-packages/airflow/example_dags/example_external_task_marker_dag.py
[2024-12-10T08:03:09.751+0000] {logging_mixin.py:190} INFO - [2024-12-10T08:03:09.751+0000] {dag.py:3239} INFO - Sync 2 DAGs
[2024-12-10T08:03:09.771+0000] {logging_mixin.py:190} INFO - [2024-12-10T08:03:09.771+0000] {dag.py:4180} INFO - Setting next_dagrun for example_external_task_marker_child to None, run_after=None
[2024-12-10T08:03:09.776+0000] {logging_mixin.py:190} INFO - [2024-12-10T08:03:09.776+0000] {dag.py:4180} INFO - Setting next_dagrun for example_external_task_marker_parent to None, run_after=None
[2024-12-10T08:03:09.802+0000] {processor.py:208} INFO - Processing /home/airflow/.local/lib/python3.12/site-packages/airflow/example_dags/example_external_task_marker_dag.py took 0.097 seconds
[2024-12-10T08:03:40.027+0000] {processor.py:186} INFO - Started process (PID=1024) to work on /home/airflow/.local/lib/python3.12/site-packages/airflow/example_dags/example_external_task_marker_dag.py
[2024-12-10T08:03:40.028+0000] {processor.py:914} INFO - Processing file /home/airflow/.local/lib/python3.12/site-packages/airflow/example_dags/example_external_task_marker_dag.py for tasks to queue
[2024-12-10T08:03:40.032+0000] {logging_mixin.py:190} INFO - [2024-12-10T08:03:40.032+0000] {dagbag.py:588} INFO - Filling up the DagBag from /home/airflow/.local/lib/python3.12/site-packages/airflow/example_dags/example_external_task_marker_dag.py
[2024-12-10T08:03:40.041+0000] {processor.py:925} INFO - DAG(s) 'example_external_task_marker_child', 'example_external_task_marker_parent' retrieved from /home/airflow/.local/lib/python3.12/site-packages/airflow/example_dags/example_external_task_marker_dag.py
[2024-12-10T08:03:40.071+0000] {logging_mixin.py:190} INFO - [2024-12-10T08:03:40.071+0000] {dag.py:3239} INFO - Sync 2 DAGs
[2024-12-10T08:03:40.090+0000] {logging_mixin.py:190} INFO - [2024-12-10T08:03:40.090+0000] {dag.py:4180} INFO - Setting next_dagrun for example_external_task_marker_child to None, run_after=None
[2024-12-10T08:03:40.095+0000] {logging_mixin.py:190} INFO - [2024-12-10T08:03:40.094+0000] {dag.py:4180} INFO - Setting next_dagrun for example_external_task_marker_parent to None, run_after=None
[2024-12-10T08:03:40.119+0000] {processor.py:208} INFO - Processing /home/airflow/.local/lib/python3.12/site-packages/airflow/example_dags/example_external_task_marker_dag.py took 0.098 seconds
[2024-12-10T08:04:10.354+0000] {processor.py:186} INFO - Started process (PID=1087) to work on /home/airflow/.local/lib/python3.12/site-packages/airflow/example_dags/example_external_task_marker_dag.py
[2024-12-10T08:04:10.355+0000] {processor.py:914} INFO - Processing file /home/airflow/.local/lib/python3.12/site-packages/airflow/example_dags/example_external_task_marker_dag.py for tasks to queue
[2024-12-10T08:04:10.358+0000] {logging_mixin.py:190} INFO - [2024-12-10T08:04:10.357+0000] {dagbag.py:588} INFO - Filling up the DagBag from /home/airflow/.local/lib/python3.12/site-packages/airflow/example_dags/example_external_task_marker_dag.py
[2024-12-10T08:04:10.367+0000] {processor.py:925} INFO - DAG(s) 'example_external_task_marker_parent', 'example_external_task_marker_child' retrieved from /home/airflow/.local/lib/python3.12/site-packages/airflow/example_dags/example_external_task_marker_dag.py
[2024-12-10T08:04:10.391+0000] {logging_mixin.py:190} INFO - [2024-12-10T08:04:10.391+0000] {dag.py:3239} INFO - Sync 2 DAGs
[2024-12-10T08:04:10.407+0000] {logging_mixin.py:190} INFO - [2024-12-10T08:04:10.407+0000] {dag.py:4180} INFO - Setting next_dagrun for example_external_task_marker_child to None, run_after=None
[2024-12-10T08:04:10.412+0000] {logging_mixin.py:190} INFO - [2024-12-10T08:04:10.412+0000] {dag.py:4180} INFO - Setting next_dagrun for example_external_task_marker_parent to None, run_after=None
[2024-12-10T08:04:10.434+0000] {processor.py:208} INFO - Processing /home/airflow/.local/lib/python3.12/site-packages/airflow/example_dags/example_external_task_marker_dag.py took 0.088 seconds
[2024-12-10T08:04:41.312+0000] {processor.py:186} INFO - Started process (PID=1150) to work on /home/airflow/.local/lib/python3.12/site-packages/airflow/example_dags/example_external_task_marker_dag.py
[2024-12-10T08:04:41.314+0000] {processor.py:914} INFO - Processing file /home/airflow/.local/lib/python3.12/site-packages/airflow/example_dags/example_external_task_marker_dag.py for tasks to queue
[2024-12-10T08:04:41.317+0000] {logging_mixin.py:190} INFO - [2024-12-10T08:04:41.316+0000] {dagbag.py:588} INFO - Filling up the DagBag from /home/airflow/.local/lib/python3.12/site-packages/airflow/example_dags/example_external_task_marker_dag.py
[2024-12-10T08:04:41.325+0000] {processor.py:925} INFO - DAG(s) 'example_external_task_marker_parent', 'example_external_task_marker_child' retrieved from /home/airflow/.local/lib/python3.12/site-packages/airflow/example_dags/example_external_task_marker_dag.py
[2024-12-10T08:04:41.348+0000] {logging_mixin.py:190} INFO - [2024-12-10T08:04:41.348+0000] {dag.py:3239} INFO - Sync 2 DAGs
[2024-12-10T08:04:41.363+0000] {logging_mixin.py:190} INFO - [2024-12-10T08:04:41.363+0000] {dag.py:4180} INFO - Setting next_dagrun for example_external_task_marker_child to None, run_after=None
[2024-12-10T08:04:41.368+0000] {logging_mixin.py:190} INFO - [2024-12-10T08:04:41.368+0000] {dag.py:4180} INFO - Setting next_dagrun for example_external_task_marker_parent to None, run_after=None
[2024-12-10T08:04:41.386+0000] {processor.py:208} INFO - Processing /home/airflow/.local/lib/python3.12/site-packages/airflow/example_dags/example_external_task_marker_dag.py took 0.080 seconds
[2024-12-10T08:05:11.572+0000] {processor.py:186} INFO - Started process (PID=1213) to work on /home/airflow/.local/lib/python3.12/site-packages/airflow/example_dags/example_external_task_marker_dag.py
[2024-12-10T08:05:11.573+0000] {processor.py:914} INFO - Processing file /home/airflow/.local/lib/python3.12/site-packages/airflow/example_dags/example_external_task_marker_dag.py for tasks to queue
[2024-12-10T08:05:11.576+0000] {logging_mixin.py:190} INFO - [2024-12-10T08:05:11.576+0000] {dagbag.py:588} INFO - Filling up the DagBag from /home/airflow/.local/lib/python3.12/site-packages/airflow/example_dags/example_external_task_marker_dag.py
[2024-12-10T08:05:11.585+0000] {processor.py:925} INFO - DAG(s) 'example_external_task_marker_parent', 'example_external_task_marker_child' retrieved from /home/airflow/.local/lib/python3.12/site-packages/airflow/example_dags/example_external_task_marker_dag.py
[2024-12-10T08:05:11.612+0000] {logging_mixin.py:190} INFO - [2024-12-10T08:05:11.612+0000] {dag.py:3239} INFO - Sync 2 DAGs
[2024-12-10T08:05:11.630+0000] {logging_mixin.py:190} INFO - [2024-12-10T08:05:11.630+0000] {dag.py:4180} INFO - Setting next_dagrun for example_external_task_marker_child to None, run_after=None
[2024-12-10T08:05:11.635+0000] {logging_mixin.py:190} INFO - [2024-12-10T08:05:11.635+0000] {dag.py:4180} INFO - Setting next_dagrun for example_external_task_marker_parent to None, run_after=None
[2024-12-10T08:05:11.653+0000] {processor.py:208} INFO - Processing /home/airflow/.local/lib/python3.12/site-packages/airflow/example_dags/example_external_task_marker_dag.py took 0.087 seconds
[2024-12-10T08:05:42.469+0000] {processor.py:186} INFO - Started process (PID=1276) to work on /home/airflow/.local/lib/python3.12/site-packages/airflow/example_dags/example_external_task_marker_dag.py
[2024-12-10T08:05:42.470+0000] {processor.py:914} INFO - Processing file /home/airflow/.local/lib/python3.12/site-packages/airflow/example_dags/example_external_task_marker_dag.py for tasks to queue
[2024-12-10T08:05:42.473+0000] {logging_mixin.py:190} INFO - [2024-12-10T08:05:42.473+0000] {dagbag.py:588} INFO - Filling up the DagBag from /home/airflow/.local/lib/python3.12/site-packages/airflow/example_dags/example_external_task_marker_dag.py
[2024-12-10T08:05:42.482+0000] {processor.py:925} INFO - DAG(s) 'example_external_task_marker_parent', 'example_external_task_marker_child' retrieved from /home/airflow/.local/lib/python3.12/site-packages/airflow/example_dags/example_external_task_marker_dag.py
[2024-12-10T08:05:42.507+0000] {logging_mixin.py:190} INFO - [2024-12-10T08:05:42.507+0000] {dag.py:3239} INFO - Sync 2 DAGs
[2024-12-10T08:05:42.523+0000] {logging_mixin.py:190} INFO - [2024-12-10T08:05:42.523+0000] {dag.py:4180} INFO - Setting next_dagrun for example_external_task_marker_child to None, run_after=None
[2024-12-10T08:05:42.529+0000] {logging_mixin.py:190} INFO - [2024-12-10T08:05:42.529+0000] {dag.py:4180} INFO - Setting next_dagrun for example_external_task_marker_parent to None, run_after=None
[2024-12-10T08:05:42.551+0000] {processor.py:208} INFO - Processing /home/airflow/.local/lib/python3.12/site-packages/airflow/example_dags/example_external_task_marker_dag.py took 0.088 seconds
[2024-12-10T08:06:12.729+0000] {processor.py:186} INFO - Started process (PID=1339) to work on /home/airflow/.local/lib/python3.12/site-packages/airflow/example_dags/example_external_task_marker_dag.py
[2024-12-10T08:06:12.730+0000] {processor.py:914} INFO - Processing file /home/airflow/.local/lib/python3.12/site-packages/airflow/example_dags/example_external_task_marker_dag.py for tasks to queue
[2024-12-10T08:06:12.735+0000] {logging_mixin.py:190} INFO - [2024-12-10T08:06:12.734+0000] {dagbag.py:588} INFO - Filling up the DagBag from /home/airflow/.local/lib/python3.12/site-packages/airflow/example_dags/example_external_task_marker_dag.py
[2024-12-10T08:06:12.749+0000] {processor.py:925} INFO - DAG(s) 'example_external_task_marker_child', 'example_external_task_marker_parent' retrieved from /home/airflow/.local/lib/python3.12/site-packages/airflow/example_dags/example_external_task_marker_dag.py
[2024-12-10T08:06:12.785+0000] {logging_mixin.py:190} INFO - [2024-12-10T08:06:12.784+0000] {dag.py:3239} INFO - Sync 2 DAGs
[2024-12-10T08:06:12.808+0000] {logging_mixin.py:190} INFO - [2024-12-10T08:06:12.808+0000] {dag.py:4180} INFO - Setting next_dagrun for example_external_task_marker_child to None, run_after=None
[2024-12-10T08:06:12.815+0000] {logging_mixin.py:190} INFO - [2024-12-10T08:06:12.814+0000] {dag.py:4180} INFO - Setting next_dagrun for example_external_task_marker_parent to None, run_after=None
[2024-12-10T08:06:12.842+0000] {processor.py:208} INFO - Processing /home/airflow/.local/lib/python3.12/site-packages/airflow/example_dags/example_external_task_marker_dag.py took 0.124 seconds
[2024-12-10T08:06:43.623+0000] {processor.py:186} INFO - Started process (PID=1402) to work on /home/airflow/.local/lib/python3.12/site-packages/airflow/example_dags/example_external_task_marker_dag.py
[2024-12-10T08:06:43.624+0000] {processor.py:914} INFO - Processing file /home/airflow/.local/lib/python3.12/site-packages/airflow/example_dags/example_external_task_marker_dag.py for tasks to queue
[2024-12-10T08:06:43.628+0000] {logging_mixin.py:190} INFO - [2024-12-10T08:06:43.628+0000] {dagbag.py:588} INFO - Filling up the DagBag from /home/airflow/.local/lib/python3.12/site-packages/airflow/example_dags/example_external_task_marker_dag.py
[2024-12-10T08:06:43.640+0000] {processor.py:925} INFO - DAG(s) 'example_external_task_marker_parent', 'example_external_task_marker_child' retrieved from /home/airflow/.local/lib/python3.12/site-packages/airflow/example_dags/example_external_task_marker_dag.py
[2024-12-10T08:06:43.673+0000] {logging_mixin.py:190} INFO - [2024-12-10T08:06:43.673+0000] {dag.py:3239} INFO - Sync 2 DAGs
[2024-12-10T08:06:43.690+0000] {logging_mixin.py:190} INFO - [2024-12-10T08:06:43.689+0000] {dag.py:4180} INFO - Setting next_dagrun for example_external_task_marker_child to None, run_after=None
[2024-12-10T08:06:43.694+0000] {logging_mixin.py:190} INFO - [2024-12-10T08:06:43.694+0000] {dag.py:4180} INFO - Setting next_dagrun for example_external_task_marker_parent to None, run_after=None
[2024-12-10T08:06:43.713+0000] {processor.py:208} INFO - Processing /home/airflow/.local/lib/python3.12/site-packages/airflow/example_dags/example_external_task_marker_dag.py took 0.097 seconds
[2024-12-10T08:08:24.987+0000] {processor.py:186} INFO - Started process (PID=79) to work on /home/airflow/.local/lib/python3.12/site-packages/airflow/example_dags/example_external_task_marker_dag.py
[2024-12-10T08:08:24.988+0000] {processor.py:914} INFO - Processing file /home/airflow/.local/lib/python3.12/site-packages/airflow/example_dags/example_external_task_marker_dag.py for tasks to queue
[2024-12-10T08:08:24.990+0000] {logging_mixin.py:190} INFO - [2024-12-10T08:08:24.990+0000] {dagbag.py:588} INFO - Filling up the DagBag from /home/airflow/.local/lib/python3.12/site-packages/airflow/example_dags/example_external_task_marker_dag.py
[2024-12-10T08:08:24.999+0000] {processor.py:925} INFO - DAG(s) 'example_external_task_marker_parent', 'example_external_task_marker_child' retrieved from /home/airflow/.local/lib/python3.12/site-packages/airflow/example_dags/example_external_task_marker_dag.py
[2024-12-10T08:08:25.023+0000] {logging_mixin.py:190} INFO - [2024-12-10T08:08:25.023+0000] {dag.py:3239} INFO - Sync 2 DAGs
[2024-12-10T08:08:25.039+0000] {logging_mixin.py:190} INFO - [2024-12-10T08:08:25.039+0000] {dag.py:4180} INFO - Setting next_dagrun for example_external_task_marker_child to None, run_after=None
[2024-12-10T08:08:25.044+0000] {logging_mixin.py:190} INFO - [2024-12-10T08:08:25.044+0000] {dag.py:4180} INFO - Setting next_dagrun for example_external_task_marker_parent to None, run_after=None
[2024-12-10T08:08:25.099+0000] {processor.py:208} INFO - Processing /home/airflow/.local/lib/python3.12/site-packages/airflow/example_dags/example_external_task_marker_dag.py took 0.118 seconds
[2024-12-10T08:08:55.182+0000] {processor.py:186} INFO - Started process (PID=142) to work on /home/airflow/.local/lib/python3.12/site-packages/airflow/example_dags/example_external_task_marker_dag.py
[2024-12-10T08:08:55.183+0000] {processor.py:914} INFO - Processing file /home/airflow/.local/lib/python3.12/site-packages/airflow/example_dags/example_external_task_marker_dag.py for tasks to queue
[2024-12-10T08:08:55.187+0000] {logging_mixin.py:190} INFO - [2024-12-10T08:08:55.186+0000] {dagbag.py:588} INFO - Filling up the DagBag from /home/airflow/.local/lib/python3.12/site-packages/airflow/example_dags/example_external_task_marker_dag.py
[2024-12-10T08:08:55.196+0000] {processor.py:925} INFO - DAG(s) 'example_external_task_marker_parent', 'example_external_task_marker_child' retrieved from /home/airflow/.local/lib/python3.12/site-packages/airflow/example_dags/example_external_task_marker_dag.py
[2024-12-10T08:08:55.223+0000] {logging_mixin.py:190} INFO - [2024-12-10T08:08:55.223+0000] {dag.py:3239} INFO - Sync 2 DAGs
[2024-12-10T08:08:55.239+0000] {logging_mixin.py:190} INFO - [2024-12-10T08:08:55.239+0000] {dag.py:4180} INFO - Setting next_dagrun for example_external_task_marker_child to None, run_after=None
[2024-12-10T08:08:55.244+0000] {logging_mixin.py:190} INFO - [2024-12-10T08:08:55.244+0000] {dag.py:4180} INFO - Setting next_dagrun for example_external_task_marker_parent to None, run_after=None
[2024-12-10T08:08:55.269+0000] {processor.py:208} INFO - Processing /home/airflow/.local/lib/python3.12/site-packages/airflow/example_dags/example_external_task_marker_dag.py took 0.092 seconds
[2024-12-10T08:09:25.954+0000] {processor.py:186} INFO - Started process (PID=205) to work on /home/airflow/.local/lib/python3.12/site-packages/airflow/example_dags/example_external_task_marker_dag.py
[2024-12-10T08:09:25.955+0000] {processor.py:914} INFO - Processing file /home/airflow/.local/lib/python3.12/site-packages/airflow/example_dags/example_external_task_marker_dag.py for tasks to queue
[2024-12-10T08:09:25.958+0000] {logging_mixin.py:190} INFO - [2024-12-10T08:09:25.958+0000] {dagbag.py:588} INFO - Filling up the DagBag from /home/airflow/.local/lib/python3.12/site-packages/airflow/example_dags/example_external_task_marker_dag.py
[2024-12-10T08:09:25.969+0000] {processor.py:925} INFO - DAG(s) 'example_external_task_marker_child', 'example_external_task_marker_parent' retrieved from /home/airflow/.local/lib/python3.12/site-packages/airflow/example_dags/example_external_task_marker_dag.py
[2024-12-10T08:09:25.997+0000] {logging_mixin.py:190} INFO - [2024-12-10T08:09:25.996+0000] {dag.py:3239} INFO - Sync 2 DAGs
[2024-12-10T08:09:26.016+0000] {logging_mixin.py:190} INFO - [2024-12-10T08:09:26.016+0000] {dag.py:4180} INFO - Setting next_dagrun for example_external_task_marker_child to None, run_after=None
[2024-12-10T08:09:26.021+0000] {logging_mixin.py:190} INFO - [2024-12-10T08:09:26.021+0000] {dag.py:4180} INFO - Setting next_dagrun for example_external_task_marker_parent to None, run_after=None
[2024-12-10T08:09:26.044+0000] {processor.py:208} INFO - Processing /home/airflow/.local/lib/python3.12/site-packages/airflow/example_dags/example_external_task_marker_dag.py took 0.098 seconds
[2024-12-10T08:09:56.226+0000] {processor.py:186} INFO - Started process (PID=268) to work on /home/airflow/.local/lib/python3.12/site-packages/airflow/example_dags/example_external_task_marker_dag.py
[2024-12-10T08:09:56.228+0000] {processor.py:914} INFO - Processing file /home/airflow/.local/lib/python3.12/site-packages/airflow/example_dags/example_external_task_marker_dag.py for tasks to queue
[2024-12-10T08:09:56.231+0000] {logging_mixin.py:190} INFO - [2024-12-10T08:09:56.231+0000] {dagbag.py:588} INFO - Filling up the DagBag from /home/airflow/.local/lib/python3.12/site-packages/airflow/example_dags/example_external_task_marker_dag.py
[2024-12-10T08:09:56.243+0000] {processor.py:925} INFO - DAG(s) 'example_external_task_marker_parent', 'example_external_task_marker_child' retrieved from /home/airflow/.local/lib/python3.12/site-packages/airflow/example_dags/example_external_task_marker_dag.py
[2024-12-10T08:09:56.278+0000] {logging_mixin.py:190} INFO - [2024-12-10T08:09:56.277+0000] {dag.py:3239} INFO - Sync 2 DAGs
[2024-12-10T08:09:56.303+0000] {logging_mixin.py:190} INFO - [2024-12-10T08:09:56.303+0000] {dag.py:4180} INFO - Setting next_dagrun for example_external_task_marker_child to None, run_after=None
[2024-12-10T08:09:56.308+0000] {logging_mixin.py:190} INFO - [2024-12-10T08:09:56.308+0000] {dag.py:4180} INFO - Setting next_dagrun for example_external_task_marker_parent to None, run_after=None
[2024-12-10T08:09:56.333+0000] {processor.py:208} INFO - Processing /home/airflow/.local/lib/python3.12/site-packages/airflow/example_dags/example_external_task_marker_dag.py took 0.113 seconds
[2024-12-10T08:10:26.539+0000] {processor.py:186} INFO - Started process (PID=331) to work on /home/airflow/.local/lib/python3.12/site-packages/airflow/example_dags/example_external_task_marker_dag.py
[2024-12-10T08:10:26.541+0000] {processor.py:914} INFO - Processing file /home/airflow/.local/lib/python3.12/site-packages/airflow/example_dags/example_external_task_marker_dag.py for tasks to queue
[2024-12-10T08:10:26.545+0000] {logging_mixin.py:190} INFO - [2024-12-10T08:10:26.544+0000] {dagbag.py:588} INFO - Filling up the DagBag from /home/airflow/.local/lib/python3.12/site-packages/airflow/example_dags/example_external_task_marker_dag.py
[2024-12-10T08:10:26.558+0000] {processor.py:925} INFO - DAG(s) 'example_external_task_marker_parent', 'example_external_task_marker_child' retrieved from /home/airflow/.local/lib/python3.12/site-packages/airflow/example_dags/example_external_task_marker_dag.py
[2024-12-10T08:10:26.590+0000] {logging_mixin.py:190} INFO - [2024-12-10T08:10:26.590+0000] {dag.py:3239} INFO - Sync 2 DAGs
[2024-12-10T08:10:26.612+0000] {logging_mixin.py:190} INFO - [2024-12-10T08:10:26.612+0000] {dag.py:4180} INFO - Setting next_dagrun for example_external_task_marker_child to None, run_after=None
[2024-12-10T08:10:26.617+0000] {logging_mixin.py:190} INFO - [2024-12-10T08:10:26.617+0000] {dag.py:4180} INFO - Setting next_dagrun for example_external_task_marker_parent to None, run_after=None
[2024-12-10T08:10:26.640+0000] {processor.py:208} INFO - Processing /home/airflow/.local/lib/python3.12/site-packages/airflow/example_dags/example_external_task_marker_dag.py took 0.109 seconds
[2024-12-10T08:10:57.473+0000] {processor.py:186} INFO - Started process (PID=394) to work on /home/airflow/.local/lib/python3.12/site-packages/airflow/example_dags/example_external_task_marker_dag.py
[2024-12-10T08:10:57.474+0000] {processor.py:914} INFO - Processing file /home/airflow/.local/lib/python3.12/site-packages/airflow/example_dags/example_external_task_marker_dag.py for tasks to queue
[2024-12-10T08:10:57.476+0000] {logging_mixin.py:190} INFO - [2024-12-10T08:10:57.476+0000] {dagbag.py:588} INFO - Filling up the DagBag from /home/airflow/.local/lib/python3.12/site-packages/airflow/example_dags/example_external_task_marker_dag.py
[2024-12-10T08:10:57.485+0000] {processor.py:925} INFO - DAG(s) 'example_external_task_marker_parent', 'example_external_task_marker_child' retrieved from /home/airflow/.local/lib/python3.12/site-packages/airflow/example_dags/example_external_task_marker_dag.py
[2024-12-10T08:10:57.508+0000] {logging_mixin.py:190} INFO - [2024-12-10T08:10:57.507+0000] {dag.py:3239} INFO - Sync 2 DAGs
[2024-12-10T08:10:57.529+0000] {logging_mixin.py:190} INFO - [2024-12-10T08:10:57.529+0000] {dag.py:4180} INFO - Setting next_dagrun for example_external_task_marker_child to None, run_after=None
[2024-12-10T08:10:57.538+0000] {logging_mixin.py:190} INFO - [2024-12-10T08:10:57.537+0000] {dag.py:4180} INFO - Setting next_dagrun for example_external_task_marker_parent to None, run_after=None
[2024-12-10T08:10:57.590+0000] {processor.py:208} INFO - Processing /home/airflow/.local/lib/python3.12/site-packages/airflow/example_dags/example_external_task_marker_dag.py took 0.124 seconds
[2024-12-10T08:11:27.632+0000] {processor.py:186} INFO - Started process (PID=457) to work on /home/airflow/.local/lib/python3.12/site-packages/airflow/example_dags/example_external_task_marker_dag.py
[2024-12-10T08:11:27.633+0000] {processor.py:914} INFO - Processing file /home/airflow/.local/lib/python3.12/site-packages/airflow/example_dags/example_external_task_marker_dag.py for tasks to queue
[2024-12-10T08:11:27.636+0000] {logging_mixin.py:190} INFO - [2024-12-10T08:11:27.636+0000] {dagbag.py:588} INFO - Filling up the DagBag from /home/airflow/.local/lib/python3.12/site-packages/airflow/example_dags/example_external_task_marker_dag.py
[2024-12-10T08:11:27.643+0000] {processor.py:925} INFO - DAG(s) 'example_external_task_marker_parent', 'example_external_task_marker_child' retrieved from /home/airflow/.local/lib/python3.12/site-packages/airflow/example_dags/example_external_task_marker_dag.py
[2024-12-10T08:11:27.663+0000] {logging_mixin.py:190} INFO - [2024-12-10T08:11:27.662+0000] {dag.py:3239} INFO - Sync 2 DAGs
[2024-12-10T08:11:27.676+0000] {logging_mixin.py:190} INFO - [2024-12-10T08:11:27.675+0000] {dag.py:4180} INFO - Setting next_dagrun for example_external_task_marker_child to None, run_after=None
[2024-12-10T08:11:27.679+0000] {logging_mixin.py:190} INFO - [2024-12-10T08:11:27.679+0000] {dag.py:4180} INFO - Setting next_dagrun for example_external_task_marker_parent to None, run_after=None
[2024-12-10T08:11:27.694+0000] {processor.py:208} INFO - Processing /home/airflow/.local/lib/python3.12/site-packages/airflow/example_dags/example_external_task_marker_dag.py took 0.068 seconds
[2024-12-10T08:11:58.251+0000] {processor.py:186} INFO - Started process (PID=520) to work on /home/airflow/.local/lib/python3.12/site-packages/airflow/example_dags/example_external_task_marker_dag.py
[2024-12-10T08:11:58.252+0000] {processor.py:914} INFO - Processing file /home/airflow/.local/lib/python3.12/site-packages/airflow/example_dags/example_external_task_marker_dag.py for tasks to queue
[2024-12-10T08:11:58.255+0000] {logging_mixin.py:190} INFO - [2024-12-10T08:11:58.254+0000] {dagbag.py:588} INFO - Filling up the DagBag from /home/airflow/.local/lib/python3.12/site-packages/airflow/example_dags/example_external_task_marker_dag.py
[2024-12-10T08:11:58.263+0000] {processor.py:925} INFO - DAG(s) 'example_external_task_marker_parent', 'example_external_task_marker_child' retrieved from /home/airflow/.local/lib/python3.12/site-packages/airflow/example_dags/example_external_task_marker_dag.py
[2024-12-10T08:11:58.288+0000] {logging_mixin.py:190} INFO - [2024-12-10T08:11:58.287+0000] {dag.py:3239} INFO - Sync 2 DAGs
[2024-12-10T08:11:58.315+0000] {logging_mixin.py:190} INFO - [2024-12-10T08:11:58.315+0000] {dag.py:4180} INFO - Setting next_dagrun for example_external_task_marker_child to None, run_after=None
[2024-12-10T08:11:58.321+0000] {logging_mixin.py:190} INFO - [2024-12-10T08:11:58.321+0000] {dag.py:4180} INFO - Setting next_dagrun for example_external_task_marker_parent to None, run_after=None
[2024-12-10T08:11:58.349+0000] {processor.py:208} INFO - Processing /home/airflow/.local/lib/python3.12/site-packages/airflow/example_dags/example_external_task_marker_dag.py took 0.107 seconds
[2024-12-10T08:12:28.468+0000] {processor.py:186} INFO - Started process (PID=583) to work on /home/airflow/.local/lib/python3.12/site-packages/airflow/example_dags/example_external_task_marker_dag.py
[2024-12-10T08:12:28.469+0000] {processor.py:914} INFO - Processing file /home/airflow/.local/lib/python3.12/site-packages/airflow/example_dags/example_external_task_marker_dag.py for tasks to queue
[2024-12-10T08:12:28.471+0000] {logging_mixin.py:190} INFO - [2024-12-10T08:12:28.471+0000] {dagbag.py:588} INFO - Filling up the DagBag from /home/airflow/.local/lib/python3.12/site-packages/airflow/example_dags/example_external_task_marker_dag.py
[2024-12-10T08:12:28.479+0000] {processor.py:925} INFO - DAG(s) 'example_external_task_marker_parent', 'example_external_task_marker_child' retrieved from /home/airflow/.local/lib/python3.12/site-packages/airflow/example_dags/example_external_task_marker_dag.py
[2024-12-10T08:12:28.503+0000] {logging_mixin.py:190} INFO - [2024-12-10T08:12:28.502+0000] {dag.py:3239} INFO - Sync 2 DAGs
[2024-12-10T08:12:28.519+0000] {logging_mixin.py:190} INFO - [2024-12-10T08:12:28.519+0000] {dag.py:4180} INFO - Setting next_dagrun for example_external_task_marker_child to None, run_after=None
[2024-12-10T08:12:28.523+0000] {logging_mixin.py:190} INFO - [2024-12-10T08:12:28.523+0000] {dag.py:4180} INFO - Setting next_dagrun for example_external_task_marker_parent to None, run_after=None
[2024-12-10T08:12:28.540+0000] {processor.py:208} INFO - Processing /home/airflow/.local/lib/python3.12/site-packages/airflow/example_dags/example_external_task_marker_dag.py took 0.078 seconds
[2024-12-10T08:12:59.222+0000] {processor.py:186} INFO - Started process (PID=646) to work on /home/airflow/.local/lib/python3.12/site-packages/airflow/example_dags/example_external_task_marker_dag.py
[2024-12-10T08:12:59.224+0000] {processor.py:914} INFO - Processing file /home/airflow/.local/lib/python3.12/site-packages/airflow/example_dags/example_external_task_marker_dag.py for tasks to queue
[2024-12-10T08:12:59.227+0000] {logging_mixin.py:190} INFO - [2024-12-10T08:12:59.226+0000] {dagbag.py:588} INFO - Filling up the DagBag from /home/airflow/.local/lib/python3.12/site-packages/airflow/example_dags/example_external_task_marker_dag.py
[2024-12-10T08:12:59.237+0000] {processor.py:925} INFO - DAG(s) 'example_external_task_marker_parent', 'example_external_task_marker_child' retrieved from /home/airflow/.local/lib/python3.12/site-packages/airflow/example_dags/example_external_task_marker_dag.py
[2024-12-10T08:12:59.264+0000] {logging_mixin.py:190} INFO - [2024-12-10T08:12:59.264+0000] {dag.py:3239} INFO - Sync 2 DAGs
[2024-12-10T08:12:59.283+0000] {logging_mixin.py:190} INFO - [2024-12-10T08:12:59.283+0000] {dag.py:4180} INFO - Setting next_dagrun for example_external_task_marker_child to None, run_after=None
[2024-12-10T08:12:59.288+0000] {logging_mixin.py:190} INFO - [2024-12-10T08:12:59.288+0000] {dag.py:4180} INFO - Setting next_dagrun for example_external_task_marker_parent to None, run_after=None
[2024-12-10T08:12:59.308+0000] {processor.py:208} INFO - Processing /home/airflow/.local/lib/python3.12/site-packages/airflow/example_dags/example_external_task_marker_dag.py took 0.094 seconds
[2024-12-10T08:13:29.757+0000] {processor.py:186} INFO - Started process (PID=709) to work on /home/airflow/.local/lib/python3.12/site-packages/airflow/example_dags/example_external_task_marker_dag.py
[2024-12-10T08:13:29.758+0000] {processor.py:914} INFO - Processing file /home/airflow/.local/lib/python3.12/site-packages/airflow/example_dags/example_external_task_marker_dag.py for tasks to queue
[2024-12-10T08:13:29.764+0000] {logging_mixin.py:190} INFO - [2024-12-10T08:13:29.763+0000] {dagbag.py:588} INFO - Filling up the DagBag from /home/airflow/.local/lib/python3.12/site-packages/airflow/example_dags/example_external_task_marker_dag.py
[2024-12-10T08:13:29.776+0000] {processor.py:925} INFO - DAG(s) 'example_external_task_marker_parent', 'example_external_task_marker_child' retrieved from /home/airflow/.local/lib/python3.12/site-packages/airflow/example_dags/example_external_task_marker_dag.py
[2024-12-10T08:13:29.811+0000] {logging_mixin.py:190} INFO - [2024-12-10T08:13:29.810+0000] {dag.py:3239} INFO - Sync 2 DAGs
[2024-12-10T08:13:29.834+0000] {logging_mixin.py:190} INFO - [2024-12-10T08:13:29.834+0000] {dag.py:4180} INFO - Setting next_dagrun for example_external_task_marker_child to None, run_after=None
[2024-12-10T08:13:29.840+0000] {logging_mixin.py:190} INFO - [2024-12-10T08:13:29.839+0000] {dag.py:4180} INFO - Setting next_dagrun for example_external_task_marker_parent to None, run_after=None
[2024-12-10T08:13:29.870+0000] {processor.py:208} INFO - Processing /home/airflow/.local/lib/python3.12/site-packages/airflow/example_dags/example_external_task_marker_dag.py took 0.123 seconds
[2024-12-10T08:14:00.266+0000] {processor.py:186} INFO - Started process (PID=772) to work on /home/airflow/.local/lib/python3.12/site-packages/airflow/example_dags/example_external_task_marker_dag.py
[2024-12-10T08:14:00.267+0000] {processor.py:914} INFO - Processing file /home/airflow/.local/lib/python3.12/site-packages/airflow/example_dags/example_external_task_marker_dag.py for tasks to queue
[2024-12-10T08:14:00.272+0000] {logging_mixin.py:190} INFO - [2024-12-10T08:14:00.271+0000] {dagbag.py:588} INFO - Filling up the DagBag from /home/airflow/.local/lib/python3.12/site-packages/airflow/example_dags/example_external_task_marker_dag.py
[2024-12-10T08:14:00.288+0000] {processor.py:925} INFO - DAG(s) 'example_external_task_marker_parent', 'example_external_task_marker_child' retrieved from /home/airflow/.local/lib/python3.12/site-packages/airflow/example_dags/example_external_task_marker_dag.py
[2024-12-10T08:14:00.322+0000] {logging_mixin.py:190} INFO - [2024-12-10T08:14:00.321+0000] {dag.py:3239} INFO - Sync 2 DAGs
[2024-12-10T08:14:00.343+0000] {logging_mixin.py:190} INFO - [2024-12-10T08:14:00.342+0000] {dag.py:4180} INFO - Setting next_dagrun for example_external_task_marker_child to None, run_after=None
[2024-12-10T08:14:00.349+0000] {logging_mixin.py:190} INFO - [2024-12-10T08:14:00.349+0000] {dag.py:4180} INFO - Setting next_dagrun for example_external_task_marker_parent to None, run_after=None
[2024-12-10T08:14:00.374+0000] {processor.py:208} INFO - Processing /home/airflow/.local/lib/python3.12/site-packages/airflow/example_dags/example_external_task_marker_dag.py took 0.127 seconds
[2024-12-10T08:15:31.520+0000] {processor.py:186} INFO - Started process (PID=79) to work on /home/airflow/.local/lib/python3.12/site-packages/airflow/example_dags/example_external_task_marker_dag.py
[2024-12-10T08:15:31.527+0000] {processor.py:914} INFO - Processing file /home/airflow/.local/lib/python3.12/site-packages/airflow/example_dags/example_external_task_marker_dag.py for tasks to queue
[2024-12-10T08:15:31.538+0000] {logging_mixin.py:190} INFO - [2024-12-10T08:15:31.536+0000] {dagbag.py:588} INFO - Filling up the DagBag from /home/airflow/.local/lib/python3.12/site-packages/airflow/example_dags/example_external_task_marker_dag.py
[2024-12-10T08:15:31.560+0000] {processor.py:925} INFO - DAG(s) 'example_external_task_marker_parent', 'example_external_task_marker_child' retrieved from /home/airflow/.local/lib/python3.12/site-packages/airflow/example_dags/example_external_task_marker_dag.py
[2024-12-10T08:15:31.596+0000] {logging_mixin.py:190} INFO - [2024-12-10T08:15:31.595+0000] {dag.py:3239} INFO - Sync 2 DAGs
[2024-12-10T08:15:31.617+0000] {logging_mixin.py:190} INFO - [2024-12-10T08:15:31.616+0000] {dag.py:4180} INFO - Setting next_dagrun for example_external_task_marker_child to None, run_after=None
[2024-12-10T08:15:31.622+0000] {logging_mixin.py:190} INFO - [2024-12-10T08:15:31.621+0000] {dag.py:4180} INFO - Setting next_dagrun for example_external_task_marker_parent to None, run_after=None
[2024-12-10T08:15:31.644+0000] {processor.py:208} INFO - Processing /home/airflow/.local/lib/python3.12/site-packages/airflow/example_dags/example_external_task_marker_dag.py took 0.139 seconds
[2024-12-10T08:16:01.996+0000] {processor.py:186} INFO - Started process (PID=142) to work on /home/airflow/.local/lib/python3.12/site-packages/airflow/example_dags/example_external_task_marker_dag.py
[2024-12-10T08:16:01.998+0000] {processor.py:914} INFO - Processing file /home/airflow/.local/lib/python3.12/site-packages/airflow/example_dags/example_external_task_marker_dag.py for tasks to queue
[2024-12-10T08:16:02.004+0000] {logging_mixin.py:190} INFO - [2024-12-10T08:16:02.003+0000] {dagbag.py:588} INFO - Filling up the DagBag from /home/airflow/.local/lib/python3.12/site-packages/airflow/example_dags/example_external_task_marker_dag.py
[2024-12-10T08:16:02.016+0000] {processor.py:925} INFO - DAG(s) 'example_external_task_marker_child', 'example_external_task_marker_parent' retrieved from /home/airflow/.local/lib/python3.12/site-packages/airflow/example_dags/example_external_task_marker_dag.py
[2024-12-10T08:16:02.060+0000] {logging_mixin.py:190} INFO - [2024-12-10T08:16:02.060+0000] {dag.py:3239} INFO - Sync 2 DAGs
[2024-12-10T08:16:02.089+0000] {logging_mixin.py:190} INFO - [2024-12-10T08:16:02.088+0000] {dag.py:4180} INFO - Setting next_dagrun for example_external_task_marker_child to None, run_after=None
[2024-12-10T08:16:02.095+0000] {logging_mixin.py:190} INFO - [2024-12-10T08:16:02.095+0000] {dag.py:4180} INFO - Setting next_dagrun for example_external_task_marker_parent to None, run_after=None
[2024-12-10T08:16:02.146+0000] {processor.py:208} INFO - Processing /home/airflow/.local/lib/python3.12/site-packages/airflow/example_dags/example_external_task_marker_dag.py took 0.164 seconds
[2024-12-10T08:16:32.288+0000] {processor.py:186} INFO - Started process (PID=205) to work on /home/airflow/.local/lib/python3.12/site-packages/airflow/example_dags/example_external_task_marker_dag.py
[2024-12-10T08:16:32.289+0000] {processor.py:914} INFO - Processing file /home/airflow/.local/lib/python3.12/site-packages/airflow/example_dags/example_external_task_marker_dag.py for tasks to queue
[2024-12-10T08:16:32.292+0000] {logging_mixin.py:190} INFO - [2024-12-10T08:16:32.291+0000] {dagbag.py:588} INFO - Filling up the DagBag from /home/airflow/.local/lib/python3.12/site-packages/airflow/example_dags/example_external_task_marker_dag.py
[2024-12-10T08:16:32.302+0000] {processor.py:925} INFO - DAG(s) 'example_external_task_marker_child', 'example_external_task_marker_parent' retrieved from /home/airflow/.local/lib/python3.12/site-packages/airflow/example_dags/example_external_task_marker_dag.py
[2024-12-10T08:16:32.332+0000] {logging_mixin.py:190} INFO - [2024-12-10T08:16:32.332+0000] {dag.py:3239} INFO - Sync 2 DAGs
[2024-12-10T08:16:32.356+0000] {logging_mixin.py:190} INFO - [2024-12-10T08:16:32.356+0000] {dag.py:4180} INFO - Setting next_dagrun for example_external_task_marker_child to None, run_after=None
[2024-12-10T08:16:32.362+0000] {logging_mixin.py:190} INFO - [2024-12-10T08:16:32.362+0000] {dag.py:4180} INFO - Setting next_dagrun for example_external_task_marker_parent to None, run_after=None
[2024-12-10T08:16:32.382+0000] {processor.py:208} INFO - Processing /home/airflow/.local/lib/python3.12/site-packages/airflow/example_dags/example_external_task_marker_dag.py took 0.102 seconds
[2024-12-10T08:17:02.891+0000] {processor.py:186} INFO - Started process (PID=268) to work on /home/airflow/.local/lib/python3.12/site-packages/airflow/example_dags/example_external_task_marker_dag.py
[2024-12-10T08:17:02.893+0000] {processor.py:914} INFO - Processing file /home/airflow/.local/lib/python3.12/site-packages/airflow/example_dags/example_external_task_marker_dag.py for tasks to queue
[2024-12-10T08:17:02.895+0000] {logging_mixin.py:190} INFO - [2024-12-10T08:17:02.895+0000] {dagbag.py:588} INFO - Filling up the DagBag from /home/airflow/.local/lib/python3.12/site-packages/airflow/example_dags/example_external_task_marker_dag.py
[2024-12-10T08:17:02.922+0000] {processor.py:925} INFO - DAG(s) 'example_external_task_marker_parent', 'example_external_task_marker_child' retrieved from /home/airflow/.local/lib/python3.12/site-packages/airflow/example_dags/example_external_task_marker_dag.py
[2024-12-10T08:17:02.963+0000] {logging_mixin.py:190} INFO - [2024-12-10T08:17:02.963+0000] {dag.py:3239} INFO - Sync 2 DAGs
[2024-12-10T08:17:02.981+0000] {logging_mixin.py:190} INFO - [2024-12-10T08:17:02.981+0000] {dag.py:4180} INFO - Setting next_dagrun for example_external_task_marker_child to None, run_after=None
[2024-12-10T08:17:02.988+0000] {logging_mixin.py:190} INFO - [2024-12-10T08:17:02.987+0000] {dag.py:4180} INFO - Setting next_dagrun for example_external_task_marker_parent to None, run_after=None
[2024-12-10T08:17:03.009+0000] {processor.py:208} INFO - Processing /home/airflow/.local/lib/python3.12/site-packages/airflow/example_dags/example_external_task_marker_dag.py took 0.126 seconds
[2024-12-10T08:17:33.426+0000] {processor.py:186} INFO - Started process (PID=331) to work on /home/airflow/.local/lib/python3.12/site-packages/airflow/example_dags/example_external_task_marker_dag.py
[2024-12-10T08:17:33.427+0000] {processor.py:914} INFO - Processing file /home/airflow/.local/lib/python3.12/site-packages/airflow/example_dags/example_external_task_marker_dag.py for tasks to queue
[2024-12-10T08:17:33.430+0000] {logging_mixin.py:190} INFO - [2024-12-10T08:17:33.430+0000] {dagbag.py:588} INFO - Filling up the DagBag from /home/airflow/.local/lib/python3.12/site-packages/airflow/example_dags/example_external_task_marker_dag.py
[2024-12-10T08:17:33.443+0000] {processor.py:925} INFO - DAG(s) 'example_external_task_marker_parent', 'example_external_task_marker_child' retrieved from /home/airflow/.local/lib/python3.12/site-packages/airflow/example_dags/example_external_task_marker_dag.py
[2024-12-10T08:17:33.473+0000] {logging_mixin.py:190} INFO - [2024-12-10T08:17:33.473+0000] {dag.py:3239} INFO - Sync 2 DAGs
[2024-12-10T08:17:33.495+0000] {logging_mixin.py:190} INFO - [2024-12-10T08:17:33.495+0000] {dag.py:4180} INFO - Setting next_dagrun for example_external_task_marker_child to None, run_after=None
[2024-12-10T08:17:33.502+0000] {logging_mixin.py:190} INFO - [2024-12-10T08:17:33.502+0000] {dag.py:4180} INFO - Setting next_dagrun for example_external_task_marker_parent to None, run_after=None
[2024-12-10T08:17:33.531+0000] {processor.py:208} INFO - Processing /home/airflow/.local/lib/python3.12/site-packages/airflow/example_dags/example_external_task_marker_dag.py took 0.113 seconds
[2024-12-10T08:18:03.720+0000] {processor.py:186} INFO - Started process (PID=394) to work on /home/airflow/.local/lib/python3.12/site-packages/airflow/example_dags/example_external_task_marker_dag.py
[2024-12-10T08:18:03.721+0000] {processor.py:914} INFO - Processing file /home/airflow/.local/lib/python3.12/site-packages/airflow/example_dags/example_external_task_marker_dag.py for tasks to queue
[2024-12-10T08:18:03.724+0000] {logging_mixin.py:190} INFO - [2024-12-10T08:18:03.723+0000] {dagbag.py:588} INFO - Filling up the DagBag from /home/airflow/.local/lib/python3.12/site-packages/airflow/example_dags/example_external_task_marker_dag.py
[2024-12-10T08:18:03.734+0000] {processor.py:925} INFO - DAG(s) 'example_external_task_marker_parent', 'example_external_task_marker_child' retrieved from /home/airflow/.local/lib/python3.12/site-packages/airflow/example_dags/example_external_task_marker_dag.py
[2024-12-10T08:18:03.761+0000] {logging_mixin.py:190} INFO - [2024-12-10T08:18:03.761+0000] {dag.py:3239} INFO - Sync 2 DAGs
[2024-12-10T08:18:03.779+0000] {logging_mixin.py:190} INFO - [2024-12-10T08:18:03.779+0000] {dag.py:4180} INFO - Setting next_dagrun for example_external_task_marker_child to None, run_after=None
[2024-12-10T08:18:03.784+0000] {logging_mixin.py:190} INFO - [2024-12-10T08:18:03.784+0000] {dag.py:4180} INFO - Setting next_dagrun for example_external_task_marker_parent to None, run_after=None
[2024-12-10T08:18:03.804+0000] {processor.py:208} INFO - Processing /home/airflow/.local/lib/python3.12/site-packages/airflow/example_dags/example_external_task_marker_dag.py took 0.091 seconds
[2024-12-10T08:18:34.190+0000] {processor.py:186} INFO - Started process (PID=457) to work on /home/airflow/.local/lib/python3.12/site-packages/airflow/example_dags/example_external_task_marker_dag.py
[2024-12-10T08:18:34.191+0000] {processor.py:914} INFO - Processing file /home/airflow/.local/lib/python3.12/site-packages/airflow/example_dags/example_external_task_marker_dag.py for tasks to queue
[2024-12-10T08:18:34.195+0000] {logging_mixin.py:190} INFO - [2024-12-10T08:18:34.194+0000] {dagbag.py:588} INFO - Filling up the DagBag from /home/airflow/.local/lib/python3.12/site-packages/airflow/example_dags/example_external_task_marker_dag.py
[2024-12-10T08:18:34.207+0000] {processor.py:925} INFO - DAG(s) 'example_external_task_marker_child', 'example_external_task_marker_parent' retrieved from /home/airflow/.local/lib/python3.12/site-packages/airflow/example_dags/example_external_task_marker_dag.py
[2024-12-10T08:18:34.234+0000] {logging_mixin.py:190} INFO - [2024-12-10T08:18:34.234+0000] {dag.py:3239} INFO - Sync 2 DAGs
[2024-12-10T08:18:34.254+0000] {logging_mixin.py:190} INFO - [2024-12-10T08:18:34.254+0000] {dag.py:4180} INFO - Setting next_dagrun for example_external_task_marker_child to None, run_after=None
[2024-12-10T08:18:34.259+0000] {logging_mixin.py:190} INFO - [2024-12-10T08:18:34.259+0000] {dag.py:4180} INFO - Setting next_dagrun for example_external_task_marker_parent to None, run_after=None
[2024-12-10T08:18:34.280+0000] {processor.py:208} INFO - Processing /home/airflow/.local/lib/python3.12/site-packages/airflow/example_dags/example_external_task_marker_dag.py took 0.099 seconds
[2024-12-10T08:19:04.437+0000] {processor.py:186} INFO - Started process (PID=520) to work on /home/airflow/.local/lib/python3.12/site-packages/airflow/example_dags/example_external_task_marker_dag.py
[2024-12-10T08:19:04.438+0000] {processor.py:914} INFO - Processing file /home/airflow/.local/lib/python3.12/site-packages/airflow/example_dags/example_external_task_marker_dag.py for tasks to queue
[2024-12-10T08:19:04.441+0000] {logging_mixin.py:190} INFO - [2024-12-10T08:19:04.440+0000] {dagbag.py:588} INFO - Filling up the DagBag from /home/airflow/.local/lib/python3.12/site-packages/airflow/example_dags/example_external_task_marker_dag.py
[2024-12-10T08:19:04.450+0000] {processor.py:925} INFO - DAG(s) 'example_external_task_marker_child', 'example_external_task_marker_parent' retrieved from /home/airflow/.local/lib/python3.12/site-packages/airflow/example_dags/example_external_task_marker_dag.py
[2024-12-10T08:19:04.475+0000] {logging_mixin.py:190} INFO - [2024-12-10T08:19:04.474+0000] {dag.py:3239} INFO - Sync 2 DAGs
[2024-12-10T08:19:04.493+0000] {logging_mixin.py:190} INFO - [2024-12-10T08:19:04.492+0000] {dag.py:4180} INFO - Setting next_dagrun for example_external_task_marker_child to None, run_after=None
[2024-12-10T08:19:04.497+0000] {logging_mixin.py:190} INFO - [2024-12-10T08:19:04.497+0000] {dag.py:4180} INFO - Setting next_dagrun for example_external_task_marker_parent to None, run_after=None
[2024-12-10T08:19:04.516+0000] {processor.py:208} INFO - Processing /home/airflow/.local/lib/python3.12/site-packages/airflow/example_dags/example_external_task_marker_dag.py took 0.086 seconds
[2024-12-10T08:19:35.498+0000] {processor.py:186} INFO - Started process (PID=583) to work on /home/airflow/.local/lib/python3.12/site-packages/airflow/example_dags/example_external_task_marker_dag.py
[2024-12-10T08:19:35.499+0000] {processor.py:914} INFO - Processing file /home/airflow/.local/lib/python3.12/site-packages/airflow/example_dags/example_external_task_marker_dag.py for tasks to queue
[2024-12-10T08:19:35.502+0000] {logging_mixin.py:190} INFO - [2024-12-10T08:19:35.501+0000] {dagbag.py:588} INFO - Filling up the DagBag from /home/airflow/.local/lib/python3.12/site-packages/airflow/example_dags/example_external_task_marker_dag.py
[2024-12-10T08:19:35.510+0000] {processor.py:925} INFO - DAG(s) 'example_external_task_marker_child', 'example_external_task_marker_parent' retrieved from /home/airflow/.local/lib/python3.12/site-packages/airflow/example_dags/example_external_task_marker_dag.py
[2024-12-10T08:19:35.534+0000] {logging_mixin.py:190} INFO - [2024-12-10T08:19:35.534+0000] {dag.py:3239} INFO - Sync 2 DAGs
[2024-12-10T08:19:35.551+0000] {logging_mixin.py:190} INFO - [2024-12-10T08:19:35.551+0000] {dag.py:4180} INFO - Setting next_dagrun for example_external_task_marker_child to None, run_after=None
[2024-12-10T08:19:35.556+0000] {logging_mixin.py:190} INFO - [2024-12-10T08:19:35.556+0000] {dag.py:4180} INFO - Setting next_dagrun for example_external_task_marker_parent to None, run_after=None
[2024-12-10T08:19:35.578+0000] {processor.py:208} INFO - Processing /home/airflow/.local/lib/python3.12/site-packages/airflow/example_dags/example_external_task_marker_dag.py took 0.087 seconds
[2024-12-10T08:20:05.799+0000] {processor.py:186} INFO - Started process (PID=646) to work on /home/airflow/.local/lib/python3.12/site-packages/airflow/example_dags/example_external_task_marker_dag.py
[2024-12-10T08:20:05.800+0000] {processor.py:914} INFO - Processing file /home/airflow/.local/lib/python3.12/site-packages/airflow/example_dags/example_external_task_marker_dag.py for tasks to queue
[2024-12-10T08:20:05.803+0000] {logging_mixin.py:190} INFO - [2024-12-10T08:20:05.802+0000] {dagbag.py:588} INFO - Filling up the DagBag from /home/airflow/.local/lib/python3.12/site-packages/airflow/example_dags/example_external_task_marker_dag.py
[2024-12-10T08:20:05.816+0000] {processor.py:925} INFO - DAG(s) 'example_external_task_marker_parent', 'example_external_task_marker_child' retrieved from /home/airflow/.local/lib/python3.12/site-packages/airflow/example_dags/example_external_task_marker_dag.py
[2024-12-10T08:20:05.852+0000] {logging_mixin.py:190} INFO - [2024-12-10T08:20:05.852+0000] {dag.py:3239} INFO - Sync 2 DAGs
[2024-12-10T08:20:05.880+0000] {logging_mixin.py:190} INFO - [2024-12-10T08:20:05.880+0000] {dag.py:4180} INFO - Setting next_dagrun for example_external_task_marker_child to None, run_after=None
[2024-12-10T08:20:05.886+0000] {logging_mixin.py:190} INFO - [2024-12-10T08:20:05.886+0000] {dag.py:4180} INFO - Setting next_dagrun for example_external_task_marker_parent to None, run_after=None
[2024-12-10T08:20:05.918+0000] {processor.py:208} INFO - Processing /home/airflow/.local/lib/python3.12/site-packages/airflow/example_dags/example_external_task_marker_dag.py took 0.130 seconds
[2024-12-10T08:20:36.761+0000] {processor.py:186} INFO - Started process (PID=709) to work on /home/airflow/.local/lib/python3.12/site-packages/airflow/example_dags/example_external_task_marker_dag.py
[2024-12-10T08:20:36.768+0000] {processor.py:914} INFO - Processing file /home/airflow/.local/lib/python3.12/site-packages/airflow/example_dags/example_external_task_marker_dag.py for tasks to queue
[2024-12-10T08:20:36.778+0000] {logging_mixin.py:190} INFO - [2024-12-10T08:20:36.778+0000] {dagbag.py:588} INFO - Filling up the DagBag from /home/airflow/.local/lib/python3.12/site-packages/airflow/example_dags/example_external_task_marker_dag.py
[2024-12-10T08:20:36.804+0000] {processor.py:925} INFO - DAG(s) 'example_external_task_marker_parent', 'example_external_task_marker_child' retrieved from /home/airflow/.local/lib/python3.12/site-packages/airflow/example_dags/example_external_task_marker_dag.py
[2024-12-10T08:20:36.865+0000] {logging_mixin.py:190} INFO - [2024-12-10T08:20:36.865+0000] {dag.py:3239} INFO - Sync 2 DAGs
[2024-12-10T08:20:36.910+0000] {logging_mixin.py:190} INFO - [2024-12-10T08:20:36.909+0000] {dag.py:4180} INFO - Setting next_dagrun for example_external_task_marker_child to None, run_after=None
[2024-12-10T08:20:36.923+0000] {logging_mixin.py:190} INFO - [2024-12-10T08:20:36.922+0000] {dag.py:4180} INFO - Setting next_dagrun for example_external_task_marker_parent to None, run_after=None
[2024-12-10T08:20:36.969+0000] {processor.py:208} INFO - Processing /home/airflow/.local/lib/python3.12/site-packages/airflow/example_dags/example_external_task_marker_dag.py took 0.237 seconds
