[2024-12-10T07:56:03.587+0000] {processor.py:186} INFO - Started process (PID=85) to work on /home/airflow/.local/lib/python3.12/site-packages/airflow/example_dags/example_display_name.py
[2024-12-10T07:56:03.588+0000] {processor.py:914} INFO - Processing file /home/airflow/.local/lib/python3.12/site-packages/airflow/example_dags/example_display_name.py for tasks to queue
[2024-12-10T07:56:03.596+0000] {logging_mixin.py:190} INFO - [2024-12-10T07:56:03.596+0000] {dagbag.py:588} INFO - Filling up the DagBag from /home/airflow/.local/lib/python3.12/site-packages/airflow/example_dags/example_display_name.py
[2024-12-10T07:56:03.607+0000] {processor.py:925} INFO - DAG(s) 'example_display_name' retrieved from /home/airflow/.local/lib/python3.12/site-packages/airflow/example_dags/example_display_name.py
[2024-12-10T07:56:03.747+0000] {logging_mixin.py:190} INFO - [2024-12-10T07:56:03.746+0000] {override.py:1911} INFO - Created Permission View: can read on DAG:example_display_name
[2024-12-10T07:56:03.759+0000] {logging_mixin.py:190} INFO - [2024-12-10T07:56:03.758+0000] {override.py:1911} INFO - Created Permission View: can edit on DAG:example_display_name
[2024-12-10T07:56:03.767+0000] {logging_mixin.py:190} INFO - [2024-12-10T07:56:03.766+0000] {override.py:1911} INFO - Created Permission View: can delete on DAG:example_display_name
[2024-12-10T07:56:03.776+0000] {logging_mixin.py:190} INFO - [2024-12-10T07:56:03.776+0000] {override.py:1911} INFO - Created Permission View: can read on DAG Run:example_display_name
[2024-12-10T07:56:03.784+0000] {logging_mixin.py:190} INFO - [2024-12-10T07:56:03.784+0000] {override.py:1911} INFO - Created Permission View: menu access on DAG Run:example_display_name
[2024-12-10T07:56:03.793+0000] {logging_mixin.py:190} INFO - [2024-12-10T07:56:03.793+0000] {override.py:1911} INFO - Created Permission View: can delete on DAG Run:example_display_name
[2024-12-10T07:56:03.802+0000] {logging_mixin.py:190} INFO - [2024-12-10T07:56:03.802+0000] {override.py:1911} INFO - Created Permission View: can create on DAG Run:example_display_name
[2024-12-10T07:56:03.803+0000] {logging_mixin.py:190} INFO - [2024-12-10T07:56:03.803+0000] {dag.py:3239} INFO - Sync 1 DAGs
[2024-12-10T07:56:03.819+0000] {logging_mixin.py:190} INFO - [2024-12-10T07:56:03.818+0000] {dag.py:3262} INFO - Creating ORM DAG for example_display_name
[2024-12-10T07:56:03.820+0000] {logging_mixin.py:190} INFO - [2024-12-10T07:56:03.820+0000] {dag.py:4180} INFO - Setting next_dagrun for example_display_name to None, run_after=None
[2024-12-10T07:56:03.839+0000] {processor.py:208} INFO - Processing /home/airflow/.local/lib/python3.12/site-packages/airflow/example_dags/example_display_name.py took 0.259 seconds
[2024-12-10T07:56:34.752+0000] {processor.py:186} INFO - Started process (PID=147) to work on /home/airflow/.local/lib/python3.12/site-packages/airflow/example_dags/example_display_name.py
[2024-12-10T07:56:34.754+0000] {processor.py:914} INFO - Processing file /home/airflow/.local/lib/python3.12/site-packages/airflow/example_dags/example_display_name.py for tasks to queue
[2024-12-10T07:56:34.757+0000] {logging_mixin.py:190} INFO - [2024-12-10T07:56:34.756+0000] {dagbag.py:588} INFO - Filling up the DagBag from /home/airflow/.local/lib/python3.12/site-packages/airflow/example_dags/example_display_name.py
[2024-12-10T07:56:34.768+0000] {processor.py:925} INFO - DAG(s) 'example_display_name' retrieved from /home/airflow/.local/lib/python3.12/site-packages/airflow/example_dags/example_display_name.py
[2024-12-10T07:56:34.795+0000] {logging_mixin.py:190} INFO - [2024-12-10T07:56:34.795+0000] {dag.py:3239} INFO - Sync 1 DAGs
[2024-12-10T07:56:34.815+0000] {logging_mixin.py:190} INFO - [2024-12-10T07:56:34.814+0000] {dag.py:4180} INFO - Setting next_dagrun for example_display_name to None, run_after=None
[2024-12-10T07:56:34.843+0000] {processor.py:208} INFO - Processing /home/airflow/.local/lib/python3.12/site-packages/airflow/example_dags/example_display_name.py took 0.100 seconds
[2024-12-10T07:57:05.349+0000] {processor.py:186} INFO - Started process (PID=210) to work on /home/airflow/.local/lib/python3.12/site-packages/airflow/example_dags/example_display_name.py
[2024-12-10T07:57:05.350+0000] {processor.py:914} INFO - Processing file /home/airflow/.local/lib/python3.12/site-packages/airflow/example_dags/example_display_name.py for tasks to queue
[2024-12-10T07:57:05.352+0000] {logging_mixin.py:190} INFO - [2024-12-10T07:57:05.352+0000] {dagbag.py:588} INFO - Filling up the DagBag from /home/airflow/.local/lib/python3.12/site-packages/airflow/example_dags/example_display_name.py
[2024-12-10T07:57:05.361+0000] {processor.py:925} INFO - DAG(s) 'example_display_name' retrieved from /home/airflow/.local/lib/python3.12/site-packages/airflow/example_dags/example_display_name.py
[2024-12-10T07:57:05.382+0000] {logging_mixin.py:190} INFO - [2024-12-10T07:57:05.382+0000] {dag.py:3239} INFO - Sync 1 DAGs
[2024-12-10T07:57:05.398+0000] {logging_mixin.py:190} INFO - [2024-12-10T07:57:05.398+0000] {dag.py:4180} INFO - Setting next_dagrun for example_display_name to None, run_after=None
[2024-12-10T07:57:05.420+0000] {processor.py:208} INFO - Processing /home/airflow/.local/lib/python3.12/site-packages/airflow/example_dags/example_display_name.py took 0.078 seconds
[2024-12-10T07:57:35.713+0000] {processor.py:186} INFO - Started process (PID=273) to work on /home/airflow/.local/lib/python3.12/site-packages/airflow/example_dags/example_display_name.py
[2024-12-10T07:57:35.714+0000] {processor.py:914} INFO - Processing file /home/airflow/.local/lib/python3.12/site-packages/airflow/example_dags/example_display_name.py for tasks to queue
[2024-12-10T07:57:35.717+0000] {logging_mixin.py:190} INFO - [2024-12-10T07:57:35.717+0000] {dagbag.py:588} INFO - Filling up the DagBag from /home/airflow/.local/lib/python3.12/site-packages/airflow/example_dags/example_display_name.py
[2024-12-10T07:57:35.725+0000] {processor.py:925} INFO - DAG(s) 'example_display_name' retrieved from /home/airflow/.local/lib/python3.12/site-packages/airflow/example_dags/example_display_name.py
[2024-12-10T07:57:35.746+0000] {logging_mixin.py:190} INFO - [2024-12-10T07:57:35.746+0000] {dag.py:3239} INFO - Sync 1 DAGs
[2024-12-10T07:57:35.762+0000] {logging_mixin.py:190} INFO - [2024-12-10T07:57:35.762+0000] {dag.py:4180} INFO - Setting next_dagrun for example_display_name to None, run_after=None
[2024-12-10T07:57:35.787+0000] {processor.py:208} INFO - Processing /home/airflow/.local/lib/python3.12/site-packages/airflow/example_dags/example_display_name.py took 0.080 seconds
[2024-12-10T07:58:06.691+0000] {processor.py:186} INFO - Started process (PID=336) to work on /home/airflow/.local/lib/python3.12/site-packages/airflow/example_dags/example_display_name.py
[2024-12-10T07:58:06.692+0000] {processor.py:914} INFO - Processing file /home/airflow/.local/lib/python3.12/site-packages/airflow/example_dags/example_display_name.py for tasks to queue
[2024-12-10T07:58:06.695+0000] {logging_mixin.py:190} INFO - [2024-12-10T07:58:06.694+0000] {dagbag.py:588} INFO - Filling up the DagBag from /home/airflow/.local/lib/python3.12/site-packages/airflow/example_dags/example_display_name.py
[2024-12-10T07:58:06.703+0000] {processor.py:925} INFO - DAG(s) 'example_display_name' retrieved from /home/airflow/.local/lib/python3.12/site-packages/airflow/example_dags/example_display_name.py
[2024-12-10T07:58:06.725+0000] {logging_mixin.py:190} INFO - [2024-12-10T07:58:06.724+0000] {dag.py:3239} INFO - Sync 1 DAGs
[2024-12-10T07:58:06.741+0000] {logging_mixin.py:190} INFO - [2024-12-10T07:58:06.741+0000] {dag.py:4180} INFO - Setting next_dagrun for example_display_name to None, run_after=None
[2024-12-10T07:58:06.762+0000] {processor.py:208} INFO - Processing /home/airflow/.local/lib/python3.12/site-packages/airflow/example_dags/example_display_name.py took 0.076 seconds
[2024-12-10T07:58:37.497+0000] {processor.py:186} INFO - Started process (PID=399) to work on /home/airflow/.local/lib/python3.12/site-packages/airflow/example_dags/example_display_name.py
[2024-12-10T07:58:37.498+0000] {processor.py:914} INFO - Processing file /home/airflow/.local/lib/python3.12/site-packages/airflow/example_dags/example_display_name.py for tasks to queue
[2024-12-10T07:58:37.501+0000] {logging_mixin.py:190} INFO - [2024-12-10T07:58:37.500+0000] {dagbag.py:588} INFO - Filling up the DagBag from /home/airflow/.local/lib/python3.12/site-packages/airflow/example_dags/example_display_name.py
[2024-12-10T07:58:37.509+0000] {processor.py:925} INFO - DAG(s) 'example_display_name' retrieved from /home/airflow/.local/lib/python3.12/site-packages/airflow/example_dags/example_display_name.py
[2024-12-10T07:58:37.529+0000] {logging_mixin.py:190} INFO - [2024-12-10T07:58:37.529+0000] {dag.py:3239} INFO - Sync 1 DAGs
[2024-12-10T07:58:37.544+0000] {logging_mixin.py:190} INFO - [2024-12-10T07:58:37.544+0000] {dag.py:4180} INFO - Setting next_dagrun for example_display_name to None, run_after=None
[2024-12-10T07:58:37.564+0000] {processor.py:208} INFO - Processing /home/airflow/.local/lib/python3.12/site-packages/airflow/example_dags/example_display_name.py took 0.073 seconds
[2024-12-10T07:59:07.810+0000] {processor.py:186} INFO - Started process (PID=462) to work on /home/airflow/.local/lib/python3.12/site-packages/airflow/example_dags/example_display_name.py
[2024-12-10T07:59:07.811+0000] {processor.py:914} INFO - Processing file /home/airflow/.local/lib/python3.12/site-packages/airflow/example_dags/example_display_name.py for tasks to queue
[2024-12-10T07:59:07.814+0000] {logging_mixin.py:190} INFO - [2024-12-10T07:59:07.813+0000] {dagbag.py:588} INFO - Filling up the DagBag from /home/airflow/.local/lib/python3.12/site-packages/airflow/example_dags/example_display_name.py
[2024-12-10T07:59:07.822+0000] {processor.py:925} INFO - DAG(s) 'example_display_name' retrieved from /home/airflow/.local/lib/python3.12/site-packages/airflow/example_dags/example_display_name.py
[2024-12-10T07:59:07.840+0000] {logging_mixin.py:190} INFO - [2024-12-10T07:59:07.840+0000] {dag.py:3239} INFO - Sync 1 DAGs
[2024-12-10T07:59:07.854+0000] {logging_mixin.py:190} INFO - [2024-12-10T07:59:07.854+0000] {dag.py:4180} INFO - Setting next_dagrun for example_display_name to None, run_after=None
[2024-12-10T07:59:07.880+0000] {processor.py:208} INFO - Processing /home/airflow/.local/lib/python3.12/site-packages/airflow/example_dags/example_display_name.py took 0.076 seconds
[2024-12-10T07:59:38.264+0000] {processor.py:186} INFO - Started process (PID=525) to work on /home/airflow/.local/lib/python3.12/site-packages/airflow/example_dags/example_display_name.py
[2024-12-10T07:59:38.266+0000] {processor.py:914} INFO - Processing file /home/airflow/.local/lib/python3.12/site-packages/airflow/example_dags/example_display_name.py for tasks to queue
[2024-12-10T07:59:38.268+0000] {logging_mixin.py:190} INFO - [2024-12-10T07:59:38.268+0000] {dagbag.py:588} INFO - Filling up the DagBag from /home/airflow/.local/lib/python3.12/site-packages/airflow/example_dags/example_display_name.py
[2024-12-10T07:59:38.276+0000] {processor.py:925} INFO - DAG(s) 'example_display_name' retrieved from /home/airflow/.local/lib/python3.12/site-packages/airflow/example_dags/example_display_name.py
[2024-12-10T07:59:38.296+0000] {logging_mixin.py:190} INFO - [2024-12-10T07:59:38.295+0000] {dag.py:3239} INFO - Sync 1 DAGs
[2024-12-10T07:59:38.311+0000] {logging_mixin.py:190} INFO - [2024-12-10T07:59:38.310+0000] {dag.py:4180} INFO - Setting next_dagrun for example_display_name to None, run_after=None
[2024-12-10T07:59:38.334+0000] {processor.py:208} INFO - Processing /home/airflow/.local/lib/python3.12/site-packages/airflow/example_dags/example_display_name.py took 0.076 seconds
[2024-12-10T08:00:08.453+0000] {processor.py:186} INFO - Started process (PID=588) to work on /home/airflow/.local/lib/python3.12/site-packages/airflow/example_dags/example_display_name.py
[2024-12-10T08:00:08.454+0000] {processor.py:914} INFO - Processing file /home/airflow/.local/lib/python3.12/site-packages/airflow/example_dags/example_display_name.py for tasks to queue
[2024-12-10T08:00:08.457+0000] {logging_mixin.py:190} INFO - [2024-12-10T08:00:08.457+0000] {dagbag.py:588} INFO - Filling up the DagBag from /home/airflow/.local/lib/python3.12/site-packages/airflow/example_dags/example_display_name.py
[2024-12-10T08:00:08.467+0000] {processor.py:925} INFO - DAG(s) 'example_display_name' retrieved from /home/airflow/.local/lib/python3.12/site-packages/airflow/example_dags/example_display_name.py
[2024-12-10T08:00:08.490+0000] {logging_mixin.py:190} INFO - [2024-12-10T08:00:08.490+0000] {dag.py:3239} INFO - Sync 1 DAGs
[2024-12-10T08:00:08.505+0000] {logging_mixin.py:190} INFO - [2024-12-10T08:00:08.505+0000] {dag.py:4180} INFO - Setting next_dagrun for example_display_name to None, run_after=None
[2024-12-10T08:00:08.533+0000] {processor.py:208} INFO - Processing /home/airflow/.local/lib/python3.12/site-packages/airflow/example_dags/example_display_name.py took 0.087 seconds
[2024-12-10T08:00:39.301+0000] {processor.py:186} INFO - Started process (PID=651) to work on /home/airflow/.local/lib/python3.12/site-packages/airflow/example_dags/example_display_name.py
[2024-12-10T08:00:39.302+0000] {processor.py:914} INFO - Processing file /home/airflow/.local/lib/python3.12/site-packages/airflow/example_dags/example_display_name.py for tasks to queue
[2024-12-10T08:00:39.305+0000] {logging_mixin.py:190} INFO - [2024-12-10T08:00:39.304+0000] {dagbag.py:588} INFO - Filling up the DagBag from /home/airflow/.local/lib/python3.12/site-packages/airflow/example_dags/example_display_name.py
[2024-12-10T08:00:39.313+0000] {processor.py:925} INFO - DAG(s) 'example_display_name' retrieved from /home/airflow/.local/lib/python3.12/site-packages/airflow/example_dags/example_display_name.py
[2024-12-10T08:00:39.331+0000] {logging_mixin.py:190} INFO - [2024-12-10T08:00:39.331+0000] {dag.py:3239} INFO - Sync 1 DAGs
[2024-12-10T08:00:39.344+0000] {logging_mixin.py:190} INFO - [2024-12-10T08:00:39.344+0000] {dag.py:4180} INFO - Setting next_dagrun for example_display_name to None, run_after=None
[2024-12-10T08:00:39.363+0000] {processor.py:208} INFO - Processing /home/airflow/.local/lib/python3.12/site-packages/airflow/example_dags/example_display_name.py took 0.067 seconds
[2024-12-10T08:01:09.742+0000] {processor.py:186} INFO - Started process (PID=714) to work on /home/airflow/.local/lib/python3.12/site-packages/airflow/example_dags/example_display_name.py
[2024-12-10T08:01:09.744+0000] {processor.py:914} INFO - Processing file /home/airflow/.local/lib/python3.12/site-packages/airflow/example_dags/example_display_name.py for tasks to queue
[2024-12-10T08:01:09.747+0000] {logging_mixin.py:190} INFO - [2024-12-10T08:01:09.747+0000] {dagbag.py:588} INFO - Filling up the DagBag from /home/airflow/.local/lib/python3.12/site-packages/airflow/example_dags/example_display_name.py
[2024-12-10T08:01:09.757+0000] {processor.py:925} INFO - DAG(s) 'example_display_name' retrieved from /home/airflow/.local/lib/python3.12/site-packages/airflow/example_dags/example_display_name.py
[2024-12-10T08:01:09.786+0000] {logging_mixin.py:190} INFO - [2024-12-10T08:01:09.786+0000] {dag.py:3239} INFO - Sync 1 DAGs
[2024-12-10T08:01:09.806+0000] {logging_mixin.py:190} INFO - [2024-12-10T08:01:09.806+0000] {dag.py:4180} INFO - Setting next_dagrun for example_display_name to None, run_after=None
[2024-12-10T08:01:09.835+0000] {processor.py:208} INFO - Processing /home/airflow/.local/lib/python3.12/site-packages/airflow/example_dags/example_display_name.py took 0.105 seconds
[2024-12-10T08:01:39.996+0000] {processor.py:186} INFO - Started process (PID=777) to work on /home/airflow/.local/lib/python3.12/site-packages/airflow/example_dags/example_display_name.py
[2024-12-10T08:01:39.997+0000] {processor.py:914} INFO - Processing file /home/airflow/.local/lib/python3.12/site-packages/airflow/example_dags/example_display_name.py for tasks to queue
[2024-12-10T08:01:40.000+0000] {logging_mixin.py:190} INFO - [2024-12-10T08:01:39.999+0000] {dagbag.py:588} INFO - Filling up the DagBag from /home/airflow/.local/lib/python3.12/site-packages/airflow/example_dags/example_display_name.py
[2024-12-10T08:01:40.009+0000] {processor.py:925} INFO - DAG(s) 'example_display_name' retrieved from /home/airflow/.local/lib/python3.12/site-packages/airflow/example_dags/example_display_name.py
[2024-12-10T08:01:40.030+0000] {logging_mixin.py:190} INFO - [2024-12-10T08:01:40.030+0000] {dag.py:3239} INFO - Sync 1 DAGs
[2024-12-10T08:01:40.045+0000] {logging_mixin.py:190} INFO - [2024-12-10T08:01:40.045+0000] {dag.py:4180} INFO - Setting next_dagrun for example_display_name to None, run_after=None
[2024-12-10T08:01:40.066+0000] {processor.py:208} INFO - Processing /home/airflow/.local/lib/python3.12/site-packages/airflow/example_dags/example_display_name.py took 0.079 seconds
[2024-12-10T08:02:10.444+0000] {processor.py:186} INFO - Started process (PID=840) to work on /home/airflow/.local/lib/python3.12/site-packages/airflow/example_dags/example_display_name.py
[2024-12-10T08:02:10.445+0000] {processor.py:914} INFO - Processing file /home/airflow/.local/lib/python3.12/site-packages/airflow/example_dags/example_display_name.py for tasks to queue
[2024-12-10T08:02:10.448+0000] {logging_mixin.py:190} INFO - [2024-12-10T08:02:10.448+0000] {dagbag.py:588} INFO - Filling up the DagBag from /home/airflow/.local/lib/python3.12/site-packages/airflow/example_dags/example_display_name.py
[2024-12-10T08:02:10.455+0000] {processor.py:925} INFO - DAG(s) 'example_display_name' retrieved from /home/airflow/.local/lib/python3.12/site-packages/airflow/example_dags/example_display_name.py
[2024-12-10T08:02:10.474+0000] {logging_mixin.py:190} INFO - [2024-12-10T08:02:10.474+0000] {dag.py:3239} INFO - Sync 1 DAGs
[2024-12-10T08:02:10.493+0000] {logging_mixin.py:190} INFO - [2024-12-10T08:02:10.493+0000] {dag.py:4180} INFO - Setting next_dagrun for example_display_name to None, run_after=None
[2024-12-10T08:02:10.516+0000] {processor.py:208} INFO - Processing /home/airflow/.local/lib/python3.12/site-packages/airflow/example_dags/example_display_name.py took 0.077 seconds
[2024-12-10T08:02:40.799+0000] {processor.py:186} INFO - Started process (PID=903) to work on /home/airflow/.local/lib/python3.12/site-packages/airflow/example_dags/example_display_name.py
[2024-12-10T08:02:40.800+0000] {processor.py:914} INFO - Processing file /home/airflow/.local/lib/python3.12/site-packages/airflow/example_dags/example_display_name.py for tasks to queue
[2024-12-10T08:02:40.802+0000] {logging_mixin.py:190} INFO - [2024-12-10T08:02:40.802+0000] {dagbag.py:588} INFO - Filling up the DagBag from /home/airflow/.local/lib/python3.12/site-packages/airflow/example_dags/example_display_name.py
[2024-12-10T08:02:40.812+0000] {processor.py:925} INFO - DAG(s) 'example_display_name' retrieved from /home/airflow/.local/lib/python3.12/site-packages/airflow/example_dags/example_display_name.py
[2024-12-10T08:02:40.834+0000] {logging_mixin.py:190} INFO - [2024-12-10T08:02:40.834+0000] {dag.py:3239} INFO - Sync 1 DAGs
[2024-12-10T08:02:40.853+0000] {logging_mixin.py:190} INFO - [2024-12-10T08:02:40.853+0000] {dag.py:4180} INFO - Setting next_dagrun for example_display_name to None, run_after=None
[2024-12-10T08:02:40.874+0000] {processor.py:208} INFO - Processing /home/airflow/.local/lib/python3.12/site-packages/airflow/example_dags/example_display_name.py took 0.085 seconds
[2024-12-10T08:03:11.002+0000] {processor.py:186} INFO - Started process (PID=966) to work on /home/airflow/.local/lib/python3.12/site-packages/airflow/example_dags/example_display_name.py
[2024-12-10T08:03:11.004+0000] {processor.py:914} INFO - Processing file /home/airflow/.local/lib/python3.12/site-packages/airflow/example_dags/example_display_name.py for tasks to queue
[2024-12-10T08:03:11.006+0000] {logging_mixin.py:190} INFO - [2024-12-10T08:03:11.006+0000] {dagbag.py:588} INFO - Filling up the DagBag from /home/airflow/.local/lib/python3.12/site-packages/airflow/example_dags/example_display_name.py
[2024-12-10T08:03:11.017+0000] {processor.py:925} INFO - DAG(s) 'example_display_name' retrieved from /home/airflow/.local/lib/python3.12/site-packages/airflow/example_dags/example_display_name.py
[2024-12-10T08:03:11.036+0000] {logging_mixin.py:190} INFO - [2024-12-10T08:03:11.036+0000] {dag.py:3239} INFO - Sync 1 DAGs
[2024-12-10T08:03:11.051+0000] {logging_mixin.py:190} INFO - [2024-12-10T08:03:11.051+0000] {dag.py:4180} INFO - Setting next_dagrun for example_display_name to None, run_after=None
[2024-12-10T08:03:11.071+0000] {processor.py:208} INFO - Processing /home/airflow/.local/lib/python3.12/site-packages/airflow/example_dags/example_display_name.py took 0.074 seconds
[2024-12-10T08:03:41.317+0000] {processor.py:186} INFO - Started process (PID=1029) to work on /home/airflow/.local/lib/python3.12/site-packages/airflow/example_dags/example_display_name.py
[2024-12-10T08:03:41.319+0000] {processor.py:914} INFO - Processing file /home/airflow/.local/lib/python3.12/site-packages/airflow/example_dags/example_display_name.py for tasks to queue
[2024-12-10T08:03:41.322+0000] {logging_mixin.py:190} INFO - [2024-12-10T08:03:41.321+0000] {dagbag.py:588} INFO - Filling up the DagBag from /home/airflow/.local/lib/python3.12/site-packages/airflow/example_dags/example_display_name.py
[2024-12-10T08:03:41.330+0000] {processor.py:925} INFO - DAG(s) 'example_display_name' retrieved from /home/airflow/.local/lib/python3.12/site-packages/airflow/example_dags/example_display_name.py
[2024-12-10T08:03:41.350+0000] {logging_mixin.py:190} INFO - [2024-12-10T08:03:41.350+0000] {dag.py:3239} INFO - Sync 1 DAGs
[2024-12-10T08:03:41.366+0000] {logging_mixin.py:190} INFO - [2024-12-10T08:03:41.366+0000] {dag.py:4180} INFO - Setting next_dagrun for example_display_name to None, run_after=None
[2024-12-10T08:03:41.390+0000] {processor.py:208} INFO - Processing /home/airflow/.local/lib/python3.12/site-packages/airflow/example_dags/example_display_name.py took 0.079 seconds
[2024-12-10T08:04:11.631+0000] {processor.py:186} INFO - Started process (PID=1092) to work on /home/airflow/.local/lib/python3.12/site-packages/airflow/example_dags/example_display_name.py
[2024-12-10T08:04:11.633+0000] {processor.py:914} INFO - Processing file /home/airflow/.local/lib/python3.12/site-packages/airflow/example_dags/example_display_name.py for tasks to queue
[2024-12-10T08:04:11.636+0000] {logging_mixin.py:190} INFO - [2024-12-10T08:04:11.636+0000] {dagbag.py:588} INFO - Filling up the DagBag from /home/airflow/.local/lib/python3.12/site-packages/airflow/example_dags/example_display_name.py
[2024-12-10T08:04:11.646+0000] {processor.py:925} INFO - DAG(s) 'example_display_name' retrieved from /home/airflow/.local/lib/python3.12/site-packages/airflow/example_dags/example_display_name.py
[2024-12-10T08:04:11.673+0000] {logging_mixin.py:190} INFO - [2024-12-10T08:04:11.672+0000] {dag.py:3239} INFO - Sync 1 DAGs
[2024-12-10T08:04:11.692+0000] {logging_mixin.py:190} INFO - [2024-12-10T08:04:11.692+0000] {dag.py:4180} INFO - Setting next_dagrun for example_display_name to None, run_after=None
[2024-12-10T08:04:11.722+0000] {processor.py:208} INFO - Processing /home/airflow/.local/lib/python3.12/site-packages/airflow/example_dags/example_display_name.py took 0.098 seconds
[2024-12-10T08:04:42.572+0000] {processor.py:186} INFO - Started process (PID=1155) to work on /home/airflow/.local/lib/python3.12/site-packages/airflow/example_dags/example_display_name.py
[2024-12-10T08:04:42.575+0000] {processor.py:914} INFO - Processing file /home/airflow/.local/lib/python3.12/site-packages/airflow/example_dags/example_display_name.py for tasks to queue
[2024-12-10T08:04:42.584+0000] {logging_mixin.py:190} INFO - [2024-12-10T08:04:42.582+0000] {dagbag.py:588} INFO - Filling up the DagBag from /home/airflow/.local/lib/python3.12/site-packages/airflow/example_dags/example_display_name.py
[2024-12-10T08:04:42.606+0000] {processor.py:925} INFO - DAG(s) 'example_display_name' retrieved from /home/airflow/.local/lib/python3.12/site-packages/airflow/example_dags/example_display_name.py
[2024-12-10T08:04:42.647+0000] {logging_mixin.py:190} INFO - [2024-12-10T08:04:42.646+0000] {dag.py:3239} INFO - Sync 1 DAGs
[2024-12-10T08:04:42.682+0000] {logging_mixin.py:190} INFO - [2024-12-10T08:04:42.682+0000] {dag.py:4180} INFO - Setting next_dagrun for example_display_name to None, run_after=None
[2024-12-10T08:04:42.722+0000] {processor.py:208} INFO - Processing /home/airflow/.local/lib/python3.12/site-packages/airflow/example_dags/example_display_name.py took 0.165 seconds
[2024-12-10T08:05:12.869+0000] {processor.py:186} INFO - Started process (PID=1218) to work on /home/airflow/.local/lib/python3.12/site-packages/airflow/example_dags/example_display_name.py
[2024-12-10T08:05:12.872+0000] {processor.py:914} INFO - Processing file /home/airflow/.local/lib/python3.12/site-packages/airflow/example_dags/example_display_name.py for tasks to queue
[2024-12-10T08:05:12.884+0000] {logging_mixin.py:190} INFO - [2024-12-10T08:05:12.883+0000] {dagbag.py:588} INFO - Filling up the DagBag from /home/airflow/.local/lib/python3.12/site-packages/airflow/example_dags/example_display_name.py
[2024-12-10T08:05:12.906+0000] {processor.py:925} INFO - DAG(s) 'example_display_name' retrieved from /home/airflow/.local/lib/python3.12/site-packages/airflow/example_dags/example_display_name.py
[2024-12-10T08:05:12.961+0000] {logging_mixin.py:190} INFO - [2024-12-10T08:05:12.960+0000] {dag.py:3239} INFO - Sync 1 DAGs
[2024-12-10T08:05:12.993+0000] {logging_mixin.py:190} INFO - [2024-12-10T08:05:12.993+0000] {dag.py:4180} INFO - Setting next_dagrun for example_display_name to None, run_after=None
[2024-12-10T08:05:13.025+0000] {processor.py:208} INFO - Processing /home/airflow/.local/lib/python3.12/site-packages/airflow/example_dags/example_display_name.py took 0.171 seconds
[2024-12-10T08:05:43.917+0000] {processor.py:186} INFO - Started process (PID=1281) to work on /home/airflow/.local/lib/python3.12/site-packages/airflow/example_dags/example_display_name.py
[2024-12-10T08:05:43.918+0000] {processor.py:914} INFO - Processing file /home/airflow/.local/lib/python3.12/site-packages/airflow/example_dags/example_display_name.py for tasks to queue
[2024-12-10T08:05:43.920+0000] {logging_mixin.py:190} INFO - [2024-12-10T08:05:43.920+0000] {dagbag.py:588} INFO - Filling up the DagBag from /home/airflow/.local/lib/python3.12/site-packages/airflow/example_dags/example_display_name.py
[2024-12-10T08:05:43.930+0000] {processor.py:925} INFO - DAG(s) 'example_display_name' retrieved from /home/airflow/.local/lib/python3.12/site-packages/airflow/example_dags/example_display_name.py
[2024-12-10T08:05:43.951+0000] {logging_mixin.py:190} INFO - [2024-12-10T08:05:43.950+0000] {dag.py:3239} INFO - Sync 1 DAGs
[2024-12-10T08:05:43.964+0000] {logging_mixin.py:190} INFO - [2024-12-10T08:05:43.964+0000] {dag.py:4180} INFO - Setting next_dagrun for example_display_name to None, run_after=None
[2024-12-10T08:05:43.984+0000] {processor.py:208} INFO - Processing /home/airflow/.local/lib/python3.12/site-packages/airflow/example_dags/example_display_name.py took 0.073 seconds
[2024-12-10T08:06:14.100+0000] {processor.py:186} INFO - Started process (PID=1344) to work on /home/airflow/.local/lib/python3.12/site-packages/airflow/example_dags/example_display_name.py
[2024-12-10T08:06:14.101+0000] {processor.py:914} INFO - Processing file /home/airflow/.local/lib/python3.12/site-packages/airflow/example_dags/example_display_name.py for tasks to queue
[2024-12-10T08:06:14.104+0000] {logging_mixin.py:190} INFO - [2024-12-10T08:06:14.104+0000] {dagbag.py:588} INFO - Filling up the DagBag from /home/airflow/.local/lib/python3.12/site-packages/airflow/example_dags/example_display_name.py
[2024-12-10T08:06:14.112+0000] {processor.py:925} INFO - DAG(s) 'example_display_name' retrieved from /home/airflow/.local/lib/python3.12/site-packages/airflow/example_dags/example_display_name.py
[2024-12-10T08:06:14.131+0000] {logging_mixin.py:190} INFO - [2024-12-10T08:06:14.131+0000] {dag.py:3239} INFO - Sync 1 DAGs
[2024-12-10T08:06:14.146+0000] {logging_mixin.py:190} INFO - [2024-12-10T08:06:14.146+0000] {dag.py:4180} INFO - Setting next_dagrun for example_display_name to None, run_after=None
[2024-12-10T08:06:14.166+0000] {processor.py:208} INFO - Processing /home/airflow/.local/lib/python3.12/site-packages/airflow/example_dags/example_display_name.py took 0.071 seconds
[2024-12-10T08:06:44.986+0000] {processor.py:186} INFO - Started process (PID=1407) to work on /home/airflow/.local/lib/python3.12/site-packages/airflow/example_dags/example_display_name.py
[2024-12-10T08:06:44.988+0000] {processor.py:914} INFO - Processing file /home/airflow/.local/lib/python3.12/site-packages/airflow/example_dags/example_display_name.py for tasks to queue
[2024-12-10T08:06:45.000+0000] {logging_mixin.py:190} INFO - [2024-12-10T08:06:44.999+0000] {dagbag.py:588} INFO - Filling up the DagBag from /home/airflow/.local/lib/python3.12/site-packages/airflow/example_dags/example_display_name.py
[2024-12-10T08:06:45.036+0000] {processor.py:925} INFO - DAG(s) 'example_display_name' retrieved from /home/airflow/.local/lib/python3.12/site-packages/airflow/example_dags/example_display_name.py
[2024-12-10T08:06:45.123+0000] {logging_mixin.py:190} INFO - [2024-12-10T08:06:45.122+0000] {dag.py:3239} INFO - Sync 1 DAGs
[2024-12-10T08:06:45.184+0000] {logging_mixin.py:190} INFO - [2024-12-10T08:06:45.184+0000] {dag.py:4180} INFO - Setting next_dagrun for example_display_name to None, run_after=None
[2024-12-10T08:06:45.261+0000] {processor.py:208} INFO - Processing /home/airflow/.local/lib/python3.12/site-packages/airflow/example_dags/example_display_name.py took 0.295 seconds
[2024-12-10T08:08:25.756+0000] {processor.py:186} INFO - Started process (PID=85) to work on /home/airflow/.local/lib/python3.12/site-packages/airflow/example_dags/example_display_name.py
[2024-12-10T08:08:25.758+0000] {processor.py:914} INFO - Processing file /home/airflow/.local/lib/python3.12/site-packages/airflow/example_dags/example_display_name.py for tasks to queue
[2024-12-10T08:08:25.761+0000] {logging_mixin.py:190} INFO - [2024-12-10T08:08:25.760+0000] {dagbag.py:588} INFO - Filling up the DagBag from /home/airflow/.local/lib/python3.12/site-packages/airflow/example_dags/example_display_name.py
[2024-12-10T08:08:25.770+0000] {processor.py:925} INFO - DAG(s) 'example_display_name' retrieved from /home/airflow/.local/lib/python3.12/site-packages/airflow/example_dags/example_display_name.py
[2024-12-10T08:08:25.794+0000] {logging_mixin.py:190} INFO - [2024-12-10T08:08:25.793+0000] {dag.py:3239} INFO - Sync 1 DAGs
[2024-12-10T08:08:25.810+0000] {logging_mixin.py:190} INFO - [2024-12-10T08:08:25.810+0000] {dag.py:4180} INFO - Setting next_dagrun for example_display_name to None, run_after=None
[2024-12-10T08:08:25.885+0000] {processor.py:208} INFO - Processing /home/airflow/.local/lib/python3.12/site-packages/airflow/example_dags/example_display_name.py took 0.135 seconds
[2024-12-10T08:08:56.665+0000] {processor.py:186} INFO - Started process (PID=147) to work on /home/airflow/.local/lib/python3.12/site-packages/airflow/example_dags/example_display_name.py
[2024-12-10T08:08:56.667+0000] {processor.py:914} INFO - Processing file /home/airflow/.local/lib/python3.12/site-packages/airflow/example_dags/example_display_name.py for tasks to queue
[2024-12-10T08:08:56.671+0000] {logging_mixin.py:190} INFO - [2024-12-10T08:08:56.670+0000] {dagbag.py:588} INFO - Filling up the DagBag from /home/airflow/.local/lib/python3.12/site-packages/airflow/example_dags/example_display_name.py
[2024-12-10T08:08:56.680+0000] {processor.py:925} INFO - DAG(s) 'example_display_name' retrieved from /home/airflow/.local/lib/python3.12/site-packages/airflow/example_dags/example_display_name.py
[2024-12-10T08:08:56.709+0000] {logging_mixin.py:190} INFO - [2024-12-10T08:08:56.709+0000] {dag.py:3239} INFO - Sync 1 DAGs
[2024-12-10T08:08:56.736+0000] {logging_mixin.py:190} INFO - [2024-12-10T08:08:56.735+0000] {dag.py:4180} INFO - Setting next_dagrun for example_display_name to None, run_after=None
[2024-12-10T08:08:56.762+0000] {processor.py:208} INFO - Processing /home/airflow/.local/lib/python3.12/site-packages/airflow/example_dags/example_display_name.py took 0.106 seconds
[2024-12-10T08:09:27.377+0000] {processor.py:186} INFO - Started process (PID=210) to work on /home/airflow/.local/lib/python3.12/site-packages/airflow/example_dags/example_display_name.py
[2024-12-10T08:09:27.378+0000] {processor.py:914} INFO - Processing file /home/airflow/.local/lib/python3.12/site-packages/airflow/example_dags/example_display_name.py for tasks to queue
[2024-12-10T08:09:27.382+0000] {logging_mixin.py:190} INFO - [2024-12-10T08:09:27.382+0000] {dagbag.py:588} INFO - Filling up the DagBag from /home/airflow/.local/lib/python3.12/site-packages/airflow/example_dags/example_display_name.py
[2024-12-10T08:09:27.392+0000] {processor.py:925} INFO - DAG(s) 'example_display_name' retrieved from /home/airflow/.local/lib/python3.12/site-packages/airflow/example_dags/example_display_name.py
[2024-12-10T08:09:27.418+0000] {logging_mixin.py:190} INFO - [2024-12-10T08:09:27.417+0000] {dag.py:3239} INFO - Sync 1 DAGs
[2024-12-10T08:09:27.438+0000] {logging_mixin.py:190} INFO - [2024-12-10T08:09:27.438+0000] {dag.py:4180} INFO - Setting next_dagrun for example_display_name to None, run_after=None
[2024-12-10T08:09:27.463+0000] {processor.py:208} INFO - Processing /home/airflow/.local/lib/python3.12/site-packages/airflow/example_dags/example_display_name.py took 0.097 seconds
[2024-12-10T08:09:57.657+0000] {processor.py:186} INFO - Started process (PID=273) to work on /home/airflow/.local/lib/python3.12/site-packages/airflow/example_dags/example_display_name.py
[2024-12-10T08:09:57.659+0000] {processor.py:914} INFO - Processing file /home/airflow/.local/lib/python3.12/site-packages/airflow/example_dags/example_display_name.py for tasks to queue
[2024-12-10T08:09:57.665+0000] {logging_mixin.py:190} INFO - [2024-12-10T08:09:57.664+0000] {dagbag.py:588} INFO - Filling up the DagBag from /home/airflow/.local/lib/python3.12/site-packages/airflow/example_dags/example_display_name.py
[2024-12-10T08:09:57.690+0000] {processor.py:925} INFO - DAG(s) 'example_display_name' retrieved from /home/airflow/.local/lib/python3.12/site-packages/airflow/example_dags/example_display_name.py
[2024-12-10T08:09:57.715+0000] {logging_mixin.py:190} INFO - [2024-12-10T08:09:57.715+0000] {dag.py:3239} INFO - Sync 1 DAGs
[2024-12-10T08:09:57.736+0000] {logging_mixin.py:190} INFO - [2024-12-10T08:09:57.736+0000] {dag.py:4180} INFO - Setting next_dagrun for example_display_name to None, run_after=None
[2024-12-10T08:09:57.763+0000] {processor.py:208} INFO - Processing /home/airflow/.local/lib/python3.12/site-packages/airflow/example_dags/example_display_name.py took 0.116 seconds
[2024-12-10T08:10:27.980+0000] {processor.py:186} INFO - Started process (PID=336) to work on /home/airflow/.local/lib/python3.12/site-packages/airflow/example_dags/example_display_name.py
[2024-12-10T08:10:27.981+0000] {processor.py:914} INFO - Processing file /home/airflow/.local/lib/python3.12/site-packages/airflow/example_dags/example_display_name.py for tasks to queue
[2024-12-10T08:10:27.985+0000] {logging_mixin.py:190} INFO - [2024-12-10T08:10:27.984+0000] {dagbag.py:588} INFO - Filling up the DagBag from /home/airflow/.local/lib/python3.12/site-packages/airflow/example_dags/example_display_name.py
[2024-12-10T08:10:27.996+0000] {processor.py:925} INFO - DAG(s) 'example_display_name' retrieved from /home/airflow/.local/lib/python3.12/site-packages/airflow/example_dags/example_display_name.py
[2024-12-10T08:10:28.019+0000] {logging_mixin.py:190} INFO - [2024-12-10T08:10:28.019+0000] {dag.py:3239} INFO - Sync 1 DAGs
[2024-12-10T08:10:28.040+0000] {logging_mixin.py:190} INFO - [2024-12-10T08:10:28.040+0000] {dag.py:4180} INFO - Setting next_dagrun for example_display_name to None, run_after=None
[2024-12-10T08:10:28.064+0000] {processor.py:208} INFO - Processing /home/airflow/.local/lib/python3.12/site-packages/airflow/example_dags/example_display_name.py took 0.093 seconds
[2024-12-10T08:10:58.729+0000] {processor.py:186} INFO - Started process (PID=399) to work on /home/airflow/.local/lib/python3.12/site-packages/airflow/example_dags/example_display_name.py
[2024-12-10T08:10:58.731+0000] {processor.py:914} INFO - Processing file /home/airflow/.local/lib/python3.12/site-packages/airflow/example_dags/example_display_name.py for tasks to queue
[2024-12-10T08:10:58.733+0000] {logging_mixin.py:190} INFO - [2024-12-10T08:10:58.733+0000] {dagbag.py:588} INFO - Filling up the DagBag from /home/airflow/.local/lib/python3.12/site-packages/airflow/example_dags/example_display_name.py
[2024-12-10T08:10:58.743+0000] {processor.py:925} INFO - DAG(s) 'example_display_name' retrieved from /home/airflow/.local/lib/python3.12/site-packages/airflow/example_dags/example_display_name.py
[2024-12-10T08:10:58.766+0000] {logging_mixin.py:190} INFO - [2024-12-10T08:10:58.766+0000] {dag.py:3239} INFO - Sync 1 DAGs
[2024-12-10T08:10:58.785+0000] {logging_mixin.py:190} INFO - [2024-12-10T08:10:58.785+0000] {dag.py:4180} INFO - Setting next_dagrun for example_display_name to None, run_after=None
[2024-12-10T08:10:58.806+0000] {processor.py:208} INFO - Processing /home/airflow/.local/lib/python3.12/site-packages/airflow/example_dags/example_display_name.py took 0.083 seconds
[2024-12-10T08:11:29.083+0000] {processor.py:186} INFO - Started process (PID=462) to work on /home/airflow/.local/lib/python3.12/site-packages/airflow/example_dags/example_display_name.py
[2024-12-10T08:11:29.084+0000] {processor.py:914} INFO - Processing file /home/airflow/.local/lib/python3.12/site-packages/airflow/example_dags/example_display_name.py for tasks to queue
[2024-12-10T08:11:29.089+0000] {logging_mixin.py:190} INFO - [2024-12-10T08:11:29.088+0000] {dagbag.py:588} INFO - Filling up the DagBag from /home/airflow/.local/lib/python3.12/site-packages/airflow/example_dags/example_display_name.py
[2024-12-10T08:11:29.103+0000] {processor.py:925} INFO - DAG(s) 'example_display_name' retrieved from /home/airflow/.local/lib/python3.12/site-packages/airflow/example_dags/example_display_name.py
[2024-12-10T08:11:29.137+0000] {logging_mixin.py:190} INFO - [2024-12-10T08:11:29.136+0000] {dag.py:3239} INFO - Sync 1 DAGs
[2024-12-10T08:11:29.183+0000] {logging_mixin.py:190} INFO - [2024-12-10T08:11:29.183+0000] {dag.py:4180} INFO - Setting next_dagrun for example_display_name to None, run_after=None
[2024-12-10T08:11:29.219+0000] {processor.py:208} INFO - Processing /home/airflow/.local/lib/python3.12/site-packages/airflow/example_dags/example_display_name.py took 0.146 seconds
[2024-12-10T08:11:59.534+0000] {processor.py:186} INFO - Started process (PID=525) to work on /home/airflow/.local/lib/python3.12/site-packages/airflow/example_dags/example_display_name.py
[2024-12-10T08:11:59.535+0000] {processor.py:914} INFO - Processing file /home/airflow/.local/lib/python3.12/site-packages/airflow/example_dags/example_display_name.py for tasks to queue
[2024-12-10T08:11:59.538+0000] {logging_mixin.py:190} INFO - [2024-12-10T08:11:59.538+0000] {dagbag.py:588} INFO - Filling up the DagBag from /home/airflow/.local/lib/python3.12/site-packages/airflow/example_dags/example_display_name.py
[2024-12-10T08:11:59.547+0000] {processor.py:925} INFO - DAG(s) 'example_display_name' retrieved from /home/airflow/.local/lib/python3.12/site-packages/airflow/example_dags/example_display_name.py
[2024-12-10T08:11:59.570+0000] {logging_mixin.py:190} INFO - [2024-12-10T08:11:59.570+0000] {dag.py:3239} INFO - Sync 1 DAGs
[2024-12-10T08:11:59.588+0000] {logging_mixin.py:190} INFO - [2024-12-10T08:11:59.588+0000] {dag.py:4180} INFO - Setting next_dagrun for example_display_name to None, run_after=None
[2024-12-10T08:11:59.611+0000] {processor.py:208} INFO - Processing /home/airflow/.local/lib/python3.12/site-packages/airflow/example_dags/example_display_name.py took 0.085 seconds
[2024-12-10T08:12:29.747+0000] {processor.py:186} INFO - Started process (PID=588) to work on /home/airflow/.local/lib/python3.12/site-packages/airflow/example_dags/example_display_name.py
[2024-12-10T08:12:29.748+0000] {processor.py:914} INFO - Processing file /home/airflow/.local/lib/python3.12/site-packages/airflow/example_dags/example_display_name.py for tasks to queue
[2024-12-10T08:12:29.751+0000] {logging_mixin.py:190} INFO - [2024-12-10T08:12:29.751+0000] {dagbag.py:588} INFO - Filling up the DagBag from /home/airflow/.local/lib/python3.12/site-packages/airflow/example_dags/example_display_name.py
[2024-12-10T08:12:29.760+0000] {processor.py:925} INFO - DAG(s) 'example_display_name' retrieved from /home/airflow/.local/lib/python3.12/site-packages/airflow/example_dags/example_display_name.py
[2024-12-10T08:12:29.783+0000] {logging_mixin.py:190} INFO - [2024-12-10T08:12:29.783+0000] {dag.py:3239} INFO - Sync 1 DAGs
[2024-12-10T08:12:29.802+0000] {logging_mixin.py:190} INFO - [2024-12-10T08:12:29.802+0000] {dag.py:4180} INFO - Setting next_dagrun for example_display_name to None, run_after=None
[2024-12-10T08:12:29.826+0000] {processor.py:208} INFO - Processing /home/airflow/.local/lib/python3.12/site-packages/airflow/example_dags/example_display_name.py took 0.086 seconds
[2024-12-10T08:13:00.514+0000] {processor.py:186} INFO - Started process (PID=651) to work on /home/airflow/.local/lib/python3.12/site-packages/airflow/example_dags/example_display_name.py
[2024-12-10T08:13:00.515+0000] {processor.py:914} INFO - Processing file /home/airflow/.local/lib/python3.12/site-packages/airflow/example_dags/example_display_name.py for tasks to queue
[2024-12-10T08:13:00.517+0000] {logging_mixin.py:190} INFO - [2024-12-10T08:13:00.517+0000] {dagbag.py:588} INFO - Filling up the DagBag from /home/airflow/.local/lib/python3.12/site-packages/airflow/example_dags/example_display_name.py
[2024-12-10T08:13:00.526+0000] {processor.py:925} INFO - DAG(s) 'example_display_name' retrieved from /home/airflow/.local/lib/python3.12/site-packages/airflow/example_dags/example_display_name.py
[2024-12-10T08:13:00.549+0000] {logging_mixin.py:190} INFO - [2024-12-10T08:13:00.548+0000] {dag.py:3239} INFO - Sync 1 DAGs
[2024-12-10T08:13:00.565+0000] {logging_mixin.py:190} INFO - [2024-12-10T08:13:00.565+0000] {dag.py:4180} INFO - Setting next_dagrun for example_display_name to None, run_after=None
[2024-12-10T08:13:00.586+0000] {processor.py:208} INFO - Processing /home/airflow/.local/lib/python3.12/site-packages/airflow/example_dags/example_display_name.py took 0.079 seconds
[2024-12-10T08:13:31.068+0000] {processor.py:186} INFO - Started process (PID=714) to work on /home/airflow/.local/lib/python3.12/site-packages/airflow/example_dags/example_display_name.py
[2024-12-10T08:13:31.070+0000] {processor.py:914} INFO - Processing file /home/airflow/.local/lib/python3.12/site-packages/airflow/example_dags/example_display_name.py for tasks to queue
[2024-12-10T08:13:31.072+0000] {logging_mixin.py:190} INFO - [2024-12-10T08:13:31.072+0000] {dagbag.py:588} INFO - Filling up the DagBag from /home/airflow/.local/lib/python3.12/site-packages/airflow/example_dags/example_display_name.py
[2024-12-10T08:13:31.082+0000] {processor.py:925} INFO - DAG(s) 'example_display_name' retrieved from /home/airflow/.local/lib/python3.12/site-packages/airflow/example_dags/example_display_name.py
[2024-12-10T08:13:31.103+0000] {logging_mixin.py:190} INFO - [2024-12-10T08:13:31.103+0000] {dag.py:3239} INFO - Sync 1 DAGs
[2024-12-10T08:13:31.120+0000] {logging_mixin.py:190} INFO - [2024-12-10T08:13:31.119+0000] {dag.py:4180} INFO - Setting next_dagrun for example_display_name to None, run_after=None
[2024-12-10T08:13:31.141+0000] {processor.py:208} INFO - Processing /home/airflow/.local/lib/python3.12/site-packages/airflow/example_dags/example_display_name.py took 0.079 seconds
[2024-12-10T08:14:01.628+0000] {processor.py:186} INFO - Started process (PID=777) to work on /home/airflow/.local/lib/python3.12/site-packages/airflow/example_dags/example_display_name.py
[2024-12-10T08:14:01.630+0000] {processor.py:914} INFO - Processing file /home/airflow/.local/lib/python3.12/site-packages/airflow/example_dags/example_display_name.py for tasks to queue
[2024-12-10T08:14:01.633+0000] {logging_mixin.py:190} INFO - [2024-12-10T08:14:01.632+0000] {dagbag.py:588} INFO - Filling up the DagBag from /home/airflow/.local/lib/python3.12/site-packages/airflow/example_dags/example_display_name.py
[2024-12-10T08:14:01.643+0000] {processor.py:925} INFO - DAG(s) 'example_display_name' retrieved from /home/airflow/.local/lib/python3.12/site-packages/airflow/example_dags/example_display_name.py
[2024-12-10T08:14:01.668+0000] {logging_mixin.py:190} INFO - [2024-12-10T08:14:01.667+0000] {dag.py:3239} INFO - Sync 1 DAGs
[2024-12-10T08:14:01.687+0000] {logging_mixin.py:190} INFO - [2024-12-10T08:14:01.687+0000] {dag.py:4180} INFO - Setting next_dagrun for example_display_name to None, run_after=None
[2024-12-10T08:14:01.712+0000] {processor.py:208} INFO - Processing /home/airflow/.local/lib/python3.12/site-packages/airflow/example_dags/example_display_name.py took 0.094 seconds
[2024-12-10T08:15:32.111+0000] {processor.py:186} INFO - Started process (PID=85) to work on /home/airflow/.local/lib/python3.12/site-packages/airflow/example_dags/example_display_name.py
[2024-12-10T08:15:32.113+0000] {processor.py:914} INFO - Processing file /home/airflow/.local/lib/python3.12/site-packages/airflow/example_dags/example_display_name.py for tasks to queue
[2024-12-10T08:15:32.116+0000] {logging_mixin.py:190} INFO - [2024-12-10T08:15:32.116+0000] {dagbag.py:588} INFO - Filling up the DagBag from /home/airflow/.local/lib/python3.12/site-packages/airflow/example_dags/example_display_name.py
[2024-12-10T08:15:32.127+0000] {processor.py:925} INFO - DAG(s) 'example_display_name' retrieved from /home/airflow/.local/lib/python3.12/site-packages/airflow/example_dags/example_display_name.py
[2024-12-10T08:15:32.153+0000] {logging_mixin.py:190} INFO - [2024-12-10T08:15:32.153+0000] {dag.py:3239} INFO - Sync 1 DAGs
[2024-12-10T08:15:32.179+0000] {logging_mixin.py:190} INFO - [2024-12-10T08:15:32.178+0000] {dag.py:4180} INFO - Setting next_dagrun for example_display_name to None, run_after=None
[2024-12-10T08:15:32.204+0000] {processor.py:208} INFO - Processing /home/airflow/.local/lib/python3.12/site-packages/airflow/example_dags/example_display_name.py took 0.101 seconds
[2024-12-10T08:16:02.547+0000] {processor.py:186} INFO - Started process (PID=147) to work on /home/airflow/.local/lib/python3.12/site-packages/airflow/example_dags/example_display_name.py
[2024-12-10T08:16:02.549+0000] {processor.py:914} INFO - Processing file /home/airflow/.local/lib/python3.12/site-packages/airflow/example_dags/example_display_name.py for tasks to queue
[2024-12-10T08:16:02.555+0000] {logging_mixin.py:190} INFO - [2024-12-10T08:16:02.554+0000] {dagbag.py:588} INFO - Filling up the DagBag from /home/airflow/.local/lib/python3.12/site-packages/airflow/example_dags/example_display_name.py
[2024-12-10T08:16:02.575+0000] {processor.py:925} INFO - DAG(s) 'example_display_name' retrieved from /home/airflow/.local/lib/python3.12/site-packages/airflow/example_dags/example_display_name.py
[2024-12-10T08:16:02.627+0000] {logging_mixin.py:190} INFO - [2024-12-10T08:16:02.627+0000] {dag.py:3239} INFO - Sync 1 DAGs
[2024-12-10T08:16:02.664+0000] {logging_mixin.py:190} INFO - [2024-12-10T08:16:02.664+0000] {dag.py:4180} INFO - Setting next_dagrun for example_display_name to None, run_after=None
[2024-12-10T08:16:02.711+0000] {processor.py:208} INFO - Processing /home/airflow/.local/lib/python3.12/site-packages/airflow/example_dags/example_display_name.py took 0.181 seconds
[2024-12-10T08:16:32.789+0000] {processor.py:186} INFO - Started process (PID=210) to work on /home/airflow/.local/lib/python3.12/site-packages/airflow/example_dags/example_display_name.py
[2024-12-10T08:16:32.790+0000] {processor.py:914} INFO - Processing file /home/airflow/.local/lib/python3.12/site-packages/airflow/example_dags/example_display_name.py for tasks to queue
[2024-12-10T08:16:32.793+0000] {logging_mixin.py:190} INFO - [2024-12-10T08:16:32.793+0000] {dagbag.py:588} INFO - Filling up the DagBag from /home/airflow/.local/lib/python3.12/site-packages/airflow/example_dags/example_display_name.py
[2024-12-10T08:16:32.803+0000] {processor.py:925} INFO - DAG(s) 'example_display_name' retrieved from /home/airflow/.local/lib/python3.12/site-packages/airflow/example_dags/example_display_name.py
[2024-12-10T08:16:32.825+0000] {logging_mixin.py:190} INFO - [2024-12-10T08:16:32.825+0000] {dag.py:3239} INFO - Sync 1 DAGs
[2024-12-10T08:16:32.843+0000] {logging_mixin.py:190} INFO - [2024-12-10T08:16:32.843+0000] {dag.py:4180} INFO - Setting next_dagrun for example_display_name to None, run_after=None
[2024-12-10T08:16:32.864+0000] {processor.py:208} INFO - Processing /home/airflow/.local/lib/python3.12/site-packages/airflow/example_dags/example_display_name.py took 0.083 seconds
[2024-12-10T08:17:03.297+0000] {processor.py:186} INFO - Started process (PID=273) to work on /home/airflow/.local/lib/python3.12/site-packages/airflow/example_dags/example_display_name.py
[2024-12-10T08:17:03.299+0000] {processor.py:914} INFO - Processing file /home/airflow/.local/lib/python3.12/site-packages/airflow/example_dags/example_display_name.py for tasks to queue
[2024-12-10T08:17:03.302+0000] {logging_mixin.py:190} INFO - [2024-12-10T08:17:03.301+0000] {dagbag.py:588} INFO - Filling up the DagBag from /home/airflow/.local/lib/python3.12/site-packages/airflow/example_dags/example_display_name.py
[2024-12-10T08:17:03.313+0000] {processor.py:925} INFO - DAG(s) 'example_display_name' retrieved from /home/airflow/.local/lib/python3.12/site-packages/airflow/example_dags/example_display_name.py
[2024-12-10T08:17:03.336+0000] {logging_mixin.py:190} INFO - [2024-12-10T08:17:03.335+0000] {dag.py:3239} INFO - Sync 1 DAGs
[2024-12-10T08:17:03.354+0000] {logging_mixin.py:190} INFO - [2024-12-10T08:17:03.354+0000] {dag.py:4180} INFO - Setting next_dagrun for example_display_name to None, run_after=None
[2024-12-10T08:17:03.377+0000] {processor.py:208} INFO - Processing /home/airflow/.local/lib/python3.12/site-packages/airflow/example_dags/example_display_name.py took 0.087 seconds
[2024-12-10T08:17:33.849+0000] {processor.py:186} INFO - Started process (PID=336) to work on /home/airflow/.local/lib/python3.12/site-packages/airflow/example_dags/example_display_name.py
[2024-12-10T08:17:33.851+0000] {processor.py:914} INFO - Processing file /home/airflow/.local/lib/python3.12/site-packages/airflow/example_dags/example_display_name.py for tasks to queue
[2024-12-10T08:17:33.855+0000] {logging_mixin.py:190} INFO - [2024-12-10T08:17:33.855+0000] {dagbag.py:588} INFO - Filling up the DagBag from /home/airflow/.local/lib/python3.12/site-packages/airflow/example_dags/example_display_name.py
[2024-12-10T08:17:33.869+0000] {processor.py:925} INFO - DAG(s) 'example_display_name' retrieved from /home/airflow/.local/lib/python3.12/site-packages/airflow/example_dags/example_display_name.py
[2024-12-10T08:17:33.898+0000] {logging_mixin.py:190} INFO - [2024-12-10T08:17:33.897+0000] {dag.py:3239} INFO - Sync 1 DAGs
[2024-12-10T08:17:33.917+0000] {logging_mixin.py:190} INFO - [2024-12-10T08:17:33.917+0000] {dag.py:4180} INFO - Setting next_dagrun for example_display_name to None, run_after=None
[2024-12-10T08:17:33.940+0000] {processor.py:208} INFO - Processing /home/airflow/.local/lib/python3.12/site-packages/airflow/example_dags/example_display_name.py took 0.099 seconds
[2024-12-10T08:18:04.063+0000] {processor.py:186} INFO - Started process (PID=399) to work on /home/airflow/.local/lib/python3.12/site-packages/airflow/example_dags/example_display_name.py
[2024-12-10T08:18:04.064+0000] {processor.py:914} INFO - Processing file /home/airflow/.local/lib/python3.12/site-packages/airflow/example_dags/example_display_name.py for tasks to queue
[2024-12-10T08:18:04.067+0000] {logging_mixin.py:190} INFO - [2024-12-10T08:18:04.067+0000] {dagbag.py:588} INFO - Filling up the DagBag from /home/airflow/.local/lib/python3.12/site-packages/airflow/example_dags/example_display_name.py
[2024-12-10T08:18:04.077+0000] {processor.py:925} INFO - DAG(s) 'example_display_name' retrieved from /home/airflow/.local/lib/python3.12/site-packages/airflow/example_dags/example_display_name.py
[2024-12-10T08:18:04.101+0000] {logging_mixin.py:190} INFO - [2024-12-10T08:18:04.101+0000] {dag.py:3239} INFO - Sync 1 DAGs
[2024-12-10T08:18:04.120+0000] {logging_mixin.py:190} INFO - [2024-12-10T08:18:04.120+0000] {dag.py:4180} INFO - Setting next_dagrun for example_display_name to None, run_after=None
[2024-12-10T08:18:04.142+0000] {processor.py:208} INFO - Processing /home/airflow/.local/lib/python3.12/site-packages/airflow/example_dags/example_display_name.py took 0.086 seconds
[2024-12-10T08:18:34.565+0000] {processor.py:186} INFO - Started process (PID=462) to work on /home/airflow/.local/lib/python3.12/site-packages/airflow/example_dags/example_display_name.py
[2024-12-10T08:18:34.566+0000] {processor.py:914} INFO - Processing file /home/airflow/.local/lib/python3.12/site-packages/airflow/example_dags/example_display_name.py for tasks to queue
[2024-12-10T08:18:34.569+0000] {logging_mixin.py:190} INFO - [2024-12-10T08:18:34.568+0000] {dagbag.py:588} INFO - Filling up the DagBag from /home/airflow/.local/lib/python3.12/site-packages/airflow/example_dags/example_display_name.py
[2024-12-10T08:18:34.579+0000] {processor.py:925} INFO - DAG(s) 'example_display_name' retrieved from /home/airflow/.local/lib/python3.12/site-packages/airflow/example_dags/example_display_name.py
[2024-12-10T08:18:34.602+0000] {logging_mixin.py:190} INFO - [2024-12-10T08:18:34.602+0000] {dag.py:3239} INFO - Sync 1 DAGs
[2024-12-10T08:18:34.622+0000] {logging_mixin.py:190} INFO - [2024-12-10T08:18:34.622+0000] {dag.py:4180} INFO - Setting next_dagrun for example_display_name to None, run_after=None
[2024-12-10T08:18:34.643+0000] {processor.py:208} INFO - Processing /home/airflow/.local/lib/python3.12/site-packages/airflow/example_dags/example_display_name.py took 0.086 seconds
[2024-12-10T08:19:04.750+0000] {processor.py:186} INFO - Started process (PID=525) to work on /home/airflow/.local/lib/python3.12/site-packages/airflow/example_dags/example_display_name.py
[2024-12-10T08:19:04.751+0000] {processor.py:914} INFO - Processing file /home/airflow/.local/lib/python3.12/site-packages/airflow/example_dags/example_display_name.py for tasks to queue
[2024-12-10T08:19:04.754+0000] {logging_mixin.py:190} INFO - [2024-12-10T08:19:04.753+0000] {dagbag.py:588} INFO - Filling up the DagBag from /home/airflow/.local/lib/python3.12/site-packages/airflow/example_dags/example_display_name.py
[2024-12-10T08:19:04.763+0000] {processor.py:925} INFO - DAG(s) 'example_display_name' retrieved from /home/airflow/.local/lib/python3.12/site-packages/airflow/example_dags/example_display_name.py
[2024-12-10T08:19:04.786+0000] {logging_mixin.py:190} INFO - [2024-12-10T08:19:04.786+0000] {dag.py:3239} INFO - Sync 1 DAGs
[2024-12-10T08:19:04.804+0000] {logging_mixin.py:190} INFO - [2024-12-10T08:19:04.803+0000] {dag.py:4180} INFO - Setting next_dagrun for example_display_name to None, run_after=None
[2024-12-10T08:19:04.825+0000] {processor.py:208} INFO - Processing /home/airflow/.local/lib/python3.12/site-packages/airflow/example_dags/example_display_name.py took 0.082 seconds
[2024-12-10T08:19:35.886+0000] {processor.py:186} INFO - Started process (PID=588) to work on /home/airflow/.local/lib/python3.12/site-packages/airflow/example_dags/example_display_name.py
[2024-12-10T08:19:35.887+0000] {processor.py:914} INFO - Processing file /home/airflow/.local/lib/python3.12/site-packages/airflow/example_dags/example_display_name.py for tasks to queue
[2024-12-10T08:19:35.891+0000] {logging_mixin.py:190} INFO - [2024-12-10T08:19:35.890+0000] {dagbag.py:588} INFO - Filling up the DagBag from /home/airflow/.local/lib/python3.12/site-packages/airflow/example_dags/example_display_name.py
[2024-12-10T08:19:35.904+0000] {processor.py:925} INFO - DAG(s) 'example_display_name' retrieved from /home/airflow/.local/lib/python3.12/site-packages/airflow/example_dags/example_display_name.py
[2024-12-10T08:19:35.928+0000] {logging_mixin.py:190} INFO - [2024-12-10T08:19:35.927+0000] {dag.py:3239} INFO - Sync 1 DAGs
[2024-12-10T08:19:35.946+0000] {logging_mixin.py:190} INFO - [2024-12-10T08:19:35.946+0000] {dag.py:4180} INFO - Setting next_dagrun for example_display_name to None, run_after=None
[2024-12-10T08:19:35.968+0000] {processor.py:208} INFO - Processing /home/airflow/.local/lib/python3.12/site-packages/airflow/example_dags/example_display_name.py took 0.090 seconds
[2024-12-10T08:20:06.260+0000] {processor.py:186} INFO - Started process (PID=651) to work on /home/airflow/.local/lib/python3.12/site-packages/airflow/example_dags/example_display_name.py
[2024-12-10T08:20:06.261+0000] {processor.py:914} INFO - Processing file /home/airflow/.local/lib/python3.12/site-packages/airflow/example_dags/example_display_name.py for tasks to queue
[2024-12-10T08:20:06.265+0000] {logging_mixin.py:190} INFO - [2024-12-10T08:20:06.264+0000] {dagbag.py:588} INFO - Filling up the DagBag from /home/airflow/.local/lib/python3.12/site-packages/airflow/example_dags/example_display_name.py
[2024-12-10T08:20:06.274+0000] {processor.py:925} INFO - DAG(s) 'example_display_name' retrieved from /home/airflow/.local/lib/python3.12/site-packages/airflow/example_dags/example_display_name.py
[2024-12-10T08:20:06.302+0000] {logging_mixin.py:190} INFO - [2024-12-10T08:20:06.302+0000] {dag.py:3239} INFO - Sync 1 DAGs
[2024-12-10T08:20:06.321+0000] {logging_mixin.py:190} INFO - [2024-12-10T08:20:06.320+0000] {dag.py:4180} INFO - Setting next_dagrun for example_display_name to None, run_after=None
[2024-12-10T08:20:06.345+0000] {processor.py:208} INFO - Processing /home/airflow/.local/lib/python3.12/site-packages/airflow/example_dags/example_display_name.py took 0.095 seconds
