[2024-12-10T07:56:04.174+0000] {processor.py:186} INFO - Started process (PID=87) to work on /home/airflow/.local/lib/python3.12/site-packages/airflow/example_dags/example_xcomargs.py
[2024-12-10T07:56:04.176+0000] {processor.py:914} INFO - Processing file /home/airflow/.local/lib/python3.12/site-packages/airflow/example_dags/example_xcomargs.py for tasks to queue
[2024-12-10T07:56:04.184+0000] {logging_mixin.py:190} INFO - [2024-12-10T07:56:04.184+0000] {dagbag.py:588} INFO - Filling up the DagBag from /home/airflow/.local/lib/python3.12/site-packages/airflow/example_dags/example_xcomargs.py
[2024-12-10T07:56:04.198+0000] {processor.py:925} INFO - DAG(s) 'example_xcom_args_with_operators', 'example_xcom_args' retrieved from /home/airflow/.local/lib/python3.12/site-packages/airflow/example_dags/example_xcomargs.py
[2024-12-10T07:56:04.341+0000] {logging_mixin.py:190} INFO - [2024-12-10T07:56:04.340+0000] {override.py:1911} INFO - Created Permission View: can read on DAG:example_xcom_args_with_operators
[2024-12-10T07:56:04.354+0000] {logging_mixin.py:190} INFO - [2024-12-10T07:56:04.353+0000] {override.py:1911} INFO - Created Permission View: can edit on DAG:example_xcom_args_with_operators
[2024-12-10T07:56:04.363+0000] {logging_mixin.py:190} INFO - [2024-12-10T07:56:04.363+0000] {override.py:1911} INFO - Created Permission View: can delete on DAG:example_xcom_args_with_operators
[2024-12-10T07:56:04.373+0000] {logging_mixin.py:190} INFO - [2024-12-10T07:56:04.372+0000] {override.py:1911} INFO - Created Permission View: can read on DAG Run:example_xcom_args_with_operators
[2024-12-10T07:56:04.381+0000] {logging_mixin.py:190} INFO - [2024-12-10T07:56:04.381+0000] {override.py:1911} INFO - Created Permission View: menu access on DAG Run:example_xcom_args_with_operators
[2024-12-10T07:56:04.390+0000] {logging_mixin.py:190} INFO - [2024-12-10T07:56:04.390+0000] {override.py:1911} INFO - Created Permission View: can delete on DAG Run:example_xcom_args_with_operators
[2024-12-10T07:56:04.399+0000] {logging_mixin.py:190} INFO - [2024-12-10T07:56:04.399+0000] {override.py:1911} INFO - Created Permission View: can create on DAG Run:example_xcom_args_with_operators
[2024-12-10T07:56:04.416+0000] {logging_mixin.py:190} INFO - [2024-12-10T07:56:04.416+0000] {override.py:1911} INFO - Created Permission View: can read on DAG:example_xcom_args
[2024-12-10T07:56:04.423+0000] {logging_mixin.py:190} INFO - [2024-12-10T07:56:04.423+0000] {override.py:1911} INFO - Created Permission View: can edit on DAG:example_xcom_args
[2024-12-10T07:56:04.432+0000] {logging_mixin.py:190} INFO - [2024-12-10T07:56:04.431+0000] {override.py:1911} INFO - Created Permission View: can delete on DAG:example_xcom_args
[2024-12-10T07:56:04.441+0000] {logging_mixin.py:190} INFO - [2024-12-10T07:56:04.440+0000] {override.py:1911} INFO - Created Permission View: can read on DAG Run:example_xcom_args
[2024-12-10T07:56:04.450+0000] {logging_mixin.py:190} INFO - [2024-12-10T07:56:04.450+0000] {override.py:1911} INFO - Created Permission View: menu access on DAG Run:example_xcom_args
[2024-12-10T07:56:04.459+0000] {logging_mixin.py:190} INFO - [2024-12-10T07:56:04.458+0000] {override.py:1911} INFO - Created Permission View: can delete on DAG Run:example_xcom_args
[2024-12-10T07:56:04.469+0000] {logging_mixin.py:190} INFO - [2024-12-10T07:56:04.468+0000] {override.py:1911} INFO - Created Permission View: can create on DAG Run:example_xcom_args
[2024-12-10T07:56:04.470+0000] {logging_mixin.py:190} INFO - [2024-12-10T07:56:04.469+0000] {dag.py:3239} INFO - Sync 2 DAGs
[2024-12-10T07:56:04.487+0000] {logging_mixin.py:190} INFO - [2024-12-10T07:56:04.487+0000] {dag.py:3262} INFO - Creating ORM DAG for example_xcom_args_with_operators
[2024-12-10T07:56:04.488+0000] {logging_mixin.py:190} INFO - [2024-12-10T07:56:04.488+0000] {dag.py:3262} INFO - Creating ORM DAG for example_xcom_args
[2024-12-10T07:56:04.489+0000] {logging_mixin.py:190} INFO - [2024-12-10T07:56:04.489+0000] {dag.py:4180} INFO - Setting next_dagrun for example_xcom_args to None, run_after=None
[2024-12-10T07:56:04.491+0000] {logging_mixin.py:190} INFO - [2024-12-10T07:56:04.491+0000] {dag.py:4180} INFO - Setting next_dagrun for example_xcom_args_with_operators to None, run_after=None
[2024-12-10T07:56:04.512+0000] {processor.py:208} INFO - Processing /home/airflow/.local/lib/python3.12/site-packages/airflow/example_dags/example_xcomargs.py took 0.346 seconds
[2024-12-10T07:56:34.903+0000] {processor.py:186} INFO - Started process (PID=149) to work on /home/airflow/.local/lib/python3.12/site-packages/airflow/example_dags/example_xcomargs.py
[2024-12-10T07:56:34.905+0000] {processor.py:914} INFO - Processing file /home/airflow/.local/lib/python3.12/site-packages/airflow/example_dags/example_xcomargs.py for tasks to queue
[2024-12-10T07:56:34.908+0000] {logging_mixin.py:190} INFO - [2024-12-10T07:56:34.908+0000] {dagbag.py:588} INFO - Filling up the DagBag from /home/airflow/.local/lib/python3.12/site-packages/airflow/example_dags/example_xcomargs.py
[2024-12-10T07:56:34.921+0000] {processor.py:925} INFO - DAG(s) 'example_xcom_args_with_operators', 'example_xcom_args' retrieved from /home/airflow/.local/lib/python3.12/site-packages/airflow/example_dags/example_xcomargs.py
[2024-12-10T07:56:34.951+0000] {logging_mixin.py:190} INFO - [2024-12-10T07:56:34.950+0000] {dag.py:3239} INFO - Sync 2 DAGs
[2024-12-10T07:56:34.971+0000] {logging_mixin.py:190} INFO - [2024-12-10T07:56:34.971+0000] {dag.py:4180} INFO - Setting next_dagrun for example_xcom_args to None, run_after=None
[2024-12-10T07:56:34.977+0000] {logging_mixin.py:190} INFO - [2024-12-10T07:56:34.976+0000] {dag.py:4180} INFO - Setting next_dagrun for example_xcom_args_with_operators to None, run_after=None
[2024-12-10T07:56:34.997+0000] {processor.py:208} INFO - Processing /home/airflow/.local/lib/python3.12/site-packages/airflow/example_dags/example_xcomargs.py took 0.101 seconds
[2024-12-10T07:57:05.460+0000] {processor.py:186} INFO - Started process (PID=212) to work on /home/airflow/.local/lib/python3.12/site-packages/airflow/example_dags/example_xcomargs.py
[2024-12-10T07:57:05.462+0000] {processor.py:914} INFO - Processing file /home/airflow/.local/lib/python3.12/site-packages/airflow/example_dags/example_xcomargs.py for tasks to queue
[2024-12-10T07:57:05.464+0000] {logging_mixin.py:190} INFO - [2024-12-10T07:57:05.464+0000] {dagbag.py:588} INFO - Filling up the DagBag from /home/airflow/.local/lib/python3.12/site-packages/airflow/example_dags/example_xcomargs.py
[2024-12-10T07:57:05.477+0000] {processor.py:925} INFO - DAG(s) 'example_xcom_args', 'example_xcom_args_with_operators' retrieved from /home/airflow/.local/lib/python3.12/site-packages/airflow/example_dags/example_xcomargs.py
[2024-12-10T07:57:05.504+0000] {logging_mixin.py:190} INFO - [2024-12-10T07:57:05.504+0000] {dag.py:3239} INFO - Sync 2 DAGs
[2024-12-10T07:57:05.529+0000] {logging_mixin.py:190} INFO - [2024-12-10T07:57:05.528+0000] {dag.py:4180} INFO - Setting next_dagrun for example_xcom_args to None, run_after=None
[2024-12-10T07:57:05.534+0000] {logging_mixin.py:190} INFO - [2024-12-10T07:57:05.534+0000] {dag.py:4180} INFO - Setting next_dagrun for example_xcom_args_with_operators to None, run_after=None
[2024-12-10T07:57:05.554+0000] {processor.py:208} INFO - Processing /home/airflow/.local/lib/python3.12/site-packages/airflow/example_dags/example_xcomargs.py took 0.101 seconds
[2024-12-10T07:57:35.831+0000] {processor.py:186} INFO - Started process (PID=275) to work on /home/airflow/.local/lib/python3.12/site-packages/airflow/example_dags/example_xcomargs.py
[2024-12-10T07:57:35.832+0000] {processor.py:914} INFO - Processing file /home/airflow/.local/lib/python3.12/site-packages/airflow/example_dags/example_xcomargs.py for tasks to queue
[2024-12-10T07:57:35.835+0000] {logging_mixin.py:190} INFO - [2024-12-10T07:57:35.834+0000] {dagbag.py:588} INFO - Filling up the DagBag from /home/airflow/.local/lib/python3.12/site-packages/airflow/example_dags/example_xcomargs.py
[2024-12-10T07:57:35.851+0000] {processor.py:925} INFO - DAG(s) 'example_xcom_args_with_operators', 'example_xcom_args' retrieved from /home/airflow/.local/lib/python3.12/site-packages/airflow/example_dags/example_xcomargs.py
[2024-12-10T07:57:35.890+0000] {logging_mixin.py:190} INFO - [2024-12-10T07:57:35.890+0000] {dag.py:3239} INFO - Sync 2 DAGs
[2024-12-10T07:57:35.913+0000] {logging_mixin.py:190} INFO - [2024-12-10T07:57:35.912+0000] {dag.py:4180} INFO - Setting next_dagrun for example_xcom_args to None, run_after=None
[2024-12-10T07:57:35.919+0000] {logging_mixin.py:190} INFO - [2024-12-10T07:57:35.919+0000] {dag.py:4180} INFO - Setting next_dagrun for example_xcom_args_with_operators to None, run_after=None
[2024-12-10T07:57:35.950+0000] {processor.py:208} INFO - Processing /home/airflow/.local/lib/python3.12/site-packages/airflow/example_dags/example_xcomargs.py took 0.128 seconds
[2024-12-10T07:58:06.802+0000] {processor.py:186} INFO - Started process (PID=338) to work on /home/airflow/.local/lib/python3.12/site-packages/airflow/example_dags/example_xcomargs.py
[2024-12-10T07:58:06.804+0000] {processor.py:914} INFO - Processing file /home/airflow/.local/lib/python3.12/site-packages/airflow/example_dags/example_xcomargs.py for tasks to queue
[2024-12-10T07:58:06.806+0000] {logging_mixin.py:190} INFO - [2024-12-10T07:58:06.806+0000] {dagbag.py:588} INFO - Filling up the DagBag from /home/airflow/.local/lib/python3.12/site-packages/airflow/example_dags/example_xcomargs.py
[2024-12-10T07:58:06.818+0000] {processor.py:925} INFO - DAG(s) 'example_xcom_args_with_operators', 'example_xcom_args' retrieved from /home/airflow/.local/lib/python3.12/site-packages/airflow/example_dags/example_xcomargs.py
[2024-12-10T07:58:06.843+0000] {logging_mixin.py:190} INFO - [2024-12-10T07:58:06.843+0000] {dag.py:3239} INFO - Sync 2 DAGs
[2024-12-10T07:58:06.861+0000] {logging_mixin.py:190} INFO - [2024-12-10T07:58:06.861+0000] {dag.py:4180} INFO - Setting next_dagrun for example_xcom_args to None, run_after=None
[2024-12-10T07:58:06.866+0000] {logging_mixin.py:190} INFO - [2024-12-10T07:58:06.866+0000] {dag.py:4180} INFO - Setting next_dagrun for example_xcom_args_with_operators to None, run_after=None
[2024-12-10T07:58:06.886+0000] {processor.py:208} INFO - Processing /home/airflow/.local/lib/python3.12/site-packages/airflow/example_dags/example_xcomargs.py took 0.091 seconds
[2024-12-10T07:58:37.604+0000] {processor.py:186} INFO - Started process (PID=401) to work on /home/airflow/.local/lib/python3.12/site-packages/airflow/example_dags/example_xcomargs.py
[2024-12-10T07:58:37.605+0000] {processor.py:914} INFO - Processing file /home/airflow/.local/lib/python3.12/site-packages/airflow/example_dags/example_xcomargs.py for tasks to queue
[2024-12-10T07:58:37.608+0000] {logging_mixin.py:190} INFO - [2024-12-10T07:58:37.608+0000] {dagbag.py:588} INFO - Filling up the DagBag from /home/airflow/.local/lib/python3.12/site-packages/airflow/example_dags/example_xcomargs.py
[2024-12-10T07:58:37.620+0000] {processor.py:925} INFO - DAG(s) 'example_xcom_args_with_operators', 'example_xcom_args' retrieved from /home/airflow/.local/lib/python3.12/site-packages/airflow/example_dags/example_xcomargs.py
[2024-12-10T07:58:37.646+0000] {logging_mixin.py:190} INFO - [2024-12-10T07:58:37.645+0000] {dag.py:3239} INFO - Sync 2 DAGs
[2024-12-10T07:58:37.663+0000] {logging_mixin.py:190} INFO - [2024-12-10T07:58:37.662+0000] {dag.py:4180} INFO - Setting next_dagrun for example_xcom_args to None, run_after=None
[2024-12-10T07:58:37.667+0000] {logging_mixin.py:190} INFO - [2024-12-10T07:58:37.667+0000] {dag.py:4180} INFO - Setting next_dagrun for example_xcom_args_with_operators to None, run_after=None
[2024-12-10T07:58:37.686+0000] {processor.py:208} INFO - Processing /home/airflow/.local/lib/python3.12/site-packages/airflow/example_dags/example_xcomargs.py took 0.088 seconds
[2024-12-10T07:59:07.935+0000] {processor.py:186} INFO - Started process (PID=464) to work on /home/airflow/.local/lib/python3.12/site-packages/airflow/example_dags/example_xcomargs.py
[2024-12-10T07:59:07.937+0000] {processor.py:914} INFO - Processing file /home/airflow/.local/lib/python3.12/site-packages/airflow/example_dags/example_xcomargs.py for tasks to queue
[2024-12-10T07:59:07.941+0000] {logging_mixin.py:190} INFO - [2024-12-10T07:59:07.940+0000] {dagbag.py:588} INFO - Filling up the DagBag from /home/airflow/.local/lib/python3.12/site-packages/airflow/example_dags/example_xcomargs.py
[2024-12-10T07:59:07.953+0000] {processor.py:925} INFO - DAG(s) 'example_xcom_args_with_operators', 'example_xcom_args' retrieved from /home/airflow/.local/lib/python3.12/site-packages/airflow/example_dags/example_xcomargs.py
[2024-12-10T07:59:07.981+0000] {logging_mixin.py:190} INFO - [2024-12-10T07:59:07.981+0000] {dag.py:3239} INFO - Sync 2 DAGs
[2024-12-10T07:59:07.999+0000] {logging_mixin.py:190} INFO - [2024-12-10T07:59:07.999+0000] {dag.py:4180} INFO - Setting next_dagrun for example_xcom_args to None, run_after=None
[2024-12-10T07:59:08.005+0000] {logging_mixin.py:190} INFO - [2024-12-10T07:59:08.005+0000] {dag.py:4180} INFO - Setting next_dagrun for example_xcom_args_with_operators to None, run_after=None
[2024-12-10T07:59:08.026+0000] {processor.py:208} INFO - Processing /home/airflow/.local/lib/python3.12/site-packages/airflow/example_dags/example_xcomargs.py took 0.099 seconds
[2024-12-10T07:59:38.379+0000] {processor.py:186} INFO - Started process (PID=527) to work on /home/airflow/.local/lib/python3.12/site-packages/airflow/example_dags/example_xcomargs.py
[2024-12-10T07:59:38.380+0000] {processor.py:914} INFO - Processing file /home/airflow/.local/lib/python3.12/site-packages/airflow/example_dags/example_xcomargs.py for tasks to queue
[2024-12-10T07:59:38.383+0000] {logging_mixin.py:190} INFO - [2024-12-10T07:59:38.383+0000] {dagbag.py:588} INFO - Filling up the DagBag from /home/airflow/.local/lib/python3.12/site-packages/airflow/example_dags/example_xcomargs.py
[2024-12-10T07:59:38.397+0000] {processor.py:925} INFO - DAG(s) 'example_xcom_args', 'example_xcom_args_with_operators' retrieved from /home/airflow/.local/lib/python3.12/site-packages/airflow/example_dags/example_xcomargs.py
[2024-12-10T07:59:38.425+0000] {logging_mixin.py:190} INFO - [2024-12-10T07:59:38.425+0000] {dag.py:3239} INFO - Sync 2 DAGs
[2024-12-10T07:59:38.443+0000] {logging_mixin.py:190} INFO - [2024-12-10T07:59:38.443+0000] {dag.py:4180} INFO - Setting next_dagrun for example_xcom_args to None, run_after=None
[2024-12-10T07:59:38.448+0000] {logging_mixin.py:190} INFO - [2024-12-10T07:59:38.448+0000] {dag.py:4180} INFO - Setting next_dagrun for example_xcom_args_with_operators to None, run_after=None
[2024-12-10T07:59:38.467+0000] {processor.py:208} INFO - Processing /home/airflow/.local/lib/python3.12/site-packages/airflow/example_dags/example_xcomargs.py took 0.097 seconds
[2024-12-10T08:00:08.580+0000] {processor.py:186} INFO - Started process (PID=590) to work on /home/airflow/.local/lib/python3.12/site-packages/airflow/example_dags/example_xcomargs.py
[2024-12-10T08:00:08.581+0000] {processor.py:914} INFO - Processing file /home/airflow/.local/lib/python3.12/site-packages/airflow/example_dags/example_xcomargs.py for tasks to queue
[2024-12-10T08:00:08.584+0000] {logging_mixin.py:190} INFO - [2024-12-10T08:00:08.583+0000] {dagbag.py:588} INFO - Filling up the DagBag from /home/airflow/.local/lib/python3.12/site-packages/airflow/example_dags/example_xcomargs.py
[2024-12-10T08:00:08.597+0000] {processor.py:925} INFO - DAG(s) 'example_xcom_args', 'example_xcom_args_with_operators' retrieved from /home/airflow/.local/lib/python3.12/site-packages/airflow/example_dags/example_xcomargs.py
[2024-12-10T08:00:08.626+0000] {logging_mixin.py:190} INFO - [2024-12-10T08:00:08.626+0000] {dag.py:3239} INFO - Sync 2 DAGs
[2024-12-10T08:00:08.643+0000] {logging_mixin.py:190} INFO - [2024-12-10T08:00:08.643+0000] {dag.py:4180} INFO - Setting next_dagrun for example_xcom_args to None, run_after=None
[2024-12-10T08:00:08.648+0000] {logging_mixin.py:190} INFO - [2024-12-10T08:00:08.647+0000] {dag.py:4180} INFO - Setting next_dagrun for example_xcom_args_with_operators to None, run_after=None
[2024-12-10T08:00:08.669+0000] {processor.py:208} INFO - Processing /home/airflow/.local/lib/python3.12/site-packages/airflow/example_dags/example_xcomargs.py took 0.096 seconds
[2024-12-10T08:00:39.399+0000] {processor.py:186} INFO - Started process (PID=653) to work on /home/airflow/.local/lib/python3.12/site-packages/airflow/example_dags/example_xcomargs.py
[2024-12-10T08:00:39.400+0000] {processor.py:914} INFO - Processing file /home/airflow/.local/lib/python3.12/site-packages/airflow/example_dags/example_xcomargs.py for tasks to queue
[2024-12-10T08:00:39.402+0000] {logging_mixin.py:190} INFO - [2024-12-10T08:00:39.402+0000] {dagbag.py:588} INFO - Filling up the DagBag from /home/airflow/.local/lib/python3.12/site-packages/airflow/example_dags/example_xcomargs.py
[2024-12-10T08:00:39.412+0000] {processor.py:925} INFO - DAG(s) 'example_xcom_args', 'example_xcom_args_with_operators' retrieved from /home/airflow/.local/lib/python3.12/site-packages/airflow/example_dags/example_xcomargs.py
[2024-12-10T08:00:39.433+0000] {logging_mixin.py:190} INFO - [2024-12-10T08:00:39.432+0000] {dag.py:3239} INFO - Sync 2 DAGs
[2024-12-10T08:00:39.448+0000] {logging_mixin.py:190} INFO - [2024-12-10T08:00:39.447+0000] {dag.py:4180} INFO - Setting next_dagrun for example_xcom_args to None, run_after=None
[2024-12-10T08:00:39.452+0000] {logging_mixin.py:190} INFO - [2024-12-10T08:00:39.451+0000] {dag.py:4180} INFO - Setting next_dagrun for example_xcom_args_with_operators to None, run_after=None
[2024-12-10T08:00:39.475+0000] {processor.py:208} INFO - Processing /home/airflow/.local/lib/python3.12/site-packages/airflow/example_dags/example_xcomargs.py took 0.081 seconds
[2024-12-10T08:01:09.895+0000] {processor.py:186} INFO - Started process (PID=716) to work on /home/airflow/.local/lib/python3.12/site-packages/airflow/example_dags/example_xcomargs.py
[2024-12-10T08:01:09.897+0000] {processor.py:914} INFO - Processing file /home/airflow/.local/lib/python3.12/site-packages/airflow/example_dags/example_xcomargs.py for tasks to queue
[2024-12-10T08:01:09.902+0000] {logging_mixin.py:190} INFO - [2024-12-10T08:01:09.902+0000] {dagbag.py:588} INFO - Filling up the DagBag from /home/airflow/.local/lib/python3.12/site-packages/airflow/example_dags/example_xcomargs.py
[2024-12-10T08:01:09.918+0000] {processor.py:925} INFO - DAG(s) 'example_xcom_args', 'example_xcom_args_with_operators' retrieved from /home/airflow/.local/lib/python3.12/site-packages/airflow/example_dags/example_xcomargs.py
[2024-12-10T08:01:09.954+0000] {logging_mixin.py:190} INFO - [2024-12-10T08:01:09.953+0000] {dag.py:3239} INFO - Sync 2 DAGs
[2024-12-10T08:01:09.978+0000] {logging_mixin.py:190} INFO - [2024-12-10T08:01:09.978+0000] {dag.py:4180} INFO - Setting next_dagrun for example_xcom_args to None, run_after=None
[2024-12-10T08:01:09.984+0000] {logging_mixin.py:190} INFO - [2024-12-10T08:01:09.984+0000] {dag.py:4180} INFO - Setting next_dagrun for example_xcom_args_with_operators to None, run_after=None
[2024-12-10T08:01:10.007+0000] {processor.py:208} INFO - Processing /home/airflow/.local/lib/python3.12/site-packages/airflow/example_dags/example_xcomargs.py took 0.120 seconds
[2024-12-10T08:01:40.110+0000] {processor.py:186} INFO - Started process (PID=779) to work on /home/airflow/.local/lib/python3.12/site-packages/airflow/example_dags/example_xcomargs.py
[2024-12-10T08:01:40.111+0000] {processor.py:914} INFO - Processing file /home/airflow/.local/lib/python3.12/site-packages/airflow/example_dags/example_xcomargs.py for tasks to queue
[2024-12-10T08:01:40.114+0000] {logging_mixin.py:190} INFO - [2024-12-10T08:01:40.114+0000] {dagbag.py:588} INFO - Filling up the DagBag from /home/airflow/.local/lib/python3.12/site-packages/airflow/example_dags/example_xcomargs.py
[2024-12-10T08:01:40.125+0000] {processor.py:925} INFO - DAG(s) 'example_xcom_args_with_operators', 'example_xcom_args' retrieved from /home/airflow/.local/lib/python3.12/site-packages/airflow/example_dags/example_xcomargs.py
[2024-12-10T08:01:40.150+0000] {logging_mixin.py:190} INFO - [2024-12-10T08:01:40.150+0000] {dag.py:3239} INFO - Sync 2 DAGs
[2024-12-10T08:01:40.167+0000] {logging_mixin.py:190} INFO - [2024-12-10T08:01:40.167+0000] {dag.py:4180} INFO - Setting next_dagrun for example_xcom_args to None, run_after=None
[2024-12-10T08:01:40.172+0000] {logging_mixin.py:190} INFO - [2024-12-10T08:01:40.171+0000] {dag.py:4180} INFO - Setting next_dagrun for example_xcom_args_with_operators to None, run_after=None
[2024-12-10T08:01:40.189+0000] {processor.py:208} INFO - Processing /home/airflow/.local/lib/python3.12/site-packages/airflow/example_dags/example_xcomargs.py took 0.086 seconds
[2024-12-10T08:02:10.559+0000] {processor.py:186} INFO - Started process (PID=842) to work on /home/airflow/.local/lib/python3.12/site-packages/airflow/example_dags/example_xcomargs.py
[2024-12-10T08:02:10.560+0000] {processor.py:914} INFO - Processing file /home/airflow/.local/lib/python3.12/site-packages/airflow/example_dags/example_xcomargs.py for tasks to queue
[2024-12-10T08:02:10.562+0000] {logging_mixin.py:190} INFO - [2024-12-10T08:02:10.562+0000] {dagbag.py:588} INFO - Filling up the DagBag from /home/airflow/.local/lib/python3.12/site-packages/airflow/example_dags/example_xcomargs.py
[2024-12-10T08:02:10.575+0000] {processor.py:925} INFO - DAG(s) 'example_xcom_args_with_operators', 'example_xcom_args' retrieved from /home/airflow/.local/lib/python3.12/site-packages/airflow/example_dags/example_xcomargs.py
[2024-12-10T08:02:10.598+0000] {logging_mixin.py:190} INFO - [2024-12-10T08:02:10.598+0000] {dag.py:3239} INFO - Sync 2 DAGs
[2024-12-10T08:02:10.614+0000] {logging_mixin.py:190} INFO - [2024-12-10T08:02:10.613+0000] {dag.py:4180} INFO - Setting next_dagrun for example_xcom_args to None, run_after=None
[2024-12-10T08:02:10.619+0000] {logging_mixin.py:190} INFO - [2024-12-10T08:02:10.618+0000] {dag.py:4180} INFO - Setting next_dagrun for example_xcom_args_with_operators to None, run_after=None
[2024-12-10T08:02:10.635+0000] {processor.py:208} INFO - Processing /home/airflow/.local/lib/python3.12/site-packages/airflow/example_dags/example_xcomargs.py took 0.082 seconds
[2024-12-10T08:02:40.917+0000] {processor.py:186} INFO - Started process (PID=905) to work on /home/airflow/.local/lib/python3.12/site-packages/airflow/example_dags/example_xcomargs.py
[2024-12-10T08:02:40.918+0000] {processor.py:914} INFO - Processing file /home/airflow/.local/lib/python3.12/site-packages/airflow/example_dags/example_xcomargs.py for tasks to queue
[2024-12-10T08:02:40.921+0000] {logging_mixin.py:190} INFO - [2024-12-10T08:02:40.920+0000] {dagbag.py:588} INFO - Filling up the DagBag from /home/airflow/.local/lib/python3.12/site-packages/airflow/example_dags/example_xcomargs.py
[2024-12-10T08:02:40.931+0000] {processor.py:925} INFO - DAG(s) 'example_xcom_args_with_operators', 'example_xcom_args' retrieved from /home/airflow/.local/lib/python3.12/site-packages/airflow/example_dags/example_xcomargs.py
[2024-12-10T08:02:40.955+0000] {logging_mixin.py:190} INFO - [2024-12-10T08:02:40.954+0000] {dag.py:3239} INFO - Sync 2 DAGs
[2024-12-10T08:02:40.970+0000] {logging_mixin.py:190} INFO - [2024-12-10T08:02:40.970+0000] {dag.py:4180} INFO - Setting next_dagrun for example_xcom_args to None, run_after=None
[2024-12-10T08:02:40.974+0000] {logging_mixin.py:190} INFO - [2024-12-10T08:02:40.974+0000] {dag.py:4180} INFO - Setting next_dagrun for example_xcom_args_with_operators to None, run_after=None
[2024-12-10T08:02:40.991+0000] {processor.py:208} INFO - Processing /home/airflow/.local/lib/python3.12/site-packages/airflow/example_dags/example_xcomargs.py took 0.081 seconds
[2024-12-10T08:03:11.114+0000] {processor.py:186} INFO - Started process (PID=968) to work on /home/airflow/.local/lib/python3.12/site-packages/airflow/example_dags/example_xcomargs.py
[2024-12-10T08:03:11.115+0000] {processor.py:914} INFO - Processing file /home/airflow/.local/lib/python3.12/site-packages/airflow/example_dags/example_xcomargs.py for tasks to queue
[2024-12-10T08:03:11.118+0000] {logging_mixin.py:190} INFO - [2024-12-10T08:03:11.118+0000] {dagbag.py:588} INFO - Filling up the DagBag from /home/airflow/.local/lib/python3.12/site-packages/airflow/example_dags/example_xcomargs.py
[2024-12-10T08:03:11.129+0000] {processor.py:925} INFO - DAG(s) 'example_xcom_args', 'example_xcom_args_with_operators' retrieved from /home/airflow/.local/lib/python3.12/site-packages/airflow/example_dags/example_xcomargs.py
[2024-12-10T08:03:11.155+0000] {logging_mixin.py:190} INFO - [2024-12-10T08:03:11.155+0000] {dag.py:3239} INFO - Sync 2 DAGs
[2024-12-10T08:03:11.171+0000] {logging_mixin.py:190} INFO - [2024-12-10T08:03:11.171+0000] {dag.py:4180} INFO - Setting next_dagrun for example_xcom_args to None, run_after=None
[2024-12-10T08:03:11.176+0000] {logging_mixin.py:190} INFO - [2024-12-10T08:03:11.175+0000] {dag.py:4180} INFO - Setting next_dagrun for example_xcom_args_with_operators to None, run_after=None
[2024-12-10T08:03:11.192+0000] {processor.py:208} INFO - Processing /home/airflow/.local/lib/python3.12/site-packages/airflow/example_dags/example_xcomargs.py took 0.085 seconds
[2024-12-10T08:03:41.435+0000] {processor.py:186} INFO - Started process (PID=1031) to work on /home/airflow/.local/lib/python3.12/site-packages/airflow/example_dags/example_xcomargs.py
[2024-12-10T08:03:41.436+0000] {processor.py:914} INFO - Processing file /home/airflow/.local/lib/python3.12/site-packages/airflow/example_dags/example_xcomargs.py for tasks to queue
[2024-12-10T08:03:41.439+0000] {logging_mixin.py:190} INFO - [2024-12-10T08:03:41.439+0000] {dagbag.py:588} INFO - Filling up the DagBag from /home/airflow/.local/lib/python3.12/site-packages/airflow/example_dags/example_xcomargs.py
[2024-12-10T08:03:41.451+0000] {processor.py:925} INFO - DAG(s) 'example_xcom_args_with_operators', 'example_xcom_args' retrieved from /home/airflow/.local/lib/python3.12/site-packages/airflow/example_dags/example_xcomargs.py
[2024-12-10T08:03:41.477+0000] {logging_mixin.py:190} INFO - [2024-12-10T08:03:41.477+0000] {dag.py:3239} INFO - Sync 2 DAGs
[2024-12-10T08:03:41.494+0000] {logging_mixin.py:190} INFO - [2024-12-10T08:03:41.494+0000] {dag.py:4180} INFO - Setting next_dagrun for example_xcom_args to None, run_after=None
[2024-12-10T08:03:41.498+0000] {logging_mixin.py:190} INFO - [2024-12-10T08:03:41.498+0000] {dag.py:4180} INFO - Setting next_dagrun for example_xcom_args_with_operators to None, run_after=None
[2024-12-10T08:03:41.516+0000] {processor.py:208} INFO - Processing /home/airflow/.local/lib/python3.12/site-packages/airflow/example_dags/example_xcomargs.py took 0.087 seconds
[2024-12-10T08:04:11.769+0000] {processor.py:186} INFO - Started process (PID=1094) to work on /home/airflow/.local/lib/python3.12/site-packages/airflow/example_dags/example_xcomargs.py
[2024-12-10T08:04:11.770+0000] {processor.py:914} INFO - Processing file /home/airflow/.local/lib/python3.12/site-packages/airflow/example_dags/example_xcomargs.py for tasks to queue
[2024-12-10T08:04:11.773+0000] {logging_mixin.py:190} INFO - [2024-12-10T08:04:11.773+0000] {dagbag.py:588} INFO - Filling up the DagBag from /home/airflow/.local/lib/python3.12/site-packages/airflow/example_dags/example_xcomargs.py
[2024-12-10T08:04:11.792+0000] {processor.py:925} INFO - DAG(s) 'example_xcom_args_with_operators', 'example_xcom_args' retrieved from /home/airflow/.local/lib/python3.12/site-packages/airflow/example_dags/example_xcomargs.py
[2024-12-10T08:04:11.822+0000] {logging_mixin.py:190} INFO - [2024-12-10T08:04:11.822+0000] {dag.py:3239} INFO - Sync 2 DAGs
[2024-12-10T08:04:11.842+0000] {logging_mixin.py:190} INFO - [2024-12-10T08:04:11.842+0000] {dag.py:4180} INFO - Setting next_dagrun for example_xcom_args to None, run_after=None
[2024-12-10T08:04:11.849+0000] {logging_mixin.py:190} INFO - [2024-12-10T08:04:11.849+0000] {dag.py:4180} INFO - Setting next_dagrun for example_xcom_args_with_operators to None, run_after=None
[2024-12-10T08:04:11.870+0000] {processor.py:208} INFO - Processing /home/airflow/.local/lib/python3.12/site-packages/airflow/example_dags/example_xcomargs.py took 0.109 seconds
[2024-12-10T08:04:42.806+0000] {processor.py:186} INFO - Started process (PID=1157) to work on /home/airflow/.local/lib/python3.12/site-packages/airflow/example_dags/example_xcomargs.py
[2024-12-10T08:04:42.808+0000] {processor.py:914} INFO - Processing file /home/airflow/.local/lib/python3.12/site-packages/airflow/example_dags/example_xcomargs.py for tasks to queue
[2024-12-10T08:04:42.812+0000] {logging_mixin.py:190} INFO - [2024-12-10T08:04:42.812+0000] {dagbag.py:588} INFO - Filling up the DagBag from /home/airflow/.local/lib/python3.12/site-packages/airflow/example_dags/example_xcomargs.py
[2024-12-10T08:04:42.840+0000] {processor.py:925} INFO - DAG(s) 'example_xcom_args', 'example_xcom_args_with_operators' retrieved from /home/airflow/.local/lib/python3.12/site-packages/airflow/example_dags/example_xcomargs.py
[2024-12-10T08:04:42.889+0000] {logging_mixin.py:190} INFO - [2024-12-10T08:04:42.889+0000] {dag.py:3239} INFO - Sync 2 DAGs
[2024-12-10T08:04:42.918+0000] {logging_mixin.py:190} INFO - [2024-12-10T08:04:42.917+0000] {dag.py:4180} INFO - Setting next_dagrun for example_xcom_args to None, run_after=None
[2024-12-10T08:04:42.927+0000] {logging_mixin.py:190} INFO - [2024-12-10T08:04:42.927+0000] {dag.py:4180} INFO - Setting next_dagrun for example_xcom_args_with_operators to None, run_after=None
[2024-12-10T08:04:42.952+0000] {processor.py:208} INFO - Processing /home/airflow/.local/lib/python3.12/site-packages/airflow/example_dags/example_xcomargs.py took 0.159 seconds
[2024-12-10T08:05:13.065+0000] {processor.py:186} INFO - Started process (PID=1220) to work on /home/airflow/.local/lib/python3.12/site-packages/airflow/example_dags/example_xcomargs.py
[2024-12-10T08:05:13.066+0000] {processor.py:914} INFO - Processing file /home/airflow/.local/lib/python3.12/site-packages/airflow/example_dags/example_xcomargs.py for tasks to queue
[2024-12-10T08:05:13.069+0000] {logging_mixin.py:190} INFO - [2024-12-10T08:05:13.068+0000] {dagbag.py:588} INFO - Filling up the DagBag from /home/airflow/.local/lib/python3.12/site-packages/airflow/example_dags/example_xcomargs.py
[2024-12-10T08:05:13.083+0000] {processor.py:925} INFO - DAG(s) 'example_xcom_args', 'example_xcom_args_with_operators' retrieved from /home/airflow/.local/lib/python3.12/site-packages/airflow/example_dags/example_xcomargs.py
[2024-12-10T08:05:13.118+0000] {logging_mixin.py:190} INFO - [2024-12-10T08:05:13.118+0000] {dag.py:3239} INFO - Sync 2 DAGs
[2024-12-10T08:05:13.137+0000] {logging_mixin.py:190} INFO - [2024-12-10T08:05:13.137+0000] {dag.py:4180} INFO - Setting next_dagrun for example_xcom_args to None, run_after=None
[2024-12-10T08:05:13.142+0000] {logging_mixin.py:190} INFO - [2024-12-10T08:05:13.141+0000] {dag.py:4180} INFO - Setting next_dagrun for example_xcom_args_with_operators to None, run_after=None
[2024-12-10T08:05:13.160+0000] {processor.py:208} INFO - Processing /home/airflow/.local/lib/python3.12/site-packages/airflow/example_dags/example_xcomargs.py took 0.102 seconds
[2024-12-10T08:05:44.019+0000] {processor.py:186} INFO - Started process (PID=1283) to work on /home/airflow/.local/lib/python3.12/site-packages/airflow/example_dags/example_xcomargs.py
[2024-12-10T08:05:44.021+0000] {processor.py:914} INFO - Processing file /home/airflow/.local/lib/python3.12/site-packages/airflow/example_dags/example_xcomargs.py for tasks to queue
[2024-12-10T08:05:44.023+0000] {logging_mixin.py:190} INFO - [2024-12-10T08:05:44.023+0000] {dagbag.py:588} INFO - Filling up the DagBag from /home/airflow/.local/lib/python3.12/site-packages/airflow/example_dags/example_xcomargs.py
[2024-12-10T08:05:44.034+0000] {processor.py:925} INFO - DAG(s) 'example_xcom_args_with_operators', 'example_xcom_args' retrieved from /home/airflow/.local/lib/python3.12/site-packages/airflow/example_dags/example_xcomargs.py
[2024-12-10T08:05:44.059+0000] {logging_mixin.py:190} INFO - [2024-12-10T08:05:44.059+0000] {dag.py:3239} INFO - Sync 2 DAGs
[2024-12-10T08:05:44.075+0000] {logging_mixin.py:190} INFO - [2024-12-10T08:05:44.075+0000] {dag.py:4180} INFO - Setting next_dagrun for example_xcom_args to None, run_after=None
[2024-12-10T08:05:44.079+0000] {logging_mixin.py:190} INFO - [2024-12-10T08:05:44.079+0000] {dag.py:4180} INFO - Setting next_dagrun for example_xcom_args_with_operators to None, run_after=None
[2024-12-10T08:05:44.096+0000] {processor.py:208} INFO - Processing /home/airflow/.local/lib/python3.12/site-packages/airflow/example_dags/example_xcomargs.py took 0.083 seconds
[2024-12-10T08:06:14.210+0000] {processor.py:186} INFO - Started process (PID=1346) to work on /home/airflow/.local/lib/python3.12/site-packages/airflow/example_dags/example_xcomargs.py
[2024-12-10T08:06:14.212+0000] {processor.py:914} INFO - Processing file /home/airflow/.local/lib/python3.12/site-packages/airflow/example_dags/example_xcomargs.py for tasks to queue
[2024-12-10T08:06:14.214+0000] {logging_mixin.py:190} INFO - [2024-12-10T08:06:14.214+0000] {dagbag.py:588} INFO - Filling up the DagBag from /home/airflow/.local/lib/python3.12/site-packages/airflow/example_dags/example_xcomargs.py
[2024-12-10T08:06:14.226+0000] {processor.py:925} INFO - DAG(s) 'example_xcom_args_with_operators', 'example_xcom_args' retrieved from /home/airflow/.local/lib/python3.12/site-packages/airflow/example_dags/example_xcomargs.py
[2024-12-10T08:06:14.252+0000] {logging_mixin.py:190} INFO - [2024-12-10T08:06:14.252+0000] {dag.py:3239} INFO - Sync 2 DAGs
[2024-12-10T08:06:14.268+0000] {logging_mixin.py:190} INFO - [2024-12-10T08:06:14.268+0000] {dag.py:4180} INFO - Setting next_dagrun for example_xcom_args to None, run_after=None
[2024-12-10T08:06:14.272+0000] {logging_mixin.py:190} INFO - [2024-12-10T08:06:14.272+0000] {dag.py:4180} INFO - Setting next_dagrun for example_xcom_args_with_operators to None, run_after=None
[2024-12-10T08:06:14.291+0000] {processor.py:208} INFO - Processing /home/airflow/.local/lib/python3.12/site-packages/airflow/example_dags/example_xcomargs.py took 0.087 seconds
[2024-12-10T08:08:26.140+0000] {processor.py:186} INFO - Started process (PID=87) to work on /home/airflow/.local/lib/python3.12/site-packages/airflow/example_dags/example_xcomargs.py
[2024-12-10T08:08:26.141+0000] {processor.py:914} INFO - Processing file /home/airflow/.local/lib/python3.12/site-packages/airflow/example_dags/example_xcomargs.py for tasks to queue
[2024-12-10T08:08:26.144+0000] {logging_mixin.py:190} INFO - [2024-12-10T08:08:26.144+0000] {dagbag.py:588} INFO - Filling up the DagBag from /home/airflow/.local/lib/python3.12/site-packages/airflow/example_dags/example_xcomargs.py
[2024-12-10T08:08:26.158+0000] {processor.py:925} INFO - DAG(s) 'example_xcom_args_with_operators', 'example_xcom_args' retrieved from /home/airflow/.local/lib/python3.12/site-packages/airflow/example_dags/example_xcomargs.py
[2024-12-10T08:08:26.191+0000] {logging_mixin.py:190} INFO - [2024-12-10T08:08:26.190+0000] {dag.py:3239} INFO - Sync 2 DAGs
[2024-12-10T08:08:26.209+0000] {logging_mixin.py:190} INFO - [2024-12-10T08:08:26.209+0000] {dag.py:4180} INFO - Setting next_dagrun for example_xcom_args to None, run_after=None
[2024-12-10T08:08:26.215+0000] {logging_mixin.py:190} INFO - [2024-12-10T08:08:26.214+0000] {dag.py:4180} INFO - Setting next_dagrun for example_xcom_args_with_operators to None, run_after=None
[2024-12-10T08:08:26.750+0000] {processor.py:208} INFO - Processing /home/airflow/.local/lib/python3.12/site-packages/airflow/example_dags/example_xcomargs.py took 0.620 seconds
[2024-12-10T08:08:56.943+0000] {processor.py:186} INFO - Started process (PID=149) to work on /home/airflow/.local/lib/python3.12/site-packages/airflow/example_dags/example_xcomargs.py
[2024-12-10T08:08:56.944+0000] {processor.py:914} INFO - Processing file /home/airflow/.local/lib/python3.12/site-packages/airflow/example_dags/example_xcomargs.py for tasks to queue
[2024-12-10T08:08:56.948+0000] {logging_mixin.py:190} INFO - [2024-12-10T08:08:56.947+0000] {dagbag.py:588} INFO - Filling up the DagBag from /home/airflow/.local/lib/python3.12/site-packages/airflow/example_dags/example_xcomargs.py
[2024-12-10T08:08:56.960+0000] {processor.py:925} INFO - DAG(s) 'example_xcom_args_with_operators', 'example_xcom_args' retrieved from /home/airflow/.local/lib/python3.12/site-packages/airflow/example_dags/example_xcomargs.py
[2024-12-10T08:08:56.992+0000] {logging_mixin.py:190} INFO - [2024-12-10T08:08:56.992+0000] {dag.py:3239} INFO - Sync 2 DAGs
[2024-12-10T08:08:57.010+0000] {logging_mixin.py:190} INFO - [2024-12-10T08:08:57.009+0000] {dag.py:4180} INFO - Setting next_dagrun for example_xcom_args to None, run_after=None
[2024-12-10T08:08:57.017+0000] {logging_mixin.py:190} INFO - [2024-12-10T08:08:57.016+0000] {dag.py:4180} INFO - Setting next_dagrun for example_xcom_args_with_operators to None, run_after=None
[2024-12-10T08:08:57.041+0000] {processor.py:208} INFO - Processing /home/airflow/.local/lib/python3.12/site-packages/airflow/example_dags/example_xcomargs.py took 0.104 seconds
[2024-12-10T08:09:27.521+0000] {processor.py:186} INFO - Started process (PID=212) to work on /home/airflow/.local/lib/python3.12/site-packages/airflow/example_dags/example_xcomargs.py
[2024-12-10T08:09:27.523+0000] {processor.py:914} INFO - Processing file /home/airflow/.local/lib/python3.12/site-packages/airflow/example_dags/example_xcomargs.py for tasks to queue
[2024-12-10T08:09:27.526+0000] {logging_mixin.py:190} INFO - [2024-12-10T08:09:27.526+0000] {dagbag.py:588} INFO - Filling up the DagBag from /home/airflow/.local/lib/python3.12/site-packages/airflow/example_dags/example_xcomargs.py
[2024-12-10T08:09:27.544+0000] {processor.py:925} INFO - DAG(s) 'example_xcom_args_with_operators', 'example_xcom_args' retrieved from /home/airflow/.local/lib/python3.12/site-packages/airflow/example_dags/example_xcomargs.py
[2024-12-10T08:09:27.574+0000] {logging_mixin.py:190} INFO - [2024-12-10T08:09:27.574+0000] {dag.py:3239} INFO - Sync 2 DAGs
[2024-12-10T08:09:27.598+0000] {logging_mixin.py:190} INFO - [2024-12-10T08:09:27.598+0000] {dag.py:4180} INFO - Setting next_dagrun for example_xcom_args to None, run_after=None
[2024-12-10T08:09:27.605+0000] {logging_mixin.py:190} INFO - [2024-12-10T08:09:27.605+0000] {dag.py:4180} INFO - Setting next_dagrun for example_xcom_args_with_operators to None, run_after=None
[2024-12-10T08:09:27.631+0000] {processor.py:208} INFO - Processing /home/airflow/.local/lib/python3.12/site-packages/airflow/example_dags/example_xcomargs.py took 0.120 seconds
[2024-12-10T08:09:57.956+0000] {processor.py:186} INFO - Started process (PID=275) to work on /home/airflow/.local/lib/python3.12/site-packages/airflow/example_dags/example_xcomargs.py
[2024-12-10T08:09:57.958+0000] {processor.py:914} INFO - Processing file /home/airflow/.local/lib/python3.12/site-packages/airflow/example_dags/example_xcomargs.py for tasks to queue
[2024-12-10T08:09:57.961+0000] {logging_mixin.py:190} INFO - [2024-12-10T08:09:57.960+0000] {dagbag.py:588} INFO - Filling up the DagBag from /home/airflow/.local/lib/python3.12/site-packages/airflow/example_dags/example_xcomargs.py
[2024-12-10T08:09:57.973+0000] {processor.py:925} INFO - DAG(s) 'example_xcom_args', 'example_xcom_args_with_operators' retrieved from /home/airflow/.local/lib/python3.12/site-packages/airflow/example_dags/example_xcomargs.py
[2024-12-10T08:09:58.003+0000] {logging_mixin.py:190} INFO - [2024-12-10T08:09:58.002+0000] {dag.py:3239} INFO - Sync 2 DAGs
[2024-12-10T08:09:58.022+0000] {logging_mixin.py:190} INFO - [2024-12-10T08:09:58.022+0000] {dag.py:4180} INFO - Setting next_dagrun for example_xcom_args to None, run_after=None
[2024-12-10T08:09:58.027+0000] {logging_mixin.py:190} INFO - [2024-12-10T08:09:58.026+0000] {dag.py:4180} INFO - Setting next_dagrun for example_xcom_args_with_operators to None, run_after=None
[2024-12-10T08:09:58.047+0000] {processor.py:208} INFO - Processing /home/airflow/.local/lib/python3.12/site-packages/airflow/example_dags/example_xcomargs.py took 0.098 seconds
[2024-12-10T08:10:28.237+0000] {processor.py:186} INFO - Started process (PID=338) to work on /home/airflow/.local/lib/python3.12/site-packages/airflow/example_dags/example_xcomargs.py
[2024-12-10T08:10:28.239+0000] {processor.py:914} INFO - Processing file /home/airflow/.local/lib/python3.12/site-packages/airflow/example_dags/example_xcomargs.py for tasks to queue
[2024-12-10T08:10:28.241+0000] {logging_mixin.py:190} INFO - [2024-12-10T08:10:28.241+0000] {dagbag.py:588} INFO - Filling up the DagBag from /home/airflow/.local/lib/python3.12/site-packages/airflow/example_dags/example_xcomargs.py
[2024-12-10T08:10:28.254+0000] {processor.py:925} INFO - DAG(s) 'example_xcom_args_with_operators', 'example_xcom_args' retrieved from /home/airflow/.local/lib/python3.12/site-packages/airflow/example_dags/example_xcomargs.py
[2024-12-10T08:10:28.281+0000] {logging_mixin.py:190} INFO - [2024-12-10T08:10:28.281+0000] {dag.py:3239} INFO - Sync 2 DAGs
[2024-12-10T08:10:28.300+0000] {logging_mixin.py:190} INFO - [2024-12-10T08:10:28.299+0000] {dag.py:4180} INFO - Setting next_dagrun for example_xcom_args to None, run_after=None
[2024-12-10T08:10:28.305+0000] {logging_mixin.py:190} INFO - [2024-12-10T08:10:28.304+0000] {dag.py:4180} INFO - Setting next_dagrun for example_xcom_args_with_operators to None, run_after=None
[2024-12-10T08:10:28.324+0000] {processor.py:208} INFO - Processing /home/airflow/.local/lib/python3.12/site-packages/airflow/example_dags/example_xcomargs.py took 0.094 seconds
[2024-12-10T08:10:58.845+0000] {processor.py:186} INFO - Started process (PID=401) to work on /home/airflow/.local/lib/python3.12/site-packages/airflow/example_dags/example_xcomargs.py
[2024-12-10T08:10:58.846+0000] {processor.py:914} INFO - Processing file /home/airflow/.local/lib/python3.12/site-packages/airflow/example_dags/example_xcomargs.py for tasks to queue
[2024-12-10T08:10:58.848+0000] {logging_mixin.py:190} INFO - [2024-12-10T08:10:58.848+0000] {dagbag.py:588} INFO - Filling up the DagBag from /home/airflow/.local/lib/python3.12/site-packages/airflow/example_dags/example_xcomargs.py
[2024-12-10T08:10:58.860+0000] {processor.py:925} INFO - DAG(s) 'example_xcom_args', 'example_xcom_args_with_operators' retrieved from /home/airflow/.local/lib/python3.12/site-packages/airflow/example_dags/example_xcomargs.py
[2024-12-10T08:10:58.889+0000] {logging_mixin.py:190} INFO - [2024-12-10T08:10:58.889+0000] {dag.py:3239} INFO - Sync 2 DAGs
[2024-12-10T08:10:58.908+0000] {logging_mixin.py:190} INFO - [2024-12-10T08:10:58.908+0000] {dag.py:4180} INFO - Setting next_dagrun for example_xcom_args to None, run_after=None
[2024-12-10T08:10:58.913+0000] {logging_mixin.py:190} INFO - [2024-12-10T08:10:58.912+0000] {dag.py:4180} INFO - Setting next_dagrun for example_xcom_args_with_operators to None, run_after=None
[2024-12-10T08:10:58.934+0000] {processor.py:208} INFO - Processing /home/airflow/.local/lib/python3.12/site-packages/airflow/example_dags/example_xcomargs.py took 0.096 seconds
[2024-12-10T08:11:29.425+0000] {processor.py:186} INFO - Started process (PID=464) to work on /home/airflow/.local/lib/python3.12/site-packages/airflow/example_dags/example_xcomargs.py
[2024-12-10T08:11:29.426+0000] {processor.py:914} INFO - Processing file /home/airflow/.local/lib/python3.12/site-packages/airflow/example_dags/example_xcomargs.py for tasks to queue
[2024-12-10T08:11:29.430+0000] {logging_mixin.py:190} INFO - [2024-12-10T08:11:29.429+0000] {dagbag.py:588} INFO - Filling up the DagBag from /home/airflow/.local/lib/python3.12/site-packages/airflow/example_dags/example_xcomargs.py
[2024-12-10T08:11:29.443+0000] {processor.py:925} INFO - DAG(s) 'example_xcom_args', 'example_xcom_args_with_operators' retrieved from /home/airflow/.local/lib/python3.12/site-packages/airflow/example_dags/example_xcomargs.py
[2024-12-10T08:11:29.476+0000] {logging_mixin.py:190} INFO - [2024-12-10T08:11:29.475+0000] {dag.py:3239} INFO - Sync 2 DAGs
[2024-12-10T08:11:29.494+0000] {logging_mixin.py:190} INFO - [2024-12-10T08:11:29.494+0000] {dag.py:4180} INFO - Setting next_dagrun for example_xcom_args to None, run_after=None
[2024-12-10T08:11:29.499+0000] {logging_mixin.py:190} INFO - [2024-12-10T08:11:29.499+0000] {dag.py:4180} INFO - Setting next_dagrun for example_xcom_args_with_operators to None, run_after=None
[2024-12-10T08:11:29.519+0000] {processor.py:208} INFO - Processing /home/airflow/.local/lib/python3.12/site-packages/airflow/example_dags/example_xcomargs.py took 0.102 seconds
[2024-12-10T08:11:59.658+0000] {processor.py:186} INFO - Started process (PID=527) to work on /home/airflow/.local/lib/python3.12/site-packages/airflow/example_dags/example_xcomargs.py
[2024-12-10T08:11:59.659+0000] {processor.py:914} INFO - Processing file /home/airflow/.local/lib/python3.12/site-packages/airflow/example_dags/example_xcomargs.py for tasks to queue
[2024-12-10T08:11:59.663+0000] {logging_mixin.py:190} INFO - [2024-12-10T08:11:59.662+0000] {dagbag.py:588} INFO - Filling up the DagBag from /home/airflow/.local/lib/python3.12/site-packages/airflow/example_dags/example_xcomargs.py
[2024-12-10T08:11:59.675+0000] {processor.py:925} INFO - DAG(s) 'example_xcom_args_with_operators', 'example_xcom_args' retrieved from /home/airflow/.local/lib/python3.12/site-packages/airflow/example_dags/example_xcomargs.py
[2024-12-10T08:11:59.702+0000] {logging_mixin.py:190} INFO - [2024-12-10T08:11:59.701+0000] {dag.py:3239} INFO - Sync 2 DAGs
[2024-12-10T08:11:59.722+0000] {logging_mixin.py:190} INFO - [2024-12-10T08:11:59.721+0000] {dag.py:4180} INFO - Setting next_dagrun for example_xcom_args to None, run_after=None
[2024-12-10T08:11:59.728+0000] {logging_mixin.py:190} INFO - [2024-12-10T08:11:59.728+0000] {dag.py:4180} INFO - Setting next_dagrun for example_xcom_args_with_operators to None, run_after=None
[2024-12-10T08:11:59.749+0000] {processor.py:208} INFO - Processing /home/airflow/.local/lib/python3.12/site-packages/airflow/example_dags/example_xcomargs.py took 0.098 seconds
[2024-12-10T08:12:30.000+0000] {processor.py:186} INFO - Started process (PID=590) to work on /home/airflow/.local/lib/python3.12/site-packages/airflow/example_dags/example_xcomargs.py
[2024-12-10T08:12:30.001+0000] {processor.py:914} INFO - Processing file /home/airflow/.local/lib/python3.12/site-packages/airflow/example_dags/example_xcomargs.py for tasks to queue
[2024-12-10T08:12:30.006+0000] {logging_mixin.py:190} INFO - [2024-12-10T08:12:30.005+0000] {dagbag.py:588} INFO - Filling up the DagBag from /home/airflow/.local/lib/python3.12/site-packages/airflow/example_dags/example_xcomargs.py
[2024-12-10T08:12:30.019+0000] {processor.py:925} INFO - DAG(s) 'example_xcom_args_with_operators', 'example_xcom_args' retrieved from /home/airflow/.local/lib/python3.12/site-packages/airflow/example_dags/example_xcomargs.py
[2024-12-10T08:12:30.049+0000] {logging_mixin.py:190} INFO - [2024-12-10T08:12:30.049+0000] {dag.py:3239} INFO - Sync 2 DAGs
[2024-12-10T08:12:30.070+0000] {logging_mixin.py:190} INFO - [2024-12-10T08:12:30.069+0000] {dag.py:4180} INFO - Setting next_dagrun for example_xcom_args to None, run_after=None
[2024-12-10T08:12:30.076+0000] {logging_mixin.py:190} INFO - [2024-12-10T08:12:30.076+0000] {dag.py:4180} INFO - Setting next_dagrun for example_xcom_args_with_operators to None, run_after=None
[2024-12-10T08:12:30.097+0000] {processor.py:208} INFO - Processing /home/airflow/.local/lib/python3.12/site-packages/airflow/example_dags/example_xcomargs.py took 0.105 seconds
[2024-12-10T08:13:00.742+0000] {processor.py:186} INFO - Started process (PID=653) to work on /home/airflow/.local/lib/python3.12/site-packages/airflow/example_dags/example_xcomargs.py
[2024-12-10T08:13:00.743+0000] {processor.py:914} INFO - Processing file /home/airflow/.local/lib/python3.12/site-packages/airflow/example_dags/example_xcomargs.py for tasks to queue
[2024-12-10T08:13:00.746+0000] {logging_mixin.py:190} INFO - [2024-12-10T08:13:00.745+0000] {dagbag.py:588} INFO - Filling up the DagBag from /home/airflow/.local/lib/python3.12/site-packages/airflow/example_dags/example_xcomargs.py
[2024-12-10T08:13:00.758+0000] {processor.py:925} INFO - DAG(s) 'example_xcom_args_with_operators', 'example_xcom_args' retrieved from /home/airflow/.local/lib/python3.12/site-packages/airflow/example_dags/example_xcomargs.py
[2024-12-10T08:13:00.783+0000] {logging_mixin.py:190} INFO - [2024-12-10T08:13:00.783+0000] {dag.py:3239} INFO - Sync 2 DAGs
[2024-12-10T08:13:00.799+0000] {logging_mixin.py:190} INFO - [2024-12-10T08:13:00.799+0000] {dag.py:4180} INFO - Setting next_dagrun for example_xcom_args to None, run_after=None
[2024-12-10T08:13:00.804+0000] {logging_mixin.py:190} INFO - [2024-12-10T08:13:00.804+0000] {dag.py:4180} INFO - Setting next_dagrun for example_xcom_args_with_operators to None, run_after=None
[2024-12-10T08:13:00.822+0000] {processor.py:208} INFO - Processing /home/airflow/.local/lib/python3.12/site-packages/airflow/example_dags/example_xcomargs.py took 0.087 seconds
[2024-12-10T08:13:31.330+0000] {processor.py:186} INFO - Started process (PID=716) to work on /home/airflow/.local/lib/python3.12/site-packages/airflow/example_dags/example_xcomargs.py
[2024-12-10T08:13:31.331+0000] {processor.py:914} INFO - Processing file /home/airflow/.local/lib/python3.12/site-packages/airflow/example_dags/example_xcomargs.py for tasks to queue
[2024-12-10T08:13:31.334+0000] {logging_mixin.py:190} INFO - [2024-12-10T08:13:31.334+0000] {dagbag.py:588} INFO - Filling up the DagBag from /home/airflow/.local/lib/python3.12/site-packages/airflow/example_dags/example_xcomargs.py
[2024-12-10T08:13:31.345+0000] {processor.py:925} INFO - DAG(s) 'example_xcom_args_with_operators', 'example_xcom_args' retrieved from /home/airflow/.local/lib/python3.12/site-packages/airflow/example_dags/example_xcomargs.py
[2024-12-10T08:13:31.371+0000] {logging_mixin.py:190} INFO - [2024-12-10T08:13:31.370+0000] {dag.py:3239} INFO - Sync 2 DAGs
[2024-12-10T08:13:31.398+0000] {logging_mixin.py:190} INFO - [2024-12-10T08:13:31.397+0000] {dag.py:4180} INFO - Setting next_dagrun for example_xcom_args to None, run_after=None
[2024-12-10T08:13:31.410+0000] {logging_mixin.py:190} INFO - [2024-12-10T08:13:31.410+0000] {dag.py:4180} INFO - Setting next_dagrun for example_xcom_args_with_operators to None, run_after=None
[2024-12-10T08:13:31.444+0000] {processor.py:208} INFO - Processing /home/airflow/.local/lib/python3.12/site-packages/airflow/example_dags/example_xcomargs.py took 0.121 seconds
[2024-12-10T08:14:01.889+0000] {processor.py:186} INFO - Started process (PID=779) to work on /home/airflow/.local/lib/python3.12/site-packages/airflow/example_dags/example_xcomargs.py
[2024-12-10T08:14:01.890+0000] {processor.py:914} INFO - Processing file /home/airflow/.local/lib/python3.12/site-packages/airflow/example_dags/example_xcomargs.py for tasks to queue
[2024-12-10T08:14:01.893+0000] {logging_mixin.py:190} INFO - [2024-12-10T08:14:01.893+0000] {dagbag.py:588} INFO - Filling up the DagBag from /home/airflow/.local/lib/python3.12/site-packages/airflow/example_dags/example_xcomargs.py
[2024-12-10T08:14:01.907+0000] {processor.py:925} INFO - DAG(s) 'example_xcom_args', 'example_xcom_args_with_operators' retrieved from /home/airflow/.local/lib/python3.12/site-packages/airflow/example_dags/example_xcomargs.py
[2024-12-10T08:14:01.934+0000] {logging_mixin.py:190} INFO - [2024-12-10T08:14:01.934+0000] {dag.py:3239} INFO - Sync 2 DAGs
[2024-12-10T08:14:01.953+0000] {logging_mixin.py:190} INFO - [2024-12-10T08:14:01.952+0000] {dag.py:4180} INFO - Setting next_dagrun for example_xcom_args to None, run_after=None
[2024-12-10T08:14:01.957+0000] {logging_mixin.py:190} INFO - [2024-12-10T08:14:01.957+0000] {dag.py:4180} INFO - Setting next_dagrun for example_xcom_args_with_operators to None, run_after=None
[2024-12-10T08:14:01.978+0000] {processor.py:208} INFO - Processing /home/airflow/.local/lib/python3.12/site-packages/airflow/example_dags/example_xcomargs.py took 0.097 seconds
[2024-12-10T08:15:32.373+0000] {processor.py:186} INFO - Started process (PID=87) to work on /home/airflow/.local/lib/python3.12/site-packages/airflow/example_dags/example_xcomargs.py
[2024-12-10T08:15:32.374+0000] {processor.py:914} INFO - Processing file /home/airflow/.local/lib/python3.12/site-packages/airflow/example_dags/example_xcomargs.py for tasks to queue
[2024-12-10T08:15:32.378+0000] {logging_mixin.py:190} INFO - [2024-12-10T08:15:32.377+0000] {dagbag.py:588} INFO - Filling up the DagBag from /home/airflow/.local/lib/python3.12/site-packages/airflow/example_dags/example_xcomargs.py
[2024-12-10T08:15:32.391+0000] {processor.py:925} INFO - DAG(s) 'example_xcom_args_with_operators', 'example_xcom_args' retrieved from /home/airflow/.local/lib/python3.12/site-packages/airflow/example_dags/example_xcomargs.py
[2024-12-10T08:15:32.426+0000] {logging_mixin.py:190} INFO - [2024-12-10T08:15:32.426+0000] {dag.py:3239} INFO - Sync 2 DAGs
[2024-12-10T08:15:32.446+0000] {logging_mixin.py:190} INFO - [2024-12-10T08:15:32.446+0000] {dag.py:4180} INFO - Setting next_dagrun for example_xcom_args to None, run_after=None
[2024-12-10T08:15:32.451+0000] {logging_mixin.py:190} INFO - [2024-12-10T08:15:32.451+0000] {dag.py:4180} INFO - Setting next_dagrun for example_xcom_args_with_operators to None, run_after=None
[2024-12-10T08:15:32.475+0000] {processor.py:208} INFO - Processing /home/airflow/.local/lib/python3.12/site-packages/airflow/example_dags/example_xcomargs.py took 0.109 seconds
[2024-12-10T08:16:02.786+0000] {processor.py:186} INFO - Started process (PID=149) to work on /home/airflow/.local/lib/python3.12/site-packages/airflow/example_dags/example_xcomargs.py
[2024-12-10T08:16:02.788+0000] {processor.py:914} INFO - Processing file /home/airflow/.local/lib/python3.12/site-packages/airflow/example_dags/example_xcomargs.py for tasks to queue
[2024-12-10T08:16:02.793+0000] {logging_mixin.py:190} INFO - [2024-12-10T08:16:02.792+0000] {dagbag.py:588} INFO - Filling up the DagBag from /home/airflow/.local/lib/python3.12/site-packages/airflow/example_dags/example_xcomargs.py
[2024-12-10T08:16:02.814+0000] {processor.py:925} INFO - DAG(s) 'example_xcom_args', 'example_xcom_args_with_operators' retrieved from /home/airflow/.local/lib/python3.12/site-packages/airflow/example_dags/example_xcomargs.py
[2024-12-10T08:16:02.854+0000] {logging_mixin.py:190} INFO - [2024-12-10T08:16:02.854+0000] {dag.py:3239} INFO - Sync 2 DAGs
[2024-12-10T08:16:02.887+0000] {logging_mixin.py:190} INFO - [2024-12-10T08:16:02.887+0000] {dag.py:4180} INFO - Setting next_dagrun for example_xcom_args to None, run_after=None
[2024-12-10T08:16:02.895+0000] {logging_mixin.py:190} INFO - [2024-12-10T08:16:02.895+0000] {dag.py:4180} INFO - Setting next_dagrun for example_xcom_args_with_operators to None, run_after=None
[2024-12-10T08:16:02.933+0000] {processor.py:208} INFO - Processing /home/airflow/.local/lib/python3.12/site-packages/airflow/example_dags/example_xcomargs.py took 0.160 seconds
[2024-12-10T08:16:33.036+0000] {processor.py:186} INFO - Started process (PID=212) to work on /home/airflow/.local/lib/python3.12/site-packages/airflow/example_dags/example_xcomargs.py
[2024-12-10T08:16:33.037+0000] {processor.py:914} INFO - Processing file /home/airflow/.local/lib/python3.12/site-packages/airflow/example_dags/example_xcomargs.py for tasks to queue
[2024-12-10T08:16:33.040+0000] {logging_mixin.py:190} INFO - [2024-12-10T08:16:33.040+0000] {dagbag.py:588} INFO - Filling up the DagBag from /home/airflow/.local/lib/python3.12/site-packages/airflow/example_dags/example_xcomargs.py
[2024-12-10T08:16:33.051+0000] {processor.py:925} INFO - DAG(s) 'example_xcom_args', 'example_xcom_args_with_operators' retrieved from /home/airflow/.local/lib/python3.12/site-packages/airflow/example_dags/example_xcomargs.py
[2024-12-10T08:16:33.080+0000] {logging_mixin.py:190} INFO - [2024-12-10T08:16:33.080+0000] {dag.py:3239} INFO - Sync 2 DAGs
[2024-12-10T08:16:33.098+0000] {logging_mixin.py:190} INFO - [2024-12-10T08:16:33.098+0000] {dag.py:4180} INFO - Setting next_dagrun for example_xcom_args to None, run_after=None
[2024-12-10T08:16:33.103+0000] {logging_mixin.py:190} INFO - [2024-12-10T08:16:33.103+0000] {dag.py:4180} INFO - Setting next_dagrun for example_xcom_args_with_operators to None, run_after=None
[2024-12-10T08:16:33.124+0000] {processor.py:208} INFO - Processing /home/airflow/.local/lib/python3.12/site-packages/airflow/example_dags/example_xcomargs.py took 0.095 seconds
[2024-12-10T08:17:03.413+0000] {processor.py:186} INFO - Started process (PID=275) to work on /home/airflow/.local/lib/python3.12/site-packages/airflow/example_dags/example_xcomargs.py
[2024-12-10T08:17:03.415+0000] {processor.py:914} INFO - Processing file /home/airflow/.local/lib/python3.12/site-packages/airflow/example_dags/example_xcomargs.py for tasks to queue
[2024-12-10T08:17:03.418+0000] {logging_mixin.py:190} INFO - [2024-12-10T08:17:03.418+0000] {dagbag.py:588} INFO - Filling up the DagBag from /home/airflow/.local/lib/python3.12/site-packages/airflow/example_dags/example_xcomargs.py
[2024-12-10T08:17:03.432+0000] {processor.py:925} INFO - DAG(s) 'example_xcom_args_with_operators', 'example_xcom_args' retrieved from /home/airflow/.local/lib/python3.12/site-packages/airflow/example_dags/example_xcomargs.py
[2024-12-10T08:17:03.461+0000] {logging_mixin.py:190} INFO - [2024-12-10T08:17:03.461+0000] {dag.py:3239} INFO - Sync 2 DAGs
[2024-12-10T08:17:03.480+0000] {logging_mixin.py:190} INFO - [2024-12-10T08:17:03.479+0000] {dag.py:4180} INFO - Setting next_dagrun for example_xcom_args to None, run_after=None
[2024-12-10T08:17:03.484+0000] {logging_mixin.py:190} INFO - [2024-12-10T08:17:03.484+0000] {dag.py:4180} INFO - Setting next_dagrun for example_xcom_args_with_operators to None, run_after=None
[2024-12-10T08:17:03.504+0000] {processor.py:208} INFO - Processing /home/airflow/.local/lib/python3.12/site-packages/airflow/example_dags/example_xcomargs.py took 0.098 seconds
[2024-12-10T08:17:33.977+0000] {processor.py:186} INFO - Started process (PID=338) to work on /home/airflow/.local/lib/python3.12/site-packages/airflow/example_dags/example_xcomargs.py
[2024-12-10T08:17:33.978+0000] {processor.py:914} INFO - Processing file /home/airflow/.local/lib/python3.12/site-packages/airflow/example_dags/example_xcomargs.py for tasks to queue
[2024-12-10T08:17:33.981+0000] {logging_mixin.py:190} INFO - [2024-12-10T08:17:33.981+0000] {dagbag.py:588} INFO - Filling up the DagBag from /home/airflow/.local/lib/python3.12/site-packages/airflow/example_dags/example_xcomargs.py
[2024-12-10T08:17:33.994+0000] {processor.py:925} INFO - DAG(s) 'example_xcom_args_with_operators', 'example_xcom_args' retrieved from /home/airflow/.local/lib/python3.12/site-packages/airflow/example_dags/example_xcomargs.py
[2024-12-10T08:17:34.022+0000] {logging_mixin.py:190} INFO - [2024-12-10T08:17:34.022+0000] {dag.py:3239} INFO - Sync 2 DAGs
[2024-12-10T08:17:34.041+0000] {logging_mixin.py:190} INFO - [2024-12-10T08:17:34.040+0000] {dag.py:4180} INFO - Setting next_dagrun for example_xcom_args to None, run_after=None
[2024-12-10T08:17:34.045+0000] {logging_mixin.py:190} INFO - [2024-12-10T08:17:34.045+0000] {dag.py:4180} INFO - Setting next_dagrun for example_xcom_args_with_operators to None, run_after=None
[2024-12-10T08:17:34.066+0000] {processor.py:208} INFO - Processing /home/airflow/.local/lib/python3.12/site-packages/airflow/example_dags/example_xcomargs.py took 0.096 seconds
[2024-12-10T08:18:04.180+0000] {processor.py:186} INFO - Started process (PID=401) to work on /home/airflow/.local/lib/python3.12/site-packages/airflow/example_dags/example_xcomargs.py
[2024-12-10T08:18:04.181+0000] {processor.py:914} INFO - Processing file /home/airflow/.local/lib/python3.12/site-packages/airflow/example_dags/example_xcomargs.py for tasks to queue
[2024-12-10T08:18:04.184+0000] {logging_mixin.py:190} INFO - [2024-12-10T08:18:04.184+0000] {dagbag.py:588} INFO - Filling up the DagBag from /home/airflow/.local/lib/python3.12/site-packages/airflow/example_dags/example_xcomargs.py
[2024-12-10T08:18:04.197+0000] {processor.py:925} INFO - DAG(s) 'example_xcom_args', 'example_xcom_args_with_operators' retrieved from /home/airflow/.local/lib/python3.12/site-packages/airflow/example_dags/example_xcomargs.py
[2024-12-10T08:18:04.229+0000] {logging_mixin.py:190} INFO - [2024-12-10T08:18:04.228+0000] {dag.py:3239} INFO - Sync 2 DAGs
[2024-12-10T08:18:04.249+0000] {logging_mixin.py:190} INFO - [2024-12-10T08:18:04.248+0000] {dag.py:4180} INFO - Setting next_dagrun for example_xcom_args to None, run_after=None
[2024-12-10T08:18:04.253+0000] {logging_mixin.py:190} INFO - [2024-12-10T08:18:04.253+0000] {dag.py:4180} INFO - Setting next_dagrun for example_xcom_args_with_operators to None, run_after=None
[2024-12-10T08:18:04.273+0000] {processor.py:208} INFO - Processing /home/airflow/.local/lib/python3.12/site-packages/airflow/example_dags/example_xcomargs.py took 0.101 seconds
[2024-12-10T08:18:34.682+0000] {processor.py:186} INFO - Started process (PID=464) to work on /home/airflow/.local/lib/python3.12/site-packages/airflow/example_dags/example_xcomargs.py
[2024-12-10T08:18:34.684+0000] {processor.py:914} INFO - Processing file /home/airflow/.local/lib/python3.12/site-packages/airflow/example_dags/example_xcomargs.py for tasks to queue
[2024-12-10T08:18:34.687+0000] {logging_mixin.py:190} INFO - [2024-12-10T08:18:34.687+0000] {dagbag.py:588} INFO - Filling up the DagBag from /home/airflow/.local/lib/python3.12/site-packages/airflow/example_dags/example_xcomargs.py
[2024-12-10T08:18:34.700+0000] {processor.py:925} INFO - DAG(s) 'example_xcom_args', 'example_xcom_args_with_operators' retrieved from /home/airflow/.local/lib/python3.12/site-packages/airflow/example_dags/example_xcomargs.py
[2024-12-10T08:18:34.726+0000] {logging_mixin.py:190} INFO - [2024-12-10T08:18:34.726+0000] {dag.py:3239} INFO - Sync 2 DAGs
[2024-12-10T08:18:34.744+0000] {logging_mixin.py:190} INFO - [2024-12-10T08:18:34.743+0000] {dag.py:4180} INFO - Setting next_dagrun for example_xcom_args to None, run_after=None
[2024-12-10T08:18:34.748+0000] {logging_mixin.py:190} INFO - [2024-12-10T08:18:34.748+0000] {dag.py:4180} INFO - Setting next_dagrun for example_xcom_args_with_operators to None, run_after=None
[2024-12-10T08:18:34.768+0000] {processor.py:208} INFO - Processing /home/airflow/.local/lib/python3.12/site-packages/airflow/example_dags/example_xcomargs.py took 0.096 seconds
[2024-12-10T08:19:04.885+0000] {processor.py:186} INFO - Started process (PID=527) to work on /home/airflow/.local/lib/python3.12/site-packages/airflow/example_dags/example_xcomargs.py
[2024-12-10T08:19:04.887+0000] {processor.py:914} INFO - Processing file /home/airflow/.local/lib/python3.12/site-packages/airflow/example_dags/example_xcomargs.py for tasks to queue
[2024-12-10T08:19:04.892+0000] {logging_mixin.py:190} INFO - [2024-12-10T08:19:04.891+0000] {dagbag.py:588} INFO - Filling up the DagBag from /home/airflow/.local/lib/python3.12/site-packages/airflow/example_dags/example_xcomargs.py
[2024-12-10T08:19:04.908+0000] {processor.py:925} INFO - DAG(s) 'example_xcom_args', 'example_xcom_args_with_operators' retrieved from /home/airflow/.local/lib/python3.12/site-packages/airflow/example_dags/example_xcomargs.py
[2024-12-10T08:19:04.937+0000] {logging_mixin.py:190} INFO - [2024-12-10T08:19:04.937+0000] {dag.py:3239} INFO - Sync 2 DAGs
[2024-12-10T08:19:04.962+0000] {logging_mixin.py:190} INFO - [2024-12-10T08:19:04.961+0000] {dag.py:4180} INFO - Setting next_dagrun for example_xcom_args to None, run_after=None
[2024-12-10T08:19:04.966+0000] {logging_mixin.py:190} INFO - [2024-12-10T08:19:04.966+0000] {dag.py:4180} INFO - Setting next_dagrun for example_xcom_args_with_operators to None, run_after=None
[2024-12-10T08:19:04.986+0000] {processor.py:208} INFO - Processing /home/airflow/.local/lib/python3.12/site-packages/airflow/example_dags/example_xcomargs.py took 0.118 seconds
[2024-12-10T08:19:36.005+0000] {processor.py:186} INFO - Started process (PID=590) to work on /home/airflow/.local/lib/python3.12/site-packages/airflow/example_dags/example_xcomargs.py
[2024-12-10T08:19:36.006+0000] {processor.py:914} INFO - Processing file /home/airflow/.local/lib/python3.12/site-packages/airflow/example_dags/example_xcomargs.py for tasks to queue
[2024-12-10T08:19:36.009+0000] {logging_mixin.py:190} INFO - [2024-12-10T08:19:36.009+0000] {dagbag.py:588} INFO - Filling up the DagBag from /home/airflow/.local/lib/python3.12/site-packages/airflow/example_dags/example_xcomargs.py
[2024-12-10T08:19:36.026+0000] {processor.py:925} INFO - DAG(s) 'example_xcom_args_with_operators', 'example_xcom_args' retrieved from /home/airflow/.local/lib/python3.12/site-packages/airflow/example_dags/example_xcomargs.py
[2024-12-10T08:19:36.057+0000] {logging_mixin.py:190} INFO - [2024-12-10T08:19:36.057+0000] {dag.py:3239} INFO - Sync 2 DAGs
[2024-12-10T08:19:36.076+0000] {logging_mixin.py:190} INFO - [2024-12-10T08:19:36.076+0000] {dag.py:4180} INFO - Setting next_dagrun for example_xcom_args to None, run_after=None
[2024-12-10T08:19:36.081+0000] {logging_mixin.py:190} INFO - [2024-12-10T08:19:36.081+0000] {dag.py:4180} INFO - Setting next_dagrun for example_xcom_args_with_operators to None, run_after=None
[2024-12-10T08:19:36.099+0000] {processor.py:208} INFO - Processing /home/airflow/.local/lib/python3.12/site-packages/airflow/example_dags/example_xcomargs.py took 0.101 seconds
[2024-12-10T08:20:06.386+0000] {processor.py:186} INFO - Started process (PID=653) to work on /home/airflow/.local/lib/python3.12/site-packages/airflow/example_dags/example_xcomargs.py
[2024-12-10T08:20:06.387+0000] {processor.py:914} INFO - Processing file /home/airflow/.local/lib/python3.12/site-packages/airflow/example_dags/example_xcomargs.py for tasks to queue
[2024-12-10T08:20:06.391+0000] {logging_mixin.py:190} INFO - [2024-12-10T08:20:06.390+0000] {dagbag.py:588} INFO - Filling up the DagBag from /home/airflow/.local/lib/python3.12/site-packages/airflow/example_dags/example_xcomargs.py
[2024-12-10T08:20:06.406+0000] {processor.py:925} INFO - DAG(s) 'example_xcom_args_with_operators', 'example_xcom_args' retrieved from /home/airflow/.local/lib/python3.12/site-packages/airflow/example_dags/example_xcomargs.py
[2024-12-10T08:20:06.442+0000] {logging_mixin.py:190} INFO - [2024-12-10T08:20:06.441+0000] {dag.py:3239} INFO - Sync 2 DAGs
[2024-12-10T08:20:06.461+0000] {logging_mixin.py:190} INFO - [2024-12-10T08:20:06.461+0000] {dag.py:4180} INFO - Setting next_dagrun for example_xcom_args to None, run_after=None
[2024-12-10T08:20:06.466+0000] {logging_mixin.py:190} INFO - [2024-12-10T08:20:06.466+0000] {dag.py:4180} INFO - Setting next_dagrun for example_xcom_args_with_operators to None, run_after=None
[2024-12-10T08:20:06.486+0000] {processor.py:208} INFO - Processing /home/airflow/.local/lib/python3.12/site-packages/airflow/example_dags/example_xcomargs.py took 0.107 seconds
