[2024-12-10T07:56:03.883+0000] {processor.py:186} INFO - Started process (PID=86) to work on /home/airflow/.local/lib/python3.12/site-packages/airflow/example_dags/example_trigger_target_dag.py
[2024-12-10T07:56:03.885+0000] {processor.py:914} INFO - Processing file /home/airflow/.local/lib/python3.12/site-packages/airflow/example_dags/example_trigger_target_dag.py for tasks to queue
[2024-12-10T07:56:03.894+0000] {logging_mixin.py:190} INFO - [2024-12-10T07:56:03.893+0000] {dagbag.py:588} INFO - Filling up the DagBag from /home/airflow/.local/lib/python3.12/site-packages/airflow/example_dags/example_trigger_target_dag.py
[2024-12-10T07:56:03.906+0000] {processor.py:925} INFO - DAG(s) 'example_trigger_target_dag' retrieved from /home/airflow/.local/lib/python3.12/site-packages/airflow/example_dags/example_trigger_target_dag.py
[2024-12-10T07:56:04.037+0000] {logging_mixin.py:190} INFO - [2024-12-10T07:56:04.036+0000] {override.py:1911} INFO - Created Permission View: can read on DAG:example_trigger_target_dag
[2024-12-10T07:56:04.050+0000] {logging_mixin.py:190} INFO - [2024-12-10T07:56:04.049+0000] {override.py:1911} INFO - Created Permission View: can edit on DAG:example_trigger_target_dag
[2024-12-10T07:56:04.058+0000] {logging_mixin.py:190} INFO - [2024-12-10T07:56:04.057+0000] {override.py:1911} INFO - Created Permission View: can delete on DAG:example_trigger_target_dag
[2024-12-10T07:56:04.068+0000] {logging_mixin.py:190} INFO - [2024-12-10T07:56:04.068+0000] {override.py:1911} INFO - Created Permission View: can read on DAG Run:example_trigger_target_dag
[2024-12-10T07:56:04.076+0000] {logging_mixin.py:190} INFO - [2024-12-10T07:56:04.076+0000] {override.py:1911} INFO - Created Permission View: menu access on DAG Run:example_trigger_target_dag
[2024-12-10T07:56:04.084+0000] {logging_mixin.py:190} INFO - [2024-12-10T07:56:04.084+0000] {override.py:1911} INFO - Created Permission View: can delete on DAG Run:example_trigger_target_dag
[2024-12-10T07:56:04.092+0000] {logging_mixin.py:190} INFO - [2024-12-10T07:56:04.092+0000] {override.py:1911} INFO - Created Permission View: can create on DAG Run:example_trigger_target_dag
[2024-12-10T07:56:04.093+0000] {logging_mixin.py:190} INFO - [2024-12-10T07:56:04.092+0000] {dag.py:3239} INFO - Sync 1 DAGs
[2024-12-10T07:56:04.109+0000] {logging_mixin.py:190} INFO - [2024-12-10T07:56:04.108+0000] {dag.py:3262} INFO - Creating ORM DAG for example_trigger_target_dag
[2024-12-10T07:56:04.110+0000] {logging_mixin.py:190} INFO - [2024-12-10T07:56:04.110+0000] {dag.py:4180} INFO - Setting next_dagrun for example_trigger_target_dag to None, run_after=None
[2024-12-10T07:56:04.131+0000] {processor.py:208} INFO - Processing /home/airflow/.local/lib/python3.12/site-packages/airflow/example_dags/example_trigger_target_dag.py took 0.257 seconds
[2024-12-10T07:56:34.754+0000] {processor.py:186} INFO - Started process (PID=148) to work on /home/airflow/.local/lib/python3.12/site-packages/airflow/example_dags/example_trigger_target_dag.py
[2024-12-10T07:56:34.755+0000] {processor.py:914} INFO - Processing file /home/airflow/.local/lib/python3.12/site-packages/airflow/example_dags/example_trigger_target_dag.py for tasks to queue
[2024-12-10T07:56:34.759+0000] {logging_mixin.py:190} INFO - [2024-12-10T07:56:34.758+0000] {dagbag.py:588} INFO - Filling up the DagBag from /home/airflow/.local/lib/python3.12/site-packages/airflow/example_dags/example_trigger_target_dag.py
[2024-12-10T07:56:34.771+0000] {processor.py:925} INFO - DAG(s) 'example_trigger_target_dag' retrieved from /home/airflow/.local/lib/python3.12/site-packages/airflow/example_dags/example_trigger_target_dag.py
[2024-12-10T07:56:34.798+0000] {logging_mixin.py:190} INFO - [2024-12-10T07:56:34.798+0000] {dag.py:3239} INFO - Sync 1 DAGs
[2024-12-10T07:56:34.820+0000] {logging_mixin.py:190} INFO - [2024-12-10T07:56:34.820+0000] {dag.py:4180} INFO - Setting next_dagrun for example_trigger_target_dag to None, run_after=None
[2024-12-10T07:56:34.849+0000] {processor.py:208} INFO - Processing /home/airflow/.local/lib/python3.12/site-packages/airflow/example_dags/example_trigger_target_dag.py took 0.105 seconds
[2024-12-10T07:57:05.350+0000] {processor.py:186} INFO - Started process (PID=211) to work on /home/airflow/.local/lib/python3.12/site-packages/airflow/example_dags/example_trigger_target_dag.py
[2024-12-10T07:57:05.351+0000] {processor.py:914} INFO - Processing file /home/airflow/.local/lib/python3.12/site-packages/airflow/example_dags/example_trigger_target_dag.py for tasks to queue
[2024-12-10T07:57:05.353+0000] {logging_mixin.py:190} INFO - [2024-12-10T07:57:05.353+0000] {dagbag.py:588} INFO - Filling up the DagBag from /home/airflow/.local/lib/python3.12/site-packages/airflow/example_dags/example_trigger_target_dag.py
[2024-12-10T07:57:05.362+0000] {processor.py:925} INFO - DAG(s) 'example_trigger_target_dag' retrieved from /home/airflow/.local/lib/python3.12/site-packages/airflow/example_dags/example_trigger_target_dag.py
[2024-12-10T07:57:05.382+0000] {logging_mixin.py:190} INFO - [2024-12-10T07:57:05.382+0000] {dag.py:3239} INFO - Sync 1 DAGs
[2024-12-10T07:57:05.398+0000] {logging_mixin.py:190} INFO - [2024-12-10T07:57:05.398+0000] {dag.py:4180} INFO - Setting next_dagrun for example_trigger_target_dag to None, run_after=None
[2024-12-10T07:57:05.420+0000] {processor.py:208} INFO - Processing /home/airflow/.local/lib/python3.12/site-packages/airflow/example_dags/example_trigger_target_dag.py took 0.077 seconds
[2024-12-10T07:57:35.713+0000] {processor.py:186} INFO - Started process (PID=274) to work on /home/airflow/.local/lib/python3.12/site-packages/airflow/example_dags/example_trigger_target_dag.py
[2024-12-10T07:57:35.714+0000] {processor.py:914} INFO - Processing file /home/airflow/.local/lib/python3.12/site-packages/airflow/example_dags/example_trigger_target_dag.py for tasks to queue
[2024-12-10T07:57:35.717+0000] {logging_mixin.py:190} INFO - [2024-12-10T07:57:35.717+0000] {dagbag.py:588} INFO - Filling up the DagBag from /home/airflow/.local/lib/python3.12/site-packages/airflow/example_dags/example_trigger_target_dag.py
[2024-12-10T07:57:35.725+0000] {processor.py:925} INFO - DAG(s) 'example_trigger_target_dag' retrieved from /home/airflow/.local/lib/python3.12/site-packages/airflow/example_dags/example_trigger_target_dag.py
[2024-12-10T07:57:35.747+0000] {logging_mixin.py:190} INFO - [2024-12-10T07:57:35.747+0000] {dag.py:3239} INFO - Sync 1 DAGs
[2024-12-10T07:57:35.763+0000] {logging_mixin.py:190} INFO - [2024-12-10T07:57:35.763+0000] {dag.py:4180} INFO - Setting next_dagrun for example_trigger_target_dag to None, run_after=None
[2024-12-10T07:57:35.787+0000] {processor.py:208} INFO - Processing /home/airflow/.local/lib/python3.12/site-packages/airflow/example_dags/example_trigger_target_dag.py took 0.080 seconds
[2024-12-10T07:58:06.691+0000] {processor.py:186} INFO - Started process (PID=337) to work on /home/airflow/.local/lib/python3.12/site-packages/airflow/example_dags/example_trigger_target_dag.py
[2024-12-10T07:58:06.692+0000] {processor.py:914} INFO - Processing file /home/airflow/.local/lib/python3.12/site-packages/airflow/example_dags/example_trigger_target_dag.py for tasks to queue
[2024-12-10T07:58:06.695+0000] {logging_mixin.py:190} INFO - [2024-12-10T07:58:06.694+0000] {dagbag.py:588} INFO - Filling up the DagBag from /home/airflow/.local/lib/python3.12/site-packages/airflow/example_dags/example_trigger_target_dag.py
[2024-12-10T07:58:06.703+0000] {processor.py:925} INFO - DAG(s) 'example_trigger_target_dag' retrieved from /home/airflow/.local/lib/python3.12/site-packages/airflow/example_dags/example_trigger_target_dag.py
[2024-12-10T07:58:06.725+0000] {logging_mixin.py:190} INFO - [2024-12-10T07:58:06.724+0000] {dag.py:3239} INFO - Sync 1 DAGs
[2024-12-10T07:58:06.741+0000] {logging_mixin.py:190} INFO - [2024-12-10T07:58:06.741+0000] {dag.py:4180} INFO - Setting next_dagrun for example_trigger_target_dag to None, run_after=None
[2024-12-10T07:58:06.761+0000] {processor.py:208} INFO - Processing /home/airflow/.local/lib/python3.12/site-packages/airflow/example_dags/example_trigger_target_dag.py took 0.076 seconds
[2024-12-10T07:58:37.498+0000] {processor.py:186} INFO - Started process (PID=400) to work on /home/airflow/.local/lib/python3.12/site-packages/airflow/example_dags/example_trigger_target_dag.py
[2024-12-10T07:58:37.499+0000] {processor.py:914} INFO - Processing file /home/airflow/.local/lib/python3.12/site-packages/airflow/example_dags/example_trigger_target_dag.py for tasks to queue
[2024-12-10T07:58:37.501+0000] {logging_mixin.py:190} INFO - [2024-12-10T07:58:37.501+0000] {dagbag.py:588} INFO - Filling up the DagBag from /home/airflow/.local/lib/python3.12/site-packages/airflow/example_dags/example_trigger_target_dag.py
[2024-12-10T07:58:37.510+0000] {processor.py:925} INFO - DAG(s) 'example_trigger_target_dag' retrieved from /home/airflow/.local/lib/python3.12/site-packages/airflow/example_dags/example_trigger_target_dag.py
[2024-12-10T07:58:37.529+0000] {logging_mixin.py:190} INFO - [2024-12-10T07:58:37.529+0000] {dag.py:3239} INFO - Sync 1 DAGs
[2024-12-10T07:58:37.544+0000] {logging_mixin.py:190} INFO - [2024-12-10T07:58:37.544+0000] {dag.py:4180} INFO - Setting next_dagrun for example_trigger_target_dag to None, run_after=None
[2024-12-10T07:58:37.565+0000] {processor.py:208} INFO - Processing /home/airflow/.local/lib/python3.12/site-packages/airflow/example_dags/example_trigger_target_dag.py took 0.072 seconds
[2024-12-10T07:59:07.810+0000] {processor.py:186} INFO - Started process (PID=463) to work on /home/airflow/.local/lib/python3.12/site-packages/airflow/example_dags/example_trigger_target_dag.py
[2024-12-10T07:59:07.811+0000] {processor.py:914} INFO - Processing file /home/airflow/.local/lib/python3.12/site-packages/airflow/example_dags/example_trigger_target_dag.py for tasks to queue
[2024-12-10T07:59:07.814+0000] {logging_mixin.py:190} INFO - [2024-12-10T07:59:07.813+0000] {dagbag.py:588} INFO - Filling up the DagBag from /home/airflow/.local/lib/python3.12/site-packages/airflow/example_dags/example_trigger_target_dag.py
[2024-12-10T07:59:07.821+0000] {processor.py:925} INFO - DAG(s) 'example_trigger_target_dag' retrieved from /home/airflow/.local/lib/python3.12/site-packages/airflow/example_dags/example_trigger_target_dag.py
[2024-12-10T07:59:07.840+0000] {logging_mixin.py:190} INFO - [2024-12-10T07:59:07.840+0000] {dag.py:3239} INFO - Sync 1 DAGs
[2024-12-10T07:59:07.854+0000] {logging_mixin.py:190} INFO - [2024-12-10T07:59:07.854+0000] {dag.py:4180} INFO - Setting next_dagrun for example_trigger_target_dag to None, run_after=None
[2024-12-10T07:59:07.880+0000] {processor.py:208} INFO - Processing /home/airflow/.local/lib/python3.12/site-packages/airflow/example_dags/example_trigger_target_dag.py took 0.076 seconds
[2024-12-10T07:59:38.265+0000] {processor.py:186} INFO - Started process (PID=526) to work on /home/airflow/.local/lib/python3.12/site-packages/airflow/example_dags/example_trigger_target_dag.py
[2024-12-10T07:59:38.266+0000] {processor.py:914} INFO - Processing file /home/airflow/.local/lib/python3.12/site-packages/airflow/example_dags/example_trigger_target_dag.py for tasks to queue
[2024-12-10T07:59:38.268+0000] {logging_mixin.py:190} INFO - [2024-12-10T07:59:38.268+0000] {dagbag.py:588} INFO - Filling up the DagBag from /home/airflow/.local/lib/python3.12/site-packages/airflow/example_dags/example_trigger_target_dag.py
[2024-12-10T07:59:38.276+0000] {processor.py:925} INFO - DAG(s) 'example_trigger_target_dag' retrieved from /home/airflow/.local/lib/python3.12/site-packages/airflow/example_dags/example_trigger_target_dag.py
[2024-12-10T07:59:38.296+0000] {logging_mixin.py:190} INFO - [2024-12-10T07:59:38.295+0000] {dag.py:3239} INFO - Sync 1 DAGs
[2024-12-10T07:59:38.311+0000] {logging_mixin.py:190} INFO - [2024-12-10T07:59:38.311+0000] {dag.py:4180} INFO - Setting next_dagrun for example_trigger_target_dag to None, run_after=None
[2024-12-10T07:59:38.335+0000] {processor.py:208} INFO - Processing /home/airflow/.local/lib/python3.12/site-packages/airflow/example_dags/example_trigger_target_dag.py took 0.076 seconds
[2024-12-10T08:00:08.454+0000] {processor.py:186} INFO - Started process (PID=589) to work on /home/airflow/.local/lib/python3.12/site-packages/airflow/example_dags/example_trigger_target_dag.py
[2024-12-10T08:00:08.456+0000] {processor.py:914} INFO - Processing file /home/airflow/.local/lib/python3.12/site-packages/airflow/example_dags/example_trigger_target_dag.py for tasks to queue
[2024-12-10T08:00:08.460+0000] {logging_mixin.py:190} INFO - [2024-12-10T08:00:08.459+0000] {dagbag.py:588} INFO - Filling up the DagBag from /home/airflow/.local/lib/python3.12/site-packages/airflow/example_dags/example_trigger_target_dag.py
[2024-12-10T08:00:08.468+0000] {processor.py:925} INFO - DAG(s) 'example_trigger_target_dag' retrieved from /home/airflow/.local/lib/python3.12/site-packages/airflow/example_dags/example_trigger_target_dag.py
[2024-12-10T08:00:08.490+0000] {logging_mixin.py:190} INFO - [2024-12-10T08:00:08.490+0000] {dag.py:3239} INFO - Sync 1 DAGs
[2024-12-10T08:00:08.505+0000] {logging_mixin.py:190} INFO - [2024-12-10T08:00:08.505+0000] {dag.py:4180} INFO - Setting next_dagrun for example_trigger_target_dag to None, run_after=None
[2024-12-10T08:00:08.533+0000] {processor.py:208} INFO - Processing /home/airflow/.local/lib/python3.12/site-packages/airflow/example_dags/example_trigger_target_dag.py took 0.086 seconds
[2024-12-10T08:00:39.301+0000] {processor.py:186} INFO - Started process (PID=652) to work on /home/airflow/.local/lib/python3.12/site-packages/airflow/example_dags/example_trigger_target_dag.py
[2024-12-10T08:00:39.302+0000] {processor.py:914} INFO - Processing file /home/airflow/.local/lib/python3.12/site-packages/airflow/example_dags/example_trigger_target_dag.py for tasks to queue
[2024-12-10T08:00:39.305+0000] {logging_mixin.py:190} INFO - [2024-12-10T08:00:39.304+0000] {dagbag.py:588} INFO - Filling up the DagBag from /home/airflow/.local/lib/python3.12/site-packages/airflow/example_dags/example_trigger_target_dag.py
[2024-12-10T08:00:39.313+0000] {processor.py:925} INFO - DAG(s) 'example_trigger_target_dag' retrieved from /home/airflow/.local/lib/python3.12/site-packages/airflow/example_dags/example_trigger_target_dag.py
[2024-12-10T08:00:39.331+0000] {logging_mixin.py:190} INFO - [2024-12-10T08:00:39.331+0000] {dag.py:3239} INFO - Sync 1 DAGs
[2024-12-10T08:00:39.344+0000] {logging_mixin.py:190} INFO - [2024-12-10T08:00:39.344+0000] {dag.py:4180} INFO - Setting next_dagrun for example_trigger_target_dag to None, run_after=None
[2024-12-10T08:00:39.362+0000] {processor.py:208} INFO - Processing /home/airflow/.local/lib/python3.12/site-packages/airflow/example_dags/example_trigger_target_dag.py took 0.066 seconds
[2024-12-10T08:01:09.748+0000] {processor.py:186} INFO - Started process (PID=715) to work on /home/airflow/.local/lib/python3.12/site-packages/airflow/example_dags/example_trigger_target_dag.py
[2024-12-10T08:01:09.750+0000] {processor.py:914} INFO - Processing file /home/airflow/.local/lib/python3.12/site-packages/airflow/example_dags/example_trigger_target_dag.py for tasks to queue
[2024-12-10T08:01:09.753+0000] {logging_mixin.py:190} INFO - [2024-12-10T08:01:09.752+0000] {dagbag.py:588} INFO - Filling up the DagBag from /home/airflow/.local/lib/python3.12/site-packages/airflow/example_dags/example_trigger_target_dag.py
[2024-12-10T08:01:09.765+0000] {processor.py:925} INFO - DAG(s) 'example_trigger_target_dag' retrieved from /home/airflow/.local/lib/python3.12/site-packages/airflow/example_dags/example_trigger_target_dag.py
[2024-12-10T08:01:09.794+0000] {logging_mixin.py:190} INFO - [2024-12-10T08:01:09.794+0000] {dag.py:3239} INFO - Sync 1 DAGs
[2024-12-10T08:01:09.819+0000] {logging_mixin.py:190} INFO - [2024-12-10T08:01:09.818+0000] {dag.py:4180} INFO - Setting next_dagrun for example_trigger_target_dag to None, run_after=None
[2024-12-10T08:01:09.851+0000] {processor.py:208} INFO - Processing /home/airflow/.local/lib/python3.12/site-packages/airflow/example_dags/example_trigger_target_dag.py took 0.113 seconds
[2024-12-10T08:01:39.995+0000] {processor.py:186} INFO - Started process (PID=778) to work on /home/airflow/.local/lib/python3.12/site-packages/airflow/example_dags/example_trigger_target_dag.py
[2024-12-10T08:01:39.997+0000] {processor.py:914} INFO - Processing file /home/airflow/.local/lib/python3.12/site-packages/airflow/example_dags/example_trigger_target_dag.py for tasks to queue
[2024-12-10T08:01:39.999+0000] {logging_mixin.py:190} INFO - [2024-12-10T08:01:39.999+0000] {dagbag.py:588} INFO - Filling up the DagBag from /home/airflow/.local/lib/python3.12/site-packages/airflow/example_dags/example_trigger_target_dag.py
[2024-12-10T08:01:40.009+0000] {processor.py:925} INFO - DAG(s) 'example_trigger_target_dag' retrieved from /home/airflow/.local/lib/python3.12/site-packages/airflow/example_dags/example_trigger_target_dag.py
[2024-12-10T08:01:40.030+0000] {logging_mixin.py:190} INFO - [2024-12-10T08:01:40.029+0000] {dag.py:3239} INFO - Sync 1 DAGs
[2024-12-10T08:01:40.045+0000] {logging_mixin.py:190} INFO - [2024-12-10T08:01:40.045+0000] {dag.py:4180} INFO - Setting next_dagrun for example_trigger_target_dag to None, run_after=None
[2024-12-10T08:01:40.067+0000] {processor.py:208} INFO - Processing /home/airflow/.local/lib/python3.12/site-packages/airflow/example_dags/example_trigger_target_dag.py took 0.078 seconds
[2024-12-10T08:02:10.444+0000] {processor.py:186} INFO - Started process (PID=841) to work on /home/airflow/.local/lib/python3.12/site-packages/airflow/example_dags/example_trigger_target_dag.py
[2024-12-10T08:02:10.445+0000] {processor.py:914} INFO - Processing file /home/airflow/.local/lib/python3.12/site-packages/airflow/example_dags/example_trigger_target_dag.py for tasks to queue
[2024-12-10T08:02:10.448+0000] {logging_mixin.py:190} INFO - [2024-12-10T08:02:10.448+0000] {dagbag.py:588} INFO - Filling up the DagBag from /home/airflow/.local/lib/python3.12/site-packages/airflow/example_dags/example_trigger_target_dag.py
[2024-12-10T08:02:10.455+0000] {processor.py:925} INFO - DAG(s) 'example_trigger_target_dag' retrieved from /home/airflow/.local/lib/python3.12/site-packages/airflow/example_dags/example_trigger_target_dag.py
[2024-12-10T08:02:10.474+0000] {logging_mixin.py:190} INFO - [2024-12-10T08:02:10.474+0000] {dag.py:3239} INFO - Sync 1 DAGs
[2024-12-10T08:02:10.493+0000] {logging_mixin.py:190} INFO - [2024-12-10T08:02:10.493+0000] {dag.py:4180} INFO - Setting next_dagrun for example_trigger_target_dag to None, run_after=None
[2024-12-10T08:02:10.517+0000] {processor.py:208} INFO - Processing /home/airflow/.local/lib/python3.12/site-packages/airflow/example_dags/example_trigger_target_dag.py took 0.078 seconds
[2024-12-10T08:02:40.800+0000] {processor.py:186} INFO - Started process (PID=904) to work on /home/airflow/.local/lib/python3.12/site-packages/airflow/example_dags/example_trigger_target_dag.py
[2024-12-10T08:02:40.801+0000] {processor.py:914} INFO - Processing file /home/airflow/.local/lib/python3.12/site-packages/airflow/example_dags/example_trigger_target_dag.py for tasks to queue
[2024-12-10T08:02:40.803+0000] {logging_mixin.py:190} INFO - [2024-12-10T08:02:40.803+0000] {dagbag.py:588} INFO - Filling up the DagBag from /home/airflow/.local/lib/python3.12/site-packages/airflow/example_dags/example_trigger_target_dag.py
[2024-12-10T08:02:40.812+0000] {processor.py:925} INFO - DAG(s) 'example_trigger_target_dag' retrieved from /home/airflow/.local/lib/python3.12/site-packages/airflow/example_dags/example_trigger_target_dag.py
[2024-12-10T08:02:40.834+0000] {logging_mixin.py:190} INFO - [2024-12-10T08:02:40.834+0000] {dag.py:3239} INFO - Sync 1 DAGs
[2024-12-10T08:02:40.853+0000] {logging_mixin.py:190} INFO - [2024-12-10T08:02:40.853+0000] {dag.py:4180} INFO - Setting next_dagrun for example_trigger_target_dag to None, run_after=None
[2024-12-10T08:02:40.874+0000] {processor.py:208} INFO - Processing /home/airflow/.local/lib/python3.12/site-packages/airflow/example_dags/example_trigger_target_dag.py took 0.082 seconds
[2024-12-10T08:03:11.003+0000] {processor.py:186} INFO - Started process (PID=967) to work on /home/airflow/.local/lib/python3.12/site-packages/airflow/example_dags/example_trigger_target_dag.py
[2024-12-10T08:03:11.004+0000] {processor.py:914} INFO - Processing file /home/airflow/.local/lib/python3.12/site-packages/airflow/example_dags/example_trigger_target_dag.py for tasks to queue
[2024-12-10T08:03:11.007+0000] {logging_mixin.py:190} INFO - [2024-12-10T08:03:11.006+0000] {dagbag.py:588} INFO - Filling up the DagBag from /home/airflow/.local/lib/python3.12/site-packages/airflow/example_dags/example_trigger_target_dag.py
[2024-12-10T08:03:11.017+0000] {processor.py:925} INFO - DAG(s) 'example_trigger_target_dag' retrieved from /home/airflow/.local/lib/python3.12/site-packages/airflow/example_dags/example_trigger_target_dag.py
[2024-12-10T08:03:11.037+0000] {logging_mixin.py:190} INFO - [2024-12-10T08:03:11.036+0000] {dag.py:3239} INFO - Sync 1 DAGs
[2024-12-10T08:03:11.051+0000] {logging_mixin.py:190} INFO - [2024-12-10T08:03:11.051+0000] {dag.py:4180} INFO - Setting next_dagrun for example_trigger_target_dag to None, run_after=None
[2024-12-10T08:03:11.072+0000] {processor.py:208} INFO - Processing /home/airflow/.local/lib/python3.12/site-packages/airflow/example_dags/example_trigger_target_dag.py took 0.075 seconds
[2024-12-10T08:03:41.317+0000] {processor.py:186} INFO - Started process (PID=1030) to work on /home/airflow/.local/lib/python3.12/site-packages/airflow/example_dags/example_trigger_target_dag.py
[2024-12-10T08:03:41.319+0000] {processor.py:914} INFO - Processing file /home/airflow/.local/lib/python3.12/site-packages/airflow/example_dags/example_trigger_target_dag.py for tasks to queue
[2024-12-10T08:03:41.322+0000] {logging_mixin.py:190} INFO - [2024-12-10T08:03:41.321+0000] {dagbag.py:588} INFO - Filling up the DagBag from /home/airflow/.local/lib/python3.12/site-packages/airflow/example_dags/example_trigger_target_dag.py
[2024-12-10T08:03:41.330+0000] {processor.py:925} INFO - DAG(s) 'example_trigger_target_dag' retrieved from /home/airflow/.local/lib/python3.12/site-packages/airflow/example_dags/example_trigger_target_dag.py
[2024-12-10T08:03:41.350+0000] {logging_mixin.py:190} INFO - [2024-12-10T08:03:41.350+0000] {dag.py:3239} INFO - Sync 1 DAGs
[2024-12-10T08:03:41.367+0000] {logging_mixin.py:190} INFO - [2024-12-10T08:03:41.367+0000] {dag.py:4180} INFO - Setting next_dagrun for example_trigger_target_dag to None, run_after=None
[2024-12-10T08:03:41.391+0000] {processor.py:208} INFO - Processing /home/airflow/.local/lib/python3.12/site-packages/airflow/example_dags/example_trigger_target_dag.py took 0.079 seconds
[2024-12-10T08:04:11.635+0000] {processor.py:186} INFO - Started process (PID=1093) to work on /home/airflow/.local/lib/python3.12/site-packages/airflow/example_dags/example_trigger_target_dag.py
[2024-12-10T08:04:11.637+0000] {processor.py:914} INFO - Processing file /home/airflow/.local/lib/python3.12/site-packages/airflow/example_dags/example_trigger_target_dag.py for tasks to queue
[2024-12-10T08:04:11.639+0000] {logging_mixin.py:190} INFO - [2024-12-10T08:04:11.639+0000] {dagbag.py:588} INFO - Filling up the DagBag from /home/airflow/.local/lib/python3.12/site-packages/airflow/example_dags/example_trigger_target_dag.py
[2024-12-10T08:04:11.650+0000] {processor.py:925} INFO - DAG(s) 'example_trigger_target_dag' retrieved from /home/airflow/.local/lib/python3.12/site-packages/airflow/example_dags/example_trigger_target_dag.py
[2024-12-10T08:04:11.678+0000] {logging_mixin.py:190} INFO - [2024-12-10T08:04:11.678+0000] {dag.py:3239} INFO - Sync 1 DAGs
[2024-12-10T08:04:11.698+0000] {logging_mixin.py:190} INFO - [2024-12-10T08:04:11.697+0000] {dag.py:4180} INFO - Setting next_dagrun for example_trigger_target_dag to None, run_after=None
[2024-12-10T08:04:11.723+0000] {processor.py:208} INFO - Processing /home/airflow/.local/lib/python3.12/site-packages/airflow/example_dags/example_trigger_target_dag.py took 0.096 seconds
[2024-12-10T08:04:42.572+0000] {processor.py:186} INFO - Started process (PID=1156) to work on /home/airflow/.local/lib/python3.12/site-packages/airflow/example_dags/example_trigger_target_dag.py
[2024-12-10T08:04:42.575+0000] {processor.py:914} INFO - Processing file /home/airflow/.local/lib/python3.12/site-packages/airflow/example_dags/example_trigger_target_dag.py for tasks to queue
[2024-12-10T08:04:42.584+0000] {logging_mixin.py:190} INFO - [2024-12-10T08:04:42.582+0000] {dagbag.py:588} INFO - Filling up the DagBag from /home/airflow/.local/lib/python3.12/site-packages/airflow/example_dags/example_trigger_target_dag.py
[2024-12-10T08:04:42.608+0000] {processor.py:925} INFO - DAG(s) 'example_trigger_target_dag' retrieved from /home/airflow/.local/lib/python3.12/site-packages/airflow/example_dags/example_trigger_target_dag.py
[2024-12-10T08:04:42.650+0000] {logging_mixin.py:190} INFO - [2024-12-10T08:04:42.649+0000] {dag.py:3239} INFO - Sync 1 DAGs
[2024-12-10T08:04:42.685+0000] {logging_mixin.py:190} INFO - [2024-12-10T08:04:42.685+0000] {dag.py:4180} INFO - Setting next_dagrun for example_trigger_target_dag to None, run_after=None
[2024-12-10T08:04:42.726+0000] {processor.py:208} INFO - Processing /home/airflow/.local/lib/python3.12/site-packages/airflow/example_dags/example_trigger_target_dag.py took 0.170 seconds
[2024-12-10T08:05:12.881+0000] {processor.py:186} INFO - Started process (PID=1219) to work on /home/airflow/.local/lib/python3.12/site-packages/airflow/example_dags/example_trigger_target_dag.py
[2024-12-10T08:05:12.882+0000] {processor.py:914} INFO - Processing file /home/airflow/.local/lib/python3.12/site-packages/airflow/example_dags/example_trigger_target_dag.py for tasks to queue
[2024-12-10T08:05:12.895+0000] {logging_mixin.py:190} INFO - [2024-12-10T08:05:12.891+0000] {dagbag.py:588} INFO - Filling up the DagBag from /home/airflow/.local/lib/python3.12/site-packages/airflow/example_dags/example_trigger_target_dag.py
[2024-12-10T08:05:12.914+0000] {processor.py:925} INFO - DAG(s) 'example_trigger_target_dag' retrieved from /home/airflow/.local/lib/python3.12/site-packages/airflow/example_dags/example_trigger_target_dag.py
[2024-12-10T08:05:12.962+0000] {logging_mixin.py:190} INFO - [2024-12-10T08:05:12.961+0000] {dag.py:3239} INFO - Sync 1 DAGs
[2024-12-10T08:05:12.989+0000] {logging_mixin.py:190} INFO - [2024-12-10T08:05:12.989+0000] {dag.py:4180} INFO - Setting next_dagrun for example_trigger_target_dag to None, run_after=None
[2024-12-10T08:05:13.020+0000] {processor.py:208} INFO - Processing /home/airflow/.local/lib/python3.12/site-packages/airflow/example_dags/example_trigger_target_dag.py took 0.160 seconds
[2024-12-10T08:05:43.917+0000] {processor.py:186} INFO - Started process (PID=1282) to work on /home/airflow/.local/lib/python3.12/site-packages/airflow/example_dags/example_trigger_target_dag.py
[2024-12-10T08:05:43.918+0000] {processor.py:914} INFO - Processing file /home/airflow/.local/lib/python3.12/site-packages/airflow/example_dags/example_trigger_target_dag.py for tasks to queue
[2024-12-10T08:05:43.920+0000] {logging_mixin.py:190} INFO - [2024-12-10T08:05:43.920+0000] {dagbag.py:588} INFO - Filling up the DagBag from /home/airflow/.local/lib/python3.12/site-packages/airflow/example_dags/example_trigger_target_dag.py
[2024-12-10T08:05:43.930+0000] {processor.py:925} INFO - DAG(s) 'example_trigger_target_dag' retrieved from /home/airflow/.local/lib/python3.12/site-packages/airflow/example_dags/example_trigger_target_dag.py
[2024-12-10T08:05:43.951+0000] {logging_mixin.py:190} INFO - [2024-12-10T08:05:43.950+0000] {dag.py:3239} INFO - Sync 1 DAGs
[2024-12-10T08:05:43.964+0000] {logging_mixin.py:190} INFO - [2024-12-10T08:05:43.964+0000] {dag.py:4180} INFO - Setting next_dagrun for example_trigger_target_dag to None, run_after=None
[2024-12-10T08:05:43.983+0000] {processor.py:208} INFO - Processing /home/airflow/.local/lib/python3.12/site-packages/airflow/example_dags/example_trigger_target_dag.py took 0.072 seconds
[2024-12-10T08:06:14.100+0000] {processor.py:186} INFO - Started process (PID=1345) to work on /home/airflow/.local/lib/python3.12/site-packages/airflow/example_dags/example_trigger_target_dag.py
[2024-12-10T08:06:14.101+0000] {processor.py:914} INFO - Processing file /home/airflow/.local/lib/python3.12/site-packages/airflow/example_dags/example_trigger_target_dag.py for tasks to queue
[2024-12-10T08:06:14.104+0000] {logging_mixin.py:190} INFO - [2024-12-10T08:06:14.104+0000] {dagbag.py:588} INFO - Filling up the DagBag from /home/airflow/.local/lib/python3.12/site-packages/airflow/example_dags/example_trigger_target_dag.py
[2024-12-10T08:06:14.112+0000] {processor.py:925} INFO - DAG(s) 'example_trigger_target_dag' retrieved from /home/airflow/.local/lib/python3.12/site-packages/airflow/example_dags/example_trigger_target_dag.py
[2024-12-10T08:06:14.131+0000] {logging_mixin.py:190} INFO - [2024-12-10T08:06:14.131+0000] {dag.py:3239} INFO - Sync 1 DAGs
[2024-12-10T08:06:14.146+0000] {logging_mixin.py:190} INFO - [2024-12-10T08:06:14.146+0000] {dag.py:4180} INFO - Setting next_dagrun for example_trigger_target_dag to None, run_after=None
[2024-12-10T08:06:14.168+0000] {processor.py:208} INFO - Processing /home/airflow/.local/lib/python3.12/site-packages/airflow/example_dags/example_trigger_target_dag.py took 0.073 seconds
[2024-12-10T08:06:44.986+0000] {processor.py:186} INFO - Started process (PID=1408) to work on /home/airflow/.local/lib/python3.12/site-packages/airflow/example_dags/example_trigger_target_dag.py
[2024-12-10T08:06:44.988+0000] {processor.py:914} INFO - Processing file /home/airflow/.local/lib/python3.12/site-packages/airflow/example_dags/example_trigger_target_dag.py for tasks to queue
[2024-12-10T08:06:44.996+0000] {logging_mixin.py:190} INFO - [2024-12-10T08:06:44.994+0000] {dagbag.py:588} INFO - Filling up the DagBag from /home/airflow/.local/lib/python3.12/site-packages/airflow/example_dags/example_trigger_target_dag.py
[2024-12-10T08:06:45.036+0000] {processor.py:925} INFO - DAG(s) 'example_trigger_target_dag' retrieved from /home/airflow/.local/lib/python3.12/site-packages/airflow/example_dags/example_trigger_target_dag.py
[2024-12-10T08:06:45.122+0000] {logging_mixin.py:190} INFO - [2024-12-10T08:06:45.121+0000] {dag.py:3239} INFO - Sync 1 DAGs
[2024-12-10T08:06:45.184+0000] {logging_mixin.py:190} INFO - [2024-12-10T08:06:45.183+0000] {dag.py:4180} INFO - Setting next_dagrun for example_trigger_target_dag to None, run_after=None
[2024-12-10T08:06:45.257+0000] {processor.py:208} INFO - Processing /home/airflow/.local/lib/python3.12/site-packages/airflow/example_dags/example_trigger_target_dag.py took 0.293 seconds
[2024-12-10T08:08:25.921+0000] {processor.py:186} INFO - Started process (PID=86) to work on /home/airflow/.local/lib/python3.12/site-packages/airflow/example_dags/example_trigger_target_dag.py
[2024-12-10T08:08:25.923+0000] {processor.py:914} INFO - Processing file /home/airflow/.local/lib/python3.12/site-packages/airflow/example_dags/example_trigger_target_dag.py for tasks to queue
[2024-12-10T08:08:25.926+0000] {logging_mixin.py:190} INFO - [2024-12-10T08:08:25.926+0000] {dagbag.py:588} INFO - Filling up the DagBag from /home/airflow/.local/lib/python3.12/site-packages/airflow/example_dags/example_trigger_target_dag.py
[2024-12-10T08:08:25.938+0000] {processor.py:925} INFO - DAG(s) 'example_trigger_target_dag' retrieved from /home/airflow/.local/lib/python3.12/site-packages/airflow/example_dags/example_trigger_target_dag.py
[2024-12-10T08:08:25.962+0000] {logging_mixin.py:190} INFO - [2024-12-10T08:08:25.961+0000] {dag.py:3239} INFO - Sync 1 DAGs
[2024-12-10T08:08:25.983+0000] {logging_mixin.py:190} INFO - [2024-12-10T08:08:25.983+0000] {dag.py:4180} INFO - Setting next_dagrun for example_trigger_target_dag to None, run_after=None
[2024-12-10T08:08:26.097+0000] {processor.py:208} INFO - Processing /home/airflow/.local/lib/python3.12/site-packages/airflow/example_dags/example_trigger_target_dag.py took 0.183 seconds
[2024-12-10T08:08:56.811+0000] {processor.py:186} INFO - Started process (PID=148) to work on /home/airflow/.local/lib/python3.12/site-packages/airflow/example_dags/example_trigger_target_dag.py
[2024-12-10T08:08:56.812+0000] {processor.py:914} INFO - Processing file /home/airflow/.local/lib/python3.12/site-packages/airflow/example_dags/example_trigger_target_dag.py for tasks to queue
[2024-12-10T08:08:56.815+0000] {logging_mixin.py:190} INFO - [2024-12-10T08:08:56.815+0000] {dagbag.py:588} INFO - Filling up the DagBag from /home/airflow/.local/lib/python3.12/site-packages/airflow/example_dags/example_trigger_target_dag.py
[2024-12-10T08:08:56.825+0000] {processor.py:925} INFO - DAG(s) 'example_trigger_target_dag' retrieved from /home/airflow/.local/lib/python3.12/site-packages/airflow/example_dags/example_trigger_target_dag.py
[2024-12-10T08:08:56.848+0000] {logging_mixin.py:190} INFO - [2024-12-10T08:08:56.847+0000] {dag.py:3239} INFO - Sync 1 DAGs
[2024-12-10T08:08:56.867+0000] {logging_mixin.py:190} INFO - [2024-12-10T08:08:56.867+0000] {dag.py:4180} INFO - Setting next_dagrun for example_trigger_target_dag to None, run_after=None
[2024-12-10T08:08:56.893+0000] {processor.py:208} INFO - Processing /home/airflow/.local/lib/python3.12/site-packages/airflow/example_dags/example_trigger_target_dag.py took 0.090 seconds
[2024-12-10T08:09:27.510+0000] {processor.py:186} INFO - Started process (PID=211) to work on /home/airflow/.local/lib/python3.12/site-packages/airflow/example_dags/example_trigger_target_dag.py
[2024-12-10T08:09:27.511+0000] {processor.py:914} INFO - Processing file /home/airflow/.local/lib/python3.12/site-packages/airflow/example_dags/example_trigger_target_dag.py for tasks to queue
[2024-12-10T08:09:27.515+0000] {logging_mixin.py:190} INFO - [2024-12-10T08:09:27.515+0000] {dagbag.py:588} INFO - Filling up the DagBag from /home/airflow/.local/lib/python3.12/site-packages/airflow/example_dags/example_trigger_target_dag.py
[2024-12-10T08:09:27.529+0000] {processor.py:925} INFO - DAG(s) 'example_trigger_target_dag' retrieved from /home/airflow/.local/lib/python3.12/site-packages/airflow/example_dags/example_trigger_target_dag.py
[2024-12-10T08:09:27.553+0000] {logging_mixin.py:190} INFO - [2024-12-10T08:09:27.553+0000] {dag.py:3239} INFO - Sync 1 DAGs
[2024-12-10T08:09:27.574+0000] {logging_mixin.py:190} INFO - [2024-12-10T08:09:27.574+0000] {dag.py:4180} INFO - Setting next_dagrun for example_trigger_target_dag to None, run_after=None
[2024-12-10T08:09:27.599+0000] {processor.py:208} INFO - Processing /home/airflow/.local/lib/python3.12/site-packages/airflow/example_dags/example_trigger_target_dag.py took 0.098 seconds
[2024-12-10T08:09:57.813+0000] {processor.py:186} INFO - Started process (PID=274) to work on /home/airflow/.local/lib/python3.12/site-packages/airflow/example_dags/example_trigger_target_dag.py
[2024-12-10T08:09:57.814+0000] {processor.py:914} INFO - Processing file /home/airflow/.local/lib/python3.12/site-packages/airflow/example_dags/example_trigger_target_dag.py for tasks to queue
[2024-12-10T08:09:57.818+0000] {logging_mixin.py:190} INFO - [2024-12-10T08:09:57.818+0000] {dagbag.py:588} INFO - Filling up the DagBag from /home/airflow/.local/lib/python3.12/site-packages/airflow/example_dags/example_trigger_target_dag.py
[2024-12-10T08:09:57.829+0000] {processor.py:925} INFO - DAG(s) 'example_trigger_target_dag' retrieved from /home/airflow/.local/lib/python3.12/site-packages/airflow/example_dags/example_trigger_target_dag.py
[2024-12-10T08:09:57.858+0000] {logging_mixin.py:190} INFO - [2024-12-10T08:09:57.858+0000] {dag.py:3239} INFO - Sync 1 DAGs
[2024-12-10T08:09:57.878+0000] {logging_mixin.py:190} INFO - [2024-12-10T08:09:57.877+0000] {dag.py:4180} INFO - Setting next_dagrun for example_trigger_target_dag to None, run_after=None
[2024-12-10T08:09:57.904+0000] {processor.py:208} INFO - Processing /home/airflow/.local/lib/python3.12/site-packages/airflow/example_dags/example_trigger_target_dag.py took 0.099 seconds
[2024-12-10T08:10:28.109+0000] {processor.py:186} INFO - Started process (PID=337) to work on /home/airflow/.local/lib/python3.12/site-packages/airflow/example_dags/example_trigger_target_dag.py
[2024-12-10T08:10:28.110+0000] {processor.py:914} INFO - Processing file /home/airflow/.local/lib/python3.12/site-packages/airflow/example_dags/example_trigger_target_dag.py for tasks to queue
[2024-12-10T08:10:28.113+0000] {logging_mixin.py:190} INFO - [2024-12-10T08:10:28.113+0000] {dagbag.py:588} INFO - Filling up the DagBag from /home/airflow/.local/lib/python3.12/site-packages/airflow/example_dags/example_trigger_target_dag.py
[2024-12-10T08:10:28.123+0000] {processor.py:925} INFO - DAG(s) 'example_trigger_target_dag' retrieved from /home/airflow/.local/lib/python3.12/site-packages/airflow/example_dags/example_trigger_target_dag.py
[2024-12-10T08:10:28.148+0000] {logging_mixin.py:190} INFO - [2024-12-10T08:10:28.148+0000] {dag.py:3239} INFO - Sync 1 DAGs
[2024-12-10T08:10:28.166+0000] {logging_mixin.py:190} INFO - [2024-12-10T08:10:28.166+0000] {dag.py:4180} INFO - Setting next_dagrun for example_trigger_target_dag to None, run_after=None
[2024-12-10T08:10:28.189+0000] {processor.py:208} INFO - Processing /home/airflow/.local/lib/python3.12/site-packages/airflow/example_dags/example_trigger_target_dag.py took 0.088 seconds
[2024-12-10T08:10:58.845+0000] {processor.py:186} INFO - Started process (PID=400) to work on /home/airflow/.local/lib/python3.12/site-packages/airflow/example_dags/example_trigger_target_dag.py
[2024-12-10T08:10:58.846+0000] {processor.py:914} INFO - Processing file /home/airflow/.local/lib/python3.12/site-packages/airflow/example_dags/example_trigger_target_dag.py for tasks to queue
[2024-12-10T08:10:58.848+0000] {logging_mixin.py:190} INFO - [2024-12-10T08:10:58.848+0000] {dagbag.py:588} INFO - Filling up the DagBag from /home/airflow/.local/lib/python3.12/site-packages/airflow/example_dags/example_trigger_target_dag.py
[2024-12-10T08:10:58.857+0000] {processor.py:925} INFO - DAG(s) 'example_trigger_target_dag' retrieved from /home/airflow/.local/lib/python3.12/site-packages/airflow/example_dags/example_trigger_target_dag.py
[2024-12-10T08:10:58.884+0000] {logging_mixin.py:190} INFO - [2024-12-10T08:10:58.883+0000] {dag.py:3239} INFO - Sync 1 DAGs
[2024-12-10T08:10:58.902+0000] {logging_mixin.py:190} INFO - [2024-12-10T08:10:58.902+0000] {dag.py:4180} INFO - Setting next_dagrun for example_trigger_target_dag to None, run_after=None
[2024-12-10T08:10:58.928+0000] {processor.py:208} INFO - Processing /home/airflow/.local/lib/python3.12/site-packages/airflow/example_dags/example_trigger_target_dag.py took 0.089 seconds
[2024-12-10T08:11:29.280+0000] {processor.py:186} INFO - Started process (PID=463) to work on /home/airflow/.local/lib/python3.12/site-packages/airflow/example_dags/example_trigger_target_dag.py
[2024-12-10T08:11:29.282+0000] {processor.py:914} INFO - Processing file /home/airflow/.local/lib/python3.12/site-packages/airflow/example_dags/example_trigger_target_dag.py for tasks to queue
[2024-12-10T08:11:29.286+0000] {logging_mixin.py:190} INFO - [2024-12-10T08:11:29.285+0000] {dagbag.py:588} INFO - Filling up the DagBag from /home/airflow/.local/lib/python3.12/site-packages/airflow/example_dags/example_trigger_target_dag.py
[2024-12-10T08:11:29.298+0000] {processor.py:925} INFO - DAG(s) 'example_trigger_target_dag' retrieved from /home/airflow/.local/lib/python3.12/site-packages/airflow/example_dags/example_trigger_target_dag.py
[2024-12-10T08:11:29.328+0000] {logging_mixin.py:190} INFO - [2024-12-10T08:11:29.327+0000] {dag.py:3239} INFO - Sync 1 DAGs
[2024-12-10T08:11:29.347+0000] {logging_mixin.py:190} INFO - [2024-12-10T08:11:29.347+0000] {dag.py:4180} INFO - Setting next_dagrun for example_trigger_target_dag to None, run_after=None
[2024-12-10T08:11:29.377+0000] {processor.py:208} INFO - Processing /home/airflow/.local/lib/python3.12/site-packages/airflow/example_dags/example_trigger_target_dag.py took 0.106 seconds
[2024-12-10T08:11:59.543+0000] {processor.py:186} INFO - Started process (PID=526) to work on /home/airflow/.local/lib/python3.12/site-packages/airflow/example_dags/example_trigger_target_dag.py
[2024-12-10T08:11:59.544+0000] {processor.py:914} INFO - Processing file /home/airflow/.local/lib/python3.12/site-packages/airflow/example_dags/example_trigger_target_dag.py for tasks to queue
[2024-12-10T08:11:59.547+0000] {logging_mixin.py:190} INFO - [2024-12-10T08:11:59.547+0000] {dagbag.py:588} INFO - Filling up the DagBag from /home/airflow/.local/lib/python3.12/site-packages/airflow/example_dags/example_trigger_target_dag.py
[2024-12-10T08:11:59.558+0000] {processor.py:925} INFO - DAG(s) 'example_trigger_target_dag' retrieved from /home/airflow/.local/lib/python3.12/site-packages/airflow/example_dags/example_trigger_target_dag.py
[2024-12-10T08:11:59.581+0000] {logging_mixin.py:190} INFO - [2024-12-10T08:11:59.581+0000] {dag.py:3239} INFO - Sync 1 DAGs
[2024-12-10T08:11:59.599+0000] {logging_mixin.py:190} INFO - [2024-12-10T08:11:59.599+0000] {dag.py:4180} INFO - Setting next_dagrun for example_trigger_target_dag to None, run_after=None
[2024-12-10T08:11:59.624+0000] {processor.py:208} INFO - Processing /home/airflow/.local/lib/python3.12/site-packages/airflow/example_dags/example_trigger_target_dag.py took 0.089 seconds
[2024-12-10T08:12:29.869+0000] {processor.py:186} INFO - Started process (PID=589) to work on /home/airflow/.local/lib/python3.12/site-packages/airflow/example_dags/example_trigger_target_dag.py
[2024-12-10T08:12:29.871+0000] {processor.py:914} INFO - Processing file /home/airflow/.local/lib/python3.12/site-packages/airflow/example_dags/example_trigger_target_dag.py for tasks to queue
[2024-12-10T08:12:29.874+0000] {logging_mixin.py:190} INFO - [2024-12-10T08:12:29.874+0000] {dagbag.py:588} INFO - Filling up the DagBag from /home/airflow/.local/lib/python3.12/site-packages/airflow/example_dags/example_trigger_target_dag.py
[2024-12-10T08:12:29.888+0000] {processor.py:925} INFO - DAG(s) 'example_trigger_target_dag' retrieved from /home/airflow/.local/lib/python3.12/site-packages/airflow/example_dags/example_trigger_target_dag.py
[2024-12-10T08:12:29.911+0000] {logging_mixin.py:190} INFO - [2024-12-10T08:12:29.911+0000] {dag.py:3239} INFO - Sync 1 DAGs
[2024-12-10T08:12:29.929+0000] {logging_mixin.py:190} INFO - [2024-12-10T08:12:29.929+0000] {dag.py:4180} INFO - Setting next_dagrun for example_trigger_target_dag to None, run_after=None
[2024-12-10T08:12:29.952+0000] {processor.py:208} INFO - Processing /home/airflow/.local/lib/python3.12/site-packages/airflow/example_dags/example_trigger_target_dag.py took 0.091 seconds
[2024-12-10T08:13:00.631+0000] {processor.py:186} INFO - Started process (PID=652) to work on /home/airflow/.local/lib/python3.12/site-packages/airflow/example_dags/example_trigger_target_dag.py
[2024-12-10T08:13:00.632+0000] {processor.py:914} INFO - Processing file /home/airflow/.local/lib/python3.12/site-packages/airflow/example_dags/example_trigger_target_dag.py for tasks to queue
[2024-12-10T08:13:00.634+0000] {logging_mixin.py:190} INFO - [2024-12-10T08:13:00.634+0000] {dagbag.py:588} INFO - Filling up the DagBag from /home/airflow/.local/lib/python3.12/site-packages/airflow/example_dags/example_trigger_target_dag.py
[2024-12-10T08:13:00.644+0000] {processor.py:925} INFO - DAG(s) 'example_trigger_target_dag' retrieved from /home/airflow/.local/lib/python3.12/site-packages/airflow/example_dags/example_trigger_target_dag.py
[2024-12-10T08:13:00.665+0000] {logging_mixin.py:190} INFO - [2024-12-10T08:13:00.665+0000] {dag.py:3239} INFO - Sync 1 DAGs
[2024-12-10T08:13:00.682+0000] {logging_mixin.py:190} INFO - [2024-12-10T08:13:00.681+0000] {dag.py:4180} INFO - Setting next_dagrun for example_trigger_target_dag to None, run_after=None
[2024-12-10T08:13:00.702+0000] {processor.py:208} INFO - Processing /home/airflow/.local/lib/python3.12/site-packages/airflow/example_dags/example_trigger_target_dag.py took 0.079 seconds
[2024-12-10T08:13:31.189+0000] {processor.py:186} INFO - Started process (PID=715) to work on /home/airflow/.local/lib/python3.12/site-packages/airflow/example_dags/example_trigger_target_dag.py
[2024-12-10T08:13:31.191+0000] {processor.py:914} INFO - Processing file /home/airflow/.local/lib/python3.12/site-packages/airflow/example_dags/example_trigger_target_dag.py for tasks to queue
[2024-12-10T08:13:31.196+0000] {logging_mixin.py:190} INFO - [2024-12-10T08:13:31.195+0000] {dagbag.py:588} INFO - Filling up the DagBag from /home/airflow/.local/lib/python3.12/site-packages/airflow/example_dags/example_trigger_target_dag.py
[2024-12-10T08:13:31.208+0000] {processor.py:925} INFO - DAG(s) 'example_trigger_target_dag' retrieved from /home/airflow/.local/lib/python3.12/site-packages/airflow/example_dags/example_trigger_target_dag.py
[2024-12-10T08:13:31.237+0000] {logging_mixin.py:190} INFO - [2024-12-10T08:13:31.237+0000] {dag.py:3239} INFO - Sync 1 DAGs
[2024-12-10T08:13:31.257+0000] {logging_mixin.py:190} INFO - [2024-12-10T08:13:31.257+0000] {dag.py:4180} INFO - Setting next_dagrun for example_trigger_target_dag to None, run_after=None
[2024-12-10T08:13:31.284+0000] {processor.py:208} INFO - Processing /home/airflow/.local/lib/python3.12/site-packages/airflow/example_dags/example_trigger_target_dag.py took 0.104 seconds
[2024-12-10T08:14:01.764+0000] {processor.py:186} INFO - Started process (PID=778) to work on /home/airflow/.local/lib/python3.12/site-packages/airflow/example_dags/example_trigger_target_dag.py
[2024-12-10T08:14:01.765+0000] {processor.py:914} INFO - Processing file /home/airflow/.local/lib/python3.12/site-packages/airflow/example_dags/example_trigger_target_dag.py for tasks to queue
[2024-12-10T08:14:01.768+0000] {logging_mixin.py:190} INFO - [2024-12-10T08:14:01.768+0000] {dagbag.py:588} INFO - Filling up the DagBag from /home/airflow/.local/lib/python3.12/site-packages/airflow/example_dags/example_trigger_target_dag.py
[2024-12-10T08:14:01.778+0000] {processor.py:925} INFO - DAG(s) 'example_trigger_target_dag' retrieved from /home/airflow/.local/lib/python3.12/site-packages/airflow/example_dags/example_trigger_target_dag.py
[2024-12-10T08:14:01.801+0000] {logging_mixin.py:190} INFO - [2024-12-10T08:14:01.800+0000] {dag.py:3239} INFO - Sync 1 DAGs
[2024-12-10T08:14:01.819+0000] {logging_mixin.py:190} INFO - [2024-12-10T08:14:01.819+0000] {dag.py:4180} INFO - Setting next_dagrun for example_trigger_target_dag to None, run_after=None
[2024-12-10T08:14:01.842+0000] {processor.py:208} INFO - Processing /home/airflow/.local/lib/python3.12/site-packages/airflow/example_dags/example_trigger_target_dag.py took 0.086 seconds
[2024-12-10T08:15:32.244+0000] {processor.py:186} INFO - Started process (PID=86) to work on /home/airflow/.local/lib/python3.12/site-packages/airflow/example_dags/example_trigger_target_dag.py
[2024-12-10T08:15:32.245+0000] {processor.py:914} INFO - Processing file /home/airflow/.local/lib/python3.12/site-packages/airflow/example_dags/example_trigger_target_dag.py for tasks to queue
[2024-12-10T08:15:32.249+0000] {logging_mixin.py:190} INFO - [2024-12-10T08:15:32.248+0000] {dagbag.py:588} INFO - Filling up the DagBag from /home/airflow/.local/lib/python3.12/site-packages/airflow/example_dags/example_trigger_target_dag.py
[2024-12-10T08:15:32.262+0000] {processor.py:925} INFO - DAG(s) 'example_trigger_target_dag' retrieved from /home/airflow/.local/lib/python3.12/site-packages/airflow/example_dags/example_trigger_target_dag.py
[2024-12-10T08:15:32.289+0000] {logging_mixin.py:190} INFO - [2024-12-10T08:15:32.288+0000] {dag.py:3239} INFO - Sync 1 DAGs
[2024-12-10T08:15:32.307+0000] {logging_mixin.py:190} INFO - [2024-12-10T08:15:32.307+0000] {dag.py:4180} INFO - Setting next_dagrun for example_trigger_target_dag to None, run_after=None
[2024-12-10T08:15:32.334+0000] {processor.py:208} INFO - Processing /home/airflow/.local/lib/python3.12/site-packages/airflow/example_dags/example_trigger_target_dag.py took 0.097 seconds
[2024-12-10T08:16:02.641+0000] {processor.py:186} INFO - Started process (PID=148) to work on /home/airflow/.local/lib/python3.12/site-packages/airflow/example_dags/example_trigger_target_dag.py
[2024-12-10T08:16:02.642+0000] {processor.py:914} INFO - Processing file /home/airflow/.local/lib/python3.12/site-packages/airflow/example_dags/example_trigger_target_dag.py for tasks to queue
[2024-12-10T08:16:02.649+0000] {logging_mixin.py:190} INFO - [2024-12-10T08:16:02.648+0000] {dagbag.py:588} INFO - Filling up the DagBag from /home/airflow/.local/lib/python3.12/site-packages/airflow/example_dags/example_trigger_target_dag.py
[2024-12-10T08:16:02.673+0000] {processor.py:925} INFO - DAG(s) 'example_trigger_target_dag' retrieved from /home/airflow/.local/lib/python3.12/site-packages/airflow/example_dags/example_trigger_target_dag.py
[2024-12-10T08:16:02.715+0000] {logging_mixin.py:190} INFO - [2024-12-10T08:16:02.714+0000] {dag.py:3239} INFO - Sync 1 DAGs
[2024-12-10T08:16:02.760+0000] {logging_mixin.py:190} INFO - [2024-12-10T08:16:02.759+0000] {dag.py:4180} INFO - Setting next_dagrun for example_trigger_target_dag to None, run_after=None
[2024-12-10T08:16:02.797+0000] {processor.py:208} INFO - Processing /home/airflow/.local/lib/python3.12/site-packages/airflow/example_dags/example_trigger_target_dag.py took 0.173 seconds
[2024-12-10T08:16:32.910+0000] {processor.py:186} INFO - Started process (PID=211) to work on /home/airflow/.local/lib/python3.12/site-packages/airflow/example_dags/example_trigger_target_dag.py
[2024-12-10T08:16:32.911+0000] {processor.py:914} INFO - Processing file /home/airflow/.local/lib/python3.12/site-packages/airflow/example_dags/example_trigger_target_dag.py for tasks to queue
[2024-12-10T08:16:32.915+0000] {logging_mixin.py:190} INFO - [2024-12-10T08:16:32.915+0000] {dagbag.py:588} INFO - Filling up the DagBag from /home/airflow/.local/lib/python3.12/site-packages/airflow/example_dags/example_trigger_target_dag.py
[2024-12-10T08:16:32.928+0000] {processor.py:925} INFO - DAG(s) 'example_trigger_target_dag' retrieved from /home/airflow/.local/lib/python3.12/site-packages/airflow/example_dags/example_trigger_target_dag.py
[2024-12-10T08:16:32.951+0000] {logging_mixin.py:190} INFO - [2024-12-10T08:16:32.951+0000] {dag.py:3239} INFO - Sync 1 DAGs
[2024-12-10T08:16:32.968+0000] {logging_mixin.py:190} INFO - [2024-12-10T08:16:32.968+0000] {dag.py:4180} INFO - Setting next_dagrun for example_trigger_target_dag to None, run_after=None
[2024-12-10T08:16:32.989+0000] {processor.py:208} INFO - Processing /home/airflow/.local/lib/python3.12/site-packages/airflow/example_dags/example_trigger_target_dag.py took 0.088 seconds
[2024-12-10T08:17:03.334+0000] {processor.py:186} INFO - Started process (PID=274) to work on /home/airflow/.local/lib/python3.12/site-packages/airflow/example_dags/example_trigger_target_dag.py
[2024-12-10T08:17:03.335+0000] {processor.py:914} INFO - Processing file /home/airflow/.local/lib/python3.12/site-packages/airflow/example_dags/example_trigger_target_dag.py for tasks to queue
[2024-12-10T08:17:03.339+0000] {logging_mixin.py:190} INFO - [2024-12-10T08:17:03.339+0000] {dagbag.py:588} INFO - Filling up the DagBag from /home/airflow/.local/lib/python3.12/site-packages/airflow/example_dags/example_trigger_target_dag.py
[2024-12-10T08:17:03.348+0000] {processor.py:925} INFO - DAG(s) 'example_trigger_target_dag' retrieved from /home/airflow/.local/lib/python3.12/site-packages/airflow/example_dags/example_trigger_target_dag.py
[2024-12-10T08:17:03.370+0000] {logging_mixin.py:190} INFO - [2024-12-10T08:17:03.370+0000] {dag.py:3239} INFO - Sync 1 DAGs
[2024-12-10T08:17:03.388+0000] {logging_mixin.py:190} INFO - [2024-12-10T08:17:03.387+0000] {dag.py:4180} INFO - Setting next_dagrun for example_trigger_target_dag to None, run_after=None
[2024-12-10T08:17:03.411+0000] {processor.py:208} INFO - Processing /home/airflow/.local/lib/python3.12/site-packages/airflow/example_dags/example_trigger_target_dag.py took 0.084 seconds
[2024-12-10T08:17:33.916+0000] {processor.py:186} INFO - Started process (PID=337) to work on /home/airflow/.local/lib/python3.12/site-packages/airflow/example_dags/example_trigger_target_dag.py
[2024-12-10T08:17:33.917+0000] {processor.py:914} INFO - Processing file /home/airflow/.local/lib/python3.12/site-packages/airflow/example_dags/example_trigger_target_dag.py for tasks to queue
[2024-12-10T08:17:33.920+0000] {logging_mixin.py:190} INFO - [2024-12-10T08:17:33.920+0000] {dagbag.py:588} INFO - Filling up the DagBag from /home/airflow/.local/lib/python3.12/site-packages/airflow/example_dags/example_trigger_target_dag.py
[2024-12-10T08:17:33.930+0000] {processor.py:925} INFO - DAG(s) 'example_trigger_target_dag' retrieved from /home/airflow/.local/lib/python3.12/site-packages/airflow/example_dags/example_trigger_target_dag.py
[2024-12-10T08:17:33.956+0000] {logging_mixin.py:190} INFO - [2024-12-10T08:17:33.956+0000] {dag.py:3239} INFO - Sync 1 DAGs
[2024-12-10T08:17:33.980+0000] {logging_mixin.py:190} INFO - [2024-12-10T08:17:33.980+0000] {dag.py:4180} INFO - Setting next_dagrun for example_trigger_target_dag to None, run_after=None
[2024-12-10T08:17:34.002+0000] {processor.py:208} INFO - Processing /home/airflow/.local/lib/python3.12/site-packages/airflow/example_dags/example_trigger_target_dag.py took 0.094 seconds
[2024-12-10T08:18:04.111+0000] {processor.py:186} INFO - Started process (PID=400) to work on /home/airflow/.local/lib/python3.12/site-packages/airflow/example_dags/example_trigger_target_dag.py
[2024-12-10T08:18:04.113+0000] {processor.py:914} INFO - Processing file /home/airflow/.local/lib/python3.12/site-packages/airflow/example_dags/example_trigger_target_dag.py for tasks to queue
[2024-12-10T08:18:04.115+0000] {logging_mixin.py:190} INFO - [2024-12-10T08:18:04.115+0000] {dagbag.py:588} INFO - Filling up the DagBag from /home/airflow/.local/lib/python3.12/site-packages/airflow/example_dags/example_trigger_target_dag.py
[2024-12-10T08:18:04.126+0000] {processor.py:925} INFO - DAG(s) 'example_trigger_target_dag' retrieved from /home/airflow/.local/lib/python3.12/site-packages/airflow/example_dags/example_trigger_target_dag.py
[2024-12-10T08:18:04.149+0000] {logging_mixin.py:190} INFO - [2024-12-10T08:18:04.149+0000] {dag.py:3239} INFO - Sync 1 DAGs
[2024-12-10T08:18:04.170+0000] {logging_mixin.py:190} INFO - [2024-12-10T08:18:04.169+0000] {dag.py:4180} INFO - Setting next_dagrun for example_trigger_target_dag to None, run_after=None
[2024-12-10T08:18:04.193+0000] {processor.py:208} INFO - Processing /home/airflow/.local/lib/python3.12/site-packages/airflow/example_dags/example_trigger_target_dag.py took 0.089 seconds
[2024-12-10T08:18:34.605+0000] {processor.py:186} INFO - Started process (PID=463) to work on /home/airflow/.local/lib/python3.12/site-packages/airflow/example_dags/example_trigger_target_dag.py
[2024-12-10T08:18:34.606+0000] {processor.py:914} INFO - Processing file /home/airflow/.local/lib/python3.12/site-packages/airflow/example_dags/example_trigger_target_dag.py for tasks to queue
[2024-12-10T08:18:34.609+0000] {logging_mixin.py:190} INFO - [2024-12-10T08:18:34.609+0000] {dagbag.py:588} INFO - Filling up the DagBag from /home/airflow/.local/lib/python3.12/site-packages/airflow/example_dags/example_trigger_target_dag.py
[2024-12-10T08:18:34.618+0000] {processor.py:925} INFO - DAG(s) 'example_trigger_target_dag' retrieved from /home/airflow/.local/lib/python3.12/site-packages/airflow/example_dags/example_trigger_target_dag.py
[2024-12-10T08:18:34.639+0000] {logging_mixin.py:190} INFO - [2024-12-10T08:18:34.638+0000] {dag.py:3239} INFO - Sync 1 DAGs
[2024-12-10T08:18:34.655+0000] {logging_mixin.py:190} INFO - [2024-12-10T08:18:34.655+0000] {dag.py:4180} INFO - Setting next_dagrun for example_trigger_target_dag to None, run_after=None
[2024-12-10T08:18:34.678+0000] {processor.py:208} INFO - Processing /home/airflow/.local/lib/python3.12/site-packages/airflow/example_dags/example_trigger_target_dag.py took 0.080 seconds
[2024-12-10T08:19:04.793+0000] {processor.py:186} INFO - Started process (PID=526) to work on /home/airflow/.local/lib/python3.12/site-packages/airflow/example_dags/example_trigger_target_dag.py
[2024-12-10T08:19:04.794+0000] {processor.py:914} INFO - Processing file /home/airflow/.local/lib/python3.12/site-packages/airflow/example_dags/example_trigger_target_dag.py for tasks to queue
[2024-12-10T08:19:04.796+0000] {logging_mixin.py:190} INFO - [2024-12-10T08:19:04.796+0000] {dagbag.py:588} INFO - Filling up the DagBag from /home/airflow/.local/lib/python3.12/site-packages/airflow/example_dags/example_trigger_target_dag.py
[2024-12-10T08:19:04.806+0000] {processor.py:925} INFO - DAG(s) 'example_trigger_target_dag' retrieved from /home/airflow/.local/lib/python3.12/site-packages/airflow/example_dags/example_trigger_target_dag.py
[2024-12-10T08:19:04.828+0000] {logging_mixin.py:190} INFO - [2024-12-10T08:19:04.827+0000] {dag.py:3239} INFO - Sync 1 DAGs
[2024-12-10T08:19:04.845+0000] {logging_mixin.py:190} INFO - [2024-12-10T08:19:04.844+0000] {dag.py:4180} INFO - Setting next_dagrun for example_trigger_target_dag to None, run_after=None
[2024-12-10T08:19:04.897+0000] {processor.py:208} INFO - Processing /home/airflow/.local/lib/python3.12/site-packages/airflow/example_dags/example_trigger_target_dag.py took 0.111 seconds
[2024-12-10T08:19:35.934+0000] {processor.py:186} INFO - Started process (PID=589) to work on /home/airflow/.local/lib/python3.12/site-packages/airflow/example_dags/example_trigger_target_dag.py
[2024-12-10T08:19:35.935+0000] {processor.py:914} INFO - Processing file /home/airflow/.local/lib/python3.12/site-packages/airflow/example_dags/example_trigger_target_dag.py for tasks to queue
[2024-12-10T08:19:35.938+0000] {logging_mixin.py:190} INFO - [2024-12-10T08:19:35.938+0000] {dagbag.py:588} INFO - Filling up the DagBag from /home/airflow/.local/lib/python3.12/site-packages/airflow/example_dags/example_trigger_target_dag.py
[2024-12-10T08:19:35.948+0000] {processor.py:925} INFO - DAG(s) 'example_trigger_target_dag' retrieved from /home/airflow/.local/lib/python3.12/site-packages/airflow/example_dags/example_trigger_target_dag.py
[2024-12-10T08:19:35.971+0000] {logging_mixin.py:190} INFO - [2024-12-10T08:19:35.971+0000] {dag.py:3239} INFO - Sync 1 DAGs
[2024-12-10T08:19:35.991+0000] {logging_mixin.py:190} INFO - [2024-12-10T08:19:35.991+0000] {dag.py:4180} INFO - Setting next_dagrun for example_trigger_target_dag to None, run_after=None
[2024-12-10T08:19:36.012+0000] {processor.py:208} INFO - Processing /home/airflow/.local/lib/python3.12/site-packages/airflow/example_dags/example_trigger_target_dag.py took 0.085 seconds
[2024-12-10T08:20:06.318+0000] {processor.py:186} INFO - Started process (PID=652) to work on /home/airflow/.local/lib/python3.12/site-packages/airflow/example_dags/example_trigger_target_dag.py
[2024-12-10T08:20:06.319+0000] {processor.py:914} INFO - Processing file /home/airflow/.local/lib/python3.12/site-packages/airflow/example_dags/example_trigger_target_dag.py for tasks to queue
[2024-12-10T08:20:06.322+0000] {logging_mixin.py:190} INFO - [2024-12-10T08:20:06.321+0000] {dagbag.py:588} INFO - Filling up the DagBag from /home/airflow/.local/lib/python3.12/site-packages/airflow/example_dags/example_trigger_target_dag.py
[2024-12-10T08:20:06.332+0000] {processor.py:925} INFO - DAG(s) 'example_trigger_target_dag' retrieved from /home/airflow/.local/lib/python3.12/site-packages/airflow/example_dags/example_trigger_target_dag.py
[2024-12-10T08:20:06.358+0000] {logging_mixin.py:190} INFO - [2024-12-10T08:20:06.357+0000] {dag.py:3239} INFO - Sync 1 DAGs
[2024-12-10T08:20:06.382+0000] {logging_mixin.py:190} INFO - [2024-12-10T08:20:06.382+0000] {dag.py:4180} INFO - Setting next_dagrun for example_trigger_target_dag to None, run_after=None
[2024-12-10T08:20:06.409+0000] {processor.py:208} INFO - Processing /home/airflow/.local/lib/python3.12/site-packages/airflow/example_dags/example_trigger_target_dag.py took 0.098 seconds
