[2024-12-10T07:56:07.366+0000] {processor.py:186} INFO - Started process (PID=99) to work on /home/airflow/.local/lib/python3.12/site-packages/airflow/example_dags/example_skip_dag.py
[2024-12-10T07:56:07.367+0000] {processor.py:914} INFO - Processing file /home/airflow/.local/lib/python3.12/site-packages/airflow/example_dags/example_skip_dag.py for tasks to queue
[2024-12-10T07:56:07.370+0000] {logging_mixin.py:190} INFO - [2024-12-10T07:56:07.370+0000] {dagbag.py:588} INFO - Filling up the DagBag from /home/airflow/.local/lib/python3.12/site-packages/airflow/example_dags/example_skip_dag.py
[2024-12-10T07:56:07.383+0000] {processor.py:925} INFO - DAG(s) 'example_skip_dag' retrieved from /home/airflow/.local/lib/python3.12/site-packages/airflow/example_dags/example_skip_dag.py
[2024-12-10T07:56:07.538+0000] {logging_mixin.py:190} INFO - [2024-12-10T07:56:07.537+0000] {override.py:1911} INFO - Created Permission View: can read on DAG:example_skip_dag
[2024-12-10T07:56:07.551+0000] {logging_mixin.py:190} INFO - [2024-12-10T07:56:07.551+0000] {override.py:1911} INFO - Created Permission View: can edit on DAG:example_skip_dag
[2024-12-10T07:56:07.560+0000] {logging_mixin.py:190} INFO - [2024-12-10T07:56:07.559+0000] {override.py:1911} INFO - Created Permission View: can delete on DAG:example_skip_dag
[2024-12-10T07:56:07.569+0000] {logging_mixin.py:190} INFO - [2024-12-10T07:56:07.568+0000] {override.py:1911} INFO - Created Permission View: can read on DAG Run:example_skip_dag
[2024-12-10T07:56:07.577+0000] {logging_mixin.py:190} INFO - [2024-12-10T07:56:07.576+0000] {override.py:1911} INFO - Created Permission View: menu access on DAG Run:example_skip_dag
[2024-12-10T07:56:07.585+0000] {logging_mixin.py:190} INFO - [2024-12-10T07:56:07.585+0000] {override.py:1911} INFO - Created Permission View: can delete on DAG Run:example_skip_dag
[2024-12-10T07:56:07.594+0000] {logging_mixin.py:190} INFO - [2024-12-10T07:56:07.594+0000] {override.py:1911} INFO - Created Permission View: can create on DAG Run:example_skip_dag
[2024-12-10T07:56:07.595+0000] {logging_mixin.py:190} INFO - [2024-12-10T07:56:07.595+0000] {dag.py:3239} INFO - Sync 1 DAGs
[2024-12-10T07:56:07.612+0000] {logging_mixin.py:190} INFO - [2024-12-10T07:56:07.611+0000] {dag.py:3262} INFO - Creating ORM DAG for example_skip_dag
[2024-12-10T07:56:07.624+0000] {logging_mixin.py:190} INFO - [2024-12-10T07:56:07.624+0000] {dag.py:4180} INFO - Setting next_dagrun for example_skip_dag to 2024-12-09 00:00:00+00:00, run_after=2024-12-10 00:00:00+00:00
[2024-12-10T07:56:07.644+0000] {processor.py:208} INFO - Processing /home/airflow/.local/lib/python3.12/site-packages/airflow/example_dags/example_skip_dag.py took 0.286 seconds
[2024-12-10T07:56:37.893+0000] {processor.py:186} INFO - Started process (PID=162) to work on /home/airflow/.local/lib/python3.12/site-packages/airflow/example_dags/example_skip_dag.py
[2024-12-10T07:56:37.894+0000] {processor.py:914} INFO - Processing file /home/airflow/.local/lib/python3.12/site-packages/airflow/example_dags/example_skip_dag.py for tasks to queue
[2024-12-10T07:56:37.897+0000] {logging_mixin.py:190} INFO - [2024-12-10T07:56:37.897+0000] {dagbag.py:588} INFO - Filling up the DagBag from /home/airflow/.local/lib/python3.12/site-packages/airflow/example_dags/example_skip_dag.py
[2024-12-10T07:56:37.906+0000] {processor.py:925} INFO - DAG(s) 'example_skip_dag' retrieved from /home/airflow/.local/lib/python3.12/site-packages/airflow/example_dags/example_skip_dag.py
[2024-12-10T07:56:37.940+0000] {logging_mixin.py:190} INFO - [2024-12-10T07:56:37.940+0000] {dag.py:3239} INFO - Sync 1 DAGs
[2024-12-10T07:56:37.971+0000] {logging_mixin.py:190} INFO - [2024-12-10T07:56:37.971+0000] {dag.py:4180} INFO - Setting next_dagrun for example_skip_dag to 2024-12-09 00:00:00+00:00, run_after=2024-12-10 00:00:00+00:00
[2024-12-10T07:56:37.996+0000] {processor.py:208} INFO - Processing /home/airflow/.local/lib/python3.12/site-packages/airflow/example_dags/example_skip_dag.py took 0.112 seconds
[2024-12-10T07:57:08.940+0000] {processor.py:186} INFO - Started process (PID=225) to work on /home/airflow/.local/lib/python3.12/site-packages/airflow/example_dags/example_skip_dag.py
[2024-12-10T07:57:08.941+0000] {processor.py:914} INFO - Processing file /home/airflow/.local/lib/python3.12/site-packages/airflow/example_dags/example_skip_dag.py for tasks to queue
[2024-12-10T07:57:08.944+0000] {logging_mixin.py:190} INFO - [2024-12-10T07:57:08.944+0000] {dagbag.py:588} INFO - Filling up the DagBag from /home/airflow/.local/lib/python3.12/site-packages/airflow/example_dags/example_skip_dag.py
[2024-12-10T07:57:08.953+0000] {processor.py:925} INFO - DAG(s) 'example_skip_dag' retrieved from /home/airflow/.local/lib/python3.12/site-packages/airflow/example_dags/example_skip_dag.py
[2024-12-10T07:57:08.974+0000] {logging_mixin.py:190} INFO - [2024-12-10T07:57:08.973+0000] {dag.py:3239} INFO - Sync 1 DAGs
[2024-12-10T07:57:08.998+0000] {logging_mixin.py:190} INFO - [2024-12-10T07:57:08.998+0000] {dag.py:4180} INFO - Setting next_dagrun for example_skip_dag to 2024-12-09 00:00:00+00:00, run_after=2024-12-10 00:00:00+00:00
[2024-12-10T07:57:09.015+0000] {processor.py:208} INFO - Processing /home/airflow/.local/lib/python3.12/site-packages/airflow/example_dags/example_skip_dag.py took 0.081 seconds
[2024-12-10T07:57:40.365+0000] {processor.py:186} INFO - Started process (PID=288) to work on /home/airflow/.local/lib/python3.12/site-packages/airflow/example_dags/example_skip_dag.py
[2024-12-10T07:57:40.367+0000] {processor.py:914} INFO - Processing file /home/airflow/.local/lib/python3.12/site-packages/airflow/example_dags/example_skip_dag.py for tasks to queue
[2024-12-10T07:57:40.370+0000] {logging_mixin.py:190} INFO - [2024-12-10T07:57:40.370+0000] {dagbag.py:588} INFO - Filling up the DagBag from /home/airflow/.local/lib/python3.12/site-packages/airflow/example_dags/example_skip_dag.py
[2024-12-10T07:57:40.380+0000] {processor.py:925} INFO - DAG(s) 'example_skip_dag' retrieved from /home/airflow/.local/lib/python3.12/site-packages/airflow/example_dags/example_skip_dag.py
[2024-12-10T07:57:40.405+0000] {logging_mixin.py:190} INFO - [2024-12-10T07:57:40.405+0000] {dag.py:3239} INFO - Sync 1 DAGs
[2024-12-10T07:57:40.434+0000] {logging_mixin.py:190} INFO - [2024-12-10T07:57:40.434+0000] {dag.py:4180} INFO - Setting next_dagrun for example_skip_dag to 2024-12-09 00:00:00+00:00, run_after=2024-12-10 00:00:00+00:00
[2024-12-10T07:57:40.456+0000] {processor.py:208} INFO - Processing /home/airflow/.local/lib/python3.12/site-packages/airflow/example_dags/example_skip_dag.py took 0.098 seconds
[2024-12-10T07:58:11.566+0000] {processor.py:186} INFO - Started process (PID=351) to work on /home/airflow/.local/lib/python3.12/site-packages/airflow/example_dags/example_skip_dag.py
[2024-12-10T07:58:11.568+0000] {processor.py:914} INFO - Processing file /home/airflow/.local/lib/python3.12/site-packages/airflow/example_dags/example_skip_dag.py for tasks to queue
[2024-12-10T07:58:11.572+0000] {logging_mixin.py:190} INFO - [2024-12-10T07:58:11.571+0000] {dagbag.py:588} INFO - Filling up the DagBag from /home/airflow/.local/lib/python3.12/site-packages/airflow/example_dags/example_skip_dag.py
[2024-12-10T07:58:11.587+0000] {processor.py:925} INFO - DAG(s) 'example_skip_dag' retrieved from /home/airflow/.local/lib/python3.12/site-packages/airflow/example_dags/example_skip_dag.py
[2024-12-10T07:58:11.623+0000] {logging_mixin.py:190} INFO - [2024-12-10T07:58:11.622+0000] {dag.py:3239} INFO - Sync 1 DAGs
[2024-12-10T07:58:11.673+0000] {logging_mixin.py:190} INFO - [2024-12-10T07:58:11.673+0000] {dag.py:4180} INFO - Setting next_dagrun for example_skip_dag to 2024-12-09 00:00:00+00:00, run_after=2024-12-10 00:00:00+00:00
[2024-12-10T07:58:11.708+0000] {processor.py:208} INFO - Processing /home/airflow/.local/lib/python3.12/site-packages/airflow/example_dags/example_skip_dag.py took 0.150 seconds
[2024-12-10T07:58:42.701+0000] {processor.py:186} INFO - Started process (PID=414) to work on /home/airflow/.local/lib/python3.12/site-packages/airflow/example_dags/example_skip_dag.py
[2024-12-10T07:58:42.703+0000] {processor.py:914} INFO - Processing file /home/airflow/.local/lib/python3.12/site-packages/airflow/example_dags/example_skip_dag.py for tasks to queue
[2024-12-10T07:58:42.708+0000] {logging_mixin.py:190} INFO - [2024-12-10T07:58:42.707+0000] {dagbag.py:588} INFO - Filling up the DagBag from /home/airflow/.local/lib/python3.12/site-packages/airflow/example_dags/example_skip_dag.py
[2024-12-10T07:58:42.720+0000] {processor.py:925} INFO - DAG(s) 'example_skip_dag' retrieved from /home/airflow/.local/lib/python3.12/site-packages/airflow/example_dags/example_skip_dag.py
[2024-12-10T07:58:42.750+0000] {logging_mixin.py:190} INFO - [2024-12-10T07:58:42.750+0000] {dag.py:3239} INFO - Sync 1 DAGs
[2024-12-10T07:58:42.783+0000] {logging_mixin.py:190} INFO - [2024-12-10T07:58:42.783+0000] {dag.py:4180} INFO - Setting next_dagrun for example_skip_dag to 2024-12-09 00:00:00+00:00, run_after=2024-12-10 00:00:00+00:00
[2024-12-10T07:58:42.808+0000] {processor.py:208} INFO - Processing /home/airflow/.local/lib/python3.12/site-packages/airflow/example_dags/example_skip_dag.py took 0.115 seconds
[2024-12-10T07:59:13.801+0000] {processor.py:186} INFO - Started process (PID=477) to work on /home/airflow/.local/lib/python3.12/site-packages/airflow/example_dags/example_skip_dag.py
[2024-12-10T07:59:13.803+0000] {processor.py:914} INFO - Processing file /home/airflow/.local/lib/python3.12/site-packages/airflow/example_dags/example_skip_dag.py for tasks to queue
[2024-12-10T07:59:13.807+0000] {logging_mixin.py:190} INFO - [2024-12-10T07:59:13.806+0000] {dagbag.py:588} INFO - Filling up the DagBag from /home/airflow/.local/lib/python3.12/site-packages/airflow/example_dags/example_skip_dag.py
[2024-12-10T07:59:13.819+0000] {processor.py:925} INFO - DAG(s) 'example_skip_dag' retrieved from /home/airflow/.local/lib/python3.12/site-packages/airflow/example_dags/example_skip_dag.py
[2024-12-10T07:59:13.854+0000] {logging_mixin.py:190} INFO - [2024-12-10T07:59:13.854+0000] {dag.py:3239} INFO - Sync 1 DAGs
[2024-12-10T07:59:13.888+0000] {logging_mixin.py:190} INFO - [2024-12-10T07:59:13.888+0000] {dag.py:4180} INFO - Setting next_dagrun for example_skip_dag to 2024-12-09 00:00:00+00:00, run_after=2024-12-10 00:00:00+00:00
[2024-12-10T07:59:13.916+0000] {processor.py:208} INFO - Processing /home/airflow/.local/lib/python3.12/site-packages/airflow/example_dags/example_skip_dag.py took 0.124 seconds
[2024-12-10T07:59:45.011+0000] {processor.py:186} INFO - Started process (PID=540) to work on /home/airflow/.local/lib/python3.12/site-packages/airflow/example_dags/example_skip_dag.py
[2024-12-10T07:59:45.012+0000] {processor.py:914} INFO - Processing file /home/airflow/.local/lib/python3.12/site-packages/airflow/example_dags/example_skip_dag.py for tasks to queue
[2024-12-10T07:59:45.016+0000] {logging_mixin.py:190} INFO - [2024-12-10T07:59:45.016+0000] {dagbag.py:588} INFO - Filling up the DagBag from /home/airflow/.local/lib/python3.12/site-packages/airflow/example_dags/example_skip_dag.py
[2024-12-10T07:59:45.026+0000] {processor.py:925} INFO - DAG(s) 'example_skip_dag' retrieved from /home/airflow/.local/lib/python3.12/site-packages/airflow/example_dags/example_skip_dag.py
[2024-12-10T07:59:45.049+0000] {logging_mixin.py:190} INFO - [2024-12-10T07:59:45.049+0000] {dag.py:3239} INFO - Sync 1 DAGs
[2024-12-10T07:59:45.076+0000] {logging_mixin.py:190} INFO - [2024-12-10T07:59:45.075+0000] {dag.py:4180} INFO - Setting next_dagrun for example_skip_dag to 2024-12-09 00:00:00+00:00, run_after=2024-12-10 00:00:00+00:00
[2024-12-10T07:59:45.096+0000] {processor.py:208} INFO - Processing /home/airflow/.local/lib/python3.12/site-packages/airflow/example_dags/example_skip_dag.py took 0.092 seconds
[2024-12-10T08:00:16.339+0000] {processor.py:186} INFO - Started process (PID=603) to work on /home/airflow/.local/lib/python3.12/site-packages/airflow/example_dags/example_skip_dag.py
[2024-12-10T08:00:16.340+0000] {processor.py:914} INFO - Processing file /home/airflow/.local/lib/python3.12/site-packages/airflow/example_dags/example_skip_dag.py for tasks to queue
[2024-12-10T08:00:16.346+0000] {logging_mixin.py:190} INFO - [2024-12-10T08:00:16.346+0000] {dagbag.py:588} INFO - Filling up the DagBag from /home/airflow/.local/lib/python3.12/site-packages/airflow/example_dags/example_skip_dag.py
[2024-12-10T08:00:16.360+0000] {processor.py:925} INFO - DAG(s) 'example_skip_dag' retrieved from /home/airflow/.local/lib/python3.12/site-packages/airflow/example_dags/example_skip_dag.py
[2024-12-10T08:00:16.396+0000] {logging_mixin.py:190} INFO - [2024-12-10T08:00:16.396+0000] {dag.py:3239} INFO - Sync 1 DAGs
[2024-12-10T08:00:16.439+0000] {logging_mixin.py:190} INFO - [2024-12-10T08:00:16.439+0000] {dag.py:4180} INFO - Setting next_dagrun for example_skip_dag to 2024-12-09 00:00:00+00:00, run_after=2024-12-10 00:00:00+00:00
[2024-12-10T08:00:16.472+0000] {processor.py:208} INFO - Processing /home/airflow/.local/lib/python3.12/site-packages/airflow/example_dags/example_skip_dag.py took 0.141 seconds
[2024-12-10T08:00:48.160+0000] {processor.py:186} INFO - Started process (PID=666) to work on /home/airflow/.local/lib/python3.12/site-packages/airflow/example_dags/example_skip_dag.py
[2024-12-10T08:00:48.161+0000] {processor.py:914} INFO - Processing file /home/airflow/.local/lib/python3.12/site-packages/airflow/example_dags/example_skip_dag.py for tasks to queue
[2024-12-10T08:00:48.165+0000] {logging_mixin.py:190} INFO - [2024-12-10T08:00:48.165+0000] {dagbag.py:588} INFO - Filling up the DagBag from /home/airflow/.local/lib/python3.12/site-packages/airflow/example_dags/example_skip_dag.py
[2024-12-10T08:00:48.177+0000] {processor.py:925} INFO - DAG(s) 'example_skip_dag' retrieved from /home/airflow/.local/lib/python3.12/site-packages/airflow/example_dags/example_skip_dag.py
[2024-12-10T08:00:48.212+0000] {logging_mixin.py:190} INFO - [2024-12-10T08:00:48.212+0000] {dag.py:3239} INFO - Sync 1 DAGs
[2024-12-10T08:00:48.242+0000] {logging_mixin.py:190} INFO - [2024-12-10T08:00:48.242+0000] {dag.py:4180} INFO - Setting next_dagrun for example_skip_dag to 2024-12-09 00:00:00+00:00, run_after=2024-12-10 00:00:00+00:00
[2024-12-10T08:00:48.266+0000] {processor.py:208} INFO - Processing /home/airflow/.local/lib/python3.12/site-packages/airflow/example_dags/example_skip_dag.py took 0.115 seconds
[2024-12-10T08:01:19.746+0000] {processor.py:186} INFO - Started process (PID=729) to work on /home/airflow/.local/lib/python3.12/site-packages/airflow/example_dags/example_skip_dag.py
[2024-12-10T08:01:19.749+0000] {processor.py:914} INFO - Processing file /home/airflow/.local/lib/python3.12/site-packages/airflow/example_dags/example_skip_dag.py for tasks to queue
[2024-12-10T08:01:19.779+0000] {logging_mixin.py:190} INFO - [2024-12-10T08:01:19.778+0000] {dagbag.py:588} INFO - Filling up the DagBag from /home/airflow/.local/lib/python3.12/site-packages/airflow/example_dags/example_skip_dag.py
[2024-12-10T08:01:19.804+0000] {processor.py:925} INFO - DAG(s) 'example_skip_dag' retrieved from /home/airflow/.local/lib/python3.12/site-packages/airflow/example_dags/example_skip_dag.py
[2024-12-10T08:01:19.852+0000] {logging_mixin.py:190} INFO - [2024-12-10T08:01:19.851+0000] {dag.py:3239} INFO - Sync 1 DAGs
[2024-12-10T08:01:19.916+0000] {logging_mixin.py:190} INFO - [2024-12-10T08:01:19.916+0000] {dag.py:4180} INFO - Setting next_dagrun for example_skip_dag to 2024-12-09 00:00:00+00:00, run_after=2024-12-10 00:00:00+00:00
[2024-12-10T08:01:19.949+0000] {processor.py:208} INFO - Processing /home/airflow/.local/lib/python3.12/site-packages/airflow/example_dags/example_skip_dag.py took 0.224 seconds
[2024-12-10T08:01:50.791+0000] {processor.py:186} INFO - Started process (PID=792) to work on /home/airflow/.local/lib/python3.12/site-packages/airflow/example_dags/example_skip_dag.py
[2024-12-10T08:01:50.792+0000] {processor.py:914} INFO - Processing file /home/airflow/.local/lib/python3.12/site-packages/airflow/example_dags/example_skip_dag.py for tasks to queue
[2024-12-10T08:01:50.795+0000] {logging_mixin.py:190} INFO - [2024-12-10T08:01:50.795+0000] {dagbag.py:588} INFO - Filling up the DagBag from /home/airflow/.local/lib/python3.12/site-packages/airflow/example_dags/example_skip_dag.py
[2024-12-10T08:01:50.803+0000] {processor.py:925} INFO - DAG(s) 'example_skip_dag' retrieved from /home/airflow/.local/lib/python3.12/site-packages/airflow/example_dags/example_skip_dag.py
[2024-12-10T08:01:50.826+0000] {logging_mixin.py:190} INFO - [2024-12-10T08:01:50.826+0000] {dag.py:3239} INFO - Sync 1 DAGs
[2024-12-10T08:01:50.852+0000] {logging_mixin.py:190} INFO - [2024-12-10T08:01:50.851+0000] {dag.py:4180} INFO - Setting next_dagrun for example_skip_dag to 2024-12-09 00:00:00+00:00, run_after=2024-12-10 00:00:00+00:00
[2024-12-10T08:01:50.872+0000] {processor.py:208} INFO - Processing /home/airflow/.local/lib/python3.12/site-packages/airflow/example_dags/example_skip_dag.py took 0.088 seconds
[2024-12-10T08:02:22.142+0000] {processor.py:186} INFO - Started process (PID=855) to work on /home/airflow/.local/lib/python3.12/site-packages/airflow/example_dags/example_skip_dag.py
[2024-12-10T08:02:22.143+0000] {processor.py:914} INFO - Processing file /home/airflow/.local/lib/python3.12/site-packages/airflow/example_dags/example_skip_dag.py for tasks to queue
[2024-12-10T08:02:22.146+0000] {logging_mixin.py:190} INFO - [2024-12-10T08:02:22.145+0000] {dagbag.py:588} INFO - Filling up the DagBag from /home/airflow/.local/lib/python3.12/site-packages/airflow/example_dags/example_skip_dag.py
[2024-12-10T08:02:22.155+0000] {processor.py:925} INFO - DAG(s) 'example_skip_dag' retrieved from /home/airflow/.local/lib/python3.12/site-packages/airflow/example_dags/example_skip_dag.py
[2024-12-10T08:02:22.180+0000] {logging_mixin.py:190} INFO - [2024-12-10T08:02:22.179+0000] {dag.py:3239} INFO - Sync 1 DAGs
[2024-12-10T08:02:22.212+0000] {logging_mixin.py:190} INFO - [2024-12-10T08:02:22.212+0000] {dag.py:4180} INFO - Setting next_dagrun for example_skip_dag to 2024-12-09 00:00:00+00:00, run_after=2024-12-10 00:00:00+00:00
[2024-12-10T08:02:22.236+0000] {processor.py:208} INFO - Processing /home/airflow/.local/lib/python3.12/site-packages/airflow/example_dags/example_skip_dag.py took 0.101 seconds
[2024-12-10T08:02:53.816+0000] {processor.py:186} INFO - Started process (PID=918) to work on /home/airflow/.local/lib/python3.12/site-packages/airflow/example_dags/example_skip_dag.py
[2024-12-10T08:02:53.817+0000] {processor.py:914} INFO - Processing file /home/airflow/.local/lib/python3.12/site-packages/airflow/example_dags/example_skip_dag.py for tasks to queue
[2024-12-10T08:02:53.820+0000] {logging_mixin.py:190} INFO - [2024-12-10T08:02:53.820+0000] {dagbag.py:588} INFO - Filling up the DagBag from /home/airflow/.local/lib/python3.12/site-packages/airflow/example_dags/example_skip_dag.py
[2024-12-10T08:02:53.830+0000] {processor.py:925} INFO - DAG(s) 'example_skip_dag' retrieved from /home/airflow/.local/lib/python3.12/site-packages/airflow/example_dags/example_skip_dag.py
[2024-12-10T08:02:53.858+0000] {logging_mixin.py:190} INFO - [2024-12-10T08:02:53.857+0000] {dag.py:3239} INFO - Sync 1 DAGs
[2024-12-10T08:02:53.887+0000] {logging_mixin.py:190} INFO - [2024-12-10T08:02:53.887+0000] {dag.py:4180} INFO - Setting next_dagrun for example_skip_dag to 2024-12-09 00:00:00+00:00, run_after=2024-12-10 00:00:00+00:00
[2024-12-10T08:02:53.909+0000] {processor.py:208} INFO - Processing /home/airflow/.local/lib/python3.12/site-packages/airflow/example_dags/example_skip_dag.py took 0.101 seconds
[2024-12-10T08:03:25.137+0000] {processor.py:186} INFO - Started process (PID=981) to work on /home/airflow/.local/lib/python3.12/site-packages/airflow/example_dags/example_skip_dag.py
[2024-12-10T08:03:25.138+0000] {processor.py:914} INFO - Processing file /home/airflow/.local/lib/python3.12/site-packages/airflow/example_dags/example_skip_dag.py for tasks to queue
[2024-12-10T08:03:25.141+0000] {logging_mixin.py:190} INFO - [2024-12-10T08:03:25.140+0000] {dagbag.py:588} INFO - Filling up the DagBag from /home/airflow/.local/lib/python3.12/site-packages/airflow/example_dags/example_skip_dag.py
[2024-12-10T08:03:25.150+0000] {processor.py:925} INFO - DAG(s) 'example_skip_dag' retrieved from /home/airflow/.local/lib/python3.12/site-packages/airflow/example_dags/example_skip_dag.py
[2024-12-10T08:03:25.174+0000] {logging_mixin.py:190} INFO - [2024-12-10T08:03:25.173+0000] {dag.py:3239} INFO - Sync 1 DAGs
[2024-12-10T08:03:25.198+0000] {logging_mixin.py:190} INFO - [2024-12-10T08:03:25.198+0000] {dag.py:4180} INFO - Setting next_dagrun for example_skip_dag to 2024-12-09 00:00:00+00:00, run_after=2024-12-10 00:00:00+00:00
[2024-12-10T08:03:25.217+0000] {processor.py:208} INFO - Processing /home/airflow/.local/lib/python3.12/site-packages/airflow/example_dags/example_skip_dag.py took 0.087 seconds
[2024-12-10T08:03:56.179+0000] {processor.py:186} INFO - Started process (PID=1044) to work on /home/airflow/.local/lib/python3.12/site-packages/airflow/example_dags/example_skip_dag.py
[2024-12-10T08:03:56.181+0000] {processor.py:914} INFO - Processing file /home/airflow/.local/lib/python3.12/site-packages/airflow/example_dags/example_skip_dag.py for tasks to queue
[2024-12-10T08:03:56.184+0000] {logging_mixin.py:190} INFO - [2024-12-10T08:03:56.183+0000] {dagbag.py:588} INFO - Filling up the DagBag from /home/airflow/.local/lib/python3.12/site-packages/airflow/example_dags/example_skip_dag.py
[2024-12-10T08:03:56.193+0000] {processor.py:925} INFO - DAG(s) 'example_skip_dag' retrieved from /home/airflow/.local/lib/python3.12/site-packages/airflow/example_dags/example_skip_dag.py
[2024-12-10T08:03:56.219+0000] {logging_mixin.py:190} INFO - [2024-12-10T08:03:56.219+0000] {dag.py:3239} INFO - Sync 1 DAGs
[2024-12-10T08:03:56.250+0000] {logging_mixin.py:190} INFO - [2024-12-10T08:03:56.249+0000] {dag.py:4180} INFO - Setting next_dagrun for example_skip_dag to 2024-12-09 00:00:00+00:00, run_after=2024-12-10 00:00:00+00:00
[2024-12-10T08:03:56.274+0000] {processor.py:208} INFO - Processing /home/airflow/.local/lib/python3.12/site-packages/airflow/example_dags/example_skip_dag.py took 0.101 seconds
[2024-12-10T08:04:27.932+0000] {processor.py:186} INFO - Started process (PID=1107) to work on /home/airflow/.local/lib/python3.12/site-packages/airflow/example_dags/example_skip_dag.py
[2024-12-10T08:04:27.934+0000] {processor.py:914} INFO - Processing file /home/airflow/.local/lib/python3.12/site-packages/airflow/example_dags/example_skip_dag.py for tasks to queue
[2024-12-10T08:04:27.938+0000] {logging_mixin.py:190} INFO - [2024-12-10T08:04:27.937+0000] {dagbag.py:588} INFO - Filling up the DagBag from /home/airflow/.local/lib/python3.12/site-packages/airflow/example_dags/example_skip_dag.py
[2024-12-10T08:04:27.950+0000] {processor.py:925} INFO - DAG(s) 'example_skip_dag' retrieved from /home/airflow/.local/lib/python3.12/site-packages/airflow/example_dags/example_skip_dag.py
[2024-12-10T08:04:27.984+0000] {logging_mixin.py:190} INFO - [2024-12-10T08:04:27.982+0000] {dag.py:3239} INFO - Sync 1 DAGs
[2024-12-10T08:04:28.025+0000] {logging_mixin.py:190} INFO - [2024-12-10T08:04:28.025+0000] {dag.py:4180} INFO - Setting next_dagrun for example_skip_dag to 2024-12-09 00:00:00+00:00, run_after=2024-12-10 00:00:00+00:00
[2024-12-10T08:04:28.056+0000] {processor.py:208} INFO - Processing /home/airflow/.local/lib/python3.12/site-packages/airflow/example_dags/example_skip_dag.py took 0.133 seconds
[2024-12-10T08:04:58.499+0000] {processor.py:186} INFO - Started process (PID=1170) to work on /home/airflow/.local/lib/python3.12/site-packages/airflow/example_dags/example_skip_dag.py
[2024-12-10T08:04:58.500+0000] {processor.py:914} INFO - Processing file /home/airflow/.local/lib/python3.12/site-packages/airflow/example_dags/example_skip_dag.py for tasks to queue
[2024-12-10T08:04:58.504+0000] {logging_mixin.py:190} INFO - [2024-12-10T08:04:58.504+0000] {dagbag.py:588} INFO - Filling up the DagBag from /home/airflow/.local/lib/python3.12/site-packages/airflow/example_dags/example_skip_dag.py
[2024-12-10T08:04:58.515+0000] {processor.py:925} INFO - DAG(s) 'example_skip_dag' retrieved from /home/airflow/.local/lib/python3.12/site-packages/airflow/example_dags/example_skip_dag.py
[2024-12-10T08:04:58.543+0000] {logging_mixin.py:190} INFO - [2024-12-10T08:04:58.542+0000] {dag.py:3239} INFO - Sync 1 DAGs
[2024-12-10T08:04:58.579+0000] {logging_mixin.py:190} INFO - [2024-12-10T08:04:58.578+0000] {dag.py:4180} INFO - Setting next_dagrun for example_skip_dag to 2024-12-09 00:00:00+00:00, run_after=2024-12-10 00:00:00+00:00
[2024-12-10T08:04:58.601+0000] {processor.py:208} INFO - Processing /home/airflow/.local/lib/python3.12/site-packages/airflow/example_dags/example_skip_dag.py took 0.113 seconds
[2024-12-10T08:05:29.495+0000] {processor.py:186} INFO - Started process (PID=1233) to work on /home/airflow/.local/lib/python3.12/site-packages/airflow/example_dags/example_skip_dag.py
[2024-12-10T08:05:29.496+0000] {processor.py:914} INFO - Processing file /home/airflow/.local/lib/python3.12/site-packages/airflow/example_dags/example_skip_dag.py for tasks to queue
[2024-12-10T08:05:29.498+0000] {logging_mixin.py:190} INFO - [2024-12-10T08:05:29.498+0000] {dagbag.py:588} INFO - Filling up the DagBag from /home/airflow/.local/lib/python3.12/site-packages/airflow/example_dags/example_skip_dag.py
[2024-12-10T08:05:29.507+0000] {processor.py:925} INFO - DAG(s) 'example_skip_dag' retrieved from /home/airflow/.local/lib/python3.12/site-packages/airflow/example_dags/example_skip_dag.py
[2024-12-10T08:05:29.527+0000] {logging_mixin.py:190} INFO - [2024-12-10T08:05:29.527+0000] {dag.py:3239} INFO - Sync 1 DAGs
[2024-12-10T08:05:29.550+0000] {logging_mixin.py:190} INFO - [2024-12-10T08:05:29.550+0000] {dag.py:4180} INFO - Setting next_dagrun for example_skip_dag to 2024-12-09 00:00:00+00:00, run_after=2024-12-10 00:00:00+00:00
[2024-12-10T08:05:29.569+0000] {processor.py:208} INFO - Processing /home/airflow/.local/lib/python3.12/site-packages/airflow/example_dags/example_skip_dag.py took 0.080 seconds
[2024-12-10T08:06:00.551+0000] {processor.py:186} INFO - Started process (PID=1296) to work on /home/airflow/.local/lib/python3.12/site-packages/airflow/example_dags/example_skip_dag.py
[2024-12-10T08:06:00.553+0000] {processor.py:914} INFO - Processing file /home/airflow/.local/lib/python3.12/site-packages/airflow/example_dags/example_skip_dag.py for tasks to queue
[2024-12-10T08:06:00.556+0000] {logging_mixin.py:190} INFO - [2024-12-10T08:06:00.555+0000] {dagbag.py:588} INFO - Filling up the DagBag from /home/airflow/.local/lib/python3.12/site-packages/airflow/example_dags/example_skip_dag.py
[2024-12-10T08:06:00.565+0000] {processor.py:925} INFO - DAG(s) 'example_skip_dag' retrieved from /home/airflow/.local/lib/python3.12/site-packages/airflow/example_dags/example_skip_dag.py
[2024-12-10T08:06:00.589+0000] {logging_mixin.py:190} INFO - [2024-12-10T08:06:00.589+0000] {dag.py:3239} INFO - Sync 1 DAGs
[2024-12-10T08:06:00.616+0000] {logging_mixin.py:190} INFO - [2024-12-10T08:06:00.616+0000] {dag.py:4180} INFO - Setting next_dagrun for example_skip_dag to 2024-12-09 00:00:00+00:00, run_after=2024-12-10 00:00:00+00:00
[2024-12-10T08:06:00.638+0000] {processor.py:208} INFO - Processing /home/airflow/.local/lib/python3.12/site-packages/airflow/example_dags/example_skip_dag.py took 0.093 seconds
[2024-12-10T08:06:32.211+0000] {processor.py:186} INFO - Started process (PID=1359) to work on /home/airflow/.local/lib/python3.12/site-packages/airflow/example_dags/example_skip_dag.py
[2024-12-10T08:06:32.213+0000] {processor.py:914} INFO - Processing file /home/airflow/.local/lib/python3.12/site-packages/airflow/example_dags/example_skip_dag.py for tasks to queue
[2024-12-10T08:06:32.217+0000] {logging_mixin.py:190} INFO - [2024-12-10T08:06:32.216+0000] {dagbag.py:588} INFO - Filling up the DagBag from /home/airflow/.local/lib/python3.12/site-packages/airflow/example_dags/example_skip_dag.py
[2024-12-10T08:06:32.230+0000] {processor.py:925} INFO - DAG(s) 'example_skip_dag' retrieved from /home/airflow/.local/lib/python3.12/site-packages/airflow/example_dags/example_skip_dag.py
[2024-12-10T08:06:32.259+0000] {logging_mixin.py:190} INFO - [2024-12-10T08:06:32.258+0000] {dag.py:3239} INFO - Sync 1 DAGs
[2024-12-10T08:06:32.300+0000] {logging_mixin.py:190} INFO - [2024-12-10T08:06:32.299+0000] {dag.py:4180} INFO - Setting next_dagrun for example_skip_dag to 2024-12-09 00:00:00+00:00, run_after=2024-12-10 00:00:00+00:00
[2024-12-10T08:06:32.329+0000] {processor.py:208} INFO - Processing /home/airflow/.local/lib/python3.12/site-packages/airflow/example_dags/example_skip_dag.py took 0.126 seconds
[2024-12-10T08:08:29.371+0000] {processor.py:186} INFO - Started process (PID=99) to work on /home/airflow/.local/lib/python3.12/site-packages/airflow/example_dags/example_skip_dag.py
[2024-12-10T08:08:29.373+0000] {processor.py:914} INFO - Processing file /home/airflow/.local/lib/python3.12/site-packages/airflow/example_dags/example_skip_dag.py for tasks to queue
[2024-12-10T08:08:29.388+0000] {logging_mixin.py:190} INFO - [2024-12-10T08:08:29.387+0000] {dagbag.py:588} INFO - Filling up the DagBag from /home/airflow/.local/lib/python3.12/site-packages/airflow/example_dags/example_skip_dag.py
[2024-12-10T08:08:29.402+0000] {processor.py:925} INFO - DAG(s) 'example_skip_dag' retrieved from /home/airflow/.local/lib/python3.12/site-packages/airflow/example_dags/example_skip_dag.py
[2024-12-10T08:08:29.434+0000] {logging_mixin.py:190} INFO - [2024-12-10T08:08:29.433+0000] {dag.py:3239} INFO - Sync 1 DAGs
[2024-12-10T08:08:29.465+0000] {logging_mixin.py:190} INFO - [2024-12-10T08:08:29.465+0000] {dag.py:4180} INFO - Setting next_dagrun for example_skip_dag to 2024-12-09 00:00:00+00:00, run_after=2024-12-10 00:00:00+00:00
[2024-12-10T08:08:29.489+0000] {processor.py:208} INFO - Processing /home/airflow/.local/lib/python3.12/site-packages/airflow/example_dags/example_skip_dag.py took 0.135 seconds
[2024-12-10T08:09:00.187+0000] {processor.py:186} INFO - Started process (PID=162) to work on /home/airflow/.local/lib/python3.12/site-packages/airflow/example_dags/example_skip_dag.py
[2024-12-10T08:09:00.188+0000] {processor.py:914} INFO - Processing file /home/airflow/.local/lib/python3.12/site-packages/airflow/example_dags/example_skip_dag.py for tasks to queue
[2024-12-10T08:09:00.191+0000] {logging_mixin.py:190} INFO - [2024-12-10T08:09:00.190+0000] {dagbag.py:588} INFO - Filling up the DagBag from /home/airflow/.local/lib/python3.12/site-packages/airflow/example_dags/example_skip_dag.py
[2024-12-10T08:09:00.203+0000] {processor.py:925} INFO - DAG(s) 'example_skip_dag' retrieved from /home/airflow/.local/lib/python3.12/site-packages/airflow/example_dags/example_skip_dag.py
[2024-12-10T08:09:00.239+0000] {logging_mixin.py:190} INFO - [2024-12-10T08:09:00.238+0000] {dag.py:3239} INFO - Sync 1 DAGs
[2024-12-10T08:09:00.286+0000] {logging_mixin.py:190} INFO - [2024-12-10T08:09:00.286+0000] {dag.py:4180} INFO - Setting next_dagrun for example_skip_dag to 2024-12-09 00:00:00+00:00, run_after=2024-12-10 00:00:00+00:00
[2024-12-10T08:09:00.314+0000] {processor.py:208} INFO - Processing /home/airflow/.local/lib/python3.12/site-packages/airflow/example_dags/example_skip_dag.py took 0.138 seconds
[2024-12-10T08:09:30.733+0000] {processor.py:186} INFO - Started process (PID=225) to work on /home/airflow/.local/lib/python3.12/site-packages/airflow/example_dags/example_skip_dag.py
[2024-12-10T08:09:30.735+0000] {processor.py:914} INFO - Processing file /home/airflow/.local/lib/python3.12/site-packages/airflow/example_dags/example_skip_dag.py for tasks to queue
[2024-12-10T08:09:30.739+0000] {logging_mixin.py:190} INFO - [2024-12-10T08:09:30.738+0000] {dagbag.py:588} INFO - Filling up the DagBag from /home/airflow/.local/lib/python3.12/site-packages/airflow/example_dags/example_skip_dag.py
[2024-12-10T08:09:30.750+0000] {processor.py:925} INFO - DAG(s) 'example_skip_dag' retrieved from /home/airflow/.local/lib/python3.12/site-packages/airflow/example_dags/example_skip_dag.py
[2024-12-10T08:09:30.775+0000] {logging_mixin.py:190} INFO - [2024-12-10T08:09:30.775+0000] {dag.py:3239} INFO - Sync 1 DAGs
[2024-12-10T08:09:30.803+0000] {logging_mixin.py:190} INFO - [2024-12-10T08:09:30.803+0000] {dag.py:4180} INFO - Setting next_dagrun for example_skip_dag to 2024-12-09 00:00:00+00:00, run_after=2024-12-10 00:00:00+00:00
[2024-12-10T08:09:30.823+0000] {processor.py:208} INFO - Processing /home/airflow/.local/lib/python3.12/site-packages/airflow/example_dags/example_skip_dag.py took 0.101 seconds
[2024-12-10T08:10:02.417+0000] {processor.py:186} INFO - Started process (PID=288) to work on /home/airflow/.local/lib/python3.12/site-packages/airflow/example_dags/example_skip_dag.py
[2024-12-10T08:10:02.418+0000] {processor.py:914} INFO - Processing file /home/airflow/.local/lib/python3.12/site-packages/airflow/example_dags/example_skip_dag.py for tasks to queue
[2024-12-10T08:10:02.421+0000] {logging_mixin.py:190} INFO - [2024-12-10T08:10:02.420+0000] {dagbag.py:588} INFO - Filling up the DagBag from /home/airflow/.local/lib/python3.12/site-packages/airflow/example_dags/example_skip_dag.py
[2024-12-10T08:10:02.430+0000] {processor.py:925} INFO - DAG(s) 'example_skip_dag' retrieved from /home/airflow/.local/lib/python3.12/site-packages/airflow/example_dags/example_skip_dag.py
[2024-12-10T08:10:02.454+0000] {logging_mixin.py:190} INFO - [2024-12-10T08:10:02.454+0000] {dag.py:3239} INFO - Sync 1 DAGs
[2024-12-10T08:10:02.488+0000] {logging_mixin.py:190} INFO - [2024-12-10T08:10:02.488+0000] {dag.py:4180} INFO - Setting next_dagrun for example_skip_dag to 2024-12-09 00:00:00+00:00, run_after=2024-12-10 00:00:00+00:00
[2024-12-10T08:10:02.510+0000] {processor.py:208} INFO - Processing /home/airflow/.local/lib/python3.12/site-packages/airflow/example_dags/example_skip_dag.py took 0.101 seconds
[2024-12-10T08:10:33.854+0000] {processor.py:186} INFO - Started process (PID=351) to work on /home/airflow/.local/lib/python3.12/site-packages/airflow/example_dags/example_skip_dag.py
[2024-12-10T08:10:33.855+0000] {processor.py:914} INFO - Processing file /home/airflow/.local/lib/python3.12/site-packages/airflow/example_dags/example_skip_dag.py for tasks to queue
[2024-12-10T08:10:33.859+0000] {logging_mixin.py:190} INFO - [2024-12-10T08:10:33.859+0000] {dagbag.py:588} INFO - Filling up the DagBag from /home/airflow/.local/lib/python3.12/site-packages/airflow/example_dags/example_skip_dag.py
[2024-12-10T08:10:33.869+0000] {processor.py:925} INFO - DAG(s) 'example_skip_dag' retrieved from /home/airflow/.local/lib/python3.12/site-packages/airflow/example_dags/example_skip_dag.py
[2024-12-10T08:10:33.900+0000] {logging_mixin.py:190} INFO - [2024-12-10T08:10:33.900+0000] {dag.py:3239} INFO - Sync 1 DAGs
[2024-12-10T08:10:33.930+0000] {logging_mixin.py:190} INFO - [2024-12-10T08:10:33.930+0000] {dag.py:4180} INFO - Setting next_dagrun for example_skip_dag to 2024-12-09 00:00:00+00:00, run_after=2024-12-10 00:00:00+00:00
[2024-12-10T08:10:33.956+0000] {processor.py:208} INFO - Processing /home/airflow/.local/lib/python3.12/site-packages/airflow/example_dags/example_skip_dag.py took 0.111 seconds
[2024-12-10T08:11:05.770+0000] {processor.py:186} INFO - Started process (PID=414) to work on /home/airflow/.local/lib/python3.12/site-packages/airflow/example_dags/example_skip_dag.py
[2024-12-10T08:11:05.772+0000] {processor.py:914} INFO - Processing file /home/airflow/.local/lib/python3.12/site-packages/airflow/example_dags/example_skip_dag.py for tasks to queue
[2024-12-10T08:11:05.775+0000] {logging_mixin.py:190} INFO - [2024-12-10T08:11:05.775+0000] {dagbag.py:588} INFO - Filling up the DagBag from /home/airflow/.local/lib/python3.12/site-packages/airflow/example_dags/example_skip_dag.py
[2024-12-10T08:11:05.784+0000] {processor.py:925} INFO - DAG(s) 'example_skip_dag' retrieved from /home/airflow/.local/lib/python3.12/site-packages/airflow/example_dags/example_skip_dag.py
[2024-12-10T08:11:05.808+0000] {logging_mixin.py:190} INFO - [2024-12-10T08:11:05.808+0000] {dag.py:3239} INFO - Sync 1 DAGs
[2024-12-10T08:11:05.837+0000] {logging_mixin.py:190} INFO - [2024-12-10T08:11:05.836+0000] {dag.py:4180} INFO - Setting next_dagrun for example_skip_dag to 2024-12-09 00:00:00+00:00, run_after=2024-12-10 00:00:00+00:00
[2024-12-10T08:11:05.859+0000] {processor.py:208} INFO - Processing /home/airflow/.local/lib/python3.12/site-packages/airflow/example_dags/example_skip_dag.py took 0.096 seconds
[2024-12-10T08:11:37.154+0000] {processor.py:186} INFO - Started process (PID=477) to work on /home/airflow/.local/lib/python3.12/site-packages/airflow/example_dags/example_skip_dag.py
[2024-12-10T08:11:37.155+0000] {processor.py:914} INFO - Processing file /home/airflow/.local/lib/python3.12/site-packages/airflow/example_dags/example_skip_dag.py for tasks to queue
[2024-12-10T08:11:37.159+0000] {logging_mixin.py:190} INFO - [2024-12-10T08:11:37.159+0000] {dagbag.py:588} INFO - Filling up the DagBag from /home/airflow/.local/lib/python3.12/site-packages/airflow/example_dags/example_skip_dag.py
[2024-12-10T08:11:37.170+0000] {processor.py:925} INFO - DAG(s) 'example_skip_dag' retrieved from /home/airflow/.local/lib/python3.12/site-packages/airflow/example_dags/example_skip_dag.py
[2024-12-10T08:11:37.201+0000] {logging_mixin.py:190} INFO - [2024-12-10T08:11:37.201+0000] {dag.py:3239} INFO - Sync 1 DAGs
[2024-12-10T08:11:37.233+0000] {logging_mixin.py:190} INFO - [2024-12-10T08:11:37.232+0000] {dag.py:4180} INFO - Setting next_dagrun for example_skip_dag to 2024-12-09 00:00:00+00:00, run_after=2024-12-10 00:00:00+00:00
[2024-12-10T08:11:37.257+0000] {processor.py:208} INFO - Processing /home/airflow/.local/lib/python3.12/site-packages/airflow/example_dags/example_skip_dag.py took 0.112 seconds
[2024-12-10T08:12:08.068+0000] {processor.py:186} INFO - Started process (PID=540) to work on /home/airflow/.local/lib/python3.12/site-packages/airflow/example_dags/example_skip_dag.py
[2024-12-10T08:12:08.069+0000] {processor.py:914} INFO - Processing file /home/airflow/.local/lib/python3.12/site-packages/airflow/example_dags/example_skip_dag.py for tasks to queue
[2024-12-10T08:12:08.072+0000] {logging_mixin.py:190} INFO - [2024-12-10T08:12:08.072+0000] {dagbag.py:588} INFO - Filling up the DagBag from /home/airflow/.local/lib/python3.12/site-packages/airflow/example_dags/example_skip_dag.py
[2024-12-10T08:12:08.082+0000] {processor.py:925} INFO - DAG(s) 'example_skip_dag' retrieved from /home/airflow/.local/lib/python3.12/site-packages/airflow/example_dags/example_skip_dag.py
[2024-12-10T08:12:08.107+0000] {logging_mixin.py:190} INFO - [2024-12-10T08:12:08.106+0000] {dag.py:3239} INFO - Sync 1 DAGs
[2024-12-10T08:12:08.134+0000] {logging_mixin.py:190} INFO - [2024-12-10T08:12:08.134+0000] {dag.py:4180} INFO - Setting next_dagrun for example_skip_dag to 2024-12-09 00:00:00+00:00, run_after=2024-12-10 00:00:00+00:00
[2024-12-10T08:12:08.154+0000] {processor.py:208} INFO - Processing /home/airflow/.local/lib/python3.12/site-packages/airflow/example_dags/example_skip_dag.py took 0.093 seconds
[2024-12-10T08:12:39.244+0000] {processor.py:186} INFO - Started process (PID=603) to work on /home/airflow/.local/lib/python3.12/site-packages/airflow/example_dags/example_skip_dag.py
[2024-12-10T08:12:39.246+0000] {processor.py:914} INFO - Processing file /home/airflow/.local/lib/python3.12/site-packages/airflow/example_dags/example_skip_dag.py for tasks to queue
[2024-12-10T08:12:39.248+0000] {logging_mixin.py:190} INFO - [2024-12-10T08:12:39.248+0000] {dagbag.py:588} INFO - Filling up the DagBag from /home/airflow/.local/lib/python3.12/site-packages/airflow/example_dags/example_skip_dag.py
[2024-12-10T08:12:39.256+0000] {processor.py:925} INFO - DAG(s) 'example_skip_dag' retrieved from /home/airflow/.local/lib/python3.12/site-packages/airflow/example_dags/example_skip_dag.py
[2024-12-10T08:12:39.279+0000] {logging_mixin.py:190} INFO - [2024-12-10T08:12:39.279+0000] {dag.py:3239} INFO - Sync 1 DAGs
[2024-12-10T08:12:39.306+0000] {logging_mixin.py:190} INFO - [2024-12-10T08:12:39.306+0000] {dag.py:4180} INFO - Setting next_dagrun for example_skip_dag to 2024-12-09 00:00:00+00:00, run_after=2024-12-10 00:00:00+00:00
[2024-12-10T08:12:39.328+0000] {processor.py:208} INFO - Processing /home/airflow/.local/lib/python3.12/site-packages/airflow/example_dags/example_skip_dag.py took 0.092 seconds
[2024-12-10T08:13:10.245+0000] {processor.py:186} INFO - Started process (PID=666) to work on /home/airflow/.local/lib/python3.12/site-packages/airflow/example_dags/example_skip_dag.py
[2024-12-10T08:13:10.247+0000] {processor.py:914} INFO - Processing file /home/airflow/.local/lib/python3.12/site-packages/airflow/example_dags/example_skip_dag.py for tasks to queue
[2024-12-10T08:13:10.251+0000] {logging_mixin.py:190} INFO - [2024-12-10T08:13:10.251+0000] {dagbag.py:588} INFO - Filling up the DagBag from /home/airflow/.local/lib/python3.12/site-packages/airflow/example_dags/example_skip_dag.py
[2024-12-10T08:13:10.263+0000] {processor.py:925} INFO - DAG(s) 'example_skip_dag' retrieved from /home/airflow/.local/lib/python3.12/site-packages/airflow/example_dags/example_skip_dag.py
[2024-12-10T08:13:10.292+0000] {logging_mixin.py:190} INFO - [2024-12-10T08:13:10.291+0000] {dag.py:3239} INFO - Sync 1 DAGs
[2024-12-10T08:13:10.325+0000] {logging_mixin.py:190} INFO - [2024-12-10T08:13:10.324+0000] {dag.py:4180} INFO - Setting next_dagrun for example_skip_dag to 2024-12-09 00:00:00+00:00, run_after=2024-12-10 00:00:00+00:00
[2024-12-10T08:13:10.348+0000] {processor.py:208} INFO - Processing /home/airflow/.local/lib/python3.12/site-packages/airflow/example_dags/example_skip_dag.py took 0.116 seconds
[2024-12-10T08:13:42.106+0000] {processor.py:186} INFO - Started process (PID=729) to work on /home/airflow/.local/lib/python3.12/site-packages/airflow/example_dags/example_skip_dag.py
[2024-12-10T08:13:42.108+0000] {processor.py:914} INFO - Processing file /home/airflow/.local/lib/python3.12/site-packages/airflow/example_dags/example_skip_dag.py for tasks to queue
[2024-12-10T08:13:42.111+0000] {logging_mixin.py:190} INFO - [2024-12-10T08:13:42.110+0000] {dagbag.py:588} INFO - Filling up the DagBag from /home/airflow/.local/lib/python3.12/site-packages/airflow/example_dags/example_skip_dag.py
[2024-12-10T08:13:42.121+0000] {processor.py:925} INFO - DAG(s) 'example_skip_dag' retrieved from /home/airflow/.local/lib/python3.12/site-packages/airflow/example_dags/example_skip_dag.py
[2024-12-10T08:13:42.146+0000] {logging_mixin.py:190} INFO - [2024-12-10T08:13:42.146+0000] {dag.py:3239} INFO - Sync 1 DAGs
[2024-12-10T08:13:42.175+0000] {logging_mixin.py:190} INFO - [2024-12-10T08:13:42.175+0000] {dag.py:4180} INFO - Setting next_dagrun for example_skip_dag to 2024-12-09 00:00:00+00:00, run_after=2024-12-10 00:00:00+00:00
[2024-12-10T08:13:42.196+0000] {processor.py:208} INFO - Processing /home/airflow/.local/lib/python3.12/site-packages/airflow/example_dags/example_skip_dag.py took 0.097 seconds
[2024-12-10T08:14:13.160+0000] {processor.py:186} INFO - Started process (PID=792) to work on /home/airflow/.local/lib/python3.12/site-packages/airflow/example_dags/example_skip_dag.py
[2024-12-10T08:14:13.161+0000] {processor.py:914} INFO - Processing file /home/airflow/.local/lib/python3.12/site-packages/airflow/example_dags/example_skip_dag.py for tasks to queue
[2024-12-10T08:14:13.165+0000] {logging_mixin.py:190} INFO - [2024-12-10T08:14:13.164+0000] {dagbag.py:588} INFO - Filling up the DagBag from /home/airflow/.local/lib/python3.12/site-packages/airflow/example_dags/example_skip_dag.py
[2024-12-10T08:14:13.177+0000] {processor.py:925} INFO - DAG(s) 'example_skip_dag' retrieved from /home/airflow/.local/lib/python3.12/site-packages/airflow/example_dags/example_skip_dag.py
[2024-12-10T08:14:13.207+0000] {logging_mixin.py:190} INFO - [2024-12-10T08:14:13.207+0000] {dag.py:3239} INFO - Sync 1 DAGs
[2024-12-10T08:14:13.245+0000] {logging_mixin.py:190} INFO - [2024-12-10T08:14:13.245+0000] {dag.py:4180} INFO - Setting next_dagrun for example_skip_dag to 2024-12-09 00:00:00+00:00, run_after=2024-12-10 00:00:00+00:00
[2024-12-10T08:14:13.272+0000] {processor.py:208} INFO - Processing /home/airflow/.local/lib/python3.12/site-packages/airflow/example_dags/example_skip_dag.py took 0.121 seconds
[2024-12-10T08:15:34.540+0000] {processor.py:186} INFO - Started process (PID=99) to work on /home/airflow/.local/lib/python3.12/site-packages/airflow/example_dags/example_skip_dag.py
[2024-12-10T08:15:34.541+0000] {processor.py:914} INFO - Processing file /home/airflow/.local/lib/python3.12/site-packages/airflow/example_dags/example_skip_dag.py for tasks to queue
[2024-12-10T08:15:34.545+0000] {logging_mixin.py:190} INFO - [2024-12-10T08:15:34.545+0000] {dagbag.py:588} INFO - Filling up the DagBag from /home/airflow/.local/lib/python3.12/site-packages/airflow/example_dags/example_skip_dag.py
[2024-12-10T08:15:34.557+0000] {processor.py:925} INFO - DAG(s) 'example_skip_dag' retrieved from /home/airflow/.local/lib/python3.12/site-packages/airflow/example_dags/example_skip_dag.py
[2024-12-10T08:15:34.588+0000] {logging_mixin.py:190} INFO - [2024-12-10T08:15:34.587+0000] {dag.py:3239} INFO - Sync 1 DAGs
[2024-12-10T08:15:34.617+0000] {logging_mixin.py:190} INFO - [2024-12-10T08:15:34.617+0000] {dag.py:4180} INFO - Setting next_dagrun for example_skip_dag to 2024-12-09 00:00:00+00:00, run_after=2024-12-10 00:00:00+00:00
[2024-12-10T08:15:34.643+0000] {processor.py:208} INFO - Processing /home/airflow/.local/lib/python3.12/site-packages/airflow/example_dags/example_skip_dag.py took 0.118 seconds
[2024-12-10T08:16:05.856+0000] {processor.py:186} INFO - Started process (PID=162) to work on /home/airflow/.local/lib/python3.12/site-packages/airflow/example_dags/example_skip_dag.py
[2024-12-10T08:16:05.858+0000] {processor.py:914} INFO - Processing file /home/airflow/.local/lib/python3.12/site-packages/airflow/example_dags/example_skip_dag.py for tasks to queue
[2024-12-10T08:16:05.860+0000] {logging_mixin.py:190} INFO - [2024-12-10T08:16:05.860+0000] {dagbag.py:588} INFO - Filling up the DagBag from /home/airflow/.local/lib/python3.12/site-packages/airflow/example_dags/example_skip_dag.py
[2024-12-10T08:16:05.876+0000] {processor.py:925} INFO - DAG(s) 'example_skip_dag' retrieved from /home/airflow/.local/lib/python3.12/site-packages/airflow/example_dags/example_skip_dag.py
[2024-12-10T08:16:05.901+0000] {logging_mixin.py:190} INFO - [2024-12-10T08:16:05.901+0000] {dag.py:3239} INFO - Sync 1 DAGs
[2024-12-10T08:16:05.929+0000] {logging_mixin.py:190} INFO - [2024-12-10T08:16:05.928+0000] {dag.py:4180} INFO - Setting next_dagrun for example_skip_dag to 2024-12-09 00:00:00+00:00, run_after=2024-12-10 00:00:00+00:00
[2024-12-10T08:16:05.950+0000] {processor.py:208} INFO - Processing /home/airflow/.local/lib/python3.12/site-packages/airflow/example_dags/example_skip_dag.py took 0.101 seconds
[2024-12-10T08:16:36.653+0000] {processor.py:186} INFO - Started process (PID=225) to work on /home/airflow/.local/lib/python3.12/site-packages/airflow/example_dags/example_skip_dag.py
[2024-12-10T08:16:36.654+0000] {processor.py:914} INFO - Processing file /home/airflow/.local/lib/python3.12/site-packages/airflow/example_dags/example_skip_dag.py for tasks to queue
[2024-12-10T08:16:36.658+0000] {logging_mixin.py:190} INFO - [2024-12-10T08:16:36.657+0000] {dagbag.py:588} INFO - Filling up the DagBag from /home/airflow/.local/lib/python3.12/site-packages/airflow/example_dags/example_skip_dag.py
[2024-12-10T08:16:36.671+0000] {processor.py:925} INFO - DAG(s) 'example_skip_dag' retrieved from /home/airflow/.local/lib/python3.12/site-packages/airflow/example_dags/example_skip_dag.py
[2024-12-10T08:16:36.703+0000] {logging_mixin.py:190} INFO - [2024-12-10T08:16:36.702+0000] {dag.py:3239} INFO - Sync 1 DAGs
[2024-12-10T08:16:36.736+0000] {logging_mixin.py:190} INFO - [2024-12-10T08:16:36.735+0000] {dag.py:4180} INFO - Setting next_dagrun for example_skip_dag to 2024-12-09 00:00:00+00:00, run_after=2024-12-10 00:00:00+00:00
[2024-12-10T08:16:36.783+0000] {processor.py:208} INFO - Processing /home/airflow/.local/lib/python3.12/site-packages/airflow/example_dags/example_skip_dag.py took 0.138 seconds
[2024-12-10T08:17:08.114+0000] {processor.py:186} INFO - Started process (PID=288) to work on /home/airflow/.local/lib/python3.12/site-packages/airflow/example_dags/example_skip_dag.py
[2024-12-10T08:17:08.115+0000] {processor.py:914} INFO - Processing file /home/airflow/.local/lib/python3.12/site-packages/airflow/example_dags/example_skip_dag.py for tasks to queue
[2024-12-10T08:17:08.130+0000] {logging_mixin.py:190} INFO - [2024-12-10T08:17:08.129+0000] {dagbag.py:588} INFO - Filling up the DagBag from /home/airflow/.local/lib/python3.12/site-packages/airflow/example_dags/example_skip_dag.py
[2024-12-10T08:17:08.156+0000] {processor.py:925} INFO - DAG(s) 'example_skip_dag' retrieved from /home/airflow/.local/lib/python3.12/site-packages/airflow/example_dags/example_skip_dag.py
[2024-12-10T08:17:08.198+0000] {logging_mixin.py:190} INFO - [2024-12-10T08:17:08.198+0000] {dag.py:3239} INFO - Sync 1 DAGs
[2024-12-10T08:17:08.237+0000] {logging_mixin.py:190} INFO - [2024-12-10T08:17:08.236+0000] {dag.py:4180} INFO - Setting next_dagrun for example_skip_dag to 2024-12-09 00:00:00+00:00, run_after=2024-12-10 00:00:00+00:00
[2024-12-10T08:17:08.263+0000] {processor.py:208} INFO - Processing /home/airflow/.local/lib/python3.12/site-packages/airflow/example_dags/example_skip_dag.py took 0.156 seconds
[2024-12-10T08:17:39.774+0000] {processor.py:186} INFO - Started process (PID=351) to work on /home/airflow/.local/lib/python3.12/site-packages/airflow/example_dags/example_skip_dag.py
[2024-12-10T08:17:39.775+0000] {processor.py:914} INFO - Processing file /home/airflow/.local/lib/python3.12/site-packages/airflow/example_dags/example_skip_dag.py for tasks to queue
[2024-12-10T08:17:39.778+0000] {logging_mixin.py:190} INFO - [2024-12-10T08:17:39.778+0000] {dagbag.py:588} INFO - Filling up the DagBag from /home/airflow/.local/lib/python3.12/site-packages/airflow/example_dags/example_skip_dag.py
[2024-12-10T08:17:39.787+0000] {processor.py:925} INFO - DAG(s) 'example_skip_dag' retrieved from /home/airflow/.local/lib/python3.12/site-packages/airflow/example_dags/example_skip_dag.py
[2024-12-10T08:17:39.810+0000] {logging_mixin.py:190} INFO - [2024-12-10T08:17:39.810+0000] {dag.py:3239} INFO - Sync 1 DAGs
[2024-12-10T08:17:39.836+0000] {logging_mixin.py:190} INFO - [2024-12-10T08:17:39.836+0000] {dag.py:4180} INFO - Setting next_dagrun for example_skip_dag to 2024-12-09 00:00:00+00:00, run_after=2024-12-10 00:00:00+00:00
[2024-12-10T08:17:39.856+0000] {processor.py:208} INFO - Processing /home/airflow/.local/lib/python3.12/site-packages/airflow/example_dags/example_skip_dag.py took 0.088 seconds
[2024-12-10T08:18:11.021+0000] {processor.py:186} INFO - Started process (PID=414) to work on /home/airflow/.local/lib/python3.12/site-packages/airflow/example_dags/example_skip_dag.py
[2024-12-10T08:18:11.022+0000] {processor.py:914} INFO - Processing file /home/airflow/.local/lib/python3.12/site-packages/airflow/example_dags/example_skip_dag.py for tasks to queue
[2024-12-10T08:18:11.025+0000] {logging_mixin.py:190} INFO - [2024-12-10T08:18:11.025+0000] {dagbag.py:588} INFO - Filling up the DagBag from /home/airflow/.local/lib/python3.12/site-packages/airflow/example_dags/example_skip_dag.py
[2024-12-10T08:18:11.036+0000] {processor.py:925} INFO - DAG(s) 'example_skip_dag' retrieved from /home/airflow/.local/lib/python3.12/site-packages/airflow/example_dags/example_skip_dag.py
[2024-12-10T08:18:11.062+0000] {logging_mixin.py:190} INFO - [2024-12-10T08:18:11.062+0000] {dag.py:3239} INFO - Sync 1 DAGs
[2024-12-10T08:18:11.091+0000] {logging_mixin.py:190} INFO - [2024-12-10T08:18:11.090+0000] {dag.py:4180} INFO - Setting next_dagrun for example_skip_dag to 2024-12-09 00:00:00+00:00, run_after=2024-12-10 00:00:00+00:00
[2024-12-10T08:18:11.115+0000] {processor.py:208} INFO - Processing /home/airflow/.local/lib/python3.12/site-packages/airflow/example_dags/example_skip_dag.py took 0.101 seconds
[2024-12-10T08:18:42.415+0000] {processor.py:186} INFO - Started process (PID=477) to work on /home/airflow/.local/lib/python3.12/site-packages/airflow/example_dags/example_skip_dag.py
[2024-12-10T08:18:42.416+0000] {processor.py:914} INFO - Processing file /home/airflow/.local/lib/python3.12/site-packages/airflow/example_dags/example_skip_dag.py for tasks to queue
[2024-12-10T08:18:42.419+0000] {logging_mixin.py:190} INFO - [2024-12-10T08:18:42.419+0000] {dagbag.py:588} INFO - Filling up the DagBag from /home/airflow/.local/lib/python3.12/site-packages/airflow/example_dags/example_skip_dag.py
[2024-12-10T08:18:42.429+0000] {processor.py:925} INFO - DAG(s) 'example_skip_dag' retrieved from /home/airflow/.local/lib/python3.12/site-packages/airflow/example_dags/example_skip_dag.py
[2024-12-10T08:18:42.456+0000] {logging_mixin.py:190} INFO - [2024-12-10T08:18:42.456+0000] {dag.py:3239} INFO - Sync 1 DAGs
[2024-12-10T08:18:42.485+0000] {logging_mixin.py:190} INFO - [2024-12-10T08:18:42.485+0000] {dag.py:4180} INFO - Setting next_dagrun for example_skip_dag to 2024-12-09 00:00:00+00:00, run_after=2024-12-10 00:00:00+00:00
[2024-12-10T08:18:42.510+0000] {processor.py:208} INFO - Processing /home/airflow/.local/lib/python3.12/site-packages/airflow/example_dags/example_skip_dag.py took 0.103 seconds
[2024-12-10T08:19:13.791+0000] {processor.py:186} INFO - Started process (PID=540) to work on /home/airflow/.local/lib/python3.12/site-packages/airflow/example_dags/example_skip_dag.py
[2024-12-10T08:19:13.792+0000] {processor.py:914} INFO - Processing file /home/airflow/.local/lib/python3.12/site-packages/airflow/example_dags/example_skip_dag.py for tasks to queue
[2024-12-10T08:19:13.795+0000] {logging_mixin.py:190} INFO - [2024-12-10T08:19:13.794+0000] {dagbag.py:588} INFO - Filling up the DagBag from /home/airflow/.local/lib/python3.12/site-packages/airflow/example_dags/example_skip_dag.py
[2024-12-10T08:19:13.807+0000] {processor.py:925} INFO - DAG(s) 'example_skip_dag' retrieved from /home/airflow/.local/lib/python3.12/site-packages/airflow/example_dags/example_skip_dag.py
[2024-12-10T08:19:13.833+0000] {logging_mixin.py:190} INFO - [2024-12-10T08:19:13.833+0000] {dag.py:3239} INFO - Sync 1 DAGs
[2024-12-10T08:19:13.863+0000] {logging_mixin.py:190} INFO - [2024-12-10T08:19:13.862+0000] {dag.py:4180} INFO - Setting next_dagrun for example_skip_dag to 2024-12-09 00:00:00+00:00, run_after=2024-12-10 00:00:00+00:00
[2024-12-10T08:19:13.887+0000] {processor.py:208} INFO - Processing /home/airflow/.local/lib/python3.12/site-packages/airflow/example_dags/example_skip_dag.py took 0.105 seconds
[2024-12-10T08:19:44.703+0000] {processor.py:186} INFO - Started process (PID=603) to work on /home/airflow/.local/lib/python3.12/site-packages/airflow/example_dags/example_skip_dag.py
[2024-12-10T08:19:44.704+0000] {processor.py:914} INFO - Processing file /home/airflow/.local/lib/python3.12/site-packages/airflow/example_dags/example_skip_dag.py for tasks to queue
[2024-12-10T08:19:44.707+0000] {logging_mixin.py:190} INFO - [2024-12-10T08:19:44.707+0000] {dagbag.py:588} INFO - Filling up the DagBag from /home/airflow/.local/lib/python3.12/site-packages/airflow/example_dags/example_skip_dag.py
[2024-12-10T08:19:44.719+0000] {processor.py:925} INFO - DAG(s) 'example_skip_dag' retrieved from /home/airflow/.local/lib/python3.12/site-packages/airflow/example_dags/example_skip_dag.py
[2024-12-10T08:19:44.749+0000] {logging_mixin.py:190} INFO - [2024-12-10T08:19:44.748+0000] {dag.py:3239} INFO - Sync 1 DAGs
[2024-12-10T08:19:44.789+0000] {logging_mixin.py:190} INFO - [2024-12-10T08:19:44.789+0000] {dag.py:4180} INFO - Setting next_dagrun for example_skip_dag to 2024-12-09 00:00:00+00:00, run_after=2024-12-10 00:00:00+00:00
[2024-12-10T08:19:44.813+0000] {processor.py:208} INFO - Processing /home/airflow/.local/lib/python3.12/site-packages/airflow/example_dags/example_skip_dag.py took 0.118 seconds
[2024-12-10T08:20:16.351+0000] {processor.py:186} INFO - Started process (PID=666) to work on /home/airflow/.local/lib/python3.12/site-packages/airflow/example_dags/example_skip_dag.py
[2024-12-10T08:20:16.353+0000] {processor.py:914} INFO - Processing file /home/airflow/.local/lib/python3.12/site-packages/airflow/example_dags/example_skip_dag.py for tasks to queue
[2024-12-10T08:20:16.356+0000] {logging_mixin.py:190} INFO - [2024-12-10T08:20:16.355+0000] {dagbag.py:588} INFO - Filling up the DagBag from /home/airflow/.local/lib/python3.12/site-packages/airflow/example_dags/example_skip_dag.py
[2024-12-10T08:20:16.366+0000] {processor.py:925} INFO - DAG(s) 'example_skip_dag' retrieved from /home/airflow/.local/lib/python3.12/site-packages/airflow/example_dags/example_skip_dag.py
[2024-12-10T08:20:16.419+0000] {logging_mixin.py:190} INFO - [2024-12-10T08:20:16.418+0000] {dag.py:3239} INFO - Sync 1 DAGs
[2024-12-10T08:20:16.462+0000] {logging_mixin.py:190} INFO - [2024-12-10T08:20:16.462+0000] {dag.py:4180} INFO - Setting next_dagrun for example_skip_dag to 2024-12-09 00:00:00+00:00, run_after=2024-12-10 00:00:00+00:00
[2024-12-10T08:20:16.489+0000] {processor.py:208} INFO - Processing /home/airflow/.local/lib/python3.12/site-packages/airflow/example_dags/example_skip_dag.py took 0.146 seconds
[2024-12-10T08:20:47.400+0000] {processor.py:186} INFO - Started process (PID=729) to work on /home/airflow/.local/lib/python3.12/site-packages/airflow/example_dags/example_skip_dag.py
[2024-12-10T08:20:47.402+0000] {processor.py:914} INFO - Processing file /home/airflow/.local/lib/python3.12/site-packages/airflow/example_dags/example_skip_dag.py for tasks to queue
[2024-12-10T08:20:47.407+0000] {logging_mixin.py:190} INFO - [2024-12-10T08:20:47.406+0000] {dagbag.py:588} INFO - Filling up the DagBag from /home/airflow/.local/lib/python3.12/site-packages/airflow/example_dags/example_skip_dag.py
[2024-12-10T08:20:47.418+0000] {processor.py:925} INFO - DAG(s) 'example_skip_dag' retrieved from /home/airflow/.local/lib/python3.12/site-packages/airflow/example_dags/example_skip_dag.py
[2024-12-10T08:20:47.449+0000] {logging_mixin.py:190} INFO - [2024-12-10T08:20:47.448+0000] {dag.py:3239} INFO - Sync 1 DAGs
[2024-12-10T08:20:47.484+0000] {logging_mixin.py:190} INFO - [2024-12-10T08:20:47.484+0000] {dag.py:4180} INFO - Setting next_dagrun for example_skip_dag to 2024-12-09 00:00:00+00:00, run_after=2024-12-10 00:00:00+00:00
[2024-12-10T08:20:47.517+0000] {processor.py:208} INFO - Processing /home/airflow/.local/lib/python3.12/site-packages/airflow/example_dags/example_skip_dag.py took 0.125 seconds
