[2024-12-10T07:56:08.054+0000] {processor.py:186} INFO - Started process (PID=102) to work on /home/airflow/.local/lib/python3.12/site-packages/airflow/example_dags/example_latest_only.py
[2024-12-10T07:56:08.055+0000] {processor.py:914} INFO - Processing file /home/airflow/.local/lib/python3.12/site-packages/airflow/example_dags/example_latest_only.py for tasks to queue
[2024-12-10T07:56:08.058+0000] {logging_mixin.py:190} INFO - [2024-12-10T07:56:08.058+0000] {dagbag.py:588} INFO - Filling up the DagBag from /home/airflow/.local/lib/python3.12/site-packages/airflow/example_dags/example_latest_only.py
[2024-12-10T07:56:08.069+0000] {processor.py:925} INFO - DAG(s) 'latest_only' retrieved from /home/airflow/.local/lib/python3.12/site-packages/airflow/example_dags/example_latest_only.py
[2024-12-10T07:56:08.212+0000] {logging_mixin.py:190} INFO - [2024-12-10T07:56:08.211+0000] {override.py:1911} INFO - Created Permission View: can read on DAG:latest_only
[2024-12-10T07:56:08.224+0000] {logging_mixin.py:190} INFO - [2024-12-10T07:56:08.224+0000] {override.py:1911} INFO - Created Permission View: can edit on DAG:latest_only
[2024-12-10T07:56:08.232+0000] {logging_mixin.py:190} INFO - [2024-12-10T07:56:08.232+0000] {override.py:1911} INFO - Created Permission View: can delete on DAG:latest_only
[2024-12-10T07:56:08.243+0000] {logging_mixin.py:190} INFO - [2024-12-10T07:56:08.242+0000] {override.py:1911} INFO - Created Permission View: can read on DAG Run:latest_only
[2024-12-10T07:56:08.253+0000] {logging_mixin.py:190} INFO - [2024-12-10T07:56:08.253+0000] {override.py:1911} INFO - Created Permission View: menu access on DAG Run:latest_only
[2024-12-10T07:56:08.263+0000] {logging_mixin.py:190} INFO - [2024-12-10T07:56:08.263+0000] {override.py:1911} INFO - Created Permission View: can delete on DAG Run:latest_only
[2024-12-10T07:56:08.272+0000] {logging_mixin.py:190} INFO - [2024-12-10T07:56:08.272+0000] {override.py:1911} INFO - Created Permission View: can create on DAG Run:latest_only
[2024-12-10T07:56:08.274+0000] {logging_mixin.py:190} INFO - [2024-12-10T07:56:08.273+0000] {dag.py:3239} INFO - Sync 1 DAGs
[2024-12-10T07:56:08.291+0000] {logging_mixin.py:190} INFO - [2024-12-10T07:56:08.291+0000] {dag.py:3262} INFO - Creating ORM DAG for latest_only
[2024-12-10T07:56:08.305+0000] {logging_mixin.py:190} INFO - [2024-12-10T07:56:08.305+0000] {dag.py:4180} INFO - Setting next_dagrun for latest_only to 2024-12-10 00:00:00+00:00, run_after=2024-12-10 04:00:00+00:00
[2024-12-10T07:56:08.331+0000] {processor.py:208} INFO - Processing /home/airflow/.local/lib/python3.12/site-packages/airflow/example_dags/example_latest_only.py took 0.284 seconds
[2024-12-10T07:56:39.051+0000] {processor.py:186} INFO - Started process (PID=165) to work on /home/airflow/.local/lib/python3.12/site-packages/airflow/example_dags/example_latest_only.py
[2024-12-10T07:56:39.052+0000] {processor.py:914} INFO - Processing file /home/airflow/.local/lib/python3.12/site-packages/airflow/example_dags/example_latest_only.py for tasks to queue
[2024-12-10T07:56:39.055+0000] {logging_mixin.py:190} INFO - [2024-12-10T07:56:39.054+0000] {dagbag.py:588} INFO - Filling up the DagBag from /home/airflow/.local/lib/python3.12/site-packages/airflow/example_dags/example_latest_only.py
[2024-12-10T07:56:39.062+0000] {processor.py:925} INFO - DAG(s) 'latest_only' retrieved from /home/airflow/.local/lib/python3.12/site-packages/airflow/example_dags/example_latest_only.py
[2024-12-10T07:56:39.084+0000] {logging_mixin.py:190} INFO - [2024-12-10T07:56:39.084+0000] {dag.py:3239} INFO - Sync 1 DAGs
[2024-12-10T07:56:39.110+0000] {logging_mixin.py:190} INFO - [2024-12-10T07:56:39.110+0000] {dag.py:4180} INFO - Setting next_dagrun for latest_only to 2024-12-10 00:00:00+00:00, run_after=2024-12-10 04:00:00+00:00
[2024-12-10T07:56:39.129+0000] {processor.py:208} INFO - Processing /home/airflow/.local/lib/python3.12/site-packages/airflow/example_dags/example_latest_only.py took 0.085 seconds
[2024-12-10T07:57:09.271+0000] {processor.py:186} INFO - Started process (PID=229) to work on /home/airflow/.local/lib/python3.12/site-packages/airflow/example_dags/example_latest_only.py
[2024-12-10T07:57:09.272+0000] {processor.py:914} INFO - Processing file /home/airflow/.local/lib/python3.12/site-packages/airflow/example_dags/example_latest_only.py for tasks to queue
[2024-12-10T07:57:09.275+0000] {logging_mixin.py:190} INFO - [2024-12-10T07:57:09.274+0000] {dagbag.py:588} INFO - Filling up the DagBag from /home/airflow/.local/lib/python3.12/site-packages/airflow/example_dags/example_latest_only.py
[2024-12-10T07:57:09.282+0000] {processor.py:925} INFO - DAG(s) 'latest_only' retrieved from /home/airflow/.local/lib/python3.12/site-packages/airflow/example_dags/example_latest_only.py
[2024-12-10T07:57:09.300+0000] {logging_mixin.py:190} INFO - [2024-12-10T07:57:09.300+0000] {dag.py:3239} INFO - Sync 1 DAGs
[2024-12-10T07:57:09.322+0000] {logging_mixin.py:190} INFO - [2024-12-10T07:57:09.322+0000] {dag.py:4180} INFO - Setting next_dagrun for latest_only to 2024-12-10 00:00:00+00:00, run_after=2024-12-10 04:00:00+00:00
[2024-12-10T07:57:09.339+0000] {processor.py:208} INFO - Processing /home/airflow/.local/lib/python3.12/site-packages/airflow/example_dags/example_latest_only.py took 0.074 seconds
[2024-12-10T07:57:40.547+0000] {processor.py:186} INFO - Started process (PID=291) to work on /home/airflow/.local/lib/python3.12/site-packages/airflow/example_dags/example_latest_only.py
[2024-12-10T07:57:40.549+0000] {processor.py:914} INFO - Processing file /home/airflow/.local/lib/python3.12/site-packages/airflow/example_dags/example_latest_only.py for tasks to queue
[2024-12-10T07:57:40.551+0000] {logging_mixin.py:190} INFO - [2024-12-10T07:57:40.551+0000] {dagbag.py:588} INFO - Filling up the DagBag from /home/airflow/.local/lib/python3.12/site-packages/airflow/example_dags/example_latest_only.py
[2024-12-10T07:57:40.560+0000] {processor.py:925} INFO - DAG(s) 'latest_only' retrieved from /home/airflow/.local/lib/python3.12/site-packages/airflow/example_dags/example_latest_only.py
[2024-12-10T07:57:40.583+0000] {logging_mixin.py:190} INFO - [2024-12-10T07:57:40.582+0000] {dag.py:3239} INFO - Sync 1 DAGs
[2024-12-10T07:57:40.612+0000] {logging_mixin.py:190} INFO - [2024-12-10T07:57:40.612+0000] {dag.py:4180} INFO - Setting next_dagrun for latest_only to 2024-12-10 00:00:00+00:00, run_after=2024-12-10 04:00:00+00:00
[2024-12-10T07:57:40.633+0000] {processor.py:208} INFO - Processing /home/airflow/.local/lib/python3.12/site-packages/airflow/example_dags/example_latest_only.py took 0.092 seconds
[2024-12-10T07:58:11.863+0000] {processor.py:186} INFO - Started process (PID=354) to work on /home/airflow/.local/lib/python3.12/site-packages/airflow/example_dags/example_latest_only.py
[2024-12-10T07:58:11.865+0000] {processor.py:914} INFO - Processing file /home/airflow/.local/lib/python3.12/site-packages/airflow/example_dags/example_latest_only.py for tasks to queue
[2024-12-10T07:58:11.871+0000] {logging_mixin.py:190} INFO - [2024-12-10T07:58:11.870+0000] {dagbag.py:588} INFO - Filling up the DagBag from /home/airflow/.local/lib/python3.12/site-packages/airflow/example_dags/example_latest_only.py
[2024-12-10T07:58:11.885+0000] {processor.py:925} INFO - DAG(s) 'latest_only' retrieved from /home/airflow/.local/lib/python3.12/site-packages/airflow/example_dags/example_latest_only.py
[2024-12-10T07:58:11.921+0000] {logging_mixin.py:190} INFO - [2024-12-10T07:58:11.921+0000] {dag.py:3239} INFO - Sync 1 DAGs
[2024-12-10T07:58:11.971+0000] {logging_mixin.py:190} INFO - [2024-12-10T07:58:11.971+0000] {dag.py:4180} INFO - Setting next_dagrun for latest_only to 2024-12-10 00:00:00+00:00, run_after=2024-12-10 04:00:00+00:00
[2024-12-10T07:58:12.002+0000] {processor.py:208} INFO - Processing /home/airflow/.local/lib/python3.12/site-packages/airflow/example_dags/example_latest_only.py took 0.150 seconds
[2024-12-10T07:58:42.990+0000] {processor.py:186} INFO - Started process (PID=417) to work on /home/airflow/.local/lib/python3.12/site-packages/airflow/example_dags/example_latest_only.py
[2024-12-10T07:58:42.992+0000] {processor.py:914} INFO - Processing file /home/airflow/.local/lib/python3.12/site-packages/airflow/example_dags/example_latest_only.py for tasks to queue
[2024-12-10T07:58:42.995+0000] {logging_mixin.py:190} INFO - [2024-12-10T07:58:42.995+0000] {dagbag.py:588} INFO - Filling up the DagBag from /home/airflow/.local/lib/python3.12/site-packages/airflow/example_dags/example_latest_only.py
[2024-12-10T07:58:43.004+0000] {processor.py:925} INFO - DAG(s) 'latest_only' retrieved from /home/airflow/.local/lib/python3.12/site-packages/airflow/example_dags/example_latest_only.py
[2024-12-10T07:58:43.028+0000] {logging_mixin.py:190} INFO - [2024-12-10T07:58:43.028+0000] {dag.py:3239} INFO - Sync 1 DAGs
[2024-12-10T07:58:43.057+0000] {logging_mixin.py:190} INFO - [2024-12-10T07:58:43.057+0000] {dag.py:4180} INFO - Setting next_dagrun for latest_only to 2024-12-10 00:00:00+00:00, run_after=2024-12-10 04:00:00+00:00
[2024-12-10T07:58:43.077+0000] {processor.py:208} INFO - Processing /home/airflow/.local/lib/python3.12/site-packages/airflow/example_dags/example_latest_only.py took 0.094 seconds
[2024-12-10T07:59:14.031+0000] {processor.py:186} INFO - Started process (PID=480) to work on /home/airflow/.local/lib/python3.12/site-packages/airflow/example_dags/example_latest_only.py
[2024-12-10T07:59:14.033+0000] {processor.py:914} INFO - Processing file /home/airflow/.local/lib/python3.12/site-packages/airflow/example_dags/example_latest_only.py for tasks to queue
[2024-12-10T07:59:14.036+0000] {logging_mixin.py:190} INFO - [2024-12-10T07:59:14.036+0000] {dagbag.py:588} INFO - Filling up the DagBag from /home/airflow/.local/lib/python3.12/site-packages/airflow/example_dags/example_latest_only.py
[2024-12-10T07:59:14.046+0000] {processor.py:925} INFO - DAG(s) 'latest_only' retrieved from /home/airflow/.local/lib/python3.12/site-packages/airflow/example_dags/example_latest_only.py
[2024-12-10T07:59:14.073+0000] {logging_mixin.py:190} INFO - [2024-12-10T07:59:14.073+0000] {dag.py:3239} INFO - Sync 1 DAGs
[2024-12-10T07:59:14.105+0000] {logging_mixin.py:190} INFO - [2024-12-10T07:59:14.104+0000] {dag.py:4180} INFO - Setting next_dagrun for latest_only to 2024-12-10 00:00:00+00:00, run_after=2024-12-10 04:00:00+00:00
[2024-12-10T07:59:14.130+0000] {processor.py:208} INFO - Processing /home/airflow/.local/lib/python3.12/site-packages/airflow/example_dags/example_latest_only.py took 0.107 seconds
[2024-12-10T07:59:45.158+0000] {processor.py:186} INFO - Started process (PID=543) to work on /home/airflow/.local/lib/python3.12/site-packages/airflow/example_dags/example_latest_only.py
[2024-12-10T07:59:45.159+0000] {processor.py:914} INFO - Processing file /home/airflow/.local/lib/python3.12/site-packages/airflow/example_dags/example_latest_only.py for tasks to queue
[2024-12-10T07:59:45.164+0000] {logging_mixin.py:190} INFO - [2024-12-10T07:59:45.164+0000] {dagbag.py:588} INFO - Filling up the DagBag from /home/airflow/.local/lib/python3.12/site-packages/airflow/example_dags/example_latest_only.py
[2024-12-10T07:59:45.173+0000] {processor.py:925} INFO - DAG(s) 'latest_only' retrieved from /home/airflow/.local/lib/python3.12/site-packages/airflow/example_dags/example_latest_only.py
[2024-12-10T07:59:45.198+0000] {logging_mixin.py:190} INFO - [2024-12-10T07:59:45.198+0000] {dag.py:3239} INFO - Sync 1 DAGs
[2024-12-10T07:59:45.232+0000] {logging_mixin.py:190} INFO - [2024-12-10T07:59:45.232+0000] {dag.py:4180} INFO - Setting next_dagrun for latest_only to 2024-12-10 00:00:00+00:00, run_after=2024-12-10 04:00:00+00:00
[2024-12-10T07:59:45.256+0000] {processor.py:208} INFO - Processing /home/airflow/.local/lib/python3.12/site-packages/airflow/example_dags/example_latest_only.py took 0.106 seconds
[2024-12-10T08:00:16.640+0000] {processor.py:186} INFO - Started process (PID=606) to work on /home/airflow/.local/lib/python3.12/site-packages/airflow/example_dags/example_latest_only.py
[2024-12-10T08:00:16.641+0000] {processor.py:914} INFO - Processing file /home/airflow/.local/lib/python3.12/site-packages/airflow/example_dags/example_latest_only.py for tasks to queue
[2024-12-10T08:00:16.645+0000] {logging_mixin.py:190} INFO - [2024-12-10T08:00:16.645+0000] {dagbag.py:588} INFO - Filling up the DagBag from /home/airflow/.local/lib/python3.12/site-packages/airflow/example_dags/example_latest_only.py
[2024-12-10T08:00:16.659+0000] {processor.py:925} INFO - DAG(s) 'latest_only' retrieved from /home/airflow/.local/lib/python3.12/site-packages/airflow/example_dags/example_latest_only.py
[2024-12-10T08:00:16.692+0000] {logging_mixin.py:190} INFO - [2024-12-10T08:00:16.692+0000] {dag.py:3239} INFO - Sync 1 DAGs
[2024-12-10T08:00:16.733+0000] {logging_mixin.py:190} INFO - [2024-12-10T08:00:16.733+0000] {dag.py:4180} INFO - Setting next_dagrun for latest_only to 2024-12-10 04:00:00+00:00, run_after=2024-12-10 08:00:00+00:00
[2024-12-10T08:00:16.767+0000] {processor.py:208} INFO - Processing /home/airflow/.local/lib/python3.12/site-packages/airflow/example_dags/example_latest_only.py took 0.137 seconds
[2024-12-10T08:00:48.384+0000] {processor.py:186} INFO - Started process (PID=669) to work on /home/airflow/.local/lib/python3.12/site-packages/airflow/example_dags/example_latest_only.py
[2024-12-10T08:00:48.385+0000] {processor.py:914} INFO - Processing file /home/airflow/.local/lib/python3.12/site-packages/airflow/example_dags/example_latest_only.py for tasks to queue
[2024-12-10T08:00:48.388+0000] {logging_mixin.py:190} INFO - [2024-12-10T08:00:48.388+0000] {dagbag.py:588} INFO - Filling up the DagBag from /home/airflow/.local/lib/python3.12/site-packages/airflow/example_dags/example_latest_only.py
[2024-12-10T08:00:48.398+0000] {processor.py:925} INFO - DAG(s) 'latest_only' retrieved from /home/airflow/.local/lib/python3.12/site-packages/airflow/example_dags/example_latest_only.py
[2024-12-10T08:00:48.422+0000] {logging_mixin.py:190} INFO - [2024-12-10T08:00:48.422+0000] {dag.py:3239} INFO - Sync 1 DAGs
[2024-12-10T08:00:48.453+0000] {logging_mixin.py:190} INFO - [2024-12-10T08:00:48.453+0000] {dag.py:4180} INFO - Setting next_dagrun for latest_only to 2024-12-10 04:00:00+00:00, run_after=2024-12-10 08:00:00+00:00
[2024-12-10T08:00:48.475+0000] {processor.py:208} INFO - Processing /home/airflow/.local/lib/python3.12/site-packages/airflow/example_dags/example_latest_only.py took 0.099 seconds
[2024-12-10T08:01:20.053+0000] {processor.py:186} INFO - Started process (PID=732) to work on /home/airflow/.local/lib/python3.12/site-packages/airflow/example_dags/example_latest_only.py
[2024-12-10T08:01:20.055+0000] {processor.py:914} INFO - Processing file /home/airflow/.local/lib/python3.12/site-packages/airflow/example_dags/example_latest_only.py for tasks to queue
[2024-12-10T08:01:20.058+0000] {logging_mixin.py:190} INFO - [2024-12-10T08:01:20.057+0000] {dagbag.py:588} INFO - Filling up the DagBag from /home/airflow/.local/lib/python3.12/site-packages/airflow/example_dags/example_latest_only.py
[2024-12-10T08:01:20.067+0000] {processor.py:925} INFO - DAG(s) 'latest_only' retrieved from /home/airflow/.local/lib/python3.12/site-packages/airflow/example_dags/example_latest_only.py
[2024-12-10T08:01:20.093+0000] {logging_mixin.py:190} INFO - [2024-12-10T08:01:20.093+0000] {dag.py:3239} INFO - Sync 1 DAGs
[2024-12-10T08:01:20.136+0000] {logging_mixin.py:190} INFO - [2024-12-10T08:01:20.136+0000] {dag.py:4180} INFO - Setting next_dagrun for latest_only to 2024-12-10 04:00:00+00:00, run_after=2024-12-10 08:00:00+00:00
[2024-12-10T08:01:20.161+0000] {processor.py:208} INFO - Processing /home/airflow/.local/lib/python3.12/site-packages/airflow/example_dags/example_latest_only.py took 0.115 seconds
[2024-12-10T08:01:51.031+0000] {processor.py:186} INFO - Started process (PID=795) to work on /home/airflow/.local/lib/python3.12/site-packages/airflow/example_dags/example_latest_only.py
[2024-12-10T08:01:51.032+0000] {processor.py:914} INFO - Processing file /home/airflow/.local/lib/python3.12/site-packages/airflow/example_dags/example_latest_only.py for tasks to queue
[2024-12-10T08:01:51.035+0000] {logging_mixin.py:190} INFO - [2024-12-10T08:01:51.035+0000] {dagbag.py:588} INFO - Filling up the DagBag from /home/airflow/.local/lib/python3.12/site-packages/airflow/example_dags/example_latest_only.py
[2024-12-10T08:01:51.043+0000] {processor.py:925} INFO - DAG(s) 'latest_only' retrieved from /home/airflow/.local/lib/python3.12/site-packages/airflow/example_dags/example_latest_only.py
[2024-12-10T08:01:51.063+0000] {logging_mixin.py:190} INFO - [2024-12-10T08:01:51.063+0000] {dag.py:3239} INFO - Sync 1 DAGs
[2024-12-10T08:01:51.089+0000] {logging_mixin.py:190} INFO - [2024-12-10T08:01:51.089+0000] {dag.py:4180} INFO - Setting next_dagrun for latest_only to 2024-12-10 04:00:00+00:00, run_after=2024-12-10 08:00:00+00:00
[2024-12-10T08:01:51.107+0000] {processor.py:208} INFO - Processing /home/airflow/.local/lib/python3.12/site-packages/airflow/example_dags/example_latest_only.py took 0.082 seconds
[2024-12-10T08:02:22.349+0000] {processor.py:186} INFO - Started process (PID=858) to work on /home/airflow/.local/lib/python3.12/site-packages/airflow/example_dags/example_latest_only.py
[2024-12-10T08:02:22.350+0000] {processor.py:914} INFO - Processing file /home/airflow/.local/lib/python3.12/site-packages/airflow/example_dags/example_latest_only.py for tasks to queue
[2024-12-10T08:02:22.353+0000] {logging_mixin.py:190} INFO - [2024-12-10T08:02:22.353+0000] {dagbag.py:588} INFO - Filling up the DagBag from /home/airflow/.local/lib/python3.12/site-packages/airflow/example_dags/example_latest_only.py
[2024-12-10T08:02:22.363+0000] {processor.py:925} INFO - DAG(s) 'latest_only' retrieved from /home/airflow/.local/lib/python3.12/site-packages/airflow/example_dags/example_latest_only.py
[2024-12-10T08:02:22.388+0000] {logging_mixin.py:190} INFO - [2024-12-10T08:02:22.387+0000] {dag.py:3239} INFO - Sync 1 DAGs
[2024-12-10T08:02:22.422+0000] {logging_mixin.py:190} INFO - [2024-12-10T08:02:22.422+0000] {dag.py:4180} INFO - Setting next_dagrun for latest_only to 2024-12-10 04:00:00+00:00, run_after=2024-12-10 08:00:00+00:00
[2024-12-10T08:02:22.450+0000] {processor.py:208} INFO - Processing /home/airflow/.local/lib/python3.12/site-packages/airflow/example_dags/example_latest_only.py took 0.109 seconds
[2024-12-10T08:02:54.012+0000] {processor.py:186} INFO - Started process (PID=921) to work on /home/airflow/.local/lib/python3.12/site-packages/airflow/example_dags/example_latest_only.py
[2024-12-10T08:02:54.013+0000] {processor.py:914} INFO - Processing file /home/airflow/.local/lib/python3.12/site-packages/airflow/example_dags/example_latest_only.py for tasks to queue
[2024-12-10T08:02:54.016+0000] {logging_mixin.py:190} INFO - [2024-12-10T08:02:54.016+0000] {dagbag.py:588} INFO - Filling up the DagBag from /home/airflow/.local/lib/python3.12/site-packages/airflow/example_dags/example_latest_only.py
[2024-12-10T08:02:54.026+0000] {processor.py:925} INFO - DAG(s) 'latest_only' retrieved from /home/airflow/.local/lib/python3.12/site-packages/airflow/example_dags/example_latest_only.py
[2024-12-10T08:02:54.050+0000] {logging_mixin.py:190} INFO - [2024-12-10T08:02:54.050+0000] {dag.py:3239} INFO - Sync 1 DAGs
[2024-12-10T08:02:54.082+0000] {logging_mixin.py:190} INFO - [2024-12-10T08:02:54.081+0000] {dag.py:4180} INFO - Setting next_dagrun for latest_only to 2024-12-10 04:00:00+00:00, run_after=2024-12-10 08:00:00+00:00
[2024-12-10T08:02:54.106+0000] {processor.py:208} INFO - Processing /home/airflow/.local/lib/python3.12/site-packages/airflow/example_dags/example_latest_only.py took 0.102 seconds
[2024-12-10T08:03:25.384+0000] {processor.py:186} INFO - Started process (PID=984) to work on /home/airflow/.local/lib/python3.12/site-packages/airflow/example_dags/example_latest_only.py
[2024-12-10T08:03:25.385+0000] {processor.py:914} INFO - Processing file /home/airflow/.local/lib/python3.12/site-packages/airflow/example_dags/example_latest_only.py for tasks to queue
[2024-12-10T08:03:25.388+0000] {logging_mixin.py:190} INFO - [2024-12-10T08:03:25.387+0000] {dagbag.py:588} INFO - Filling up the DagBag from /home/airflow/.local/lib/python3.12/site-packages/airflow/example_dags/example_latest_only.py
[2024-12-10T08:03:25.396+0000] {processor.py:925} INFO - DAG(s) 'latest_only' retrieved from /home/airflow/.local/lib/python3.12/site-packages/airflow/example_dags/example_latest_only.py
[2024-12-10T08:03:25.419+0000] {logging_mixin.py:190} INFO - [2024-12-10T08:03:25.419+0000] {dag.py:3239} INFO - Sync 1 DAGs
[2024-12-10T08:03:25.445+0000] {logging_mixin.py:190} INFO - [2024-12-10T08:03:25.445+0000] {dag.py:4180} INFO - Setting next_dagrun for latest_only to 2024-12-10 04:00:00+00:00, run_after=2024-12-10 08:00:00+00:00
[2024-12-10T08:03:25.464+0000] {processor.py:208} INFO - Processing /home/airflow/.local/lib/python3.12/site-packages/airflow/example_dags/example_latest_only.py took 0.089 seconds
[2024-12-10T08:03:56.424+0000] {processor.py:186} INFO - Started process (PID=1047) to work on /home/airflow/.local/lib/python3.12/site-packages/airflow/example_dags/example_latest_only.py
[2024-12-10T08:03:56.426+0000] {processor.py:914} INFO - Processing file /home/airflow/.local/lib/python3.12/site-packages/airflow/example_dags/example_latest_only.py for tasks to queue
[2024-12-10T08:03:56.429+0000] {logging_mixin.py:190} INFO - [2024-12-10T08:03:56.428+0000] {dagbag.py:588} INFO - Filling up the DagBag from /home/airflow/.local/lib/python3.12/site-packages/airflow/example_dags/example_latest_only.py
[2024-12-10T08:03:56.439+0000] {processor.py:925} INFO - DAG(s) 'latest_only' retrieved from /home/airflow/.local/lib/python3.12/site-packages/airflow/example_dags/example_latest_only.py
[2024-12-10T08:03:56.463+0000] {logging_mixin.py:190} INFO - [2024-12-10T08:03:56.462+0000] {dag.py:3239} INFO - Sync 1 DAGs
[2024-12-10T08:03:56.500+0000] {logging_mixin.py:190} INFO - [2024-12-10T08:03:56.500+0000] {dag.py:4180} INFO - Setting next_dagrun for latest_only to 2024-12-10 04:00:00+00:00, run_after=2024-12-10 08:00:00+00:00
[2024-12-10T08:03:56.521+0000] {processor.py:208} INFO - Processing /home/airflow/.local/lib/python3.12/site-packages/airflow/example_dags/example_latest_only.py took 0.106 seconds
[2024-12-10T08:04:28.131+0000] {processor.py:186} INFO - Started process (PID=1110) to work on /home/airflow/.local/lib/python3.12/site-packages/airflow/example_dags/example_latest_only.py
[2024-12-10T08:04:28.133+0000] {processor.py:914} INFO - Processing file /home/airflow/.local/lib/python3.12/site-packages/airflow/example_dags/example_latest_only.py for tasks to queue
[2024-12-10T08:04:28.138+0000] {logging_mixin.py:190} INFO - [2024-12-10T08:04:28.137+0000] {dagbag.py:588} INFO - Filling up the DagBag from /home/airflow/.local/lib/python3.12/site-packages/airflow/example_dags/example_latest_only.py
[2024-12-10T08:04:28.149+0000] {processor.py:925} INFO - DAG(s) 'latest_only' retrieved from /home/airflow/.local/lib/python3.12/site-packages/airflow/example_dags/example_latest_only.py
[2024-12-10T08:04:28.184+0000] {logging_mixin.py:190} INFO - [2024-12-10T08:04:28.183+0000] {dag.py:3239} INFO - Sync 1 DAGs
[2024-12-10T08:04:28.237+0000] {logging_mixin.py:190} INFO - [2024-12-10T08:04:28.236+0000] {dag.py:4180} INFO - Setting next_dagrun for latest_only to 2024-12-10 04:00:00+00:00, run_after=2024-12-10 08:00:00+00:00
[2024-12-10T08:04:28.269+0000] {processor.py:208} INFO - Processing /home/airflow/.local/lib/python3.12/site-packages/airflow/example_dags/example_latest_only.py took 0.148 seconds
[2024-12-10T08:04:58.673+0000] {processor.py:186} INFO - Started process (PID=1173) to work on /home/airflow/.local/lib/python3.12/site-packages/airflow/example_dags/example_latest_only.py
[2024-12-10T08:04:58.674+0000] {processor.py:914} INFO - Processing file /home/airflow/.local/lib/python3.12/site-packages/airflow/example_dags/example_latest_only.py for tasks to queue
[2024-12-10T08:04:58.677+0000] {logging_mixin.py:190} INFO - [2024-12-10T08:04:58.676+0000] {dagbag.py:588} INFO - Filling up the DagBag from /home/airflow/.local/lib/python3.12/site-packages/airflow/example_dags/example_latest_only.py
[2024-12-10T08:04:58.684+0000] {processor.py:925} INFO - DAG(s) 'latest_only' retrieved from /home/airflow/.local/lib/python3.12/site-packages/airflow/example_dags/example_latest_only.py
[2024-12-10T08:04:58.702+0000] {logging_mixin.py:190} INFO - [2024-12-10T08:04:58.702+0000] {dag.py:3239} INFO - Sync 1 DAGs
[2024-12-10T08:04:58.731+0000] {logging_mixin.py:190} INFO - [2024-12-10T08:04:58.731+0000] {dag.py:4180} INFO - Setting next_dagrun for latest_only to 2024-12-10 04:00:00+00:00, run_after=2024-12-10 08:00:00+00:00
[2024-12-10T08:04:58.752+0000] {processor.py:208} INFO - Processing /home/airflow/.local/lib/python3.12/site-packages/airflow/example_dags/example_latest_only.py took 0.085 seconds
[2024-12-10T08:05:29.733+0000] {processor.py:186} INFO - Started process (PID=1236) to work on /home/airflow/.local/lib/python3.12/site-packages/airflow/example_dags/example_latest_only.py
[2024-12-10T08:05:29.734+0000] {processor.py:914} INFO - Processing file /home/airflow/.local/lib/python3.12/site-packages/airflow/example_dags/example_latest_only.py for tasks to queue
[2024-12-10T08:05:29.737+0000] {logging_mixin.py:190} INFO - [2024-12-10T08:05:29.737+0000] {dagbag.py:588} INFO - Filling up the DagBag from /home/airflow/.local/lib/python3.12/site-packages/airflow/example_dags/example_latest_only.py
[2024-12-10T08:05:29.746+0000] {processor.py:925} INFO - DAG(s) 'latest_only' retrieved from /home/airflow/.local/lib/python3.12/site-packages/airflow/example_dags/example_latest_only.py
[2024-12-10T08:05:29.767+0000] {logging_mixin.py:190} INFO - [2024-12-10T08:05:29.766+0000] {dag.py:3239} INFO - Sync 1 DAGs
[2024-12-10T08:05:29.791+0000] {logging_mixin.py:190} INFO - [2024-12-10T08:05:29.790+0000] {dag.py:4180} INFO - Setting next_dagrun for latest_only to 2024-12-10 04:00:00+00:00, run_after=2024-12-10 08:00:00+00:00
[2024-12-10T08:05:29.809+0000] {processor.py:208} INFO - Processing /home/airflow/.local/lib/python3.12/site-packages/airflow/example_dags/example_latest_only.py took 0.083 seconds
[2024-12-10T08:06:00.810+0000] {processor.py:186} INFO - Started process (PID=1299) to work on /home/airflow/.local/lib/python3.12/site-packages/airflow/example_dags/example_latest_only.py
[2024-12-10T08:06:00.811+0000] {processor.py:914} INFO - Processing file /home/airflow/.local/lib/python3.12/site-packages/airflow/example_dags/example_latest_only.py for tasks to queue
[2024-12-10T08:06:00.815+0000] {logging_mixin.py:190} INFO - [2024-12-10T08:06:00.814+0000] {dagbag.py:588} INFO - Filling up the DagBag from /home/airflow/.local/lib/python3.12/site-packages/airflow/example_dags/example_latest_only.py
[2024-12-10T08:06:00.822+0000] {processor.py:925} INFO - DAG(s) 'latest_only' retrieved from /home/airflow/.local/lib/python3.12/site-packages/airflow/example_dags/example_latest_only.py
[2024-12-10T08:06:00.844+0000] {logging_mixin.py:190} INFO - [2024-12-10T08:06:00.844+0000] {dag.py:3239} INFO - Sync 1 DAGs
[2024-12-10T08:06:00.871+0000] {logging_mixin.py:190} INFO - [2024-12-10T08:06:00.871+0000] {dag.py:4180} INFO - Setting next_dagrun for latest_only to 2024-12-10 04:00:00+00:00, run_after=2024-12-10 08:00:00+00:00
[2024-12-10T08:06:00.894+0000] {processor.py:208} INFO - Processing /home/airflow/.local/lib/python3.12/site-packages/airflow/example_dags/example_latest_only.py took 0.090 seconds
[2024-12-10T08:06:32.451+0000] {processor.py:186} INFO - Started process (PID=1362) to work on /home/airflow/.local/lib/python3.12/site-packages/airflow/example_dags/example_latest_only.py
[2024-12-10T08:06:32.452+0000] {processor.py:914} INFO - Processing file /home/airflow/.local/lib/python3.12/site-packages/airflow/example_dags/example_latest_only.py for tasks to queue
[2024-12-10T08:06:32.455+0000] {logging_mixin.py:190} INFO - [2024-12-10T08:06:32.454+0000] {dagbag.py:588} INFO - Filling up the DagBag from /home/airflow/.local/lib/python3.12/site-packages/airflow/example_dags/example_latest_only.py
[2024-12-10T08:06:32.464+0000] {processor.py:925} INFO - DAG(s) 'latest_only' retrieved from /home/airflow/.local/lib/python3.12/site-packages/airflow/example_dags/example_latest_only.py
[2024-12-10T08:06:32.490+0000] {logging_mixin.py:190} INFO - [2024-12-10T08:06:32.490+0000] {dag.py:3239} INFO - Sync 1 DAGs
[2024-12-10T08:06:32.522+0000] {logging_mixin.py:190} INFO - [2024-12-10T08:06:32.522+0000] {dag.py:4180} INFO - Setting next_dagrun for latest_only to 2024-12-10 04:00:00+00:00, run_after=2024-12-10 08:00:00+00:00
[2024-12-10T08:06:32.547+0000] {processor.py:208} INFO - Processing /home/airflow/.local/lib/python3.12/site-packages/airflow/example_dags/example_latest_only.py took 0.105 seconds
[2024-12-10T08:08:29.565+0000] {processor.py:186} INFO - Started process (PID=102) to work on /home/airflow/.local/lib/python3.12/site-packages/airflow/example_dags/example_latest_only.py
[2024-12-10T08:08:29.566+0000] {processor.py:914} INFO - Processing file /home/airflow/.local/lib/python3.12/site-packages/airflow/example_dags/example_latest_only.py for tasks to queue
[2024-12-10T08:08:29.569+0000] {logging_mixin.py:190} INFO - [2024-12-10T08:08:29.569+0000] {dagbag.py:588} INFO - Filling up the DagBag from /home/airflow/.local/lib/python3.12/site-packages/airflow/example_dags/example_latest_only.py
[2024-12-10T08:08:29.580+0000] {processor.py:925} INFO - DAG(s) 'latest_only' retrieved from /home/airflow/.local/lib/python3.12/site-packages/airflow/example_dags/example_latest_only.py
[2024-12-10T08:08:29.608+0000] {logging_mixin.py:190} INFO - [2024-12-10T08:08:29.607+0000] {dag.py:3239} INFO - Sync 1 DAGs
[2024-12-10T08:08:29.639+0000] {logging_mixin.py:190} INFO - [2024-12-10T08:08:29.638+0000] {dag.py:4180} INFO - Setting next_dagrun for latest_only to 2024-12-10 04:00:00+00:00, run_after=2024-12-10 08:00:00+00:00
[2024-12-10T08:08:29.664+0000] {processor.py:208} INFO - Processing /home/airflow/.local/lib/python3.12/site-packages/airflow/example_dags/example_latest_only.py took 0.107 seconds
[2024-12-10T08:09:00.473+0000] {processor.py:186} INFO - Started process (PID=165) to work on /home/airflow/.local/lib/python3.12/site-packages/airflow/example_dags/example_latest_only.py
[2024-12-10T08:09:00.474+0000] {processor.py:914} INFO - Processing file /home/airflow/.local/lib/python3.12/site-packages/airflow/example_dags/example_latest_only.py for tasks to queue
[2024-12-10T08:09:00.477+0000] {logging_mixin.py:190} INFO - [2024-12-10T08:09:00.477+0000] {dagbag.py:588} INFO - Filling up the DagBag from /home/airflow/.local/lib/python3.12/site-packages/airflow/example_dags/example_latest_only.py
[2024-12-10T08:09:00.486+0000] {processor.py:925} INFO - DAG(s) 'latest_only' retrieved from /home/airflow/.local/lib/python3.12/site-packages/airflow/example_dags/example_latest_only.py
[2024-12-10T08:09:00.509+0000] {logging_mixin.py:190} INFO - [2024-12-10T08:09:00.508+0000] {dag.py:3239} INFO - Sync 1 DAGs
[2024-12-10T08:09:00.540+0000] {logging_mixin.py:190} INFO - [2024-12-10T08:09:00.539+0000] {dag.py:4180} INFO - Setting next_dagrun for latest_only to 2024-12-10 04:00:00+00:00, run_after=2024-12-10 08:00:00+00:00
[2024-12-10T08:09:00.562+0000] {processor.py:208} INFO - Processing /home/airflow/.local/lib/python3.12/site-packages/airflow/example_dags/example_latest_only.py took 0.096 seconds
[2024-12-10T08:09:30.959+0000] {processor.py:186} INFO - Started process (PID=228) to work on /home/airflow/.local/lib/python3.12/site-packages/airflow/example_dags/example_latest_only.py
[2024-12-10T08:09:30.960+0000] {processor.py:914} INFO - Processing file /home/airflow/.local/lib/python3.12/site-packages/airflow/example_dags/example_latest_only.py for tasks to queue
[2024-12-10T08:09:30.964+0000] {logging_mixin.py:190} INFO - [2024-12-10T08:09:30.964+0000] {dagbag.py:588} INFO - Filling up the DagBag from /home/airflow/.local/lib/python3.12/site-packages/airflow/example_dags/example_latest_only.py
[2024-12-10T08:09:30.973+0000] {processor.py:925} INFO - DAG(s) 'latest_only' retrieved from /home/airflow/.local/lib/python3.12/site-packages/airflow/example_dags/example_latest_only.py
[2024-12-10T08:09:31.004+0000] {logging_mixin.py:190} INFO - [2024-12-10T08:09:31.004+0000] {dag.py:3239} INFO - Sync 1 DAGs
[2024-12-10T08:09:31.046+0000] {logging_mixin.py:190} INFO - [2024-12-10T08:09:31.046+0000] {dag.py:4180} INFO - Setting next_dagrun for latest_only to 2024-12-10 04:00:00+00:00, run_after=2024-12-10 08:00:00+00:00
[2024-12-10T08:09:31.073+0000] {processor.py:208} INFO - Processing /home/airflow/.local/lib/python3.12/site-packages/airflow/example_dags/example_latest_only.py took 0.122 seconds
[2024-12-10T08:10:02.619+0000] {processor.py:186} INFO - Started process (PID=291) to work on /home/airflow/.local/lib/python3.12/site-packages/airflow/example_dags/example_latest_only.py
[2024-12-10T08:10:02.620+0000] {processor.py:914} INFO - Processing file /home/airflow/.local/lib/python3.12/site-packages/airflow/example_dags/example_latest_only.py for tasks to queue
[2024-12-10T08:10:02.623+0000] {logging_mixin.py:190} INFO - [2024-12-10T08:10:02.623+0000] {dagbag.py:588} INFO - Filling up the DagBag from /home/airflow/.local/lib/python3.12/site-packages/airflow/example_dags/example_latest_only.py
[2024-12-10T08:10:02.633+0000] {processor.py:925} INFO - DAG(s) 'latest_only' retrieved from /home/airflow/.local/lib/python3.12/site-packages/airflow/example_dags/example_latest_only.py
[2024-12-10T08:10:02.656+0000] {logging_mixin.py:190} INFO - [2024-12-10T08:10:02.656+0000] {dag.py:3239} INFO - Sync 1 DAGs
[2024-12-10T08:10:02.686+0000] {logging_mixin.py:190} INFO - [2024-12-10T08:10:02.686+0000] {dag.py:4180} INFO - Setting next_dagrun for latest_only to 2024-12-10 04:00:00+00:00, run_after=2024-12-10 08:00:00+00:00
[2024-12-10T08:10:02.707+0000] {processor.py:208} INFO - Processing /home/airflow/.local/lib/python3.12/site-packages/airflow/example_dags/example_latest_only.py took 0.095 seconds
[2024-12-10T08:10:34.118+0000] {processor.py:186} INFO - Started process (PID=354) to work on /home/airflow/.local/lib/python3.12/site-packages/airflow/example_dags/example_latest_only.py
[2024-12-10T08:10:34.119+0000] {processor.py:914} INFO - Processing file /home/airflow/.local/lib/python3.12/site-packages/airflow/example_dags/example_latest_only.py for tasks to queue
[2024-12-10T08:10:34.122+0000] {logging_mixin.py:190} INFO - [2024-12-10T08:10:34.121+0000] {dagbag.py:588} INFO - Filling up the DagBag from /home/airflow/.local/lib/python3.12/site-packages/airflow/example_dags/example_latest_only.py
[2024-12-10T08:10:34.130+0000] {processor.py:925} INFO - DAG(s) 'latest_only' retrieved from /home/airflow/.local/lib/python3.12/site-packages/airflow/example_dags/example_latest_only.py
[2024-12-10T08:10:34.155+0000] {logging_mixin.py:190} INFO - [2024-12-10T08:10:34.154+0000] {dag.py:3239} INFO - Sync 1 DAGs
[2024-12-10T08:10:34.188+0000] {logging_mixin.py:190} INFO - [2024-12-10T08:10:34.188+0000] {dag.py:4180} INFO - Setting next_dagrun for latest_only to 2024-12-10 04:00:00+00:00, run_after=2024-12-10 08:00:00+00:00
[2024-12-10T08:10:34.211+0000] {processor.py:208} INFO - Processing /home/airflow/.local/lib/python3.12/site-packages/airflow/example_dags/example_latest_only.py took 0.100 seconds
[2024-12-10T08:11:06.031+0000] {processor.py:186} INFO - Started process (PID=417) to work on /home/airflow/.local/lib/python3.12/site-packages/airflow/example_dags/example_latest_only.py
[2024-12-10T08:11:06.032+0000] {processor.py:914} INFO - Processing file /home/airflow/.local/lib/python3.12/site-packages/airflow/example_dags/example_latest_only.py for tasks to queue
[2024-12-10T08:11:06.035+0000] {logging_mixin.py:190} INFO - [2024-12-10T08:11:06.034+0000] {dagbag.py:588} INFO - Filling up the DagBag from /home/airflow/.local/lib/python3.12/site-packages/airflow/example_dags/example_latest_only.py
[2024-12-10T08:11:06.043+0000] {processor.py:925} INFO - DAG(s) 'latest_only' retrieved from /home/airflow/.local/lib/python3.12/site-packages/airflow/example_dags/example_latest_only.py
[2024-12-10T08:11:06.066+0000] {logging_mixin.py:190} INFO - [2024-12-10T08:11:06.066+0000] {dag.py:3239} INFO - Sync 1 DAGs
[2024-12-10T08:11:06.094+0000] {logging_mixin.py:190} INFO - [2024-12-10T08:11:06.094+0000] {dag.py:4180} INFO - Setting next_dagrun for latest_only to 2024-12-10 04:00:00+00:00, run_after=2024-12-10 08:00:00+00:00
[2024-12-10T08:11:06.115+0000] {processor.py:208} INFO - Processing /home/airflow/.local/lib/python3.12/site-packages/airflow/example_dags/example_latest_only.py took 0.091 seconds
[2024-12-10T08:11:37.457+0000] {processor.py:186} INFO - Started process (PID=480) to work on /home/airflow/.local/lib/python3.12/site-packages/airflow/example_dags/example_latest_only.py
[2024-12-10T08:11:37.459+0000] {processor.py:914} INFO - Processing file /home/airflow/.local/lib/python3.12/site-packages/airflow/example_dags/example_latest_only.py for tasks to queue
[2024-12-10T08:11:37.462+0000] {logging_mixin.py:190} INFO - [2024-12-10T08:11:37.462+0000] {dagbag.py:588} INFO - Filling up the DagBag from /home/airflow/.local/lib/python3.12/site-packages/airflow/example_dags/example_latest_only.py
[2024-12-10T08:11:37.472+0000] {processor.py:925} INFO - DAG(s) 'latest_only' retrieved from /home/airflow/.local/lib/python3.12/site-packages/airflow/example_dags/example_latest_only.py
[2024-12-10T08:11:37.498+0000] {logging_mixin.py:190} INFO - [2024-12-10T08:11:37.497+0000] {dag.py:3239} INFO - Sync 1 DAGs
[2024-12-10T08:11:37.529+0000] {logging_mixin.py:190} INFO - [2024-12-10T08:11:37.529+0000] {dag.py:4180} INFO - Setting next_dagrun for latest_only to 2024-12-10 04:00:00+00:00, run_after=2024-12-10 08:00:00+00:00
[2024-12-10T08:11:37.557+0000] {processor.py:208} INFO - Processing /home/airflow/.local/lib/python3.12/site-packages/airflow/example_dags/example_latest_only.py took 0.108 seconds
[2024-12-10T08:12:08.258+0000] {processor.py:186} INFO - Started process (PID=543) to work on /home/airflow/.local/lib/python3.12/site-packages/airflow/example_dags/example_latest_only.py
[2024-12-10T08:12:08.260+0000] {processor.py:914} INFO - Processing file /home/airflow/.local/lib/python3.12/site-packages/airflow/example_dags/example_latest_only.py for tasks to queue
[2024-12-10T08:12:08.262+0000] {logging_mixin.py:190} INFO - [2024-12-10T08:12:08.262+0000] {dagbag.py:588} INFO - Filling up the DagBag from /home/airflow/.local/lib/python3.12/site-packages/airflow/example_dags/example_latest_only.py
[2024-12-10T08:12:08.271+0000] {processor.py:925} INFO - DAG(s) 'latest_only' retrieved from /home/airflow/.local/lib/python3.12/site-packages/airflow/example_dags/example_latest_only.py
[2024-12-10T08:12:08.293+0000] {logging_mixin.py:190} INFO - [2024-12-10T08:12:08.293+0000] {dag.py:3239} INFO - Sync 1 DAGs
[2024-12-10T08:12:08.320+0000] {logging_mixin.py:190} INFO - [2024-12-10T08:12:08.319+0000] {dag.py:4180} INFO - Setting next_dagrun for latest_only to 2024-12-10 04:00:00+00:00, run_after=2024-12-10 08:00:00+00:00
[2024-12-10T08:12:08.340+0000] {processor.py:208} INFO - Processing /home/airflow/.local/lib/python3.12/site-packages/airflow/example_dags/example_latest_only.py took 0.089 seconds
[2024-12-10T08:12:39.453+0000] {processor.py:186} INFO - Started process (PID=606) to work on /home/airflow/.local/lib/python3.12/site-packages/airflow/example_dags/example_latest_only.py
[2024-12-10T08:12:39.454+0000] {processor.py:914} INFO - Processing file /home/airflow/.local/lib/python3.12/site-packages/airflow/example_dags/example_latest_only.py for tasks to queue
[2024-12-10T08:12:39.457+0000] {logging_mixin.py:190} INFO - [2024-12-10T08:12:39.457+0000] {dagbag.py:588} INFO - Filling up the DagBag from /home/airflow/.local/lib/python3.12/site-packages/airflow/example_dags/example_latest_only.py
[2024-12-10T08:12:39.466+0000] {processor.py:925} INFO - DAG(s) 'latest_only' retrieved from /home/airflow/.local/lib/python3.12/site-packages/airflow/example_dags/example_latest_only.py
[2024-12-10T08:12:39.488+0000] {logging_mixin.py:190} INFO - [2024-12-10T08:12:39.488+0000] {dag.py:3239} INFO - Sync 1 DAGs
[2024-12-10T08:12:39.515+0000] {logging_mixin.py:190} INFO - [2024-12-10T08:12:39.515+0000] {dag.py:4180} INFO - Setting next_dagrun for latest_only to 2024-12-10 04:00:00+00:00, run_after=2024-12-10 08:00:00+00:00
[2024-12-10T08:12:39.535+0000] {processor.py:208} INFO - Processing /home/airflow/.local/lib/python3.12/site-packages/airflow/example_dags/example_latest_only.py took 0.090 seconds
[2024-12-10T08:13:10.536+0000] {processor.py:186} INFO - Started process (PID=669) to work on /home/airflow/.local/lib/python3.12/site-packages/airflow/example_dags/example_latest_only.py
[2024-12-10T08:13:10.537+0000] {processor.py:914} INFO - Processing file /home/airflow/.local/lib/python3.12/site-packages/airflow/example_dags/example_latest_only.py for tasks to queue
[2024-12-10T08:13:10.540+0000] {logging_mixin.py:190} INFO - [2024-12-10T08:13:10.539+0000] {dagbag.py:588} INFO - Filling up the DagBag from /home/airflow/.local/lib/python3.12/site-packages/airflow/example_dags/example_latest_only.py
[2024-12-10T08:13:10.551+0000] {processor.py:925} INFO - DAG(s) 'latest_only' retrieved from /home/airflow/.local/lib/python3.12/site-packages/airflow/example_dags/example_latest_only.py
[2024-12-10T08:13:10.577+0000] {logging_mixin.py:190} INFO - [2024-12-10T08:13:10.577+0000] {dag.py:3239} INFO - Sync 1 DAGs
[2024-12-10T08:13:10.609+0000] {logging_mixin.py:190} INFO - [2024-12-10T08:13:10.608+0000] {dag.py:4180} INFO - Setting next_dagrun for latest_only to 2024-12-10 04:00:00+00:00, run_after=2024-12-10 08:00:00+00:00
[2024-12-10T08:13:10.630+0000] {processor.py:208} INFO - Processing /home/airflow/.local/lib/python3.12/site-packages/airflow/example_dags/example_latest_only.py took 0.102 seconds
[2024-12-10T08:13:42.392+0000] {processor.py:186} INFO - Started process (PID=732) to work on /home/airflow/.local/lib/python3.12/site-packages/airflow/example_dags/example_latest_only.py
[2024-12-10T08:13:42.393+0000] {processor.py:914} INFO - Processing file /home/airflow/.local/lib/python3.12/site-packages/airflow/example_dags/example_latest_only.py for tasks to queue
[2024-12-10T08:13:42.397+0000] {logging_mixin.py:190} INFO - [2024-12-10T08:13:42.397+0000] {dagbag.py:588} INFO - Filling up the DagBag from /home/airflow/.local/lib/python3.12/site-packages/airflow/example_dags/example_latest_only.py
[2024-12-10T08:13:42.411+0000] {processor.py:925} INFO - DAG(s) 'latest_only' retrieved from /home/airflow/.local/lib/python3.12/site-packages/airflow/example_dags/example_latest_only.py
[2024-12-10T08:13:42.439+0000] {logging_mixin.py:190} INFO - [2024-12-10T08:13:42.439+0000] {dag.py:3239} INFO - Sync 1 DAGs
[2024-12-10T08:13:42.473+0000] {logging_mixin.py:190} INFO - [2024-12-10T08:13:42.473+0000] {dag.py:4180} INFO - Setting next_dagrun for latest_only to 2024-12-10 04:00:00+00:00, run_after=2024-12-10 08:00:00+00:00
[2024-12-10T08:13:42.496+0000] {processor.py:208} INFO - Processing /home/airflow/.local/lib/python3.12/site-packages/airflow/example_dags/example_latest_only.py took 0.113 seconds
[2024-12-10T08:14:13.387+0000] {processor.py:186} INFO - Started process (PID=795) to work on /home/airflow/.local/lib/python3.12/site-packages/airflow/example_dags/example_latest_only.py
[2024-12-10T08:14:13.398+0000] {processor.py:914} INFO - Processing file /home/airflow/.local/lib/python3.12/site-packages/airflow/example_dags/example_latest_only.py for tasks to queue
[2024-12-10T08:14:13.410+0000] {logging_mixin.py:190} INFO - [2024-12-10T08:14:13.409+0000] {dagbag.py:588} INFO - Filling up the DagBag from /home/airflow/.local/lib/python3.12/site-packages/airflow/example_dags/example_latest_only.py
[2024-12-10T08:14:13.439+0000] {processor.py:925} INFO - DAG(s) 'latest_only' retrieved from /home/airflow/.local/lib/python3.12/site-packages/airflow/example_dags/example_latest_only.py
[2024-12-10T08:14:13.527+0000] {logging_mixin.py:190} INFO - [2024-12-10T08:14:13.526+0000] {dag.py:3239} INFO - Sync 1 DAGs
[2024-12-10T08:14:13.613+0000] {logging_mixin.py:190} INFO - [2024-12-10T08:14:13.612+0000] {dag.py:4180} INFO - Setting next_dagrun for latest_only to 2024-12-10 04:00:00+00:00, run_after=2024-12-10 08:00:00+00:00
[2024-12-10T08:14:13.680+0000] {processor.py:208} INFO - Processing /home/airflow/.local/lib/python3.12/site-packages/airflow/example_dags/example_latest_only.py took 0.315 seconds
[2024-12-10T08:15:34.821+0000] {processor.py:186} INFO - Started process (PID=102) to work on /home/airflow/.local/lib/python3.12/site-packages/airflow/example_dags/example_latest_only.py
[2024-12-10T08:15:34.823+0000] {processor.py:914} INFO - Processing file /home/airflow/.local/lib/python3.12/site-packages/airflow/example_dags/example_latest_only.py for tasks to queue
[2024-12-10T08:15:34.825+0000] {logging_mixin.py:190} INFO - [2024-12-10T08:15:34.825+0000] {dagbag.py:588} INFO - Filling up the DagBag from /home/airflow/.local/lib/python3.12/site-packages/airflow/example_dags/example_latest_only.py
[2024-12-10T08:15:34.835+0000] {processor.py:925} INFO - DAG(s) 'latest_only' retrieved from /home/airflow/.local/lib/python3.12/site-packages/airflow/example_dags/example_latest_only.py
[2024-12-10T08:15:34.864+0000] {logging_mixin.py:190} INFO - [2024-12-10T08:15:34.863+0000] {dag.py:3239} INFO - Sync 1 DAGs
[2024-12-10T08:15:34.894+0000] {logging_mixin.py:190} INFO - [2024-12-10T08:15:34.893+0000] {dag.py:4180} INFO - Setting next_dagrun for latest_only to 2024-12-10 04:00:00+00:00, run_after=2024-12-10 08:00:00+00:00
[2024-12-10T08:15:34.918+0000] {processor.py:208} INFO - Processing /home/airflow/.local/lib/python3.12/site-packages/airflow/example_dags/example_latest_only.py took 0.103 seconds
[2024-12-10T08:16:06.139+0000] {processor.py:186} INFO - Started process (PID=165) to work on /home/airflow/.local/lib/python3.12/site-packages/airflow/example_dags/example_latest_only.py
[2024-12-10T08:16:06.140+0000] {processor.py:914} INFO - Processing file /home/airflow/.local/lib/python3.12/site-packages/airflow/example_dags/example_latest_only.py for tasks to queue
[2024-12-10T08:16:06.143+0000] {logging_mixin.py:190} INFO - [2024-12-10T08:16:06.143+0000] {dagbag.py:588} INFO - Filling up the DagBag from /home/airflow/.local/lib/python3.12/site-packages/airflow/example_dags/example_latest_only.py
[2024-12-10T08:16:06.152+0000] {processor.py:925} INFO - DAG(s) 'latest_only' retrieved from /home/airflow/.local/lib/python3.12/site-packages/airflow/example_dags/example_latest_only.py
[2024-12-10T08:16:06.176+0000] {logging_mixin.py:190} INFO - [2024-12-10T08:16:06.175+0000] {dag.py:3239} INFO - Sync 1 DAGs
[2024-12-10T08:16:06.205+0000] {logging_mixin.py:190} INFO - [2024-12-10T08:16:06.204+0000] {dag.py:4180} INFO - Setting next_dagrun for latest_only to 2024-12-10 04:00:00+00:00, run_after=2024-12-10 08:00:00+00:00
[2024-12-10T08:16:06.227+0000] {processor.py:208} INFO - Processing /home/airflow/.local/lib/python3.12/site-packages/airflow/example_dags/example_latest_only.py took 0.099 seconds
[2024-12-10T08:16:36.975+0000] {processor.py:186} INFO - Started process (PID=228) to work on /home/airflow/.local/lib/python3.12/site-packages/airflow/example_dags/example_latest_only.py
[2024-12-10T08:16:36.976+0000] {processor.py:914} INFO - Processing file /home/airflow/.local/lib/python3.12/site-packages/airflow/example_dags/example_latest_only.py for tasks to queue
[2024-12-10T08:16:36.980+0000] {logging_mixin.py:190} INFO - [2024-12-10T08:16:36.979+0000] {dagbag.py:588} INFO - Filling up the DagBag from /home/airflow/.local/lib/python3.12/site-packages/airflow/example_dags/example_latest_only.py
[2024-12-10T08:16:36.990+0000] {processor.py:925} INFO - DAG(s) 'latest_only' retrieved from /home/airflow/.local/lib/python3.12/site-packages/airflow/example_dags/example_latest_only.py
[2024-12-10T08:16:37.018+0000] {logging_mixin.py:190} INFO - [2024-12-10T08:16:37.018+0000] {dag.py:3239} INFO - Sync 1 DAGs
[2024-12-10T08:16:37.051+0000] {logging_mixin.py:190} INFO - [2024-12-10T08:16:37.050+0000] {dag.py:4180} INFO - Setting next_dagrun for latest_only to 2024-12-10 04:00:00+00:00, run_after=2024-12-10 08:00:00+00:00
[2024-12-10T08:16:37.075+0000] {processor.py:208} INFO - Processing /home/airflow/.local/lib/python3.12/site-packages/airflow/example_dags/example_latest_only.py took 0.109 seconds
[2024-12-10T08:17:08.412+0000] {processor.py:186} INFO - Started process (PID=291) to work on /home/airflow/.local/lib/python3.12/site-packages/airflow/example_dags/example_latest_only.py
[2024-12-10T08:17:08.413+0000] {processor.py:914} INFO - Processing file /home/airflow/.local/lib/python3.12/site-packages/airflow/example_dags/example_latest_only.py for tasks to queue
[2024-12-10T08:17:08.417+0000] {logging_mixin.py:190} INFO - [2024-12-10T08:17:08.416+0000] {dagbag.py:588} INFO - Filling up the DagBag from /home/airflow/.local/lib/python3.12/site-packages/airflow/example_dags/example_latest_only.py
[2024-12-10T08:17:08.428+0000] {processor.py:925} INFO - DAG(s) 'latest_only' retrieved from /home/airflow/.local/lib/python3.12/site-packages/airflow/example_dags/example_latest_only.py
[2024-12-10T08:17:08.451+0000] {logging_mixin.py:190} INFO - [2024-12-10T08:17:08.451+0000] {dag.py:3239} INFO - Sync 1 DAGs
[2024-12-10T08:17:08.482+0000] {logging_mixin.py:190} INFO - [2024-12-10T08:17:08.482+0000] {dag.py:4180} INFO - Setting next_dagrun for latest_only to 2024-12-10 04:00:00+00:00, run_after=2024-12-10 08:00:00+00:00
[2024-12-10T08:17:08.505+0000] {processor.py:208} INFO - Processing /home/airflow/.local/lib/python3.12/site-packages/airflow/example_dags/example_latest_only.py took 0.102 seconds
[2024-12-10T08:17:40.011+0000] {processor.py:186} INFO - Started process (PID=354) to work on /home/airflow/.local/lib/python3.12/site-packages/airflow/example_dags/example_latest_only.py
[2024-12-10T08:17:40.012+0000] {processor.py:914} INFO - Processing file /home/airflow/.local/lib/python3.12/site-packages/airflow/example_dags/example_latest_only.py for tasks to queue
[2024-12-10T08:17:40.015+0000] {logging_mixin.py:190} INFO - [2024-12-10T08:17:40.015+0000] {dagbag.py:588} INFO - Filling up the DagBag from /home/airflow/.local/lib/python3.12/site-packages/airflow/example_dags/example_latest_only.py
[2024-12-10T08:17:40.022+0000] {processor.py:925} INFO - DAG(s) 'latest_only' retrieved from /home/airflow/.local/lib/python3.12/site-packages/airflow/example_dags/example_latest_only.py
[2024-12-10T08:17:40.043+0000] {logging_mixin.py:190} INFO - [2024-12-10T08:17:40.043+0000] {dag.py:3239} INFO - Sync 1 DAGs
[2024-12-10T08:17:40.071+0000] {logging_mixin.py:190} INFO - [2024-12-10T08:17:40.070+0000] {dag.py:4180} INFO - Setting next_dagrun for latest_only to 2024-12-10 04:00:00+00:00, run_after=2024-12-10 08:00:00+00:00
[2024-12-10T08:17:40.092+0000] {processor.py:208} INFO - Processing /home/airflow/.local/lib/python3.12/site-packages/airflow/example_dags/example_latest_only.py took 0.087 seconds
[2024-12-10T08:18:11.252+0000] {processor.py:186} INFO - Started process (PID=417) to work on /home/airflow/.local/lib/python3.12/site-packages/airflow/example_dags/example_latest_only.py
[2024-12-10T08:18:11.254+0000] {processor.py:914} INFO - Processing file /home/airflow/.local/lib/python3.12/site-packages/airflow/example_dags/example_latest_only.py for tasks to queue
[2024-12-10T08:18:11.258+0000] {logging_mixin.py:190} INFO - [2024-12-10T08:18:11.257+0000] {dagbag.py:588} INFO - Filling up the DagBag from /home/airflow/.local/lib/python3.12/site-packages/airflow/example_dags/example_latest_only.py
[2024-12-10T08:18:11.267+0000] {processor.py:925} INFO - DAG(s) 'latest_only' retrieved from /home/airflow/.local/lib/python3.12/site-packages/airflow/example_dags/example_latest_only.py
[2024-12-10T08:18:11.289+0000] {logging_mixin.py:190} INFO - [2024-12-10T08:18:11.289+0000] {dag.py:3239} INFO - Sync 1 DAGs
[2024-12-10T08:18:11.315+0000] {logging_mixin.py:190} INFO - [2024-12-10T08:18:11.315+0000] {dag.py:4180} INFO - Setting next_dagrun for latest_only to 2024-12-10 04:00:00+00:00, run_after=2024-12-10 08:00:00+00:00
[2024-12-10T08:18:11.336+0000] {processor.py:208} INFO - Processing /home/airflow/.local/lib/python3.12/site-packages/airflow/example_dags/example_latest_only.py took 0.091 seconds
[2024-12-10T08:18:42.610+0000] {processor.py:186} INFO - Started process (PID=480) to work on /home/airflow/.local/lib/python3.12/site-packages/airflow/example_dags/example_latest_only.py
[2024-12-10T08:18:42.611+0000] {processor.py:914} INFO - Processing file /home/airflow/.local/lib/python3.12/site-packages/airflow/example_dags/example_latest_only.py for tasks to queue
[2024-12-10T08:18:42.614+0000] {logging_mixin.py:190} INFO - [2024-12-10T08:18:42.613+0000] {dagbag.py:588} INFO - Filling up the DagBag from /home/airflow/.local/lib/python3.12/site-packages/airflow/example_dags/example_latest_only.py
[2024-12-10T08:18:42.622+0000] {processor.py:925} INFO - DAG(s) 'latest_only' retrieved from /home/airflow/.local/lib/python3.12/site-packages/airflow/example_dags/example_latest_only.py
[2024-12-10T08:18:42.645+0000] {logging_mixin.py:190} INFO - [2024-12-10T08:18:42.644+0000] {dag.py:3239} INFO - Sync 1 DAGs
[2024-12-10T08:18:42.671+0000] {logging_mixin.py:190} INFO - [2024-12-10T08:18:42.671+0000] {dag.py:4180} INFO - Setting next_dagrun for latest_only to 2024-12-10 04:00:00+00:00, run_after=2024-12-10 08:00:00+00:00
[2024-12-10T08:18:42.691+0000] {processor.py:208} INFO - Processing /home/airflow/.local/lib/python3.12/site-packages/airflow/example_dags/example_latest_only.py took 0.088 seconds
[2024-12-10T08:19:14.040+0000] {processor.py:186} INFO - Started process (PID=543) to work on /home/airflow/.local/lib/python3.12/site-packages/airflow/example_dags/example_latest_only.py
[2024-12-10T08:19:14.041+0000] {processor.py:914} INFO - Processing file /home/airflow/.local/lib/python3.12/site-packages/airflow/example_dags/example_latest_only.py for tasks to queue
[2024-12-10T08:19:14.044+0000] {logging_mixin.py:190} INFO - [2024-12-10T08:19:14.044+0000] {dagbag.py:588} INFO - Filling up the DagBag from /home/airflow/.local/lib/python3.12/site-packages/airflow/example_dags/example_latest_only.py
[2024-12-10T08:19:14.053+0000] {processor.py:925} INFO - DAG(s) 'latest_only' retrieved from /home/airflow/.local/lib/python3.12/site-packages/airflow/example_dags/example_latest_only.py
[2024-12-10T08:19:14.074+0000] {logging_mixin.py:190} INFO - [2024-12-10T08:19:14.074+0000] {dag.py:3239} INFO - Sync 1 DAGs
[2024-12-10T08:19:14.109+0000] {logging_mixin.py:190} INFO - [2024-12-10T08:19:14.109+0000] {dag.py:4180} INFO - Setting next_dagrun for latest_only to 2024-12-10 04:00:00+00:00, run_after=2024-12-10 08:00:00+00:00
[2024-12-10T08:19:14.135+0000] {processor.py:208} INFO - Processing /home/airflow/.local/lib/python3.12/site-packages/airflow/example_dags/example_latest_only.py took 0.104 seconds
[2024-12-10T08:19:44.911+0000] {processor.py:186} INFO - Started process (PID=606) to work on /home/airflow/.local/lib/python3.12/site-packages/airflow/example_dags/example_latest_only.py
[2024-12-10T08:19:44.913+0000] {processor.py:914} INFO - Processing file /home/airflow/.local/lib/python3.12/site-packages/airflow/example_dags/example_latest_only.py for tasks to queue
[2024-12-10T08:19:44.915+0000] {logging_mixin.py:190} INFO - [2024-12-10T08:19:44.915+0000] {dagbag.py:588} INFO - Filling up the DagBag from /home/airflow/.local/lib/python3.12/site-packages/airflow/example_dags/example_latest_only.py
[2024-12-10T08:19:44.925+0000] {processor.py:925} INFO - DAG(s) 'latest_only' retrieved from /home/airflow/.local/lib/python3.12/site-packages/airflow/example_dags/example_latest_only.py
[2024-12-10T08:19:44.948+0000] {logging_mixin.py:190} INFO - [2024-12-10T08:19:44.948+0000] {dag.py:3239} INFO - Sync 1 DAGs
[2024-12-10T08:19:44.982+0000] {logging_mixin.py:190} INFO - [2024-12-10T08:19:44.982+0000] {dag.py:4180} INFO - Setting next_dagrun for latest_only to 2024-12-10 04:00:00+00:00, run_after=2024-12-10 08:00:00+00:00
[2024-12-10T08:19:45.014+0000] {processor.py:208} INFO - Processing /home/airflow/.local/lib/python3.12/site-packages/airflow/example_dags/example_latest_only.py took 0.110 seconds
[2024-12-10T08:20:16.669+0000] {processor.py:186} INFO - Started process (PID=669) to work on /home/airflow/.local/lib/python3.12/site-packages/airflow/example_dags/example_latest_only.py
[2024-12-10T08:20:16.670+0000] {processor.py:914} INFO - Processing file /home/airflow/.local/lib/python3.12/site-packages/airflow/example_dags/example_latest_only.py for tasks to queue
[2024-12-10T08:20:16.673+0000] {logging_mixin.py:190} INFO - [2024-12-10T08:20:16.673+0000] {dagbag.py:588} INFO - Filling up the DagBag from /home/airflow/.local/lib/python3.12/site-packages/airflow/example_dags/example_latest_only.py
[2024-12-10T08:20:16.682+0000] {processor.py:925} INFO - DAG(s) 'latest_only' retrieved from /home/airflow/.local/lib/python3.12/site-packages/airflow/example_dags/example_latest_only.py
[2024-12-10T08:20:16.708+0000] {logging_mixin.py:190} INFO - [2024-12-10T08:20:16.708+0000] {dag.py:3239} INFO - Sync 1 DAGs
[2024-12-10T08:20:16.737+0000] {logging_mixin.py:190} INFO - [2024-12-10T08:20:16.737+0000] {dag.py:4180} INFO - Setting next_dagrun for latest_only to 2024-12-10 04:00:00+00:00, run_after=2024-12-10 08:00:00+00:00
[2024-12-10T08:20:16.761+0000] {processor.py:208} INFO - Processing /home/airflow/.local/lib/python3.12/site-packages/airflow/example_dags/example_latest_only.py took 0.099 seconds
