[2024-12-10T07:56:09.178+0000] {processor.py:186} INFO - Started process (PID=108) to work on /home/airflow/.local/lib/python3.12/site-packages/airflow/example_dags/example_task_group_decorator.py
[2024-12-10T07:56:09.180+0000] {processor.py:914} INFO - Processing file /home/airflow/.local/lib/python3.12/site-packages/airflow/example_dags/example_task_group_decorator.py for tasks to queue
[2024-12-10T07:56:09.183+0000] {logging_mixin.py:190} INFO - [2024-12-10T07:56:09.182+0000] {dagbag.py:588} INFO - Filling up the DagBag from /home/airflow/.local/lib/python3.12/site-packages/airflow/example_dags/example_task_group_decorator.py
[2024-12-10T07:56:09.206+0000] {processor.py:925} INFO - DAG(s) 'example_task_group_decorator' retrieved from /home/airflow/.local/lib/python3.12/site-packages/airflow/example_dags/example_task_group_decorator.py
[2024-12-10T07:56:09.361+0000] {logging_mixin.py:190} INFO - [2024-12-10T07:56:09.360+0000] {override.py:1911} INFO - Created Permission View: can read on DAG:example_task_group_decorator
[2024-12-10T07:56:09.373+0000] {logging_mixin.py:190} INFO - [2024-12-10T07:56:09.373+0000] {override.py:1911} INFO - Created Permission View: can edit on DAG:example_task_group_decorator
[2024-12-10T07:56:09.383+0000] {logging_mixin.py:190} INFO - [2024-12-10T07:56:09.383+0000] {override.py:1911} INFO - Created Permission View: can delete on DAG:example_task_group_decorator
[2024-12-10T07:56:09.392+0000] {logging_mixin.py:190} INFO - [2024-12-10T07:56:09.392+0000] {override.py:1911} INFO - Created Permission View: can read on DAG Run:example_task_group_decorator
[2024-12-10T07:56:09.401+0000] {logging_mixin.py:190} INFO - [2024-12-10T07:56:09.401+0000] {override.py:1911} INFO - Created Permission View: menu access on DAG Run:example_task_group_decorator
[2024-12-10T07:56:09.410+0000] {logging_mixin.py:190} INFO - [2024-12-10T07:56:09.409+0000] {override.py:1911} INFO - Created Permission View: can delete on DAG Run:example_task_group_decorator
[2024-12-10T07:56:09.418+0000] {logging_mixin.py:190} INFO - [2024-12-10T07:56:09.417+0000] {override.py:1911} INFO - Created Permission View: can create on DAG Run:example_task_group_decorator
[2024-12-10T07:56:09.419+0000] {logging_mixin.py:190} INFO - [2024-12-10T07:56:09.418+0000] {dag.py:3239} INFO - Sync 1 DAGs
[2024-12-10T07:56:09.437+0000] {logging_mixin.py:190} INFO - [2024-12-10T07:56:09.436+0000] {dag.py:3262} INFO - Creating ORM DAG for example_task_group_decorator
[2024-12-10T07:56:09.438+0000] {logging_mixin.py:190} INFO - [2024-12-10T07:56:09.438+0000] {dag.py:4180} INFO - Setting next_dagrun for example_task_group_decorator to None, run_after=None
[2024-12-10T07:56:09.459+0000] {processor.py:208} INFO - Processing /home/airflow/.local/lib/python3.12/site-packages/airflow/example_dags/example_task_group_decorator.py took 0.290 seconds
[2024-12-10T07:56:39.554+0000] {processor.py:186} INFO - Started process (PID=171) to work on /home/airflow/.local/lib/python3.12/site-packages/airflow/example_dags/example_task_group_decorator.py
[2024-12-10T07:56:39.556+0000] {processor.py:914} INFO - Processing file /home/airflow/.local/lib/python3.12/site-packages/airflow/example_dags/example_task_group_decorator.py for tasks to queue
[2024-12-10T07:56:39.558+0000] {logging_mixin.py:190} INFO - [2024-12-10T07:56:39.558+0000] {dagbag.py:588} INFO - Filling up the DagBag from /home/airflow/.local/lib/python3.12/site-packages/airflow/example_dags/example_task_group_decorator.py
[2024-12-10T07:56:39.577+0000] {processor.py:925} INFO - DAG(s) 'example_task_group_decorator' retrieved from /home/airflow/.local/lib/python3.12/site-packages/airflow/example_dags/example_task_group_decorator.py
[2024-12-10T07:56:39.605+0000] {logging_mixin.py:190} INFO - [2024-12-10T07:56:39.604+0000] {dag.py:3239} INFO - Sync 1 DAGs
[2024-12-10T07:56:39.622+0000] {logging_mixin.py:190} INFO - [2024-12-10T07:56:39.621+0000] {dag.py:4180} INFO - Setting next_dagrun for example_task_group_decorator to None, run_after=None
[2024-12-10T07:56:39.641+0000] {processor.py:208} INFO - Processing /home/airflow/.local/lib/python3.12/site-packages/airflow/example_dags/example_task_group_decorator.py took 0.094 seconds
[2024-12-10T07:57:09.725+0000] {processor.py:186} INFO - Started process (PID=234) to work on /home/airflow/.local/lib/python3.12/site-packages/airflow/example_dags/example_task_group_decorator.py
[2024-12-10T07:57:09.726+0000] {processor.py:914} INFO - Processing file /home/airflow/.local/lib/python3.12/site-packages/airflow/example_dags/example_task_group_decorator.py for tasks to queue
[2024-12-10T07:57:09.728+0000] {logging_mixin.py:190} INFO - [2024-12-10T07:57:09.728+0000] {dagbag.py:588} INFO - Filling up the DagBag from /home/airflow/.local/lib/python3.12/site-packages/airflow/example_dags/example_task_group_decorator.py
[2024-12-10T07:57:09.745+0000] {processor.py:925} INFO - DAG(s) 'example_task_group_decorator' retrieved from /home/airflow/.local/lib/python3.12/site-packages/airflow/example_dags/example_task_group_decorator.py
[2024-12-10T07:57:09.775+0000] {logging_mixin.py:190} INFO - [2024-12-10T07:57:09.775+0000] {dag.py:3239} INFO - Sync 1 DAGs
[2024-12-10T07:57:09.791+0000] {logging_mixin.py:190} INFO - [2024-12-10T07:57:09.791+0000] {dag.py:4180} INFO - Setting next_dagrun for example_task_group_decorator to None, run_after=None
[2024-12-10T07:57:09.809+0000] {processor.py:208} INFO - Processing /home/airflow/.local/lib/python3.12/site-packages/airflow/example_dags/example_task_group_decorator.py took 0.090 seconds
[2024-12-10T07:57:40.943+0000] {processor.py:186} INFO - Started process (PID=297) to work on /home/airflow/.local/lib/python3.12/site-packages/airflow/example_dags/example_task_group_decorator.py
[2024-12-10T07:57:40.944+0000] {processor.py:914} INFO - Processing file /home/airflow/.local/lib/python3.12/site-packages/airflow/example_dags/example_task_group_decorator.py for tasks to queue
[2024-12-10T07:57:40.947+0000] {logging_mixin.py:190} INFO - [2024-12-10T07:57:40.947+0000] {dagbag.py:588} INFO - Filling up the DagBag from /home/airflow/.local/lib/python3.12/site-packages/airflow/example_dags/example_task_group_decorator.py
[2024-12-10T07:57:40.967+0000] {processor.py:925} INFO - DAG(s) 'example_task_group_decorator' retrieved from /home/airflow/.local/lib/python3.12/site-packages/airflow/example_dags/example_task_group_decorator.py
[2024-12-10T07:57:40.996+0000] {logging_mixin.py:190} INFO - [2024-12-10T07:57:40.996+0000] {dag.py:3239} INFO - Sync 1 DAGs
[2024-12-10T07:57:41.013+0000] {logging_mixin.py:190} INFO - [2024-12-10T07:57:41.013+0000] {dag.py:4180} INFO - Setting next_dagrun for example_task_group_decorator to None, run_after=None
[2024-12-10T07:57:41.036+0000] {processor.py:208} INFO - Processing /home/airflow/.local/lib/python3.12/site-packages/airflow/example_dags/example_task_group_decorator.py took 0.100 seconds
[2024-12-10T07:58:12.410+0000] {processor.py:186} INFO - Started process (PID=360) to work on /home/airflow/.local/lib/python3.12/site-packages/airflow/example_dags/example_task_group_decorator.py
[2024-12-10T07:58:12.412+0000] {processor.py:914} INFO - Processing file /home/airflow/.local/lib/python3.12/site-packages/airflow/example_dags/example_task_group_decorator.py for tasks to queue
[2024-12-10T07:58:12.416+0000] {logging_mixin.py:190} INFO - [2024-12-10T07:58:12.416+0000] {dagbag.py:588} INFO - Filling up the DagBag from /home/airflow/.local/lib/python3.12/site-packages/airflow/example_dags/example_task_group_decorator.py
[2024-12-10T07:58:12.449+0000] {processor.py:925} INFO - DAG(s) 'example_task_group_decorator' retrieved from /home/airflow/.local/lib/python3.12/site-packages/airflow/example_dags/example_task_group_decorator.py
[2024-12-10T07:58:12.494+0000] {logging_mixin.py:190} INFO - [2024-12-10T07:58:12.494+0000] {dag.py:3239} INFO - Sync 1 DAGs
[2024-12-10T07:58:12.521+0000] {logging_mixin.py:190} INFO - [2024-12-10T07:58:12.520+0000] {dag.py:4180} INFO - Setting next_dagrun for example_task_group_decorator to None, run_after=None
[2024-12-10T07:58:12.560+0000] {processor.py:208} INFO - Processing /home/airflow/.local/lib/python3.12/site-packages/airflow/example_dags/example_task_group_decorator.py took 0.161 seconds
[2024-12-10T07:58:43.565+0000] {processor.py:186} INFO - Started process (PID=423) to work on /home/airflow/.local/lib/python3.12/site-packages/airflow/example_dags/example_task_group_decorator.py
[2024-12-10T07:58:43.568+0000] {processor.py:914} INFO - Processing file /home/airflow/.local/lib/python3.12/site-packages/airflow/example_dags/example_task_group_decorator.py for tasks to queue
[2024-12-10T07:58:43.572+0000] {logging_mixin.py:190} INFO - [2024-12-10T07:58:43.572+0000] {dagbag.py:588} INFO - Filling up the DagBag from /home/airflow/.local/lib/python3.12/site-packages/airflow/example_dags/example_task_group_decorator.py
[2024-12-10T07:58:43.610+0000] {processor.py:925} INFO - DAG(s) 'example_task_group_decorator' retrieved from /home/airflow/.local/lib/python3.12/site-packages/airflow/example_dags/example_task_group_decorator.py
[2024-12-10T07:58:43.646+0000] {logging_mixin.py:190} INFO - [2024-12-10T07:58:43.646+0000] {dag.py:3239} INFO - Sync 1 DAGs
[2024-12-10T07:58:43.668+0000] {logging_mixin.py:190} INFO - [2024-12-10T07:58:43.667+0000] {dag.py:4180} INFO - Setting next_dagrun for example_task_group_decorator to None, run_after=None
[2024-12-10T07:58:43.693+0000] {processor.py:208} INFO - Processing /home/airflow/.local/lib/python3.12/site-packages/airflow/example_dags/example_task_group_decorator.py took 0.137 seconds
[2024-12-10T07:59:14.467+0000] {processor.py:186} INFO - Started process (PID=486) to work on /home/airflow/.local/lib/python3.12/site-packages/airflow/example_dags/example_task_group_decorator.py
[2024-12-10T07:59:14.468+0000] {processor.py:914} INFO - Processing file /home/airflow/.local/lib/python3.12/site-packages/airflow/example_dags/example_task_group_decorator.py for tasks to queue
[2024-12-10T07:59:14.472+0000] {logging_mixin.py:190} INFO - [2024-12-10T07:59:14.472+0000] {dagbag.py:588} INFO - Filling up the DagBag from /home/airflow/.local/lib/python3.12/site-packages/airflow/example_dags/example_task_group_decorator.py
[2024-12-10T07:59:14.493+0000] {processor.py:925} INFO - DAG(s) 'example_task_group_decorator' retrieved from /home/airflow/.local/lib/python3.12/site-packages/airflow/example_dags/example_task_group_decorator.py
[2024-12-10T07:59:14.522+0000] {logging_mixin.py:190} INFO - [2024-12-10T07:59:14.522+0000] {dag.py:3239} INFO - Sync 1 DAGs
[2024-12-10T07:59:14.539+0000] {logging_mixin.py:190} INFO - [2024-12-10T07:59:14.538+0000] {dag.py:4180} INFO - Setting next_dagrun for example_task_group_decorator to None, run_after=None
[2024-12-10T07:59:14.560+0000] {processor.py:208} INFO - Processing /home/airflow/.local/lib/python3.12/site-packages/airflow/example_dags/example_task_group_decorator.py took 0.100 seconds
[2024-12-10T07:59:45.586+0000] {processor.py:186} INFO - Started process (PID=549) to work on /home/airflow/.local/lib/python3.12/site-packages/airflow/example_dags/example_task_group_decorator.py
[2024-12-10T07:59:45.587+0000] {processor.py:914} INFO - Processing file /home/airflow/.local/lib/python3.12/site-packages/airflow/example_dags/example_task_group_decorator.py for tasks to queue
[2024-12-10T07:59:45.590+0000] {logging_mixin.py:190} INFO - [2024-12-10T07:59:45.590+0000] {dagbag.py:588} INFO - Filling up the DagBag from /home/airflow/.local/lib/python3.12/site-packages/airflow/example_dags/example_task_group_decorator.py
[2024-12-10T07:59:45.611+0000] {processor.py:925} INFO - DAG(s) 'example_task_group_decorator' retrieved from /home/airflow/.local/lib/python3.12/site-packages/airflow/example_dags/example_task_group_decorator.py
[2024-12-10T07:59:45.645+0000] {logging_mixin.py:190} INFO - [2024-12-10T07:59:45.644+0000] {dag.py:3239} INFO - Sync 1 DAGs
[2024-12-10T07:59:45.664+0000] {logging_mixin.py:190} INFO - [2024-12-10T07:59:45.664+0000] {dag.py:4180} INFO - Setting next_dagrun for example_task_group_decorator to None, run_after=None
[2024-12-10T07:59:45.687+0000] {processor.py:208} INFO - Processing /home/airflow/.local/lib/python3.12/site-packages/airflow/example_dags/example_task_group_decorator.py took 0.110 seconds
[2024-12-10T08:00:17.280+0000] {processor.py:186} INFO - Started process (PID=612) to work on /home/airflow/.local/lib/python3.12/site-packages/airflow/example_dags/example_task_group_decorator.py
[2024-12-10T08:00:17.282+0000] {processor.py:914} INFO - Processing file /home/airflow/.local/lib/python3.12/site-packages/airflow/example_dags/example_task_group_decorator.py for tasks to queue
[2024-12-10T08:00:17.286+0000] {logging_mixin.py:190} INFO - [2024-12-10T08:00:17.285+0000] {dagbag.py:588} INFO - Filling up the DagBag from /home/airflow/.local/lib/python3.12/site-packages/airflow/example_dags/example_task_group_decorator.py
[2024-12-10T08:00:17.313+0000] {processor.py:925} INFO - DAG(s) 'example_task_group_decorator' retrieved from /home/airflow/.local/lib/python3.12/site-packages/airflow/example_dags/example_task_group_decorator.py
[2024-12-10T08:00:17.357+0000] {logging_mixin.py:190} INFO - [2024-12-10T08:00:17.356+0000] {dag.py:3239} INFO - Sync 1 DAGs
[2024-12-10T08:00:17.383+0000] {logging_mixin.py:190} INFO - [2024-12-10T08:00:17.382+0000] {dag.py:4180} INFO - Setting next_dagrun for example_task_group_decorator to None, run_after=None
[2024-12-10T08:00:17.411+0000] {processor.py:208} INFO - Processing /home/airflow/.local/lib/python3.12/site-packages/airflow/example_dags/example_task_group_decorator.py took 0.140 seconds
[2024-12-10T08:00:48.824+0000] {processor.py:186} INFO - Started process (PID=675) to work on /home/airflow/.local/lib/python3.12/site-packages/airflow/example_dags/example_task_group_decorator.py
[2024-12-10T08:00:48.826+0000] {processor.py:914} INFO - Processing file /home/airflow/.local/lib/python3.12/site-packages/airflow/example_dags/example_task_group_decorator.py for tasks to queue
[2024-12-10T08:00:48.829+0000] {logging_mixin.py:190} INFO - [2024-12-10T08:00:48.828+0000] {dagbag.py:588} INFO - Filling up the DagBag from /home/airflow/.local/lib/python3.12/site-packages/airflow/example_dags/example_task_group_decorator.py
[2024-12-10T08:00:48.852+0000] {processor.py:925} INFO - DAG(s) 'example_task_group_decorator' retrieved from /home/airflow/.local/lib/python3.12/site-packages/airflow/example_dags/example_task_group_decorator.py
[2024-12-10T08:00:48.889+0000] {logging_mixin.py:190} INFO - [2024-12-10T08:00:48.889+0000] {dag.py:3239} INFO - Sync 1 DAGs
[2024-12-10T08:00:48.913+0000] {logging_mixin.py:190} INFO - [2024-12-10T08:00:48.912+0000] {dag.py:4180} INFO - Setting next_dagrun for example_task_group_decorator to None, run_after=None
[2024-12-10T08:00:48.939+0000] {processor.py:208} INFO - Processing /home/airflow/.local/lib/python3.12/site-packages/airflow/example_dags/example_task_group_decorator.py took 0.122 seconds
[2024-12-10T08:01:20.643+0000] {processor.py:186} INFO - Started process (PID=738) to work on /home/airflow/.local/lib/python3.12/site-packages/airflow/example_dags/example_task_group_decorator.py
[2024-12-10T08:01:20.645+0000] {processor.py:914} INFO - Processing file /home/airflow/.local/lib/python3.12/site-packages/airflow/example_dags/example_task_group_decorator.py for tasks to queue
[2024-12-10T08:01:20.650+0000] {logging_mixin.py:190} INFO - [2024-12-10T08:01:20.650+0000] {dagbag.py:588} INFO - Filling up the DagBag from /home/airflow/.local/lib/python3.12/site-packages/airflow/example_dags/example_task_group_decorator.py
[2024-12-10T08:01:20.686+0000] {processor.py:925} INFO - DAG(s) 'example_task_group_decorator' retrieved from /home/airflow/.local/lib/python3.12/site-packages/airflow/example_dags/example_task_group_decorator.py
[2024-12-10T08:01:20.728+0000] {logging_mixin.py:190} INFO - [2024-12-10T08:01:20.727+0000] {dag.py:3239} INFO - Sync 1 DAGs
[2024-12-10T08:01:20.754+0000] {logging_mixin.py:190} INFO - [2024-12-10T08:01:20.754+0000] {dag.py:4180} INFO - Setting next_dagrun for example_task_group_decorator to None, run_after=None
[2024-12-10T08:01:20.791+0000] {processor.py:208} INFO - Processing /home/airflow/.local/lib/python3.12/site-packages/airflow/example_dags/example_task_group_decorator.py took 0.159 seconds
[2024-12-10T08:01:51.558+0000] {processor.py:186} INFO - Started process (PID=801) to work on /home/airflow/.local/lib/python3.12/site-packages/airflow/example_dags/example_task_group_decorator.py
[2024-12-10T08:01:51.559+0000] {processor.py:914} INFO - Processing file /home/airflow/.local/lib/python3.12/site-packages/airflow/example_dags/example_task_group_decorator.py for tasks to queue
[2024-12-10T08:01:51.562+0000] {logging_mixin.py:190} INFO - [2024-12-10T08:01:51.561+0000] {dagbag.py:588} INFO - Filling up the DagBag from /home/airflow/.local/lib/python3.12/site-packages/airflow/example_dags/example_task_group_decorator.py
[2024-12-10T08:01:51.580+0000] {processor.py:925} INFO - DAG(s) 'example_task_group_decorator' retrieved from /home/airflow/.local/lib/python3.12/site-packages/airflow/example_dags/example_task_group_decorator.py
[2024-12-10T08:01:51.610+0000] {logging_mixin.py:190} INFO - [2024-12-10T08:01:51.610+0000] {dag.py:3239} INFO - Sync 1 DAGs
[2024-12-10T08:01:51.630+0000] {logging_mixin.py:190} INFO - [2024-12-10T08:01:51.630+0000] {dag.py:4180} INFO - Setting next_dagrun for example_task_group_decorator to None, run_after=None
[2024-12-10T08:01:51.652+0000] {processor.py:208} INFO - Processing /home/airflow/.local/lib/python3.12/site-packages/airflow/example_dags/example_task_group_decorator.py took 0.104 seconds
[2024-12-10T08:02:22.903+0000] {processor.py:186} INFO - Started process (PID=864) to work on /home/airflow/.local/lib/python3.12/site-packages/airflow/example_dags/example_task_group_decorator.py
[2024-12-10T08:02:22.904+0000] {processor.py:914} INFO - Processing file /home/airflow/.local/lib/python3.12/site-packages/airflow/example_dags/example_task_group_decorator.py for tasks to queue
[2024-12-10T08:02:22.907+0000] {logging_mixin.py:190} INFO - [2024-12-10T08:02:22.907+0000] {dagbag.py:588} INFO - Filling up the DagBag from /home/airflow/.local/lib/python3.12/site-packages/airflow/example_dags/example_task_group_decorator.py
[2024-12-10T08:02:22.929+0000] {processor.py:925} INFO - DAG(s) 'example_task_group_decorator' retrieved from /home/airflow/.local/lib/python3.12/site-packages/airflow/example_dags/example_task_group_decorator.py
[2024-12-10T08:02:22.961+0000] {logging_mixin.py:190} INFO - [2024-12-10T08:02:22.961+0000] {dag.py:3239} INFO - Sync 1 DAGs
[2024-12-10T08:02:22.981+0000] {logging_mixin.py:190} INFO - [2024-12-10T08:02:22.981+0000] {dag.py:4180} INFO - Setting next_dagrun for example_task_group_decorator to None, run_after=None
[2024-12-10T08:02:23.002+0000] {processor.py:208} INFO - Processing /home/airflow/.local/lib/python3.12/site-packages/airflow/example_dags/example_task_group_decorator.py took 0.109 seconds
[2024-12-10T08:02:54.447+0000] {processor.py:186} INFO - Started process (PID=927) to work on /home/airflow/.local/lib/python3.12/site-packages/airflow/example_dags/example_task_group_decorator.py
[2024-12-10T08:02:54.448+0000] {processor.py:914} INFO - Processing file /home/airflow/.local/lib/python3.12/site-packages/airflow/example_dags/example_task_group_decorator.py for tasks to queue
[2024-12-10T08:02:54.450+0000] {logging_mixin.py:190} INFO - [2024-12-10T08:02:54.450+0000] {dagbag.py:588} INFO - Filling up the DagBag from /home/airflow/.local/lib/python3.12/site-packages/airflow/example_dags/example_task_group_decorator.py
[2024-12-10T08:02:54.470+0000] {processor.py:925} INFO - DAG(s) 'example_task_group_decorator' retrieved from /home/airflow/.local/lib/python3.12/site-packages/airflow/example_dags/example_task_group_decorator.py
[2024-12-10T08:02:54.501+0000] {logging_mixin.py:190} INFO - [2024-12-10T08:02:54.500+0000] {dag.py:3239} INFO - Sync 1 DAGs
[2024-12-10T08:02:54.518+0000] {logging_mixin.py:190} INFO - [2024-12-10T08:02:54.518+0000] {dag.py:4180} INFO - Setting next_dagrun for example_task_group_decorator to None, run_after=None
[2024-12-10T08:02:54.541+0000] {processor.py:208} INFO - Processing /home/airflow/.local/lib/python3.12/site-packages/airflow/example_dags/example_task_group_decorator.py took 0.101 seconds
[2024-12-10T08:03:25.842+0000] {processor.py:186} INFO - Started process (PID=990) to work on /home/airflow/.local/lib/python3.12/site-packages/airflow/example_dags/example_task_group_decorator.py
[2024-12-10T08:03:25.843+0000] {processor.py:914} INFO - Processing file /home/airflow/.local/lib/python3.12/site-packages/airflow/example_dags/example_task_group_decorator.py for tasks to queue
[2024-12-10T08:03:25.846+0000] {logging_mixin.py:190} INFO - [2024-12-10T08:03:25.845+0000] {dagbag.py:588} INFO - Filling up the DagBag from /home/airflow/.local/lib/python3.12/site-packages/airflow/example_dags/example_task_group_decorator.py
[2024-12-10T08:03:25.864+0000] {processor.py:925} INFO - DAG(s) 'example_task_group_decorator' retrieved from /home/airflow/.local/lib/python3.12/site-packages/airflow/example_dags/example_task_group_decorator.py
[2024-12-10T08:03:25.888+0000] {logging_mixin.py:190} INFO - [2024-12-10T08:03:25.888+0000] {dag.py:3239} INFO - Sync 1 DAGs
[2024-12-10T08:03:25.903+0000] {logging_mixin.py:190} INFO - [2024-12-10T08:03:25.903+0000] {dag.py:4180} INFO - Setting next_dagrun for example_task_group_decorator to None, run_after=None
[2024-12-10T08:03:25.922+0000] {processor.py:208} INFO - Processing /home/airflow/.local/lib/python3.12/site-packages/airflow/example_dags/example_task_group_decorator.py took 0.086 seconds
[2024-12-10T08:03:56.883+0000] {processor.py:186} INFO - Started process (PID=1053) to work on /home/airflow/.local/lib/python3.12/site-packages/airflow/example_dags/example_task_group_decorator.py
[2024-12-10T08:03:56.884+0000] {processor.py:914} INFO - Processing file /home/airflow/.local/lib/python3.12/site-packages/airflow/example_dags/example_task_group_decorator.py for tasks to queue
[2024-12-10T08:03:56.887+0000] {logging_mixin.py:190} INFO - [2024-12-10T08:03:56.887+0000] {dagbag.py:588} INFO - Filling up the DagBag from /home/airflow/.local/lib/python3.12/site-packages/airflow/example_dags/example_task_group_decorator.py
[2024-12-10T08:03:56.907+0000] {processor.py:925} INFO - DAG(s) 'example_task_group_decorator' retrieved from /home/airflow/.local/lib/python3.12/site-packages/airflow/example_dags/example_task_group_decorator.py
[2024-12-10T08:03:56.937+0000] {logging_mixin.py:190} INFO - [2024-12-10T08:03:56.937+0000] {dag.py:3239} INFO - Sync 1 DAGs
[2024-12-10T08:03:56.954+0000] {logging_mixin.py:190} INFO - [2024-12-10T08:03:56.954+0000] {dag.py:4180} INFO - Setting next_dagrun for example_task_group_decorator to None, run_after=None
[2024-12-10T08:03:56.991+0000] {processor.py:208} INFO - Processing /home/airflow/.local/lib/python3.12/site-packages/airflow/example_dags/example_task_group_decorator.py took 0.115 seconds
[2024-12-10T08:04:28.812+0000] {processor.py:186} INFO - Started process (PID=1116) to work on /home/airflow/.local/lib/python3.12/site-packages/airflow/example_dags/example_task_group_decorator.py
[2024-12-10T08:04:28.813+0000] {processor.py:914} INFO - Processing file /home/airflow/.local/lib/python3.12/site-packages/airflow/example_dags/example_task_group_decorator.py for tasks to queue
[2024-12-10T08:04:28.818+0000] {logging_mixin.py:190} INFO - [2024-12-10T08:04:28.818+0000] {dagbag.py:588} INFO - Filling up the DagBag from /home/airflow/.local/lib/python3.12/site-packages/airflow/example_dags/example_task_group_decorator.py
[2024-12-10T08:04:28.850+0000] {processor.py:925} INFO - DAG(s) 'example_task_group_decorator' retrieved from /home/airflow/.local/lib/python3.12/site-packages/airflow/example_dags/example_task_group_decorator.py
[2024-12-10T08:04:28.891+0000] {logging_mixin.py:190} INFO - [2024-12-10T08:04:28.890+0000] {dag.py:3239} INFO - Sync 1 DAGs
[2024-12-10T08:04:28.926+0000] {logging_mixin.py:190} INFO - [2024-12-10T08:04:28.925+0000] {dag.py:4180} INFO - Setting next_dagrun for example_task_group_decorator to None, run_after=None
[2024-12-10T08:04:28.960+0000] {processor.py:208} INFO - Processing /home/airflow/.local/lib/python3.12/site-packages/airflow/example_dags/example_task_group_decorator.py took 0.157 seconds
[2024-12-10T08:04:59.066+0000] {processor.py:186} INFO - Started process (PID=1179) to work on /home/airflow/.local/lib/python3.12/site-packages/airflow/example_dags/example_task_group_decorator.py
[2024-12-10T08:04:59.068+0000] {processor.py:914} INFO - Processing file /home/airflow/.local/lib/python3.12/site-packages/airflow/example_dags/example_task_group_decorator.py for tasks to queue
[2024-12-10T08:04:59.070+0000] {logging_mixin.py:190} INFO - [2024-12-10T08:04:59.070+0000] {dagbag.py:588} INFO - Filling up the DagBag from /home/airflow/.local/lib/python3.12/site-packages/airflow/example_dags/example_task_group_decorator.py
[2024-12-10T08:04:59.089+0000] {processor.py:925} INFO - DAG(s) 'example_task_group_decorator' retrieved from /home/airflow/.local/lib/python3.12/site-packages/airflow/example_dags/example_task_group_decorator.py
[2024-12-10T08:04:59.119+0000] {logging_mixin.py:190} INFO - [2024-12-10T08:04:59.119+0000] {dag.py:3239} INFO - Sync 1 DAGs
[2024-12-10T08:04:59.135+0000] {logging_mixin.py:190} INFO - [2024-12-10T08:04:59.135+0000] {dag.py:4180} INFO - Setting next_dagrun for example_task_group_decorator to None, run_after=None
[2024-12-10T08:04:59.157+0000] {processor.py:208} INFO - Processing /home/airflow/.local/lib/python3.12/site-packages/airflow/example_dags/example_task_group_decorator.py took 0.097 seconds
[2024-12-10T08:05:30.205+0000] {processor.py:186} INFO - Started process (PID=1242) to work on /home/airflow/.local/lib/python3.12/site-packages/airflow/example_dags/example_task_group_decorator.py
[2024-12-10T08:05:30.207+0000] {processor.py:914} INFO - Processing file /home/airflow/.local/lib/python3.12/site-packages/airflow/example_dags/example_task_group_decorator.py for tasks to queue
[2024-12-10T08:05:30.210+0000] {logging_mixin.py:190} INFO - [2024-12-10T08:05:30.210+0000] {dagbag.py:588} INFO - Filling up the DagBag from /home/airflow/.local/lib/python3.12/site-packages/airflow/example_dags/example_task_group_decorator.py
[2024-12-10T08:05:30.230+0000] {processor.py:925} INFO - DAG(s) 'example_task_group_decorator' retrieved from /home/airflow/.local/lib/python3.12/site-packages/airflow/example_dags/example_task_group_decorator.py
[2024-12-10T08:05:30.256+0000] {logging_mixin.py:190} INFO - [2024-12-10T08:05:30.256+0000] {dag.py:3239} INFO - Sync 1 DAGs
[2024-12-10T08:05:30.271+0000] {logging_mixin.py:190} INFO - [2024-12-10T08:05:30.271+0000] {dag.py:4180} INFO - Setting next_dagrun for example_task_group_decorator to None, run_after=None
[2024-12-10T08:05:30.290+0000] {processor.py:208} INFO - Processing /home/airflow/.local/lib/python3.12/site-packages/airflow/example_dags/example_task_group_decorator.py took 0.091 seconds
[2024-12-10T08:06:01.308+0000] {processor.py:186} INFO - Started process (PID=1305) to work on /home/airflow/.local/lib/python3.12/site-packages/airflow/example_dags/example_task_group_decorator.py
[2024-12-10T08:06:01.309+0000] {processor.py:914} INFO - Processing file /home/airflow/.local/lib/python3.12/site-packages/airflow/example_dags/example_task_group_decorator.py for tasks to queue
[2024-12-10T08:06:01.312+0000] {logging_mixin.py:190} INFO - [2024-12-10T08:06:01.312+0000] {dagbag.py:588} INFO - Filling up the DagBag from /home/airflow/.local/lib/python3.12/site-packages/airflow/example_dags/example_task_group_decorator.py
[2024-12-10T08:06:01.332+0000] {processor.py:925} INFO - DAG(s) 'example_task_group_decorator' retrieved from /home/airflow/.local/lib/python3.12/site-packages/airflow/example_dags/example_task_group_decorator.py
[2024-12-10T08:06:01.364+0000] {logging_mixin.py:190} INFO - [2024-12-10T08:06:01.364+0000] {dag.py:3239} INFO - Sync 1 DAGs
[2024-12-10T08:06:01.383+0000] {logging_mixin.py:190} INFO - [2024-12-10T08:06:01.383+0000] {dag.py:4180} INFO - Setting next_dagrun for example_task_group_decorator to None, run_after=None
[2024-12-10T08:06:01.404+0000] {processor.py:208} INFO - Processing /home/airflow/.local/lib/python3.12/site-packages/airflow/example_dags/example_task_group_decorator.py took 0.103 seconds
[2024-12-10T08:06:33.089+0000] {processor.py:186} INFO - Started process (PID=1374) to work on /home/airflow/.local/lib/python3.12/site-packages/airflow/example_dags/example_task_group_decorator.py
[2024-12-10T08:06:33.090+0000] {processor.py:914} INFO - Processing file /home/airflow/.local/lib/python3.12/site-packages/airflow/example_dags/example_task_group_decorator.py for tasks to queue
[2024-12-10T08:06:33.094+0000] {logging_mixin.py:190} INFO - [2024-12-10T08:06:33.093+0000] {dagbag.py:588} INFO - Filling up the DagBag from /home/airflow/.local/lib/python3.12/site-packages/airflow/example_dags/example_task_group_decorator.py
[2024-12-10T08:06:33.125+0000] {processor.py:925} INFO - DAG(s) 'example_task_group_decorator' retrieved from /home/airflow/.local/lib/python3.12/site-packages/airflow/example_dags/example_task_group_decorator.py
[2024-12-10T08:06:33.159+0000] {logging_mixin.py:190} INFO - [2024-12-10T08:06:33.158+0000] {dag.py:3239} INFO - Sync 1 DAGs
[2024-12-10T08:06:33.180+0000] {logging_mixin.py:190} INFO - [2024-12-10T08:06:33.179+0000] {dag.py:4180} INFO - Setting next_dagrun for example_task_group_decorator to None, run_after=None
[2024-12-10T08:06:33.206+0000] {processor.py:208} INFO - Processing /home/airflow/.local/lib/python3.12/site-packages/airflow/example_dags/example_task_group_decorator.py took 0.132 seconds
[2024-12-10T08:08:30.216+0000] {processor.py:186} INFO - Started process (PID=108) to work on /home/airflow/.local/lib/python3.12/site-packages/airflow/example_dags/example_task_group_decorator.py
[2024-12-10T08:08:30.218+0000] {processor.py:914} INFO - Processing file /home/airflow/.local/lib/python3.12/site-packages/airflow/example_dags/example_task_group_decorator.py for tasks to queue
[2024-12-10T08:08:30.221+0000] {logging_mixin.py:190} INFO - [2024-12-10T08:08:30.221+0000] {dagbag.py:588} INFO - Filling up the DagBag from /home/airflow/.local/lib/python3.12/site-packages/airflow/example_dags/example_task_group_decorator.py
[2024-12-10T08:08:30.244+0000] {processor.py:925} INFO - DAG(s) 'example_task_group_decorator' retrieved from /home/airflow/.local/lib/python3.12/site-packages/airflow/example_dags/example_task_group_decorator.py
[2024-12-10T08:08:30.278+0000] {logging_mixin.py:190} INFO - [2024-12-10T08:08:30.278+0000] {dag.py:3239} INFO - Sync 1 DAGs
[2024-12-10T08:08:30.297+0000] {logging_mixin.py:190} INFO - [2024-12-10T08:08:30.297+0000] {dag.py:4180} INFO - Setting next_dagrun for example_task_group_decorator to None, run_after=None
[2024-12-10T08:08:30.321+0000] {processor.py:208} INFO - Processing /home/airflow/.local/lib/python3.12/site-packages/airflow/example_dags/example_task_group_decorator.py took 0.112 seconds
[2024-12-10T08:09:00.952+0000] {processor.py:186} INFO - Started process (PID=171) to work on /home/airflow/.local/lib/python3.12/site-packages/airflow/example_dags/example_task_group_decorator.py
[2024-12-10T08:09:00.953+0000] {processor.py:914} INFO - Processing file /home/airflow/.local/lib/python3.12/site-packages/airflow/example_dags/example_task_group_decorator.py for tasks to queue
[2024-12-10T08:09:00.956+0000] {logging_mixin.py:190} INFO - [2024-12-10T08:09:00.955+0000] {dagbag.py:588} INFO - Filling up the DagBag from /home/airflow/.local/lib/python3.12/site-packages/airflow/example_dags/example_task_group_decorator.py
[2024-12-10T08:09:00.977+0000] {processor.py:925} INFO - DAG(s) 'example_task_group_decorator' retrieved from /home/airflow/.local/lib/python3.12/site-packages/airflow/example_dags/example_task_group_decorator.py
[2024-12-10T08:09:01.008+0000] {logging_mixin.py:190} INFO - [2024-12-10T08:09:01.007+0000] {dag.py:3239} INFO - Sync 1 DAGs
[2024-12-10T08:09:01.026+0000] {logging_mixin.py:190} INFO - [2024-12-10T08:09:01.026+0000] {dag.py:4180} INFO - Setting next_dagrun for example_task_group_decorator to None, run_after=None
[2024-12-10T08:09:01.049+0000] {processor.py:208} INFO - Processing /home/airflow/.local/lib/python3.12/site-packages/airflow/example_dags/example_task_group_decorator.py took 0.105 seconds
[2024-12-10T08:09:31.364+0000] {processor.py:186} INFO - Started process (PID=234) to work on /home/airflow/.local/lib/python3.12/site-packages/airflow/example_dags/example_task_group_decorator.py
[2024-12-10T08:09:31.365+0000] {processor.py:914} INFO - Processing file /home/airflow/.local/lib/python3.12/site-packages/airflow/example_dags/example_task_group_decorator.py for tasks to queue
[2024-12-10T08:09:31.369+0000] {logging_mixin.py:190} INFO - [2024-12-10T08:09:31.368+0000] {dagbag.py:588} INFO - Filling up the DagBag from /home/airflow/.local/lib/python3.12/site-packages/airflow/example_dags/example_task_group_decorator.py
[2024-12-10T08:09:31.387+0000] {processor.py:925} INFO - DAG(s) 'example_task_group_decorator' retrieved from /home/airflow/.local/lib/python3.12/site-packages/airflow/example_dags/example_task_group_decorator.py
[2024-12-10T08:09:31.416+0000] {logging_mixin.py:190} INFO - [2024-12-10T08:09:31.416+0000] {dag.py:3239} INFO - Sync 1 DAGs
[2024-12-10T08:09:31.433+0000] {logging_mixin.py:190} INFO - [2024-12-10T08:09:31.432+0000] {dag.py:4180} INFO - Setting next_dagrun for example_task_group_decorator to None, run_after=None
[2024-12-10T08:09:31.454+0000] {processor.py:208} INFO - Processing /home/airflow/.local/lib/python3.12/site-packages/airflow/example_dags/example_task_group_decorator.py took 0.096 seconds
[2024-12-10T08:10:03.010+0000] {processor.py:186} INFO - Started process (PID=297) to work on /home/airflow/.local/lib/python3.12/site-packages/airflow/example_dags/example_task_group_decorator.py
[2024-12-10T08:10:03.012+0000] {processor.py:914} INFO - Processing file /home/airflow/.local/lib/python3.12/site-packages/airflow/example_dags/example_task_group_decorator.py for tasks to queue
[2024-12-10T08:10:03.014+0000] {logging_mixin.py:190} INFO - [2024-12-10T08:10:03.014+0000] {dagbag.py:588} INFO - Filling up the DagBag from /home/airflow/.local/lib/python3.12/site-packages/airflow/example_dags/example_task_group_decorator.py
[2024-12-10T08:10:03.039+0000] {processor.py:925} INFO - DAG(s) 'example_task_group_decorator' retrieved from /home/airflow/.local/lib/python3.12/site-packages/airflow/example_dags/example_task_group_decorator.py
[2024-12-10T08:10:03.072+0000] {logging_mixin.py:190} INFO - [2024-12-10T08:10:03.072+0000] {dag.py:3239} INFO - Sync 1 DAGs
[2024-12-10T08:10:03.107+0000] {logging_mixin.py:190} INFO - [2024-12-10T08:10:03.106+0000] {dag.py:4180} INFO - Setting next_dagrun for example_task_group_decorator to None, run_after=None
[2024-12-10T08:10:03.128+0000] {processor.py:208} INFO - Processing /home/airflow/.local/lib/python3.12/site-packages/airflow/example_dags/example_task_group_decorator.py took 0.125 seconds
[2024-12-10T08:10:34.736+0000] {processor.py:186} INFO - Started process (PID=360) to work on /home/airflow/.local/lib/python3.12/site-packages/airflow/example_dags/example_task_group_decorator.py
[2024-12-10T08:10:34.738+0000] {processor.py:914} INFO - Processing file /home/airflow/.local/lib/python3.12/site-packages/airflow/example_dags/example_task_group_decorator.py for tasks to queue
[2024-12-10T08:10:34.742+0000] {logging_mixin.py:190} INFO - [2024-12-10T08:10:34.741+0000] {dagbag.py:588} INFO - Filling up the DagBag from /home/airflow/.local/lib/python3.12/site-packages/airflow/example_dags/example_task_group_decorator.py
[2024-12-10T08:10:34.776+0000] {processor.py:925} INFO - DAG(s) 'example_task_group_decorator' retrieved from /home/airflow/.local/lib/python3.12/site-packages/airflow/example_dags/example_task_group_decorator.py
[2024-12-10T08:10:34.839+0000] {logging_mixin.py:190} INFO - [2024-12-10T08:10:34.838+0000] {dag.py:3239} INFO - Sync 1 DAGs
[2024-12-10T08:10:34.905+0000] {logging_mixin.py:190} INFO - [2024-12-10T08:10:34.903+0000] {dag.py:4180} INFO - Setting next_dagrun for example_task_group_decorator to None, run_after=None
[2024-12-10T08:10:34.973+0000] {processor.py:208} INFO - Processing /home/airflow/.local/lib/python3.12/site-packages/airflow/example_dags/example_task_group_decorator.py took 0.252 seconds
[2024-12-10T08:11:06.589+0000] {processor.py:186} INFO - Started process (PID=423) to work on /home/airflow/.local/lib/python3.12/site-packages/airflow/example_dags/example_task_group_decorator.py
[2024-12-10T08:11:06.590+0000] {processor.py:914} INFO - Processing file /home/airflow/.local/lib/python3.12/site-packages/airflow/example_dags/example_task_group_decorator.py for tasks to queue
[2024-12-10T08:11:06.594+0000] {logging_mixin.py:190} INFO - [2024-12-10T08:11:06.593+0000] {dagbag.py:588} INFO - Filling up the DagBag from /home/airflow/.local/lib/python3.12/site-packages/airflow/example_dags/example_task_group_decorator.py
[2024-12-10T08:11:06.615+0000] {processor.py:925} INFO - DAG(s) 'example_task_group_decorator' retrieved from /home/airflow/.local/lib/python3.12/site-packages/airflow/example_dags/example_task_group_decorator.py
[2024-12-10T08:11:06.651+0000] {logging_mixin.py:190} INFO - [2024-12-10T08:11:06.651+0000] {dag.py:3239} INFO - Sync 1 DAGs
[2024-12-10T08:11:06.669+0000] {logging_mixin.py:190} INFO - [2024-12-10T08:11:06.669+0000] {dag.py:4180} INFO - Setting next_dagrun for example_task_group_decorator to None, run_after=None
[2024-12-10T08:11:06.694+0000] {processor.py:208} INFO - Processing /home/airflow/.local/lib/python3.12/site-packages/airflow/example_dags/example_task_group_decorator.py took 0.114 seconds
[2024-12-10T08:11:38.064+0000] {processor.py:186} INFO - Started process (PID=486) to work on /home/airflow/.local/lib/python3.12/site-packages/airflow/example_dags/example_task_group_decorator.py
[2024-12-10T08:11:38.065+0000] {processor.py:914} INFO - Processing file /home/airflow/.local/lib/python3.12/site-packages/airflow/example_dags/example_task_group_decorator.py for tasks to queue
[2024-12-10T08:11:38.069+0000] {logging_mixin.py:190} INFO - [2024-12-10T08:11:38.068+0000] {dagbag.py:588} INFO - Filling up the DagBag from /home/airflow/.local/lib/python3.12/site-packages/airflow/example_dags/example_task_group_decorator.py
[2024-12-10T08:11:38.091+0000] {processor.py:925} INFO - DAG(s) 'example_task_group_decorator' retrieved from /home/airflow/.local/lib/python3.12/site-packages/airflow/example_dags/example_task_group_decorator.py
[2024-12-10T08:11:38.124+0000] {logging_mixin.py:190} INFO - [2024-12-10T08:11:38.124+0000] {dag.py:3239} INFO - Sync 1 DAGs
[2024-12-10T08:11:38.146+0000] {logging_mixin.py:190} INFO - [2024-12-10T08:11:38.145+0000] {dag.py:4180} INFO - Setting next_dagrun for example_task_group_decorator to None, run_after=None
[2024-12-10T08:11:38.171+0000] {processor.py:208} INFO - Processing /home/airflow/.local/lib/python3.12/site-packages/airflow/example_dags/example_task_group_decorator.py took 0.117 seconds
[2024-12-10T08:12:08.671+0000] {processor.py:186} INFO - Started process (PID=549) to work on /home/airflow/.local/lib/python3.12/site-packages/airflow/example_dags/example_task_group_decorator.py
[2024-12-10T08:12:08.673+0000] {processor.py:914} INFO - Processing file /home/airflow/.local/lib/python3.12/site-packages/airflow/example_dags/example_task_group_decorator.py for tasks to queue
[2024-12-10T08:12:08.676+0000] {logging_mixin.py:190} INFO - [2024-12-10T08:12:08.675+0000] {dagbag.py:588} INFO - Filling up the DagBag from /home/airflow/.local/lib/python3.12/site-packages/airflow/example_dags/example_task_group_decorator.py
[2024-12-10T08:12:08.695+0000] {processor.py:925} INFO - DAG(s) 'example_task_group_decorator' retrieved from /home/airflow/.local/lib/python3.12/site-packages/airflow/example_dags/example_task_group_decorator.py
[2024-12-10T08:12:08.725+0000] {logging_mixin.py:190} INFO - [2024-12-10T08:12:08.725+0000] {dag.py:3239} INFO - Sync 1 DAGs
[2024-12-10T08:12:08.744+0000] {logging_mixin.py:190} INFO - [2024-12-10T08:12:08.743+0000] {dag.py:4180} INFO - Setting next_dagrun for example_task_group_decorator to None, run_after=None
[2024-12-10T08:12:08.767+0000] {processor.py:208} INFO - Processing /home/airflow/.local/lib/python3.12/site-packages/airflow/example_dags/example_task_group_decorator.py took 0.105 seconds
[2024-12-10T08:12:39.836+0000] {processor.py:186} INFO - Started process (PID=612) to work on /home/airflow/.local/lib/python3.12/site-packages/airflow/example_dags/example_task_group_decorator.py
[2024-12-10T08:12:39.837+0000] {processor.py:914} INFO - Processing file /home/airflow/.local/lib/python3.12/site-packages/airflow/example_dags/example_task_group_decorator.py for tasks to queue
[2024-12-10T08:12:39.840+0000] {logging_mixin.py:190} INFO - [2024-12-10T08:12:39.840+0000] {dagbag.py:588} INFO - Filling up the DagBag from /home/airflow/.local/lib/python3.12/site-packages/airflow/example_dags/example_task_group_decorator.py
[2024-12-10T08:12:39.857+0000] {processor.py:925} INFO - DAG(s) 'example_task_group_decorator' retrieved from /home/airflow/.local/lib/python3.12/site-packages/airflow/example_dags/example_task_group_decorator.py
[2024-12-10T08:12:39.883+0000] {logging_mixin.py:190} INFO - [2024-12-10T08:12:39.883+0000] {dag.py:3239} INFO - Sync 1 DAGs
[2024-12-10T08:12:39.899+0000] {logging_mixin.py:190} INFO - [2024-12-10T08:12:39.899+0000] {dag.py:4180} INFO - Setting next_dagrun for example_task_group_decorator to None, run_after=None
[2024-12-10T08:12:39.929+0000] {processor.py:208} INFO - Processing /home/airflow/.local/lib/python3.12/site-packages/airflow/example_dags/example_task_group_decorator.py took 0.099 seconds
[2024-12-10T08:13:11.176+0000] {processor.py:186} INFO - Started process (PID=675) to work on /home/airflow/.local/lib/python3.12/site-packages/airflow/example_dags/example_task_group_decorator.py
[2024-12-10T08:13:11.178+0000] {processor.py:914} INFO - Processing file /home/airflow/.local/lib/python3.12/site-packages/airflow/example_dags/example_task_group_decorator.py for tasks to queue
[2024-12-10T08:13:11.182+0000] {logging_mixin.py:190} INFO - [2024-12-10T08:13:11.181+0000] {dagbag.py:588} INFO - Filling up the DagBag from /home/airflow/.local/lib/python3.12/site-packages/airflow/example_dags/example_task_group_decorator.py
[2024-12-10T08:13:11.214+0000] {processor.py:925} INFO - DAG(s) 'example_task_group_decorator' retrieved from /home/airflow/.local/lib/python3.12/site-packages/airflow/example_dags/example_task_group_decorator.py
[2024-12-10T08:13:11.249+0000] {logging_mixin.py:190} INFO - [2024-12-10T08:13:11.248+0000] {dag.py:3239} INFO - Sync 1 DAGs
[2024-12-10T08:13:11.282+0000] {logging_mixin.py:190} INFO - [2024-12-10T08:13:11.281+0000] {dag.py:4180} INFO - Setting next_dagrun for example_task_group_decorator to None, run_after=None
[2024-12-10T08:13:11.360+0000] {processor.py:208} INFO - Processing /home/airflow/.local/lib/python3.12/site-packages/airflow/example_dags/example_task_group_decorator.py took 0.194 seconds
[2024-12-10T08:13:42.969+0000] {processor.py:186} INFO - Started process (PID=738) to work on /home/airflow/.local/lib/python3.12/site-packages/airflow/example_dags/example_task_group_decorator.py
[2024-12-10T08:13:42.970+0000] {processor.py:914} INFO - Processing file /home/airflow/.local/lib/python3.12/site-packages/airflow/example_dags/example_task_group_decorator.py for tasks to queue
[2024-12-10T08:13:42.973+0000] {logging_mixin.py:190} INFO - [2024-12-10T08:13:42.973+0000] {dagbag.py:588} INFO - Filling up the DagBag from /home/airflow/.local/lib/python3.12/site-packages/airflow/example_dags/example_task_group_decorator.py
[2024-12-10T08:13:43.000+0000] {processor.py:925} INFO - DAG(s) 'example_task_group_decorator' retrieved from /home/airflow/.local/lib/python3.12/site-packages/airflow/example_dags/example_task_group_decorator.py
[2024-12-10T08:13:43.033+0000] {logging_mixin.py:190} INFO - [2024-12-10T08:13:43.033+0000] {dag.py:3239} INFO - Sync 1 DAGs
[2024-12-10T08:13:43.054+0000] {logging_mixin.py:190} INFO - [2024-12-10T08:13:43.053+0000] {dag.py:4180} INFO - Setting next_dagrun for example_task_group_decorator to None, run_after=None
[2024-12-10T08:13:43.077+0000] {processor.py:208} INFO - Processing /home/airflow/.local/lib/python3.12/site-packages/airflow/example_dags/example_task_group_decorator.py took 0.115 seconds
[2024-12-10T08:14:14.250+0000] {processor.py:186} INFO - Started process (PID=801) to work on /home/airflow/.local/lib/python3.12/site-packages/airflow/example_dags/example_task_group_decorator.py
[2024-12-10T08:14:14.253+0000] {processor.py:914} INFO - Processing file /home/airflow/.local/lib/python3.12/site-packages/airflow/example_dags/example_task_group_decorator.py for tasks to queue
[2024-12-10T08:14:14.259+0000] {logging_mixin.py:190} INFO - [2024-12-10T08:14:14.258+0000] {dagbag.py:588} INFO - Filling up the DagBag from /home/airflow/.local/lib/python3.12/site-packages/airflow/example_dags/example_task_group_decorator.py
[2024-12-10T08:14:14.286+0000] {processor.py:925} INFO - DAG(s) 'example_task_group_decorator' retrieved from /home/airflow/.local/lib/python3.12/site-packages/airflow/example_dags/example_task_group_decorator.py
[2024-12-10T08:14:14.329+0000] {logging_mixin.py:190} INFO - [2024-12-10T08:14:14.329+0000] {dag.py:3239} INFO - Sync 1 DAGs
[2024-12-10T08:14:15.059+0000] {logging_mixin.py:190} INFO - [2024-12-10T08:14:15.058+0000] {process_utils.py:266} INFO - Waiting up to 5 seconds for processes to exit...
[2024-12-10T08:14:15.084+0000] {logging_mixin.py:190} INFO - [2024-12-10T08:14:15.083+0000] {process_utils.py:266} INFO - Waiting up to 5 seconds for processes to exit...
[2024-12-10T08:15:35.470+0000] {processor.py:186} INFO - Started process (PID=108) to work on /home/airflow/.local/lib/python3.12/site-packages/airflow/example_dags/example_task_group_decorator.py
[2024-12-10T08:15:35.471+0000] {processor.py:914} INFO - Processing file /home/airflow/.local/lib/python3.12/site-packages/airflow/example_dags/example_task_group_decorator.py for tasks to queue
[2024-12-10T08:15:35.474+0000] {logging_mixin.py:190} INFO - [2024-12-10T08:15:35.474+0000] {dagbag.py:588} INFO - Filling up the DagBag from /home/airflow/.local/lib/python3.12/site-packages/airflow/example_dags/example_task_group_decorator.py
[2024-12-10T08:15:35.495+0000] {processor.py:925} INFO - DAG(s) 'example_task_group_decorator' retrieved from /home/airflow/.local/lib/python3.12/site-packages/airflow/example_dags/example_task_group_decorator.py
[2024-12-10T08:15:35.527+0000] {logging_mixin.py:190} INFO - [2024-12-10T08:15:35.526+0000] {dag.py:3239} INFO - Sync 1 DAGs
[2024-12-10T08:15:35.545+0000] {logging_mixin.py:190} INFO - [2024-12-10T08:15:35.545+0000] {dag.py:4180} INFO - Setting next_dagrun for example_task_group_decorator to None, run_after=None
[2024-12-10T08:15:35.569+0000] {processor.py:208} INFO - Processing /home/airflow/.local/lib/python3.12/site-packages/airflow/example_dags/example_task_group_decorator.py took 0.107 seconds
[2024-12-10T08:16:06.721+0000] {processor.py:186} INFO - Started process (PID=171) to work on /home/airflow/.local/lib/python3.12/site-packages/airflow/example_dags/example_task_group_decorator.py
[2024-12-10T08:16:06.722+0000] {processor.py:914} INFO - Processing file /home/airflow/.local/lib/python3.12/site-packages/airflow/example_dags/example_task_group_decorator.py for tasks to queue
[2024-12-10T08:16:06.725+0000] {logging_mixin.py:190} INFO - [2024-12-10T08:16:06.725+0000] {dagbag.py:588} INFO - Filling up the DagBag from /home/airflow/.local/lib/python3.12/site-packages/airflow/example_dags/example_task_group_decorator.py
[2024-12-10T08:16:06.742+0000] {processor.py:925} INFO - DAG(s) 'example_task_group_decorator' retrieved from /home/airflow/.local/lib/python3.12/site-packages/airflow/example_dags/example_task_group_decorator.py
[2024-12-10T08:16:06.768+0000] {logging_mixin.py:190} INFO - [2024-12-10T08:16:06.767+0000] {dag.py:3239} INFO - Sync 1 DAGs
[2024-12-10T08:16:06.783+0000] {logging_mixin.py:190} INFO - [2024-12-10T08:16:06.783+0000] {dag.py:4180} INFO - Setting next_dagrun for example_task_group_decorator to None, run_after=None
[2024-12-10T08:16:06.802+0000] {processor.py:208} INFO - Processing /home/airflow/.local/lib/python3.12/site-packages/airflow/example_dags/example_task_group_decorator.py took 0.088 seconds
[2024-12-10T08:16:37.540+0000] {processor.py:186} INFO - Started process (PID=234) to work on /home/airflow/.local/lib/python3.12/site-packages/airflow/example_dags/example_task_group_decorator.py
[2024-12-10T08:16:37.542+0000] {processor.py:914} INFO - Processing file /home/airflow/.local/lib/python3.12/site-packages/airflow/example_dags/example_task_group_decorator.py for tasks to queue
[2024-12-10T08:16:37.545+0000] {logging_mixin.py:190} INFO - [2024-12-10T08:16:37.544+0000] {dagbag.py:588} INFO - Filling up the DagBag from /home/airflow/.local/lib/python3.12/site-packages/airflow/example_dags/example_task_group_decorator.py
[2024-12-10T08:16:37.564+0000] {processor.py:925} INFO - DAG(s) 'example_task_group_decorator' retrieved from /home/airflow/.local/lib/python3.12/site-packages/airflow/example_dags/example_task_group_decorator.py
[2024-12-10T08:16:37.595+0000] {logging_mixin.py:190} INFO - [2024-12-10T08:16:37.595+0000] {dag.py:3239} INFO - Sync 1 DAGs
[2024-12-10T08:16:37.618+0000] {logging_mixin.py:190} INFO - [2024-12-10T08:16:37.618+0000] {dag.py:4180} INFO - Setting next_dagrun for example_task_group_decorator to None, run_after=None
[2024-12-10T08:16:37.640+0000] {processor.py:208} INFO - Processing /home/airflow/.local/lib/python3.12/site-packages/airflow/example_dags/example_task_group_decorator.py took 0.107 seconds
[2024-12-10T08:17:08.898+0000] {processor.py:186} INFO - Started process (PID=297) to work on /home/airflow/.local/lib/python3.12/site-packages/airflow/example_dags/example_task_group_decorator.py
[2024-12-10T08:17:08.900+0000] {processor.py:914} INFO - Processing file /home/airflow/.local/lib/python3.12/site-packages/airflow/example_dags/example_task_group_decorator.py for tasks to queue
[2024-12-10T08:17:08.903+0000] {logging_mixin.py:190} INFO - [2024-12-10T08:17:08.903+0000] {dagbag.py:588} INFO - Filling up the DagBag from /home/airflow/.local/lib/python3.12/site-packages/airflow/example_dags/example_task_group_decorator.py
[2024-12-10T08:17:08.923+0000] {processor.py:925} INFO - DAG(s) 'example_task_group_decorator' retrieved from /home/airflow/.local/lib/python3.12/site-packages/airflow/example_dags/example_task_group_decorator.py
[2024-12-10T08:17:08.953+0000] {logging_mixin.py:190} INFO - [2024-12-10T08:17:08.953+0000] {dag.py:3239} INFO - Sync 1 DAGs
[2024-12-10T08:17:08.971+0000] {logging_mixin.py:190} INFO - [2024-12-10T08:17:08.971+0000] {dag.py:4180} INFO - Setting next_dagrun for example_task_group_decorator to None, run_after=None
[2024-12-10T08:17:08.994+0000] {processor.py:208} INFO - Processing /home/airflow/.local/lib/python3.12/site-packages/airflow/example_dags/example_task_group_decorator.py took 0.104 seconds
[2024-12-10T08:17:40.401+0000] {processor.py:186} INFO - Started process (PID=360) to work on /home/airflow/.local/lib/python3.12/site-packages/airflow/example_dags/example_task_group_decorator.py
[2024-12-10T08:17:40.402+0000] {processor.py:914} INFO - Processing file /home/airflow/.local/lib/python3.12/site-packages/airflow/example_dags/example_task_group_decorator.py for tasks to queue
[2024-12-10T08:17:40.405+0000] {logging_mixin.py:190} INFO - [2024-12-10T08:17:40.405+0000] {dagbag.py:588} INFO - Filling up the DagBag from /home/airflow/.local/lib/python3.12/site-packages/airflow/example_dags/example_task_group_decorator.py
[2024-12-10T08:17:40.422+0000] {processor.py:925} INFO - DAG(s) 'example_task_group_decorator' retrieved from /home/airflow/.local/lib/python3.12/site-packages/airflow/example_dags/example_task_group_decorator.py
[2024-12-10T08:17:40.447+0000] {logging_mixin.py:190} INFO - [2024-12-10T08:17:40.447+0000] {dag.py:3239} INFO - Sync 1 DAGs
[2024-12-10T08:17:40.463+0000] {logging_mixin.py:190} INFO - [2024-12-10T08:17:40.463+0000] {dag.py:4180} INFO - Setting next_dagrun for example_task_group_decorator to None, run_after=None
[2024-12-10T08:17:40.482+0000] {processor.py:208} INFO - Processing /home/airflow/.local/lib/python3.12/site-packages/airflow/example_dags/example_task_group_decorator.py took 0.088 seconds
[2024-12-10T08:18:11.658+0000] {processor.py:186} INFO - Started process (PID=423) to work on /home/airflow/.local/lib/python3.12/site-packages/airflow/example_dags/example_task_group_decorator.py
[2024-12-10T08:18:11.659+0000] {processor.py:914} INFO - Processing file /home/airflow/.local/lib/python3.12/site-packages/airflow/example_dags/example_task_group_decorator.py for tasks to queue
[2024-12-10T08:18:11.662+0000] {logging_mixin.py:190} INFO - [2024-12-10T08:18:11.662+0000] {dagbag.py:588} INFO - Filling up the DagBag from /home/airflow/.local/lib/python3.12/site-packages/airflow/example_dags/example_task_group_decorator.py
[2024-12-10T08:18:11.685+0000] {processor.py:925} INFO - DAG(s) 'example_task_group_decorator' retrieved from /home/airflow/.local/lib/python3.12/site-packages/airflow/example_dags/example_task_group_decorator.py
[2024-12-10T08:18:11.720+0000] {logging_mixin.py:190} INFO - [2024-12-10T08:18:11.719+0000] {dag.py:3239} INFO - Sync 1 DAGs
[2024-12-10T08:18:11.739+0000] {logging_mixin.py:190} INFO - [2024-12-10T08:18:11.738+0000] {dag.py:4180} INFO - Setting next_dagrun for example_task_group_decorator to None, run_after=None
[2024-12-10T08:18:11.765+0000] {processor.py:208} INFO - Processing /home/airflow/.local/lib/python3.12/site-packages/airflow/example_dags/example_task_group_decorator.py took 0.115 seconds
[2024-12-10T08:18:43.016+0000] {processor.py:186} INFO - Started process (PID=486) to work on /home/airflow/.local/lib/python3.12/site-packages/airflow/example_dags/example_task_group_decorator.py
[2024-12-10T08:18:43.018+0000] {processor.py:914} INFO - Processing file /home/airflow/.local/lib/python3.12/site-packages/airflow/example_dags/example_task_group_decorator.py for tasks to queue
[2024-12-10T08:18:43.022+0000] {logging_mixin.py:190} INFO - [2024-12-10T08:18:43.021+0000] {dagbag.py:588} INFO - Filling up the DagBag from /home/airflow/.local/lib/python3.12/site-packages/airflow/example_dags/example_task_group_decorator.py
[2024-12-10T08:18:43.045+0000] {processor.py:925} INFO - DAG(s) 'example_task_group_decorator' retrieved from /home/airflow/.local/lib/python3.12/site-packages/airflow/example_dags/example_task_group_decorator.py
[2024-12-10T08:18:43.075+0000] {logging_mixin.py:190} INFO - [2024-12-10T08:18:43.074+0000] {dag.py:3239} INFO - Sync 1 DAGs
[2024-12-10T08:18:43.096+0000] {logging_mixin.py:190} INFO - [2024-12-10T08:18:43.095+0000] {dag.py:4180} INFO - Setting next_dagrun for example_task_group_decorator to None, run_after=None
[2024-12-10T08:18:43.173+0000] {processor.py:208} INFO - Processing /home/airflow/.local/lib/python3.12/site-packages/airflow/example_dags/example_task_group_decorator.py took 0.165 seconds
[2024-12-10T08:19:14.457+0000] {processor.py:186} INFO - Started process (PID=549) to work on /home/airflow/.local/lib/python3.12/site-packages/airflow/example_dags/example_task_group_decorator.py
[2024-12-10T08:19:14.458+0000] {processor.py:914} INFO - Processing file /home/airflow/.local/lib/python3.12/site-packages/airflow/example_dags/example_task_group_decorator.py for tasks to queue
[2024-12-10T08:19:14.461+0000] {logging_mixin.py:190} INFO - [2024-12-10T08:19:14.461+0000] {dagbag.py:588} INFO - Filling up the DagBag from /home/airflow/.local/lib/python3.12/site-packages/airflow/example_dags/example_task_group_decorator.py
[2024-12-10T08:19:14.479+0000] {processor.py:925} INFO - DAG(s) 'example_task_group_decorator' retrieved from /home/airflow/.local/lib/python3.12/site-packages/airflow/example_dags/example_task_group_decorator.py
[2024-12-10T08:19:14.506+0000] {logging_mixin.py:190} INFO - [2024-12-10T08:19:14.506+0000] {dag.py:3239} INFO - Sync 1 DAGs
[2024-12-10T08:19:14.523+0000] {logging_mixin.py:190} INFO - [2024-12-10T08:19:14.523+0000] {dag.py:4180} INFO - Setting next_dagrun for example_task_group_decorator to None, run_after=None
[2024-12-10T08:19:14.543+0000] {processor.py:208} INFO - Processing /home/airflow/.local/lib/python3.12/site-packages/airflow/example_dags/example_task_group_decorator.py took 0.092 seconds
[2024-12-10T08:19:45.349+0000] {processor.py:186} INFO - Started process (PID=612) to work on /home/airflow/.local/lib/python3.12/site-packages/airflow/example_dags/example_task_group_decorator.py
[2024-12-10T08:19:45.350+0000] {processor.py:914} INFO - Processing file /home/airflow/.local/lib/python3.12/site-packages/airflow/example_dags/example_task_group_decorator.py for tasks to queue
[2024-12-10T08:19:45.353+0000] {logging_mixin.py:190} INFO - [2024-12-10T08:19:45.353+0000] {dagbag.py:588} INFO - Filling up the DagBag from /home/airflow/.local/lib/python3.12/site-packages/airflow/example_dags/example_task_group_decorator.py
[2024-12-10T08:19:45.373+0000] {processor.py:925} INFO - DAG(s) 'example_task_group_decorator' retrieved from /home/airflow/.local/lib/python3.12/site-packages/airflow/example_dags/example_task_group_decorator.py
[2024-12-10T08:19:45.403+0000] {logging_mixin.py:190} INFO - [2024-12-10T08:19:45.403+0000] {dag.py:3239} INFO - Sync 1 DAGs
[2024-12-10T08:19:45.421+0000] {logging_mixin.py:190} INFO - [2024-12-10T08:19:45.420+0000] {dag.py:4180} INFO - Setting next_dagrun for example_task_group_decorator to None, run_after=None
[2024-12-10T08:19:45.443+0000] {processor.py:208} INFO - Processing /home/airflow/.local/lib/python3.12/site-packages/airflow/example_dags/example_task_group_decorator.py took 0.102 seconds
[2024-12-10T08:20:17.247+0000] {processor.py:186} INFO - Started process (PID=675) to work on /home/airflow/.local/lib/python3.12/site-packages/airflow/example_dags/example_task_group_decorator.py
[2024-12-10T08:20:17.248+0000] {processor.py:914} INFO - Processing file /home/airflow/.local/lib/python3.12/site-packages/airflow/example_dags/example_task_group_decorator.py for tasks to queue
[2024-12-10T08:20:17.251+0000] {logging_mixin.py:190} INFO - [2024-12-10T08:20:17.251+0000] {dagbag.py:588} INFO - Filling up the DagBag from /home/airflow/.local/lib/python3.12/site-packages/airflow/example_dags/example_task_group_decorator.py
[2024-12-10T08:20:17.270+0000] {processor.py:925} INFO - DAG(s) 'example_task_group_decorator' retrieved from /home/airflow/.local/lib/python3.12/site-packages/airflow/example_dags/example_task_group_decorator.py
[2024-12-10T08:20:17.300+0000] {logging_mixin.py:190} INFO - [2024-12-10T08:20:17.299+0000] {dag.py:3239} INFO - Sync 1 DAGs
[2024-12-10T08:20:17.319+0000] {logging_mixin.py:190} INFO - [2024-12-10T08:20:17.319+0000] {dag.py:4180} INFO - Setting next_dagrun for example_task_group_decorator to None, run_after=None
[2024-12-10T08:20:17.341+0000] {processor.py:208} INFO - Processing /home/airflow/.local/lib/python3.12/site-packages/airflow/example_dags/example_task_group_decorator.py took 0.101 seconds
