[2024-12-10T07:56:08.054+0000] {processor.py:186} INFO - Started process (PID=101) to work on /home/airflow/.local/lib/python3.12/site-packages/airflow/example_dags/example_short_circuit_operator.py
[2024-12-10T07:56:08.055+0000] {processor.py:914} INFO - Processing file /home/airflow/.local/lib/python3.12/site-packages/airflow/example_dags/example_short_circuit_operator.py for tasks to queue
[2024-12-10T07:56:08.058+0000] {logging_mixin.py:190} INFO - [2024-12-10T07:56:08.058+0000] {dagbag.py:588} INFO - Filling up the DagBag from /home/airflow/.local/lib/python3.12/site-packages/airflow/example_dags/example_short_circuit_operator.py
[2024-12-10T07:56:08.071+0000] {processor.py:925} INFO - DAG(s) 'example_short_circuit_operator' retrieved from /home/airflow/.local/lib/python3.12/site-packages/airflow/example_dags/example_short_circuit_operator.py
[2024-12-10T07:56:08.213+0000] {logging_mixin.py:190} INFO - [2024-12-10T07:56:08.212+0000] {override.py:1911} INFO - Created Permission View: can read on DAG:example_short_circuit_operator
[2024-12-10T07:56:08.225+0000] {logging_mixin.py:190} INFO - [2024-12-10T07:56:08.225+0000] {override.py:1911} INFO - Created Permission View: can edit on DAG:example_short_circuit_operator
[2024-12-10T07:56:08.233+0000] {logging_mixin.py:190} INFO - [2024-12-10T07:56:08.233+0000] {override.py:1911} INFO - Created Permission View: can delete on DAG:example_short_circuit_operator
[2024-12-10T07:56:08.244+0000] {logging_mixin.py:190} INFO - [2024-12-10T07:56:08.243+0000] {override.py:1911} INFO - Created Permission View: can read on DAG Run:example_short_circuit_operator
[2024-12-10T07:56:08.254+0000] {logging_mixin.py:190} INFO - [2024-12-10T07:56:08.253+0000] {override.py:1911} INFO - Created Permission View: menu access on DAG Run:example_short_circuit_operator
[2024-12-10T07:56:08.265+0000] {logging_mixin.py:190} INFO - [2024-12-10T07:56:08.265+0000] {override.py:1911} INFO - Created Permission View: can delete on DAG Run:example_short_circuit_operator
[2024-12-10T07:56:08.275+0000] {logging_mixin.py:190} INFO - [2024-12-10T07:56:08.275+0000] {override.py:1911} INFO - Created Permission View: can create on DAG Run:example_short_circuit_operator
[2024-12-10T07:56:08.276+0000] {logging_mixin.py:190} INFO - [2024-12-10T07:56:08.276+0000] {dag.py:3239} INFO - Sync 1 DAGs
[2024-12-10T07:56:08.293+0000] {logging_mixin.py:190} INFO - [2024-12-10T07:56:08.292+0000] {dag.py:3262} INFO - Creating ORM DAG for example_short_circuit_operator
[2024-12-10T07:56:08.294+0000] {logging_mixin.py:190} INFO - [2024-12-10T07:56:08.293+0000] {dag.py:4180} INFO - Setting next_dagrun for example_short_circuit_operator to None, run_after=None
[2024-12-10T07:56:08.315+0000] {processor.py:208} INFO - Processing /home/airflow/.local/lib/python3.12/site-packages/airflow/example_dags/example_short_circuit_operator.py took 0.269 seconds
[2024-12-10T07:56:38.931+0000] {processor.py:186} INFO - Started process (PID=164) to work on /home/airflow/.local/lib/python3.12/site-packages/airflow/example_dags/example_short_circuit_operator.py
[2024-12-10T07:56:38.932+0000] {processor.py:914} INFO - Processing file /home/airflow/.local/lib/python3.12/site-packages/airflow/example_dags/example_short_circuit_operator.py for tasks to queue
[2024-12-10T07:56:38.935+0000] {logging_mixin.py:190} INFO - [2024-12-10T07:56:38.935+0000] {dagbag.py:588} INFO - Filling up the DagBag from /home/airflow/.local/lib/python3.12/site-packages/airflow/example_dags/example_short_circuit_operator.py
[2024-12-10T07:56:38.944+0000] {processor.py:925} INFO - DAG(s) 'example_short_circuit_operator' retrieved from /home/airflow/.local/lib/python3.12/site-packages/airflow/example_dags/example_short_circuit_operator.py
[2024-12-10T07:56:38.968+0000] {logging_mixin.py:190} INFO - [2024-12-10T07:56:38.968+0000] {dag.py:3239} INFO - Sync 1 DAGs
[2024-12-10T07:56:38.985+0000] {logging_mixin.py:190} INFO - [2024-12-10T07:56:38.984+0000] {dag.py:4180} INFO - Setting next_dagrun for example_short_circuit_operator to None, run_after=None
[2024-12-10T07:56:39.004+0000] {processor.py:208} INFO - Processing /home/airflow/.local/lib/python3.12/site-packages/airflow/example_dags/example_short_circuit_operator.py took 0.079 seconds
[2024-12-10T07:57:09.054+0000] {processor.py:186} INFO - Started process (PID=227) to work on /home/airflow/.local/lib/python3.12/site-packages/airflow/example_dags/example_short_circuit_operator.py
[2024-12-10T07:57:09.055+0000] {processor.py:914} INFO - Processing file /home/airflow/.local/lib/python3.12/site-packages/airflow/example_dags/example_short_circuit_operator.py for tasks to queue
[2024-12-10T07:57:09.057+0000] {logging_mixin.py:190} INFO - [2024-12-10T07:57:09.057+0000] {dagbag.py:588} INFO - Filling up the DagBag from /home/airflow/.local/lib/python3.12/site-packages/airflow/example_dags/example_short_circuit_operator.py
[2024-12-10T07:57:09.067+0000] {processor.py:925} INFO - DAG(s) 'example_short_circuit_operator' retrieved from /home/airflow/.local/lib/python3.12/site-packages/airflow/example_dags/example_short_circuit_operator.py
[2024-12-10T07:57:09.091+0000] {logging_mixin.py:190} INFO - [2024-12-10T07:57:09.091+0000] {dag.py:3239} INFO - Sync 1 DAGs
[2024-12-10T07:57:09.106+0000] {logging_mixin.py:190} INFO - [2024-12-10T07:57:09.106+0000] {dag.py:4180} INFO - Setting next_dagrun for example_short_circuit_operator to None, run_after=None
[2024-12-10T07:57:09.125+0000] {processor.py:208} INFO - Processing /home/airflow/.local/lib/python3.12/site-packages/airflow/example_dags/example_short_circuit_operator.py took 0.076 seconds
[2024-12-10T07:57:40.495+0000] {processor.py:186} INFO - Started process (PID=290) to work on /home/airflow/.local/lib/python3.12/site-packages/airflow/example_dags/example_short_circuit_operator.py
[2024-12-10T07:57:40.496+0000] {processor.py:914} INFO - Processing file /home/airflow/.local/lib/python3.12/site-packages/airflow/example_dags/example_short_circuit_operator.py for tasks to queue
[2024-12-10T07:57:40.499+0000] {logging_mixin.py:190} INFO - [2024-12-10T07:57:40.498+0000] {dagbag.py:588} INFO - Filling up the DagBag from /home/airflow/.local/lib/python3.12/site-packages/airflow/example_dags/example_short_circuit_operator.py
[2024-12-10T07:57:40.510+0000] {processor.py:925} INFO - DAG(s) 'example_short_circuit_operator' retrieved from /home/airflow/.local/lib/python3.12/site-packages/airflow/example_dags/example_short_circuit_operator.py
[2024-12-10T07:57:40.536+0000] {logging_mixin.py:190} INFO - [2024-12-10T07:57:40.536+0000] {dag.py:3239} INFO - Sync 1 DAGs
[2024-12-10T07:57:40.553+0000] {logging_mixin.py:190} INFO - [2024-12-10T07:57:40.553+0000] {dag.py:4180} INFO - Setting next_dagrun for example_short_circuit_operator to None, run_after=None
[2024-12-10T07:57:40.573+0000] {processor.py:208} INFO - Processing /home/airflow/.local/lib/python3.12/site-packages/airflow/example_dags/example_short_circuit_operator.py took 0.085 seconds
[2024-12-10T07:58:11.774+0000] {processor.py:186} INFO - Started process (PID=353) to work on /home/airflow/.local/lib/python3.12/site-packages/airflow/example_dags/example_short_circuit_operator.py
[2024-12-10T07:58:11.776+0000] {processor.py:914} INFO - Processing file /home/airflow/.local/lib/python3.12/site-packages/airflow/example_dags/example_short_circuit_operator.py for tasks to queue
[2024-12-10T07:58:11.781+0000] {logging_mixin.py:190} INFO - [2024-12-10T07:58:11.781+0000] {dagbag.py:588} INFO - Filling up the DagBag from /home/airflow/.local/lib/python3.12/site-packages/airflow/example_dags/example_short_circuit_operator.py
[2024-12-10T07:58:11.797+0000] {processor.py:925} INFO - DAG(s) 'example_short_circuit_operator' retrieved from /home/airflow/.local/lib/python3.12/site-packages/airflow/example_dags/example_short_circuit_operator.py
[2024-12-10T07:58:11.841+0000] {logging_mixin.py:190} INFO - [2024-12-10T07:58:11.840+0000] {dag.py:3239} INFO - Sync 1 DAGs
[2024-12-10T07:58:11.872+0000] {logging_mixin.py:190} INFO - [2024-12-10T07:58:11.872+0000] {dag.py:4180} INFO - Setting next_dagrun for example_short_circuit_operator to None, run_after=None
[2024-12-10T07:58:11.908+0000] {processor.py:208} INFO - Processing /home/airflow/.local/lib/python3.12/site-packages/airflow/example_dags/example_short_circuit_operator.py took 0.146 seconds
[2024-12-10T07:58:42.854+0000] {processor.py:186} INFO - Started process (PID=416) to work on /home/airflow/.local/lib/python3.12/site-packages/airflow/example_dags/example_short_circuit_operator.py
[2024-12-10T07:58:42.856+0000] {processor.py:914} INFO - Processing file /home/airflow/.local/lib/python3.12/site-packages/airflow/example_dags/example_short_circuit_operator.py for tasks to queue
[2024-12-10T07:58:42.859+0000] {logging_mixin.py:190} INFO - [2024-12-10T07:58:42.858+0000] {dagbag.py:588} INFO - Filling up the DagBag from /home/airflow/.local/lib/python3.12/site-packages/airflow/example_dags/example_short_circuit_operator.py
[2024-12-10T07:58:42.870+0000] {processor.py:925} INFO - DAG(s) 'example_short_circuit_operator' retrieved from /home/airflow/.local/lib/python3.12/site-packages/airflow/example_dags/example_short_circuit_operator.py
[2024-12-10T07:58:42.898+0000] {logging_mixin.py:190} INFO - [2024-12-10T07:58:42.898+0000] {dag.py:3239} INFO - Sync 1 DAGs
[2024-12-10T07:58:42.917+0000] {logging_mixin.py:190} INFO - [2024-12-10T07:58:42.917+0000] {dag.py:4180} INFO - Setting next_dagrun for example_short_circuit_operator to None, run_after=None
[2024-12-10T07:58:42.940+0000] {processor.py:208} INFO - Processing /home/airflow/.local/lib/python3.12/site-packages/airflow/example_dags/example_short_circuit_operator.py took 0.093 seconds
[2024-12-10T07:59:13.960+0000] {processor.py:186} INFO - Started process (PID=479) to work on /home/airflow/.local/lib/python3.12/site-packages/airflow/example_dags/example_short_circuit_operator.py
[2024-12-10T07:59:13.962+0000] {processor.py:914} INFO - Processing file /home/airflow/.local/lib/python3.12/site-packages/airflow/example_dags/example_short_circuit_operator.py for tasks to queue
[2024-12-10T07:59:13.965+0000] {logging_mixin.py:190} INFO - [2024-12-10T07:59:13.965+0000] {dagbag.py:588} INFO - Filling up the DagBag from /home/airflow/.local/lib/python3.12/site-packages/airflow/example_dags/example_short_circuit_operator.py
[2024-12-10T07:59:13.978+0000] {processor.py:925} INFO - DAG(s) 'example_short_circuit_operator' retrieved from /home/airflow/.local/lib/python3.12/site-packages/airflow/example_dags/example_short_circuit_operator.py
[2024-12-10T07:59:14.011+0000] {logging_mixin.py:190} INFO - [2024-12-10T07:59:14.010+0000] {dag.py:3239} INFO - Sync 1 DAGs
[2024-12-10T07:59:14.032+0000] {logging_mixin.py:190} INFO - [2024-12-10T07:59:14.031+0000] {dag.py:4180} INFO - Setting next_dagrun for example_short_circuit_operator to None, run_after=None
[2024-12-10T07:59:14.057+0000] {processor.py:208} INFO - Processing /home/airflow/.local/lib/python3.12/site-packages/airflow/example_dags/example_short_circuit_operator.py took 0.104 seconds
[2024-12-10T07:59:45.133+0000] {processor.py:186} INFO - Started process (PID=542) to work on /home/airflow/.local/lib/python3.12/site-packages/airflow/example_dags/example_short_circuit_operator.py
[2024-12-10T07:59:45.135+0000] {processor.py:914} INFO - Processing file /home/airflow/.local/lib/python3.12/site-packages/airflow/example_dags/example_short_circuit_operator.py for tasks to queue
[2024-12-10T07:59:45.138+0000] {logging_mixin.py:190} INFO - [2024-12-10T07:59:45.137+0000] {dagbag.py:588} INFO - Filling up the DagBag from /home/airflow/.local/lib/python3.12/site-packages/airflow/example_dags/example_short_circuit_operator.py
[2024-12-10T07:59:45.148+0000] {processor.py:925} INFO - DAG(s) 'example_short_circuit_operator' retrieved from /home/airflow/.local/lib/python3.12/site-packages/airflow/example_dags/example_short_circuit_operator.py
[2024-12-10T07:59:45.176+0000] {logging_mixin.py:190} INFO - [2024-12-10T07:59:45.175+0000] {dag.py:3239} INFO - Sync 1 DAGs
[2024-12-10T07:59:45.193+0000] {logging_mixin.py:190} INFO - [2024-12-10T07:59:45.193+0000] {dag.py:4180} INFO - Setting next_dagrun for example_short_circuit_operator to None, run_after=None
[2024-12-10T07:59:45.215+0000] {processor.py:208} INFO - Processing /home/airflow/.local/lib/python3.12/site-packages/airflow/example_dags/example_short_circuit_operator.py took 0.089 seconds
[2024-12-10T08:00:16.526+0000] {processor.py:186} INFO - Started process (PID=605) to work on /home/airflow/.local/lib/python3.12/site-packages/airflow/example_dags/example_short_circuit_operator.py
[2024-12-10T08:00:16.527+0000] {processor.py:914} INFO - Processing file /home/airflow/.local/lib/python3.12/site-packages/airflow/example_dags/example_short_circuit_operator.py for tasks to queue
[2024-12-10T08:00:16.531+0000] {logging_mixin.py:190} INFO - [2024-12-10T08:00:16.531+0000] {dagbag.py:588} INFO - Filling up the DagBag from /home/airflow/.local/lib/python3.12/site-packages/airflow/example_dags/example_short_circuit_operator.py
[2024-12-10T08:00:16.546+0000] {processor.py:925} INFO - DAG(s) 'example_short_circuit_operator' retrieved from /home/airflow/.local/lib/python3.12/site-packages/airflow/example_dags/example_short_circuit_operator.py
[2024-12-10T08:00:16.587+0000] {logging_mixin.py:190} INFO - [2024-12-10T08:00:16.587+0000] {dag.py:3239} INFO - Sync 1 DAGs
[2024-12-10T08:00:16.618+0000] {logging_mixin.py:190} INFO - [2024-12-10T08:00:16.617+0000] {dag.py:4180} INFO - Setting next_dagrun for example_short_circuit_operator to None, run_after=None
[2024-12-10T08:00:16.650+0000] {processor.py:208} INFO - Processing /home/airflow/.local/lib/python3.12/site-packages/airflow/example_dags/example_short_circuit_operator.py took 0.134 seconds
[2024-12-10T08:00:48.308+0000] {processor.py:186} INFO - Started process (PID=668) to work on /home/airflow/.local/lib/python3.12/site-packages/airflow/example_dags/example_short_circuit_operator.py
[2024-12-10T08:00:48.309+0000] {processor.py:914} INFO - Processing file /home/airflow/.local/lib/python3.12/site-packages/airflow/example_dags/example_short_circuit_operator.py for tasks to queue
[2024-12-10T08:00:48.312+0000] {logging_mixin.py:190} INFO - [2024-12-10T08:00:48.312+0000] {dagbag.py:588} INFO - Filling up the DagBag from /home/airflow/.local/lib/python3.12/site-packages/airflow/example_dags/example_short_circuit_operator.py
[2024-12-10T08:00:48.323+0000] {processor.py:925} INFO - DAG(s) 'example_short_circuit_operator' retrieved from /home/airflow/.local/lib/python3.12/site-packages/airflow/example_dags/example_short_circuit_operator.py
[2024-12-10T08:00:48.356+0000] {logging_mixin.py:190} INFO - [2024-12-10T08:00:48.356+0000] {dag.py:3239} INFO - Sync 1 DAGs
[2024-12-10T08:00:48.382+0000] {logging_mixin.py:190} INFO - [2024-12-10T08:00:48.382+0000] {dag.py:4180} INFO - Setting next_dagrun for example_short_circuit_operator to None, run_after=None
[2024-12-10T08:00:48.406+0000] {processor.py:208} INFO - Processing /home/airflow/.local/lib/python3.12/site-packages/airflow/example_dags/example_short_circuit_operator.py took 0.107 seconds
[2024-12-10T08:01:20.000+0000] {processor.py:186} INFO - Started process (PID=731) to work on /home/airflow/.local/lib/python3.12/site-packages/airflow/example_dags/example_short_circuit_operator.py
[2024-12-10T08:01:20.001+0000] {processor.py:914} INFO - Processing file /home/airflow/.local/lib/python3.12/site-packages/airflow/example_dags/example_short_circuit_operator.py for tasks to queue
[2024-12-10T08:01:20.004+0000] {logging_mixin.py:190} INFO - [2024-12-10T08:01:20.004+0000] {dagbag.py:588} INFO - Filling up the DagBag from /home/airflow/.local/lib/python3.12/site-packages/airflow/example_dags/example_short_circuit_operator.py
[2024-12-10T08:01:20.017+0000] {processor.py:925} INFO - DAG(s) 'example_short_circuit_operator' retrieved from /home/airflow/.local/lib/python3.12/site-packages/airflow/example_dags/example_short_circuit_operator.py
[2024-12-10T08:01:20.050+0000] {logging_mixin.py:190} INFO - [2024-12-10T08:01:20.050+0000] {dag.py:3239} INFO - Sync 1 DAGs
[2024-12-10T08:01:20.070+0000] {logging_mixin.py:190} INFO - [2024-12-10T08:01:20.070+0000] {dag.py:4180} INFO - Setting next_dagrun for example_short_circuit_operator to None, run_after=None
[2024-12-10T08:01:20.095+0000] {processor.py:208} INFO - Processing /home/airflow/.local/lib/python3.12/site-packages/airflow/example_dags/example_short_circuit_operator.py took 0.104 seconds
[2024-12-10T08:01:50.919+0000] {processor.py:186} INFO - Started process (PID=794) to work on /home/airflow/.local/lib/python3.12/site-packages/airflow/example_dags/example_short_circuit_operator.py
[2024-12-10T08:01:50.920+0000] {processor.py:914} INFO - Processing file /home/airflow/.local/lib/python3.12/site-packages/airflow/example_dags/example_short_circuit_operator.py for tasks to queue
[2024-12-10T08:01:50.923+0000] {logging_mixin.py:190} INFO - [2024-12-10T08:01:50.922+0000] {dagbag.py:588} INFO - Filling up the DagBag from /home/airflow/.local/lib/python3.12/site-packages/airflow/example_dags/example_short_circuit_operator.py
[2024-12-10T08:01:50.932+0000] {processor.py:925} INFO - DAG(s) 'example_short_circuit_operator' retrieved from /home/airflow/.local/lib/python3.12/site-packages/airflow/example_dags/example_short_circuit_operator.py
[2024-12-10T08:01:50.956+0000] {logging_mixin.py:190} INFO - [2024-12-10T08:01:50.956+0000] {dag.py:3239} INFO - Sync 1 DAGs
[2024-12-10T08:01:50.971+0000] {logging_mixin.py:190} INFO - [2024-12-10T08:01:50.971+0000] {dag.py:4180} INFO - Setting next_dagrun for example_short_circuit_operator to None, run_after=None
[2024-12-10T08:01:50.991+0000] {processor.py:208} INFO - Processing /home/airflow/.local/lib/python3.12/site-packages/airflow/example_dags/example_short_circuit_operator.py took 0.079 seconds
[2024-12-10T08:02:22.280+0000] {processor.py:186} INFO - Started process (PID=857) to work on /home/airflow/.local/lib/python3.12/site-packages/airflow/example_dags/example_short_circuit_operator.py
[2024-12-10T08:02:22.281+0000] {processor.py:914} INFO - Processing file /home/airflow/.local/lib/python3.12/site-packages/airflow/example_dags/example_short_circuit_operator.py for tasks to queue
[2024-12-10T08:02:22.284+0000] {logging_mixin.py:190} INFO - [2024-12-10T08:02:22.284+0000] {dagbag.py:588} INFO - Filling up the DagBag from /home/airflow/.local/lib/python3.12/site-packages/airflow/example_dags/example_short_circuit_operator.py
[2024-12-10T08:02:22.296+0000] {processor.py:925} INFO - DAG(s) 'example_short_circuit_operator' retrieved from /home/airflow/.local/lib/python3.12/site-packages/airflow/example_dags/example_short_circuit_operator.py
[2024-12-10T08:02:22.327+0000] {logging_mixin.py:190} INFO - [2024-12-10T08:02:22.326+0000] {dag.py:3239} INFO - Sync 1 DAGs
[2024-12-10T08:02:22.348+0000] {logging_mixin.py:190} INFO - [2024-12-10T08:02:22.348+0000] {dag.py:4180} INFO - Setting next_dagrun for example_short_circuit_operator to None, run_after=None
[2024-12-10T08:02:22.373+0000] {processor.py:208} INFO - Processing /home/airflow/.local/lib/python3.12/site-packages/airflow/example_dags/example_short_circuit_operator.py took 0.102 seconds
[2024-12-10T08:02:53.953+0000] {processor.py:186} INFO - Started process (PID=920) to work on /home/airflow/.local/lib/python3.12/site-packages/airflow/example_dags/example_short_circuit_operator.py
[2024-12-10T08:02:53.954+0000] {processor.py:914} INFO - Processing file /home/airflow/.local/lib/python3.12/site-packages/airflow/example_dags/example_short_circuit_operator.py for tasks to queue
[2024-12-10T08:02:53.959+0000] {logging_mixin.py:190} INFO - [2024-12-10T08:02:53.958+0000] {dagbag.py:588} INFO - Filling up the DagBag from /home/airflow/.local/lib/python3.12/site-packages/airflow/example_dags/example_short_circuit_operator.py
[2024-12-10T08:02:53.976+0000] {processor.py:925} INFO - DAG(s) 'example_short_circuit_operator' retrieved from /home/airflow/.local/lib/python3.12/site-packages/airflow/example_dags/example_short_circuit_operator.py
[2024-12-10T08:02:54.008+0000] {logging_mixin.py:190} INFO - [2024-12-10T08:02:54.007+0000] {dag.py:3239} INFO - Sync 1 DAGs
[2024-12-10T08:02:54.026+0000] {logging_mixin.py:190} INFO - [2024-12-10T08:02:54.026+0000] {dag.py:4180} INFO - Setting next_dagrun for example_short_circuit_operator to None, run_after=None
[2024-12-10T08:02:54.049+0000] {processor.py:208} INFO - Processing /home/airflow/.local/lib/python3.12/site-packages/airflow/example_dags/example_short_circuit_operator.py took 0.106 seconds
[2024-12-10T08:03:25.261+0000] {processor.py:186} INFO - Started process (PID=983) to work on /home/airflow/.local/lib/python3.12/site-packages/airflow/example_dags/example_short_circuit_operator.py
[2024-12-10T08:03:25.262+0000] {processor.py:914} INFO - Processing file /home/airflow/.local/lib/python3.12/site-packages/airflow/example_dags/example_short_circuit_operator.py for tasks to queue
[2024-12-10T08:03:25.265+0000] {logging_mixin.py:190} INFO - [2024-12-10T08:03:25.264+0000] {dagbag.py:588} INFO - Filling up the DagBag from /home/airflow/.local/lib/python3.12/site-packages/airflow/example_dags/example_short_circuit_operator.py
[2024-12-10T08:03:25.274+0000] {processor.py:925} INFO - DAG(s) 'example_short_circuit_operator' retrieved from /home/airflow/.local/lib/python3.12/site-packages/airflow/example_dags/example_short_circuit_operator.py
[2024-12-10T08:03:25.299+0000] {logging_mixin.py:190} INFO - [2024-12-10T08:03:25.299+0000] {dag.py:3239} INFO - Sync 1 DAGs
[2024-12-10T08:03:25.316+0000] {logging_mixin.py:190} INFO - [2024-12-10T08:03:25.315+0000] {dag.py:4180} INFO - Setting next_dagrun for example_short_circuit_operator to None, run_after=None
[2024-12-10T08:03:25.336+0000] {processor.py:208} INFO - Processing /home/airflow/.local/lib/python3.12/site-packages/airflow/example_dags/example_short_circuit_operator.py took 0.082 seconds
[2024-12-10T08:03:56.318+0000] {processor.py:186} INFO - Started process (PID=1046) to work on /home/airflow/.local/lib/python3.12/site-packages/airflow/example_dags/example_short_circuit_operator.py
[2024-12-10T08:03:56.319+0000] {processor.py:914} INFO - Processing file /home/airflow/.local/lib/python3.12/site-packages/airflow/example_dags/example_short_circuit_operator.py for tasks to queue
[2024-12-10T08:03:56.322+0000] {logging_mixin.py:190} INFO - [2024-12-10T08:03:56.322+0000] {dagbag.py:588} INFO - Filling up the DagBag from /home/airflow/.local/lib/python3.12/site-packages/airflow/example_dags/example_short_circuit_operator.py
[2024-12-10T08:03:56.336+0000] {processor.py:925} INFO - DAG(s) 'example_short_circuit_operator' retrieved from /home/airflow/.local/lib/python3.12/site-packages/airflow/example_dags/example_short_circuit_operator.py
[2024-12-10T08:03:56.368+0000] {logging_mixin.py:190} INFO - [2024-12-10T08:03:56.368+0000] {dag.py:3239} INFO - Sync 1 DAGs
[2024-12-10T08:03:56.386+0000] {logging_mixin.py:190} INFO - [2024-12-10T08:03:56.386+0000] {dag.py:4180} INFO - Setting next_dagrun for example_short_circuit_operator to None, run_after=None
[2024-12-10T08:03:56.411+0000] {processor.py:208} INFO - Processing /home/airflow/.local/lib/python3.12/site-packages/airflow/example_dags/example_short_circuit_operator.py took 0.101 seconds
[2024-12-10T08:04:28.117+0000] {processor.py:186} INFO - Started process (PID=1109) to work on /home/airflow/.local/lib/python3.12/site-packages/airflow/example_dags/example_short_circuit_operator.py
[2024-12-10T08:04:28.118+0000] {processor.py:914} INFO - Processing file /home/airflow/.local/lib/python3.12/site-packages/airflow/example_dags/example_short_circuit_operator.py for tasks to queue
[2024-12-10T08:04:28.121+0000] {logging_mixin.py:190} INFO - [2024-12-10T08:04:28.121+0000] {dagbag.py:588} INFO - Filling up the DagBag from /home/airflow/.local/lib/python3.12/site-packages/airflow/example_dags/example_short_circuit_operator.py
[2024-12-10T08:04:28.136+0000] {processor.py:925} INFO - DAG(s) 'example_short_circuit_operator' retrieved from /home/airflow/.local/lib/python3.12/site-packages/airflow/example_dags/example_short_circuit_operator.py
[2024-12-10T08:04:28.170+0000] {logging_mixin.py:190} INFO - [2024-12-10T08:04:28.170+0000] {dag.py:3239} INFO - Sync 1 DAGs
[2024-12-10T08:04:28.199+0000] {logging_mixin.py:190} INFO - [2024-12-10T08:04:28.199+0000] {dag.py:4180} INFO - Setting next_dagrun for example_short_circuit_operator to None, run_after=None
[2024-12-10T08:04:28.235+0000] {processor.py:208} INFO - Processing /home/airflow/.local/lib/python3.12/site-packages/airflow/example_dags/example_short_circuit_operator.py took 0.127 seconds
[2024-12-10T08:04:58.642+0000] {processor.py:186} INFO - Started process (PID=1172) to work on /home/airflow/.local/lib/python3.12/site-packages/airflow/example_dags/example_short_circuit_operator.py
[2024-12-10T08:04:58.643+0000] {processor.py:914} INFO - Processing file /home/airflow/.local/lib/python3.12/site-packages/airflow/example_dags/example_short_circuit_operator.py for tasks to queue
[2024-12-10T08:04:58.647+0000] {logging_mixin.py:190} INFO - [2024-12-10T08:04:58.646+0000] {dagbag.py:588} INFO - Filling up the DagBag from /home/airflow/.local/lib/python3.12/site-packages/airflow/example_dags/example_short_circuit_operator.py
[2024-12-10T08:04:58.657+0000] {processor.py:925} INFO - DAG(s) 'example_short_circuit_operator' retrieved from /home/airflow/.local/lib/python3.12/site-packages/airflow/example_dags/example_short_circuit_operator.py
[2024-12-10T08:04:58.680+0000] {logging_mixin.py:190} INFO - [2024-12-10T08:04:58.680+0000] {dag.py:3239} INFO - Sync 1 DAGs
[2024-12-10T08:04:58.694+0000] {logging_mixin.py:190} INFO - [2024-12-10T08:04:58.694+0000] {dag.py:4180} INFO - Setting next_dagrun for example_short_circuit_operator to None, run_after=None
[2024-12-10T08:04:58.711+0000] {processor.py:208} INFO - Processing /home/airflow/.local/lib/python3.12/site-packages/airflow/example_dags/example_short_circuit_operator.py took 0.076 seconds
[2024-12-10T08:05:29.620+0000] {processor.py:186} INFO - Started process (PID=1235) to work on /home/airflow/.local/lib/python3.12/site-packages/airflow/example_dags/example_short_circuit_operator.py
[2024-12-10T08:05:29.621+0000] {processor.py:914} INFO - Processing file /home/airflow/.local/lib/python3.12/site-packages/airflow/example_dags/example_short_circuit_operator.py for tasks to queue
[2024-12-10T08:05:29.624+0000] {logging_mixin.py:190} INFO - [2024-12-10T08:05:29.624+0000] {dagbag.py:588} INFO - Filling up the DagBag from /home/airflow/.local/lib/python3.12/site-packages/airflow/example_dags/example_short_circuit_operator.py
[2024-12-10T08:05:29.633+0000] {processor.py:925} INFO - DAG(s) 'example_short_circuit_operator' retrieved from /home/airflow/.local/lib/python3.12/site-packages/airflow/example_dags/example_short_circuit_operator.py
[2024-12-10T08:05:29.657+0000] {logging_mixin.py:190} INFO - [2024-12-10T08:05:29.657+0000] {dag.py:3239} INFO - Sync 1 DAGs
[2024-12-10T08:05:29.673+0000] {logging_mixin.py:190} INFO - [2024-12-10T08:05:29.672+0000] {dag.py:4180} INFO - Setting next_dagrun for example_short_circuit_operator to None, run_after=None
[2024-12-10T08:05:29.691+0000] {processor.py:208} INFO - Processing /home/airflow/.local/lib/python3.12/site-packages/airflow/example_dags/example_short_circuit_operator.py took 0.077 seconds
[2024-12-10T08:06:00.810+0000] {processor.py:186} INFO - Started process (PID=1298) to work on /home/airflow/.local/lib/python3.12/site-packages/airflow/example_dags/example_short_circuit_operator.py
[2024-12-10T08:06:00.811+0000] {processor.py:914} INFO - Processing file /home/airflow/.local/lib/python3.12/site-packages/airflow/example_dags/example_short_circuit_operator.py for tasks to queue
[2024-12-10T08:06:00.815+0000] {logging_mixin.py:190} INFO - [2024-12-10T08:06:00.814+0000] {dagbag.py:588} INFO - Filling up the DagBag from /home/airflow/.local/lib/python3.12/site-packages/airflow/example_dags/example_short_circuit_operator.py
[2024-12-10T08:06:00.824+0000] {processor.py:925} INFO - DAG(s) 'example_short_circuit_operator' retrieved from /home/airflow/.local/lib/python3.12/site-packages/airflow/example_dags/example_short_circuit_operator.py
[2024-12-10T08:06:00.849+0000] {logging_mixin.py:190} INFO - [2024-12-10T08:06:00.848+0000] {dag.py:3239} INFO - Sync 1 DAGs
[2024-12-10T08:06:00.866+0000] {logging_mixin.py:190} INFO - [2024-12-10T08:06:00.865+0000] {dag.py:4180} INFO - Setting next_dagrun for example_short_circuit_operator to None, run_after=None
[2024-12-10T08:06:00.888+0000] {processor.py:208} INFO - Processing /home/airflow/.local/lib/python3.12/site-packages/airflow/example_dags/example_short_circuit_operator.py took 0.084 seconds
[2024-12-10T08:06:32.374+0000] {processor.py:186} INFO - Started process (PID=1361) to work on /home/airflow/.local/lib/python3.12/site-packages/airflow/example_dags/example_short_circuit_operator.py
[2024-12-10T08:06:32.376+0000] {processor.py:914} INFO - Processing file /home/airflow/.local/lib/python3.12/site-packages/airflow/example_dags/example_short_circuit_operator.py for tasks to queue
[2024-12-10T08:06:32.379+0000] {logging_mixin.py:190} INFO - [2024-12-10T08:06:32.379+0000] {dagbag.py:588} INFO - Filling up the DagBag from /home/airflow/.local/lib/python3.12/site-packages/airflow/example_dags/example_short_circuit_operator.py
[2024-12-10T08:06:32.391+0000] {processor.py:925} INFO - DAG(s) 'example_short_circuit_operator' retrieved from /home/airflow/.local/lib/python3.12/site-packages/airflow/example_dags/example_short_circuit_operator.py
[2024-12-10T08:06:32.432+0000] {logging_mixin.py:190} INFO - [2024-12-10T08:06:32.431+0000] {dag.py:3239} INFO - Sync 1 DAGs
[2024-12-10T08:06:32.456+0000] {logging_mixin.py:190} INFO - [2024-12-10T08:06:32.456+0000] {dag.py:4180} INFO - Setting next_dagrun for example_short_circuit_operator to None, run_after=None
[2024-12-10T08:06:32.480+0000] {processor.py:208} INFO - Processing /home/airflow/.local/lib/python3.12/site-packages/airflow/example_dags/example_short_circuit_operator.py took 0.114 seconds
[2024-12-10T08:08:29.526+0000] {processor.py:186} INFO - Started process (PID=101) to work on /home/airflow/.local/lib/python3.12/site-packages/airflow/example_dags/example_short_circuit_operator.py
[2024-12-10T08:08:29.528+0000] {processor.py:914} INFO - Processing file /home/airflow/.local/lib/python3.12/site-packages/airflow/example_dags/example_short_circuit_operator.py for tasks to queue
[2024-12-10T08:08:29.531+0000] {logging_mixin.py:190} INFO - [2024-12-10T08:08:29.531+0000] {dagbag.py:588} INFO - Filling up the DagBag from /home/airflow/.local/lib/python3.12/site-packages/airflow/example_dags/example_short_circuit_operator.py
[2024-12-10T08:08:29.548+0000] {processor.py:925} INFO - DAG(s) 'example_short_circuit_operator' retrieved from /home/airflow/.local/lib/python3.12/site-packages/airflow/example_dags/example_short_circuit_operator.py
[2024-12-10T08:08:29.584+0000] {logging_mixin.py:190} INFO - [2024-12-10T08:08:29.584+0000] {dag.py:3239} INFO - Sync 1 DAGs
[2024-12-10T08:08:29.607+0000] {logging_mixin.py:190} INFO - [2024-12-10T08:08:29.607+0000] {dag.py:4180} INFO - Setting next_dagrun for example_short_circuit_operator to None, run_after=None
[2024-12-10T08:08:29.633+0000] {processor.py:208} INFO - Processing /home/airflow/.local/lib/python3.12/site-packages/airflow/example_dags/example_short_circuit_operator.py took 0.115 seconds
[2024-12-10T08:09:00.358+0000] {processor.py:186} INFO - Started process (PID=164) to work on /home/airflow/.local/lib/python3.12/site-packages/airflow/example_dags/example_short_circuit_operator.py
[2024-12-10T08:09:00.359+0000] {processor.py:914} INFO - Processing file /home/airflow/.local/lib/python3.12/site-packages/airflow/example_dags/example_short_circuit_operator.py for tasks to queue
[2024-12-10T08:09:00.363+0000] {logging_mixin.py:190} INFO - [2024-12-10T08:09:00.362+0000] {dagbag.py:588} INFO - Filling up the DagBag from /home/airflow/.local/lib/python3.12/site-packages/airflow/example_dags/example_short_circuit_operator.py
[2024-12-10T08:09:00.375+0000] {processor.py:925} INFO - DAG(s) 'example_short_circuit_operator' retrieved from /home/airflow/.local/lib/python3.12/site-packages/airflow/example_dags/example_short_circuit_operator.py
[2024-12-10T08:09:00.404+0000] {logging_mixin.py:190} INFO - [2024-12-10T08:09:00.404+0000] {dag.py:3239} INFO - Sync 1 DAGs
[2024-12-10T08:09:00.422+0000] {logging_mixin.py:190} INFO - [2024-12-10T08:09:00.422+0000] {dag.py:4180} INFO - Setting next_dagrun for example_short_circuit_operator to None, run_after=None
[2024-12-10T08:09:00.453+0000] {processor.py:208} INFO - Processing /home/airflow/.local/lib/python3.12/site-packages/airflow/example_dags/example_short_circuit_operator.py took 0.103 seconds
[2024-12-10T08:09:30.863+0000] {processor.py:186} INFO - Started process (PID=227) to work on /home/airflow/.local/lib/python3.12/site-packages/airflow/example_dags/example_short_circuit_operator.py
[2024-12-10T08:09:30.864+0000] {processor.py:914} INFO - Processing file /home/airflow/.local/lib/python3.12/site-packages/airflow/example_dags/example_short_circuit_operator.py for tasks to queue
[2024-12-10T08:09:30.867+0000] {logging_mixin.py:190} INFO - [2024-12-10T08:09:30.867+0000] {dagbag.py:588} INFO - Filling up the DagBag from /home/airflow/.local/lib/python3.12/site-packages/airflow/example_dags/example_short_circuit_operator.py
[2024-12-10T08:09:30.880+0000] {processor.py:925} INFO - DAG(s) 'example_short_circuit_operator' retrieved from /home/airflow/.local/lib/python3.12/site-packages/airflow/example_dags/example_short_circuit_operator.py
[2024-12-10T08:09:30.907+0000] {logging_mixin.py:190} INFO - [2024-12-10T08:09:30.906+0000] {dag.py:3239} INFO - Sync 1 DAGs
[2024-12-10T08:09:30.923+0000] {logging_mixin.py:190} INFO - [2024-12-10T08:09:30.923+0000] {dag.py:4180} INFO - Setting next_dagrun for example_short_circuit_operator to None, run_after=None
[2024-12-10T08:09:30.953+0000] {processor.py:208} INFO - Processing /home/airflow/.local/lib/python3.12/site-packages/airflow/example_dags/example_short_circuit_operator.py took 0.097 seconds
[2024-12-10T08:10:02.548+0000] {processor.py:186} INFO - Started process (PID=290) to work on /home/airflow/.local/lib/python3.12/site-packages/airflow/example_dags/example_short_circuit_operator.py
[2024-12-10T08:10:02.549+0000] {processor.py:914} INFO - Processing file /home/airflow/.local/lib/python3.12/site-packages/airflow/example_dags/example_short_circuit_operator.py for tasks to queue
[2024-12-10T08:10:02.552+0000] {logging_mixin.py:190} INFO - [2024-12-10T08:10:02.552+0000] {dagbag.py:588} INFO - Filling up the DagBag from /home/airflow/.local/lib/python3.12/site-packages/airflow/example_dags/example_short_circuit_operator.py
[2024-12-10T08:10:02.563+0000] {processor.py:925} INFO - DAG(s) 'example_short_circuit_operator' retrieved from /home/airflow/.local/lib/python3.12/site-packages/airflow/example_dags/example_short_circuit_operator.py
[2024-12-10T08:10:02.590+0000] {logging_mixin.py:190} INFO - [2024-12-10T08:10:02.590+0000] {dag.py:3239} INFO - Sync 1 DAGs
[2024-12-10T08:10:02.609+0000] {logging_mixin.py:190} INFO - [2024-12-10T08:10:02.609+0000] {dag.py:4180} INFO - Setting next_dagrun for example_short_circuit_operator to None, run_after=None
[2024-12-10T08:10:02.632+0000] {processor.py:208} INFO - Processing /home/airflow/.local/lib/python3.12/site-packages/airflow/example_dags/example_short_circuit_operator.py took 0.090 seconds
[2024-12-10T08:10:33.998+0000] {processor.py:186} INFO - Started process (PID=353) to work on /home/airflow/.local/lib/python3.12/site-packages/airflow/example_dags/example_short_circuit_operator.py
[2024-12-10T08:10:33.999+0000] {processor.py:914} INFO - Processing file /home/airflow/.local/lib/python3.12/site-packages/airflow/example_dags/example_short_circuit_operator.py for tasks to queue
[2024-12-10T08:10:34.002+0000] {logging_mixin.py:190} INFO - [2024-12-10T08:10:34.002+0000] {dagbag.py:588} INFO - Filling up the DagBag from /home/airflow/.local/lib/python3.12/site-packages/airflow/example_dags/example_short_circuit_operator.py
[2024-12-10T08:10:34.014+0000] {processor.py:925} INFO - DAG(s) 'example_short_circuit_operator' retrieved from /home/airflow/.local/lib/python3.12/site-packages/airflow/example_dags/example_short_circuit_operator.py
[2024-12-10T08:10:34.042+0000] {logging_mixin.py:190} INFO - [2024-12-10T08:10:34.042+0000] {dag.py:3239} INFO - Sync 1 DAGs
[2024-12-10T08:10:34.061+0000] {logging_mixin.py:190} INFO - [2024-12-10T08:10:34.061+0000] {dag.py:4180} INFO - Setting next_dagrun for example_short_circuit_operator to None, run_after=None
[2024-12-10T08:10:34.085+0000] {processor.py:208} INFO - Processing /home/airflow/.local/lib/python3.12/site-packages/airflow/example_dags/example_short_circuit_operator.py took 0.094 seconds
[2024-12-10T08:11:05.904+0000] {processor.py:186} INFO - Started process (PID=416) to work on /home/airflow/.local/lib/python3.12/site-packages/airflow/example_dags/example_short_circuit_operator.py
[2024-12-10T08:11:05.906+0000] {processor.py:914} INFO - Processing file /home/airflow/.local/lib/python3.12/site-packages/airflow/example_dags/example_short_circuit_operator.py for tasks to queue
[2024-12-10T08:11:05.908+0000] {logging_mixin.py:190} INFO - [2024-12-10T08:11:05.908+0000] {dagbag.py:588} INFO - Filling up the DagBag from /home/airflow/.local/lib/python3.12/site-packages/airflow/example_dags/example_short_circuit_operator.py
[2024-12-10T08:11:05.919+0000] {processor.py:925} INFO - DAG(s) 'example_short_circuit_operator' retrieved from /home/airflow/.local/lib/python3.12/site-packages/airflow/example_dags/example_short_circuit_operator.py
[2024-12-10T08:11:05.947+0000] {logging_mixin.py:190} INFO - [2024-12-10T08:11:05.947+0000] {dag.py:3239} INFO - Sync 1 DAGs
[2024-12-10T08:11:05.964+0000] {logging_mixin.py:190} INFO - [2024-12-10T08:11:05.964+0000] {dag.py:4180} INFO - Setting next_dagrun for example_short_circuit_operator to None, run_after=None
[2024-12-10T08:11:05.987+0000] {processor.py:208} INFO - Processing /home/airflow/.local/lib/python3.12/site-packages/airflow/example_dags/example_short_circuit_operator.py took 0.091 seconds
[2024-12-10T08:11:37.456+0000] {processor.py:186} INFO - Started process (PID=479) to work on /home/airflow/.local/lib/python3.12/site-packages/airflow/example_dags/example_short_circuit_operator.py
[2024-12-10T08:11:37.457+0000] {processor.py:914} INFO - Processing file /home/airflow/.local/lib/python3.12/site-packages/airflow/example_dags/example_short_circuit_operator.py for tasks to queue
[2024-12-10T08:11:37.461+0000] {logging_mixin.py:190} INFO - [2024-12-10T08:11:37.460+0000] {dagbag.py:588} INFO - Filling up the DagBag from /home/airflow/.local/lib/python3.12/site-packages/airflow/example_dags/example_short_circuit_operator.py
[2024-12-10T08:11:37.473+0000] {processor.py:925} INFO - DAG(s) 'example_short_circuit_operator' retrieved from /home/airflow/.local/lib/python3.12/site-packages/airflow/example_dags/example_short_circuit_operator.py
[2024-12-10T08:11:37.508+0000] {logging_mixin.py:190} INFO - [2024-12-10T08:11:37.508+0000] {dag.py:3239} INFO - Sync 1 DAGs
[2024-12-10T08:11:37.527+0000] {logging_mixin.py:190} INFO - [2024-12-10T08:11:37.527+0000] {dag.py:4180} INFO - Setting next_dagrun for example_short_circuit_operator to None, run_after=None
[2024-12-10T08:11:37.554+0000] {processor.py:208} INFO - Processing /home/airflow/.local/lib/python3.12/site-packages/airflow/example_dags/example_short_circuit_operator.py took 0.107 seconds
[2024-12-10T08:12:08.191+0000] {processor.py:186} INFO - Started process (PID=542) to work on /home/airflow/.local/lib/python3.12/site-packages/airflow/example_dags/example_short_circuit_operator.py
[2024-12-10T08:12:08.192+0000] {processor.py:914} INFO - Processing file /home/airflow/.local/lib/python3.12/site-packages/airflow/example_dags/example_short_circuit_operator.py for tasks to queue
[2024-12-10T08:12:08.195+0000] {logging_mixin.py:190} INFO - [2024-12-10T08:12:08.195+0000] {dagbag.py:588} INFO - Filling up the DagBag from /home/airflow/.local/lib/python3.12/site-packages/airflow/example_dags/example_short_circuit_operator.py
[2024-12-10T08:12:08.205+0000] {processor.py:925} INFO - DAG(s) 'example_short_circuit_operator' retrieved from /home/airflow/.local/lib/python3.12/site-packages/airflow/example_dags/example_short_circuit_operator.py
[2024-12-10T08:12:08.231+0000] {logging_mixin.py:190} INFO - [2024-12-10T08:12:08.231+0000] {dag.py:3239} INFO - Sync 1 DAGs
[2024-12-10T08:12:08.247+0000] {logging_mixin.py:190} INFO - [2024-12-10T08:12:08.247+0000] {dag.py:4180} INFO - Setting next_dagrun for example_short_circuit_operator to None, run_after=None
[2024-12-10T08:12:08.268+0000] {processor.py:208} INFO - Processing /home/airflow/.local/lib/python3.12/site-packages/airflow/example_dags/example_short_circuit_operator.py took 0.086 seconds
[2024-12-10T08:12:39.366+0000] {processor.py:186} INFO - Started process (PID=605) to work on /home/airflow/.local/lib/python3.12/site-packages/airflow/example_dags/example_short_circuit_operator.py
[2024-12-10T08:12:39.367+0000] {processor.py:914} INFO - Processing file /home/airflow/.local/lib/python3.12/site-packages/airflow/example_dags/example_short_circuit_operator.py for tasks to queue
[2024-12-10T08:12:39.371+0000] {logging_mixin.py:190} INFO - [2024-12-10T08:12:39.370+0000] {dagbag.py:588} INFO - Filling up the DagBag from /home/airflow/.local/lib/python3.12/site-packages/airflow/example_dags/example_short_circuit_operator.py
[2024-12-10T08:12:39.382+0000] {processor.py:925} INFO - DAG(s) 'example_short_circuit_operator' retrieved from /home/airflow/.local/lib/python3.12/site-packages/airflow/example_dags/example_short_circuit_operator.py
[2024-12-10T08:12:39.408+0000] {logging_mixin.py:190} INFO - [2024-12-10T08:12:39.408+0000] {dag.py:3239} INFO - Sync 1 DAGs
[2024-12-10T08:12:39.427+0000] {logging_mixin.py:190} INFO - [2024-12-10T08:12:39.426+0000] {dag.py:4180} INFO - Setting next_dagrun for example_short_circuit_operator to None, run_after=None
[2024-12-10T08:12:39.448+0000] {processor.py:208} INFO - Processing /home/airflow/.local/lib/python3.12/site-packages/airflow/example_dags/example_short_circuit_operator.py took 0.090 seconds
[2024-12-10T08:13:10.535+0000] {processor.py:186} INFO - Started process (PID=668) to work on /home/airflow/.local/lib/python3.12/site-packages/airflow/example_dags/example_short_circuit_operator.py
[2024-12-10T08:13:10.536+0000] {processor.py:914} INFO - Processing file /home/airflow/.local/lib/python3.12/site-packages/airflow/example_dags/example_short_circuit_operator.py for tasks to queue
[2024-12-10T08:13:10.539+0000] {logging_mixin.py:190} INFO - [2024-12-10T08:13:10.539+0000] {dagbag.py:588} INFO - Filling up the DagBag from /home/airflow/.local/lib/python3.12/site-packages/airflow/example_dags/example_short_circuit_operator.py
[2024-12-10T08:13:10.553+0000] {processor.py:925} INFO - DAG(s) 'example_short_circuit_operator' retrieved from /home/airflow/.local/lib/python3.12/site-packages/airflow/example_dags/example_short_circuit_operator.py
[2024-12-10T08:13:10.583+0000] {logging_mixin.py:190} INFO - [2024-12-10T08:13:10.582+0000] {dag.py:3239} INFO - Sync 1 DAGs
[2024-12-10T08:13:10.607+0000] {logging_mixin.py:190} INFO - [2024-12-10T08:13:10.606+0000] {dag.py:4180} INFO - Setting next_dagrun for example_short_circuit_operator to None, run_after=None
[2024-12-10T08:13:10.629+0000] {processor.py:208} INFO - Processing /home/airflow/.local/lib/python3.12/site-packages/airflow/example_dags/example_short_circuit_operator.py took 0.102 seconds
[2024-12-10T08:13:42.241+0000] {processor.py:186} INFO - Started process (PID=731) to work on /home/airflow/.local/lib/python3.12/site-packages/airflow/example_dags/example_short_circuit_operator.py
[2024-12-10T08:13:42.242+0000] {processor.py:914} INFO - Processing file /home/airflow/.local/lib/python3.12/site-packages/airflow/example_dags/example_short_circuit_operator.py for tasks to queue
[2024-12-10T08:13:42.245+0000] {logging_mixin.py:190} INFO - [2024-12-10T08:13:42.245+0000] {dagbag.py:588} INFO - Filling up the DagBag from /home/airflow/.local/lib/python3.12/site-packages/airflow/example_dags/example_short_circuit_operator.py
[2024-12-10T08:13:42.255+0000] {processor.py:925} INFO - DAG(s) 'example_short_circuit_operator' retrieved from /home/airflow/.local/lib/python3.12/site-packages/airflow/example_dags/example_short_circuit_operator.py
[2024-12-10T08:13:42.286+0000] {logging_mixin.py:190} INFO - [2024-12-10T08:13:42.286+0000] {dag.py:3239} INFO - Sync 1 DAGs
[2024-12-10T08:13:42.308+0000] {logging_mixin.py:190} INFO - [2024-12-10T08:13:42.307+0000] {dag.py:4180} INFO - Setting next_dagrun for example_short_circuit_operator to None, run_after=None
[2024-12-10T08:13:42.336+0000] {processor.py:208} INFO - Processing /home/airflow/.local/lib/python3.12/site-packages/airflow/example_dags/example_short_circuit_operator.py took 0.102 seconds
[2024-12-10T08:14:13.320+0000] {processor.py:186} INFO - Started process (PID=794) to work on /home/airflow/.local/lib/python3.12/site-packages/airflow/example_dags/example_short_circuit_operator.py
[2024-12-10T08:14:13.322+0000] {processor.py:914} INFO - Processing file /home/airflow/.local/lib/python3.12/site-packages/airflow/example_dags/example_short_circuit_operator.py for tasks to queue
[2024-12-10T08:14:13.326+0000] {logging_mixin.py:190} INFO - [2024-12-10T08:14:13.325+0000] {dagbag.py:588} INFO - Filling up the DagBag from /home/airflow/.local/lib/python3.12/site-packages/airflow/example_dags/example_short_circuit_operator.py
[2024-12-10T08:14:13.341+0000] {processor.py:925} INFO - DAG(s) 'example_short_circuit_operator' retrieved from /home/airflow/.local/lib/python3.12/site-packages/airflow/example_dags/example_short_circuit_operator.py
[2024-12-10T08:14:13.393+0000] {logging_mixin.py:190} INFO - [2024-12-10T08:14:13.392+0000] {dag.py:3239} INFO - Sync 1 DAGs
[2024-12-10T08:14:13.460+0000] {logging_mixin.py:190} INFO - [2024-12-10T08:14:13.459+0000] {dag.py:4180} INFO - Setting next_dagrun for example_short_circuit_operator to None, run_after=None
[2024-12-10T08:14:13.572+0000] {processor.py:208} INFO - Processing /home/airflow/.local/lib/python3.12/site-packages/airflow/example_dags/example_short_circuit_operator.py took 0.263 seconds
[2024-12-10T08:15:34.820+0000] {processor.py:186} INFO - Started process (PID=101) to work on /home/airflow/.local/lib/python3.12/site-packages/airflow/example_dags/example_short_circuit_operator.py
[2024-12-10T08:15:34.821+0000] {processor.py:914} INFO - Processing file /home/airflow/.local/lib/python3.12/site-packages/airflow/example_dags/example_short_circuit_operator.py for tasks to queue
[2024-12-10T08:15:34.824+0000] {logging_mixin.py:190} INFO - [2024-12-10T08:15:34.824+0000] {dagbag.py:588} INFO - Filling up the DagBag from /home/airflow/.local/lib/python3.12/site-packages/airflow/example_dags/example_short_circuit_operator.py
[2024-12-10T08:15:34.836+0000] {processor.py:925} INFO - DAG(s) 'example_short_circuit_operator' retrieved from /home/airflow/.local/lib/python3.12/site-packages/airflow/example_dags/example_short_circuit_operator.py
[2024-12-10T08:15:34.865+0000] {logging_mixin.py:190} INFO - [2024-12-10T08:15:34.865+0000] {dag.py:3239} INFO - Sync 1 DAGs
[2024-12-10T08:15:34.883+0000] {logging_mixin.py:190} INFO - [2024-12-10T08:15:34.883+0000] {dag.py:4180} INFO - Setting next_dagrun for example_short_circuit_operator to None, run_after=None
[2024-12-10T08:15:34.906+0000] {processor.py:208} INFO - Processing /home/airflow/.local/lib/python3.12/site-packages/airflow/example_dags/example_short_circuit_operator.py took 0.094 seconds
[2024-12-10T08:16:05.993+0000] {processor.py:186} INFO - Started process (PID=164) to work on /home/airflow/.local/lib/python3.12/site-packages/airflow/example_dags/example_short_circuit_operator.py
[2024-12-10T08:16:05.994+0000] {processor.py:914} INFO - Processing file /home/airflow/.local/lib/python3.12/site-packages/airflow/example_dags/example_short_circuit_operator.py for tasks to queue
[2024-12-10T08:16:05.998+0000] {logging_mixin.py:190} INFO - [2024-12-10T08:16:05.998+0000] {dagbag.py:588} INFO - Filling up the DagBag from /home/airflow/.local/lib/python3.12/site-packages/airflow/example_dags/example_short_circuit_operator.py
[2024-12-10T08:16:06.009+0000] {processor.py:925} INFO - DAG(s) 'example_short_circuit_operator' retrieved from /home/airflow/.local/lib/python3.12/site-packages/airflow/example_dags/example_short_circuit_operator.py
[2024-12-10T08:16:06.043+0000] {logging_mixin.py:190} INFO - [2024-12-10T08:16:06.043+0000] {dag.py:3239} INFO - Sync 1 DAGs
[2024-12-10T08:16:06.062+0000] {logging_mixin.py:190} INFO - [2024-12-10T08:16:06.061+0000] {dag.py:4180} INFO - Setting next_dagrun for example_short_circuit_operator to None, run_after=None
[2024-12-10T08:16:06.084+0000] {processor.py:208} INFO - Processing /home/airflow/.local/lib/python3.12/site-packages/airflow/example_dags/example_short_circuit_operator.py took 0.098 seconds
[2024-12-10T08:16:36.858+0000] {processor.py:186} INFO - Started process (PID=227) to work on /home/airflow/.local/lib/python3.12/site-packages/airflow/example_dags/example_short_circuit_operator.py
[2024-12-10T08:16:36.863+0000] {processor.py:914} INFO - Processing file /home/airflow/.local/lib/python3.12/site-packages/airflow/example_dags/example_short_circuit_operator.py for tasks to queue
[2024-12-10T08:16:36.871+0000] {logging_mixin.py:190} INFO - [2024-12-10T08:16:36.870+0000] {dagbag.py:588} INFO - Filling up the DagBag from /home/airflow/.local/lib/python3.12/site-packages/airflow/example_dags/example_short_circuit_operator.py
[2024-12-10T08:16:36.907+0000] {processor.py:925} INFO - DAG(s) 'example_short_circuit_operator' retrieved from /home/airflow/.local/lib/python3.12/site-packages/airflow/example_dags/example_short_circuit_operator.py
[2024-12-10T08:16:36.941+0000] {logging_mixin.py:190} INFO - [2024-12-10T08:16:36.940+0000] {dag.py:3239} INFO - Sync 1 DAGs
[2024-12-10T08:16:36.964+0000] {logging_mixin.py:190} INFO - [2024-12-10T08:16:36.963+0000] {dag.py:4180} INFO - Setting next_dagrun for example_short_circuit_operator to None, run_after=None
[2024-12-10T08:16:36.990+0000] {processor.py:208} INFO - Processing /home/airflow/.local/lib/python3.12/site-packages/airflow/example_dags/example_short_circuit_operator.py took 0.155 seconds
[2024-12-10T08:17:08.304+0000] {processor.py:186} INFO - Started process (PID=290) to work on /home/airflow/.local/lib/python3.12/site-packages/airflow/example_dags/example_short_circuit_operator.py
[2024-12-10T08:17:08.305+0000] {processor.py:914} INFO - Processing file /home/airflow/.local/lib/python3.12/site-packages/airflow/example_dags/example_short_circuit_operator.py for tasks to queue
[2024-12-10T08:17:08.308+0000] {logging_mixin.py:190} INFO - [2024-12-10T08:17:08.308+0000] {dagbag.py:588} INFO - Filling up the DagBag from /home/airflow/.local/lib/python3.12/site-packages/airflow/example_dags/example_short_circuit_operator.py
[2024-12-10T08:17:08.319+0000] {processor.py:925} INFO - DAG(s) 'example_short_circuit_operator' retrieved from /home/airflow/.local/lib/python3.12/site-packages/airflow/example_dags/example_short_circuit_operator.py
[2024-12-10T08:17:08.350+0000] {logging_mixin.py:190} INFO - [2024-12-10T08:17:08.349+0000] {dag.py:3239} INFO - Sync 1 DAGs
[2024-12-10T08:17:08.373+0000] {logging_mixin.py:190} INFO - [2024-12-10T08:17:08.372+0000] {dag.py:4180} INFO - Setting next_dagrun for example_short_circuit_operator to None, run_after=None
[2024-12-10T08:17:08.407+0000] {processor.py:208} INFO - Processing /home/airflow/.local/lib/python3.12/site-packages/airflow/example_dags/example_short_circuit_operator.py took 0.111 seconds
[2024-12-10T08:17:39.896+0000] {processor.py:186} INFO - Started process (PID=353) to work on /home/airflow/.local/lib/python3.12/site-packages/airflow/example_dags/example_short_circuit_operator.py
[2024-12-10T08:17:39.897+0000] {processor.py:914} INFO - Processing file /home/airflow/.local/lib/python3.12/site-packages/airflow/example_dags/example_short_circuit_operator.py for tasks to queue
[2024-12-10T08:17:39.900+0000] {logging_mixin.py:190} INFO - [2024-12-10T08:17:39.899+0000] {dagbag.py:588} INFO - Filling up the DagBag from /home/airflow/.local/lib/python3.12/site-packages/airflow/example_dags/example_short_circuit_operator.py
[2024-12-10T08:17:39.913+0000] {processor.py:925} INFO - DAG(s) 'example_short_circuit_operator' retrieved from /home/airflow/.local/lib/python3.12/site-packages/airflow/example_dags/example_short_circuit_operator.py
[2024-12-10T08:17:39.938+0000] {logging_mixin.py:190} INFO - [2024-12-10T08:17:39.937+0000] {dag.py:3239} INFO - Sync 1 DAGs
[2024-12-10T08:17:39.953+0000] {logging_mixin.py:190} INFO - [2024-12-10T08:17:39.953+0000] {dag.py:4180} INFO - Setting next_dagrun for example_short_circuit_operator to None, run_after=None
[2024-12-10T08:17:39.973+0000] {processor.py:208} INFO - Processing /home/airflow/.local/lib/python3.12/site-packages/airflow/example_dags/example_short_circuit_operator.py took 0.084 seconds
[2024-12-10T08:18:11.157+0000] {processor.py:186} INFO - Started process (PID=416) to work on /home/airflow/.local/lib/python3.12/site-packages/airflow/example_dags/example_short_circuit_operator.py
[2024-12-10T08:18:11.158+0000] {processor.py:914} INFO - Processing file /home/airflow/.local/lib/python3.12/site-packages/airflow/example_dags/example_short_circuit_operator.py for tasks to queue
[2024-12-10T08:18:11.161+0000] {logging_mixin.py:190} INFO - [2024-12-10T08:18:11.160+0000] {dagbag.py:588} INFO - Filling up the DagBag from /home/airflow/.local/lib/python3.12/site-packages/airflow/example_dags/example_short_circuit_operator.py
[2024-12-10T08:18:11.170+0000] {processor.py:925} INFO - DAG(s) 'example_short_circuit_operator' retrieved from /home/airflow/.local/lib/python3.12/site-packages/airflow/example_dags/example_short_circuit_operator.py
[2024-12-10T08:18:11.198+0000] {logging_mixin.py:190} INFO - [2024-12-10T08:18:11.198+0000] {dag.py:3239} INFO - Sync 1 DAGs
[2024-12-10T08:18:11.215+0000] {logging_mixin.py:190} INFO - [2024-12-10T08:18:11.214+0000] {dag.py:4180} INFO - Setting next_dagrun for example_short_circuit_operator to None, run_after=None
[2024-12-10T08:18:11.237+0000] {processor.py:208} INFO - Processing /home/airflow/.local/lib/python3.12/site-packages/airflow/example_dags/example_short_circuit_operator.py took 0.089 seconds
[2024-12-10T08:18:42.549+0000] {processor.py:186} INFO - Started process (PID=479) to work on /home/airflow/.local/lib/python3.12/site-packages/airflow/example_dags/example_short_circuit_operator.py
[2024-12-10T08:18:42.550+0000] {processor.py:914} INFO - Processing file /home/airflow/.local/lib/python3.12/site-packages/airflow/example_dags/example_short_circuit_operator.py for tasks to queue
[2024-12-10T08:18:42.553+0000] {logging_mixin.py:190} INFO - [2024-12-10T08:18:42.553+0000] {dagbag.py:588} INFO - Filling up the DagBag from /home/airflow/.local/lib/python3.12/site-packages/airflow/example_dags/example_short_circuit_operator.py
[2024-12-10T08:18:42.564+0000] {processor.py:925} INFO - DAG(s) 'example_short_circuit_operator' retrieved from /home/airflow/.local/lib/python3.12/site-packages/airflow/example_dags/example_short_circuit_operator.py
[2024-12-10T08:18:42.591+0000] {logging_mixin.py:190} INFO - [2024-12-10T08:18:42.591+0000] {dag.py:3239} INFO - Sync 1 DAGs
[2024-12-10T08:18:42.608+0000] {logging_mixin.py:190} INFO - [2024-12-10T08:18:42.608+0000] {dag.py:4180} INFO - Setting next_dagrun for example_short_circuit_operator to None, run_after=None
[2024-12-10T08:18:42.627+0000] {processor.py:208} INFO - Processing /home/airflow/.local/lib/python3.12/site-packages/airflow/example_dags/example_short_circuit_operator.py took 0.085 seconds
[2024-12-10T08:19:13.929+0000] {processor.py:186} INFO - Started process (PID=542) to work on /home/airflow/.local/lib/python3.12/site-packages/airflow/example_dags/example_short_circuit_operator.py
[2024-12-10T08:19:13.931+0000] {processor.py:914} INFO - Processing file /home/airflow/.local/lib/python3.12/site-packages/airflow/example_dags/example_short_circuit_operator.py for tasks to queue
[2024-12-10T08:19:13.934+0000] {logging_mixin.py:190} INFO - [2024-12-10T08:19:13.933+0000] {dagbag.py:588} INFO - Filling up the DagBag from /home/airflow/.local/lib/python3.12/site-packages/airflow/example_dags/example_short_circuit_operator.py
[2024-12-10T08:19:13.945+0000] {processor.py:925} INFO - DAG(s) 'example_short_circuit_operator' retrieved from /home/airflow/.local/lib/python3.12/site-packages/airflow/example_dags/example_short_circuit_operator.py
[2024-12-10T08:19:13.974+0000] {logging_mixin.py:190} INFO - [2024-12-10T08:19:13.974+0000] {dag.py:3239} INFO - Sync 1 DAGs
[2024-12-10T08:19:13.997+0000] {logging_mixin.py:190} INFO - [2024-12-10T08:19:13.996+0000] {dag.py:4180} INFO - Setting next_dagrun for example_short_circuit_operator to None, run_after=None
[2024-12-10T08:19:14.021+0000] {processor.py:208} INFO - Processing /home/airflow/.local/lib/python3.12/site-packages/airflow/example_dags/example_short_circuit_operator.py took 0.100 seconds
[2024-12-10T08:19:44.852+0000] {processor.py:186} INFO - Started process (PID=605) to work on /home/airflow/.local/lib/python3.12/site-packages/airflow/example_dags/example_short_circuit_operator.py
[2024-12-10T08:19:44.853+0000] {processor.py:914} INFO - Processing file /home/airflow/.local/lib/python3.12/site-packages/airflow/example_dags/example_short_circuit_operator.py for tasks to queue
[2024-12-10T08:19:44.857+0000] {logging_mixin.py:190} INFO - [2024-12-10T08:19:44.857+0000] {dagbag.py:588} INFO - Filling up the DagBag from /home/airflow/.local/lib/python3.12/site-packages/airflow/example_dags/example_short_circuit_operator.py
[2024-12-10T08:19:44.870+0000] {processor.py:925} INFO - DAG(s) 'example_short_circuit_operator' retrieved from /home/airflow/.local/lib/python3.12/site-packages/airflow/example_dags/example_short_circuit_operator.py
[2024-12-10T08:19:44.903+0000] {logging_mixin.py:190} INFO - [2024-12-10T08:19:44.903+0000] {dag.py:3239} INFO - Sync 1 DAGs
[2024-12-10T08:19:44.923+0000] {logging_mixin.py:190} INFO - [2024-12-10T08:19:44.923+0000] {dag.py:4180} INFO - Setting next_dagrun for example_short_circuit_operator to None, run_after=None
[2024-12-10T08:19:44.947+0000] {processor.py:208} INFO - Processing /home/airflow/.local/lib/python3.12/site-packages/airflow/example_dags/example_short_circuit_operator.py took 0.103 seconds
[2024-12-10T08:20:16.536+0000] {processor.py:186} INFO - Started process (PID=668) to work on /home/airflow/.local/lib/python3.12/site-packages/airflow/example_dags/example_short_circuit_operator.py
[2024-12-10T08:20:16.537+0000] {processor.py:914} INFO - Processing file /home/airflow/.local/lib/python3.12/site-packages/airflow/example_dags/example_short_circuit_operator.py for tasks to queue
[2024-12-10T08:20:16.541+0000] {logging_mixin.py:190} INFO - [2024-12-10T08:20:16.540+0000] {dagbag.py:588} INFO - Filling up the DagBag from /home/airflow/.local/lib/python3.12/site-packages/airflow/example_dags/example_short_circuit_operator.py
[2024-12-10T08:20:16.552+0000] {processor.py:925} INFO - DAG(s) 'example_short_circuit_operator' retrieved from /home/airflow/.local/lib/python3.12/site-packages/airflow/example_dags/example_short_circuit_operator.py
[2024-12-10T08:20:16.581+0000] {logging_mixin.py:190} INFO - [2024-12-10T08:20:16.581+0000] {dag.py:3239} INFO - Sync 1 DAGs
[2024-12-10T08:20:16.600+0000] {logging_mixin.py:190} INFO - [2024-12-10T08:20:16.600+0000] {dag.py:4180} INFO - Setting next_dagrun for example_short_circuit_operator to None, run_after=None
[2024-12-10T08:20:16.622+0000] {processor.py:208} INFO - Processing /home/airflow/.local/lib/python3.12/site-packages/airflow/example_dags/example_short_circuit_operator.py took 0.095 seconds
[2024-12-10T08:20:47.563+0000] {processor.py:186} INFO - Started process (PID=731) to work on /home/airflow/.local/lib/python3.12/site-packages/airflow/example_dags/example_short_circuit_operator.py
[2024-12-10T08:20:47.564+0000] {processor.py:914} INFO - Processing file /home/airflow/.local/lib/python3.12/site-packages/airflow/example_dags/example_short_circuit_operator.py for tasks to queue
[2024-12-10T08:20:47.567+0000] {logging_mixin.py:190} INFO - [2024-12-10T08:20:47.567+0000] {dagbag.py:588} INFO - Filling up the DagBag from /home/airflow/.local/lib/python3.12/site-packages/airflow/example_dags/example_short_circuit_operator.py
[2024-12-10T08:20:47.579+0000] {processor.py:925} INFO - DAG(s) 'example_short_circuit_operator' retrieved from /home/airflow/.local/lib/python3.12/site-packages/airflow/example_dags/example_short_circuit_operator.py
[2024-12-10T08:20:47.610+0000] {logging_mixin.py:190} INFO - [2024-12-10T08:20:47.610+0000] {dag.py:3239} INFO - Sync 1 DAGs
[2024-12-10T08:20:47.629+0000] {logging_mixin.py:190} INFO - [2024-12-10T08:20:47.629+0000] {dag.py:4180} INFO - Setting next_dagrun for example_short_circuit_operator to None, run_after=None
[2024-12-10T08:20:47.660+0000] {processor.py:208} INFO - Processing /home/airflow/.local/lib/python3.12/site-packages/airflow/example_dags/example_short_circuit_operator.py took 0.104 seconds
