[2024-12-10T07:56:04.556+0000] {processor.py:186} INFO - Started process (PID=88) to work on /home/airflow/.local/lib/python3.12/site-packages/airflow/example_dags/example_sensor_decorator.py
[2024-12-10T07:56:04.558+0000] {processor.py:914} INFO - Processing file /home/airflow/.local/lib/python3.12/site-packages/airflow/example_dags/example_sensor_decorator.py for tasks to queue
[2024-12-10T07:56:04.567+0000] {logging_mixin.py:190} INFO - [2024-12-10T07:56:04.566+0000] {dagbag.py:588} INFO - Filling up the DagBag from /home/airflow/.local/lib/python3.12/site-packages/airflow/example_dags/example_sensor_decorator.py
[2024-12-10T07:56:04.577+0000] {processor.py:925} INFO - DAG(s) 'example_sensor_decorator' retrieved from /home/airflow/.local/lib/python3.12/site-packages/airflow/example_dags/example_sensor_decorator.py
[2024-12-10T07:56:04.714+0000] {logging_mixin.py:190} INFO - [2024-12-10T07:56:04.713+0000] {override.py:1911} INFO - Created Permission View: can read on DAG:example_sensor_decorator
[2024-12-10T07:56:04.735+0000] {logging_mixin.py:190} INFO - [2024-12-10T07:56:04.734+0000] {override.py:1911} INFO - Created Permission View: can edit on DAG:example_sensor_decorator
[2024-12-10T07:56:04.747+0000] {logging_mixin.py:190} INFO - [2024-12-10T07:56:04.746+0000] {override.py:1911} INFO - Created Permission View: can delete on DAG:example_sensor_decorator
[2024-12-10T07:56:04.757+0000] {logging_mixin.py:190} INFO - [2024-12-10T07:56:04.757+0000] {override.py:1911} INFO - Created Permission View: can read on DAG Run:example_sensor_decorator
[2024-12-10T07:56:04.766+0000] {logging_mixin.py:190} INFO - [2024-12-10T07:56:04.765+0000] {override.py:1911} INFO - Created Permission View: menu access on DAG Run:example_sensor_decorator
[2024-12-10T07:56:04.774+0000] {logging_mixin.py:190} INFO - [2024-12-10T07:56:04.774+0000] {override.py:1911} INFO - Created Permission View: can delete on DAG Run:example_sensor_decorator
[2024-12-10T07:56:04.783+0000] {logging_mixin.py:190} INFO - [2024-12-10T07:56:04.783+0000] {override.py:1911} INFO - Created Permission View: can create on DAG Run:example_sensor_decorator
[2024-12-10T07:56:04.784+0000] {logging_mixin.py:190} INFO - [2024-12-10T07:56:04.784+0000] {dag.py:3239} INFO - Sync 1 DAGs
[2024-12-10T07:56:04.800+0000] {logging_mixin.py:190} INFO - [2024-12-10T07:56:04.800+0000] {dag.py:3262} INFO - Creating ORM DAG for example_sensor_decorator
[2024-12-10T07:56:04.801+0000] {logging_mixin.py:190} INFO - [2024-12-10T07:56:04.801+0000] {dag.py:4180} INFO - Setting next_dagrun for example_sensor_decorator to None, run_after=None
[2024-12-10T07:56:04.822+0000] {processor.py:208} INFO - Processing /home/airflow/.local/lib/python3.12/site-packages/airflow/example_dags/example_sensor_decorator.py took 0.273 seconds
[2024-12-10T07:56:35.046+0000] {processor.py:186} INFO - Started process (PID=150) to work on /home/airflow/.local/lib/python3.12/site-packages/airflow/example_dags/example_sensor_decorator.py
[2024-12-10T07:56:35.047+0000] {processor.py:914} INFO - Processing file /home/airflow/.local/lib/python3.12/site-packages/airflow/example_dags/example_sensor_decorator.py for tasks to queue
[2024-12-10T07:56:35.050+0000] {logging_mixin.py:190} INFO - [2024-12-10T07:56:35.049+0000] {dagbag.py:588} INFO - Filling up the DagBag from /home/airflow/.local/lib/python3.12/site-packages/airflow/example_dags/example_sensor_decorator.py
[2024-12-10T07:56:35.060+0000] {processor.py:925} INFO - DAG(s) 'example_sensor_decorator' retrieved from /home/airflow/.local/lib/python3.12/site-packages/airflow/example_dags/example_sensor_decorator.py
[2024-12-10T07:56:35.083+0000] {logging_mixin.py:190} INFO - [2024-12-10T07:56:35.083+0000] {dag.py:3239} INFO - Sync 1 DAGs
[2024-12-10T07:56:35.101+0000] {logging_mixin.py:190} INFO - [2024-12-10T07:56:35.101+0000] {dag.py:4180} INFO - Setting next_dagrun for example_sensor_decorator to None, run_after=None
[2024-12-10T07:56:35.130+0000] {processor.py:208} INFO - Processing /home/airflow/.local/lib/python3.12/site-packages/airflow/example_dags/example_sensor_decorator.py took 0.091 seconds
[2024-12-10T07:57:05.463+0000] {processor.py:186} INFO - Started process (PID=213) to work on /home/airflow/.local/lib/python3.12/site-packages/airflow/example_dags/example_sensor_decorator.py
[2024-12-10T07:57:05.464+0000] {processor.py:914} INFO - Processing file /home/airflow/.local/lib/python3.12/site-packages/airflow/example_dags/example_sensor_decorator.py for tasks to queue
[2024-12-10T07:57:05.467+0000] {logging_mixin.py:190} INFO - [2024-12-10T07:57:05.467+0000] {dagbag.py:588} INFO - Filling up the DagBag from /home/airflow/.local/lib/python3.12/site-packages/airflow/example_dags/example_sensor_decorator.py
[2024-12-10T07:57:05.477+0000] {processor.py:925} INFO - DAG(s) 'example_sensor_decorator' retrieved from /home/airflow/.local/lib/python3.12/site-packages/airflow/example_dags/example_sensor_decorator.py
[2024-12-10T07:57:05.499+0000] {logging_mixin.py:190} INFO - [2024-12-10T07:57:05.499+0000] {dag.py:3239} INFO - Sync 1 DAGs
[2024-12-10T07:57:05.521+0000] {logging_mixin.py:190} INFO - [2024-12-10T07:57:05.521+0000] {dag.py:4180} INFO - Setting next_dagrun for example_sensor_decorator to None, run_after=None
[2024-12-10T07:57:05.545+0000] {processor.py:208} INFO - Processing /home/airflow/.local/lib/python3.12/site-packages/airflow/example_dags/example_sensor_decorator.py took 0.089 seconds
[2024-12-10T07:57:35.829+0000] {processor.py:186} INFO - Started process (PID=276) to work on /home/airflow/.local/lib/python3.12/site-packages/airflow/example_dags/example_sensor_decorator.py
[2024-12-10T07:57:35.831+0000] {processor.py:914} INFO - Processing file /home/airflow/.local/lib/python3.12/site-packages/airflow/example_dags/example_sensor_decorator.py for tasks to queue
[2024-12-10T07:57:35.834+0000] {logging_mixin.py:190} INFO - [2024-12-10T07:57:35.833+0000] {dagbag.py:588} INFO - Filling up the DagBag from /home/airflow/.local/lib/python3.12/site-packages/airflow/example_dags/example_sensor_decorator.py
[2024-12-10T07:57:35.846+0000] {processor.py:925} INFO - DAG(s) 'example_sensor_decorator' retrieved from /home/airflow/.local/lib/python3.12/site-packages/airflow/example_dags/example_sensor_decorator.py
[2024-12-10T07:57:35.876+0000] {logging_mixin.py:190} INFO - [2024-12-10T07:57:35.876+0000] {dag.py:3239} INFO - Sync 1 DAGs
[2024-12-10T07:57:35.903+0000] {logging_mixin.py:190} INFO - [2024-12-10T07:57:35.903+0000] {dag.py:4180} INFO - Setting next_dagrun for example_sensor_decorator to None, run_after=None
[2024-12-10T07:57:35.931+0000] {processor.py:208} INFO - Processing /home/airflow/.local/lib/python3.12/site-packages/airflow/example_dags/example_sensor_decorator.py took 0.109 seconds
[2024-12-10T07:58:06.803+0000] {processor.py:186} INFO - Started process (PID=339) to work on /home/airflow/.local/lib/python3.12/site-packages/airflow/example_dags/example_sensor_decorator.py
[2024-12-10T07:58:06.804+0000] {processor.py:914} INFO - Processing file /home/airflow/.local/lib/python3.12/site-packages/airflow/example_dags/example_sensor_decorator.py for tasks to queue
[2024-12-10T07:58:06.807+0000] {logging_mixin.py:190} INFO - [2024-12-10T07:58:06.806+0000] {dagbag.py:588} INFO - Filling up the DagBag from /home/airflow/.local/lib/python3.12/site-packages/airflow/example_dags/example_sensor_decorator.py
[2024-12-10T07:58:06.818+0000] {processor.py:925} INFO - DAG(s) 'example_sensor_decorator' retrieved from /home/airflow/.local/lib/python3.12/site-packages/airflow/example_dags/example_sensor_decorator.py
[2024-12-10T07:58:06.839+0000] {logging_mixin.py:190} INFO - [2024-12-10T07:58:06.839+0000] {dag.py:3239} INFO - Sync 1 DAGs
[2024-12-10T07:58:06.856+0000] {logging_mixin.py:190} INFO - [2024-12-10T07:58:06.856+0000] {dag.py:4180} INFO - Setting next_dagrun for example_sensor_decorator to None, run_after=None
[2024-12-10T07:58:06.880+0000] {processor.py:208} INFO - Processing /home/airflow/.local/lib/python3.12/site-packages/airflow/example_dags/example_sensor_decorator.py took 0.083 seconds
[2024-12-10T07:58:37.729+0000] {processor.py:186} INFO - Started process (PID=402) to work on /home/airflow/.local/lib/python3.12/site-packages/airflow/example_dags/example_sensor_decorator.py
[2024-12-10T07:58:37.730+0000] {processor.py:914} INFO - Processing file /home/airflow/.local/lib/python3.12/site-packages/airflow/example_dags/example_sensor_decorator.py for tasks to queue
[2024-12-10T07:58:37.733+0000] {logging_mixin.py:190} INFO - [2024-12-10T07:58:37.733+0000] {dagbag.py:588} INFO - Filling up the DagBag from /home/airflow/.local/lib/python3.12/site-packages/airflow/example_dags/example_sensor_decorator.py
[2024-12-10T07:58:37.742+0000] {processor.py:925} INFO - DAG(s) 'example_sensor_decorator' retrieved from /home/airflow/.local/lib/python3.12/site-packages/airflow/example_dags/example_sensor_decorator.py
[2024-12-10T07:58:37.765+0000] {logging_mixin.py:190} INFO - [2024-12-10T07:58:37.765+0000] {dag.py:3239} INFO - Sync 1 DAGs
[2024-12-10T07:58:37.789+0000] {logging_mixin.py:190} INFO - [2024-12-10T07:58:37.789+0000] {dag.py:4180} INFO - Setting next_dagrun for example_sensor_decorator to None, run_after=None
[2024-12-10T07:58:37.817+0000] {processor.py:208} INFO - Processing /home/airflow/.local/lib/python3.12/site-packages/airflow/example_dags/example_sensor_decorator.py took 0.095 seconds
[2024-12-10T07:59:08.074+0000] {processor.py:186} INFO - Started process (PID=465) to work on /home/airflow/.local/lib/python3.12/site-packages/airflow/example_dags/example_sensor_decorator.py
[2024-12-10T07:59:08.076+0000] {processor.py:914} INFO - Processing file /home/airflow/.local/lib/python3.12/site-packages/airflow/example_dags/example_sensor_decorator.py for tasks to queue
[2024-12-10T07:59:08.078+0000] {logging_mixin.py:190} INFO - [2024-12-10T07:59:08.078+0000] {dagbag.py:588} INFO - Filling up the DagBag from /home/airflow/.local/lib/python3.12/site-packages/airflow/example_dags/example_sensor_decorator.py
[2024-12-10T07:59:08.090+0000] {processor.py:925} INFO - DAG(s) 'example_sensor_decorator' retrieved from /home/airflow/.local/lib/python3.12/site-packages/airflow/example_dags/example_sensor_decorator.py
[2024-12-10T07:59:08.115+0000] {logging_mixin.py:190} INFO - [2024-12-10T07:59:08.114+0000] {dag.py:3239} INFO - Sync 1 DAGs
[2024-12-10T07:59:08.138+0000] {logging_mixin.py:190} INFO - [2024-12-10T07:59:08.137+0000] {dag.py:4180} INFO - Setting next_dagrun for example_sensor_decorator to None, run_after=None
[2024-12-10T07:59:08.162+0000] {processor.py:208} INFO - Processing /home/airflow/.local/lib/python3.12/site-packages/airflow/example_dags/example_sensor_decorator.py took 0.094 seconds
[2024-12-10T07:59:38.517+0000] {processor.py:186} INFO - Started process (PID=528) to work on /home/airflow/.local/lib/python3.12/site-packages/airflow/example_dags/example_sensor_decorator.py
[2024-12-10T07:59:38.518+0000] {processor.py:914} INFO - Processing file /home/airflow/.local/lib/python3.12/site-packages/airflow/example_dags/example_sensor_decorator.py for tasks to queue
[2024-12-10T07:59:38.521+0000] {logging_mixin.py:190} INFO - [2024-12-10T07:59:38.521+0000] {dagbag.py:588} INFO - Filling up the DagBag from /home/airflow/.local/lib/python3.12/site-packages/airflow/example_dags/example_sensor_decorator.py
[2024-12-10T07:59:38.532+0000] {processor.py:925} INFO - DAG(s) 'example_sensor_decorator' retrieved from /home/airflow/.local/lib/python3.12/site-packages/airflow/example_dags/example_sensor_decorator.py
[2024-12-10T07:59:38.557+0000] {logging_mixin.py:190} INFO - [2024-12-10T07:59:38.557+0000] {dag.py:3239} INFO - Sync 1 DAGs
[2024-12-10T07:59:38.581+0000] {logging_mixin.py:190} INFO - [2024-12-10T07:59:38.581+0000] {dag.py:4180} INFO - Setting next_dagrun for example_sensor_decorator to None, run_after=None
[2024-12-10T07:59:38.607+0000] {processor.py:208} INFO - Processing /home/airflow/.local/lib/python3.12/site-packages/airflow/example_dags/example_sensor_decorator.py took 0.098 seconds
[2024-12-10T08:00:08.714+0000] {processor.py:186} INFO - Started process (PID=591) to work on /home/airflow/.local/lib/python3.12/site-packages/airflow/example_dags/example_sensor_decorator.py
[2024-12-10T08:00:08.716+0000] {processor.py:914} INFO - Processing file /home/airflow/.local/lib/python3.12/site-packages/airflow/example_dags/example_sensor_decorator.py for tasks to queue
[2024-12-10T08:00:08.719+0000] {logging_mixin.py:190} INFO - [2024-12-10T08:00:08.719+0000] {dagbag.py:588} INFO - Filling up the DagBag from /home/airflow/.local/lib/python3.12/site-packages/airflow/example_dags/example_sensor_decorator.py
[2024-12-10T08:00:08.730+0000] {processor.py:925} INFO - DAG(s) 'example_sensor_decorator' retrieved from /home/airflow/.local/lib/python3.12/site-packages/airflow/example_dags/example_sensor_decorator.py
[2024-12-10T08:00:08.757+0000] {logging_mixin.py:190} INFO - [2024-12-10T08:00:08.756+0000] {dag.py:3239} INFO - Sync 1 DAGs
[2024-12-10T08:00:08.773+0000] {logging_mixin.py:190} INFO - [2024-12-10T08:00:08.773+0000] {dag.py:4180} INFO - Setting next_dagrun for example_sensor_decorator to None, run_after=None
[2024-12-10T08:00:08.799+0000] {processor.py:208} INFO - Processing /home/airflow/.local/lib/python3.12/site-packages/airflow/example_dags/example_sensor_decorator.py took 0.090 seconds
[2024-12-10T08:00:39.399+0000] {processor.py:186} INFO - Started process (PID=654) to work on /home/airflow/.local/lib/python3.12/site-packages/airflow/example_dags/example_sensor_decorator.py
[2024-12-10T08:00:39.400+0000] {processor.py:914} INFO - Processing file /home/airflow/.local/lib/python3.12/site-packages/airflow/example_dags/example_sensor_decorator.py for tasks to queue
[2024-12-10T08:00:39.402+0000] {logging_mixin.py:190} INFO - [2024-12-10T08:00:39.402+0000] {dagbag.py:588} INFO - Filling up the DagBag from /home/airflow/.local/lib/python3.12/site-packages/airflow/example_dags/example_sensor_decorator.py
[2024-12-10T08:00:39.409+0000] {processor.py:925} INFO - DAG(s) 'example_sensor_decorator' retrieved from /home/airflow/.local/lib/python3.12/site-packages/airflow/example_dags/example_sensor_decorator.py
[2024-12-10T08:00:39.428+0000] {logging_mixin.py:190} INFO - [2024-12-10T08:00:39.427+0000] {dag.py:3239} INFO - Sync 1 DAGs
[2024-12-10T08:00:39.441+0000] {logging_mixin.py:190} INFO - [2024-12-10T08:00:39.440+0000] {dag.py:4180} INFO - Setting next_dagrun for example_sensor_decorator to None, run_after=None
[2024-12-10T08:00:39.462+0000] {processor.py:208} INFO - Processing /home/airflow/.local/lib/python3.12/site-packages/airflow/example_dags/example_sensor_decorator.py took 0.069 seconds
[2024-12-10T08:01:10.062+0000] {processor.py:186} INFO - Started process (PID=717) to work on /home/airflow/.local/lib/python3.12/site-packages/airflow/example_dags/example_sensor_decorator.py
[2024-12-10T08:01:10.064+0000] {processor.py:914} INFO - Processing file /home/airflow/.local/lib/python3.12/site-packages/airflow/example_dags/example_sensor_decorator.py for tasks to queue
[2024-12-10T08:01:10.069+0000] {logging_mixin.py:190} INFO - [2024-12-10T08:01:10.068+0000] {dagbag.py:588} INFO - Filling up the DagBag from /home/airflow/.local/lib/python3.12/site-packages/airflow/example_dags/example_sensor_decorator.py
[2024-12-10T08:01:10.083+0000] {processor.py:925} INFO - DAG(s) 'example_sensor_decorator' retrieved from /home/airflow/.local/lib/python3.12/site-packages/airflow/example_dags/example_sensor_decorator.py
[2024-12-10T08:01:10.107+0000] {logging_mixin.py:190} INFO - [2024-12-10T08:01:10.107+0000] {dag.py:3239} INFO - Sync 1 DAGs
[2024-12-10T08:01:10.127+0000] {logging_mixin.py:190} INFO - [2024-12-10T08:01:10.126+0000] {dag.py:4180} INFO - Setting next_dagrun for example_sensor_decorator to None, run_after=None
[2024-12-10T08:01:10.156+0000] {processor.py:208} INFO - Processing /home/airflow/.local/lib/python3.12/site-packages/airflow/example_dags/example_sensor_decorator.py took 0.103 seconds
[2024-12-10T08:01:40.235+0000] {processor.py:186} INFO - Started process (PID=780) to work on /home/airflow/.local/lib/python3.12/site-packages/airflow/example_dags/example_sensor_decorator.py
[2024-12-10T08:01:40.236+0000] {processor.py:914} INFO - Processing file /home/airflow/.local/lib/python3.12/site-packages/airflow/example_dags/example_sensor_decorator.py for tasks to queue
[2024-12-10T08:01:40.239+0000] {logging_mixin.py:190} INFO - [2024-12-10T08:01:40.239+0000] {dagbag.py:588} INFO - Filling up the DagBag from /home/airflow/.local/lib/python3.12/site-packages/airflow/example_dags/example_sensor_decorator.py
[2024-12-10T08:01:40.248+0000] {processor.py:925} INFO - DAG(s) 'example_sensor_decorator' retrieved from /home/airflow/.local/lib/python3.12/site-packages/airflow/example_dags/example_sensor_decorator.py
[2024-12-10T08:01:40.269+0000] {logging_mixin.py:190} INFO - [2024-12-10T08:01:40.269+0000] {dag.py:3239} INFO - Sync 1 DAGs
[2024-12-10T08:01:40.291+0000] {logging_mixin.py:190} INFO - [2024-12-10T08:01:40.290+0000] {dag.py:4180} INFO - Setting next_dagrun for example_sensor_decorator to None, run_after=None
[2024-12-10T08:01:40.311+0000] {processor.py:208} INFO - Processing /home/airflow/.local/lib/python3.12/site-packages/airflow/example_dags/example_sensor_decorator.py took 0.083 seconds
[2024-12-10T08:02:10.671+0000] {processor.py:186} INFO - Started process (PID=843) to work on /home/airflow/.local/lib/python3.12/site-packages/airflow/example_dags/example_sensor_decorator.py
[2024-12-10T08:02:10.672+0000] {processor.py:914} INFO - Processing file /home/airflow/.local/lib/python3.12/site-packages/airflow/example_dags/example_sensor_decorator.py for tasks to queue
[2024-12-10T08:02:10.675+0000] {logging_mixin.py:190} INFO - [2024-12-10T08:02:10.674+0000] {dagbag.py:588} INFO - Filling up the DagBag from /home/airflow/.local/lib/python3.12/site-packages/airflow/example_dags/example_sensor_decorator.py
[2024-12-10T08:02:10.683+0000] {processor.py:925} INFO - DAG(s) 'example_sensor_decorator' retrieved from /home/airflow/.local/lib/python3.12/site-packages/airflow/example_dags/example_sensor_decorator.py
[2024-12-10T08:02:10.704+0000] {logging_mixin.py:190} INFO - [2024-12-10T08:02:10.703+0000] {dag.py:3239} INFO - Sync 1 DAGs
[2024-12-10T08:02:10.719+0000] {logging_mixin.py:190} INFO - [2024-12-10T08:02:10.719+0000] {dag.py:4180} INFO - Setting next_dagrun for example_sensor_decorator to None, run_after=None
[2024-12-10T08:02:10.739+0000] {processor.py:208} INFO - Processing /home/airflow/.local/lib/python3.12/site-packages/airflow/example_dags/example_sensor_decorator.py took 0.074 seconds
[2024-12-10T08:02:40.918+0000] {processor.py:186} INFO - Started process (PID=906) to work on /home/airflow/.local/lib/python3.12/site-packages/airflow/example_dags/example_sensor_decorator.py
[2024-12-10T08:02:40.919+0000] {processor.py:914} INFO - Processing file /home/airflow/.local/lib/python3.12/site-packages/airflow/example_dags/example_sensor_decorator.py for tasks to queue
[2024-12-10T08:02:40.921+0000] {logging_mixin.py:190} INFO - [2024-12-10T08:02:40.921+0000] {dagbag.py:588} INFO - Filling up the DagBag from /home/airflow/.local/lib/python3.12/site-packages/airflow/example_dags/example_sensor_decorator.py
[2024-12-10T08:02:40.930+0000] {processor.py:925} INFO - DAG(s) 'example_sensor_decorator' retrieved from /home/airflow/.local/lib/python3.12/site-packages/airflow/example_dags/example_sensor_decorator.py
[2024-12-10T08:02:40.951+0000] {logging_mixin.py:190} INFO - [2024-12-10T08:02:40.951+0000] {dag.py:3239} INFO - Sync 1 DAGs
[2024-12-10T08:02:40.966+0000] {logging_mixin.py:190} INFO - [2024-12-10T08:02:40.966+0000] {dag.py:4180} INFO - Setting next_dagrun for example_sensor_decorator to None, run_after=None
[2024-12-10T08:02:40.984+0000] {processor.py:208} INFO - Processing /home/airflow/.local/lib/python3.12/site-packages/airflow/example_dags/example_sensor_decorator.py took 0.073 seconds
[2024-12-10T08:03:11.234+0000] {processor.py:186} INFO - Started process (PID=969) to work on /home/airflow/.local/lib/python3.12/site-packages/airflow/example_dags/example_sensor_decorator.py
[2024-12-10T08:03:11.235+0000] {processor.py:914} INFO - Processing file /home/airflow/.local/lib/python3.12/site-packages/airflow/example_dags/example_sensor_decorator.py for tasks to queue
[2024-12-10T08:03:11.238+0000] {logging_mixin.py:190} INFO - [2024-12-10T08:03:11.237+0000] {dagbag.py:588} INFO - Filling up the DagBag from /home/airflow/.local/lib/python3.12/site-packages/airflow/example_dags/example_sensor_decorator.py
[2024-12-10T08:03:11.246+0000] {processor.py:925} INFO - DAG(s) 'example_sensor_decorator' retrieved from /home/airflow/.local/lib/python3.12/site-packages/airflow/example_dags/example_sensor_decorator.py
[2024-12-10T08:03:11.264+0000] {logging_mixin.py:190} INFO - [2024-12-10T08:03:11.264+0000] {dag.py:3239} INFO - Sync 1 DAGs
[2024-12-10T08:03:11.278+0000] {logging_mixin.py:190} INFO - [2024-12-10T08:03:11.278+0000] {dag.py:4180} INFO - Setting next_dagrun for example_sensor_decorator to None, run_after=None
[2024-12-10T08:03:11.296+0000] {processor.py:208} INFO - Processing /home/airflow/.local/lib/python3.12/site-packages/airflow/example_dags/example_sensor_decorator.py took 0.069 seconds
[2024-12-10T08:03:41.563+0000] {processor.py:186} INFO - Started process (PID=1032) to work on /home/airflow/.local/lib/python3.12/site-packages/airflow/example_dags/example_sensor_decorator.py
[2024-12-10T08:03:41.565+0000] {processor.py:914} INFO - Processing file /home/airflow/.local/lib/python3.12/site-packages/airflow/example_dags/example_sensor_decorator.py for tasks to queue
[2024-12-10T08:03:41.568+0000] {logging_mixin.py:190} INFO - [2024-12-10T08:03:41.568+0000] {dagbag.py:588} INFO - Filling up the DagBag from /home/airflow/.local/lib/python3.12/site-packages/airflow/example_dags/example_sensor_decorator.py
[2024-12-10T08:03:41.577+0000] {processor.py:925} INFO - DAG(s) 'example_sensor_decorator' retrieved from /home/airflow/.local/lib/python3.12/site-packages/airflow/example_dags/example_sensor_decorator.py
[2024-12-10T08:03:41.603+0000] {logging_mixin.py:190} INFO - [2024-12-10T08:03:41.602+0000] {dag.py:3239} INFO - Sync 1 DAGs
[2024-12-10T08:03:41.619+0000] {logging_mixin.py:190} INFO - [2024-12-10T08:03:41.619+0000] {dag.py:4180} INFO - Setting next_dagrun for example_sensor_decorator to None, run_after=None
[2024-12-10T08:03:41.640+0000] {processor.py:208} INFO - Processing /home/airflow/.local/lib/python3.12/site-packages/airflow/example_dags/example_sensor_decorator.py took 0.083 seconds
[2024-12-10T08:04:11.921+0000] {processor.py:186} INFO - Started process (PID=1095) to work on /home/airflow/.local/lib/python3.12/site-packages/airflow/example_dags/example_sensor_decorator.py
[2024-12-10T08:04:11.922+0000] {processor.py:914} INFO - Processing file /home/airflow/.local/lib/python3.12/site-packages/airflow/example_dags/example_sensor_decorator.py for tasks to queue
[2024-12-10T08:04:11.925+0000] {logging_mixin.py:190} INFO - [2024-12-10T08:04:11.925+0000] {dagbag.py:588} INFO - Filling up the DagBag from /home/airflow/.local/lib/python3.12/site-packages/airflow/example_dags/example_sensor_decorator.py
[2024-12-10T08:04:11.936+0000] {processor.py:925} INFO - DAG(s) 'example_sensor_decorator' retrieved from /home/airflow/.local/lib/python3.12/site-packages/airflow/example_dags/example_sensor_decorator.py
[2024-12-10T08:04:11.964+0000] {logging_mixin.py:190} INFO - [2024-12-10T08:04:11.963+0000] {dag.py:3239} INFO - Sync 1 DAGs
[2024-12-10T08:04:11.984+0000] {logging_mixin.py:190} INFO - [2024-12-10T08:04:11.984+0000] {dag.py:4180} INFO - Setting next_dagrun for example_sensor_decorator to None, run_after=None
[2024-12-10T08:04:12.008+0000] {processor.py:208} INFO - Processing /home/airflow/.local/lib/python3.12/site-packages/airflow/example_dags/example_sensor_decorator.py took 0.095 seconds
[2024-12-10T08:04:43.015+0000] {processor.py:186} INFO - Started process (PID=1158) to work on /home/airflow/.local/lib/python3.12/site-packages/airflow/example_dags/example_sensor_decorator.py
[2024-12-10T08:04:43.016+0000] {processor.py:914} INFO - Processing file /home/airflow/.local/lib/python3.12/site-packages/airflow/example_dags/example_sensor_decorator.py for tasks to queue
[2024-12-10T08:04:43.019+0000] {logging_mixin.py:190} INFO - [2024-12-10T08:04:43.019+0000] {dagbag.py:588} INFO - Filling up the DagBag from /home/airflow/.local/lib/python3.12/site-packages/airflow/example_dags/example_sensor_decorator.py
[2024-12-10T08:04:43.032+0000] {processor.py:925} INFO - DAG(s) 'example_sensor_decorator' retrieved from /home/airflow/.local/lib/python3.12/site-packages/airflow/example_dags/example_sensor_decorator.py
[2024-12-10T08:04:43.061+0000] {logging_mixin.py:190} INFO - [2024-12-10T08:04:43.061+0000] {dag.py:3239} INFO - Sync 1 DAGs
[2024-12-10T08:04:43.082+0000] {logging_mixin.py:190} INFO - [2024-12-10T08:04:43.082+0000] {dag.py:4180} INFO - Setting next_dagrun for example_sensor_decorator to None, run_after=None
[2024-12-10T08:04:43.107+0000] {processor.py:208} INFO - Processing /home/airflow/.local/lib/python3.12/site-packages/airflow/example_dags/example_sensor_decorator.py took 0.104 seconds
[2024-12-10T08:05:13.198+0000] {processor.py:186} INFO - Started process (PID=1221) to work on /home/airflow/.local/lib/python3.12/site-packages/airflow/example_dags/example_sensor_decorator.py
[2024-12-10T08:05:13.199+0000] {processor.py:914} INFO - Processing file /home/airflow/.local/lib/python3.12/site-packages/airflow/example_dags/example_sensor_decorator.py for tasks to queue
[2024-12-10T08:05:13.202+0000] {logging_mixin.py:190} INFO - [2024-12-10T08:05:13.201+0000] {dagbag.py:588} INFO - Filling up the DagBag from /home/airflow/.local/lib/python3.12/site-packages/airflow/example_dags/example_sensor_decorator.py
[2024-12-10T08:05:13.210+0000] {processor.py:925} INFO - DAG(s) 'example_sensor_decorator' retrieved from /home/airflow/.local/lib/python3.12/site-packages/airflow/example_dags/example_sensor_decorator.py
[2024-12-10T08:05:13.229+0000] {logging_mixin.py:190} INFO - [2024-12-10T08:05:13.229+0000] {dag.py:3239} INFO - Sync 1 DAGs
[2024-12-10T08:05:13.247+0000] {logging_mixin.py:190} INFO - [2024-12-10T08:05:13.246+0000] {dag.py:4180} INFO - Setting next_dagrun for example_sensor_decorator to None, run_after=None
[2024-12-10T08:05:13.265+0000] {processor.py:208} INFO - Processing /home/airflow/.local/lib/python3.12/site-packages/airflow/example_dags/example_sensor_decorator.py took 0.073 seconds
[2024-12-10T08:05:44.133+0000] {processor.py:186} INFO - Started process (PID=1284) to work on /home/airflow/.local/lib/python3.12/site-packages/airflow/example_dags/example_sensor_decorator.py
[2024-12-10T08:05:44.135+0000] {processor.py:914} INFO - Processing file /home/airflow/.local/lib/python3.12/site-packages/airflow/example_dags/example_sensor_decorator.py for tasks to queue
[2024-12-10T08:05:44.137+0000] {logging_mixin.py:190} INFO - [2024-12-10T08:05:44.137+0000] {dagbag.py:588} INFO - Filling up the DagBag from /home/airflow/.local/lib/python3.12/site-packages/airflow/example_dags/example_sensor_decorator.py
[2024-12-10T08:05:44.145+0000] {processor.py:925} INFO - DAG(s) 'example_sensor_decorator' retrieved from /home/airflow/.local/lib/python3.12/site-packages/airflow/example_dags/example_sensor_decorator.py
[2024-12-10T08:05:44.165+0000] {logging_mixin.py:190} INFO - [2024-12-10T08:05:44.165+0000] {dag.py:3239} INFO - Sync 1 DAGs
[2024-12-10T08:05:44.186+0000] {logging_mixin.py:190} INFO - [2024-12-10T08:05:44.185+0000] {dag.py:4180} INFO - Setting next_dagrun for example_sensor_decorator to None, run_after=None
[2024-12-10T08:05:44.210+0000] {processor.py:208} INFO - Processing /home/airflow/.local/lib/python3.12/site-packages/airflow/example_dags/example_sensor_decorator.py took 0.083 seconds
[2024-12-10T08:06:14.330+0000] {processor.py:186} INFO - Started process (PID=1347) to work on /home/airflow/.local/lib/python3.12/site-packages/airflow/example_dags/example_sensor_decorator.py
[2024-12-10T08:06:14.331+0000] {processor.py:914} INFO - Processing file /home/airflow/.local/lib/python3.12/site-packages/airflow/example_dags/example_sensor_decorator.py for tasks to queue
[2024-12-10T08:06:14.334+0000] {logging_mixin.py:190} INFO - [2024-12-10T08:06:14.334+0000] {dagbag.py:588} INFO - Filling up the DagBag from /home/airflow/.local/lib/python3.12/site-packages/airflow/example_dags/example_sensor_decorator.py
[2024-12-10T08:06:14.343+0000] {processor.py:925} INFO - DAG(s) 'example_sensor_decorator' retrieved from /home/airflow/.local/lib/python3.12/site-packages/airflow/example_dags/example_sensor_decorator.py
[2024-12-10T08:06:14.363+0000] {logging_mixin.py:190} INFO - [2024-12-10T08:06:14.363+0000] {dag.py:3239} INFO - Sync 1 DAGs
[2024-12-10T08:06:14.379+0000] {logging_mixin.py:190} INFO - [2024-12-10T08:06:14.379+0000] {dag.py:4180} INFO - Setting next_dagrun for example_sensor_decorator to None, run_after=None
[2024-12-10T08:06:14.400+0000] {processor.py:208} INFO - Processing /home/airflow/.local/lib/python3.12/site-packages/airflow/example_dags/example_sensor_decorator.py took 0.076 seconds
[2024-12-10T08:08:26.798+0000] {processor.py:186} INFO - Started process (PID=88) to work on /home/airflow/.local/lib/python3.12/site-packages/airflow/example_dags/example_sensor_decorator.py
[2024-12-10T08:08:26.801+0000] {processor.py:914} INFO - Processing file /home/airflow/.local/lib/python3.12/site-packages/airflow/example_dags/example_sensor_decorator.py for tasks to queue
[2024-12-10T08:08:26.806+0000] {logging_mixin.py:190} INFO - [2024-12-10T08:08:26.806+0000] {dagbag.py:588} INFO - Filling up the DagBag from /home/airflow/.local/lib/python3.12/site-packages/airflow/example_dags/example_sensor_decorator.py
[2024-12-10T08:08:27.099+0000] {processor.py:925} INFO - DAG(s) 'example_sensor_decorator' retrieved from /home/airflow/.local/lib/python3.12/site-packages/airflow/example_dags/example_sensor_decorator.py
[2024-12-10T08:08:27.127+0000] {logging_mixin.py:190} INFO - [2024-12-10T08:08:27.126+0000] {dag.py:3239} INFO - Sync 1 DAGs
[2024-12-10T08:08:27.146+0000] {logging_mixin.py:190} INFO - [2024-12-10T08:08:27.145+0000] {dag.py:4180} INFO - Setting next_dagrun for example_sensor_decorator to None, run_after=None
[2024-12-10T08:08:27.177+0000] {processor.py:208} INFO - Processing /home/airflow/.local/lib/python3.12/site-packages/airflow/example_dags/example_sensor_decorator.py took 0.390 seconds
[2024-12-10T08:08:57.962+0000] {processor.py:186} INFO - Started process (PID=150) to work on /home/airflow/.local/lib/python3.12/site-packages/airflow/example_dags/example_sensor_decorator.py
[2024-12-10T08:08:57.965+0000] {processor.py:914} INFO - Processing file /home/airflow/.local/lib/python3.12/site-packages/airflow/example_dags/example_sensor_decorator.py for tasks to queue
[2024-12-10T08:08:57.970+0000] {logging_mixin.py:190} INFO - [2024-12-10T08:08:57.970+0000] {dagbag.py:588} INFO - Filling up the DagBag from /home/airflow/.local/lib/python3.12/site-packages/airflow/example_dags/example_sensor_decorator.py
[2024-12-10T08:08:57.988+0000] {processor.py:925} INFO - DAG(s) 'example_sensor_decorator' retrieved from /home/airflow/.local/lib/python3.12/site-packages/airflow/example_dags/example_sensor_decorator.py
[2024-12-10T08:08:58.023+0000] {logging_mixin.py:190} INFO - [2024-12-10T08:08:58.023+0000] {dag.py:3239} INFO - Sync 1 DAGs
[2024-12-10T08:08:58.053+0000] {logging_mixin.py:190} INFO - [2024-12-10T08:08:58.053+0000] {dag.py:4180} INFO - Setting next_dagrun for example_sensor_decorator to None, run_after=None
[2024-12-10T08:08:58.102+0000] {processor.py:208} INFO - Processing /home/airflow/.local/lib/python3.12/site-packages/airflow/example_dags/example_sensor_decorator.py took 0.153 seconds
[2024-12-10T08:09:28.645+0000] {processor.py:186} INFO - Started process (PID=213) to work on /home/airflow/.local/lib/python3.12/site-packages/airflow/example_dags/example_sensor_decorator.py
[2024-12-10T08:09:28.646+0000] {processor.py:914} INFO - Processing file /home/airflow/.local/lib/python3.12/site-packages/airflow/example_dags/example_sensor_decorator.py for tasks to queue
[2024-12-10T08:09:28.648+0000] {logging_mixin.py:190} INFO - [2024-12-10T08:09:28.648+0000] {dagbag.py:588} INFO - Filling up the DagBag from /home/airflow/.local/lib/python3.12/site-packages/airflow/example_dags/example_sensor_decorator.py
[2024-12-10T08:09:28.657+0000] {processor.py:925} INFO - DAG(s) 'example_sensor_decorator' retrieved from /home/airflow/.local/lib/python3.12/site-packages/airflow/example_dags/example_sensor_decorator.py
[2024-12-10T08:09:28.678+0000] {logging_mixin.py:190} INFO - [2024-12-10T08:09:28.678+0000] {dag.py:3239} INFO - Sync 1 DAGs
[2024-12-10T08:09:28.692+0000] {logging_mixin.py:190} INFO - [2024-12-10T08:09:28.691+0000] {dag.py:4180} INFO - Setting next_dagrun for example_sensor_decorator to None, run_after=None
[2024-12-10T08:09:28.712+0000] {processor.py:208} INFO - Processing /home/airflow/.local/lib/python3.12/site-packages/airflow/example_dags/example_sensor_decorator.py took 0.073 seconds
[2024-12-10T08:09:58.956+0000] {processor.py:186} INFO - Started process (PID=276) to work on /home/airflow/.local/lib/python3.12/site-packages/airflow/example_dags/example_sensor_decorator.py
[2024-12-10T08:09:58.958+0000] {processor.py:914} INFO - Processing file /home/airflow/.local/lib/python3.12/site-packages/airflow/example_dags/example_sensor_decorator.py for tasks to queue
[2024-12-10T08:09:58.960+0000] {logging_mixin.py:190} INFO - [2024-12-10T08:09:58.960+0000] {dagbag.py:588} INFO - Filling up the DagBag from /home/airflow/.local/lib/python3.12/site-packages/airflow/example_dags/example_sensor_decorator.py
[2024-12-10T08:09:58.970+0000] {processor.py:925} INFO - DAG(s) 'example_sensor_decorator' retrieved from /home/airflow/.local/lib/python3.12/site-packages/airflow/example_dags/example_sensor_decorator.py
[2024-12-10T08:09:58.992+0000] {logging_mixin.py:190} INFO - [2024-12-10T08:09:58.992+0000] {dag.py:3239} INFO - Sync 1 DAGs
[2024-12-10T08:09:59.009+0000] {logging_mixin.py:190} INFO - [2024-12-10T08:09:59.009+0000] {dag.py:4180} INFO - Setting next_dagrun for example_sensor_decorator to None, run_after=None
[2024-12-10T08:09:59.031+0000] {processor.py:208} INFO - Processing /home/airflow/.local/lib/python3.12/site-packages/airflow/example_dags/example_sensor_decorator.py took 0.081 seconds
[2024-12-10T08:10:29.247+0000] {processor.py:186} INFO - Started process (PID=339) to work on /home/airflow/.local/lib/python3.12/site-packages/airflow/example_dags/example_sensor_decorator.py
[2024-12-10T08:10:29.249+0000] {processor.py:914} INFO - Processing file /home/airflow/.local/lib/python3.12/site-packages/airflow/example_dags/example_sensor_decorator.py for tasks to queue
[2024-12-10T08:10:29.253+0000] {logging_mixin.py:190} INFO - [2024-12-10T08:10:29.252+0000] {dagbag.py:588} INFO - Filling up the DagBag from /home/airflow/.local/lib/python3.12/site-packages/airflow/example_dags/example_sensor_decorator.py
[2024-12-10T08:10:29.264+0000] {processor.py:925} INFO - DAG(s) 'example_sensor_decorator' retrieved from /home/airflow/.local/lib/python3.12/site-packages/airflow/example_dags/example_sensor_decorator.py
[2024-12-10T08:10:29.291+0000] {logging_mixin.py:190} INFO - [2024-12-10T08:10:29.290+0000] {dag.py:3239} INFO - Sync 1 DAGs
[2024-12-10T08:10:29.317+0000] {logging_mixin.py:190} INFO - [2024-12-10T08:10:29.317+0000] {dag.py:4180} INFO - Setting next_dagrun for example_sensor_decorator to None, run_after=None
[2024-12-10T08:10:29.344+0000] {processor.py:208} INFO - Processing /home/airflow/.local/lib/python3.12/site-packages/airflow/example_dags/example_sensor_decorator.py took 0.104 seconds
[2024-12-10T08:10:59.981+0000] {processor.py:186} INFO - Started process (PID=402) to work on /home/airflow/.local/lib/python3.12/site-packages/airflow/example_dags/example_sensor_decorator.py
[2024-12-10T08:10:59.983+0000] {processor.py:914} INFO - Processing file /home/airflow/.local/lib/python3.12/site-packages/airflow/example_dags/example_sensor_decorator.py for tasks to queue
[2024-12-10T08:10:59.985+0000] {logging_mixin.py:190} INFO - [2024-12-10T08:10:59.985+0000] {dagbag.py:588} INFO - Filling up the DagBag from /home/airflow/.local/lib/python3.12/site-packages/airflow/example_dags/example_sensor_decorator.py
[2024-12-10T08:10:59.997+0000] {processor.py:925} INFO - DAG(s) 'example_sensor_decorator' retrieved from /home/airflow/.local/lib/python3.12/site-packages/airflow/example_dags/example_sensor_decorator.py
[2024-12-10T08:11:00.025+0000] {logging_mixin.py:190} INFO - [2024-12-10T08:11:00.024+0000] {dag.py:3239} INFO - Sync 1 DAGs
[2024-12-10T08:11:00.042+0000] {logging_mixin.py:190} INFO - [2024-12-10T08:11:00.041+0000] {dag.py:4180} INFO - Setting next_dagrun for example_sensor_decorator to None, run_after=None
[2024-12-10T08:11:00.063+0000] {processor.py:208} INFO - Processing /home/airflow/.local/lib/python3.12/site-packages/airflow/example_dags/example_sensor_decorator.py took 0.090 seconds
[2024-12-10T08:11:30.442+0000] {processor.py:186} INFO - Started process (PID=465) to work on /home/airflow/.local/lib/python3.12/site-packages/airflow/example_dags/example_sensor_decorator.py
[2024-12-10T08:11:30.444+0000] {processor.py:914} INFO - Processing file /home/airflow/.local/lib/python3.12/site-packages/airflow/example_dags/example_sensor_decorator.py for tasks to queue
[2024-12-10T08:11:30.447+0000] {logging_mixin.py:190} INFO - [2024-12-10T08:11:30.446+0000] {dagbag.py:588} INFO - Filling up the DagBag from /home/airflow/.local/lib/python3.12/site-packages/airflow/example_dags/example_sensor_decorator.py
[2024-12-10T08:11:30.457+0000] {processor.py:925} INFO - DAG(s) 'example_sensor_decorator' retrieved from /home/airflow/.local/lib/python3.12/site-packages/airflow/example_dags/example_sensor_decorator.py
[2024-12-10T08:11:30.484+0000] {logging_mixin.py:190} INFO - [2024-12-10T08:11:30.484+0000] {dag.py:3239} INFO - Sync 1 DAGs
[2024-12-10T08:11:30.506+0000] {logging_mixin.py:190} INFO - [2024-12-10T08:11:30.506+0000] {dag.py:4180} INFO - Setting next_dagrun for example_sensor_decorator to None, run_after=None
[2024-12-10T08:11:30.538+0000] {processor.py:208} INFO - Processing /home/airflow/.local/lib/python3.12/site-packages/airflow/example_dags/example_sensor_decorator.py took 0.105 seconds
[2024-12-10T08:12:00.669+0000] {processor.py:186} INFO - Started process (PID=528) to work on /home/airflow/.local/lib/python3.12/site-packages/airflow/example_dags/example_sensor_decorator.py
[2024-12-10T08:12:00.670+0000] {processor.py:914} INFO - Processing file /home/airflow/.local/lib/python3.12/site-packages/airflow/example_dags/example_sensor_decorator.py for tasks to queue
[2024-12-10T08:12:00.673+0000] {logging_mixin.py:190} INFO - [2024-12-10T08:12:00.673+0000] {dagbag.py:588} INFO - Filling up the DagBag from /home/airflow/.local/lib/python3.12/site-packages/airflow/example_dags/example_sensor_decorator.py
[2024-12-10T08:12:00.682+0000] {processor.py:925} INFO - DAG(s) 'example_sensor_decorator' retrieved from /home/airflow/.local/lib/python3.12/site-packages/airflow/example_dags/example_sensor_decorator.py
[2024-12-10T08:12:00.705+0000] {logging_mixin.py:190} INFO - [2024-12-10T08:12:00.704+0000] {dag.py:3239} INFO - Sync 1 DAGs
[2024-12-10T08:12:00.722+0000] {logging_mixin.py:190} INFO - [2024-12-10T08:12:00.721+0000] {dag.py:4180} INFO - Setting next_dagrun for example_sensor_decorator to None, run_after=None
[2024-12-10T08:12:00.742+0000] {processor.py:208} INFO - Processing /home/airflow/.local/lib/python3.12/site-packages/airflow/example_dags/example_sensor_decorator.py took 0.080 seconds
[2024-12-10T08:12:31.007+0000] {processor.py:186} INFO - Started process (PID=591) to work on /home/airflow/.local/lib/python3.12/site-packages/airflow/example_dags/example_sensor_decorator.py
[2024-12-10T08:12:31.008+0000] {processor.py:914} INFO - Processing file /home/airflow/.local/lib/python3.12/site-packages/airflow/example_dags/example_sensor_decorator.py for tasks to queue
[2024-12-10T08:12:31.011+0000] {logging_mixin.py:190} INFO - [2024-12-10T08:12:31.011+0000] {dagbag.py:588} INFO - Filling up the DagBag from /home/airflow/.local/lib/python3.12/site-packages/airflow/example_dags/example_sensor_decorator.py
[2024-12-10T08:12:31.019+0000] {processor.py:925} INFO - DAG(s) 'example_sensor_decorator' retrieved from /home/airflow/.local/lib/python3.12/site-packages/airflow/example_dags/example_sensor_decorator.py
[2024-12-10T08:12:31.040+0000] {logging_mixin.py:190} INFO - [2024-12-10T08:12:31.040+0000] {dag.py:3239} INFO - Sync 1 DAGs
[2024-12-10T08:12:31.057+0000] {logging_mixin.py:190} INFO - [2024-12-10T08:12:31.057+0000] {dag.py:4180} INFO - Setting next_dagrun for example_sensor_decorator to None, run_after=None
[2024-12-10T08:12:31.078+0000] {processor.py:208} INFO - Processing /home/airflow/.local/lib/python3.12/site-packages/airflow/example_dags/example_sensor_decorator.py took 0.077 seconds
[2024-12-10T08:13:01.754+0000] {processor.py:186} INFO - Started process (PID=654) to work on /home/airflow/.local/lib/python3.12/site-packages/airflow/example_dags/example_sensor_decorator.py
[2024-12-10T08:13:01.755+0000] {processor.py:914} INFO - Processing file /home/airflow/.local/lib/python3.12/site-packages/airflow/example_dags/example_sensor_decorator.py for tasks to queue
[2024-12-10T08:13:01.757+0000] {logging_mixin.py:190} INFO - [2024-12-10T08:13:01.757+0000] {dagbag.py:588} INFO - Filling up the DagBag from /home/airflow/.local/lib/python3.12/site-packages/airflow/example_dags/example_sensor_decorator.py
[2024-12-10T08:13:01.766+0000] {processor.py:925} INFO - DAG(s) 'example_sensor_decorator' retrieved from /home/airflow/.local/lib/python3.12/site-packages/airflow/example_dags/example_sensor_decorator.py
[2024-12-10T08:13:01.786+0000] {logging_mixin.py:190} INFO - [2024-12-10T08:13:01.786+0000] {dag.py:3239} INFO - Sync 1 DAGs
[2024-12-10T08:13:01.801+0000] {logging_mixin.py:190} INFO - [2024-12-10T08:13:01.801+0000] {dag.py:4180} INFO - Setting next_dagrun for example_sensor_decorator to None, run_after=None
[2024-12-10T08:13:01.822+0000] {processor.py:208} INFO - Processing /home/airflow/.local/lib/python3.12/site-packages/airflow/example_dags/example_sensor_decorator.py took 0.075 seconds
[2024-12-10T08:13:32.337+0000] {processor.py:186} INFO - Started process (PID=717) to work on /home/airflow/.local/lib/python3.12/site-packages/airflow/example_dags/example_sensor_decorator.py
[2024-12-10T08:13:32.339+0000] {processor.py:914} INFO - Processing file /home/airflow/.local/lib/python3.12/site-packages/airflow/example_dags/example_sensor_decorator.py for tasks to queue
[2024-12-10T08:13:32.341+0000] {logging_mixin.py:190} INFO - [2024-12-10T08:13:32.340+0000] {dagbag.py:588} INFO - Filling up the DagBag from /home/airflow/.local/lib/python3.12/site-packages/airflow/example_dags/example_sensor_decorator.py
[2024-12-10T08:13:32.352+0000] {processor.py:925} INFO - DAG(s) 'example_sensor_decorator' retrieved from /home/airflow/.local/lib/python3.12/site-packages/airflow/example_dags/example_sensor_decorator.py
[2024-12-10T08:13:32.376+0000] {logging_mixin.py:190} INFO - [2024-12-10T08:13:32.376+0000] {dag.py:3239} INFO - Sync 1 DAGs
[2024-12-10T08:13:32.391+0000] {logging_mixin.py:190} INFO - [2024-12-10T08:13:32.391+0000] {dag.py:4180} INFO - Setting next_dagrun for example_sensor_decorator to None, run_after=None
[2024-12-10T08:13:32.412+0000] {processor.py:208} INFO - Processing /home/airflow/.local/lib/python3.12/site-packages/airflow/example_dags/example_sensor_decorator.py took 0.080 seconds
[2024-12-10T08:14:02.894+0000] {processor.py:186} INFO - Started process (PID=780) to work on /home/airflow/.local/lib/python3.12/site-packages/airflow/example_dags/example_sensor_decorator.py
[2024-12-10T08:14:02.895+0000] {processor.py:914} INFO - Processing file /home/airflow/.local/lib/python3.12/site-packages/airflow/example_dags/example_sensor_decorator.py for tasks to queue
[2024-12-10T08:14:02.898+0000] {logging_mixin.py:190} INFO - [2024-12-10T08:14:02.897+0000] {dagbag.py:588} INFO - Filling up the DagBag from /home/airflow/.local/lib/python3.12/site-packages/airflow/example_dags/example_sensor_decorator.py
[2024-12-10T08:14:02.907+0000] {processor.py:925} INFO - DAG(s) 'example_sensor_decorator' retrieved from /home/airflow/.local/lib/python3.12/site-packages/airflow/example_dags/example_sensor_decorator.py
[2024-12-10T08:14:02.928+0000] {logging_mixin.py:190} INFO - [2024-12-10T08:14:02.928+0000] {dag.py:3239} INFO - Sync 1 DAGs
[2024-12-10T08:14:02.944+0000] {logging_mixin.py:190} INFO - [2024-12-10T08:14:02.944+0000] {dag.py:4180} INFO - Setting next_dagrun for example_sensor_decorator to None, run_after=None
[2024-12-10T08:14:02.970+0000] {processor.py:208} INFO - Processing /home/airflow/.local/lib/python3.12/site-packages/airflow/example_dags/example_sensor_decorator.py took 0.082 seconds
[2024-12-10T08:15:32.512+0000] {processor.py:186} INFO - Started process (PID=88) to work on /home/airflow/.local/lib/python3.12/site-packages/airflow/example_dags/example_sensor_decorator.py
[2024-12-10T08:15:32.513+0000] {processor.py:914} INFO - Processing file /home/airflow/.local/lib/python3.12/site-packages/airflow/example_dags/example_sensor_decorator.py for tasks to queue
[2024-12-10T08:15:32.517+0000] {logging_mixin.py:190} INFO - [2024-12-10T08:15:32.516+0000] {dagbag.py:588} INFO - Filling up the DagBag from /home/airflow/.local/lib/python3.12/site-packages/airflow/example_dags/example_sensor_decorator.py
[2024-12-10T08:15:32.527+0000] {processor.py:925} INFO - DAG(s) 'example_sensor_decorator' retrieved from /home/airflow/.local/lib/python3.12/site-packages/airflow/example_dags/example_sensor_decorator.py
[2024-12-10T08:15:32.553+0000] {logging_mixin.py:190} INFO - [2024-12-10T08:15:32.552+0000] {dag.py:3239} INFO - Sync 1 DAGs
[2024-12-10T08:15:32.572+0000] {logging_mixin.py:190} INFO - [2024-12-10T08:15:32.571+0000] {dag.py:4180} INFO - Setting next_dagrun for example_sensor_decorator to None, run_after=None
[2024-12-10T08:15:32.596+0000] {processor.py:208} INFO - Processing /home/airflow/.local/lib/python3.12/site-packages/airflow/example_dags/example_sensor_decorator.py took 0.091 seconds
[2024-12-10T08:16:02.847+0000] {processor.py:186} INFO - Started process (PID=150) to work on /home/airflow/.local/lib/python3.12/site-packages/airflow/example_dags/example_sensor_decorator.py
[2024-12-10T08:16:02.849+0000] {processor.py:914} INFO - Processing file /home/airflow/.local/lib/python3.12/site-packages/airflow/example_dags/example_sensor_decorator.py for tasks to queue
[2024-12-10T08:16:02.853+0000] {logging_mixin.py:190} INFO - [2024-12-10T08:16:02.853+0000] {dagbag.py:588} INFO - Filling up the DagBag from /home/airflow/.local/lib/python3.12/site-packages/airflow/example_dags/example_sensor_decorator.py
[2024-12-10T08:16:02.870+0000] {processor.py:925} INFO - DAG(s) 'example_sensor_decorator' retrieved from /home/airflow/.local/lib/python3.12/site-packages/airflow/example_dags/example_sensor_decorator.py
[2024-12-10T08:16:02.911+0000] {logging_mixin.py:190} INFO - [2024-12-10T08:16:02.911+0000] {dag.py:3239} INFO - Sync 1 DAGs
[2024-12-10T08:16:02.940+0000] {logging_mixin.py:190} INFO - [2024-12-10T08:16:02.940+0000] {dag.py:4180} INFO - Setting next_dagrun for example_sensor_decorator to None, run_after=None
[2024-12-10T08:16:02.975+0000] {processor.py:208} INFO - Processing /home/airflow/.local/lib/python3.12/site-packages/airflow/example_dags/example_sensor_decorator.py took 0.136 seconds
[2024-12-10T08:16:33.037+0000] {processor.py:186} INFO - Started process (PID=213) to work on /home/airflow/.local/lib/python3.12/site-packages/airflow/example_dags/example_sensor_decorator.py
[2024-12-10T08:16:33.038+0000] {processor.py:914} INFO - Processing file /home/airflow/.local/lib/python3.12/site-packages/airflow/example_dags/example_sensor_decorator.py for tasks to queue
[2024-12-10T08:16:33.041+0000] {logging_mixin.py:190} INFO - [2024-12-10T08:16:33.040+0000] {dagbag.py:588} INFO - Filling up the DagBag from /home/airflow/.local/lib/python3.12/site-packages/airflow/example_dags/example_sensor_decorator.py
[2024-12-10T08:16:33.050+0000] {processor.py:925} INFO - DAG(s) 'example_sensor_decorator' retrieved from /home/airflow/.local/lib/python3.12/site-packages/airflow/example_dags/example_sensor_decorator.py
[2024-12-10T08:16:33.072+0000] {logging_mixin.py:190} INFO - [2024-12-10T08:16:33.072+0000] {dag.py:3239} INFO - Sync 1 DAGs
[2024-12-10T08:16:33.092+0000] {logging_mixin.py:190} INFO - [2024-12-10T08:16:33.092+0000] {dag.py:4180} INFO - Setting next_dagrun for example_sensor_decorator to None, run_after=None
[2024-12-10T08:16:33.114+0000] {processor.py:208} INFO - Processing /home/airflow/.local/lib/python3.12/site-packages/airflow/example_dags/example_sensor_decorator.py took 0.084 seconds
[2024-12-10T08:17:03.452+0000] {processor.py:186} INFO - Started process (PID=276) to work on /home/airflow/.local/lib/python3.12/site-packages/airflow/example_dags/example_sensor_decorator.py
[2024-12-10T08:17:03.453+0000] {processor.py:914} INFO - Processing file /home/airflow/.local/lib/python3.12/site-packages/airflow/example_dags/example_sensor_decorator.py for tasks to queue
[2024-12-10T08:17:03.456+0000] {logging_mixin.py:190} INFO - [2024-12-10T08:17:03.455+0000] {dagbag.py:588} INFO - Filling up the DagBag from /home/airflow/.local/lib/python3.12/site-packages/airflow/example_dags/example_sensor_decorator.py
[2024-12-10T08:17:03.465+0000] {processor.py:925} INFO - DAG(s) 'example_sensor_decorator' retrieved from /home/airflow/.local/lib/python3.12/site-packages/airflow/example_dags/example_sensor_decorator.py
[2024-12-10T08:17:03.487+0000] {logging_mixin.py:190} INFO - [2024-12-10T08:17:03.487+0000] {dag.py:3239} INFO - Sync 1 DAGs
[2024-12-10T08:17:03.506+0000] {logging_mixin.py:190} INFO - [2024-12-10T08:17:03.505+0000] {dag.py:4180} INFO - Setting next_dagrun for example_sensor_decorator to None, run_after=None
[2024-12-10T08:17:03.534+0000] {processor.py:208} INFO - Processing /home/airflow/.local/lib/python3.12/site-packages/airflow/example_dags/example_sensor_decorator.py took 0.090 seconds
[2024-12-10T08:17:34.040+0000] {processor.py:186} INFO - Started process (PID=339) to work on /home/airflow/.local/lib/python3.12/site-packages/airflow/example_dags/example_sensor_decorator.py
[2024-12-10T08:17:34.042+0000] {processor.py:914} INFO - Processing file /home/airflow/.local/lib/python3.12/site-packages/airflow/example_dags/example_sensor_decorator.py for tasks to queue
[2024-12-10T08:17:34.045+0000] {logging_mixin.py:190} INFO - [2024-12-10T08:17:34.044+0000] {dagbag.py:588} INFO - Filling up the DagBag from /home/airflow/.local/lib/python3.12/site-packages/airflow/example_dags/example_sensor_decorator.py
[2024-12-10T08:17:34.054+0000] {processor.py:925} INFO - DAG(s) 'example_sensor_decorator' retrieved from /home/airflow/.local/lib/python3.12/site-packages/airflow/example_dags/example_sensor_decorator.py
[2024-12-10T08:17:34.078+0000] {logging_mixin.py:190} INFO - [2024-12-10T08:17:34.078+0000] {dag.py:3239} INFO - Sync 1 DAGs
[2024-12-10T08:17:34.120+0000] {logging_mixin.py:190} INFO - [2024-12-10T08:17:34.119+0000] {dag.py:4180} INFO - Setting next_dagrun for example_sensor_decorator to None, run_after=None
[2024-12-10T08:17:34.145+0000] {processor.py:208} INFO - Processing /home/airflow/.local/lib/python3.12/site-packages/airflow/example_dags/example_sensor_decorator.py took 0.112 seconds
[2024-12-10T08:18:04.235+0000] {processor.py:186} INFO - Started process (PID=402) to work on /home/airflow/.local/lib/python3.12/site-packages/airflow/example_dags/example_sensor_decorator.py
[2024-12-10T08:18:04.236+0000] {processor.py:914} INFO - Processing file /home/airflow/.local/lib/python3.12/site-packages/airflow/example_dags/example_sensor_decorator.py for tasks to queue
[2024-12-10T08:18:04.240+0000] {logging_mixin.py:190} INFO - [2024-12-10T08:18:04.239+0000] {dagbag.py:588} INFO - Filling up the DagBag from /home/airflow/.local/lib/python3.12/site-packages/airflow/example_dags/example_sensor_decorator.py
[2024-12-10T08:18:04.250+0000] {processor.py:925} INFO - DAG(s) 'example_sensor_decorator' retrieved from /home/airflow/.local/lib/python3.12/site-packages/airflow/example_dags/example_sensor_decorator.py
[2024-12-10T08:18:04.272+0000] {logging_mixin.py:190} INFO - [2024-12-10T08:18:04.272+0000] {dag.py:3239} INFO - Sync 1 DAGs
[2024-12-10T08:18:04.291+0000] {logging_mixin.py:190} INFO - [2024-12-10T08:18:04.291+0000] {dag.py:4180} INFO - Setting next_dagrun for example_sensor_decorator to None, run_after=None
[2024-12-10T08:18:04.313+0000] {processor.py:208} INFO - Processing /home/airflow/.local/lib/python3.12/site-packages/airflow/example_dags/example_sensor_decorator.py took 0.086 seconds
[2024-12-10T08:18:34.715+0000] {processor.py:186} INFO - Started process (PID=465) to work on /home/airflow/.local/lib/python3.12/site-packages/airflow/example_dags/example_sensor_decorator.py
[2024-12-10T08:18:34.716+0000] {processor.py:914} INFO - Processing file /home/airflow/.local/lib/python3.12/site-packages/airflow/example_dags/example_sensor_decorator.py for tasks to queue
[2024-12-10T08:18:34.719+0000] {logging_mixin.py:190} INFO - [2024-12-10T08:18:34.719+0000] {dagbag.py:588} INFO - Filling up the DagBag from /home/airflow/.local/lib/python3.12/site-packages/airflow/example_dags/example_sensor_decorator.py
[2024-12-10T08:18:34.729+0000] {processor.py:925} INFO - DAG(s) 'example_sensor_decorator' retrieved from /home/airflow/.local/lib/python3.12/site-packages/airflow/example_dags/example_sensor_decorator.py
[2024-12-10T08:18:34.751+0000] {logging_mixin.py:190} INFO - [2024-12-10T08:18:34.751+0000] {dag.py:3239} INFO - Sync 1 DAGs
[2024-12-10T08:18:34.769+0000] {logging_mixin.py:190} INFO - [2024-12-10T08:18:34.768+0000] {dag.py:4180} INFO - Setting next_dagrun for example_sensor_decorator to None, run_after=None
[2024-12-10T08:18:34.797+0000] {processor.py:208} INFO - Processing /home/airflow/.local/lib/python3.12/site-packages/airflow/example_dags/example_sensor_decorator.py took 0.088 seconds
[2024-12-10T08:19:04.944+0000] {processor.py:186} INFO - Started process (PID=528) to work on /home/airflow/.local/lib/python3.12/site-packages/airflow/example_dags/example_sensor_decorator.py
[2024-12-10T08:19:04.945+0000] {processor.py:914} INFO - Processing file /home/airflow/.local/lib/python3.12/site-packages/airflow/example_dags/example_sensor_decorator.py for tasks to queue
[2024-12-10T08:19:04.948+0000] {logging_mixin.py:190} INFO - [2024-12-10T08:19:04.948+0000] {dagbag.py:588} INFO - Filling up the DagBag from /home/airflow/.local/lib/python3.12/site-packages/airflow/example_dags/example_sensor_decorator.py
[2024-12-10T08:19:04.961+0000] {processor.py:925} INFO - DAG(s) 'example_sensor_decorator' retrieved from /home/airflow/.local/lib/python3.12/site-packages/airflow/example_dags/example_sensor_decorator.py
[2024-12-10T08:19:04.987+0000] {logging_mixin.py:190} INFO - [2024-12-10T08:19:04.986+0000] {dag.py:3239} INFO - Sync 1 DAGs
[2024-12-10T08:19:05.009+0000] {logging_mixin.py:190} INFO - [2024-12-10T08:19:05.009+0000] {dag.py:4180} INFO - Setting next_dagrun for example_sensor_decorator to None, run_after=None
[2024-12-10T08:19:05.032+0000] {processor.py:208} INFO - Processing /home/airflow/.local/lib/python3.12/site-packages/airflow/example_dags/example_sensor_decorator.py took 0.098 seconds
[2024-12-10T08:19:36.054+0000] {processor.py:186} INFO - Started process (PID=591) to work on /home/airflow/.local/lib/python3.12/site-packages/airflow/example_dags/example_sensor_decorator.py
[2024-12-10T08:19:36.055+0000] {processor.py:914} INFO - Processing file /home/airflow/.local/lib/python3.12/site-packages/airflow/example_dags/example_sensor_decorator.py for tasks to queue
[2024-12-10T08:19:36.058+0000] {logging_mixin.py:190} INFO - [2024-12-10T08:19:36.057+0000] {dagbag.py:588} INFO - Filling up the DagBag from /home/airflow/.local/lib/python3.12/site-packages/airflow/example_dags/example_sensor_decorator.py
[2024-12-10T08:19:36.067+0000] {processor.py:925} INFO - DAG(s) 'example_sensor_decorator' retrieved from /home/airflow/.local/lib/python3.12/site-packages/airflow/example_dags/example_sensor_decorator.py
[2024-12-10T08:19:36.090+0000] {logging_mixin.py:190} INFO - [2024-12-10T08:19:36.090+0000] {dag.py:3239} INFO - Sync 1 DAGs
[2024-12-10T08:19:36.108+0000] {logging_mixin.py:190} INFO - [2024-12-10T08:19:36.107+0000] {dag.py:4180} INFO - Setting next_dagrun for example_sensor_decorator to None, run_after=None
[2024-12-10T08:19:36.129+0000] {processor.py:208} INFO - Processing /home/airflow/.local/lib/python3.12/site-packages/airflow/example_dags/example_sensor_decorator.py took 0.083 seconds
[2024-12-10T08:20:06.454+0000] {processor.py:186} INFO - Started process (PID=654) to work on /home/airflow/.local/lib/python3.12/site-packages/airflow/example_dags/example_sensor_decorator.py
[2024-12-10T08:20:06.455+0000] {processor.py:914} INFO - Processing file /home/airflow/.local/lib/python3.12/site-packages/airflow/example_dags/example_sensor_decorator.py for tasks to queue
[2024-12-10T08:20:06.458+0000] {logging_mixin.py:190} INFO - [2024-12-10T08:20:06.458+0000] {dagbag.py:588} INFO - Filling up the DagBag from /home/airflow/.local/lib/python3.12/site-packages/airflow/example_dags/example_sensor_decorator.py
[2024-12-10T08:20:06.470+0000] {processor.py:925} INFO - DAG(s) 'example_sensor_decorator' retrieved from /home/airflow/.local/lib/python3.12/site-packages/airflow/example_dags/example_sensor_decorator.py
[2024-12-10T08:20:06.497+0000] {logging_mixin.py:190} INFO - [2024-12-10T08:20:06.496+0000] {dag.py:3239} INFO - Sync 1 DAGs
[2024-12-10T08:20:06.516+0000] {logging_mixin.py:190} INFO - [2024-12-10T08:20:06.515+0000] {dag.py:4180} INFO - Setting next_dagrun for example_sensor_decorator to None, run_after=None
[2024-12-10T08:20:06.536+0000] {processor.py:208} INFO - Processing /home/airflow/.local/lib/python3.12/site-packages/airflow/example_dags/example_sensor_decorator.py took 0.089 seconds
