[2024-12-10T07:56:13.232+0000] {processor.py:186} INFO - Started process (PID=123) to work on /home/airflow/.local/lib/python3.12/site-packages/airflow/example_dags/tutorial_taskflow_templates.py
[2024-12-10T07:56:13.234+0000] {processor.py:914} INFO - Processing file /home/airflow/.local/lib/python3.12/site-packages/airflow/example_dags/tutorial_taskflow_templates.py for tasks to queue
[2024-12-10T07:56:13.237+0000] {logging_mixin.py:190} INFO - [2024-12-10T07:56:13.237+0000] {dagbag.py:588} INFO - Filling up the DagBag from /home/airflow/.local/lib/python3.12/site-packages/airflow/example_dags/tutorial_taskflow_templates.py
[2024-12-10T07:56:13.259+0000] {processor.py:925} INFO - DAG(s) 'tutorial_taskflow_templates' retrieved from /home/airflow/.local/lib/python3.12/site-packages/airflow/example_dags/tutorial_taskflow_templates.py
[2024-12-10T07:56:13.408+0000] {logging_mixin.py:190} INFO - [2024-12-10T07:56:13.407+0000] {override.py:1911} INFO - Created Permission View: can read on DAG:tutorial_taskflow_templates
[2024-12-10T07:56:13.421+0000] {logging_mixin.py:190} INFO - [2024-12-10T07:56:13.421+0000] {override.py:1911} INFO - Created Permission View: can edit on DAG:tutorial_taskflow_templates
[2024-12-10T07:56:13.429+0000] {logging_mixin.py:190} INFO - [2024-12-10T07:56:13.429+0000] {override.py:1911} INFO - Created Permission View: can delete on DAG:tutorial_taskflow_templates
[2024-12-10T07:56:13.438+0000] {logging_mixin.py:190} INFO - [2024-12-10T07:56:13.437+0000] {override.py:1911} INFO - Created Permission View: can read on DAG Run:tutorial_taskflow_templates
[2024-12-10T07:56:13.445+0000] {logging_mixin.py:190} INFO - [2024-12-10T07:56:13.445+0000] {override.py:1911} INFO - Created Permission View: menu access on DAG Run:tutorial_taskflow_templates
[2024-12-10T07:56:13.453+0000] {logging_mixin.py:190} INFO - [2024-12-10T07:56:13.453+0000] {override.py:1911} INFO - Created Permission View: can delete on DAG Run:tutorial_taskflow_templates
[2024-12-10T07:56:13.461+0000] {logging_mixin.py:190} INFO - [2024-12-10T07:56:13.461+0000] {override.py:1911} INFO - Created Permission View: can create on DAG Run:tutorial_taskflow_templates
[2024-12-10T07:56:13.462+0000] {logging_mixin.py:190} INFO - [2024-12-10T07:56:13.462+0000] {dag.py:3239} INFO - Sync 1 DAGs
[2024-12-10T07:56:13.480+0000] {logging_mixin.py:190} INFO - [2024-12-10T07:56:13.480+0000] {dag.py:3262} INFO - Creating ORM DAG for tutorial_taskflow_templates
[2024-12-10T07:56:13.498+0000] {logging_mixin.py:190} INFO - [2024-12-10T07:56:13.498+0000] {dag.py:4180} INFO - Setting next_dagrun for tutorial_taskflow_templates to 2024-12-09 00:00:00+00:00, run_after=2024-12-10 00:00:00+00:00
[2024-12-10T07:56:13.518+0000] {processor.py:208} INFO - Processing /home/airflow/.local/lib/python3.12/site-packages/airflow/example_dags/tutorial_taskflow_templates.py took 0.293 seconds
[2024-12-10T07:56:44.402+0000] {processor.py:186} INFO - Started process (PID=186) to work on /home/airflow/.local/lib/python3.12/site-packages/airflow/example_dags/tutorial_taskflow_templates.py
[2024-12-10T07:56:44.403+0000] {processor.py:914} INFO - Processing file /home/airflow/.local/lib/python3.12/site-packages/airflow/example_dags/tutorial_taskflow_templates.py for tasks to queue
[2024-12-10T07:56:44.407+0000] {logging_mixin.py:190} INFO - [2024-12-10T07:56:44.406+0000] {dagbag.py:588} INFO - Filling up the DagBag from /home/airflow/.local/lib/python3.12/site-packages/airflow/example_dags/tutorial_taskflow_templates.py
[2024-12-10T07:56:44.423+0000] {processor.py:925} INFO - DAG(s) 'tutorial_taskflow_templates' retrieved from /home/airflow/.local/lib/python3.12/site-packages/airflow/example_dags/tutorial_taskflow_templates.py
[2024-12-10T07:56:44.446+0000] {logging_mixin.py:190} INFO - [2024-12-10T07:56:44.446+0000] {dag.py:3239} INFO - Sync 1 DAGs
[2024-12-10T07:56:44.475+0000] {logging_mixin.py:190} INFO - [2024-12-10T07:56:44.475+0000] {dag.py:4180} INFO - Setting next_dagrun for tutorial_taskflow_templates to 2024-12-09 00:00:00+00:00, run_after=2024-12-10 00:00:00+00:00
[2024-12-10T07:56:44.497+0000] {processor.py:208} INFO - Processing /home/airflow/.local/lib/python3.12/site-packages/airflow/example_dags/tutorial_taskflow_templates.py took 0.102 seconds
[2024-12-10T07:57:14.666+0000] {processor.py:186} INFO - Started process (PID=249) to work on /home/airflow/.local/lib/python3.12/site-packages/airflow/example_dags/tutorial_taskflow_templates.py
[2024-12-10T07:57:14.667+0000] {processor.py:914} INFO - Processing file /home/airflow/.local/lib/python3.12/site-packages/airflow/example_dags/tutorial_taskflow_templates.py for tasks to queue
[2024-12-10T07:57:14.672+0000] {logging_mixin.py:190} INFO - [2024-12-10T07:57:14.672+0000] {dagbag.py:588} INFO - Filling up the DagBag from /home/airflow/.local/lib/python3.12/site-packages/airflow/example_dags/tutorial_taskflow_templates.py
[2024-12-10T07:57:14.695+0000] {processor.py:925} INFO - DAG(s) 'tutorial_taskflow_templates' retrieved from /home/airflow/.local/lib/python3.12/site-packages/airflow/example_dags/tutorial_taskflow_templates.py
[2024-12-10T07:57:14.722+0000] {logging_mixin.py:190} INFO - [2024-12-10T07:57:14.722+0000] {dag.py:3239} INFO - Sync 1 DAGs
[2024-12-10T07:57:14.756+0000] {logging_mixin.py:190} INFO - [2024-12-10T07:57:14.756+0000] {dag.py:4180} INFO - Setting next_dagrun for tutorial_taskflow_templates to 2024-12-09 00:00:00+00:00, run_after=2024-12-10 00:00:00+00:00
[2024-12-10T07:57:14.783+0000] {processor.py:208} INFO - Processing /home/airflow/.local/lib/python3.12/site-packages/airflow/example_dags/tutorial_taskflow_templates.py took 0.125 seconds
[2024-12-10T07:57:45.467+0000] {processor.py:186} INFO - Started process (PID=312) to work on /home/airflow/.local/lib/python3.12/site-packages/airflow/example_dags/tutorial_taskflow_templates.py
[2024-12-10T07:57:45.468+0000] {processor.py:914} INFO - Processing file /home/airflow/.local/lib/python3.12/site-packages/airflow/example_dags/tutorial_taskflow_templates.py for tasks to queue
[2024-12-10T07:57:45.471+0000] {logging_mixin.py:190} INFO - [2024-12-10T07:57:45.470+0000] {dagbag.py:588} INFO - Filling up the DagBag from /home/airflow/.local/lib/python3.12/site-packages/airflow/example_dags/tutorial_taskflow_templates.py
[2024-12-10T07:57:45.484+0000] {processor.py:925} INFO - DAG(s) 'tutorial_taskflow_templates' retrieved from /home/airflow/.local/lib/python3.12/site-packages/airflow/example_dags/tutorial_taskflow_templates.py
[2024-12-10T07:57:45.506+0000] {logging_mixin.py:190} INFO - [2024-12-10T07:57:45.506+0000] {dag.py:3239} INFO - Sync 1 DAGs
[2024-12-10T07:57:45.532+0000] {logging_mixin.py:190} INFO - [2024-12-10T07:57:45.532+0000] {dag.py:4180} INFO - Setting next_dagrun for tutorial_taskflow_templates to 2024-12-09 00:00:00+00:00, run_after=2024-12-10 00:00:00+00:00
[2024-12-10T07:57:45.550+0000] {processor.py:208} INFO - Processing /home/airflow/.local/lib/python3.12/site-packages/airflow/example_dags/tutorial_taskflow_templates.py took 0.089 seconds
[2024-12-10T07:58:17.489+0000] {processor.py:186} INFO - Started process (PID=375) to work on /home/airflow/.local/lib/python3.12/site-packages/airflow/example_dags/tutorial_taskflow_templates.py
[2024-12-10T07:58:17.490+0000] {processor.py:914} INFO - Processing file /home/airflow/.local/lib/python3.12/site-packages/airflow/example_dags/tutorial_taskflow_templates.py for tasks to queue
[2024-12-10T07:58:17.493+0000] {logging_mixin.py:190} INFO - [2024-12-10T07:58:17.493+0000] {dagbag.py:588} INFO - Filling up the DagBag from /home/airflow/.local/lib/python3.12/site-packages/airflow/example_dags/tutorial_taskflow_templates.py
[2024-12-10T07:58:17.507+0000] {processor.py:925} INFO - DAG(s) 'tutorial_taskflow_templates' retrieved from /home/airflow/.local/lib/python3.12/site-packages/airflow/example_dags/tutorial_taskflow_templates.py
[2024-12-10T07:58:17.529+0000] {logging_mixin.py:190} INFO - [2024-12-10T07:58:17.528+0000] {dag.py:3239} INFO - Sync 1 DAGs
[2024-12-10T07:58:17.555+0000] {logging_mixin.py:190} INFO - [2024-12-10T07:58:17.555+0000] {dag.py:4180} INFO - Setting next_dagrun for tutorial_taskflow_templates to 2024-12-09 00:00:00+00:00, run_after=2024-12-10 00:00:00+00:00
[2024-12-10T07:58:17.574+0000] {processor.py:208} INFO - Processing /home/airflow/.local/lib/python3.12/site-packages/airflow/example_dags/tutorial_taskflow_templates.py took 0.091 seconds
[2024-12-10T07:58:48.666+0000] {processor.py:186} INFO - Started process (PID=438) to work on /home/airflow/.local/lib/python3.12/site-packages/airflow/example_dags/tutorial_taskflow_templates.py
[2024-12-10T07:58:48.667+0000] {processor.py:914} INFO - Processing file /home/airflow/.local/lib/python3.12/site-packages/airflow/example_dags/tutorial_taskflow_templates.py for tasks to queue
[2024-12-10T07:58:48.670+0000] {logging_mixin.py:190} INFO - [2024-12-10T07:58:48.670+0000] {dagbag.py:588} INFO - Filling up the DagBag from /home/airflow/.local/lib/python3.12/site-packages/airflow/example_dags/tutorial_taskflow_templates.py
[2024-12-10T07:58:48.687+0000] {processor.py:925} INFO - DAG(s) 'tutorial_taskflow_templates' retrieved from /home/airflow/.local/lib/python3.12/site-packages/airflow/example_dags/tutorial_taskflow_templates.py
[2024-12-10T07:58:48.711+0000] {logging_mixin.py:190} INFO - [2024-12-10T07:58:48.711+0000] {dag.py:3239} INFO - Sync 1 DAGs
[2024-12-10T07:58:48.755+0000] {logging_mixin.py:190} INFO - [2024-12-10T07:58:48.755+0000] {dag.py:4180} INFO - Setting next_dagrun for tutorial_taskflow_templates to 2024-12-09 00:00:00+00:00, run_after=2024-12-10 00:00:00+00:00
[2024-12-10T07:58:48.787+0000] {processor.py:208} INFO - Processing /home/airflow/.local/lib/python3.12/site-packages/airflow/example_dags/tutorial_taskflow_templates.py took 0.129 seconds
[2024-12-10T07:59:20.201+0000] {processor.py:186} INFO - Started process (PID=501) to work on /home/airflow/.local/lib/python3.12/site-packages/airflow/example_dags/tutorial_taskflow_templates.py
[2024-12-10T07:59:20.202+0000] {processor.py:914} INFO - Processing file /home/airflow/.local/lib/python3.12/site-packages/airflow/example_dags/tutorial_taskflow_templates.py for tasks to queue
[2024-12-10T07:59:20.205+0000] {logging_mixin.py:190} INFO - [2024-12-10T07:59:20.204+0000] {dagbag.py:588} INFO - Filling up the DagBag from /home/airflow/.local/lib/python3.12/site-packages/airflow/example_dags/tutorial_taskflow_templates.py
[2024-12-10T07:59:20.221+0000] {processor.py:925} INFO - DAG(s) 'tutorial_taskflow_templates' retrieved from /home/airflow/.local/lib/python3.12/site-packages/airflow/example_dags/tutorial_taskflow_templates.py
[2024-12-10T07:59:20.248+0000] {logging_mixin.py:190} INFO - [2024-12-10T07:59:20.248+0000] {dag.py:3239} INFO - Sync 1 DAGs
[2024-12-10T07:59:20.279+0000] {logging_mixin.py:190} INFO - [2024-12-10T07:59:20.278+0000] {dag.py:4180} INFO - Setting next_dagrun for tutorial_taskflow_templates to 2024-12-09 00:00:00+00:00, run_after=2024-12-10 00:00:00+00:00
[2024-12-10T07:59:20.300+0000] {processor.py:208} INFO - Processing /home/airflow/.local/lib/python3.12/site-packages/airflow/example_dags/tutorial_taskflow_templates.py took 0.107 seconds
[2024-12-10T07:59:51.286+0000] {processor.py:186} INFO - Started process (PID=564) to work on /home/airflow/.local/lib/python3.12/site-packages/airflow/example_dags/tutorial_taskflow_templates.py
[2024-12-10T07:59:51.287+0000] {processor.py:914} INFO - Processing file /home/airflow/.local/lib/python3.12/site-packages/airflow/example_dags/tutorial_taskflow_templates.py for tasks to queue
[2024-12-10T07:59:51.290+0000] {logging_mixin.py:190} INFO - [2024-12-10T07:59:51.289+0000] {dagbag.py:588} INFO - Filling up the DagBag from /home/airflow/.local/lib/python3.12/site-packages/airflow/example_dags/tutorial_taskflow_templates.py
[2024-12-10T07:59:51.306+0000] {processor.py:925} INFO - DAG(s) 'tutorial_taskflow_templates' retrieved from /home/airflow/.local/lib/python3.12/site-packages/airflow/example_dags/tutorial_taskflow_templates.py
[2024-12-10T07:59:51.333+0000] {logging_mixin.py:190} INFO - [2024-12-10T07:59:51.332+0000] {dag.py:3239} INFO - Sync 1 DAGs
[2024-12-10T07:59:51.366+0000] {logging_mixin.py:190} INFO - [2024-12-10T07:59:51.366+0000] {dag.py:4180} INFO - Setting next_dagrun for tutorial_taskflow_templates to 2024-12-09 00:00:00+00:00, run_after=2024-12-10 00:00:00+00:00
[2024-12-10T07:59:51.387+0000] {processor.py:208} INFO - Processing /home/airflow/.local/lib/python3.12/site-packages/airflow/example_dags/tutorial_taskflow_templates.py took 0.107 seconds
[2024-12-10T08:00:22.247+0000] {processor.py:186} INFO - Started process (PID=627) to work on /home/airflow/.local/lib/python3.12/site-packages/airflow/example_dags/tutorial_taskflow_templates.py
[2024-12-10T08:00:22.248+0000] {processor.py:914} INFO - Processing file /home/airflow/.local/lib/python3.12/site-packages/airflow/example_dags/tutorial_taskflow_templates.py for tasks to queue
[2024-12-10T08:00:22.251+0000] {logging_mixin.py:190} INFO - [2024-12-10T08:00:22.251+0000] {dagbag.py:588} INFO - Filling up the DagBag from /home/airflow/.local/lib/python3.12/site-packages/airflow/example_dags/tutorial_taskflow_templates.py
[2024-12-10T08:00:22.266+0000] {processor.py:925} INFO - DAG(s) 'tutorial_taskflow_templates' retrieved from /home/airflow/.local/lib/python3.12/site-packages/airflow/example_dags/tutorial_taskflow_templates.py
[2024-12-10T08:00:22.287+0000] {logging_mixin.py:190} INFO - [2024-12-10T08:00:22.287+0000] {dag.py:3239} INFO - Sync 1 DAGs
[2024-12-10T08:00:22.314+0000] {logging_mixin.py:190} INFO - [2024-12-10T08:00:22.314+0000] {dag.py:4180} INFO - Setting next_dagrun for tutorial_taskflow_templates to 2024-12-09 00:00:00+00:00, run_after=2024-12-10 00:00:00+00:00
[2024-12-10T08:00:22.333+0000] {processor.py:208} INFO - Processing /home/airflow/.local/lib/python3.12/site-packages/airflow/example_dags/tutorial_taskflow_templates.py took 0.093 seconds
[2024-12-10T08:00:54.771+0000] {processor.py:186} INFO - Started process (PID=690) to work on /home/airflow/.local/lib/python3.12/site-packages/airflow/example_dags/tutorial_taskflow_templates.py
[2024-12-10T08:00:54.772+0000] {processor.py:914} INFO - Processing file /home/airflow/.local/lib/python3.12/site-packages/airflow/example_dags/tutorial_taskflow_templates.py for tasks to queue
[2024-12-10T08:00:54.777+0000] {logging_mixin.py:190} INFO - [2024-12-10T08:00:54.776+0000] {dagbag.py:588} INFO - Filling up the DagBag from /home/airflow/.local/lib/python3.12/site-packages/airflow/example_dags/tutorial_taskflow_templates.py
[2024-12-10T08:00:54.800+0000] {processor.py:925} INFO - DAG(s) 'tutorial_taskflow_templates' retrieved from /home/airflow/.local/lib/python3.12/site-packages/airflow/example_dags/tutorial_taskflow_templates.py
[2024-12-10T08:00:54.835+0000] {logging_mixin.py:190} INFO - [2024-12-10T08:00:54.835+0000] {dag.py:3239} INFO - Sync 1 DAGs
[2024-12-10T08:00:54.883+0000] {logging_mixin.py:190} INFO - [2024-12-10T08:00:54.882+0000] {dag.py:4180} INFO - Setting next_dagrun for tutorial_taskflow_templates to 2024-12-09 00:00:00+00:00, run_after=2024-12-10 00:00:00+00:00
[2024-12-10T08:00:54.914+0000] {processor.py:208} INFO - Processing /home/airflow/.local/lib/python3.12/site-packages/airflow/example_dags/tutorial_taskflow_templates.py took 0.156 seconds
[2024-12-10T08:01:25.632+0000] {processor.py:186} INFO - Started process (PID=753) to work on /home/airflow/.local/lib/python3.12/site-packages/airflow/example_dags/tutorial_taskflow_templates.py
[2024-12-10T08:01:25.634+0000] {processor.py:914} INFO - Processing file /home/airflow/.local/lib/python3.12/site-packages/airflow/example_dags/tutorial_taskflow_templates.py for tasks to queue
[2024-12-10T08:01:25.637+0000] {logging_mixin.py:190} INFO - [2024-12-10T08:01:25.636+0000] {dagbag.py:588} INFO - Filling up the DagBag from /home/airflow/.local/lib/python3.12/site-packages/airflow/example_dags/tutorial_taskflow_templates.py
[2024-12-10T08:01:25.654+0000] {processor.py:925} INFO - DAG(s) 'tutorial_taskflow_templates' retrieved from /home/airflow/.local/lib/python3.12/site-packages/airflow/example_dags/tutorial_taskflow_templates.py
[2024-12-10T08:01:25.681+0000] {logging_mixin.py:190} INFO - [2024-12-10T08:01:25.680+0000] {dag.py:3239} INFO - Sync 1 DAGs
[2024-12-10T08:01:25.711+0000] {logging_mixin.py:190} INFO - [2024-12-10T08:01:25.710+0000] {dag.py:4180} INFO - Setting next_dagrun for tutorial_taskflow_templates to 2024-12-09 00:00:00+00:00, run_after=2024-12-10 00:00:00+00:00
[2024-12-10T08:01:25.733+0000] {processor.py:208} INFO - Processing /home/airflow/.local/lib/python3.12/site-packages/airflow/example_dags/tutorial_taskflow_templates.py took 0.109 seconds
[2024-12-10T08:01:56.588+0000] {processor.py:186} INFO - Started process (PID=816) to work on /home/airflow/.local/lib/python3.12/site-packages/airflow/example_dags/tutorial_taskflow_templates.py
[2024-12-10T08:01:56.590+0000] {processor.py:914} INFO - Processing file /home/airflow/.local/lib/python3.12/site-packages/airflow/example_dags/tutorial_taskflow_templates.py for tasks to queue
[2024-12-10T08:01:56.594+0000] {logging_mixin.py:190} INFO - [2024-12-10T08:01:56.593+0000] {dagbag.py:588} INFO - Filling up the DagBag from /home/airflow/.local/lib/python3.12/site-packages/airflow/example_dags/tutorial_taskflow_templates.py
[2024-12-10T08:01:56.610+0000] {processor.py:925} INFO - DAG(s) 'tutorial_taskflow_templates' retrieved from /home/airflow/.local/lib/python3.12/site-packages/airflow/example_dags/tutorial_taskflow_templates.py
[2024-12-10T08:01:56.635+0000] {logging_mixin.py:190} INFO - [2024-12-10T08:01:56.634+0000] {dag.py:3239} INFO - Sync 1 DAGs
[2024-12-10T08:01:56.665+0000] {logging_mixin.py:190} INFO - [2024-12-10T08:01:56.665+0000] {dag.py:4180} INFO - Setting next_dagrun for tutorial_taskflow_templates to 2024-12-09 00:00:00+00:00, run_after=2024-12-10 00:00:00+00:00
[2024-12-10T08:01:56.686+0000] {processor.py:208} INFO - Processing /home/airflow/.local/lib/python3.12/site-packages/airflow/example_dags/tutorial_taskflow_templates.py took 0.105 seconds
[2024-12-10T08:02:27.635+0000] {processor.py:186} INFO - Started process (PID=879) to work on /home/airflow/.local/lib/python3.12/site-packages/airflow/example_dags/tutorial_taskflow_templates.py
[2024-12-10T08:02:27.637+0000] {processor.py:914} INFO - Processing file /home/airflow/.local/lib/python3.12/site-packages/airflow/example_dags/tutorial_taskflow_templates.py for tasks to queue
[2024-12-10T08:02:27.640+0000] {logging_mixin.py:190} INFO - [2024-12-10T08:02:27.639+0000] {dagbag.py:588} INFO - Filling up the DagBag from /home/airflow/.local/lib/python3.12/site-packages/airflow/example_dags/tutorial_taskflow_templates.py
[2024-12-10T08:02:27.659+0000] {processor.py:925} INFO - DAG(s) 'tutorial_taskflow_templates' retrieved from /home/airflow/.local/lib/python3.12/site-packages/airflow/example_dags/tutorial_taskflow_templates.py
[2024-12-10T08:02:27.685+0000] {logging_mixin.py:190} INFO - [2024-12-10T08:02:27.685+0000] {dag.py:3239} INFO - Sync 1 DAGs
[2024-12-10T08:02:27.713+0000] {logging_mixin.py:190} INFO - [2024-12-10T08:02:27.713+0000] {dag.py:4180} INFO - Setting next_dagrun for tutorial_taskflow_templates to 2024-12-09 00:00:00+00:00, run_after=2024-12-10 00:00:00+00:00
[2024-12-10T08:02:27.737+0000] {processor.py:208} INFO - Processing /home/airflow/.local/lib/python3.12/site-packages/airflow/example_dags/tutorial_taskflow_templates.py took 0.110 seconds
[2024-12-10T08:02:59.188+0000] {processor.py:186} INFO - Started process (PID=942) to work on /home/airflow/.local/lib/python3.12/site-packages/airflow/example_dags/tutorial_taskflow_templates.py
[2024-12-10T08:02:59.190+0000] {processor.py:914} INFO - Processing file /home/airflow/.local/lib/python3.12/site-packages/airflow/example_dags/tutorial_taskflow_templates.py for tasks to queue
[2024-12-10T08:02:59.193+0000] {logging_mixin.py:190} INFO - [2024-12-10T08:02:59.193+0000] {dagbag.py:588} INFO - Filling up the DagBag from /home/airflow/.local/lib/python3.12/site-packages/airflow/example_dags/tutorial_taskflow_templates.py
[2024-12-10T08:02:59.214+0000] {processor.py:925} INFO - DAG(s) 'tutorial_taskflow_templates' retrieved from /home/airflow/.local/lib/python3.12/site-packages/airflow/example_dags/tutorial_taskflow_templates.py
[2024-12-10T08:02:59.242+0000] {logging_mixin.py:190} INFO - [2024-12-10T08:02:59.242+0000] {dag.py:3239} INFO - Sync 1 DAGs
[2024-12-10T08:02:59.278+0000] {logging_mixin.py:190} INFO - [2024-12-10T08:02:59.278+0000] {dag.py:4180} INFO - Setting next_dagrun for tutorial_taskflow_templates to 2024-12-09 00:00:00+00:00, run_after=2024-12-10 00:00:00+00:00
[2024-12-10T08:02:59.307+0000] {processor.py:208} INFO - Processing /home/airflow/.local/lib/python3.12/site-packages/airflow/example_dags/tutorial_taskflow_templates.py took 0.127 seconds
[2024-12-10T08:03:30.452+0000] {processor.py:186} INFO - Started process (PID=1005) to work on /home/airflow/.local/lib/python3.12/site-packages/airflow/example_dags/tutorial_taskflow_templates.py
[2024-12-10T08:03:30.453+0000] {processor.py:914} INFO - Processing file /home/airflow/.local/lib/python3.12/site-packages/airflow/example_dags/tutorial_taskflow_templates.py for tasks to queue
[2024-12-10T08:03:30.457+0000] {logging_mixin.py:190} INFO - [2024-12-10T08:03:30.457+0000] {dagbag.py:588} INFO - Filling up the DagBag from /home/airflow/.local/lib/python3.12/site-packages/airflow/example_dags/tutorial_taskflow_templates.py
[2024-12-10T08:03:30.477+0000] {processor.py:925} INFO - DAG(s) 'tutorial_taskflow_templates' retrieved from /home/airflow/.local/lib/python3.12/site-packages/airflow/example_dags/tutorial_taskflow_templates.py
[2024-12-10T08:03:30.502+0000] {logging_mixin.py:190} INFO - [2024-12-10T08:03:30.502+0000] {dag.py:3239} INFO - Sync 1 DAGs
[2024-12-10T08:03:30.532+0000] {logging_mixin.py:190} INFO - [2024-12-10T08:03:30.532+0000] {dag.py:4180} INFO - Setting next_dagrun for tutorial_taskflow_templates to 2024-12-09 00:00:00+00:00, run_after=2024-12-10 00:00:00+00:00
[2024-12-10T08:03:30.553+0000] {processor.py:208} INFO - Processing /home/airflow/.local/lib/python3.12/site-packages/airflow/example_dags/tutorial_taskflow_templates.py took 0.110 seconds
[2024-12-10T08:04:01.640+0000] {processor.py:186} INFO - Started process (PID=1068) to work on /home/airflow/.local/lib/python3.12/site-packages/airflow/example_dags/tutorial_taskflow_templates.py
[2024-12-10T08:04:01.641+0000] {processor.py:914} INFO - Processing file /home/airflow/.local/lib/python3.12/site-packages/airflow/example_dags/tutorial_taskflow_templates.py for tasks to queue
[2024-12-10T08:04:01.643+0000] {logging_mixin.py:190} INFO - [2024-12-10T08:04:01.643+0000] {dagbag.py:588} INFO - Filling up the DagBag from /home/airflow/.local/lib/python3.12/site-packages/airflow/example_dags/tutorial_taskflow_templates.py
[2024-12-10T08:04:01.659+0000] {processor.py:925} INFO - DAG(s) 'tutorial_taskflow_templates' retrieved from /home/airflow/.local/lib/python3.12/site-packages/airflow/example_dags/tutorial_taskflow_templates.py
[2024-12-10T08:04:01.681+0000] {logging_mixin.py:190} INFO - [2024-12-10T08:04:01.681+0000] {dag.py:3239} INFO - Sync 1 DAGs
[2024-12-10T08:04:01.718+0000] {logging_mixin.py:190} INFO - [2024-12-10T08:04:01.718+0000] {dag.py:4180} INFO - Setting next_dagrun for tutorial_taskflow_templates to 2024-12-09 00:00:00+00:00, run_after=2024-12-10 00:00:00+00:00
[2024-12-10T08:04:01.741+0000] {processor.py:208} INFO - Processing /home/airflow/.local/lib/python3.12/site-packages/airflow/example_dags/tutorial_taskflow_templates.py took 0.108 seconds
[2024-12-10T08:04:33.142+0000] {processor.py:186} INFO - Started process (PID=1137) to work on /home/airflow/.local/lib/python3.12/site-packages/airflow/example_dags/tutorial_taskflow_templates.py
[2024-12-10T08:04:33.144+0000] {processor.py:914} INFO - Processing file /home/airflow/.local/lib/python3.12/site-packages/airflow/example_dags/tutorial_taskflow_templates.py for tasks to queue
[2024-12-10T08:04:33.148+0000] {logging_mixin.py:190} INFO - [2024-12-10T08:04:33.148+0000] {dagbag.py:588} INFO - Filling up the DagBag from /home/airflow/.local/lib/python3.12/site-packages/airflow/example_dags/tutorial_taskflow_templates.py
[2024-12-10T08:04:33.179+0000] {processor.py:925} INFO - DAG(s) 'tutorial_taskflow_templates' retrieved from /home/airflow/.local/lib/python3.12/site-packages/airflow/example_dags/tutorial_taskflow_templates.py
[2024-12-10T08:04:33.217+0000] {logging_mixin.py:190} INFO - [2024-12-10T08:04:33.217+0000] {dag.py:3239} INFO - Sync 1 DAGs
[2024-12-10T08:04:33.283+0000] {logging_mixin.py:190} INFO - [2024-12-10T08:04:33.282+0000] {dag.py:4180} INFO - Setting next_dagrun for tutorial_taskflow_templates to 2024-12-09 00:00:00+00:00, run_after=2024-12-10 00:00:00+00:00
[2024-12-10T08:04:33.345+0000] {processor.py:208} INFO - Processing /home/airflow/.local/lib/python3.12/site-packages/airflow/example_dags/tutorial_taskflow_templates.py took 0.212 seconds
[2024-12-10T08:05:04.075+0000] {processor.py:186} INFO - Started process (PID=1200) to work on /home/airflow/.local/lib/python3.12/site-packages/airflow/example_dags/tutorial_taskflow_templates.py
[2024-12-10T08:05:04.076+0000] {processor.py:914} INFO - Processing file /home/airflow/.local/lib/python3.12/site-packages/airflow/example_dags/tutorial_taskflow_templates.py for tasks to queue
[2024-12-10T08:05:04.079+0000] {logging_mixin.py:190} INFO - [2024-12-10T08:05:04.078+0000] {dagbag.py:588} INFO - Filling up the DagBag from /home/airflow/.local/lib/python3.12/site-packages/airflow/example_dags/tutorial_taskflow_templates.py
[2024-12-10T08:05:04.096+0000] {processor.py:925} INFO - DAG(s) 'tutorial_taskflow_templates' retrieved from /home/airflow/.local/lib/python3.12/site-packages/airflow/example_dags/tutorial_taskflow_templates.py
[2024-12-10T08:05:04.121+0000] {logging_mixin.py:190} INFO - [2024-12-10T08:05:04.121+0000] {dag.py:3239} INFO - Sync 1 DAGs
[2024-12-10T08:05:04.156+0000] {logging_mixin.py:190} INFO - [2024-12-10T08:05:04.155+0000] {dag.py:4180} INFO - Setting next_dagrun for tutorial_taskflow_templates to 2024-12-09 00:00:00+00:00, run_after=2024-12-10 00:00:00+00:00
[2024-12-10T08:05:04.178+0000] {processor.py:208} INFO - Processing /home/airflow/.local/lib/python3.12/site-packages/airflow/example_dags/tutorial_taskflow_templates.py took 0.110 seconds
[2024-12-10T08:05:34.947+0000] {processor.py:186} INFO - Started process (PID=1263) to work on /home/airflow/.local/lib/python3.12/site-packages/airflow/example_dags/tutorial_taskflow_templates.py
[2024-12-10T08:05:34.948+0000] {processor.py:914} INFO - Processing file /home/airflow/.local/lib/python3.12/site-packages/airflow/example_dags/tutorial_taskflow_templates.py for tasks to queue
[2024-12-10T08:05:34.951+0000] {logging_mixin.py:190} INFO - [2024-12-10T08:05:34.951+0000] {dagbag.py:588} INFO - Filling up the DagBag from /home/airflow/.local/lib/python3.12/site-packages/airflow/example_dags/tutorial_taskflow_templates.py
[2024-12-10T08:05:34.970+0000] {processor.py:925} INFO - DAG(s) 'tutorial_taskflow_templates' retrieved from /home/airflow/.local/lib/python3.12/site-packages/airflow/example_dags/tutorial_taskflow_templates.py
[2024-12-10T08:05:34.994+0000] {logging_mixin.py:190} INFO - [2024-12-10T08:05:34.994+0000] {dag.py:3239} INFO - Sync 1 DAGs
[2024-12-10T08:05:35.023+0000] {logging_mixin.py:190} INFO - [2024-12-10T08:05:35.023+0000] {dag.py:4180} INFO - Setting next_dagrun for tutorial_taskflow_templates to 2024-12-09 00:00:00+00:00, run_after=2024-12-10 00:00:00+00:00
[2024-12-10T08:05:35.046+0000] {processor.py:208} INFO - Processing /home/airflow/.local/lib/python3.12/site-packages/airflow/example_dags/tutorial_taskflow_templates.py took 0.108 seconds
[2024-12-10T08:06:06.233+0000] {processor.py:186} INFO - Started process (PID=1326) to work on /home/airflow/.local/lib/python3.12/site-packages/airflow/example_dags/tutorial_taskflow_templates.py
[2024-12-10T08:06:06.234+0000] {processor.py:914} INFO - Processing file /home/airflow/.local/lib/python3.12/site-packages/airflow/example_dags/tutorial_taskflow_templates.py for tasks to queue
[2024-12-10T08:06:06.238+0000] {logging_mixin.py:190} INFO - [2024-12-10T08:06:06.237+0000] {dagbag.py:588} INFO - Filling up the DagBag from /home/airflow/.local/lib/python3.12/site-packages/airflow/example_dags/tutorial_taskflow_templates.py
[2024-12-10T08:06:06.256+0000] {processor.py:925} INFO - DAG(s) 'tutorial_taskflow_templates' retrieved from /home/airflow/.local/lib/python3.12/site-packages/airflow/example_dags/tutorial_taskflow_templates.py
[2024-12-10T08:06:06.280+0000] {logging_mixin.py:190} INFO - [2024-12-10T08:06:06.279+0000] {dag.py:3239} INFO - Sync 1 DAGs
[2024-12-10T08:06:06.308+0000] {logging_mixin.py:190} INFO - [2024-12-10T08:06:06.308+0000] {dag.py:4180} INFO - Setting next_dagrun for tutorial_taskflow_templates to 2024-12-09 00:00:00+00:00, run_after=2024-12-10 00:00:00+00:00
[2024-12-10T08:06:06.330+0000] {processor.py:208} INFO - Processing /home/airflow/.local/lib/python3.12/site-packages/airflow/example_dags/tutorial_taskflow_templates.py took 0.105 seconds
[2024-12-10T08:06:38.009+0000] {processor.py:186} INFO - Started process (PID=1389) to work on /home/airflow/.local/lib/python3.12/site-packages/airflow/example_dags/tutorial_taskflow_templates.py
[2024-12-10T08:06:38.011+0000] {processor.py:914} INFO - Processing file /home/airflow/.local/lib/python3.12/site-packages/airflow/example_dags/tutorial_taskflow_templates.py for tasks to queue
[2024-12-10T08:06:38.013+0000] {logging_mixin.py:190} INFO - [2024-12-10T08:06:38.013+0000] {dagbag.py:588} INFO - Filling up the DagBag from /home/airflow/.local/lib/python3.12/site-packages/airflow/example_dags/tutorial_taskflow_templates.py
[2024-12-10T08:06:38.030+0000] {processor.py:925} INFO - DAG(s) 'tutorial_taskflow_templates' retrieved from /home/airflow/.local/lib/python3.12/site-packages/airflow/example_dags/tutorial_taskflow_templates.py
[2024-12-10T08:06:38.056+0000] {logging_mixin.py:190} INFO - [2024-12-10T08:06:38.055+0000] {dag.py:3239} INFO - Sync 1 DAGs
[2024-12-10T08:06:38.087+0000] {logging_mixin.py:190} INFO - [2024-12-10T08:06:38.086+0000] {dag.py:4180} INFO - Setting next_dagrun for tutorial_taskflow_templates to 2024-12-09 00:00:00+00:00, run_after=2024-12-10 00:00:00+00:00
[2024-12-10T08:06:38.109+0000] {processor.py:208} INFO - Processing /home/airflow/.local/lib/python3.12/site-packages/airflow/example_dags/tutorial_taskflow_templates.py took 0.106 seconds
[2024-12-10T08:08:33.007+0000] {processor.py:186} INFO - Started process (PID=123) to work on /home/airflow/.local/lib/python3.12/site-packages/airflow/example_dags/tutorial_taskflow_templates.py
[2024-12-10T08:08:33.009+0000] {processor.py:914} INFO - Processing file /home/airflow/.local/lib/python3.12/site-packages/airflow/example_dags/tutorial_taskflow_templates.py for tasks to queue
[2024-12-10T08:08:33.018+0000] {logging_mixin.py:190} INFO - [2024-12-10T08:08:33.017+0000] {dagbag.py:588} INFO - Filling up the DagBag from /home/airflow/.local/lib/python3.12/site-packages/airflow/example_dags/tutorial_taskflow_templates.py
[2024-12-10T08:08:33.055+0000] {processor.py:925} INFO - DAG(s) 'tutorial_taskflow_templates' retrieved from /home/airflow/.local/lib/python3.12/site-packages/airflow/example_dags/tutorial_taskflow_templates.py
[2024-12-10T08:08:33.105+0000] {logging_mixin.py:190} INFO - [2024-12-10T08:08:33.105+0000] {dag.py:3239} INFO - Sync 1 DAGs
[2024-12-10T08:08:33.161+0000] {logging_mixin.py:190} INFO - [2024-12-10T08:08:33.160+0000] {dag.py:4180} INFO - Setting next_dagrun for tutorial_taskflow_templates to 2024-12-09 00:00:00+00:00, run_after=2024-12-10 00:00:00+00:00
[2024-12-10T08:08:33.204+0000] {processor.py:208} INFO - Processing /home/airflow/.local/lib/python3.12/site-packages/airflow/example_dags/tutorial_taskflow_templates.py took 0.206 seconds
[2024-12-10T08:09:04.204+0000] {processor.py:186} INFO - Started process (PID=186) to work on /home/airflow/.local/lib/python3.12/site-packages/airflow/example_dags/tutorial_taskflow_templates.py
[2024-12-10T08:09:04.209+0000] {processor.py:914} INFO - Processing file /home/airflow/.local/lib/python3.12/site-packages/airflow/example_dags/tutorial_taskflow_templates.py for tasks to queue
[2024-12-10T08:09:04.213+0000] {logging_mixin.py:190} INFO - [2024-12-10T08:09:04.213+0000] {dagbag.py:588} INFO - Filling up the DagBag from /home/airflow/.local/lib/python3.12/site-packages/airflow/example_dags/tutorial_taskflow_templates.py
[2024-12-10T08:09:04.233+0000] {processor.py:925} INFO - DAG(s) 'tutorial_taskflow_templates' retrieved from /home/airflow/.local/lib/python3.12/site-packages/airflow/example_dags/tutorial_taskflow_templates.py
[2024-12-10T08:09:04.263+0000] {logging_mixin.py:190} INFO - [2024-12-10T08:09:04.262+0000] {dag.py:3239} INFO - Sync 1 DAGs
[2024-12-10T08:09:04.307+0000] {logging_mixin.py:190} INFO - [2024-12-10T08:09:04.306+0000] {dag.py:4180} INFO - Setting next_dagrun for tutorial_taskflow_templates to 2024-12-09 00:00:00+00:00, run_after=2024-12-10 00:00:00+00:00
[2024-12-10T08:09:04.339+0000] {processor.py:208} INFO - Processing /home/airflow/.local/lib/python3.12/site-packages/airflow/example_dags/tutorial_taskflow_templates.py took 0.144 seconds
[2024-12-10T08:09:35.280+0000] {processor.py:186} INFO - Started process (PID=249) to work on /home/airflow/.local/lib/python3.12/site-packages/airflow/example_dags/tutorial_taskflow_templates.py
[2024-12-10T08:09:35.282+0000] {processor.py:914} INFO - Processing file /home/airflow/.local/lib/python3.12/site-packages/airflow/example_dags/tutorial_taskflow_templates.py for tasks to queue
[2024-12-10T08:09:35.286+0000] {logging_mixin.py:190} INFO - [2024-12-10T08:09:35.286+0000] {dagbag.py:588} INFO - Filling up the DagBag from /home/airflow/.local/lib/python3.12/site-packages/airflow/example_dags/tutorial_taskflow_templates.py
[2024-12-10T08:09:35.307+0000] {processor.py:925} INFO - DAG(s) 'tutorial_taskflow_templates' retrieved from /home/airflow/.local/lib/python3.12/site-packages/airflow/example_dags/tutorial_taskflow_templates.py
[2024-12-10T08:09:35.336+0000] {logging_mixin.py:190} INFO - [2024-12-10T08:09:35.335+0000] {dag.py:3239} INFO - Sync 1 DAGs
[2024-12-10T08:09:35.370+0000] {logging_mixin.py:190} INFO - [2024-12-10T08:09:35.370+0000] {dag.py:4180} INFO - Setting next_dagrun for tutorial_taskflow_templates to 2024-12-09 00:00:00+00:00, run_after=2024-12-10 00:00:00+00:00
[2024-12-10T08:09:35.395+0000] {processor.py:208} INFO - Processing /home/airflow/.local/lib/python3.12/site-packages/airflow/example_dags/tutorial_taskflow_templates.py took 0.125 seconds
[2024-12-10T08:10:06.759+0000] {processor.py:186} INFO - Started process (PID=312) to work on /home/airflow/.local/lib/python3.12/site-packages/airflow/example_dags/tutorial_taskflow_templates.py
[2024-12-10T08:10:06.760+0000] {processor.py:914} INFO - Processing file /home/airflow/.local/lib/python3.12/site-packages/airflow/example_dags/tutorial_taskflow_templates.py for tasks to queue
[2024-12-10T08:10:06.763+0000] {logging_mixin.py:190} INFO - [2024-12-10T08:10:06.763+0000] {dagbag.py:588} INFO - Filling up the DagBag from /home/airflow/.local/lib/python3.12/site-packages/airflow/example_dags/tutorial_taskflow_templates.py
[2024-12-10T08:10:06.779+0000] {processor.py:925} INFO - DAG(s) 'tutorial_taskflow_templates' retrieved from /home/airflow/.local/lib/python3.12/site-packages/airflow/example_dags/tutorial_taskflow_templates.py
[2024-12-10T08:10:06.802+0000] {logging_mixin.py:190} INFO - [2024-12-10T08:10:06.802+0000] {dag.py:3239} INFO - Sync 1 DAGs
[2024-12-10T08:10:06.832+0000] {logging_mixin.py:190} INFO - [2024-12-10T08:10:06.832+0000] {dag.py:4180} INFO - Setting next_dagrun for tutorial_taskflow_templates to 2024-12-09 00:00:00+00:00, run_after=2024-12-10 00:00:00+00:00
[2024-12-10T08:10:06.854+0000] {processor.py:208} INFO - Processing /home/airflow/.local/lib/python3.12/site-packages/airflow/example_dags/tutorial_taskflow_templates.py took 0.102 seconds
[2024-12-10T08:10:37.856+0000] {processor.py:186} INFO - Started process (PID=375) to work on /home/airflow/.local/lib/python3.12/site-packages/airflow/example_dags/tutorial_taskflow_templates.py
[2024-12-10T08:10:37.858+0000] {processor.py:914} INFO - Processing file /home/airflow/.local/lib/python3.12/site-packages/airflow/example_dags/tutorial_taskflow_templates.py for tasks to queue
[2024-12-10T08:10:37.861+0000] {logging_mixin.py:190} INFO - [2024-12-10T08:10:37.861+0000] {dagbag.py:588} INFO - Filling up the DagBag from /home/airflow/.local/lib/python3.12/site-packages/airflow/example_dags/tutorial_taskflow_templates.py
[2024-12-10T08:10:37.876+0000] {processor.py:925} INFO - DAG(s) 'tutorial_taskflow_templates' retrieved from /home/airflow/.local/lib/python3.12/site-packages/airflow/example_dags/tutorial_taskflow_templates.py
[2024-12-10T08:10:37.899+0000] {logging_mixin.py:190} INFO - [2024-12-10T08:10:37.899+0000] {dag.py:3239} INFO - Sync 1 DAGs
[2024-12-10T08:10:37.950+0000] {logging_mixin.py:190} INFO - [2024-12-10T08:10:37.949+0000] {dag.py:4180} INFO - Setting next_dagrun for tutorial_taskflow_templates to 2024-12-09 00:00:00+00:00, run_after=2024-12-10 00:00:00+00:00
[2024-12-10T08:10:37.973+0000] {processor.py:208} INFO - Processing /home/airflow/.local/lib/python3.12/site-packages/airflow/example_dags/tutorial_taskflow_templates.py took 0.123 seconds
[2024-12-10T08:11:09.497+0000] {processor.py:186} INFO - Started process (PID=438) to work on /home/airflow/.local/lib/python3.12/site-packages/airflow/example_dags/tutorial_taskflow_templates.py
[2024-12-10T08:11:09.499+0000] {processor.py:914} INFO - Processing file /home/airflow/.local/lib/python3.12/site-packages/airflow/example_dags/tutorial_taskflow_templates.py for tasks to queue
[2024-12-10T08:11:09.501+0000] {logging_mixin.py:190} INFO - [2024-12-10T08:11:09.501+0000] {dagbag.py:588} INFO - Filling up the DagBag from /home/airflow/.local/lib/python3.12/site-packages/airflow/example_dags/tutorial_taskflow_templates.py
[2024-12-10T08:11:09.516+0000] {processor.py:925} INFO - DAG(s) 'tutorial_taskflow_templates' retrieved from /home/airflow/.local/lib/python3.12/site-packages/airflow/example_dags/tutorial_taskflow_templates.py
[2024-12-10T08:11:09.538+0000] {logging_mixin.py:190} INFO - [2024-12-10T08:11:09.537+0000] {dag.py:3239} INFO - Sync 1 DAGs
[2024-12-10T08:11:09.565+0000] {logging_mixin.py:190} INFO - [2024-12-10T08:11:09.565+0000] {dag.py:4180} INFO - Setting next_dagrun for tutorial_taskflow_templates to 2024-12-09 00:00:00+00:00, run_after=2024-12-10 00:00:00+00:00
[2024-12-10T08:11:09.585+0000] {processor.py:208} INFO - Processing /home/airflow/.local/lib/python3.12/site-packages/airflow/example_dags/tutorial_taskflow_templates.py took 0.095 seconds
[2024-12-10T08:11:41.444+0000] {processor.py:186} INFO - Started process (PID=501) to work on /home/airflow/.local/lib/python3.12/site-packages/airflow/example_dags/tutorial_taskflow_templates.py
[2024-12-10T08:11:41.446+0000] {processor.py:914} INFO - Processing file /home/airflow/.local/lib/python3.12/site-packages/airflow/example_dags/tutorial_taskflow_templates.py for tasks to queue
[2024-12-10T08:11:41.449+0000] {logging_mixin.py:190} INFO - [2024-12-10T08:11:41.449+0000] {dagbag.py:588} INFO - Filling up the DagBag from /home/airflow/.local/lib/python3.12/site-packages/airflow/example_dags/tutorial_taskflow_templates.py
[2024-12-10T08:11:41.471+0000] {processor.py:925} INFO - DAG(s) 'tutorial_taskflow_templates' retrieved from /home/airflow/.local/lib/python3.12/site-packages/airflow/example_dags/tutorial_taskflow_templates.py
[2024-12-10T08:11:41.504+0000] {logging_mixin.py:190} INFO - [2024-12-10T08:11:41.504+0000] {dag.py:3239} INFO - Sync 1 DAGs
[2024-12-10T08:11:41.554+0000] {logging_mixin.py:190} INFO - [2024-12-10T08:11:41.554+0000] {dag.py:4180} INFO - Setting next_dagrun for tutorial_taskflow_templates to 2024-12-09 00:00:00+00:00, run_after=2024-12-10 00:00:00+00:00
[2024-12-10T08:11:41.584+0000] {processor.py:208} INFO - Processing /home/airflow/.local/lib/python3.12/site-packages/airflow/example_dags/tutorial_taskflow_templates.py took 0.150 seconds
[2024-12-10T08:12:12.778+0000] {processor.py:186} INFO - Started process (PID=564) to work on /home/airflow/.local/lib/python3.12/site-packages/airflow/example_dags/tutorial_taskflow_templates.py
[2024-12-10T08:12:12.780+0000] {processor.py:914} INFO - Processing file /home/airflow/.local/lib/python3.12/site-packages/airflow/example_dags/tutorial_taskflow_templates.py for tasks to queue
[2024-12-10T08:12:12.785+0000] {logging_mixin.py:190} INFO - [2024-12-10T08:12:12.784+0000] {dagbag.py:588} INFO - Filling up the DagBag from /home/airflow/.local/lib/python3.12/site-packages/airflow/example_dags/tutorial_taskflow_templates.py
[2024-12-10T08:12:12.809+0000] {processor.py:925} INFO - DAG(s) 'tutorial_taskflow_templates' retrieved from /home/airflow/.local/lib/python3.12/site-packages/airflow/example_dags/tutorial_taskflow_templates.py
[2024-12-10T08:12:12.839+0000] {logging_mixin.py:190} INFO - [2024-12-10T08:12:12.838+0000] {dag.py:3239} INFO - Sync 1 DAGs
[2024-12-10T08:12:12.881+0000] {logging_mixin.py:190} INFO - [2024-12-10T08:12:12.881+0000] {dag.py:4180} INFO - Setting next_dagrun for tutorial_taskflow_templates to 2024-12-09 00:00:00+00:00, run_after=2024-12-10 00:00:00+00:00
[2024-12-10T08:12:12.911+0000] {processor.py:208} INFO - Processing /home/airflow/.local/lib/python3.12/site-packages/airflow/example_dags/tutorial_taskflow_templates.py took 0.146 seconds
[2024-12-10T08:12:43.566+0000] {processor.py:186} INFO - Started process (PID=627) to work on /home/airflow/.local/lib/python3.12/site-packages/airflow/example_dags/tutorial_taskflow_templates.py
[2024-12-10T08:12:43.567+0000] {processor.py:914} INFO - Processing file /home/airflow/.local/lib/python3.12/site-packages/airflow/example_dags/tutorial_taskflow_templates.py for tasks to queue
[2024-12-10T08:12:43.571+0000] {logging_mixin.py:190} INFO - [2024-12-10T08:12:43.570+0000] {dagbag.py:588} INFO - Filling up the DagBag from /home/airflow/.local/lib/python3.12/site-packages/airflow/example_dags/tutorial_taskflow_templates.py
[2024-12-10T08:12:43.587+0000] {processor.py:925} INFO - DAG(s) 'tutorial_taskflow_templates' retrieved from /home/airflow/.local/lib/python3.12/site-packages/airflow/example_dags/tutorial_taskflow_templates.py
[2024-12-10T08:12:43.612+0000] {logging_mixin.py:190} INFO - [2024-12-10T08:12:43.612+0000] {dag.py:3239} INFO - Sync 1 DAGs
[2024-12-10T08:12:43.646+0000] {logging_mixin.py:190} INFO - [2024-12-10T08:12:43.646+0000] {dag.py:4180} INFO - Setting next_dagrun for tutorial_taskflow_templates to 2024-12-09 00:00:00+00:00, run_after=2024-12-10 00:00:00+00:00
[2024-12-10T08:12:43.667+0000] {processor.py:208} INFO - Processing /home/airflow/.local/lib/python3.12/site-packages/airflow/example_dags/tutorial_taskflow_templates.py took 0.108 seconds
[2024-12-10T08:13:15.092+0000] {processor.py:186} INFO - Started process (PID=690) to work on /home/airflow/.local/lib/python3.12/site-packages/airflow/example_dags/tutorial_taskflow_templates.py
[2024-12-10T08:13:15.093+0000] {processor.py:914} INFO - Processing file /home/airflow/.local/lib/python3.12/site-packages/airflow/example_dags/tutorial_taskflow_templates.py for tasks to queue
[2024-12-10T08:13:15.098+0000] {logging_mixin.py:190} INFO - [2024-12-10T08:13:15.098+0000] {dagbag.py:588} INFO - Filling up the DagBag from /home/airflow/.local/lib/python3.12/site-packages/airflow/example_dags/tutorial_taskflow_templates.py
[2024-12-10T08:13:15.116+0000] {processor.py:925} INFO - DAG(s) 'tutorial_taskflow_templates' retrieved from /home/airflow/.local/lib/python3.12/site-packages/airflow/example_dags/tutorial_taskflow_templates.py
[2024-12-10T08:13:15.146+0000] {logging_mixin.py:190} INFO - [2024-12-10T08:13:15.145+0000] {dag.py:3239} INFO - Sync 1 DAGs
[2024-12-10T08:13:15.188+0000] {logging_mixin.py:190} INFO - [2024-12-10T08:13:15.188+0000] {dag.py:4180} INFO - Setting next_dagrun for tutorial_taskflow_templates to 2024-12-09 00:00:00+00:00, run_after=2024-12-10 00:00:00+00:00
[2024-12-10T08:13:15.216+0000] {processor.py:208} INFO - Processing /home/airflow/.local/lib/python3.12/site-packages/airflow/example_dags/tutorial_taskflow_templates.py took 0.131 seconds
[2024-12-10T08:13:46.853+0000] {processor.py:186} INFO - Started process (PID=753) to work on /home/airflow/.local/lib/python3.12/site-packages/airflow/example_dags/tutorial_taskflow_templates.py
[2024-12-10T08:13:46.855+0000] {processor.py:914} INFO - Processing file /home/airflow/.local/lib/python3.12/site-packages/airflow/example_dags/tutorial_taskflow_templates.py for tasks to queue
[2024-12-10T08:13:46.858+0000] {logging_mixin.py:190} INFO - [2024-12-10T08:13:46.857+0000] {dagbag.py:588} INFO - Filling up the DagBag from /home/airflow/.local/lib/python3.12/site-packages/airflow/example_dags/tutorial_taskflow_templates.py
[2024-12-10T08:13:46.875+0000] {processor.py:925} INFO - DAG(s) 'tutorial_taskflow_templates' retrieved from /home/airflow/.local/lib/python3.12/site-packages/airflow/example_dags/tutorial_taskflow_templates.py
[2024-12-10T08:13:46.902+0000] {logging_mixin.py:190} INFO - [2024-12-10T08:13:46.902+0000] {dag.py:3239} INFO - Sync 1 DAGs
[2024-12-10T08:13:46.938+0000] {logging_mixin.py:190} INFO - [2024-12-10T08:13:46.937+0000] {dag.py:4180} INFO - Setting next_dagrun for tutorial_taskflow_templates to 2024-12-09 00:00:00+00:00, run_after=2024-12-10 00:00:00+00:00
[2024-12-10T08:13:46.962+0000] {processor.py:208} INFO - Processing /home/airflow/.local/lib/python3.12/site-packages/airflow/example_dags/tutorial_taskflow_templates.py took 0.116 seconds
[2024-12-10T08:15:37.645+0000] {processor.py:186} INFO - Started process (PID=123) to work on /home/airflow/.local/lib/python3.12/site-packages/airflow/example_dags/tutorial_taskflow_templates.py
[2024-12-10T08:15:37.646+0000] {processor.py:914} INFO - Processing file /home/airflow/.local/lib/python3.12/site-packages/airflow/example_dags/tutorial_taskflow_templates.py for tasks to queue
[2024-12-10T08:15:37.649+0000] {logging_mixin.py:190} INFO - [2024-12-10T08:15:37.649+0000] {dagbag.py:588} INFO - Filling up the DagBag from /home/airflow/.local/lib/python3.12/site-packages/airflow/example_dags/tutorial_taskflow_templates.py
[2024-12-10T08:15:37.673+0000] {processor.py:925} INFO - DAG(s) 'tutorial_taskflow_templates' retrieved from /home/airflow/.local/lib/python3.12/site-packages/airflow/example_dags/tutorial_taskflow_templates.py
[2024-12-10T08:15:37.701+0000] {logging_mixin.py:190} INFO - [2024-12-10T08:15:37.701+0000] {dag.py:3239} INFO - Sync 1 DAGs
[2024-12-10T08:15:37.734+0000] {logging_mixin.py:190} INFO - [2024-12-10T08:15:37.733+0000] {dag.py:4180} INFO - Setting next_dagrun for tutorial_taskflow_templates to 2024-12-09 00:00:00+00:00, run_after=2024-12-10 00:00:00+00:00
[2024-12-10T08:15:37.802+0000] {processor.py:208} INFO - Processing /home/airflow/.local/lib/python3.12/site-packages/airflow/example_dags/tutorial_taskflow_templates.py took 0.164 seconds
[2024-12-10T08:16:08.465+0000] {processor.py:186} INFO - Started process (PID=186) to work on /home/airflow/.local/lib/python3.12/site-packages/airflow/example_dags/tutorial_taskflow_templates.py
[2024-12-10T08:16:08.467+0000] {processor.py:914} INFO - Processing file /home/airflow/.local/lib/python3.12/site-packages/airflow/example_dags/tutorial_taskflow_templates.py for tasks to queue
[2024-12-10T08:16:08.469+0000] {logging_mixin.py:190} INFO - [2024-12-10T08:16:08.469+0000] {dagbag.py:588} INFO - Filling up the DagBag from /home/airflow/.local/lib/python3.12/site-packages/airflow/example_dags/tutorial_taskflow_templates.py
[2024-12-10T08:16:08.484+0000] {processor.py:925} INFO - DAG(s) 'tutorial_taskflow_templates' retrieved from /home/airflow/.local/lib/python3.12/site-packages/airflow/example_dags/tutorial_taskflow_templates.py
[2024-12-10T08:16:08.506+0000] {logging_mixin.py:190} INFO - [2024-12-10T08:16:08.506+0000] {dag.py:3239} INFO - Sync 1 DAGs
[2024-12-10T08:16:08.538+0000] {logging_mixin.py:190} INFO - [2024-12-10T08:16:08.537+0000] {dag.py:4180} INFO - Setting next_dagrun for tutorial_taskflow_templates to 2024-12-09 00:00:00+00:00, run_after=2024-12-10 00:00:00+00:00
[2024-12-10T08:16:08.562+0000] {processor.py:208} INFO - Processing /home/airflow/.local/lib/python3.12/site-packages/airflow/example_dags/tutorial_taskflow_templates.py took 0.104 seconds
[2024-12-10T08:16:39.398+0000] {processor.py:186} INFO - Started process (PID=249) to work on /home/airflow/.local/lib/python3.12/site-packages/airflow/example_dags/tutorial_taskflow_templates.py
[2024-12-10T08:16:39.399+0000] {processor.py:914} INFO - Processing file /home/airflow/.local/lib/python3.12/site-packages/airflow/example_dags/tutorial_taskflow_templates.py for tasks to queue
[2024-12-10T08:16:39.402+0000] {logging_mixin.py:190} INFO - [2024-12-10T08:16:39.402+0000] {dagbag.py:588} INFO - Filling up the DagBag from /home/airflow/.local/lib/python3.12/site-packages/airflow/example_dags/tutorial_taskflow_templates.py
[2024-12-10T08:16:39.418+0000] {processor.py:925} INFO - DAG(s) 'tutorial_taskflow_templates' retrieved from /home/airflow/.local/lib/python3.12/site-packages/airflow/example_dags/tutorial_taskflow_templates.py
[2024-12-10T08:16:39.443+0000] {logging_mixin.py:190} INFO - [2024-12-10T08:16:39.442+0000] {dag.py:3239} INFO - Sync 1 DAGs
[2024-12-10T08:16:39.474+0000] {logging_mixin.py:190} INFO - [2024-12-10T08:16:39.474+0000] {dag.py:4180} INFO - Setting next_dagrun for tutorial_taskflow_templates to 2024-12-09 00:00:00+00:00, run_after=2024-12-10 00:00:00+00:00
[2024-12-10T08:16:39.497+0000] {processor.py:208} INFO - Processing /home/airflow/.local/lib/python3.12/site-packages/airflow/example_dags/tutorial_taskflow_templates.py took 0.106 seconds
[2024-12-10T08:17:10.603+0000] {processor.py:186} INFO - Started process (PID=312) to work on /home/airflow/.local/lib/python3.12/site-packages/airflow/example_dags/tutorial_taskflow_templates.py
[2024-12-10T08:17:10.604+0000] {processor.py:914} INFO - Processing file /home/airflow/.local/lib/python3.12/site-packages/airflow/example_dags/tutorial_taskflow_templates.py for tasks to queue
[2024-12-10T08:17:10.607+0000] {logging_mixin.py:190} INFO - [2024-12-10T08:17:10.607+0000] {dagbag.py:588} INFO - Filling up the DagBag from /home/airflow/.local/lib/python3.12/site-packages/airflow/example_dags/tutorial_taskflow_templates.py
[2024-12-10T08:17:10.628+0000] {processor.py:925} INFO - DAG(s) 'tutorial_taskflow_templates' retrieved from /home/airflow/.local/lib/python3.12/site-packages/airflow/example_dags/tutorial_taskflow_templates.py
[2024-12-10T08:17:10.654+0000] {logging_mixin.py:190} INFO - [2024-12-10T08:17:10.653+0000] {dag.py:3239} INFO - Sync 1 DAGs
[2024-12-10T08:17:10.683+0000] {logging_mixin.py:190} INFO - [2024-12-10T08:17:10.683+0000] {dag.py:4180} INFO - Setting next_dagrun for tutorial_taskflow_templates to 2024-12-09 00:00:00+00:00, run_after=2024-12-10 00:00:00+00:00
[2024-12-10T08:17:10.705+0000] {processor.py:208} INFO - Processing /home/airflow/.local/lib/python3.12/site-packages/airflow/example_dags/tutorial_taskflow_templates.py took 0.110 seconds
[2024-12-10T08:17:41.813+0000] {processor.py:186} INFO - Started process (PID=374) to work on /home/airflow/.local/lib/python3.12/site-packages/airflow/example_dags/tutorial_taskflow_templates.py
[2024-12-10T08:17:41.814+0000] {processor.py:914} INFO - Processing file /home/airflow/.local/lib/python3.12/site-packages/airflow/example_dags/tutorial_taskflow_templates.py for tasks to queue
[2024-12-10T08:17:41.817+0000] {logging_mixin.py:190} INFO - [2024-12-10T08:17:41.817+0000] {dagbag.py:588} INFO - Filling up the DagBag from /home/airflow/.local/lib/python3.12/site-packages/airflow/example_dags/tutorial_taskflow_templates.py
[2024-12-10T08:17:41.833+0000] {processor.py:925} INFO - DAG(s) 'tutorial_taskflow_templates' retrieved from /home/airflow/.local/lib/python3.12/site-packages/airflow/example_dags/tutorial_taskflow_templates.py
[2024-12-10T08:17:41.860+0000] {logging_mixin.py:190} INFO - [2024-12-10T08:17:41.860+0000] {dag.py:3239} INFO - Sync 1 DAGs
[2024-12-10T08:17:41.892+0000] {logging_mixin.py:190} INFO - [2024-12-10T08:17:41.892+0000] {dag.py:4180} INFO - Setting next_dagrun for tutorial_taskflow_templates to 2024-12-09 00:00:00+00:00, run_after=2024-12-10 00:00:00+00:00
[2024-12-10T08:17:41.914+0000] {processor.py:208} INFO - Processing /home/airflow/.local/lib/python3.12/site-packages/airflow/example_dags/tutorial_taskflow_templates.py took 0.108 seconds
[2024-12-10T08:18:12.892+0000] {processor.py:186} INFO - Started process (PID=437) to work on /home/airflow/.local/lib/python3.12/site-packages/airflow/example_dags/tutorial_taskflow_templates.py
[2024-12-10T08:18:12.893+0000] {processor.py:914} INFO - Processing file /home/airflow/.local/lib/python3.12/site-packages/airflow/example_dags/tutorial_taskflow_templates.py for tasks to queue
[2024-12-10T08:18:12.896+0000] {logging_mixin.py:190} INFO - [2024-12-10T08:18:12.896+0000] {dagbag.py:588} INFO - Filling up the DagBag from /home/airflow/.local/lib/python3.12/site-packages/airflow/example_dags/tutorial_taskflow_templates.py
[2024-12-10T08:18:12.911+0000] {processor.py:925} INFO - DAG(s) 'tutorial_taskflow_templates' retrieved from /home/airflow/.local/lib/python3.12/site-packages/airflow/example_dags/tutorial_taskflow_templates.py
[2024-12-10T08:18:12.934+0000] {logging_mixin.py:190} INFO - [2024-12-10T08:18:12.934+0000] {dag.py:3239} INFO - Sync 1 DAGs
[2024-12-10T08:18:12.962+0000] {logging_mixin.py:190} INFO - [2024-12-10T08:18:12.962+0000] {dag.py:4180} INFO - Setting next_dagrun for tutorial_taskflow_templates to 2024-12-09 00:00:00+00:00, run_after=2024-12-10 00:00:00+00:00
[2024-12-10T08:18:12.983+0000] {processor.py:208} INFO - Processing /home/airflow/.local/lib/python3.12/site-packages/airflow/example_dags/tutorial_taskflow_templates.py took 0.097 seconds
[2024-12-10T08:18:44.550+0000] {processor.py:186} INFO - Started process (PID=500) to work on /home/airflow/.local/lib/python3.12/site-packages/airflow/example_dags/tutorial_taskflow_templates.py
[2024-12-10T08:18:44.551+0000] {processor.py:914} INFO - Processing file /home/airflow/.local/lib/python3.12/site-packages/airflow/example_dags/tutorial_taskflow_templates.py for tasks to queue
[2024-12-10T08:18:44.554+0000] {logging_mixin.py:190} INFO - [2024-12-10T08:18:44.553+0000] {dagbag.py:588} INFO - Filling up the DagBag from /home/airflow/.local/lib/python3.12/site-packages/airflow/example_dags/tutorial_taskflow_templates.py
[2024-12-10T08:18:44.569+0000] {processor.py:925} INFO - DAG(s) 'tutorial_taskflow_templates' retrieved from /home/airflow/.local/lib/python3.12/site-packages/airflow/example_dags/tutorial_taskflow_templates.py
[2024-12-10T08:18:44.593+0000] {logging_mixin.py:190} INFO - [2024-12-10T08:18:44.593+0000] {dag.py:3239} INFO - Sync 1 DAGs
[2024-12-10T08:18:44.622+0000] {logging_mixin.py:190} INFO - [2024-12-10T08:18:44.621+0000] {dag.py:4180} INFO - Setting next_dagrun for tutorial_taskflow_templates to 2024-12-09 00:00:00+00:00, run_after=2024-12-10 00:00:00+00:00
[2024-12-10T08:18:44.644+0000] {processor.py:208} INFO - Processing /home/airflow/.local/lib/python3.12/site-packages/airflow/example_dags/tutorial_taskflow_templates.py took 0.101 seconds
[2024-12-10T08:19:15.799+0000] {processor.py:186} INFO - Started process (PID=563) to work on /home/airflow/.local/lib/python3.12/site-packages/airflow/example_dags/tutorial_taskflow_templates.py
[2024-12-10T08:19:15.800+0000] {processor.py:914} INFO - Processing file /home/airflow/.local/lib/python3.12/site-packages/airflow/example_dags/tutorial_taskflow_templates.py for tasks to queue
[2024-12-10T08:19:15.803+0000] {logging_mixin.py:190} INFO - [2024-12-10T08:19:15.803+0000] {dagbag.py:588} INFO - Filling up the DagBag from /home/airflow/.local/lib/python3.12/site-packages/airflow/example_dags/tutorial_taskflow_templates.py
[2024-12-10T08:19:15.820+0000] {processor.py:925} INFO - DAG(s) 'tutorial_taskflow_templates' retrieved from /home/airflow/.local/lib/python3.12/site-packages/airflow/example_dags/tutorial_taskflow_templates.py
[2024-12-10T08:19:15.849+0000] {logging_mixin.py:190} INFO - [2024-12-10T08:19:15.849+0000] {dag.py:3239} INFO - Sync 1 DAGs
[2024-12-10T08:19:15.884+0000] {logging_mixin.py:190} INFO - [2024-12-10T08:19:15.883+0000] {dag.py:4180} INFO - Setting next_dagrun for tutorial_taskflow_templates to 2024-12-09 00:00:00+00:00, run_after=2024-12-10 00:00:00+00:00
[2024-12-10T08:19:15.910+0000] {processor.py:208} INFO - Processing /home/airflow/.local/lib/python3.12/site-packages/airflow/example_dags/tutorial_taskflow_templates.py took 0.119 seconds
[2024-12-10T08:19:46.719+0000] {processor.py:186} INFO - Started process (PID=626) to work on /home/airflow/.local/lib/python3.12/site-packages/airflow/example_dags/tutorial_taskflow_templates.py
[2024-12-10T08:19:46.720+0000] {processor.py:914} INFO - Processing file /home/airflow/.local/lib/python3.12/site-packages/airflow/example_dags/tutorial_taskflow_templates.py for tasks to queue
[2024-12-10T08:19:46.724+0000] {logging_mixin.py:190} INFO - [2024-12-10T08:19:46.723+0000] {dagbag.py:588} INFO - Filling up the DagBag from /home/airflow/.local/lib/python3.12/site-packages/airflow/example_dags/tutorial_taskflow_templates.py
[2024-12-10T08:19:46.740+0000] {processor.py:925} INFO - DAG(s) 'tutorial_taskflow_templates' retrieved from /home/airflow/.local/lib/python3.12/site-packages/airflow/example_dags/tutorial_taskflow_templates.py
[2024-12-10T08:19:46.770+0000] {logging_mixin.py:190} INFO - [2024-12-10T08:19:46.770+0000] {dag.py:3239} INFO - Sync 1 DAGs
[2024-12-10T08:19:46.801+0000] {logging_mixin.py:190} INFO - [2024-12-10T08:19:46.801+0000] {dag.py:4180} INFO - Setting next_dagrun for tutorial_taskflow_templates to 2024-12-09 00:00:00+00:00, run_after=2024-12-10 00:00:00+00:00
[2024-12-10T08:19:46.844+0000] {processor.py:208} INFO - Processing /home/airflow/.local/lib/python3.12/site-packages/airflow/example_dags/tutorial_taskflow_templates.py took 0.132 seconds
[2024-12-10T08:20:18.687+0000] {processor.py:186} INFO - Started process (PID=689) to work on /home/airflow/.local/lib/python3.12/site-packages/airflow/example_dags/tutorial_taskflow_templates.py
[2024-12-10T08:20:18.689+0000] {processor.py:914} INFO - Processing file /home/airflow/.local/lib/python3.12/site-packages/airflow/example_dags/tutorial_taskflow_templates.py for tasks to queue
[2024-12-10T08:20:18.692+0000] {logging_mixin.py:190} INFO - [2024-12-10T08:20:18.691+0000] {dagbag.py:588} INFO - Filling up the DagBag from /home/airflow/.local/lib/python3.12/site-packages/airflow/example_dags/tutorial_taskflow_templates.py
[2024-12-10T08:20:18.707+0000] {processor.py:925} INFO - DAG(s) 'tutorial_taskflow_templates' retrieved from /home/airflow/.local/lib/python3.12/site-packages/airflow/example_dags/tutorial_taskflow_templates.py
[2024-12-10T08:20:18.732+0000] {logging_mixin.py:190} INFO - [2024-12-10T08:20:18.732+0000] {dag.py:3239} INFO - Sync 1 DAGs
[2024-12-10T08:20:18.765+0000] {logging_mixin.py:190} INFO - [2024-12-10T08:20:18.765+0000] {dag.py:4180} INFO - Setting next_dagrun for tutorial_taskflow_templates to 2024-12-09 00:00:00+00:00, run_after=2024-12-10 00:00:00+00:00
[2024-12-10T08:20:18.810+0000] {processor.py:208} INFO - Processing /home/airflow/.local/lib/python3.12/site-packages/airflow/example_dags/tutorial_taskflow_templates.py took 0.130 seconds
[2024-12-10T08:20:50.429+0000] {processor.py:186} INFO - Started process (PID=752) to work on /home/airflow/.local/lib/python3.12/site-packages/airflow/example_dags/tutorial_taskflow_templates.py
[2024-12-10T08:20:50.431+0000] {processor.py:914} INFO - Processing file /home/airflow/.local/lib/python3.12/site-packages/airflow/example_dags/tutorial_taskflow_templates.py for tasks to queue
[2024-12-10T08:20:50.436+0000] {logging_mixin.py:190} INFO - [2024-12-10T08:20:50.435+0000] {dagbag.py:588} INFO - Filling up the DagBag from /home/airflow/.local/lib/python3.12/site-packages/airflow/example_dags/tutorial_taskflow_templates.py
[2024-12-10T08:20:50.455+0000] {processor.py:925} INFO - DAG(s) 'tutorial_taskflow_templates' retrieved from /home/airflow/.local/lib/python3.12/site-packages/airflow/example_dags/tutorial_taskflow_templates.py
[2024-12-10T08:20:50.485+0000] {logging_mixin.py:190} INFO - [2024-12-10T08:20:50.484+0000] {dag.py:3239} INFO - Sync 1 DAGs
[2024-12-10T08:20:50.519+0000] {logging_mixin.py:190} INFO - [2024-12-10T08:20:50.519+0000] {dag.py:4180} INFO - Setting next_dagrun for tutorial_taskflow_templates to 2024-12-09 00:00:00+00:00, run_after=2024-12-10 00:00:00+00:00
[2024-12-10T08:20:50.547+0000] {processor.py:208} INFO - Processing /home/airflow/.local/lib/python3.12/site-packages/airflow/example_dags/tutorial_taskflow_templates.py took 0.125 seconds
