[2024-12-12T09:24:10.823+0000] {taskinstance.py:1103} INFO - Dependencies all met for dep_context=non-requeueable deps ti=<TaskInstance: dbt_dag_example.run_dbt manual__2024-12-12T09:24:08.306348+00:00 [queued]>
[2024-12-12T09:24:10.833+0000] {taskinstance.py:1103} INFO - Dependencies all met for dep_context=requeueable deps ti=<TaskInstance: dbt_dag_example.run_dbt manual__2024-12-12T09:24:08.306348+00:00 [queued]>
[2024-12-12T09:24:10.834+0000] {taskinstance.py:1308} INFO - Starting attempt 1 of 2
[2024-12-12T09:24:10.850+0000] {taskinstance.py:1327} INFO - Executing <Task(BashOperator): run_dbt> on 2024-12-12 09:24:08.306348+00:00
[2024-12-12T09:24:10.856+0000] {standard_task_runner.py:57} INFO - Started process 3637 to run task
[2024-12-12T09:24:10.859+0000] {standard_task_runner.py:84} INFO - Running: ['***', 'tasks', 'run', 'dbt_dag_example', 'run_dbt', 'manual__2024-12-12T09:24:08.306348+00:00', '--job-id', '175', '--raw', '--subdir', 'DAGS_FOLDER/dbt_duckdb_test.py', '--cfg-path', '/tmp/tmpi4laon0w']
[2024-12-12T09:24:10.861+0000] {standard_task_runner.py:85} INFO - Job 175: Subtask run_dbt
[2024-12-12T09:24:10.921+0000] {task_command.py:410} INFO - Running <TaskInstance: dbt_dag_example.run_dbt manual__2024-12-12T09:24:08.306348+00:00 [running]> on host 15c1365b7b27
[2024-12-12T09:24:11.015+0000] {taskinstance.py:1547} INFO - Exporting env vars: AIRFLOW_CTX_DAG_OWNER='***' AIRFLOW_CTX_DAG_ID='dbt_dag_example' AIRFLOW_CTX_TASK_ID='run_dbt' AIRFLOW_CTX_EXECUTION_DATE='2024-12-12T09:24:08.306348+00:00' AIRFLOW_CTX_TRY_NUMBER='1' AIRFLOW_CTX_DAG_RUN_ID='manual__2024-12-12T09:24:08.306348+00:00'
[2024-12-12T09:24:11.017+0000] {subprocess.py:63} INFO - Tmp dir root location: /tmp
[2024-12-12T09:24:11.018+0000] {subprocess.py:75} INFO - Running command: ['/bin/bash', '-c', 'cd /opt/***/my_dbt_project && ls && dbt run --models business_transformed']
[2024-12-12T09:24:11.029+0000] {subprocess.py:86} INFO - Output:
[2024-12-12T09:24:11.035+0000] {subprocess.py:93} INFO - README.md
[2024-12-12T09:24:11.036+0000] {subprocess.py:93} INFO - analyses
[2024-12-12T09:24:11.037+0000] {subprocess.py:93} INFO - data
[2024-12-12T09:24:11.037+0000] {subprocess.py:93} INFO - dbt_project.yml
[2024-12-12T09:24:11.038+0000] {subprocess.py:93} INFO - dev.duckdb
[2024-12-12T09:24:11.038+0000] {subprocess.py:93} INFO - macros
[2024-12-12T09:24:11.039+0000] {subprocess.py:93} INFO - models
[2024-12-12T09:24:11.039+0000] {subprocess.py:93} INFO - seeds
[2024-12-12T09:24:11.039+0000] {subprocess.py:93} INFO - snapshots
[2024-12-12T09:24:11.040+0000] {subprocess.py:93} INFO - tests
[2024-12-12T09:24:13.823+0000] {subprocess.py:93} INFO - Usage: dbt run [OPTIONS]
[2024-12-12T09:24:13.824+0000] {subprocess.py:93} INFO - Try 'dbt run -h' for help.
[2024-12-12T09:24:13.825+0000] {subprocess.py:93} INFO - 
[2024-12-12T09:24:13.825+0000] {subprocess.py:93} INFO - Error: Invalid value for '--profiles-dir': Path '/home/***/.dbt' does not exist.
[2024-12-12T09:24:14.093+0000] {subprocess.py:97} INFO - Command exited with return code 2
[2024-12-12T09:24:14.107+0000] {taskinstance.py:1824} ERROR - Task failed with exception
Traceback (most recent call last):
  File "/home/airflow/.local/lib/python3.7/site-packages/airflow/operators/bash.py", line 211, in execute
    f"Bash command failed. The command returned a non-zero exit code {result.exit_code}."
airflow.exceptions.AirflowException: Bash command failed. The command returned a non-zero exit code 2.
[2024-12-12T09:24:14.114+0000] {taskinstance.py:1350} INFO - Marking task as UP_FOR_RETRY. dag_id=dbt_dag_example, task_id=run_dbt, execution_date=20241212T092408, start_date=20241212T092410, end_date=20241212T092414
[2024-12-12T09:24:14.152+0000] {standard_task_runner.py:109} ERROR - Failed to execute job 175 for task run_dbt (Bash command failed. The command returned a non-zero exit code 2.; 3637)
[2024-12-12T09:24:14.171+0000] {local_task_job_runner.py:225} INFO - Task exited with return code 1
[2024-12-12T09:24:14.198+0000] {taskinstance.py:2653} INFO - 0 downstream tasks scheduled from follow-on schedule check
