[2024-11-11T05:36:16.349+0000] {taskinstance.py:1103} INFO - Dependencies all met for dep_context=non-requeueable deps ti=<TaskInstance: kaggle_to_duckdb.download_kaggle_data scheduled__2024-11-10T05:35:52.727479+00:00 [queued]>
[2024-11-11T05:36:16.363+0000] {taskinstance.py:1103} INFO - Dependencies all met for dep_context=requeueable deps ti=<TaskInstance: kaggle_to_duckdb.download_kaggle_data scheduled__2024-11-10T05:35:52.727479+00:00 [queued]>
[2024-11-11T05:36:16.366+0000] {taskinstance.py:1308} INFO - Starting attempt 1 of 2
[2024-11-11T05:36:16.388+0000] {taskinstance.py:1327} INFO - Executing <Task(PythonOperator): download_kaggle_data> on 2024-11-10 05:35:52.727479+00:00
[2024-11-11T05:36:16.400+0000] {standard_task_runner.py:57} INFO - Started process 385 to run task
[2024-11-11T05:36:16.404+0000] {standard_task_runner.py:84} INFO - Running: ['***', 'tasks', 'run', 'kaggle_to_duckdb', 'download_kaggle_data', 'scheduled__2024-11-10T05:35:52.727479+00:00', '--job-id', '11', '--raw', '--subdir', 'DAGS_FOLDER/business_etl_v1.py', '--cfg-path', '/tmp/tmpudruzfyi']
[2024-11-11T05:36:16.410+0000] {standard_task_runner.py:85} INFO - Job 11: Subtask download_kaggle_data
[2024-11-11T05:36:16.485+0000] {task_command.py:410} INFO - Running <TaskInstance: kaggle_to_duckdb.download_kaggle_data scheduled__2024-11-10T05:35:52.727479+00:00 [running]> on host 73340d4389ae
[2024-11-11T05:36:16.619+0000] {taskinstance.py:1547} INFO - Exporting env vars: AIRFLOW_CTX_DAG_OWNER='***' AIRFLOW_CTX_DAG_ID='kaggle_to_duckdb' AIRFLOW_CTX_TASK_ID='download_kaggle_data' AIRFLOW_CTX_EXECUTION_DATE='2024-11-10T05:35:52.727479+00:00' AIRFLOW_CTX_TRY_NUMBER='1' AIRFLOW_CTX_DAG_RUN_ID='scheduled__2024-11-10T05:35:52.727479+00:00'
[2024-11-11T05:36:16.628+0000] {logging_mixin.py:150} INFO - Dataset URL: https://www.kaggle.com/datasets/ARMAN/Fortune_500_Corporate_Headquarters.csv
[2024-11-11T05:36:17.003+0000] {taskinstance.py:1824} ERROR - Task failed with exception
Traceback (most recent call last):
  File "/home/airflow/.local/lib/python3.7/site-packages/airflow/operators/python.py", line 181, in execute
    return_value = self.execute_callable()
  File "/home/airflow/.local/lib/python3.7/site-packages/airflow/operators/python.py", line 198, in execute_callable
    return self.python_callable(*self.op_args, **self.op_kwargs)
  File "/opt/airflow/dags/business_etl_v1.py", line 23, in download_kaggle_dataset
    kaggle.api.dataset_download_file(dataset, file_name, path='/data')
  File "/home/airflow/.local/lib/python3.7/site-packages/kaggle/api/kaggle_api_extended.py", line 1460, in dataset_download_file
    _preload_content=False))
  File "/home/airflow/.local/lib/python3.7/site-packages/kaggle/api/kaggle_api.py", line 1682, in datasets_download_file_with_http_info
    collection_formats=collection_formats)
  File "/home/airflow/.local/lib/python3.7/site-packages/kaggle/api_client.py", line 318, in call_api
    _preload_content, _request_timeout)
  File "/home/airflow/.local/lib/python3.7/site-packages/kaggle/api_client.py", line 149, in __call_api
    _request_timeout=_request_timeout)
  File "/home/airflow/.local/lib/python3.7/site-packages/kaggle/api_client.py", line 339, in request
    headers=headers)
  File "/home/airflow/.local/lib/python3.7/site-packages/kaggle/rest.py", line 235, in GET
    query_params=query_params)
  File "/home/airflow/.local/lib/python3.7/site-packages/kaggle/rest.py", line 225, in request
    raise ApiException(http_resp=r)
kaggle.rest.ApiException: (403)
Reason: Forbidden
HTTP response headers: HTTPHeaderDict({'Content-Type': 'application/json', 'Date': 'Mon, 11 Nov 2024 05:36:17 GMT', 'Access-Control-Allow-Credentials': 'true', 'Access-Control-Allow-Origin': '*', 'Set-Cookie': 'ka_sessionid=4d8726d70f9a84eaa5a661e1eb07eba2; max-age=2626560; path=/, GCLB=CNXspZvEoeC3PRAD; path=/; HttpOnly', 'Vary': 'Accept-Encoding', 'X-Kaggle-MillisecondsElapsed': '32', 'X-Kaggle-RequestId': '275fb74b821c2be924adb6ff26d00d5e', 'X-Kaggle-ApiVersion': '1.6.17', 'X-Kaggle-HubVersion': '0.3.3', 'X-Frame-Options': 'SAMEORIGIN', 'Strict-Transport-Security': 'max-age=63072000; includeSubDomains; preload', 'Content-Security-Policy': "object-src 'none'; script-src 'nonce-d7n/BuxctELNVX/dnZe4NA==' 'report-sample' 'unsafe-inline' 'unsafe-eval' 'strict-dynamic' https: http:; base-uri 'none'; report-uri https://csp.withgoogle.com/csp/kaggle/20201130; frame-src 'self' https://www.kaggleusercontent.com https://www.youtube.com/embed/ https://polygraph-cool.github.io https://www.google.com/recaptcha/ https://www.docdroid.com https://www.docdroid.net https://kaggle-static.storage.googleapis.com https://kkb-production.jupyter-proxy.kaggle.net https://kkb-production.firebaseapp.com https://kaggle-metastore.firebaseapp.com https://apis.google.com https://content-sheets.googleapis.com/ https://accounts.google.com/ https://storage.googleapis.com https://docs.google.com https://drive.google.com https://calendar.google.com/ ;", 'X-Content-Type-Options': 'nosniff', 'Referrer-Policy': 'strict-origin-when-cross-origin', 'Via': '1.1 google', 'Alt-Svc': 'h3=":443"; ma=2592000,h3-29=":443"; ma=2592000', 'Transfer-Encoding': 'chunked'})
HTTP response body: b'{"code":403,"message":"Permission \\u0027datasets.get\\u0027 was denied"}'

[2024-11-11T05:36:17.025+0000] {taskinstance.py:1350} INFO - Marking task as UP_FOR_RETRY. dag_id=kaggle_to_duckdb, task_id=download_kaggle_data, execution_date=20241110T053552, start_date=20241111T053616, end_date=20241111T053617
[2024-11-11T05:36:17.060+0000] {standard_task_runner.py:109} ERROR - Failed to execute job 11 for task download_kaggle_data ((403)
Reason: Forbidden
HTTP response headers: HTTPHeaderDict({'Content-Type': 'application/json', 'Date': 'Mon, 11 Nov 2024 05:36:17 GMT', 'Access-Control-Allow-Credentials': 'true', 'Access-Control-Allow-Origin': '*', 'Set-Cookie': 'ka_sessionid=4d8726d70f9a84eaa5a661e1eb07eba2; max-age=2626560; path=/, GCLB=CNXspZvEoeC3PRAD; path=/; HttpOnly', 'Vary': 'Accept-Encoding', 'X-Kaggle-MillisecondsElapsed': '32', 'X-Kaggle-RequestId': '275fb74b821c2be924adb6ff26d00d5e', 'X-Kaggle-ApiVersion': '1.6.17', 'X-Kaggle-HubVersion': '0.3.3', 'X-Frame-Options': 'SAMEORIGIN', 'Strict-Transport-Security': 'max-age=63072000; includeSubDomains; preload', 'Content-Security-Policy': "object-src 'none'; script-src 'nonce-d7n/BuxctELNVX/dnZe4NA==' 'report-sample' 'unsafe-inline' 'unsafe-eval' 'strict-dynamic' https: http:; base-uri 'none'; report-uri https://csp.withgoogle.com/csp/kaggle/20201130; frame-src 'self' https://www.kaggleusercontent.com https://www.youtube.com/embed/ https://polygraph-cool.github.io https://www.google.com/recaptcha/ https://www.docdroid.com https://www.docdroid.net https://kaggle-static.storage.googleapis.com https://kkb-production.jupyter-proxy.kaggle.net https://kkb-production.firebaseapp.com https://kaggle-metastore.firebaseapp.com https://apis.google.com https://content-sheets.googleapis.com/ https://accounts.google.com/ https://storage.googleapis.com https://docs.google.com https://drive.google.com https://calendar.google.com/ ;", 'X-Content-Type-Options': 'nosniff', 'Referrer-Policy': 'strict-origin-when-cross-origin', 'Via': '1.1 google', 'Alt-Svc': 'h3=":443"; ma=2592000,h3-29=":443"; ma=2592000', 'Transfer-Encoding': 'chunked'})
HTTP response body: b'{"code":403,"message":"Permission \\u0027datasets.get\\u0027 was denied"}'
; 385)
[2024-11-11T05:36:17.101+0000] {local_task_job_runner.py:225} INFO - Task exited with return code 1
[2024-11-11T05:36:17.153+0000] {taskinstance.py:2653} INFO - 0 downstream tasks scheduled from follow-on schedule check
