[0m14:50:35.446273 [debug] [MainThread]: Sending event: {'category': 'dbt', 'action': 'invocation', 'label': 'start', 'context': [<snowplow_tracker.self_describing_json.SelfDescribingJson object at 0x0000020344DAD880>, <snowplow_tracker.self_describing_json.SelfDescribingJson object at 0x0000020344DAC440>, <snowplow_tracker.self_describing_json.SelfDescribingJson object at 0x0000020344DAFA40>]}


============================== 14:50:35.479120 | c14fbdc9-3535-4acc-80ab-73323d8acfcb ==============================
[0m14:50:35.479120 [info ] [MainThread]: Running with dbt=1.8.9
[0m14:50:35.485152 [debug] [MainThread]: running dbt with arguments {'printer_width': '80', 'indirect_selection': 'eager', 'write_json': 'True', 'log_cache_events': 'False', 'partial_parse': 'True', 'cache_selected_only': 'False', 'warn_error': 'None', 'fail_fast': 'False', 'debug': 'False', 'log_path': 'logs', 'profiles_dir': 'C:\\Users\\nikopens\\.dbt', 'version_check': 'True', 'use_colors': 'True', 'use_experimental_parser': 'False', 'empty': 'None', 'quiet': 'False', 'no_print': 'None', 'warn_error_options': 'WarnErrorOptions(include=[], exclude=[])', 'static_parser': 'True', 'log_format': 'default', 'invocation_command': 'dbt init my_dbt_project', 'target_path': 'None', 'introspect': 'True', 'send_anonymous_usage_stats': 'True'}
[0m14:50:35.744193 [warn ] [MainThread]: [ConfigFolderDirectory]: Unable to parse logging event dictionary. Failed to parse dir field: expected string or bytes-like object, got 'WindowsPath'.. Dictionary: {'dir': WindowsPath('C:/Users/nikopens/.dbt')}
[0m14:50:35.744193 [info ] [MainThread]: Creating dbt configuration folder at 
[0m14:50:35.758315 [debug] [MainThread]: Starter project path: C:\Users\nikopens\Documents\DataEngineeringApp\etl\venv\Lib\site-packages\dbt\include\starter_project
[0m14:50:35.815166 [info ] [MainThread]: 
Your new dbt project "my_dbt_project" was created!

For more information on how to configure the profiles.yml file,
please consult the dbt documentation here:

  https://docs.getdbt.com/docs/configure-your-profile

One more thing:

Need help? Don't hesitate to reach out to us via GitHub issues or on Slack:

  https://community.getdbt.com/

Happy modeling!

[0m14:50:35.815166 [info ] [MainThread]: Setting up your profile.
[0m14:50:41.594160 [info ] [MainThread]: Profile my_dbt_project written to C:\Users\nikopens\.dbt\profiles.yml using target's sample configuration. Once updated, you'll be able to start developing with dbt.
[0m14:50:41.594160 [debug] [MainThread]: Command `dbt init` succeeded at 14:50:41.594160 after 6.28 seconds
[0m14:50:41.594160 [debug] [MainThread]: Sending event: {'category': 'dbt', 'action': 'invocation', 'label': 'end', 'context': [<snowplow_tracker.self_describing_json.SelfDescribingJson object at 0x0000020344D32120>, <snowplow_tracker.self_describing_json.SelfDescribingJson object at 0x000002034460E870>, <snowplow_tracker.self_describing_json.SelfDescribingJson object at 0x00000203461D8CE0>]}
[0m14:50:41.594160 [debug] [MainThread]: Flushing usage events
