[2024-12-04T11:03:58.395+0000] {taskinstance.py:1103} INFO - Dependencies all met for dep_context=non-requeueable deps ti=<TaskInstance: process_weather_data.load_weather_data_to_duckdb manual__2024-12-04T11:03:57.073607+00:00 [queued]>
[2024-12-04T11:03:58.402+0000] {taskinstance.py:1103} INFO - Dependencies all met for dep_context=requeueable deps ti=<TaskInstance: process_weather_data.load_weather_data_to_duckdb manual__2024-12-04T11:03:57.073607+00:00 [queued]>
[2024-12-04T11:03:58.402+0000] {taskinstance.py:1308} INFO - Starting attempt 1 of 2
[2024-12-04T11:03:58.413+0000] {taskinstance.py:1327} INFO - Executing <Task(PythonOperator): load_weather_data_to_duckdb> on 2024-12-04 11:03:57.073607+00:00
[2024-12-04T11:03:58.422+0000] {standard_task_runner.py:57} INFO - Started process 6503 to run task
[2024-12-04T11:03:58.424+0000] {standard_task_runner.py:84} INFO - Running: ['***', 'tasks', 'run', 'process_weather_data', 'load_weather_data_to_duckdb', 'manual__2024-12-04T11:03:57.073607+00:00', '--job-id', '131', '--raw', '--subdir', 'DAGS_FOLDER/weather_to_duckdb.py', '--cfg-path', '/tmp/tmppccci5mh']
[2024-12-04T11:03:58.426+0000] {standard_task_runner.py:85} INFO - Job 131: Subtask load_weather_data_to_duckdb
[2024-12-04T11:03:58.466+0000] {task_command.py:410} INFO - Running <TaskInstance: process_weather_data.load_weather_data_to_duckdb manual__2024-12-04T11:03:57.073607+00:00 [running]> on host b8f07382af0a
[2024-12-04T11:03:58.544+0000] {taskinstance.py:1547} INFO - Exporting env vars: AIRFLOW_CTX_DAG_OWNER='***' AIRFLOW_CTX_DAG_ID='process_weather_data' AIRFLOW_CTX_TASK_ID='load_weather_data_to_duckdb' AIRFLOW_CTX_EXECUTION_DATE='2024-12-04T11:03:57.073607+00:00' AIRFLOW_CTX_TRY_NUMBER='1' AIRFLOW_CTX_DAG_RUN_ID='manual__2024-12-04T11:03:57.073607+00:00'
[2024-12-04T11:03:59.156+0000] {logging_mixin.py:150} INFO - Processed file: noaa_01073.json
[2024-12-04T11:03:59.225+0000] {logging_mixin.py:150} INFO - Processed file: noaa_04013.json
[2024-12-04T11:03:59.989+0000] {logging_mixin.py:150} INFO - Processed file: noaa_05007.json
[2024-12-04T11:04:00.188+0000] {logging_mixin.py:150} INFO - Processed file: noaa_05119.json
[2024-12-04T11:04:01.724+0000] {logging_mixin.py:150} INFO - Processed file: noaa_05139.json
[2024-12-04T11:04:02.695+0000] {logging_mixin.py:150} INFO - Processed file: noaa_05143.json
[2024-12-04T11:04:02.980+0000] {logging_mixin.py:150} INFO - Processed file: noaa_06001.json
[2024-12-04T11:04:03.277+0000] {logging_mixin.py:150} INFO - Processed file: noaa_06013.json
[2024-12-04T11:04:03.368+0000] {logging_mixin.py:150} INFO - Processed file: noaa_06037.json
[2024-12-04T11:04:03.683+0000] {logging_mixin.py:150} INFO - Processed file: noaa_06059.json
[2024-12-04T11:04:03.776+0000] {logging_mixin.py:150} INFO - Processed file: noaa_06073.json
[2024-12-04T11:04:05.311+0000] {logging_mixin.py:150} INFO - Processed file: noaa_06075.json
[2024-12-04T11:04:05.825+0000] {logging_mixin.py:150} INFO - Processed file: noaa_06081.json
[2024-12-04T11:04:06.025+0000] {logging_mixin.py:150} INFO - Processed file: noaa_06085.json
[2024-12-04T11:04:06.242+0000] {logging_mixin.py:150} INFO - Processed file: noaa_06111.json
[2024-12-04T11:04:06.483+0000] {logging_mixin.py:150} INFO - Processed file: noaa_08005.json
[2024-12-04T11:04:07.049+0000] {logging_mixin.py:150} INFO - Processed file: noaa_08014.json
[2024-12-04T11:04:07.350+0000] {logging_mixin.py:150} INFO - Processed file: noaa_08031.json
[2024-12-04T11:04:07.733+0000] {logging_mixin.py:150} INFO - Processed file: noaa_09001.json
[2024-12-04T11:04:08.197+0000] {logging_mixin.py:150} INFO - Processed file: noaa_09003.json
[2024-12-04T11:04:08.683+0000] {logging_mixin.py:150} INFO - Processed file: noaa_09009.json
[2024-12-04T11:04:09.631+0000] {logging_mixin.py:150} INFO - Processed file: noaa_10003.json
[2024-12-04T11:04:10.652+0000] {logging_mixin.py:150} INFO - Processed file: noaa_11001.json
[2024-12-04T11:04:10.900+0000] {logging_mixin.py:150} INFO - Processed file: noaa_12009.json
[2024-12-04T11:04:11.218+0000] {logging_mixin.py:150} INFO - Processed file: noaa_12011.json
[2024-12-04T11:04:11.559+0000] {logging_mixin.py:150} INFO - Processed file: noaa_12031.json
[2024-12-04T11:04:11.930+0000] {logging_mixin.py:150} INFO - Processed file: noaa_12057.json
[2024-12-04T11:04:12.503+0000] {logging_mixin.py:150} INFO - Processed file: noaa_12071.json
[2024-12-04T11:04:12.779+0000] {logging_mixin.py:150} INFO - Processed file: noaa_12086.json
[2024-12-04T11:04:13.552+0000] {logging_mixin.py:150} INFO - Processed file: noaa_12095.json
[2024-12-04T11:04:13.987+0000] {logging_mixin.py:150} INFO - Processed file: noaa_12099.json
[2024-12-04T11:04:14.438+0000] {logging_mixin.py:150} INFO - Processed file: noaa_12103.json
[2024-12-04T11:04:14.791+0000] {logging_mixin.py:150} INFO - Processed file: noaa_12105.json
[2024-12-04T11:04:15.239+0000] {logging_mixin.py:150} INFO - Processed file: noaa_13067.json
[2024-12-04T11:04:15.983+0000] {logging_mixin.py:150} INFO - Processed file: noaa_13121.json
[2024-12-04T11:04:16.677+0000] {logging_mixin.py:150} INFO - Processed file: noaa_13129.json
[2024-12-04T11:04:16.988+0000] {logging_mixin.py:150} INFO - Processed file: noaa_13135.json
[2024-12-04T11:04:18.892+0000] {logging_mixin.py:150} INFO - Processed file: noaa_13215.json
[2024-12-04T11:04:19.661+0000] {logging_mixin.py:150} INFO - Processed file: noaa_16001.json
[2024-12-04T11:04:19.988+0000] {logging_mixin.py:150} INFO - Processed file: noaa_17031.json
[2024-12-04T11:04:20.607+0000] {logging_mixin.py:150} INFO - Processed file: noaa_17043.json
[2024-12-04T11:04:21.224+0000] {logging_mixin.py:150} INFO - Processed file: noaa_17097.json
[2024-12-04T11:04:22.047+0000] {logging_mixin.py:150} INFO - Processed file: noaa_17113.json
[2024-12-04T11:04:23.136+0000] {logging_mixin.py:150} INFO - Processed file: noaa_17115.json
[2024-12-04T11:04:24.702+0000] {logging_mixin.py:150} INFO - Processed file: noaa_17143.json
[2024-12-04T11:04:25.715+0000] {logging_mixin.py:150} INFO - Processed file: noaa_17161.json
[2024-12-04T11:04:26.593+0000] {logging_mixin.py:150} INFO - Processed file: noaa_18003.json
[2024-12-04T11:04:28.067+0000] {logging_mixin.py:150} INFO - Processed file: noaa_18005.json
[2024-12-04T11:04:28.846+0000] {logging_mixin.py:150} INFO - Processed file: noaa_18085.json
[2024-12-04T11:04:29.502+0000] {logging_mixin.py:150} INFO - Processed file: noaa_18097.json
[2024-12-04T11:04:30.643+0000] {logging_mixin.py:150} INFO - Processed file: noaa_18163.json
[2024-12-04T11:04:31.568+0000] {logging_mixin.py:150} INFO - Processed file: noaa_19113.json
[2024-12-04T11:04:32.217+0000] {logging_mixin.py:150} INFO - Processed file: noaa_19153.json
[2024-12-04T11:04:33.084+0000] {logging_mixin.py:150} INFO - Processed file: noaa_20091.json
[2024-12-04T11:04:33.545+0000] {logging_mixin.py:150} INFO - Processed file: noaa_20173.json
[2024-12-04T11:04:34.416+0000] {logging_mixin.py:150} INFO - Processed file: noaa_21111.json
[2024-12-04T11:04:36.960+0000] {logging_mixin.py:150} INFO - Processed file: noaa_22055.json
[2024-12-04T11:04:37.632+0000] {logging_mixin.py:150} INFO - Processed file: noaa_22073.json
[2024-12-04T11:04:38.002+0000] {logging_mixin.py:150} INFO - Processed file: noaa_24031.json
[2024-12-04T11:04:39.261+0000] {logging_mixin.py:150} INFO - Processed file: noaa_25013.json
[2024-12-04T11:04:39.649+0000] {logging_mixin.py:150} INFO - Processed file: noaa_25017.json
[2024-12-04T11:04:40.020+0000] {logging_mixin.py:150} INFO - Processed file: noaa_25023.json
[2024-12-04T11:04:40.667+0000] {logging_mixin.py:150} INFO - Processed file: noaa_26021.json
[2024-12-04T11:04:41.776+0000] {logging_mixin.py:150} INFO - Processed file: noaa_26025.json
[2024-12-04T11:04:42.883+0000] {logging_mixin.py:150} INFO - Processed file: noaa_26045.json
[2024-12-04T11:04:44.550+0000] {logging_mixin.py:150} INFO - Processed file: noaa_26075.json
[2024-12-04T11:04:45.843+0000] {logging_mixin.py:150} INFO - Processed file: noaa_26077.json
[2024-12-04T11:04:46.489+0000] {logging_mixin.py:150} INFO - Processed file: noaa_26081.json
[2024-12-04T11:04:47.918+0000] {logging_mixin.py:150} INFO - Processed file: noaa_26111.json
[2024-12-04T11:04:48.323+0000] {logging_mixin.py:150} INFO - Processed file: noaa_26125.json
[2024-12-04T11:04:48.763+0000] {logging_mixin.py:150} INFO - Processed file: noaa_26163.json
[2024-12-04T11:04:49.263+0000] {logging_mixin.py:150} INFO - Processed file: noaa_27037.json
[2024-12-04T11:04:49.534+0000] {logging_mixin.py:150} INFO - Processed file: noaa_27053.json
[2024-12-04T11:04:52.203+0000] {logging_mixin.py:150} INFO - Processed file: noaa_27097.json
[2024-12-04T11:04:52.593+0000] {logging_mixin.py:150} INFO - Processed file: noaa_27123.json
[2024-12-04T11:04:53.025+0000] {logging_mixin.py:150} INFO - Processed file: noaa_29077.json
[2024-12-04T11:04:53.560+0000] {logging_mixin.py:150} INFO - Processed file: noaa_29189.json
[2024-12-04T11:04:55.321+0000] {logging_mixin.py:150} INFO - Processed file: noaa_29510.json
[2024-12-04T11:04:55.508+0000] {logging_mixin.py:150} INFO - Processed file: noaa_32003.json
[2024-12-04T11:04:56.294+0000] {logging_mixin.py:150} INFO - Processed file: noaa_34003.json
[2024-12-04T11:04:56.819+0000] {logging_mixin.py:150} INFO - Processed file: noaa_34005.json
[2024-12-04T11:04:57.782+0000] {logging_mixin.py:150} INFO - Processed file: noaa_34007.json
[2024-12-04T11:04:58.816+0000] {logging_mixin.py:150} INFO - Processed file: noaa_34013.json
[2024-12-04T11:04:59.345+0000] {logging_mixin.py:150} INFO - Processed file: noaa_34019.json
[2024-12-04T11:04:59.875+0000] {logging_mixin.py:150} INFO - Processed file: noaa_34021.json
[2024-12-04T11:05:00.619+0000] {logging_mixin.py:150} INFO - Processed file: noaa_34023.json
[2024-12-04T11:05:00.988+0000] {logging_mixin.py:150} INFO - Processed file: noaa_34027.json
[2024-12-04T11:05:01.803+0000] {logging_mixin.py:150} INFO - Processed file: noaa_34031.json
[2024-12-04T11:05:03.075+0000] {logging_mixin.py:150} INFO - Processed file: noaa_34039.json
[2024-12-04T11:05:03.756+0000] {logging_mixin.py:150} INFO - Processed file: noaa_36047.json
[2024-12-04T11:05:04.587+0000] {logging_mixin.py:150} INFO - Processed file: noaa_36049.json
[2024-12-04T11:05:05.650+0000] {logging_mixin.py:150} INFO - Processed file: noaa_36055.json
[2024-12-04T11:05:06.388+0000] {logging_mixin.py:150} INFO - Processed file: noaa_36059.json
[2024-12-04T11:05:09.882+0000] {logging_mixin.py:150} INFO - Processed file: noaa_36061.json
[2024-12-04T11:05:11.384+0000] {logging_mixin.py:150} INFO - Processed file: noaa_36081.json
[2024-12-04T11:05:12.551+0000] {logging_mixin.py:150} INFO - Processed file: noaa_36085.json
[2024-12-04T11:05:13.253+0000] {logging_mixin.py:150} INFO - Processed file: noaa_36101.json
[2024-12-04T11:05:14.235+0000] {logging_mixin.py:150} INFO - Processed file: noaa_36119.json
[2024-12-04T11:05:15.449+0000] {logging_mixin.py:150} INFO - Processed file: noaa_37001.json
[2024-12-04T11:05:16.246+0000] {logging_mixin.py:150} INFO - Processed file: noaa_37063.json
[2024-12-04T11:05:16.765+0000] {logging_mixin.py:150} INFO - Processed file: noaa_37067.json
[2024-12-04T11:05:17.520+0000] {logging_mixin.py:150} INFO - Processed file: noaa_37081.json
[2024-12-04T11:05:18.446+0000] {logging_mixin.py:150} INFO - Processed file: noaa_37097.json
[2024-12-04T11:05:19.030+0000] {logging_mixin.py:150} INFO - Processed file: noaa_37119.json
[2024-12-04T11:05:20.048+0000] {logging_mixin.py:150} INFO - Processed file: noaa_39017.json
[2024-12-04T11:05:20.907+0000] {logging_mixin.py:150} INFO - Processed file: noaa_39035.json
[2024-12-04T11:05:21.397+0000] {logging_mixin.py:150} INFO - Processed file: noaa_39049.json
[2024-12-04T11:05:22.675+0000] {logging_mixin.py:150} INFO - Processed file: noaa_39061.json
[2024-12-04T11:05:24.095+0000] {logging_mixin.py:150} INFO - Processed file: noaa_39063.json
[2024-12-04T11:05:25.883+0000] {logging_mixin.py:150} INFO - Processed file: noaa_39095.json
[2024-12-04T11:05:26.918+0000] {logging_mixin.py:150} INFO - Processed file: noaa_39153.json
[2024-12-04T11:05:28.790+0000] {logging_mixin.py:150} INFO - Processed file: noaa_39169.json
[2024-12-04T11:05:30.103+0000] {logging_mixin.py:150} INFO - Processed file: noaa_39173.json
[2024-12-04T11:05:30.965+0000] {logging_mixin.py:150} INFO - Processed file: noaa_40109.json
[2024-12-04T11:05:31.639+0000] {logging_mixin.py:150} INFO - Processed file: noaa_40143.json
[2024-12-04T11:05:31.855+0000] {logging_mixin.py:150} INFO - Processed file: noaa_41029.json
[2024-12-04T11:05:32.264+0000] {logging_mixin.py:150} INFO - Processed file: noaa_41067.json
[2024-12-04T11:05:32.737+0000] {logging_mixin.py:150} INFO - Processed file: noaa_42003.json
[2024-12-04T11:05:33.178+0000] {logging_mixin.py:150} INFO - Processed file: noaa_42029.json
[2024-12-04T11:05:34.139+0000] {logging_mixin.py:150} INFO - Processed file: noaa_42041.json
[2024-12-04T11:05:35.092+0000] {logging_mixin.py:150} INFO - Processed file: noaa_42043.json
[2024-12-04T11:05:38.209+0000] {logging_mixin.py:150} INFO - Processed file: noaa_42045.json
[2024-12-04T11:05:39.647+0000] {logging_mixin.py:150} INFO - Processed file: noaa_42049.json
[2024-12-04T11:05:41.439+0000] {logging_mixin.py:150} INFO - Processed file: noaa_42077.json
[2024-12-04T11:05:41.711+0000] {logging_mixin.py:150} INFO - Processed file: noaa_42091.json
[2024-12-04T11:05:42.614+0000] {logging_mixin.py:150} INFO - Processed file: noaa_42101.json
[2024-12-04T11:05:43.726+0000] {logging_mixin.py:150} INFO - Processed file: noaa_44007.json
[2024-12-04T11:05:44.142+0000] {logging_mixin.py:150} INFO - Processed file: noaa_47037.json
[2024-12-04T11:05:45.068+0000] {logging_mixin.py:150} INFO - Processed file: noaa_47065.json
[2024-12-04T11:05:45.739+0000] {logging_mixin.py:150} INFO - Processed file: noaa_47157.json
[2024-12-04T11:05:47.550+0000] {logging_mixin.py:150} INFO - Processed file: noaa_47163.json
[2024-12-04T11:05:47.881+0000] {logging_mixin.py:150} INFO - Processed file: noaa_47187.json
[2024-12-04T11:05:48.081+0000] {logging_mixin.py:150} INFO - Processed file: noaa_48029.json
[2024-12-04T11:05:49.019+0000] {logging_mixin.py:150} INFO - Processed file: noaa_48037.json
[2024-12-04T11:05:49.402+0000] {logging_mixin.py:150} INFO - Processed file: noaa_48085.json
[2024-12-04T11:05:49.722+0000] {logging_mixin.py:150} INFO - Processed file: noaa_48113.json
[2024-12-04T11:05:50.060+0000] {logging_mixin.py:150} INFO - Processed file: noaa_48141.json
[2024-12-04T11:05:50.324+0000] {logging_mixin.py:150} INFO - Processed file: noaa_48201.json
[2024-12-04T11:05:50.838+0000] {logging_mixin.py:150} INFO - Processed file: noaa_48339.json
[2024-12-04T11:05:51.102+0000] {logging_mixin.py:150} INFO - Processed file: noaa_48439.json
[2024-12-04T11:05:51.343+0000] {logging_mixin.py:150} INFO - Processed file: noaa_48453.json
[2024-12-04T11:05:51.567+0000] {logging_mixin.py:150} INFO - Processed file: noaa_48491.json
[2024-12-04T11:05:51.796+0000] {logging_mixin.py:150} INFO - Processed file: noaa_49035.json
[2024-12-04T11:05:54.531+0000] {logging_mixin.py:150} INFO - Processed file: noaa_51013.json
[2024-12-04T11:05:55.218+0000] {logging_mixin.py:150} INFO - Processed file: noaa_51059.json
[2024-12-04T11:05:57.894+0000] {logging_mixin.py:150} INFO - Processed file: noaa_51075.json
[2024-12-04T11:05:59.079+0000] {logging_mixin.py:150} INFO - Processed file: noaa_51085.json
[2024-12-04T11:06:00.397+0000] {logging_mixin.py:150} INFO - Processed file: noaa_51087.json
[2024-12-04T11:06:03.046+0000] {logging_mixin.py:150} INFO - Processed file: noaa_51159.json
[2024-12-04T11:06:04.324+0000] {logging_mixin.py:150} INFO - Processed file: noaa_51161.json
[2024-12-04T11:06:05.719+0000] {logging_mixin.py:150} INFO - Processed file: noaa_51550.json
[2024-12-04T11:06:08.206+0000] {logging_mixin.py:150} INFO - Processed file: noaa_51700.json
[2024-12-04T11:06:09.158+0000] {logging_mixin.py:150} INFO - Processed file: noaa_51710.json
[2024-12-04T11:06:09.265+0000] {logging_mixin.py:150} INFO - Processed file: noaa_53033.json
[2024-12-04T11:06:09.750+0000] {logging_mixin.py:150} INFO - Processed file: noaa_55025.json
[2024-12-04T11:06:10.328+0000] {logging_mixin.py:150} INFO - Processed file: noaa_55079.json
[2024-12-04T11:06:10.883+0000] {logging_mixin.py:150} INFO - Processed file: noaa_55101.json
[2024-12-04T11:06:11.620+0000] {logging_mixin.py:150} INFO - Processed file: noaa_55133.json
[2024-12-04T11:06:12.505+0000] {logging_mixin.py:150} INFO - Processed file: noaa_55139.json
[2024-12-04T11:06:12.545+0000] {logging_mixin.py:150} INFO - Aggregated weather data loaded into DuckDB table: weather_data
[2024-12-04T11:06:12.547+0000] {python.py:183} INFO - Done. Returned value was: None
[2024-12-04T11:06:12.561+0000] {taskinstance.py:1350} INFO - Marking task as SUCCESS. dag_id=process_weather_data, task_id=load_weather_data_to_duckdb, execution_date=20241204T110357, start_date=20241204T110358, end_date=20241204T110612
[2024-12-04T11:06:12.618+0000] {local_task_job_runner.py:225} INFO - Task exited with return code 0
[2024-12-04T11:06:12.638+0000] {taskinstance.py:2653} INFO - 0 downstream tasks scheduled from follow-on schedule check
