[2024-12-12T09:31:28.954+0000] {taskinstance.py:1103} INFO - Dependencies all met for dep_context=non-requeueable deps ti=<TaskInstance: dbt_dag_example.run_dbt manual__2024-12-12T09:26:22.230352+00:00 [queued]>
[2024-12-12T09:31:28.966+0000] {taskinstance.py:1103} INFO - Dependencies all met for dep_context=requeueable deps ti=<TaskInstance: dbt_dag_example.run_dbt manual__2024-12-12T09:26:22.230352+00:00 [queued]>
[2024-12-12T09:31:28.967+0000] {taskinstance.py:1308} INFO - Starting attempt 2 of 2
[2024-12-12T09:31:28.991+0000] {taskinstance.py:1327} INFO - Executing <Task(BashOperator): run_dbt> on 2024-12-12 09:26:22.230352+00:00
[2024-12-12T09:31:28.998+0000] {standard_task_runner.py:57} INFO - Started process 6946 to run task
[2024-12-12T09:31:29.003+0000] {standard_task_runner.py:84} INFO - Running: ['***', 'tasks', 'run', 'dbt_dag_example', 'run_dbt', 'manual__2024-12-12T09:26:22.230352+00:00', '--job-id', '188', '--raw', '--subdir', 'DAGS_FOLDER/dbt_duckdb_test.py', '--cfg-path', '/tmp/tmpoapq73vp']
[2024-12-12T09:31:29.005+0000] {standard_task_runner.py:85} INFO - Job 188: Subtask run_dbt
[2024-12-12T09:31:29.072+0000] {task_command.py:410} INFO - Running <TaskInstance: dbt_dag_example.run_dbt manual__2024-12-12T09:26:22.230352+00:00 [running]> on host 15c1365b7b27
[2024-12-12T09:31:29.192+0000] {taskinstance.py:1547} INFO - Exporting env vars: AIRFLOW_CTX_DAG_OWNER='***' AIRFLOW_CTX_DAG_ID='dbt_dag_example' AIRFLOW_CTX_TASK_ID='run_dbt' AIRFLOW_CTX_EXECUTION_DATE='2024-12-12T09:26:22.230352+00:00' AIRFLOW_CTX_TRY_NUMBER='2' AIRFLOW_CTX_DAG_RUN_ID='manual__2024-12-12T09:26:22.230352+00:00'
[2024-12-12T09:31:29.194+0000] {subprocess.py:63} INFO - Tmp dir root location: /tmp
[2024-12-12T09:31:29.195+0000] {subprocess.py:75} INFO - Running command: ['/bin/bash', '-c', 'cd /opt/***/my_dbt_project && ls && dbt run --models business_transformed']
[2024-12-12T09:31:29.207+0000] {subprocess.py:86} INFO - Output:
[2024-12-12T09:31:29.212+0000] {subprocess.py:93} INFO - README.md
[2024-12-12T09:31:29.212+0000] {subprocess.py:93} INFO - analyses
[2024-12-12T09:31:29.213+0000] {subprocess.py:93} INFO - data
[2024-12-12T09:31:29.213+0000] {subprocess.py:93} INFO - dbt_project.yml
[2024-12-12T09:31:29.214+0000] {subprocess.py:93} INFO - dev.duckdb
[2024-12-12T09:31:29.214+0000] {subprocess.py:93} INFO - macros
[2024-12-12T09:31:29.214+0000] {subprocess.py:93} INFO - models
[2024-12-12T09:31:29.215+0000] {subprocess.py:93} INFO - seeds
[2024-12-12T09:31:29.216+0000] {subprocess.py:93} INFO - snapshots
[2024-12-12T09:31:29.216+0000] {subprocess.py:93} INFO - tests
[2024-12-12T09:31:32.306+0000] {subprocess.py:93} INFO - Usage: dbt run [OPTIONS]
[2024-12-12T09:31:32.307+0000] {subprocess.py:93} INFO - Try 'dbt run -h' for help.
[2024-12-12T09:31:32.308+0000] {subprocess.py:93} INFO - 
[2024-12-12T09:31:32.308+0000] {subprocess.py:93} INFO - Error: Invalid value for '--profiles-dir': Path '/home/***/.dbt' does not exist.
[2024-12-12T09:31:32.563+0000] {subprocess.py:97} INFO - Command exited with return code 2
[2024-12-12T09:31:32.576+0000] {taskinstance.py:1824} ERROR - Task failed with exception
Traceback (most recent call last):
  File "/home/airflow/.local/lib/python3.7/site-packages/airflow/operators/bash.py", line 211, in execute
    f"Bash command failed. The command returned a non-zero exit code {result.exit_code}."
airflow.exceptions.AirflowException: Bash command failed. The command returned a non-zero exit code 2.
[2024-12-12T09:31:32.580+0000] {taskinstance.py:1350} INFO - Marking task as FAILED. dag_id=dbt_dag_example, task_id=run_dbt, execution_date=20241212T092622, start_date=20241212T093128, end_date=20241212T093132
[2024-12-12T09:31:32.610+0000] {standard_task_runner.py:109} ERROR - Failed to execute job 188 for task run_dbt (Bash command failed. The command returned a non-zero exit code 2.; 6946)
[2024-12-12T09:31:32.631+0000] {local_task_job_runner.py:225} INFO - Task exited with return code 1
[2024-12-12T09:31:32.658+0000] {taskinstance.py:2653} INFO - 0 downstream tasks scheduled from follow-on schedule check
