[2024-12-08T14:03:54.401+0000] {processor.py:157} INFO - Started process (PID=240) to work on /opt/airflow/dags/fetch_weather_data.py
[2024-12-08T14:03:54.402+0000] {processor.py:826} INFO - Processing file /opt/airflow/dags/fetch_weather_data.py for tasks to queue
[2024-12-08T14:03:54.404+0000] {logging_mixin.py:150} INFO - [2024-12-08T14:03:54.403+0000] {dagbag.py:541} INFO - Filling up the DagBag from /opt/airflow/dags/fetch_weather_data.py
[2024-12-08T14:03:55.041+0000] {processor.py:836} INFO - DAG(s) dict_keys(['noaa_data_fetch']) retrieved from /opt/airflow/dags/fetch_weather_data.py
[2024-12-08T14:03:55.067+0000] {logging_mixin.py:150} INFO - [2024-12-08T14:03:55.066+0000] {dag.py:2742} INFO - Sync 1 DAGs
[2024-12-08T14:03:55.092+0000] {logging_mixin.py:150} INFO - [2024-12-08T14:03:55.092+0000] {dag.py:3508} INFO - Setting next_dagrun for noaa_data_fetch to 2024-12-07T00:00:00+00:00, run_after=2024-12-08T00:00:00+00:00
[2024-12-08T14:03:55.115+0000] {processor.py:179} INFO - Processing /opt/airflow/dags/fetch_weather_data.py took 0.718 seconds
[2024-12-08T14:04:25.360+0000] {processor.py:157} INFO - Started process (PID=391) to work on /opt/airflow/dags/fetch_weather_data.py
[2024-12-08T14:04:25.361+0000] {processor.py:826} INFO - Processing file /opt/airflow/dags/fetch_weather_data.py for tasks to queue
[2024-12-08T14:04:25.363+0000] {logging_mixin.py:150} INFO - [2024-12-08T14:04:25.362+0000] {dagbag.py:541} INFO - Filling up the DagBag from /opt/airflow/dags/fetch_weather_data.py
[2024-12-08T14:04:26.070+0000] {processor.py:836} INFO - DAG(s) dict_keys(['noaa_data_fetch']) retrieved from /opt/airflow/dags/fetch_weather_data.py
[2024-12-08T14:04:26.099+0000] {logging_mixin.py:150} INFO - [2024-12-08T14:04:26.098+0000] {dag.py:2742} INFO - Sync 1 DAGs
[2024-12-08T14:04:26.133+0000] {logging_mixin.py:150} INFO - [2024-12-08T14:04:26.133+0000] {dag.py:3508} INFO - Setting next_dagrun for noaa_data_fetch to 2024-12-07T00:00:00+00:00, run_after=2024-12-08T00:00:00+00:00
[2024-12-08T14:04:26.162+0000] {processor.py:179} INFO - Processing /opt/airflow/dags/fetch_weather_data.py took 0.808 seconds
[2024-12-08T14:04:56.322+0000] {processor.py:157} INFO - Started process (PID=544) to work on /opt/airflow/dags/fetch_weather_data.py
[2024-12-08T14:04:56.323+0000] {processor.py:826} INFO - Processing file /opt/airflow/dags/fetch_weather_data.py for tasks to queue
[2024-12-08T14:04:56.324+0000] {logging_mixin.py:150} INFO - [2024-12-08T14:04:56.324+0000] {dagbag.py:541} INFO - Filling up the DagBag from /opt/airflow/dags/fetch_weather_data.py
[2024-12-08T14:04:56.793+0000] {processor.py:836} INFO - DAG(s) dict_keys(['noaa_data_fetch']) retrieved from /opt/airflow/dags/fetch_weather_data.py
[2024-12-08T14:04:56.814+0000] {logging_mixin.py:150} INFO - [2024-12-08T14:04:56.813+0000] {dag.py:2742} INFO - Sync 1 DAGs
[2024-12-08T14:04:56.835+0000] {logging_mixin.py:150} INFO - [2024-12-08T14:04:56.835+0000] {dag.py:3508} INFO - Setting next_dagrun for noaa_data_fetch to 2024-12-07T00:00:00+00:00, run_after=2024-12-08T00:00:00+00:00
[2024-12-08T14:04:56.869+0000] {processor.py:179} INFO - Processing /opt/airflow/dags/fetch_weather_data.py took 0.551 seconds
[2024-12-08T14:05:27.432+0000] {processor.py:157} INFO - Started process (PID=679) to work on /opt/airflow/dags/fetch_weather_data.py
[2024-12-08T14:05:27.433+0000] {processor.py:826} INFO - Processing file /opt/airflow/dags/fetch_weather_data.py for tasks to queue
[2024-12-08T14:05:27.434+0000] {logging_mixin.py:150} INFO - [2024-12-08T14:05:27.434+0000] {dagbag.py:541} INFO - Filling up the DagBag from /opt/airflow/dags/fetch_weather_data.py
[2024-12-08T14:05:28.089+0000] {processor.py:836} INFO - DAG(s) dict_keys(['noaa_data_fetch']) retrieved from /opt/airflow/dags/fetch_weather_data.py
[2024-12-08T14:05:28.128+0000] {logging_mixin.py:150} INFO - [2024-12-08T14:05:28.125+0000] {dag.py:2742} INFO - Sync 1 DAGs
[2024-12-08T14:05:28.158+0000] {logging_mixin.py:150} INFO - [2024-12-08T14:05:28.157+0000] {dag.py:3508} INFO - Setting next_dagrun for noaa_data_fetch to 2024-12-07T00:00:00+00:00, run_after=2024-12-08T00:00:00+00:00
[2024-12-08T14:05:28.203+0000] {processor.py:179} INFO - Processing /opt/airflow/dags/fetch_weather_data.py took 0.774 seconds
[2024-12-08T14:05:58.537+0000] {processor.py:157} INFO - Started process (PID=814) to work on /opt/airflow/dags/fetch_weather_data.py
[2024-12-08T14:05:58.539+0000] {processor.py:826} INFO - Processing file /opt/airflow/dags/fetch_weather_data.py for tasks to queue
[2024-12-08T14:05:58.540+0000] {logging_mixin.py:150} INFO - [2024-12-08T14:05:58.540+0000] {dagbag.py:541} INFO - Filling up the DagBag from /opt/airflow/dags/fetch_weather_data.py
[2024-12-08T14:05:59.163+0000] {processor.py:836} INFO - DAG(s) dict_keys(['noaa_data_fetch']) retrieved from /opt/airflow/dags/fetch_weather_data.py
[2024-12-08T14:05:59.194+0000] {logging_mixin.py:150} INFO - [2024-12-08T14:05:59.193+0000] {dag.py:2742} INFO - Sync 1 DAGs
[2024-12-08T14:05:59.237+0000] {logging_mixin.py:150} INFO - [2024-12-08T14:05:59.237+0000] {dag.py:3508} INFO - Setting next_dagrun for noaa_data_fetch to 2024-12-07T00:00:00+00:00, run_after=2024-12-08T00:00:00+00:00
[2024-12-08T14:05:59.265+0000] {processor.py:179} INFO - Processing /opt/airflow/dags/fetch_weather_data.py took 0.731 seconds
[2024-12-08T14:06:29.401+0000] {processor.py:157} INFO - Started process (PID=949) to work on /opt/airflow/dags/fetch_weather_data.py
[2024-12-08T14:06:29.403+0000] {processor.py:826} INFO - Processing file /opt/airflow/dags/fetch_weather_data.py for tasks to queue
[2024-12-08T14:06:29.404+0000] {logging_mixin.py:150} INFO - [2024-12-08T14:06:29.403+0000] {dagbag.py:541} INFO - Filling up the DagBag from /opt/airflow/dags/fetch_weather_data.py
[2024-12-08T14:06:29.993+0000] {processor.py:836} INFO - DAG(s) dict_keys(['noaa_data_fetch']) retrieved from /opt/airflow/dags/fetch_weather_data.py
[2024-12-08T14:06:30.028+0000] {logging_mixin.py:150} INFO - [2024-12-08T14:06:30.027+0000] {dag.py:2742} INFO - Sync 1 DAGs
[2024-12-08T14:06:30.067+0000] {logging_mixin.py:150} INFO - [2024-12-08T14:06:30.066+0000] {dag.py:3508} INFO - Setting next_dagrun for noaa_data_fetch to 2024-12-07T00:00:00+00:00, run_after=2024-12-08T00:00:00+00:00
[2024-12-08T14:06:30.117+0000] {processor.py:179} INFO - Processing /opt/airflow/dags/fetch_weather_data.py took 0.720 seconds
[2024-12-08T14:07:00.605+0000] {processor.py:157} INFO - Started process (PID=1084) to work on /opt/airflow/dags/fetch_weather_data.py
[2024-12-08T14:07:00.607+0000] {processor.py:826} INFO - Processing file /opt/airflow/dags/fetch_weather_data.py for tasks to queue
[2024-12-08T14:07:00.608+0000] {logging_mixin.py:150} INFO - [2024-12-08T14:07:00.608+0000] {dagbag.py:541} INFO - Filling up the DagBag from /opt/airflow/dags/fetch_weather_data.py
[2024-12-08T14:07:01.237+0000] {processor.py:836} INFO - DAG(s) dict_keys(['noaa_data_fetch']) retrieved from /opt/airflow/dags/fetch_weather_data.py
[2024-12-08T14:07:01.267+0000] {logging_mixin.py:150} INFO - [2024-12-08T14:07:01.265+0000] {dag.py:2742} INFO - Sync 1 DAGs
[2024-12-08T14:07:01.306+0000] {logging_mixin.py:150} INFO - [2024-12-08T14:07:01.306+0000] {dag.py:3508} INFO - Setting next_dagrun for noaa_data_fetch to 2024-12-07T00:00:00+00:00, run_after=2024-12-08T00:00:00+00:00
[2024-12-08T14:07:01.348+0000] {processor.py:179} INFO - Processing /opt/airflow/dags/fetch_weather_data.py took 0.746 seconds
[2024-12-08T14:07:31.799+0000] {processor.py:157} INFO - Started process (PID=1219) to work on /opt/airflow/dags/fetch_weather_data.py
[2024-12-08T14:07:31.800+0000] {processor.py:826} INFO - Processing file /opt/airflow/dags/fetch_weather_data.py for tasks to queue
[2024-12-08T14:07:31.802+0000] {logging_mixin.py:150} INFO - [2024-12-08T14:07:31.802+0000] {dagbag.py:541} INFO - Filling up the DagBag from /opt/airflow/dags/fetch_weather_data.py
[2024-12-08T14:07:32.485+0000] {processor.py:836} INFO - DAG(s) dict_keys(['noaa_data_fetch']) retrieved from /opt/airflow/dags/fetch_weather_data.py
[2024-12-08T14:07:32.513+0000] {logging_mixin.py:150} INFO - [2024-12-08T14:07:32.513+0000] {dag.py:2742} INFO - Sync 1 DAGs
[2024-12-08T14:07:32.551+0000] {logging_mixin.py:150} INFO - [2024-12-08T14:07:32.550+0000] {dag.py:3508} INFO - Setting next_dagrun for noaa_data_fetch to 2024-12-07T00:00:00+00:00, run_after=2024-12-08T00:00:00+00:00
[2024-12-08T14:07:32.577+0000] {processor.py:179} INFO - Processing /opt/airflow/dags/fetch_weather_data.py took 0.784 seconds
[2024-12-08T14:08:03.381+0000] {processor.py:157} INFO - Started process (PID=1354) to work on /opt/airflow/dags/fetch_weather_data.py
[2024-12-08T14:08:03.383+0000] {processor.py:826} INFO - Processing file /opt/airflow/dags/fetch_weather_data.py for tasks to queue
[2024-12-08T14:08:03.384+0000] {logging_mixin.py:150} INFO - [2024-12-08T14:08:03.384+0000] {dagbag.py:541} INFO - Filling up the DagBag from /opt/airflow/dags/fetch_weather_data.py
[2024-12-08T14:08:03.791+0000] {processor.py:836} INFO - DAG(s) dict_keys(['noaa_data_fetch']) retrieved from /opt/airflow/dags/fetch_weather_data.py
[2024-12-08T14:08:03.821+0000] {logging_mixin.py:150} INFO - [2024-12-08T14:08:03.820+0000] {dag.py:2742} INFO - Sync 1 DAGs
[2024-12-08T14:08:03.862+0000] {logging_mixin.py:150} INFO - [2024-12-08T14:08:03.861+0000] {dag.py:3508} INFO - Setting next_dagrun for noaa_data_fetch to 2024-12-07T00:00:00+00:00, run_after=2024-12-08T00:00:00+00:00
[2024-12-08T14:08:03.886+0000] {processor.py:179} INFO - Processing /opt/airflow/dags/fetch_weather_data.py took 0.508 seconds
[2024-12-08T14:08:34.283+0000] {processor.py:157} INFO - Started process (PID=1489) to work on /opt/airflow/dags/fetch_weather_data.py
[2024-12-08T14:08:34.284+0000] {processor.py:826} INFO - Processing file /opt/airflow/dags/fetch_weather_data.py for tasks to queue
[2024-12-08T14:08:34.285+0000] {logging_mixin.py:150} INFO - [2024-12-08T14:08:34.285+0000] {dagbag.py:541} INFO - Filling up the DagBag from /opt/airflow/dags/fetch_weather_data.py
[2024-12-08T14:08:34.797+0000] {processor.py:836} INFO - DAG(s) dict_keys(['noaa_data_fetch']) retrieved from /opt/airflow/dags/fetch_weather_data.py
[2024-12-08T14:08:34.845+0000] {logging_mixin.py:150} INFO - [2024-12-08T14:08:34.844+0000] {dag.py:2742} INFO - Sync 1 DAGs
[2024-12-08T14:08:34.882+0000] {logging_mixin.py:150} INFO - [2024-12-08T14:08:34.882+0000] {dag.py:3508} INFO - Setting next_dagrun for noaa_data_fetch to 2024-12-07T00:00:00+00:00, run_after=2024-12-08T00:00:00+00:00
[2024-12-08T14:08:34.918+0000] {processor.py:179} INFO - Processing /opt/airflow/dags/fetch_weather_data.py took 0.639 seconds
[2024-12-08T14:09:05.434+0000] {processor.py:157} INFO - Started process (PID=1624) to work on /opt/airflow/dags/fetch_weather_data.py
[2024-12-08T14:09:05.436+0000] {processor.py:826} INFO - Processing file /opt/airflow/dags/fetch_weather_data.py for tasks to queue
[2024-12-08T14:09:05.437+0000] {logging_mixin.py:150} INFO - [2024-12-08T14:09:05.437+0000] {dagbag.py:541} INFO - Filling up the DagBag from /opt/airflow/dags/fetch_weather_data.py
[2024-12-08T14:09:05.915+0000] {processor.py:836} INFO - DAG(s) dict_keys(['noaa_data_fetch']) retrieved from /opt/airflow/dags/fetch_weather_data.py
[2024-12-08T14:09:05.965+0000] {logging_mixin.py:150} INFO - [2024-12-08T14:09:05.964+0000] {dag.py:2742} INFO - Sync 1 DAGs
[2024-12-08T14:09:06.006+0000] {logging_mixin.py:150} INFO - [2024-12-08T14:09:06.006+0000] {dag.py:3508} INFO - Setting next_dagrun for noaa_data_fetch to 2024-12-07T00:00:00+00:00, run_after=2024-12-08T00:00:00+00:00
[2024-12-08T14:09:06.049+0000] {processor.py:179} INFO - Processing /opt/airflow/dags/fetch_weather_data.py took 0.619 seconds
[2024-12-08T14:09:36.234+0000] {processor.py:157} INFO - Started process (PID=1759) to work on /opt/airflow/dags/fetch_weather_data.py
[2024-12-08T14:09:36.235+0000] {processor.py:826} INFO - Processing file /opt/airflow/dags/fetch_weather_data.py for tasks to queue
[2024-12-08T14:09:36.236+0000] {logging_mixin.py:150} INFO - [2024-12-08T14:09:36.236+0000] {dagbag.py:541} INFO - Filling up the DagBag from /opt/airflow/dags/fetch_weather_data.py
[2024-12-08T14:09:36.683+0000] {processor.py:836} INFO - DAG(s) dict_keys(['noaa_data_fetch']) retrieved from /opt/airflow/dags/fetch_weather_data.py
[2024-12-08T14:09:36.719+0000] {logging_mixin.py:150} INFO - [2024-12-08T14:09:36.718+0000] {dag.py:2742} INFO - Sync 1 DAGs
[2024-12-08T14:09:36.741+0000] {logging_mixin.py:150} INFO - [2024-12-08T14:09:36.741+0000] {dag.py:3508} INFO - Setting next_dagrun for noaa_data_fetch to 2024-12-07T00:00:00+00:00, run_after=2024-12-08T00:00:00+00:00
[2024-12-08T14:09:36.785+0000] {processor.py:179} INFO - Processing /opt/airflow/dags/fetch_weather_data.py took 0.554 seconds
[2024-12-08T14:10:07.497+0000] {processor.py:157} INFO - Started process (PID=1894) to work on /opt/airflow/dags/fetch_weather_data.py
[2024-12-08T14:10:07.498+0000] {processor.py:826} INFO - Processing file /opt/airflow/dags/fetch_weather_data.py for tasks to queue
[2024-12-08T14:10:07.499+0000] {logging_mixin.py:150} INFO - [2024-12-08T14:10:07.499+0000] {dagbag.py:541} INFO - Filling up the DagBag from /opt/airflow/dags/fetch_weather_data.py
[2024-12-08T14:10:07.965+0000] {processor.py:836} INFO - DAG(s) dict_keys(['noaa_data_fetch']) retrieved from /opt/airflow/dags/fetch_weather_data.py
[2024-12-08T14:10:08.006+0000] {logging_mixin.py:150} INFO - [2024-12-08T14:10:08.005+0000] {dag.py:2742} INFO - Sync 1 DAGs
[2024-12-08T14:10:08.029+0000] {logging_mixin.py:150} INFO - [2024-12-08T14:10:08.029+0000] {dag.py:3508} INFO - Setting next_dagrun for noaa_data_fetch to 2024-12-07T00:00:00+00:00, run_after=2024-12-08T00:00:00+00:00
[2024-12-08T14:10:08.070+0000] {processor.py:179} INFO - Processing /opt/airflow/dags/fetch_weather_data.py took 0.576 seconds
[2024-12-08T14:10:38.821+0000] {processor.py:157} INFO - Started process (PID=2029) to work on /opt/airflow/dags/fetch_weather_data.py
[2024-12-08T14:10:38.823+0000] {processor.py:826} INFO - Processing file /opt/airflow/dags/fetch_weather_data.py for tasks to queue
[2024-12-08T14:10:38.824+0000] {logging_mixin.py:150} INFO - [2024-12-08T14:10:38.824+0000] {dagbag.py:541} INFO - Filling up the DagBag from /opt/airflow/dags/fetch_weather_data.py
[2024-12-08T14:10:39.355+0000] {processor.py:836} INFO - DAG(s) dict_keys(['noaa_data_fetch']) retrieved from /opt/airflow/dags/fetch_weather_data.py
[2024-12-08T14:10:39.390+0000] {logging_mixin.py:150} INFO - [2024-12-08T14:10:39.389+0000] {dag.py:2742} INFO - Sync 1 DAGs
[2024-12-08T14:10:39.430+0000] {logging_mixin.py:150} INFO - [2024-12-08T14:10:39.430+0000] {dag.py:3508} INFO - Setting next_dagrun for noaa_data_fetch to 2024-12-07T00:00:00+00:00, run_after=2024-12-08T00:00:00+00:00
[2024-12-08T14:10:39.454+0000] {processor.py:179} INFO - Processing /opt/airflow/dags/fetch_weather_data.py took 0.638 seconds
[2024-12-08T14:11:09.887+0000] {processor.py:157} INFO - Started process (PID=2164) to work on /opt/airflow/dags/fetch_weather_data.py
[2024-12-08T14:11:09.888+0000] {processor.py:826} INFO - Processing file /opt/airflow/dags/fetch_weather_data.py for tasks to queue
[2024-12-08T14:11:09.889+0000] {logging_mixin.py:150} INFO - [2024-12-08T14:11:09.889+0000] {dagbag.py:541} INFO - Filling up the DagBag from /opt/airflow/dags/fetch_weather_data.py
[2024-12-08T14:11:10.306+0000] {processor.py:836} INFO - DAG(s) dict_keys(['noaa_data_fetch']) retrieved from /opt/airflow/dags/fetch_weather_data.py
[2024-12-08T14:11:10.334+0000] {logging_mixin.py:150} INFO - [2024-12-08T14:11:10.334+0000] {dag.py:2742} INFO - Sync 1 DAGs
[2024-12-08T14:11:10.362+0000] {logging_mixin.py:150} INFO - [2024-12-08T14:11:10.361+0000] {dag.py:3508} INFO - Setting next_dagrun for noaa_data_fetch to 2024-12-07T00:00:00+00:00, run_after=2024-12-08T00:00:00+00:00
[2024-12-08T14:11:10.401+0000] {processor.py:179} INFO - Processing /opt/airflow/dags/fetch_weather_data.py took 0.517 seconds
[2024-12-08T14:11:41.130+0000] {processor.py:157} INFO - Started process (PID=2299) to work on /opt/airflow/dags/fetch_weather_data.py
[2024-12-08T14:11:41.132+0000] {processor.py:826} INFO - Processing file /opt/airflow/dags/fetch_weather_data.py for tasks to queue
[2024-12-08T14:11:41.133+0000] {logging_mixin.py:150} INFO - [2024-12-08T14:11:41.133+0000] {dagbag.py:541} INFO - Filling up the DagBag from /opt/airflow/dags/fetch_weather_data.py
[2024-12-08T14:11:41.637+0000] {processor.py:836} INFO - DAG(s) dict_keys(['noaa_data_fetch']) retrieved from /opt/airflow/dags/fetch_weather_data.py
[2024-12-08T14:11:41.670+0000] {logging_mixin.py:150} INFO - [2024-12-08T14:11:41.669+0000] {dag.py:2742} INFO - Sync 1 DAGs
[2024-12-08T14:11:41.706+0000] {logging_mixin.py:150} INFO - [2024-12-08T14:11:41.705+0000] {dag.py:3508} INFO - Setting next_dagrun for noaa_data_fetch to 2024-12-07T00:00:00+00:00, run_after=2024-12-08T00:00:00+00:00
[2024-12-08T14:11:41.728+0000] {processor.py:179} INFO - Processing /opt/airflow/dags/fetch_weather_data.py took 0.600 seconds
[2024-12-08T14:12:12.194+0000] {processor.py:157} INFO - Started process (PID=2434) to work on /opt/airflow/dags/fetch_weather_data.py
[2024-12-08T14:12:12.196+0000] {processor.py:826} INFO - Processing file /opt/airflow/dags/fetch_weather_data.py for tasks to queue
[2024-12-08T14:12:12.197+0000] {logging_mixin.py:150} INFO - [2024-12-08T14:12:12.197+0000] {dagbag.py:541} INFO - Filling up the DagBag from /opt/airflow/dags/fetch_weather_data.py
[2024-12-08T14:12:12.670+0000] {processor.py:836} INFO - DAG(s) dict_keys(['noaa_data_fetch']) retrieved from /opt/airflow/dags/fetch_weather_data.py
[2024-12-08T14:12:12.699+0000] {logging_mixin.py:150} INFO - [2024-12-08T14:12:12.699+0000] {dag.py:2742} INFO - Sync 1 DAGs
[2024-12-08T14:12:12.723+0000] {logging_mixin.py:150} INFO - [2024-12-08T14:12:12.722+0000] {dag.py:3508} INFO - Setting next_dagrun for noaa_data_fetch to 2024-12-07T00:00:00+00:00, run_after=2024-12-08T00:00:00+00:00
[2024-12-08T14:12:12.771+0000] {processor.py:179} INFO - Processing /opt/airflow/dags/fetch_weather_data.py took 0.580 seconds
[2024-12-08T14:12:43.178+0000] {processor.py:157} INFO - Started process (PID=2569) to work on /opt/airflow/dags/fetch_weather_data.py
[2024-12-08T14:12:43.179+0000] {processor.py:826} INFO - Processing file /opt/airflow/dags/fetch_weather_data.py for tasks to queue
[2024-12-08T14:12:43.180+0000] {logging_mixin.py:150} INFO - [2024-12-08T14:12:43.179+0000] {dagbag.py:541} INFO - Filling up the DagBag from /opt/airflow/dags/fetch_weather_data.py
[2024-12-08T14:12:43.577+0000] {processor.py:836} INFO - DAG(s) dict_keys(['noaa_data_fetch']) retrieved from /opt/airflow/dags/fetch_weather_data.py
[2024-12-08T14:12:43.608+0000] {logging_mixin.py:150} INFO - [2024-12-08T14:12:43.607+0000] {dag.py:2742} INFO - Sync 1 DAGs
[2024-12-08T14:12:43.636+0000] {logging_mixin.py:150} INFO - [2024-12-08T14:12:43.636+0000] {dag.py:3508} INFO - Setting next_dagrun for noaa_data_fetch to 2024-12-07T00:00:00+00:00, run_after=2024-12-08T00:00:00+00:00
[2024-12-08T14:12:43.677+0000] {processor.py:179} INFO - Processing /opt/airflow/dags/fetch_weather_data.py took 0.501 seconds
[2024-12-08T14:13:14.073+0000] {processor.py:157} INFO - Started process (PID=2704) to work on /opt/airflow/dags/fetch_weather_data.py
[2024-12-08T14:13:14.074+0000] {processor.py:826} INFO - Processing file /opt/airflow/dags/fetch_weather_data.py for tasks to queue
[2024-12-08T14:13:14.075+0000] {logging_mixin.py:150} INFO - [2024-12-08T14:13:14.075+0000] {dagbag.py:541} INFO - Filling up the DagBag from /opt/airflow/dags/fetch_weather_data.py
[2024-12-08T14:13:14.470+0000] {processor.py:836} INFO - DAG(s) dict_keys(['noaa_data_fetch']) retrieved from /opt/airflow/dags/fetch_weather_data.py
[2024-12-08T14:13:14.498+0000] {logging_mixin.py:150} INFO - [2024-12-08T14:13:14.498+0000] {dag.py:2742} INFO - Sync 1 DAGs
[2024-12-08T14:13:14.523+0000] {logging_mixin.py:150} INFO - [2024-12-08T14:13:14.523+0000] {dag.py:3508} INFO - Setting next_dagrun for noaa_data_fetch to 2024-12-07T00:00:00+00:00, run_after=2024-12-08T00:00:00+00:00
[2024-12-08T14:13:14.564+0000] {processor.py:179} INFO - Processing /opt/airflow/dags/fetch_weather_data.py took 0.494 seconds
[2024-12-08T14:13:44.798+0000] {processor.py:157} INFO - Started process (PID=2839) to work on /opt/airflow/dags/fetch_weather_data.py
[2024-12-08T14:13:44.800+0000] {processor.py:826} INFO - Processing file /opt/airflow/dags/fetch_weather_data.py for tasks to queue
[2024-12-08T14:13:44.801+0000] {logging_mixin.py:150} INFO - [2024-12-08T14:13:44.801+0000] {dagbag.py:541} INFO - Filling up the DagBag from /opt/airflow/dags/fetch_weather_data.py
[2024-12-08T14:13:45.194+0000] {processor.py:836} INFO - DAG(s) dict_keys(['noaa_data_fetch']) retrieved from /opt/airflow/dags/fetch_weather_data.py
[2024-12-08T14:13:45.233+0000] {logging_mixin.py:150} INFO - [2024-12-08T14:13:45.232+0000] {dag.py:2742} INFO - Sync 1 DAGs
[2024-12-08T14:13:45.259+0000] {logging_mixin.py:150} INFO - [2024-12-08T14:13:45.259+0000] {dag.py:3508} INFO - Setting next_dagrun for noaa_data_fetch to 2024-12-07T00:00:00+00:00, run_after=2024-12-08T00:00:00+00:00
[2024-12-08T14:13:45.302+0000] {processor.py:179} INFO - Processing /opt/airflow/dags/fetch_weather_data.py took 0.509 seconds
[2024-12-08T14:14:15.802+0000] {processor.py:157} INFO - Started process (PID=2974) to work on /opt/airflow/dags/fetch_weather_data.py
[2024-12-08T14:14:15.803+0000] {processor.py:826} INFO - Processing file /opt/airflow/dags/fetch_weather_data.py for tasks to queue
[2024-12-08T14:14:15.804+0000] {logging_mixin.py:150} INFO - [2024-12-08T14:14:15.804+0000] {dagbag.py:541} INFO - Filling up the DagBag from /opt/airflow/dags/fetch_weather_data.py
[2024-12-08T14:14:16.266+0000] {processor.py:836} INFO - DAG(s) dict_keys(['noaa_data_fetch']) retrieved from /opt/airflow/dags/fetch_weather_data.py
[2024-12-08T14:14:16.293+0000] {logging_mixin.py:150} INFO - [2024-12-08T14:14:16.292+0000] {dag.py:2742} INFO - Sync 1 DAGs
[2024-12-08T14:14:16.315+0000] {logging_mixin.py:150} INFO - [2024-12-08T14:14:16.315+0000] {dag.py:3508} INFO - Setting next_dagrun for noaa_data_fetch to 2024-12-07T00:00:00+00:00, run_after=2024-12-08T00:00:00+00:00
[2024-12-08T14:14:16.352+0000] {processor.py:179} INFO - Processing /opt/airflow/dags/fetch_weather_data.py took 0.552 seconds
[2024-12-08T14:14:46.571+0000] {processor.py:157} INFO - Started process (PID=3109) to work on /opt/airflow/dags/fetch_weather_data.py
[2024-12-08T14:14:46.573+0000] {processor.py:826} INFO - Processing file /opt/airflow/dags/fetch_weather_data.py for tasks to queue
[2024-12-08T14:14:46.574+0000] {logging_mixin.py:150} INFO - [2024-12-08T14:14:46.574+0000] {dagbag.py:541} INFO - Filling up the DagBag from /opt/airflow/dags/fetch_weather_data.py
[2024-12-08T14:14:47.035+0000] {processor.py:836} INFO - DAG(s) dict_keys(['noaa_data_fetch']) retrieved from /opt/airflow/dags/fetch_weather_data.py
[2024-12-08T14:14:47.067+0000] {logging_mixin.py:150} INFO - [2024-12-08T14:14:47.066+0000] {dag.py:2742} INFO - Sync 1 DAGs
[2024-12-08T14:14:47.093+0000] {logging_mixin.py:150} INFO - [2024-12-08T14:14:47.093+0000] {dag.py:3508} INFO - Setting next_dagrun for noaa_data_fetch to 2024-12-07T00:00:00+00:00, run_after=2024-12-08T00:00:00+00:00
[2024-12-08T14:14:47.120+0000] {processor.py:179} INFO - Processing /opt/airflow/dags/fetch_weather_data.py took 0.553 seconds
[2024-12-08T14:15:17.338+0000] {processor.py:157} INFO - Started process (PID=3244) to work on /opt/airflow/dags/fetch_weather_data.py
[2024-12-08T14:15:17.339+0000] {processor.py:826} INFO - Processing file /opt/airflow/dags/fetch_weather_data.py for tasks to queue
[2024-12-08T14:15:17.340+0000] {logging_mixin.py:150} INFO - [2024-12-08T14:15:17.340+0000] {dagbag.py:541} INFO - Filling up the DagBag from /opt/airflow/dags/fetch_weather_data.py
[2024-12-08T14:15:17.825+0000] {processor.py:836} INFO - DAG(s) dict_keys(['noaa_data_fetch']) retrieved from /opt/airflow/dags/fetch_weather_data.py
[2024-12-08T14:15:17.863+0000] {logging_mixin.py:150} INFO - [2024-12-08T14:15:17.862+0000] {dag.py:2742} INFO - Sync 1 DAGs
[2024-12-08T14:15:17.888+0000] {logging_mixin.py:150} INFO - [2024-12-08T14:15:17.888+0000] {dag.py:3508} INFO - Setting next_dagrun for noaa_data_fetch to 2024-12-07T00:00:00+00:00, run_after=2024-12-08T00:00:00+00:00
[2024-12-08T14:15:17.933+0000] {processor.py:179} INFO - Processing /opt/airflow/dags/fetch_weather_data.py took 0.597 seconds
[2024-12-08T14:15:48.367+0000] {processor.py:157} INFO - Started process (PID=3379) to work on /opt/airflow/dags/fetch_weather_data.py
[2024-12-08T14:15:48.368+0000] {processor.py:826} INFO - Processing file /opt/airflow/dags/fetch_weather_data.py for tasks to queue
[2024-12-08T14:15:48.369+0000] {logging_mixin.py:150} INFO - [2024-12-08T14:15:48.369+0000] {dagbag.py:541} INFO - Filling up the DagBag from /opt/airflow/dags/fetch_weather_data.py
[2024-12-08T14:15:48.886+0000] {processor.py:836} INFO - DAG(s) dict_keys(['noaa_data_fetch']) retrieved from /opt/airflow/dags/fetch_weather_data.py
[2024-12-08T14:15:48.943+0000] {logging_mixin.py:150} INFO - [2024-12-08T14:15:48.941+0000] {dag.py:2742} INFO - Sync 1 DAGs
[2024-12-08T14:15:48.988+0000] {logging_mixin.py:150} INFO - [2024-12-08T14:15:48.988+0000] {dag.py:3508} INFO - Setting next_dagrun for noaa_data_fetch to 2024-12-07T00:00:00+00:00, run_after=2024-12-08T00:00:00+00:00
[2024-12-08T14:15:49.021+0000] {processor.py:179} INFO - Processing /opt/airflow/dags/fetch_weather_data.py took 0.658 seconds
[2024-12-08T14:16:19.194+0000] {processor.py:157} INFO - Started process (PID=3514) to work on /opt/airflow/dags/fetch_weather_data.py
[2024-12-08T14:16:19.199+0000] {processor.py:826} INFO - Processing file /opt/airflow/dags/fetch_weather_data.py for tasks to queue
[2024-12-08T14:16:19.201+0000] {logging_mixin.py:150} INFO - [2024-12-08T14:16:19.201+0000] {dagbag.py:541} INFO - Filling up the DagBag from /opt/airflow/dags/fetch_weather_data.py
[2024-12-08T14:16:19.632+0000] {processor.py:836} INFO - DAG(s) dict_keys(['noaa_data_fetch']) retrieved from /opt/airflow/dags/fetch_weather_data.py
[2024-12-08T14:16:19.665+0000] {logging_mixin.py:150} INFO - [2024-12-08T14:16:19.665+0000] {dag.py:2742} INFO - Sync 1 DAGs
[2024-12-08T14:16:19.689+0000] {logging_mixin.py:150} INFO - [2024-12-08T14:16:19.689+0000] {dag.py:3508} INFO - Setting next_dagrun for noaa_data_fetch to 2024-12-07T00:00:00+00:00, run_after=2024-12-08T00:00:00+00:00
[2024-12-08T14:16:19.718+0000] {processor.py:179} INFO - Processing /opt/airflow/dags/fetch_weather_data.py took 0.530 seconds
[2024-12-08T14:16:49.911+0000] {processor.py:157} INFO - Started process (PID=3649) to work on /opt/airflow/dags/fetch_weather_data.py
[2024-12-08T14:16:49.912+0000] {processor.py:826} INFO - Processing file /opt/airflow/dags/fetch_weather_data.py for tasks to queue
[2024-12-08T14:16:49.913+0000] {logging_mixin.py:150} INFO - [2024-12-08T14:16:49.913+0000] {dagbag.py:541} INFO - Filling up the DagBag from /opt/airflow/dags/fetch_weather_data.py
[2024-12-08T14:16:50.427+0000] {processor.py:836} INFO - DAG(s) dict_keys(['noaa_data_fetch']) retrieved from /opt/airflow/dags/fetch_weather_data.py
[2024-12-08T14:16:50.464+0000] {logging_mixin.py:150} INFO - [2024-12-08T14:16:50.463+0000] {dag.py:2742} INFO - Sync 1 DAGs
[2024-12-08T14:16:50.498+0000] {logging_mixin.py:150} INFO - [2024-12-08T14:16:50.497+0000] {dag.py:3508} INFO - Setting next_dagrun for noaa_data_fetch to 2024-12-07T00:00:00+00:00, run_after=2024-12-08T00:00:00+00:00
[2024-12-08T14:16:50.542+0000] {processor.py:179} INFO - Processing /opt/airflow/dags/fetch_weather_data.py took 0.636 seconds
[2024-12-08T14:17:20.977+0000] {processor.py:157} INFO - Started process (PID=3784) to work on /opt/airflow/dags/fetch_weather_data.py
[2024-12-08T14:17:20.978+0000] {processor.py:826} INFO - Processing file /opt/airflow/dags/fetch_weather_data.py for tasks to queue
[2024-12-08T14:17:20.979+0000] {logging_mixin.py:150} INFO - [2024-12-08T14:17:20.979+0000] {dagbag.py:541} INFO - Filling up the DagBag from /opt/airflow/dags/fetch_weather_data.py
[2024-12-08T14:17:21.391+0000] {processor.py:836} INFO - DAG(s) dict_keys(['noaa_data_fetch']) retrieved from /opt/airflow/dags/fetch_weather_data.py
[2024-12-08T14:17:21.429+0000] {logging_mixin.py:150} INFO - [2024-12-08T14:17:21.429+0000] {dag.py:2742} INFO - Sync 1 DAGs
[2024-12-08T14:17:21.458+0000] {logging_mixin.py:150} INFO - [2024-12-08T14:17:21.458+0000] {dag.py:3508} INFO - Setting next_dagrun for noaa_data_fetch to 2024-12-07T00:00:00+00:00, run_after=2024-12-08T00:00:00+00:00
[2024-12-08T14:17:21.494+0000] {processor.py:179} INFO - Processing /opt/airflow/dags/fetch_weather_data.py took 0.520 seconds
[2024-12-08T14:17:51.928+0000] {processor.py:157} INFO - Started process (PID=3919) to work on /opt/airflow/dags/fetch_weather_data.py
[2024-12-08T14:17:51.930+0000] {processor.py:826} INFO - Processing file /opt/airflow/dags/fetch_weather_data.py for tasks to queue
[2024-12-08T14:17:51.933+0000] {logging_mixin.py:150} INFO - [2024-12-08T14:17:51.932+0000] {dagbag.py:541} INFO - Filling up the DagBag from /opt/airflow/dags/fetch_weather_data.py
[2024-12-08T14:17:52.442+0000] {processor.py:836} INFO - DAG(s) dict_keys(['noaa_data_fetch']) retrieved from /opt/airflow/dags/fetch_weather_data.py
[2024-12-08T14:17:52.489+0000] {logging_mixin.py:150} INFO - [2024-12-08T14:17:52.486+0000] {dag.py:2742} INFO - Sync 1 DAGs
[2024-12-08T14:17:52.526+0000] {logging_mixin.py:150} INFO - [2024-12-08T14:17:52.526+0000] {dag.py:3508} INFO - Setting next_dagrun for noaa_data_fetch to 2024-12-07T00:00:00+00:00, run_after=2024-12-08T00:00:00+00:00
[2024-12-08T14:17:52.560+0000] {processor.py:179} INFO - Processing /opt/airflow/dags/fetch_weather_data.py took 0.634 seconds
[2024-12-08T14:18:23.018+0000] {processor.py:157} INFO - Started process (PID=4054) to work on /opt/airflow/dags/fetch_weather_data.py
[2024-12-08T14:18:23.019+0000] {processor.py:826} INFO - Processing file /opt/airflow/dags/fetch_weather_data.py for tasks to queue
[2024-12-08T14:18:23.020+0000] {logging_mixin.py:150} INFO - [2024-12-08T14:18:23.020+0000] {dagbag.py:541} INFO - Filling up the DagBag from /opt/airflow/dags/fetch_weather_data.py
[2024-12-08T14:18:23.515+0000] {processor.py:836} INFO - DAG(s) dict_keys(['noaa_data_fetch']) retrieved from /opt/airflow/dags/fetch_weather_data.py
[2024-12-08T14:18:23.558+0000] {logging_mixin.py:150} INFO - [2024-12-08T14:18:23.557+0000] {dag.py:2742} INFO - Sync 1 DAGs
[2024-12-08T14:18:23.601+0000] {logging_mixin.py:150} INFO - [2024-12-08T14:18:23.601+0000] {dag.py:3508} INFO - Setting next_dagrun for noaa_data_fetch to 2024-12-07T00:00:00+00:00, run_after=2024-12-08T00:00:00+00:00
[2024-12-08T14:18:23.628+0000] {processor.py:179} INFO - Processing /opt/airflow/dags/fetch_weather_data.py took 0.613 seconds
[2024-12-08T14:18:53.908+0000] {processor.py:157} INFO - Started process (PID=4189) to work on /opt/airflow/dags/fetch_weather_data.py
[2024-12-08T14:18:53.909+0000] {processor.py:826} INFO - Processing file /opt/airflow/dags/fetch_weather_data.py for tasks to queue
[2024-12-08T14:18:53.911+0000] {logging_mixin.py:150} INFO - [2024-12-08T14:18:53.911+0000] {dagbag.py:541} INFO - Filling up the DagBag from /opt/airflow/dags/fetch_weather_data.py
[2024-12-08T14:18:54.506+0000] {processor.py:836} INFO - DAG(s) dict_keys(['noaa_data_fetch']) retrieved from /opt/airflow/dags/fetch_weather_data.py
[2024-12-08T14:18:54.546+0000] {logging_mixin.py:150} INFO - [2024-12-08T14:18:54.545+0000] {dag.py:2742} INFO - Sync 1 DAGs
[2024-12-08T14:18:54.580+0000] {logging_mixin.py:150} INFO - [2024-12-08T14:18:54.579+0000] {dag.py:3508} INFO - Setting next_dagrun for noaa_data_fetch to 2024-12-07T00:00:00+00:00, run_after=2024-12-08T00:00:00+00:00
[2024-12-08T14:18:54.623+0000] {processor.py:179} INFO - Processing /opt/airflow/dags/fetch_weather_data.py took 0.718 seconds
[2024-12-08T14:19:25.183+0000] {processor.py:157} INFO - Started process (PID=4324) to work on /opt/airflow/dags/fetch_weather_data.py
[2024-12-08T14:19:25.184+0000] {processor.py:826} INFO - Processing file /opt/airflow/dags/fetch_weather_data.py for tasks to queue
[2024-12-08T14:19:25.186+0000] {logging_mixin.py:150} INFO - [2024-12-08T14:19:25.186+0000] {dagbag.py:541} INFO - Filling up the DagBag from /opt/airflow/dags/fetch_weather_data.py
[2024-12-08T14:19:25.805+0000] {processor.py:836} INFO - DAG(s) dict_keys(['noaa_data_fetch']) retrieved from /opt/airflow/dags/fetch_weather_data.py
[2024-12-08T14:19:25.841+0000] {logging_mixin.py:150} INFO - [2024-12-08T14:19:25.840+0000] {dag.py:2742} INFO - Sync 1 DAGs
[2024-12-08T14:19:25.887+0000] {logging_mixin.py:150} INFO - [2024-12-08T14:19:25.887+0000] {dag.py:3508} INFO - Setting next_dagrun for noaa_data_fetch to 2024-12-07T00:00:00+00:00, run_after=2024-12-08T00:00:00+00:00
[2024-12-08T14:19:25.917+0000] {processor.py:179} INFO - Processing /opt/airflow/dags/fetch_weather_data.py took 0.739 seconds
[2024-12-08T14:19:56.311+0000] {processor.py:157} INFO - Started process (PID=4459) to work on /opt/airflow/dags/fetch_weather_data.py
[2024-12-08T14:19:56.313+0000] {processor.py:826} INFO - Processing file /opt/airflow/dags/fetch_weather_data.py for tasks to queue
[2024-12-08T14:19:56.314+0000] {logging_mixin.py:150} INFO - [2024-12-08T14:19:56.313+0000] {dagbag.py:541} INFO - Filling up the DagBag from /opt/airflow/dags/fetch_weather_data.py
[2024-12-08T14:19:56.789+0000] {processor.py:836} INFO - DAG(s) dict_keys(['noaa_data_fetch']) retrieved from /opt/airflow/dags/fetch_weather_data.py
[2024-12-08T14:19:56.814+0000] {logging_mixin.py:150} INFO - [2024-12-08T14:19:56.813+0000] {dag.py:2742} INFO - Sync 1 DAGs
[2024-12-08T14:19:56.848+0000] {logging_mixin.py:150} INFO - [2024-12-08T14:19:56.848+0000] {dag.py:3508} INFO - Setting next_dagrun for noaa_data_fetch to 2024-12-07T00:00:00+00:00, run_after=2024-12-08T00:00:00+00:00
[2024-12-08T14:19:56.871+0000] {processor.py:179} INFO - Processing /opt/airflow/dags/fetch_weather_data.py took 0.563 seconds
[2024-12-08T14:20:26.958+0000] {processor.py:157} INFO - Started process (PID=4594) to work on /opt/airflow/dags/fetch_weather_data.py
[2024-12-08T14:20:26.959+0000] {processor.py:826} INFO - Processing file /opt/airflow/dags/fetch_weather_data.py for tasks to queue
[2024-12-08T14:20:26.960+0000] {logging_mixin.py:150} INFO - [2024-12-08T14:20:26.960+0000] {dagbag.py:541} INFO - Filling up the DagBag from /opt/airflow/dags/fetch_weather_data.py
[2024-12-08T14:20:27.401+0000] {processor.py:836} INFO - DAG(s) dict_keys(['noaa_data_fetch']) retrieved from /opt/airflow/dags/fetch_weather_data.py
[2024-12-08T14:20:27.427+0000] {logging_mixin.py:150} INFO - [2024-12-08T14:20:27.427+0000] {dag.py:2742} INFO - Sync 1 DAGs
[2024-12-08T14:20:27.449+0000] {logging_mixin.py:150} INFO - [2024-12-08T14:20:27.449+0000] {dag.py:3508} INFO - Setting next_dagrun for noaa_data_fetch to 2024-12-07T00:00:00+00:00, run_after=2024-12-08T00:00:00+00:00
[2024-12-08T14:20:27.488+0000] {processor.py:179} INFO - Processing /opt/airflow/dags/fetch_weather_data.py took 0.532 seconds
[2024-12-08T14:20:58.218+0000] {processor.py:157} INFO - Started process (PID=4729) to work on /opt/airflow/dags/fetch_weather_data.py
[2024-12-08T14:20:58.219+0000] {processor.py:826} INFO - Processing file /opt/airflow/dags/fetch_weather_data.py for tasks to queue
[2024-12-08T14:20:58.220+0000] {logging_mixin.py:150} INFO - [2024-12-08T14:20:58.220+0000] {dagbag.py:541} INFO - Filling up the DagBag from /opt/airflow/dags/fetch_weather_data.py
[2024-12-08T14:20:58.632+0000] {processor.py:836} INFO - DAG(s) dict_keys(['noaa_data_fetch']) retrieved from /opt/airflow/dags/fetch_weather_data.py
[2024-12-08T14:20:58.657+0000] {logging_mixin.py:150} INFO - [2024-12-08T14:20:58.657+0000] {dag.py:2742} INFO - Sync 1 DAGs
[2024-12-08T14:20:58.683+0000] {logging_mixin.py:150} INFO - [2024-12-08T14:20:58.683+0000] {dag.py:3508} INFO - Setting next_dagrun for noaa_data_fetch to 2024-12-07T00:00:00+00:00, run_after=2024-12-08T00:00:00+00:00
[2024-12-08T14:20:58.723+0000] {processor.py:179} INFO - Processing /opt/airflow/dags/fetch_weather_data.py took 0.509 seconds
[2024-12-08T14:21:28.907+0000] {processor.py:157} INFO - Started process (PID=4864) to work on /opt/airflow/dags/fetch_weather_data.py
[2024-12-08T14:21:28.908+0000] {processor.py:826} INFO - Processing file /opt/airflow/dags/fetch_weather_data.py for tasks to queue
[2024-12-08T14:21:28.910+0000] {logging_mixin.py:150} INFO - [2024-12-08T14:21:28.910+0000] {dagbag.py:541} INFO - Filling up the DagBag from /opt/airflow/dags/fetch_weather_data.py
[2024-12-08T14:21:29.424+0000] {processor.py:836} INFO - DAG(s) dict_keys(['noaa_data_fetch']) retrieved from /opt/airflow/dags/fetch_weather_data.py
[2024-12-08T14:21:29.453+0000] {logging_mixin.py:150} INFO - [2024-12-08T14:21:29.452+0000] {dag.py:2742} INFO - Sync 1 DAGs
[2024-12-08T14:21:29.483+0000] {logging_mixin.py:150} INFO - [2024-12-08T14:21:29.483+0000] {dag.py:3508} INFO - Setting next_dagrun for noaa_data_fetch to 2024-12-07T00:00:00+00:00, run_after=2024-12-08T00:00:00+00:00
[2024-12-08T14:21:29.513+0000] {processor.py:179} INFO - Processing /opt/airflow/dags/fetch_weather_data.py took 0.611 seconds
[2024-12-08T14:21:59.563+0000] {processor.py:157} INFO - Started process (PID=4999) to work on /opt/airflow/dags/fetch_weather_data.py
[2024-12-08T14:21:59.564+0000] {processor.py:826} INFO - Processing file /opt/airflow/dags/fetch_weather_data.py for tasks to queue
[2024-12-08T14:21:59.565+0000] {logging_mixin.py:150} INFO - [2024-12-08T14:21:59.565+0000] {dagbag.py:541} INFO - Filling up the DagBag from /opt/airflow/dags/fetch_weather_data.py
[2024-12-08T14:21:59.980+0000] {processor.py:836} INFO - DAG(s) dict_keys(['noaa_data_fetch']) retrieved from /opt/airflow/dags/fetch_weather_data.py
[2024-12-08T14:22:00.005+0000] {logging_mixin.py:150} INFO - [2024-12-08T14:22:00.004+0000] {dag.py:2742} INFO - Sync 1 DAGs
[2024-12-08T14:22:00.034+0000] {logging_mixin.py:150} INFO - [2024-12-08T14:22:00.034+0000] {dag.py:3508} INFO - Setting next_dagrun for noaa_data_fetch to 2024-12-07T00:00:00+00:00, run_after=2024-12-08T00:00:00+00:00
[2024-12-08T14:22:00.075+0000] {processor.py:179} INFO - Processing /opt/airflow/dags/fetch_weather_data.py took 0.516 seconds
[2024-12-08T14:22:30.481+0000] {processor.py:157} INFO - Started process (PID=5134) to work on /opt/airflow/dags/fetch_weather_data.py
[2024-12-08T14:22:30.482+0000] {processor.py:826} INFO - Processing file /opt/airflow/dags/fetch_weather_data.py for tasks to queue
[2024-12-08T14:22:30.482+0000] {logging_mixin.py:150} INFO - [2024-12-08T14:22:30.482+0000] {dagbag.py:541} INFO - Filling up the DagBag from /opt/airflow/dags/fetch_weather_data.py
[2024-12-08T14:22:30.980+0000] {processor.py:836} INFO - DAG(s) dict_keys(['noaa_data_fetch']) retrieved from /opt/airflow/dags/fetch_weather_data.py
[2024-12-08T14:22:31.014+0000] {logging_mixin.py:150} INFO - [2024-12-08T14:22:31.014+0000] {dag.py:2742} INFO - Sync 1 DAGs
[2024-12-08T14:22:31.058+0000] {logging_mixin.py:150} INFO - [2024-12-08T14:22:31.058+0000] {dag.py:3508} INFO - Setting next_dagrun for noaa_data_fetch to 2024-12-07T00:00:00+00:00, run_after=2024-12-08T00:00:00+00:00
[2024-12-08T14:22:31.109+0000] {processor.py:179} INFO - Processing /opt/airflow/dags/fetch_weather_data.py took 0.631 seconds
[2024-12-08T14:23:01.612+0000] {processor.py:157} INFO - Started process (PID=5269) to work on /opt/airflow/dags/fetch_weather_data.py
[2024-12-08T14:23:01.614+0000] {processor.py:826} INFO - Processing file /opt/airflow/dags/fetch_weather_data.py for tasks to queue
[2024-12-08T14:23:01.615+0000] {logging_mixin.py:150} INFO - [2024-12-08T14:23:01.614+0000] {dagbag.py:541} INFO - Filling up the DagBag from /opt/airflow/dags/fetch_weather_data.py
[2024-12-08T14:23:02.076+0000] {processor.py:836} INFO - DAG(s) dict_keys(['noaa_data_fetch']) retrieved from /opt/airflow/dags/fetch_weather_data.py
[2024-12-08T14:23:02.103+0000] {logging_mixin.py:150} INFO - [2024-12-08T14:23:02.102+0000] {dag.py:2742} INFO - Sync 1 DAGs
[2024-12-08T14:23:02.127+0000] {logging_mixin.py:150} INFO - [2024-12-08T14:23:02.127+0000] {dag.py:3508} INFO - Setting next_dagrun for noaa_data_fetch to 2024-12-07T00:00:00+00:00, run_after=2024-12-08T00:00:00+00:00
[2024-12-08T14:23:02.148+0000] {processor.py:179} INFO - Processing /opt/airflow/dags/fetch_weather_data.py took 0.540 seconds
[2024-12-08T14:23:32.593+0000] {processor.py:157} INFO - Started process (PID=5404) to work on /opt/airflow/dags/fetch_weather_data.py
[2024-12-08T14:23:32.595+0000] {processor.py:826} INFO - Processing file /opt/airflow/dags/fetch_weather_data.py for tasks to queue
[2024-12-08T14:23:32.596+0000] {logging_mixin.py:150} INFO - [2024-12-08T14:23:32.596+0000] {dagbag.py:541} INFO - Filling up the DagBag from /opt/airflow/dags/fetch_weather_data.py
[2024-12-08T14:23:33.134+0000] {processor.py:836} INFO - DAG(s) dict_keys(['noaa_data_fetch']) retrieved from /opt/airflow/dags/fetch_weather_data.py
[2024-12-08T14:23:33.172+0000] {logging_mixin.py:150} INFO - [2024-12-08T14:23:33.172+0000] {dag.py:2742} INFO - Sync 1 DAGs
[2024-12-08T14:23:33.217+0000] {logging_mixin.py:150} INFO - [2024-12-08T14:23:33.217+0000] {dag.py:3508} INFO - Setting next_dagrun for noaa_data_fetch to 2024-12-07T00:00:00+00:00, run_after=2024-12-08T00:00:00+00:00
[2024-12-08T14:23:33.269+0000] {processor.py:179} INFO - Processing /opt/airflow/dags/fetch_weather_data.py took 0.682 seconds
[2024-12-08T14:24:03.730+0000] {processor.py:157} INFO - Started process (PID=5539) to work on /opt/airflow/dags/fetch_weather_data.py
[2024-12-08T14:24:03.731+0000] {processor.py:826} INFO - Processing file /opt/airflow/dags/fetch_weather_data.py for tasks to queue
[2024-12-08T14:24:03.732+0000] {logging_mixin.py:150} INFO - [2024-12-08T14:24:03.732+0000] {dagbag.py:541} INFO - Filling up the DagBag from /opt/airflow/dags/fetch_weather_data.py
[2024-12-08T14:24:04.237+0000] {processor.py:836} INFO - DAG(s) dict_keys(['noaa_data_fetch']) retrieved from /opt/airflow/dags/fetch_weather_data.py
[2024-12-08T14:24:04.266+0000] {logging_mixin.py:150} INFO - [2024-12-08T14:24:04.266+0000] {dag.py:2742} INFO - Sync 1 DAGs
[2024-12-08T14:24:04.300+0000] {logging_mixin.py:150} INFO - [2024-12-08T14:24:04.300+0000] {dag.py:3508} INFO - Setting next_dagrun for noaa_data_fetch to 2024-12-07T00:00:00+00:00, run_after=2024-12-08T00:00:00+00:00
[2024-12-08T14:24:04.335+0000] {processor.py:179} INFO - Processing /opt/airflow/dags/fetch_weather_data.py took 0.608 seconds
[2024-12-08T14:24:34.719+0000] {processor.py:157} INFO - Started process (PID=5674) to work on /opt/airflow/dags/fetch_weather_data.py
[2024-12-08T14:24:34.721+0000] {processor.py:826} INFO - Processing file /opt/airflow/dags/fetch_weather_data.py for tasks to queue
[2024-12-08T14:24:34.722+0000] {logging_mixin.py:150} INFO - [2024-12-08T14:24:34.722+0000] {dagbag.py:541} INFO - Filling up the DagBag from /opt/airflow/dags/fetch_weather_data.py
[2024-12-08T14:24:35.352+0000] {processor.py:836} INFO - DAG(s) dict_keys(['noaa_data_fetch']) retrieved from /opt/airflow/dags/fetch_weather_data.py
[2024-12-08T14:24:35.402+0000] {logging_mixin.py:150} INFO - [2024-12-08T14:24:35.401+0000] {dag.py:2742} INFO - Sync 1 DAGs
[2024-12-08T14:24:35.456+0000] {logging_mixin.py:150} INFO - [2024-12-08T14:24:35.455+0000] {dag.py:3508} INFO - Setting next_dagrun for noaa_data_fetch to 2024-12-07T00:00:00+00:00, run_after=2024-12-08T00:00:00+00:00
[2024-12-08T14:24:35.514+0000] {processor.py:179} INFO - Processing /opt/airflow/dags/fetch_weather_data.py took 0.799 seconds
[2024-12-08T14:25:05.971+0000] {processor.py:157} INFO - Started process (PID=5809) to work on /opt/airflow/dags/fetch_weather_data.py
[2024-12-08T14:25:05.972+0000] {processor.py:826} INFO - Processing file /opt/airflow/dags/fetch_weather_data.py for tasks to queue
[2024-12-08T14:25:05.974+0000] {logging_mixin.py:150} INFO - [2024-12-08T14:25:05.973+0000] {dagbag.py:541} INFO - Filling up the DagBag from /opt/airflow/dags/fetch_weather_data.py
[2024-12-08T14:25:06.403+0000] {processor.py:836} INFO - DAG(s) dict_keys(['noaa_data_fetch']) retrieved from /opt/airflow/dags/fetch_weather_data.py
[2024-12-08T14:25:06.429+0000] {logging_mixin.py:150} INFO - [2024-12-08T14:25:06.428+0000] {dag.py:2742} INFO - Sync 1 DAGs
[2024-12-08T14:25:06.451+0000] {logging_mixin.py:150} INFO - [2024-12-08T14:25:06.451+0000] {dag.py:3508} INFO - Setting next_dagrun for noaa_data_fetch to 2024-12-07T00:00:00+00:00, run_after=2024-12-08T00:00:00+00:00
[2024-12-08T14:25:06.489+0000] {processor.py:179} INFO - Processing /opt/airflow/dags/fetch_weather_data.py took 0.521 seconds
[2024-12-08T14:25:36.778+0000] {processor.py:157} INFO - Started process (PID=5944) to work on /opt/airflow/dags/fetch_weather_data.py
[2024-12-08T14:25:36.779+0000] {processor.py:826} INFO - Processing file /opt/airflow/dags/fetch_weather_data.py for tasks to queue
[2024-12-08T14:25:36.781+0000] {logging_mixin.py:150} INFO - [2024-12-08T14:25:36.780+0000] {dagbag.py:541} INFO - Filling up the DagBag from /opt/airflow/dags/fetch_weather_data.py
[2024-12-08T14:25:37.305+0000] {processor.py:836} INFO - DAG(s) dict_keys(['noaa_data_fetch']) retrieved from /opt/airflow/dags/fetch_weather_data.py
[2024-12-08T14:25:37.329+0000] {logging_mixin.py:150} INFO - [2024-12-08T14:25:37.329+0000] {dag.py:2742} INFO - Sync 1 DAGs
[2024-12-08T14:25:37.366+0000] {logging_mixin.py:150} INFO - [2024-12-08T14:25:37.366+0000] {dag.py:3508} INFO - Setting next_dagrun for noaa_data_fetch to 2024-12-07T00:00:00+00:00, run_after=2024-12-08T00:00:00+00:00
[2024-12-08T14:25:37.394+0000] {processor.py:179} INFO - Processing /opt/airflow/dags/fetch_weather_data.py took 0.621 seconds
[2024-12-08T14:26:12.844+0000] {processor.py:157} INFO - Started process (PID=240) to work on /opt/airflow/dags/fetch_weather_data.py
[2024-12-08T14:26:12.845+0000] {processor.py:826} INFO - Processing file /opt/airflow/dags/fetch_weather_data.py for tasks to queue
[2024-12-08T14:26:12.847+0000] {logging_mixin.py:150} INFO - [2024-12-08T14:26:12.846+0000] {dagbag.py:541} INFO - Filling up the DagBag from /opt/airflow/dags/fetch_weather_data.py
[2024-12-08T14:26:13.568+0000] {processor.py:836} INFO - DAG(s) dict_keys(['noaa_data_fetch']) retrieved from /opt/airflow/dags/fetch_weather_data.py
[2024-12-08T14:26:13.604+0000] {logging_mixin.py:150} INFO - [2024-12-08T14:26:13.603+0000] {dag.py:2742} INFO - Sync 1 DAGs
[2024-12-08T14:26:13.650+0000] {logging_mixin.py:150} INFO - [2024-12-08T14:26:13.649+0000] {dag.py:3508} INFO - Setting next_dagrun for noaa_data_fetch to 2024-12-07T00:00:00+00:00, run_after=2024-12-08T00:00:00+00:00
[2024-12-08T14:26:13.688+0000] {processor.py:179} INFO - Processing /opt/airflow/dags/fetch_weather_data.py took 0.848 seconds
[2024-12-08T14:26:44.144+0000] {processor.py:157} INFO - Started process (PID=394) to work on /opt/airflow/dags/fetch_weather_data.py
[2024-12-08T14:26:44.144+0000] {processor.py:826} INFO - Processing file /opt/airflow/dags/fetch_weather_data.py for tasks to queue
[2024-12-08T14:26:44.145+0000] {logging_mixin.py:150} INFO - [2024-12-08T14:26:44.145+0000] {dagbag.py:541} INFO - Filling up the DagBag from /opt/airflow/dags/fetch_weather_data.py
[2024-12-08T14:26:44.692+0000] {processor.py:836} INFO - DAG(s) dict_keys(['noaa_data_fetch']) retrieved from /opt/airflow/dags/fetch_weather_data.py
[2024-12-08T14:26:44.718+0000] {logging_mixin.py:150} INFO - [2024-12-08T14:26:44.717+0000] {dag.py:2742} INFO - Sync 1 DAGs
[2024-12-08T14:26:44.746+0000] {logging_mixin.py:150} INFO - [2024-12-08T14:26:44.746+0000] {dag.py:3508} INFO - Setting next_dagrun for noaa_data_fetch to 2024-12-07T00:00:00+00:00, run_after=2024-12-08T00:00:00+00:00
[2024-12-08T14:26:44.790+0000] {processor.py:179} INFO - Processing /opt/airflow/dags/fetch_weather_data.py took 0.650 seconds
[2024-12-08T14:27:15.173+0000] {processor.py:157} INFO - Started process (PID=529) to work on /opt/airflow/dags/fetch_weather_data.py
[2024-12-08T14:27:15.174+0000] {processor.py:826} INFO - Processing file /opt/airflow/dags/fetch_weather_data.py for tasks to queue
[2024-12-08T14:27:15.175+0000] {logging_mixin.py:150} INFO - [2024-12-08T14:27:15.175+0000] {dagbag.py:541} INFO - Filling up the DagBag from /opt/airflow/dags/fetch_weather_data.py
[2024-12-08T14:27:15.862+0000] {processor.py:836} INFO - DAG(s) dict_keys(['noaa_data_fetch']) retrieved from /opt/airflow/dags/fetch_weather_data.py
[2024-12-08T14:27:15.897+0000] {logging_mixin.py:150} INFO - [2024-12-08T14:27:15.896+0000] {dag.py:2742} INFO - Sync 1 DAGs
[2024-12-08T14:27:15.940+0000] {logging_mixin.py:150} INFO - [2024-12-08T14:27:15.939+0000] {dag.py:3508} INFO - Setting next_dagrun for noaa_data_fetch to 2024-12-07T00:00:00+00:00, run_after=2024-12-08T00:00:00+00:00
[2024-12-08T14:27:15.975+0000] {processor.py:179} INFO - Processing /opt/airflow/dags/fetch_weather_data.py took 0.804 seconds
[2024-12-08T14:28:11.421+0000] {processor.py:157} INFO - Started process (PID=240) to work on /opt/airflow/dags/fetch_weather_data.py
[2024-12-08T14:28:11.423+0000] {processor.py:826} INFO - Processing file /opt/airflow/dags/fetch_weather_data.py for tasks to queue
[2024-12-08T14:28:11.424+0000] {logging_mixin.py:150} INFO - [2024-12-08T14:28:11.423+0000] {dagbag.py:541} INFO - Filling up the DagBag from /opt/airflow/dags/fetch_weather_data.py
[2024-12-08T14:28:11.999+0000] {processor.py:836} INFO - DAG(s) dict_keys(['noaa_data_fetch']) retrieved from /opt/airflow/dags/fetch_weather_data.py
[2024-12-08T14:28:12.032+0000] {logging_mixin.py:150} INFO - [2024-12-08T14:28:12.031+0000] {dag.py:2742} INFO - Sync 1 DAGs
[2024-12-08T14:28:12.066+0000] {logging_mixin.py:150} INFO - [2024-12-08T14:28:12.066+0000] {dag.py:3508} INFO - Setting next_dagrun for noaa_data_fetch to 2024-12-07T00:00:00+00:00, run_after=2024-12-08T00:00:00+00:00
[2024-12-08T14:28:12.100+0000] {processor.py:179} INFO - Processing /opt/airflow/dags/fetch_weather_data.py took 0.682 seconds
[2024-12-08T14:28:42.472+0000] {processor.py:157} INFO - Started process (PID=395) to work on /opt/airflow/dags/fetch_weather_data.py
[2024-12-08T14:28:42.473+0000] {processor.py:826} INFO - Processing file /opt/airflow/dags/fetch_weather_data.py for tasks to queue
[2024-12-08T14:28:42.474+0000] {logging_mixin.py:150} INFO - [2024-12-08T14:28:42.474+0000] {dagbag.py:541} INFO - Filling up the DagBag from /opt/airflow/dags/fetch_weather_data.py
[2024-12-08T14:28:43.180+0000] {processor.py:836} INFO - DAG(s) dict_keys(['noaa_data_fetch']) retrieved from /opt/airflow/dags/fetch_weather_data.py
[2024-12-08T14:28:43.207+0000] {logging_mixin.py:150} INFO - [2024-12-08T14:28:43.206+0000] {dag.py:2742} INFO - Sync 1 DAGs
[2024-12-08T14:28:43.244+0000] {logging_mixin.py:150} INFO - [2024-12-08T14:28:43.243+0000] {dag.py:3508} INFO - Setting next_dagrun for noaa_data_fetch to 2024-12-07T00:00:00+00:00, run_after=2024-12-08T00:00:00+00:00
[2024-12-08T14:28:43.291+0000] {processor.py:179} INFO - Processing /opt/airflow/dags/fetch_weather_data.py took 0.823 seconds
[2024-12-08T14:29:13.599+0000] {processor.py:157} INFO - Started process (PID=531) to work on /opt/airflow/dags/fetch_weather_data.py
[2024-12-08T14:29:13.600+0000] {processor.py:826} INFO - Processing file /opt/airflow/dags/fetch_weather_data.py for tasks to queue
[2024-12-08T14:29:13.601+0000] {logging_mixin.py:150} INFO - [2024-12-08T14:29:13.601+0000] {dagbag.py:541} INFO - Filling up the DagBag from /opt/airflow/dags/fetch_weather_data.py
[2024-12-08T14:29:14.183+0000] {processor.py:836} INFO - DAG(s) dict_keys(['noaa_data_fetch']) retrieved from /opt/airflow/dags/fetch_weather_data.py
[2024-12-08T14:29:14.211+0000] {logging_mixin.py:150} INFO - [2024-12-08T14:29:14.210+0000] {dag.py:2742} INFO - Sync 1 DAGs
[2024-12-08T14:29:14.241+0000] {logging_mixin.py:150} INFO - [2024-12-08T14:29:14.240+0000] {dag.py:3508} INFO - Setting next_dagrun for noaa_data_fetch to 2024-12-07T00:00:00+00:00, run_after=2024-12-08T00:00:00+00:00
[2024-12-08T14:29:14.266+0000] {processor.py:179} INFO - Processing /opt/airflow/dags/fetch_weather_data.py took 0.671 seconds
[2024-12-08T14:29:44.439+0000] {processor.py:157} INFO - Started process (PID=666) to work on /opt/airflow/dags/fetch_weather_data.py
[2024-12-08T14:29:44.440+0000] {processor.py:826} INFO - Processing file /opt/airflow/dags/fetch_weather_data.py for tasks to queue
[2024-12-08T14:29:44.442+0000] {logging_mixin.py:150} INFO - [2024-12-08T14:29:44.442+0000] {dagbag.py:541} INFO - Filling up the DagBag from /opt/airflow/dags/fetch_weather_data.py
[2024-12-08T14:29:45.005+0000] {processor.py:836} INFO - DAG(s) dict_keys(['noaa_data_fetch']) retrieved from /opt/airflow/dags/fetch_weather_data.py
[2024-12-08T14:29:45.046+0000] {logging_mixin.py:150} INFO - [2024-12-08T14:29:45.046+0000] {dag.py:2742} INFO - Sync 1 DAGs
[2024-12-08T14:29:45.083+0000] {logging_mixin.py:150} INFO - [2024-12-08T14:29:45.082+0000] {dag.py:3508} INFO - Setting next_dagrun for noaa_data_fetch to 2024-12-07T00:00:00+00:00, run_after=2024-12-08T00:00:00+00:00
[2024-12-08T14:29:45.132+0000] {processor.py:179} INFO - Processing /opt/airflow/dags/fetch_weather_data.py took 0.697 seconds
[2024-12-08T14:30:15.388+0000] {processor.py:157} INFO - Started process (PID=798) to work on /opt/airflow/dags/fetch_weather_data.py
[2024-12-08T14:30:15.391+0000] {processor.py:826} INFO - Processing file /opt/airflow/dags/fetch_weather_data.py for tasks to queue
[2024-12-08T14:30:15.392+0000] {logging_mixin.py:150} INFO - [2024-12-08T14:30:15.392+0000] {dagbag.py:541} INFO - Filling up the DagBag from /opt/airflow/dags/fetch_weather_data.py
[2024-12-08T14:30:15.950+0000] {processor.py:836} INFO - DAG(s) dict_keys(['noaa_data_fetch']) retrieved from /opt/airflow/dags/fetch_weather_data.py
[2024-12-08T14:30:15.977+0000] {logging_mixin.py:150} INFO - [2024-12-08T14:30:15.976+0000] {dag.py:2742} INFO - Sync 1 DAGs
[2024-12-08T14:30:16.002+0000] {logging_mixin.py:150} INFO - [2024-12-08T14:30:16.001+0000] {dag.py:3508} INFO - Setting next_dagrun for noaa_data_fetch to 2024-12-07T00:00:00+00:00, run_after=2024-12-08T00:00:00+00:00
[2024-12-08T14:30:16.084+0000] {processor.py:179} INFO - Processing /opt/airflow/dags/fetch_weather_data.py took 0.701 seconds
