[2024-12-08T14:03:55.315+0000] {processor.py:157} INFO - Started process (PID=338) to work on /opt/airflow/dags/weather_to_duckdb.py
[2024-12-08T14:03:55.316+0000] {processor.py:826} INFO - Processing file /opt/airflow/dags/weather_to_duckdb.py for tasks to queue
[2024-12-08T14:03:55.317+0000] {logging_mixin.py:150} INFO - [2024-12-08T14:03:55.317+0000] {dagbag.py:541} INFO - Filling up the DagBag from /opt/airflow/dags/weather_to_duckdb.py
[2024-12-08T14:03:55.937+0000] {processor.py:836} INFO - DAG(s) dict_keys(['process_weather_data']) retrieved from /opt/airflow/dags/weather_to_duckdb.py
[2024-12-08T14:03:55.954+0000] {logging_mixin.py:150} INFO - [2024-12-08T14:03:55.954+0000] {dag.py:2742} INFO - Sync 1 DAGs
[2024-12-08T14:03:55.977+0000] {logging_mixin.py:150} INFO - [2024-12-08T14:03:55.977+0000] {dag.py:3508} INFO - Setting next_dagrun for process_weather_data to None, run_after=None
[2024-12-08T14:03:56.004+0000] {processor.py:179} INFO - Processing /opt/airflow/dags/weather_to_duckdb.py took 0.692 seconds
[2024-12-08T14:04:26.220+0000] {processor.py:157} INFO - Started process (PID=479) to work on /opt/airflow/dags/weather_to_duckdb.py
[2024-12-08T14:04:26.221+0000] {processor.py:826} INFO - Processing file /opt/airflow/dags/weather_to_duckdb.py for tasks to queue
[2024-12-08T14:04:26.222+0000] {logging_mixin.py:150} INFO - [2024-12-08T14:04:26.222+0000] {dagbag.py:541} INFO - Filling up the DagBag from /opt/airflow/dags/weather_to_duckdb.py
[2024-12-08T14:04:26.883+0000] {processor.py:836} INFO - DAG(s) dict_keys(['process_weather_data']) retrieved from /opt/airflow/dags/weather_to_duckdb.py
[2024-12-08T14:04:26.919+0000] {logging_mixin.py:150} INFO - [2024-12-08T14:04:26.919+0000] {dag.py:2742} INFO - Sync 1 DAGs
[2024-12-08T14:04:26.962+0000] {logging_mixin.py:150} INFO - [2024-12-08T14:04:26.962+0000] {dag.py:3508} INFO - Setting next_dagrun for process_weather_data to None, run_after=None
[2024-12-08T14:04:26.998+0000] {processor.py:179} INFO - Processing /opt/airflow/dags/weather_to_duckdb.py took 0.784 seconds
[2024-12-08T14:04:57.339+0000] {processor.py:157} INFO - Started process (PID=614) to work on /opt/airflow/dags/weather_to_duckdb.py
[2024-12-08T14:04:57.340+0000] {processor.py:826} INFO - Processing file /opt/airflow/dags/weather_to_duckdb.py for tasks to queue
[2024-12-08T14:04:57.341+0000] {logging_mixin.py:150} INFO - [2024-12-08T14:04:57.341+0000] {dagbag.py:541} INFO - Filling up the DagBag from /opt/airflow/dags/weather_to_duckdb.py
[2024-12-08T14:04:57.887+0000] {processor.py:836} INFO - DAG(s) dict_keys(['process_weather_data']) retrieved from /opt/airflow/dags/weather_to_duckdb.py
[2024-12-08T14:04:57.916+0000] {logging_mixin.py:150} INFO - [2024-12-08T14:04:57.916+0000] {dag.py:2742} INFO - Sync 1 DAGs
[2024-12-08T14:04:57.966+0000] {logging_mixin.py:150} INFO - [2024-12-08T14:04:57.965+0000] {dag.py:3508} INFO - Setting next_dagrun for process_weather_data to None, run_after=None
[2024-12-08T14:04:58.045+0000] {processor.py:179} INFO - Processing /opt/airflow/dags/weather_to_duckdb.py took 0.710 seconds
[2024-12-08T14:05:28.279+0000] {processor.py:157} INFO - Started process (PID=701) to work on /opt/airflow/dags/weather_to_duckdb.py
[2024-12-08T14:05:28.280+0000] {processor.py:826} INFO - Processing file /opt/airflow/dags/weather_to_duckdb.py for tasks to queue
[2024-12-08T14:05:28.281+0000] {logging_mixin.py:150} INFO - [2024-12-08T14:05:28.281+0000] {dagbag.py:541} INFO - Filling up the DagBag from /opt/airflow/dags/weather_to_duckdb.py
[2024-12-08T14:05:28.987+0000] {processor.py:836} INFO - DAG(s) dict_keys(['process_weather_data']) retrieved from /opt/airflow/dags/weather_to_duckdb.py
[2024-12-08T14:05:29.033+0000] {logging_mixin.py:150} INFO - [2024-12-08T14:05:29.032+0000] {dag.py:2742} INFO - Sync 1 DAGs
[2024-12-08T14:05:29.068+0000] {logging_mixin.py:150} INFO - [2024-12-08T14:05:29.068+0000] {dag.py:3508} INFO - Setting next_dagrun for process_weather_data to None, run_after=None
[2024-12-08T14:05:29.116+0000] {processor.py:179} INFO - Processing /opt/airflow/dags/weather_to_duckdb.py took 0.840 seconds
[2024-12-08T14:05:59.330+0000] {processor.py:157} INFO - Started process (PID=836) to work on /opt/airflow/dags/weather_to_duckdb.py
[2024-12-08T14:05:59.331+0000] {processor.py:826} INFO - Processing file /opt/airflow/dags/weather_to_duckdb.py for tasks to queue
[2024-12-08T14:05:59.331+0000] {logging_mixin.py:150} INFO - [2024-12-08T14:05:59.331+0000] {dagbag.py:541} INFO - Filling up the DagBag from /opt/airflow/dags/weather_to_duckdb.py
[2024-12-08T14:05:59.885+0000] {processor.py:836} INFO - DAG(s) dict_keys(['process_weather_data']) retrieved from /opt/airflow/dags/weather_to_duckdb.py
[2024-12-08T14:05:59.912+0000] {logging_mixin.py:150} INFO - [2024-12-08T14:05:59.912+0000] {dag.py:2742} INFO - Sync 1 DAGs
[2024-12-08T14:05:59.931+0000] {logging_mixin.py:150} INFO - [2024-12-08T14:05:59.931+0000] {dag.py:3508} INFO - Setting next_dagrun for process_weather_data to None, run_after=None
[2024-12-08T14:05:59.950+0000] {processor.py:179} INFO - Processing /opt/airflow/dags/weather_to_duckdb.py took 0.623 seconds
[2024-12-08T14:06:30.186+0000] {processor.py:157} INFO - Started process (PID=971) to work on /opt/airflow/dags/weather_to_duckdb.py
[2024-12-08T14:06:30.187+0000] {processor.py:826} INFO - Processing file /opt/airflow/dags/weather_to_duckdb.py for tasks to queue
[2024-12-08T14:06:30.188+0000] {logging_mixin.py:150} INFO - [2024-12-08T14:06:30.188+0000] {dagbag.py:541} INFO - Filling up the DagBag from /opt/airflow/dags/weather_to_duckdb.py
[2024-12-08T14:06:30.876+0000] {processor.py:836} INFO - DAG(s) dict_keys(['process_weather_data']) retrieved from /opt/airflow/dags/weather_to_duckdb.py
[2024-12-08T14:06:30.906+0000] {logging_mixin.py:150} INFO - [2024-12-08T14:06:30.905+0000] {dag.py:2742} INFO - Sync 1 DAGs
[2024-12-08T14:06:30.935+0000] {logging_mixin.py:150} INFO - [2024-12-08T14:06:30.934+0000] {dag.py:3508} INFO - Setting next_dagrun for process_weather_data to None, run_after=None
[2024-12-08T14:06:30.980+0000] {processor.py:179} INFO - Processing /opt/airflow/dags/weather_to_duckdb.py took 0.798 seconds
[2024-12-08T14:07:01.409+0000] {processor.py:157} INFO - Started process (PID=1106) to work on /opt/airflow/dags/weather_to_duckdb.py
[2024-12-08T14:07:01.412+0000] {processor.py:826} INFO - Processing file /opt/airflow/dags/weather_to_duckdb.py for tasks to queue
[2024-12-08T14:07:01.414+0000] {logging_mixin.py:150} INFO - [2024-12-08T14:07:01.414+0000] {dagbag.py:541} INFO - Filling up the DagBag from /opt/airflow/dags/weather_to_duckdb.py
[2024-12-08T14:07:02.177+0000] {processor.py:836} INFO - DAG(s) dict_keys(['process_weather_data']) retrieved from /opt/airflow/dags/weather_to_duckdb.py
[2024-12-08T14:07:02.216+0000] {logging_mixin.py:150} INFO - [2024-12-08T14:07:02.216+0000] {dag.py:2742} INFO - Sync 1 DAGs
[2024-12-08T14:07:02.238+0000] {logging_mixin.py:150} INFO - [2024-12-08T14:07:02.238+0000] {dag.py:3508} INFO - Setting next_dagrun for process_weather_data to None, run_after=None
[2024-12-08T14:07:02.262+0000] {processor.py:179} INFO - Processing /opt/airflow/dags/weather_to_duckdb.py took 0.857 seconds
[2024-12-08T14:07:32.644+0000] {processor.py:157} INFO - Started process (PID=1241) to work on /opt/airflow/dags/weather_to_duckdb.py
[2024-12-08T14:07:32.646+0000] {processor.py:826} INFO - Processing file /opt/airflow/dags/weather_to_duckdb.py for tasks to queue
[2024-12-08T14:07:32.647+0000] {logging_mixin.py:150} INFO - [2024-12-08T14:07:32.647+0000] {dagbag.py:541} INFO - Filling up the DagBag from /opt/airflow/dags/weather_to_duckdb.py
[2024-12-08T14:07:33.501+0000] {processor.py:836} INFO - DAG(s) dict_keys(['process_weather_data']) retrieved from /opt/airflow/dags/weather_to_duckdb.py
[2024-12-08T14:07:33.542+0000] {logging_mixin.py:150} INFO - [2024-12-08T14:07:33.541+0000] {dag.py:2742} INFO - Sync 1 DAGs
[2024-12-08T14:07:33.581+0000] {logging_mixin.py:150} INFO - [2024-12-08T14:07:33.581+0000] {dag.py:3508} INFO - Setting next_dagrun for process_weather_data to None, run_after=None
[2024-12-08T14:07:33.617+0000] {processor.py:179} INFO - Processing /opt/airflow/dags/weather_to_duckdb.py took 0.978 seconds
[2024-12-08T14:08:03.936+0000] {processor.py:157} INFO - Started process (PID=1373) to work on /opt/airflow/dags/weather_to_duckdb.py
[2024-12-08T14:08:03.937+0000] {processor.py:826} INFO - Processing file /opt/airflow/dags/weather_to_duckdb.py for tasks to queue
[2024-12-08T14:08:03.938+0000] {logging_mixin.py:150} INFO - [2024-12-08T14:08:03.938+0000] {dagbag.py:541} INFO - Filling up the DagBag from /opt/airflow/dags/weather_to_duckdb.py
[2024-12-08T14:08:04.299+0000] {processor.py:836} INFO - DAG(s) dict_keys(['process_weather_data']) retrieved from /opt/airflow/dags/weather_to_duckdb.py
[2024-12-08T14:08:04.331+0000] {logging_mixin.py:150} INFO - [2024-12-08T14:08:04.330+0000] {dag.py:2742} INFO - Sync 1 DAGs
[2024-12-08T14:08:04.354+0000] {logging_mixin.py:150} INFO - [2024-12-08T14:08:04.354+0000] {dag.py:3508} INFO - Setting next_dagrun for process_weather_data to None, run_after=None
[2024-12-08T14:08:04.404+0000] {processor.py:179} INFO - Processing /opt/airflow/dags/weather_to_duckdb.py took 0.471 seconds
[2024-12-08T14:08:34.519+0000] {processor.py:157} INFO - Started process (PID=1505) to work on /opt/airflow/dags/weather_to_duckdb.py
[2024-12-08T14:08:34.520+0000] {processor.py:826} INFO - Processing file /opt/airflow/dags/weather_to_duckdb.py for tasks to queue
[2024-12-08T14:08:34.521+0000] {logging_mixin.py:150} INFO - [2024-12-08T14:08:34.521+0000] {dagbag.py:541} INFO - Filling up the DagBag from /opt/airflow/dags/weather_to_duckdb.py
[2024-12-08T14:08:35.049+0000] {processor.py:836} INFO - DAG(s) dict_keys(['process_weather_data']) retrieved from /opt/airflow/dags/weather_to_duckdb.py
[2024-12-08T14:08:35.083+0000] {logging_mixin.py:150} INFO - [2024-12-08T14:08:35.082+0000] {dag.py:2742} INFO - Sync 1 DAGs
[2024-12-08T14:08:35.121+0000] {logging_mixin.py:150} INFO - [2024-12-08T14:08:35.120+0000] {dag.py:3508} INFO - Setting next_dagrun for process_weather_data to None, run_after=None
[2024-12-08T14:08:35.155+0000] {processor.py:179} INFO - Processing /opt/airflow/dags/weather_to_duckdb.py took 0.642 seconds
[2024-12-08T14:09:05.445+0000] {processor.py:157} INFO - Started process (PID=1627) to work on /opt/airflow/dags/weather_to_duckdb.py
[2024-12-08T14:09:05.446+0000] {processor.py:826} INFO - Processing file /opt/airflow/dags/weather_to_duckdb.py for tasks to queue
[2024-12-08T14:09:05.448+0000] {logging_mixin.py:150} INFO - [2024-12-08T14:09:05.447+0000] {dagbag.py:541} INFO - Filling up the DagBag from /opt/airflow/dags/weather_to_duckdb.py
[2024-12-08T14:09:05.947+0000] {processor.py:836} INFO - DAG(s) dict_keys(['process_weather_data']) retrieved from /opt/airflow/dags/weather_to_duckdb.py
[2024-12-08T14:09:05.987+0000] {logging_mixin.py:150} INFO - [2024-12-08T14:09:05.986+0000] {dag.py:2742} INFO - Sync 1 DAGs
[2024-12-08T14:09:06.028+0000] {logging_mixin.py:150} INFO - [2024-12-08T14:09:06.028+0000] {dag.py:3508} INFO - Setting next_dagrun for process_weather_data to None, run_after=None
[2024-12-08T14:09:06.053+0000] {processor.py:179} INFO - Processing /opt/airflow/dags/weather_to_duckdb.py took 0.611 seconds
[2024-12-08T14:09:36.242+0000] {processor.py:157} INFO - Started process (PID=1762) to work on /opt/airflow/dags/weather_to_duckdb.py
[2024-12-08T14:09:36.243+0000] {processor.py:826} INFO - Processing file /opt/airflow/dags/weather_to_duckdb.py for tasks to queue
[2024-12-08T14:09:36.244+0000] {logging_mixin.py:150} INFO - [2024-12-08T14:09:36.244+0000] {dagbag.py:541} INFO - Filling up the DagBag from /opt/airflow/dags/weather_to_duckdb.py
[2024-12-08T14:09:36.701+0000] {processor.py:836} INFO - DAG(s) dict_keys(['process_weather_data']) retrieved from /opt/airflow/dags/weather_to_duckdb.py
[2024-12-08T14:09:36.729+0000] {logging_mixin.py:150} INFO - [2024-12-08T14:09:36.729+0000] {dag.py:2742} INFO - Sync 1 DAGs
[2024-12-08T14:09:36.754+0000] {logging_mixin.py:150} INFO - [2024-12-08T14:09:36.754+0000] {dag.py:3508} INFO - Setting next_dagrun for process_weather_data to None, run_after=None
[2024-12-08T14:09:36.796+0000] {processor.py:179} INFO - Processing /opt/airflow/dags/weather_to_duckdb.py took 0.557 seconds
[2024-12-08T14:10:07.506+0000] {processor.py:157} INFO - Started process (PID=1897) to work on /opt/airflow/dags/weather_to_duckdb.py
[2024-12-08T14:10:07.508+0000] {processor.py:826} INFO - Processing file /opt/airflow/dags/weather_to_duckdb.py for tasks to queue
[2024-12-08T14:10:07.509+0000] {logging_mixin.py:150} INFO - [2024-12-08T14:10:07.509+0000] {dagbag.py:541} INFO - Filling up the DagBag from /opt/airflow/dags/weather_to_duckdb.py
[2024-12-08T14:10:07.995+0000] {processor.py:836} INFO - DAG(s) dict_keys(['process_weather_data']) retrieved from /opt/airflow/dags/weather_to_duckdb.py
[2024-12-08T14:10:08.032+0000] {logging_mixin.py:150} INFO - [2024-12-08T14:10:08.031+0000] {dag.py:2742} INFO - Sync 1 DAGs
[2024-12-08T14:10:08.054+0000] {logging_mixin.py:150} INFO - [2024-12-08T14:10:08.053+0000] {dag.py:3508} INFO - Setting next_dagrun for process_weather_data to None, run_after=None
[2024-12-08T14:10:08.077+0000] {processor.py:179} INFO - Processing /opt/airflow/dags/weather_to_duckdb.py took 0.573 seconds
[2024-12-08T14:10:38.831+0000] {processor.py:157} INFO - Started process (PID=2032) to work on /opt/airflow/dags/weather_to_duckdb.py
[2024-12-08T14:10:38.832+0000] {processor.py:826} INFO - Processing file /opt/airflow/dags/weather_to_duckdb.py for tasks to queue
[2024-12-08T14:10:38.833+0000] {logging_mixin.py:150} INFO - [2024-12-08T14:10:38.833+0000] {dagbag.py:541} INFO - Filling up the DagBag from /opt/airflow/dags/weather_to_duckdb.py
[2024-12-08T14:10:39.395+0000] {processor.py:836} INFO - DAG(s) dict_keys(['process_weather_data']) retrieved from /opt/airflow/dags/weather_to_duckdb.py
[2024-12-08T14:10:39.439+0000] {logging_mixin.py:150} INFO - [2024-12-08T14:10:39.439+0000] {dag.py:2742} INFO - Sync 1 DAGs
[2024-12-08T14:10:39.466+0000] {logging_mixin.py:150} INFO - [2024-12-08T14:10:39.466+0000] {dag.py:3508} INFO - Setting next_dagrun for process_weather_data to None, run_after=None
[2024-12-08T14:10:39.484+0000] {processor.py:179} INFO - Processing /opt/airflow/dags/weather_to_duckdb.py took 0.657 seconds
[2024-12-08T14:11:09.895+0000] {processor.py:157} INFO - Started process (PID=2167) to work on /opt/airflow/dags/weather_to_duckdb.py
[2024-12-08T14:11:09.896+0000] {processor.py:826} INFO - Processing file /opt/airflow/dags/weather_to_duckdb.py for tasks to queue
[2024-12-08T14:11:09.897+0000] {logging_mixin.py:150} INFO - [2024-12-08T14:11:09.897+0000] {dagbag.py:541} INFO - Filling up the DagBag from /opt/airflow/dags/weather_to_duckdb.py
[2024-12-08T14:11:10.313+0000] {processor.py:836} INFO - DAG(s) dict_keys(['process_weather_data']) retrieved from /opt/airflow/dags/weather_to_duckdb.py
[2024-12-08T14:11:10.341+0000] {logging_mixin.py:150} INFO - [2024-12-08T14:11:10.340+0000] {dag.py:2742} INFO - Sync 1 DAGs
[2024-12-08T14:11:10.363+0000] {logging_mixin.py:150} INFO - [2024-12-08T14:11:10.363+0000] {dag.py:3508} INFO - Setting next_dagrun for process_weather_data to None, run_after=None
[2024-12-08T14:11:10.401+0000] {processor.py:179} INFO - Processing /opt/airflow/dags/weather_to_duckdb.py took 0.508 seconds
[2024-12-08T14:11:41.140+0000] {processor.py:157} INFO - Started process (PID=2302) to work on /opt/airflow/dags/weather_to_duckdb.py
[2024-12-08T14:11:41.141+0000] {processor.py:826} INFO - Processing file /opt/airflow/dags/weather_to_duckdb.py for tasks to queue
[2024-12-08T14:11:41.142+0000] {logging_mixin.py:150} INFO - [2024-12-08T14:11:41.142+0000] {dagbag.py:541} INFO - Filling up the DagBag from /opt/airflow/dags/weather_to_duckdb.py
[2024-12-08T14:11:41.694+0000] {processor.py:836} INFO - DAG(s) dict_keys(['process_weather_data']) retrieved from /opt/airflow/dags/weather_to_duckdb.py
[2024-12-08T14:11:41.726+0000] {logging_mixin.py:150} INFO - [2024-12-08T14:11:41.725+0000] {dag.py:2742} INFO - Sync 1 DAGs
[2024-12-08T14:11:41.751+0000] {logging_mixin.py:150} INFO - [2024-12-08T14:11:41.751+0000] {dag.py:3508} INFO - Setting next_dagrun for process_weather_data to None, run_after=None
[2024-12-08T14:11:41.774+0000] {processor.py:179} INFO - Processing /opt/airflow/dags/weather_to_duckdb.py took 0.638 seconds
[2024-12-08T14:12:12.206+0000] {processor.py:157} INFO - Started process (PID=2437) to work on /opt/airflow/dags/weather_to_duckdb.py
[2024-12-08T14:12:12.207+0000] {processor.py:826} INFO - Processing file /opt/airflow/dags/weather_to_duckdb.py for tasks to queue
[2024-12-08T14:12:12.209+0000] {logging_mixin.py:150} INFO - [2024-12-08T14:12:12.208+0000] {dagbag.py:541} INFO - Filling up the DagBag from /opt/airflow/dags/weather_to_duckdb.py
[2024-12-08T14:12:12.696+0000] {processor.py:836} INFO - DAG(s) dict_keys(['process_weather_data']) retrieved from /opt/airflow/dags/weather_to_duckdb.py
[2024-12-08T14:12:12.726+0000] {logging_mixin.py:150} INFO - [2024-12-08T14:12:12.725+0000] {dag.py:2742} INFO - Sync 1 DAGs
[2024-12-08T14:12:12.757+0000] {logging_mixin.py:150} INFO - [2024-12-08T14:12:12.757+0000] {dag.py:3508} INFO - Setting next_dagrun for process_weather_data to None, run_after=None
[2024-12-08T14:12:12.807+0000] {processor.py:179} INFO - Processing /opt/airflow/dags/weather_to_duckdb.py took 0.603 seconds
[2024-12-08T14:12:43.184+0000] {processor.py:157} INFO - Started process (PID=2572) to work on /opt/airflow/dags/weather_to_duckdb.py
[2024-12-08T14:12:43.185+0000] {processor.py:826} INFO - Processing file /opt/airflow/dags/weather_to_duckdb.py for tasks to queue
[2024-12-08T14:12:43.185+0000] {logging_mixin.py:150} INFO - [2024-12-08T14:12:43.185+0000] {dagbag.py:541} INFO - Filling up the DagBag from /opt/airflow/dags/weather_to_duckdb.py
[2024-12-08T14:12:43.641+0000] {processor.py:836} INFO - DAG(s) dict_keys(['process_weather_data']) retrieved from /opt/airflow/dags/weather_to_duckdb.py
[2024-12-08T14:12:43.664+0000] {logging_mixin.py:150} INFO - [2024-12-08T14:12:43.663+0000] {dag.py:2742} INFO - Sync 1 DAGs
[2024-12-08T14:12:43.686+0000] {logging_mixin.py:150} INFO - [2024-12-08T14:12:43.685+0000] {dag.py:3508} INFO - Setting next_dagrun for process_weather_data to None, run_after=None
[2024-12-08T14:12:43.703+0000] {processor.py:179} INFO - Processing /opt/airflow/dags/weather_to_duckdb.py took 0.522 seconds
[2024-12-08T14:13:14.086+0000] {processor.py:157} INFO - Started process (PID=2707) to work on /opt/airflow/dags/weather_to_duckdb.py
[2024-12-08T14:13:14.087+0000] {processor.py:826} INFO - Processing file /opt/airflow/dags/weather_to_duckdb.py for tasks to queue
[2024-12-08T14:13:14.088+0000] {logging_mixin.py:150} INFO - [2024-12-08T14:13:14.087+0000] {dagbag.py:541} INFO - Filling up the DagBag from /opt/airflow/dags/weather_to_duckdb.py
[2024-12-08T14:13:14.467+0000] {processor.py:836} INFO - DAG(s) dict_keys(['process_weather_data']) retrieved from /opt/airflow/dags/weather_to_duckdb.py
[2024-12-08T14:13:14.498+0000] {logging_mixin.py:150} INFO - [2024-12-08T14:13:14.497+0000] {dag.py:2742} INFO - Sync 1 DAGs
[2024-12-08T14:13:14.531+0000] {logging_mixin.py:150} INFO - [2024-12-08T14:13:14.531+0000] {dag.py:3508} INFO - Setting next_dagrun for process_weather_data to None, run_after=None
[2024-12-08T14:13:14.566+0000] {processor.py:179} INFO - Processing /opt/airflow/dags/weather_to_duckdb.py took 0.483 seconds
[2024-12-08T14:13:44.807+0000] {processor.py:157} INFO - Started process (PID=2842) to work on /opt/airflow/dags/weather_to_duckdb.py
[2024-12-08T14:13:44.808+0000] {processor.py:826} INFO - Processing file /opt/airflow/dags/weather_to_duckdb.py for tasks to queue
[2024-12-08T14:13:44.809+0000] {logging_mixin.py:150} INFO - [2024-12-08T14:13:44.809+0000] {dagbag.py:541} INFO - Filling up the DagBag from /opt/airflow/dags/weather_to_duckdb.py
[2024-12-08T14:13:45.281+0000] {processor.py:836} INFO - DAG(s) dict_keys(['process_weather_data']) retrieved from /opt/airflow/dags/weather_to_duckdb.py
[2024-12-08T14:13:45.309+0000] {logging_mixin.py:150} INFO - [2024-12-08T14:13:45.308+0000] {dag.py:2742} INFO - Sync 1 DAGs
[2024-12-08T14:13:45.332+0000] {logging_mixin.py:150} INFO - [2024-12-08T14:13:45.332+0000] {dag.py:3508} INFO - Setting next_dagrun for process_weather_data to None, run_after=None
[2024-12-08T14:13:45.354+0000] {processor.py:179} INFO - Processing /opt/airflow/dags/weather_to_duckdb.py took 0.552 seconds
[2024-12-08T14:14:15.807+0000] {processor.py:157} INFO - Started process (PID=2977) to work on /opt/airflow/dags/weather_to_duckdb.py
[2024-12-08T14:14:15.808+0000] {processor.py:826} INFO - Processing file /opt/airflow/dags/weather_to_duckdb.py for tasks to queue
[2024-12-08T14:14:15.809+0000] {logging_mixin.py:150} INFO - [2024-12-08T14:14:15.809+0000] {dagbag.py:541} INFO - Filling up the DagBag from /opt/airflow/dags/weather_to_duckdb.py
[2024-12-08T14:14:16.268+0000] {processor.py:836} INFO - DAG(s) dict_keys(['process_weather_data']) retrieved from /opt/airflow/dags/weather_to_duckdb.py
[2024-12-08T14:14:16.293+0000] {logging_mixin.py:150} INFO - [2024-12-08T14:14:16.292+0000] {dag.py:2742} INFO - Sync 1 DAGs
[2024-12-08T14:14:16.313+0000] {logging_mixin.py:150} INFO - [2024-12-08T14:14:16.313+0000] {dag.py:3508} INFO - Setting next_dagrun for process_weather_data to None, run_after=None
[2024-12-08T14:14:16.351+0000] {processor.py:179} INFO - Processing /opt/airflow/dags/weather_to_duckdb.py took 0.548 seconds
[2024-12-08T14:14:46.580+0000] {processor.py:157} INFO - Started process (PID=3112) to work on /opt/airflow/dags/weather_to_duckdb.py
[2024-12-08T14:14:46.581+0000] {processor.py:826} INFO - Processing file /opt/airflow/dags/weather_to_duckdb.py for tasks to queue
[2024-12-08T14:14:46.583+0000] {logging_mixin.py:150} INFO - [2024-12-08T14:14:46.582+0000] {dagbag.py:541} INFO - Filling up the DagBag from /opt/airflow/dags/weather_to_duckdb.py
[2024-12-08T14:14:47.089+0000] {processor.py:836} INFO - DAG(s) dict_keys(['process_weather_data']) retrieved from /opt/airflow/dags/weather_to_duckdb.py
[2024-12-08T14:14:47.119+0000] {logging_mixin.py:150} INFO - [2024-12-08T14:14:47.119+0000] {dag.py:2742} INFO - Sync 1 DAGs
[2024-12-08T14:14:47.148+0000] {logging_mixin.py:150} INFO - [2024-12-08T14:14:47.148+0000] {dag.py:3508} INFO - Setting next_dagrun for process_weather_data to None, run_after=None
[2024-12-08T14:14:47.184+0000] {processor.py:179} INFO - Processing /opt/airflow/dags/weather_to_duckdb.py took 0.607 seconds
[2024-12-08T14:15:17.349+0000] {processor.py:157} INFO - Started process (PID=3247) to work on /opt/airflow/dags/weather_to_duckdb.py
[2024-12-08T14:15:17.350+0000] {processor.py:826} INFO - Processing file /opt/airflow/dags/weather_to_duckdb.py for tasks to queue
[2024-12-08T14:15:17.351+0000] {logging_mixin.py:150} INFO - [2024-12-08T14:15:17.351+0000] {dagbag.py:541} INFO - Filling up the DagBag from /opt/airflow/dags/weather_to_duckdb.py
[2024-12-08T14:15:17.871+0000] {processor.py:836} INFO - DAG(s) dict_keys(['process_weather_data']) retrieved from /opt/airflow/dags/weather_to_duckdb.py
[2024-12-08T14:15:17.909+0000] {logging_mixin.py:150} INFO - [2024-12-08T14:15:17.909+0000] {dag.py:2742} INFO - Sync 1 DAGs
[2024-12-08T14:15:17.936+0000] {logging_mixin.py:150} INFO - [2024-12-08T14:15:17.936+0000] {dag.py:3508} INFO - Setting next_dagrun for process_weather_data to None, run_after=None
[2024-12-08T14:15:17.980+0000] {processor.py:179} INFO - Processing /opt/airflow/dags/weather_to_duckdb.py took 0.635 seconds
[2024-12-08T14:15:48.376+0000] {processor.py:157} INFO - Started process (PID=3382) to work on /opt/airflow/dags/weather_to_duckdb.py
[2024-12-08T14:15:48.377+0000] {processor.py:826} INFO - Processing file /opt/airflow/dags/weather_to_duckdb.py for tasks to queue
[2024-12-08T14:15:48.379+0000] {logging_mixin.py:150} INFO - [2024-12-08T14:15:48.379+0000] {dagbag.py:541} INFO - Filling up the DagBag from /opt/airflow/dags/weather_to_duckdb.py
[2024-12-08T14:15:48.991+0000] {processor.py:836} INFO - DAG(s) dict_keys(['process_weather_data']) retrieved from /opt/airflow/dags/weather_to_duckdb.py
[2024-12-08T14:15:49.039+0000] {logging_mixin.py:150} INFO - [2024-12-08T14:15:49.038+0000] {dag.py:2742} INFO - Sync 1 DAGs
[2024-12-08T14:15:49.076+0000] {logging_mixin.py:150} INFO - [2024-12-08T14:15:49.075+0000] {dag.py:3508} INFO - Setting next_dagrun for process_weather_data to None, run_after=None
[2024-12-08T14:15:49.108+0000] {processor.py:179} INFO - Processing /opt/airflow/dags/weather_to_duckdb.py took 0.735 seconds
[2024-12-08T14:16:19.220+0000] {processor.py:157} INFO - Started process (PID=3517) to work on /opt/airflow/dags/weather_to_duckdb.py
[2024-12-08T14:16:19.221+0000] {processor.py:826} INFO - Processing file /opt/airflow/dags/weather_to_duckdb.py for tasks to queue
[2024-12-08T14:16:19.222+0000] {logging_mixin.py:150} INFO - [2024-12-08T14:16:19.222+0000] {dagbag.py:541} INFO - Filling up the DagBag from /opt/airflow/dags/weather_to_duckdb.py
[2024-12-08T14:16:19.679+0000] {processor.py:836} INFO - DAG(s) dict_keys(['process_weather_data']) retrieved from /opt/airflow/dags/weather_to_duckdb.py
[2024-12-08T14:16:19.714+0000] {logging_mixin.py:150} INFO - [2024-12-08T14:16:19.713+0000] {dag.py:2742} INFO - Sync 1 DAGs
[2024-12-08T14:16:19.738+0000] {logging_mixin.py:150} INFO - [2024-12-08T14:16:19.738+0000] {dag.py:3508} INFO - Setting next_dagrun for process_weather_data to None, run_after=None
[2024-12-08T14:16:19.753+0000] {processor.py:179} INFO - Processing /opt/airflow/dags/weather_to_duckdb.py took 0.537 seconds
[2024-12-08T14:16:49.922+0000] {processor.py:157} INFO - Started process (PID=3652) to work on /opt/airflow/dags/weather_to_duckdb.py
[2024-12-08T14:16:49.924+0000] {processor.py:826} INFO - Processing file /opt/airflow/dags/weather_to_duckdb.py for tasks to queue
[2024-12-08T14:16:49.925+0000] {logging_mixin.py:150} INFO - [2024-12-08T14:16:49.925+0000] {dagbag.py:541} INFO - Filling up the DagBag from /opt/airflow/dags/weather_to_duckdb.py
[2024-12-08T14:16:50.476+0000] {processor.py:836} INFO - DAG(s) dict_keys(['process_weather_data']) retrieved from /opt/airflow/dags/weather_to_duckdb.py
[2024-12-08T14:16:50.512+0000] {logging_mixin.py:150} INFO - [2024-12-08T14:16:50.512+0000] {dag.py:2742} INFO - Sync 1 DAGs
[2024-12-08T14:16:50.547+0000] {logging_mixin.py:150} INFO - [2024-12-08T14:16:50.546+0000] {dag.py:3508} INFO - Setting next_dagrun for process_weather_data to None, run_after=None
[2024-12-08T14:16:50.579+0000] {processor.py:179} INFO - Processing /opt/airflow/dags/weather_to_duckdb.py took 0.660 seconds
[2024-12-08T14:17:20.990+0000] {processor.py:157} INFO - Started process (PID=3787) to work on /opt/airflow/dags/weather_to_duckdb.py
[2024-12-08T14:17:20.991+0000] {processor.py:826} INFO - Processing file /opt/airflow/dags/weather_to_duckdb.py for tasks to queue
[2024-12-08T14:17:20.992+0000] {logging_mixin.py:150} INFO - [2024-12-08T14:17:20.992+0000] {dagbag.py:541} INFO - Filling up the DagBag from /opt/airflow/dags/weather_to_duckdb.py
[2024-12-08T14:17:21.442+0000] {processor.py:836} INFO - DAG(s) dict_keys(['process_weather_data']) retrieved from /opt/airflow/dags/weather_to_duckdb.py
[2024-12-08T14:17:21.469+0000] {logging_mixin.py:150} INFO - [2024-12-08T14:17:21.469+0000] {dag.py:2742} INFO - Sync 1 DAGs
[2024-12-08T14:17:21.491+0000] {logging_mixin.py:150} INFO - [2024-12-08T14:17:21.491+0000] {dag.py:3508} INFO - Setting next_dagrun for process_weather_data to None, run_after=None
[2024-12-08T14:17:21.513+0000] {processor.py:179} INFO - Processing /opt/airflow/dags/weather_to_duckdb.py took 0.528 seconds
[2024-12-08T14:17:51.943+0000] {processor.py:157} INFO - Started process (PID=3922) to work on /opt/airflow/dags/weather_to_duckdb.py
[2024-12-08T14:17:51.944+0000] {processor.py:826} INFO - Processing file /opt/airflow/dags/weather_to_duckdb.py for tasks to queue
[2024-12-08T14:17:51.945+0000] {logging_mixin.py:150} INFO - [2024-12-08T14:17:51.945+0000] {dagbag.py:541} INFO - Filling up the DagBag from /opt/airflow/dags/weather_to_duckdb.py
[2024-12-08T14:17:52.502+0000] {processor.py:836} INFO - DAG(s) dict_keys(['process_weather_data']) retrieved from /opt/airflow/dags/weather_to_duckdb.py
[2024-12-08T14:17:52.547+0000] {logging_mixin.py:150} INFO - [2024-12-08T14:17:52.546+0000] {dag.py:2742} INFO - Sync 1 DAGs
[2024-12-08T14:17:52.583+0000] {logging_mixin.py:150} INFO - [2024-12-08T14:17:52.582+0000] {dag.py:3508} INFO - Setting next_dagrun for process_weather_data to None, run_after=None
[2024-12-08T14:17:52.614+0000] {processor.py:179} INFO - Processing /opt/airflow/dags/weather_to_duckdb.py took 0.677 seconds
[2024-12-08T14:18:23.021+0000] {processor.py:157} INFO - Started process (PID=4057) to work on /opt/airflow/dags/weather_to_duckdb.py
[2024-12-08T14:18:23.022+0000] {processor.py:826} INFO - Processing file /opt/airflow/dags/weather_to_duckdb.py for tasks to queue
[2024-12-08T14:18:23.023+0000] {logging_mixin.py:150} INFO - [2024-12-08T14:18:23.023+0000] {dagbag.py:541} INFO - Filling up the DagBag from /opt/airflow/dags/weather_to_duckdb.py
[2024-12-08T14:18:23.559+0000] {processor.py:836} INFO - DAG(s) dict_keys(['process_weather_data']) retrieved from /opt/airflow/dags/weather_to_duckdb.py
[2024-12-08T14:18:23.589+0000] {logging_mixin.py:150} INFO - [2024-12-08T14:18:23.589+0000] {dag.py:2742} INFO - Sync 1 DAGs
[2024-12-08T14:18:23.620+0000] {logging_mixin.py:150} INFO - [2024-12-08T14:18:23.620+0000] {dag.py:3508} INFO - Setting next_dagrun for process_weather_data to None, run_after=None
[2024-12-08T14:18:23.652+0000] {processor.py:179} INFO - Processing /opt/airflow/dags/weather_to_duckdb.py took 0.634 seconds
[2024-12-08T14:18:53.923+0000] {processor.py:157} INFO - Started process (PID=4192) to work on /opt/airflow/dags/weather_to_duckdb.py
[2024-12-08T14:18:53.924+0000] {processor.py:826} INFO - Processing file /opt/airflow/dags/weather_to_duckdb.py for tasks to queue
[2024-12-08T14:18:53.926+0000] {logging_mixin.py:150} INFO - [2024-12-08T14:18:53.925+0000] {dagbag.py:541} INFO - Filling up the DagBag from /opt/airflow/dags/weather_to_duckdb.py
[2024-12-08T14:18:54.536+0000] {processor.py:836} INFO - DAG(s) dict_keys(['process_weather_data']) retrieved from /opt/airflow/dags/weather_to_duckdb.py
[2024-12-08T14:18:54.580+0000] {logging_mixin.py:150} INFO - [2024-12-08T14:18:54.579+0000] {dag.py:2742} INFO - Sync 1 DAGs
[2024-12-08T14:18:54.609+0000] {logging_mixin.py:150} INFO - [2024-12-08T14:18:54.609+0000] {dag.py:3508} INFO - Setting next_dagrun for process_weather_data to None, run_after=None
[2024-12-08T14:18:54.635+0000] {processor.py:179} INFO - Processing /opt/airflow/dags/weather_to_duckdb.py took 0.716 seconds
[2024-12-08T14:19:25.197+0000] {processor.py:157} INFO - Started process (PID=4327) to work on /opt/airflow/dags/weather_to_duckdb.py
[2024-12-08T14:19:25.198+0000] {processor.py:826} INFO - Processing file /opt/airflow/dags/weather_to_duckdb.py for tasks to queue
[2024-12-08T14:19:25.200+0000] {logging_mixin.py:150} INFO - [2024-12-08T14:19:25.200+0000] {dagbag.py:541} INFO - Filling up the DagBag from /opt/airflow/dags/weather_to_duckdb.py
[2024-12-08T14:19:25.836+0000] {processor.py:836} INFO - DAG(s) dict_keys(['process_weather_data']) retrieved from /opt/airflow/dags/weather_to_duckdb.py
[2024-12-08T14:19:25.878+0000] {logging_mixin.py:150} INFO - [2024-12-08T14:19:25.877+0000] {dag.py:2742} INFO - Sync 1 DAGs
[2024-12-08T14:19:25.909+0000] {logging_mixin.py:150} INFO - [2024-12-08T14:19:25.909+0000] {dag.py:3508} INFO - Setting next_dagrun for process_weather_data to None, run_after=None
[2024-12-08T14:19:25.936+0000] {processor.py:179} INFO - Processing /opt/airflow/dags/weather_to_duckdb.py took 0.747 seconds
[2024-12-08T14:19:56.314+0000] {processor.py:157} INFO - Started process (PID=4462) to work on /opt/airflow/dags/weather_to_duckdb.py
[2024-12-08T14:19:56.316+0000] {processor.py:826} INFO - Processing file /opt/airflow/dags/weather_to_duckdb.py for tasks to queue
[2024-12-08T14:19:56.316+0000] {logging_mixin.py:150} INFO - [2024-12-08T14:19:56.316+0000] {dagbag.py:541} INFO - Filling up the DagBag from /opt/airflow/dags/weather_to_duckdb.py
[2024-12-08T14:19:56.799+0000] {processor.py:836} INFO - DAG(s) dict_keys(['process_weather_data']) retrieved from /opt/airflow/dags/weather_to_duckdb.py
[2024-12-08T14:19:56.824+0000] {logging_mixin.py:150} INFO - [2024-12-08T14:19:56.824+0000] {dag.py:2742} INFO - Sync 1 DAGs
[2024-12-08T14:19:56.848+0000] {logging_mixin.py:150} INFO - [2024-12-08T14:19:56.847+0000] {dag.py:3508} INFO - Setting next_dagrun for process_weather_data to None, run_after=None
[2024-12-08T14:19:56.875+0000] {processor.py:179} INFO - Processing /opt/airflow/dags/weather_to_duckdb.py took 0.563 seconds
[2024-12-08T14:20:26.961+0000] {processor.py:157} INFO - Started process (PID=4597) to work on /opt/airflow/dags/weather_to_duckdb.py
[2024-12-08T14:20:26.962+0000] {processor.py:826} INFO - Processing file /opt/airflow/dags/weather_to_duckdb.py for tasks to queue
[2024-12-08T14:20:26.963+0000] {logging_mixin.py:150} INFO - [2024-12-08T14:20:26.963+0000] {dagbag.py:541} INFO - Filling up the DagBag from /opt/airflow/dags/weather_to_duckdb.py
[2024-12-08T14:20:27.403+0000] {processor.py:836} INFO - DAG(s) dict_keys(['process_weather_data']) retrieved from /opt/airflow/dags/weather_to_duckdb.py
[2024-12-08T14:20:27.427+0000] {logging_mixin.py:150} INFO - [2024-12-08T14:20:27.427+0000] {dag.py:2742} INFO - Sync 1 DAGs
[2024-12-08T14:20:27.452+0000] {logging_mixin.py:150} INFO - [2024-12-08T14:20:27.451+0000] {dag.py:3508} INFO - Setting next_dagrun for process_weather_data to None, run_after=None
[2024-12-08T14:20:27.487+0000] {processor.py:179} INFO - Processing /opt/airflow/dags/weather_to_duckdb.py took 0.528 seconds
[2024-12-08T14:20:58.224+0000] {processor.py:157} INFO - Started process (PID=4732) to work on /opt/airflow/dags/weather_to_duckdb.py
[2024-12-08T14:20:58.225+0000] {processor.py:826} INFO - Processing file /opt/airflow/dags/weather_to_duckdb.py for tasks to queue
[2024-12-08T14:20:58.227+0000] {logging_mixin.py:150} INFO - [2024-12-08T14:20:58.227+0000] {dagbag.py:541} INFO - Filling up the DagBag from /opt/airflow/dags/weather_to_duckdb.py
[2024-12-08T14:20:58.650+0000] {processor.py:836} INFO - DAG(s) dict_keys(['process_weather_data']) retrieved from /opt/airflow/dags/weather_to_duckdb.py
[2024-12-08T14:20:58.685+0000] {logging_mixin.py:150} INFO - [2024-12-08T14:20:58.685+0000] {dag.py:2742} INFO - Sync 1 DAGs
[2024-12-08T14:20:58.711+0000] {logging_mixin.py:150} INFO - [2024-12-08T14:20:58.710+0000] {dag.py:3508} INFO - Setting next_dagrun for process_weather_data to None, run_after=None
[2024-12-08T14:20:58.731+0000] {processor.py:179} INFO - Processing /opt/airflow/dags/weather_to_duckdb.py took 0.512 seconds
[2024-12-08T14:21:28.923+0000] {processor.py:157} INFO - Started process (PID=4867) to work on /opt/airflow/dags/weather_to_duckdb.py
[2024-12-08T14:21:28.925+0000] {processor.py:826} INFO - Processing file /opt/airflow/dags/weather_to_duckdb.py for tasks to queue
[2024-12-08T14:21:28.927+0000] {logging_mixin.py:150} INFO - [2024-12-08T14:21:28.926+0000] {dagbag.py:541} INFO - Filling up the DagBag from /opt/airflow/dags/weather_to_duckdb.py
[2024-12-08T14:21:29.461+0000] {processor.py:836} INFO - DAG(s) dict_keys(['process_weather_data']) retrieved from /opt/airflow/dags/weather_to_duckdb.py
[2024-12-08T14:21:29.497+0000] {logging_mixin.py:150} INFO - [2024-12-08T14:21:29.497+0000] {dag.py:2742} INFO - Sync 1 DAGs
[2024-12-08T14:21:29.527+0000] {logging_mixin.py:150} INFO - [2024-12-08T14:21:29.526+0000] {dag.py:3508} INFO - Setting next_dagrun for process_weather_data to None, run_after=None
[2024-12-08T14:21:29.554+0000] {processor.py:179} INFO - Processing /opt/airflow/dags/weather_to_duckdb.py took 0.638 seconds
[2024-12-08T14:21:59.802+0000] {processor.py:157} INFO - Started process (PID=5016) to work on /opt/airflow/dags/weather_to_duckdb.py
[2024-12-08T14:21:59.803+0000] {processor.py:826} INFO - Processing file /opt/airflow/dags/weather_to_duckdb.py for tasks to queue
[2024-12-08T14:21:59.804+0000] {logging_mixin.py:150} INFO - [2024-12-08T14:21:59.804+0000] {dagbag.py:541} INFO - Filling up the DagBag from /opt/airflow/dags/weather_to_duckdb.py
[2024-12-08T14:22:00.216+0000] {processor.py:836} INFO - DAG(s) dict_keys(['process_weather_data']) retrieved from /opt/airflow/dags/weather_to_duckdb.py
[2024-12-08T14:22:00.244+0000] {logging_mixin.py:150} INFO - [2024-12-08T14:22:00.243+0000] {dag.py:2742} INFO - Sync 1 DAGs
[2024-12-08T14:22:00.272+0000] {logging_mixin.py:150} INFO - [2024-12-08T14:22:00.272+0000] {dag.py:3508} INFO - Setting next_dagrun for process_weather_data to None, run_after=None
[2024-12-08T14:22:00.301+0000] {processor.py:179} INFO - Processing /opt/airflow/dags/weather_to_duckdb.py took 0.502 seconds
[2024-12-08T14:22:30.483+0000] {processor.py:157} INFO - Started process (PID=5137) to work on /opt/airflow/dags/weather_to_duckdb.py
[2024-12-08T14:22:30.484+0000] {processor.py:826} INFO - Processing file /opt/airflow/dags/weather_to_duckdb.py for tasks to queue
[2024-12-08T14:22:30.485+0000] {logging_mixin.py:150} INFO - [2024-12-08T14:22:30.485+0000] {dagbag.py:541} INFO - Filling up the DagBag from /opt/airflow/dags/weather_to_duckdb.py
[2024-12-08T14:22:30.970+0000] {processor.py:836} INFO - DAG(s) dict_keys(['process_weather_data']) retrieved from /opt/airflow/dags/weather_to_duckdb.py
[2024-12-08T14:22:31.002+0000] {logging_mixin.py:150} INFO - [2024-12-08T14:22:31.001+0000] {dag.py:2742} INFO - Sync 1 DAGs
[2024-12-08T14:22:31.037+0000] {logging_mixin.py:150} INFO - [2024-12-08T14:22:31.037+0000] {dag.py:3508} INFO - Setting next_dagrun for process_weather_data to None, run_after=None
[2024-12-08T14:22:31.096+0000] {processor.py:179} INFO - Processing /opt/airflow/dags/weather_to_duckdb.py took 0.615 seconds
[2024-12-08T14:23:01.612+0000] {processor.py:157} INFO - Started process (PID=5272) to work on /opt/airflow/dags/weather_to_duckdb.py
[2024-12-08T14:23:01.613+0000] {processor.py:826} INFO - Processing file /opt/airflow/dags/weather_to_duckdb.py for tasks to queue
[2024-12-08T14:23:01.615+0000] {logging_mixin.py:150} INFO - [2024-12-08T14:23:01.614+0000] {dagbag.py:541} INFO - Filling up the DagBag from /opt/airflow/dags/weather_to_duckdb.py
[2024-12-08T14:23:02.094+0000] {processor.py:836} INFO - DAG(s) dict_keys(['process_weather_data']) retrieved from /opt/airflow/dags/weather_to_duckdb.py
[2024-12-08T14:23:02.119+0000] {logging_mixin.py:150} INFO - [2024-12-08T14:23:02.119+0000] {dag.py:2742} INFO - Sync 1 DAGs
[2024-12-08T14:23:02.138+0000] {logging_mixin.py:150} INFO - [2024-12-08T14:23:02.137+0000] {dag.py:3508} INFO - Setting next_dagrun for process_weather_data to None, run_after=None
[2024-12-08T14:23:02.163+0000] {processor.py:179} INFO - Processing /opt/airflow/dags/weather_to_duckdb.py took 0.553 seconds
[2024-12-08T14:23:32.606+0000] {processor.py:157} INFO - Started process (PID=5407) to work on /opt/airflow/dags/weather_to_duckdb.py
[2024-12-08T14:23:32.607+0000] {processor.py:826} INFO - Processing file /opt/airflow/dags/weather_to_duckdb.py for tasks to queue
[2024-12-08T14:23:32.609+0000] {logging_mixin.py:150} INFO - [2024-12-08T14:23:32.609+0000] {dagbag.py:541} INFO - Filling up the DagBag from /opt/airflow/dags/weather_to_duckdb.py
[2024-12-08T14:23:33.177+0000] {processor.py:836} INFO - DAG(s) dict_keys(['process_weather_data']) retrieved from /opt/airflow/dags/weather_to_duckdb.py
[2024-12-08T14:23:33.213+0000] {logging_mixin.py:150} INFO - [2024-12-08T14:23:33.213+0000] {dag.py:2742} INFO - Sync 1 DAGs
[2024-12-08T14:23:33.250+0000] {logging_mixin.py:150} INFO - [2024-12-08T14:23:33.250+0000] {dag.py:3508} INFO - Setting next_dagrun for process_weather_data to None, run_after=None
[2024-12-08T14:23:33.290+0000] {processor.py:179} INFO - Processing /opt/airflow/dags/weather_to_duckdb.py took 0.690 seconds
[2024-12-08T14:24:03.734+0000] {processor.py:157} INFO - Started process (PID=5542) to work on /opt/airflow/dags/weather_to_duckdb.py
[2024-12-08T14:24:03.735+0000] {processor.py:826} INFO - Processing file /opt/airflow/dags/weather_to_duckdb.py for tasks to queue
[2024-12-08T14:24:03.736+0000] {logging_mixin.py:150} INFO - [2024-12-08T14:24:03.736+0000] {dagbag.py:541} INFO - Filling up the DagBag from /opt/airflow/dags/weather_to_duckdb.py
[2024-12-08T14:24:04.191+0000] {processor.py:836} INFO - DAG(s) dict_keys(['process_weather_data']) retrieved from /opt/airflow/dags/weather_to_duckdb.py
[2024-12-08T14:24:04.234+0000] {logging_mixin.py:150} INFO - [2024-12-08T14:24:04.233+0000] {dag.py:2742} INFO - Sync 1 DAGs
[2024-12-08T14:24:04.265+0000] {logging_mixin.py:150} INFO - [2024-12-08T14:24:04.265+0000] {dag.py:3508} INFO - Setting next_dagrun for process_weather_data to None, run_after=None
[2024-12-08T14:24:04.292+0000] {processor.py:179} INFO - Processing /opt/airflow/dags/weather_to_duckdb.py took 0.561 seconds
[2024-12-08T14:24:34.734+0000] {processor.py:157} INFO - Started process (PID=5677) to work on /opt/airflow/dags/weather_to_duckdb.py
[2024-12-08T14:24:34.736+0000] {processor.py:826} INFO - Processing file /opt/airflow/dags/weather_to_duckdb.py for tasks to queue
[2024-12-08T14:24:34.738+0000] {logging_mixin.py:150} INFO - [2024-12-08T14:24:34.738+0000] {dagbag.py:541} INFO - Filling up the DagBag from /opt/airflow/dags/weather_to_duckdb.py
[2024-12-08T14:24:35.497+0000] {processor.py:836} INFO - DAG(s) dict_keys(['process_weather_data']) retrieved from /opt/airflow/dags/weather_to_duckdb.py
[2024-12-08T14:24:35.546+0000] {logging_mixin.py:150} INFO - [2024-12-08T14:24:35.545+0000] {dag.py:2742} INFO - Sync 1 DAGs
[2024-12-08T14:24:35.577+0000] {logging_mixin.py:150} INFO - [2024-12-08T14:24:35.577+0000] {dag.py:3508} INFO - Setting next_dagrun for process_weather_data to None, run_after=None
[2024-12-08T14:24:35.609+0000] {processor.py:179} INFO - Processing /opt/airflow/dags/weather_to_duckdb.py took 0.881 seconds
[2024-12-08T14:25:05.982+0000] {processor.py:157} INFO - Started process (PID=5812) to work on /opt/airflow/dags/weather_to_duckdb.py
[2024-12-08T14:25:05.984+0000] {processor.py:826} INFO - Processing file /opt/airflow/dags/weather_to_duckdb.py for tasks to queue
[2024-12-08T14:25:05.985+0000] {logging_mixin.py:150} INFO - [2024-12-08T14:25:05.985+0000] {dagbag.py:541} INFO - Filling up the DagBag from /opt/airflow/dags/weather_to_duckdb.py
[2024-12-08T14:25:06.465+0000] {processor.py:836} INFO - DAG(s) dict_keys(['process_weather_data']) retrieved from /opt/airflow/dags/weather_to_duckdb.py
[2024-12-08T14:25:06.493+0000] {logging_mixin.py:150} INFO - [2024-12-08T14:25:06.492+0000] {dag.py:2742} INFO - Sync 1 DAGs
[2024-12-08T14:25:06.527+0000] {logging_mixin.py:150} INFO - [2024-12-08T14:25:06.527+0000] {dag.py:3508} INFO - Setting next_dagrun for process_weather_data to None, run_after=None
[2024-12-08T14:25:06.565+0000] {processor.py:179} INFO - Processing /opt/airflow/dags/weather_to_duckdb.py took 0.586 seconds
[2024-12-08T14:25:36.795+0000] {processor.py:157} INFO - Started process (PID=5947) to work on /opt/airflow/dags/weather_to_duckdb.py
[2024-12-08T14:25:36.796+0000] {processor.py:826} INFO - Processing file /opt/airflow/dags/weather_to_duckdb.py for tasks to queue
[2024-12-08T14:25:36.798+0000] {logging_mixin.py:150} INFO - [2024-12-08T14:25:36.797+0000] {dagbag.py:541} INFO - Filling up the DagBag from /opt/airflow/dags/weather_to_duckdb.py
[2024-12-08T14:25:37.249+0000] {processor.py:836} INFO - DAG(s) dict_keys(['process_weather_data']) retrieved from /opt/airflow/dags/weather_to_duckdb.py
[2024-12-08T14:25:37.277+0000] {logging_mixin.py:150} INFO - [2024-12-08T14:25:37.276+0000] {dag.py:2742} INFO - Sync 1 DAGs
[2024-12-08T14:25:37.304+0000] {logging_mixin.py:150} INFO - [2024-12-08T14:25:37.303+0000] {dag.py:3508} INFO - Setting next_dagrun for process_weather_data to None, run_after=None
[2024-12-08T14:25:37.350+0000] {processor.py:179} INFO - Processing /opt/airflow/dags/weather_to_duckdb.py took 0.559 seconds
[2024-12-08T14:26:13.935+0000] {processor.py:157} INFO - Started process (PID=338) to work on /opt/airflow/dags/weather_to_duckdb.py
[2024-12-08T14:26:13.936+0000] {processor.py:826} INFO - Processing file /opt/airflow/dags/weather_to_duckdb.py for tasks to queue
[2024-12-08T14:26:13.937+0000] {logging_mixin.py:150} INFO - [2024-12-08T14:26:13.937+0000] {dagbag.py:541} INFO - Filling up the DagBag from /opt/airflow/dags/weather_to_duckdb.py
[2024-12-08T14:26:14.623+0000] {processor.py:836} INFO - DAG(s) dict_keys(['process_weather_data']) retrieved from /opt/airflow/dags/weather_to_duckdb.py
[2024-12-08T14:26:14.643+0000] {logging_mixin.py:150} INFO - [2024-12-08T14:26:14.642+0000] {dag.py:2742} INFO - Sync 1 DAGs
[2024-12-08T14:26:14.673+0000] {logging_mixin.py:150} INFO - [2024-12-08T14:26:14.673+0000] {dag.py:3508} INFO - Setting next_dagrun for process_weather_data to None, run_after=None
[2024-12-08T14:26:14.718+0000] {processor.py:179} INFO - Processing /opt/airflow/dags/weather_to_duckdb.py took 0.787 seconds
[2024-12-08T14:26:45.009+0000] {processor.py:157} INFO - Started process (PID=492) to work on /opt/airflow/dags/weather_to_duckdb.py
[2024-12-08T14:26:45.010+0000] {processor.py:826} INFO - Processing file /opt/airflow/dags/weather_to_duckdb.py for tasks to queue
[2024-12-08T14:26:45.011+0000] {logging_mixin.py:150} INFO - [2024-12-08T14:26:45.011+0000] {dagbag.py:541} INFO - Filling up the DagBag from /opt/airflow/dags/weather_to_duckdb.py
[2024-12-08T14:26:45.651+0000] {processor.py:836} INFO - DAG(s) dict_keys(['process_weather_data']) retrieved from /opt/airflow/dags/weather_to_duckdb.py
[2024-12-08T14:26:45.681+0000] {logging_mixin.py:150} INFO - [2024-12-08T14:26:45.681+0000] {dag.py:2742} INFO - Sync 1 DAGs
[2024-12-08T14:26:45.710+0000] {logging_mixin.py:150} INFO - [2024-12-08T14:26:45.710+0000] {dag.py:3508} INFO - Setting next_dagrun for process_weather_data to None, run_after=None
[2024-12-08T14:26:45.752+0000] {processor.py:179} INFO - Processing /opt/airflow/dags/weather_to_duckdb.py took 0.745 seconds
[2024-12-08T14:27:16.236+0000] {processor.py:157} INFO - Started process (PID=627) to work on /opt/airflow/dags/weather_to_duckdb.py
[2024-12-08T14:27:16.238+0000] {processor.py:826} INFO - Processing file /opt/airflow/dags/weather_to_duckdb.py for tasks to queue
[2024-12-08T14:27:16.244+0000] {logging_mixin.py:150} INFO - [2024-12-08T14:27:16.243+0000] {dagbag.py:541} INFO - Filling up the DagBag from /opt/airflow/dags/weather_to_duckdb.py
[2024-12-08T14:27:16.875+0000] {processor.py:836} INFO - DAG(s) dict_keys(['process_weather_data']) retrieved from /opt/airflow/dags/weather_to_duckdb.py
[2024-12-08T14:27:16.912+0000] {logging_mixin.py:150} INFO - [2024-12-08T14:27:16.912+0000] {dag.py:2742} INFO - Sync 1 DAGs
[2024-12-08T14:27:16.936+0000] {logging_mixin.py:150} INFO - [2024-12-08T14:27:16.935+0000] {dag.py:3508} INFO - Setting next_dagrun for process_weather_data to None, run_after=None
[2024-12-08T14:27:16.960+0000] {processor.py:179} INFO - Processing /opt/airflow/dags/weather_to_duckdb.py took 0.728 seconds
[2024-12-08T14:28:12.373+0000] {processor.py:157} INFO - Started process (PID=340) to work on /opt/airflow/dags/weather_to_duckdb.py
[2024-12-08T14:28:12.375+0000] {processor.py:826} INFO - Processing file /opt/airflow/dags/weather_to_duckdb.py for tasks to queue
[2024-12-08T14:28:12.376+0000] {logging_mixin.py:150} INFO - [2024-12-08T14:28:12.376+0000] {dagbag.py:541} INFO - Filling up the DagBag from /opt/airflow/dags/weather_to_duckdb.py
[2024-12-08T14:28:12.999+0000] {processor.py:836} INFO - DAG(s) dict_keys(['process_weather_data']) retrieved from /opt/airflow/dags/weather_to_duckdb.py
[2024-12-08T14:28:13.012+0000] {logging_mixin.py:150} INFO - [2024-12-08T14:28:13.012+0000] {dag.py:2742} INFO - Sync 1 DAGs
[2024-12-08T14:28:13.045+0000] {logging_mixin.py:150} INFO - [2024-12-08T14:28:13.045+0000] {dag.py:3508} INFO - Setting next_dagrun for process_weather_data to None, run_after=None
[2024-12-08T14:28:13.073+0000] {processor.py:179} INFO - Processing /opt/airflow/dags/weather_to_duckdb.py took 0.705 seconds
[2024-12-08T14:28:43.520+0000] {processor.py:157} INFO - Started process (PID=495) to work on /opt/airflow/dags/weather_to_duckdb.py
[2024-12-08T14:28:43.521+0000] {processor.py:826} INFO - Processing file /opt/airflow/dags/weather_to_duckdb.py for tasks to queue
[2024-12-08T14:28:43.522+0000] {logging_mixin.py:150} INFO - [2024-12-08T14:28:43.521+0000] {dagbag.py:541} INFO - Filling up the DagBag from /opt/airflow/dags/weather_to_duckdb.py
[2024-12-08T14:28:44.115+0000] {processor.py:836} INFO - DAG(s) dict_keys(['process_weather_data']) retrieved from /opt/airflow/dags/weather_to_duckdb.py
[2024-12-08T14:28:44.144+0000] {logging_mixin.py:150} INFO - [2024-12-08T14:28:44.144+0000] {dag.py:2742} INFO - Sync 1 DAGs
[2024-12-08T14:28:44.174+0000] {logging_mixin.py:150} INFO - [2024-12-08T14:28:44.174+0000] {dag.py:3508} INFO - Setting next_dagrun for process_weather_data to None, run_after=None
[2024-12-08T14:28:44.201+0000] {processor.py:179} INFO - Processing /opt/airflow/dags/weather_to_duckdb.py took 0.684 seconds
[2024-12-08T14:29:14.397+0000] {processor.py:157} INFO - Started process (PID=629) to work on /opt/airflow/dags/weather_to_duckdb.py
[2024-12-08T14:29:14.398+0000] {processor.py:826} INFO - Processing file /opt/airflow/dags/weather_to_duckdb.py for tasks to queue
[2024-12-08T14:29:14.399+0000] {logging_mixin.py:150} INFO - [2024-12-08T14:29:14.399+0000] {dagbag.py:541} INFO - Filling up the DagBag from /opt/airflow/dags/weather_to_duckdb.py
[2024-12-08T14:29:14.977+0000] {processor.py:836} INFO - DAG(s) dict_keys(['process_weather_data']) retrieved from /opt/airflow/dags/weather_to_duckdb.py
[2024-12-08T14:29:15.006+0000] {logging_mixin.py:150} INFO - [2024-12-08T14:29:15.005+0000] {dag.py:2742} INFO - Sync 1 DAGs
[2024-12-08T14:29:15.034+0000] {logging_mixin.py:150} INFO - [2024-12-08T14:29:15.033+0000] {dag.py:3508} INFO - Setting next_dagrun for process_weather_data to None, run_after=None
[2024-12-08T14:29:15.051+0000] {processor.py:179} INFO - Processing /opt/airflow/dags/weather_to_duckdb.py took 0.657 seconds
[2024-12-08T14:29:45.414+0000] {processor.py:157} INFO - Started process (PID=764) to work on /opt/airflow/dags/weather_to_duckdb.py
[2024-12-08T14:29:45.415+0000] {processor.py:826} INFO - Processing file /opt/airflow/dags/weather_to_duckdb.py for tasks to queue
[2024-12-08T14:29:45.416+0000] {logging_mixin.py:150} INFO - [2024-12-08T14:29:45.416+0000] {dagbag.py:541} INFO - Filling up the DagBag from /opt/airflow/dags/weather_to_duckdb.py
[2024-12-08T14:29:45.878+0000] {processor.py:836} INFO - DAG(s) dict_keys(['process_weather_data']) retrieved from /opt/airflow/dags/weather_to_duckdb.py
[2024-12-08T14:29:45.904+0000] {logging_mixin.py:150} INFO - [2024-12-08T14:29:45.904+0000] {dag.py:2742} INFO - Sync 1 DAGs
[2024-12-08T14:29:45.927+0000] {logging_mixin.py:150} INFO - [2024-12-08T14:29:45.927+0000] {dag.py:3508} INFO - Setting next_dagrun for process_weather_data to None, run_after=None
[2024-12-08T14:29:45.974+0000] {processor.py:179} INFO - Processing /opt/airflow/dags/weather_to_duckdb.py took 0.563 seconds
[2024-12-08T14:30:16.464+0000] {processor.py:157} INFO - Started process (PID=899) to work on /opt/airflow/dags/weather_to_duckdb.py
[2024-12-08T14:30:16.465+0000] {processor.py:826} INFO - Processing file /opt/airflow/dags/weather_to_duckdb.py for tasks to queue
[2024-12-08T14:30:16.466+0000] {logging_mixin.py:150} INFO - [2024-12-08T14:30:16.466+0000] {dagbag.py:541} INFO - Filling up the DagBag from /opt/airflow/dags/weather_to_duckdb.py
[2024-12-08T14:30:17.002+0000] {processor.py:836} INFO - DAG(s) dict_keys(['process_weather_data']) retrieved from /opt/airflow/dags/weather_to_duckdb.py
[2024-12-08T14:30:17.032+0000] {logging_mixin.py:150} INFO - [2024-12-08T14:30:17.032+0000] {dag.py:2742} INFO - Sync 1 DAGs
[2024-12-08T14:30:17.051+0000] {logging_mixin.py:150} INFO - [2024-12-08T14:30:17.051+0000] {dag.py:3508} INFO - Setting next_dagrun for process_weather_data to None, run_after=None
[2024-12-08T14:30:17.073+0000] {processor.py:179} INFO - Processing /opt/airflow/dags/weather_to_duckdb.py took 0.612 seconds
