[2024-12-04T08:55:41.807+0000] {taskinstance.py:1103} INFO - Dependencies all met for dep_context=non-requeueable deps ti=<TaskInstance: noaa_data_fetch.fetch_noaa_data manual__2024-12-04T08:55:39.893394+00:00 [queued]>
[2024-12-04T08:55:41.815+0000] {taskinstance.py:1103} INFO - Dependencies all met for dep_context=requeueable deps ti=<TaskInstance: noaa_data_fetch.fetch_noaa_data manual__2024-12-04T08:55:39.893394+00:00 [queued]>
[2024-12-04T08:55:41.815+0000] {taskinstance.py:1308} INFO - Starting attempt 1 of 2
[2024-12-04T08:55:41.829+0000] {taskinstance.py:1327} INFO - Executing <Task(PythonOperator): fetch_noaa_data> on 2024-12-04 08:55:39.893394+00:00
[2024-12-04T08:55:41.836+0000] {standard_task_runner.py:57} INFO - Started process 601 to run task
[2024-12-04T08:55:41.839+0000] {standard_task_runner.py:84} INFO - Running: ['***', 'tasks', 'run', 'noaa_data_fetch', 'fetch_noaa_data', 'manual__2024-12-04T08:55:39.893394+00:00', '--job-id', '110', '--raw', '--subdir', 'DAGS_FOLDER/fetch_weather_data.py', '--cfg-path', '/tmp/tmpitqg_hng']
[2024-12-04T08:55:41.841+0000] {standard_task_runner.py:85} INFO - Job 110: Subtask fetch_noaa_data
[2024-12-04T08:55:41.879+0000] {task_command.py:410} INFO - Running <TaskInstance: noaa_data_fetch.fetch_noaa_data manual__2024-12-04T08:55:39.893394+00:00 [running]> on host 3d0bf07ccc10
[2024-12-04T08:55:41.957+0000] {taskinstance.py:1547} INFO - Exporting env vars: AIRFLOW_CTX_DAG_OWNER='***' AIRFLOW_CTX_DAG_ID='noaa_data_fetch' AIRFLOW_CTX_TASK_ID='fetch_noaa_data' AIRFLOW_CTX_EXECUTION_DATE='2024-12-04T08:55:39.893394+00:00' AIRFLOW_CTX_TRY_NUMBER='1' AIRFLOW_CTX_DAG_RUN_ID='manual__2024-12-04T08:55:39.893394+00:00'
[2024-12-04T08:55:43.224+0000] {python.py:183} INFO - Done. Returned value was:                     date datatype            station attributes  value
0    2023-01-01T00:00:00     TMAX  GHCND:USC00310090   ,,7,0700    150
1    2023-01-01T00:00:00     TMAX  GHCND:USC00310212   ,,7,0800    178
2    2023-01-01T00:00:00     TMAX  GHCND:USC00310286   ,,7,2400    161
3    2023-01-01T00:00:00     TMAX  GHCND:USC00310356   ,,7,0800    194
4    2023-01-01T00:00:00     TMAX  GHCND:USC00310375   ,,7,0800    183
..                   ...      ...                ...        ...    ...
995  2023-01-06T00:00:00     TMAX  GHCND:USC00317202   ,,7,0700    183
996  2023-01-06T00:00:00     TMAX  GHCND:USC00317319   ,,7,0700    178
997  2023-01-06T00:00:00     TMAX  GHCND:USC00317516   ,,7,0700    156
998  2023-01-06T00:00:00     TMAX  GHCND:USC00317615   ,,7,1900    133
999  2023-01-06T00:00:00     TMAX  GHCND:USC00317618   ,,7,0800    178

[1000 rows x 5 columns]
[2024-12-04T08:55:43.347+0000] {taskinstance.py:1350} INFO - Marking task as SUCCESS. dag_id=noaa_data_fetch, task_id=fetch_noaa_data, execution_date=20241204T085539, start_date=20241204T085541, end_date=20241204T085543
[2024-12-04T08:55:43.421+0000] {local_task_job_runner.py:225} INFO - Task exited with return code 0
[2024-12-04T08:55:43.485+0000] {taskinstance.py:2653} INFO - 0 downstream tasks scheduled from follow-on schedule check
