[2024-12-10T12:54:18.754+0000] {taskinstance.py:1103} INFO - Dependencies all met for dep_context=non-requeueable deps ti=<TaskInstance: fortune_500_data_processing.transform_data manual__2024-12-10T12:46:01.452694+00:00 [queued]>
[2024-12-10T12:54:18.764+0000] {taskinstance.py:1103} INFO - Dependencies all met for dep_context=requeueable deps ti=<TaskInstance: fortune_500_data_processing.transform_data manual__2024-12-10T12:46:01.452694+00:00 [queued]>
[2024-12-10T12:54:18.765+0000] {taskinstance.py:1308} INFO - Starting attempt 1 of 2
[2024-12-10T12:54:18.782+0000] {taskinstance.py:1327} INFO - Executing <Task(PythonOperator): transform_data> on 2024-12-10 12:46:01.452694+00:00
[2024-12-10T12:54:18.788+0000] {standard_task_runner.py:57} INFO - Started process 492 to run task
[2024-12-10T12:54:18.792+0000] {standard_task_runner.py:84} INFO - Running: ['***', 'tasks', 'run', 'fortune_500_data_processing', 'transform_data', 'manual__2024-12-10T12:46:01.452694+00:00', '--job-id', '25', '--raw', '--subdir', 'DAGS_FOLDER/business_transform.py', '--cfg-path', '/tmp/tmp50pteslx']
[2024-12-10T12:54:18.794+0000] {standard_task_runner.py:85} INFO - Job 25: Subtask transform_data
[2024-12-10T12:54:18.846+0000] {task_command.py:410} INFO - Running <TaskInstance: fortune_500_data_processing.transform_data manual__2024-12-10T12:46:01.452694+00:00 [running]> on host 134bb3434cfb
[2024-12-10T12:54:18.939+0000] {taskinstance.py:1547} INFO - Exporting env vars: AIRFLOW_CTX_DAG_OWNER='***' AIRFLOW_CTX_DAG_ID='fortune_500_data_processing' AIRFLOW_CTX_TASK_ID='transform_data' AIRFLOW_CTX_EXECUTION_DATE='2024-12-10T12:46:01.452694+00:00' AIRFLOW_CTX_TRY_NUMBER='1' AIRFLOW_CTX_DAG_RUN_ID='manual__2024-12-10T12:46:01.452694+00:00'
[2024-12-10T12:54:19.018+0000] {python.py:183} INFO - Done. Returned value was: {'business_fact':      BUSINESSID  RANK  EMPLOYEES  REVENUES   PROFIT   ID
0            19    49     274000     58734   -502.2    0
1           306   226      31400     12399   -276.0    1
2           269   290      52000      9642    732.1    2
3           270   440       7500      5886    914.0    3
4           425   198     110000     14062    234.9    4
..          ...   ...        ...       ...      ...  ...
495           3   111      30000     25638   5953.0  495
496         119    31     159000     80403   8695.0  496
497         372    36     105000     71726  10508.0  497
498          35   239      13195     11735   1314.0  498
499           0    94      91584     30109   5050.0  499

[500 rows x 6 columns], 'business_dim':       ID                         NAME  COUNTYFIPS
0     19              ALBERTSONS COS.       16001
1    306            MICRON TECHNOLOGY       16001
2    269  LABORATORY CORP. OF AMERICA       37001
3    270                 LAM RESEARCH        6001
4    425                       SYNNEX        6001
..   ...                          ...         ...
495    3                       ABBVIE       17097
496  119                      COMCAST       42101
497  372             PROCTER & GAMBLE       39061
498   35         AMERIPRISE FINANCIAL       27053
499    0                           3M       27123

[500 rows x 3 columns], 'county_dim':      COUNTYFIPS     COUNTY STATE
0         16001        ADA    ID
2         37001   ALAMANCE    NC
3          6001    ALAMEDA    CA
7         42003  ALLEGHENY    PA
12        18003      ALLEN    IN
..          ...        ...   ...
488       55139  WINNEBAGO    WI
489       39173       WOOD    OH
490       26081       KENT    MI
491       55133   WAUKESHA    WI
492       34023  MIDDLESEX    NJ

[165 rows x 3 columns]}
[2024-12-10T12:54:19.080+0000] {taskinstance.py:1350} INFO - Marking task as SUCCESS. dag_id=fortune_500_data_processing, task_id=transform_data, execution_date=20241210T124601, start_date=20241210T125418, end_date=20241210T125419
[2024-12-10T12:54:19.126+0000] {local_task_job_runner.py:225} INFO - Task exited with return code 0
[2024-12-10T12:54:19.150+0000] {taskinstance.py:2653} INFO - 1 downstream tasks scheduled from follow-on schedule check
