[2024-12-10T12:54:16.354+0000] {taskinstance.py:1103} INFO - Dependencies all met for dep_context=non-requeueable deps ti=<TaskInstance: fortune_500_data_processing.read_data_from_duckdb manual__2024-12-10T12:46:01.452694+00:00 [queued]>
[2024-12-10T12:54:16.371+0000] {taskinstance.py:1103} INFO - Dependencies all met for dep_context=requeueable deps ti=<TaskInstance: fortune_500_data_processing.read_data_from_duckdb manual__2024-12-10T12:46:01.452694+00:00 [queued]>
[2024-12-10T12:54:16.383+0000] {taskinstance.py:1308} INFO - Starting attempt 2 of 2
[2024-12-10T12:54:16.410+0000] {taskinstance.py:1327} INFO - Executing <Task(PythonOperator): read_data_from_duckdb> on 2024-12-10 12:46:01.452694+00:00
[2024-12-10T12:54:16.421+0000] {standard_task_runner.py:57} INFO - Started process 428 to run task
[2024-12-10T12:54:16.424+0000] {standard_task_runner.py:84} INFO - Running: ['***', 'tasks', 'run', 'fortune_500_data_processing', 'read_data_from_duckdb', 'manual__2024-12-10T12:46:01.452694+00:00', '--job-id', '24', '--raw', '--subdir', 'DAGS_FOLDER/business_transform.py', '--cfg-path', '/tmp/tmptb6cjju5']
[2024-12-10T12:54:16.427+0000] {standard_task_runner.py:85} INFO - Job 24: Subtask read_data_from_duckdb
[2024-12-10T12:54:16.493+0000] {task_command.py:410} INFO - Running <TaskInstance: fortune_500_data_processing.read_data_from_duckdb manual__2024-12-10T12:46:01.452694+00:00 [running]> on host 134bb3434cfb
[2024-12-10T12:54:16.608+0000] {taskinstance.py:1547} INFO - Exporting env vars: AIRFLOW_CTX_DAG_OWNER='***' AIRFLOW_CTX_DAG_ID='fortune_500_data_processing' AIRFLOW_CTX_TASK_ID='read_data_from_duckdb' AIRFLOW_CTX_EXECUTION_DATE='2024-12-10T12:46:01.452694+00:00' AIRFLOW_CTX_TRY_NUMBER='2' AIRFLOW_CTX_DAG_RUN_ID='manual__2024-12-10T12:46:01.452694+00:00'
[2024-12-10T12:54:16.665+0000] {python.py:183} INFO - Done. Returned value was:                 X  ...   PROFIT
0   -1.293321e+07  ...   -502.2
1   -1.292942e+07  ...   -276.0
2   -8.842930e+06  ...    732.1
3   -1.357618e+07  ...    914.0
4   -1.357871e+07  ...    234.9
..            ...  ...      ...
495 -9.784044e+06  ...   5953.0
496 -8.367717e+06  ...   8695.0
497 -9.407100e+06  ...  10508.0
498 -1.038271e+07  ...   1314.0
499 -1.035218e+07  ...   5050.0

[500 rows x 22 columns]
[2024-12-10T12:54:16.864+0000] {taskinstance.py:1350} INFO - Marking task as SUCCESS. dag_id=fortune_500_data_processing, task_id=read_data_from_duckdb, execution_date=20241210T124601, start_date=20241210T125416, end_date=20241210T125416
[2024-12-10T12:54:16.919+0000] {local_task_job_runner.py:225} INFO - Task exited with return code 0
[2024-12-10T12:54:16.955+0000] {taskinstance.py:2653} INFO - 1 downstream tasks scheduled from follow-on schedule check
