[2024-12-13T23:06:14.028+0000] {manager.py:487} INFO - Processing files using up to 2 processes at a time 
[2024-12-13T23:06:14.028+0000] {manager.py:488} INFO - Process each file at most once every 30 seconds
[2024-12-13T23:06:14.028+0000] {manager.py:490} INFO - Checking for new files in /opt/airflow/dags every 300 seconds
[2024-12-13T23:06:14.029+0000] {manager.py:758} INFO - Searching for files in /opt/airflow/dags
[2024-12-13T23:06:14.039+0000] {manager.py:761} INFO - There are 8 files in /opt/airflow/dags
[2024-12-13T23:06:14.102+0000] {manager.py:889} INFO - 
================================================================================
DAG File Processing Stats

File Path                                  PID  Runtime      # DAGs    # Errors  Last Runtime    Last Run
---------------------------------------  -----  ---------  --------  ----------  --------------  ----------
/opt/airflow/dags/dbt_dag.py                                      0           0
/opt/airflow/dags/verify_duckdb.py                                0           0
/opt/airflow/dags/business_etl_v1.py                              0           0
/opt/airflow/dags/iceberg_load.py           40  0.04s             0           0
/opt/airflow/dags/weather_to_duckdb.py                            0           0
/opt/airflow/dags/weather_transform.py      41  0.03s             0           0
/opt/airflow/dags/business_transform.py                           0           0
/opt/airflow/dags/load_data.py                                    0           0
================================================================================
[2024-12-13T23:06:44.414+0000] {manager.py:889} INFO - 
================================================================================
DAG File Processing Stats

File Path                                  PID  Runtime      # DAGs    # Errors  Last Runtime    Last Run
---------------------------------------  -----  ---------  --------  ----------  --------------  -------------------
/opt/airflow/dags/dbt_dag.py                                      1           0  0.06s           2024-12-13T23:06:15
/opt/airflow/dags/verify_duckdb.py                                1           0  0.08s           2024-12-13T23:06:15
/opt/airflow/dags/business_etl_v1.py                              1           0  0.45s           2024-12-13T23:06:15
/opt/airflow/dags/iceberg_load.py          132  0.02s             1           0  0.12s           2024-12-13T23:06:14
/opt/airflow/dags/weather_to_duckdb.py                            1           0  0.43s           2024-12-13T23:06:15
/opt/airflow/dags/weather_transform.py                            1           0  0.49s           2024-12-13T23:06:14
/opt/airflow/dags/business_transform.py                           1           0  0.46s           2024-12-13T23:06:14
/opt/airflow/dags/load_data.py                                    1           0  0.06s           2024-12-13T23:06:15
================================================================================
[2024-12-13T23:07:14.607+0000] {manager.py:889} INFO - 
================================================================================
DAG File Processing Stats

File Path                                PID    Runtime      # DAGs    # Errors  Last Runtime    Last Run
---------------------------------------  -----  ---------  --------  ----------  --------------  -------------------
/opt/airflow/dags/dbt_dag.py                                      1           0  0.05s           2024-12-13T23:06:47
/opt/airflow/dags/verify_duckdb.py                                1           0  0.08s           2024-12-13T23:06:47
/opt/airflow/dags/business_etl_v1.py                              1           0  0.67s           2024-12-13T23:06:47
/opt/airflow/dags/iceberg_load.py                                 1           0  0.48s           2024-12-13T23:06:44
/opt/airflow/dags/weather_to_duckdb.py                            1           0  0.76s           2024-12-13T23:06:47
/opt/airflow/dags/weather_transform.py                            1           0  1.76s           2024-12-13T23:06:46
/opt/airflow/dags/business_transform.py                           1           0  1.58s           2024-12-13T23:06:46
/opt/airflow/dags/load_data.py                                    1           0  0.07s           2024-12-13T23:06:47
================================================================================
[2024-12-13T23:07:45.467+0000] {manager.py:889} INFO - 
================================================================================
DAG File Processing Stats

File Path                                PID    Runtime      # DAGs    # Errors  Last Runtime    Last Run
---------------------------------------  -----  ---------  --------  ----------  --------------  -------------------
/opt/airflow/dags/dbt_dag.py                                      1           0  0.06s           2024-12-13T23:07:18
/opt/airflow/dags/verify_duckdb.py                                1           0  0.10s           2024-12-13T23:07:18
/opt/airflow/dags/business_etl_v1.py                              1           0  0.42s           2024-12-13T23:07:18
/opt/airflow/dags/iceberg_load.py                                 1           0  0.16s           2024-12-13T23:07:15
/opt/airflow/dags/weather_to_duckdb.py                            1           0  0.42s           2024-12-13T23:07:18
/opt/airflow/dags/weather_transform.py                            1           0  0.90s           2024-12-13T23:07:17
/opt/airflow/dags/business_transform.py                           1           0  0.82s           2024-12-13T23:07:17
/opt/airflow/dags/load_data.py                                    1           0  0.07s           2024-12-13T23:07:18
================================================================================
[2024-12-13T23:08:16.624+0000] {manager.py:889} INFO - 
================================================================================
DAG File Processing Stats

File Path                                PID    Runtime      # DAGs    # Errors  Last Runtime    Last Run
---------------------------------------  -----  ---------  --------  ----------  --------------  -------------------
/opt/airflow/dags/dbt_dag.py                                      1           0  0.06s           2024-12-13T23:07:48
/opt/airflow/dags/verify_duckdb.py                                1           0  0.08s           2024-12-13T23:07:49
/opt/airflow/dags/business_etl_v1.py                              1           0  0.38s           2024-12-13T23:07:48
/opt/airflow/dags/iceberg_load.py                                 1           0  0.15s           2024-12-13T23:07:46
/opt/airflow/dags/weather_to_duckdb.py                            1           0  0.33s           2024-12-13T23:07:49
/opt/airflow/dags/weather_transform.py                            1           0  0.79s           2024-12-13T23:07:48
/opt/airflow/dags/business_transform.py                           1           0  0.78s           2024-12-13T23:07:48
/opt/airflow/dags/load_data.py                                    1           0  0.05s           2024-12-13T23:07:48
================================================================================
[2024-12-13T23:08:47.476+0000] {manager.py:889} INFO - 
================================================================================
DAG File Processing Stats

File Path                                PID    Runtime      # DAGs    # Errors  Last Runtime    Last Run
---------------------------------------  -----  ---------  --------  ----------  --------------  -------------------
/opt/airflow/dags/dbt_dag.py                                      1           0  0.08s           2024-12-13T23:08:20
/opt/airflow/dags/verify_duckdb.py                                1           0  0.11s           2024-12-13T23:08:20
/opt/airflow/dags/business_etl_v1.py                              1           0  0.47s           2024-12-13T23:08:20
/opt/airflow/dags/iceberg_load.py                                 1           0  0.61s           2024-12-13T23:08:18
/opt/airflow/dags/weather_to_duckdb.py                            1           0  0.45s           2024-12-13T23:08:20
/opt/airflow/dags/weather_transform.py                            1           0  0.80s           2024-12-13T23:08:19
/opt/airflow/dags/business_transform.py                           1           0  0.79s           2024-12-13T23:08:19
/opt/airflow/dags/load_data.py                                    1           0  0.09s           2024-12-13T23:08:20
================================================================================
[2024-12-13T23:09:18.185+0000] {manager.py:889} INFO - 
================================================================================
DAG File Processing Stats

File Path                                PID    Runtime      # DAGs    # Errors  Last Runtime    Last Run
---------------------------------------  -----  ---------  --------  ----------  --------------  -------------------
/opt/airflow/dags/dbt_dag.py                                      1           0  0.07s           2024-12-13T23:08:50
/opt/airflow/dags/verify_duckdb.py                                1           0  0.07s           2024-12-13T23:08:50
/opt/airflow/dags/business_etl_v1.py                              1           0  0.40s           2024-12-13T23:08:50
/opt/airflow/dags/iceberg_load.py                                 1           0  0.16s           2024-12-13T23:09:10
/opt/airflow/dags/weather_to_duckdb.py                            1           0  0.37s           2024-12-13T23:08:50
/opt/airflow/dags/weather_transform.py                            1           0  0.73s           2024-12-13T23:08:50
/opt/airflow/dags/business_transform.py                           1           0  0.57s           2024-12-13T23:08:50
/opt/airflow/dags/load_data.py                                    1           0  0.07s           2024-12-13T23:08:50
================================================================================
[2024-12-13T23:09:48.295+0000] {manager.py:889} INFO - 
================================================================================
DAG File Processing Stats

File Path                                PID    Runtime      # DAGs    # Errors  Last Runtime    Last Run
---------------------------------------  -----  ---------  --------  ----------  --------------  -------------------
/opt/airflow/dags/dbt_dag.py                                      1           0  0.07s           2024-12-13T23:09:21
/opt/airflow/dags/verify_duckdb.py                                1           0  0.10s           2024-12-13T23:09:21
/opt/airflow/dags/business_etl_v1.py                              1           0  0.56s           2024-12-13T23:09:21
/opt/airflow/dags/iceberg_load.py                                 1           0  0.40s           2024-12-13T23:09:41
/opt/airflow/dags/weather_to_duckdb.py                            1           0  0.44s           2024-12-13T23:09:21
/opt/airflow/dags/weather_transform.py                            1           0  0.41s           2024-12-13T23:09:21
/opt/airflow/dags/business_transform.py                           1           0  0.77s           2024-12-13T23:09:21
/opt/airflow/dags/load_data.py                                    1           0  0.10s           2024-12-13T23:09:21
================================================================================
[2024-12-13T23:10:18.399+0000] {manager.py:889} INFO - 
================================================================================
DAG File Processing Stats

File Path                                PID    Runtime      # DAGs    # Errors  Last Runtime    Last Run
---------------------------------------  -----  ---------  --------  ----------  --------------  -------------------
/opt/airflow/dags/dbt_dag.py                                      1           0  0.10s           2024-12-13T23:09:52
/opt/airflow/dags/verify_duckdb.py                                1           0  0.20s           2024-12-13T23:09:52
/opt/airflow/dags/business_etl_v1.py                              1           0  0.72s           2024-12-13T23:09:52
/opt/airflow/dags/iceberg_load.py                                 1           0  0.23s           2024-12-13T23:10:12
/opt/airflow/dags/weather_to_duckdb.py                            1           0  0.65s           2024-12-13T23:09:52
/opt/airflow/dags/weather_transform.py                            1           0  0.56s           2024-12-13T23:09:52
/opt/airflow/dags/business_transform.py                           1           0  0.51s           2024-12-13T23:09:51
/opt/airflow/dags/load_data.py                                    1           0  0.07s           2024-12-13T23:09:52
================================================================================
[2024-12-13T23:10:48.774+0000] {manager.py:889} INFO - 
================================================================================
DAG File Processing Stats

File Path                                PID    Runtime      # DAGs    # Errors  Last Runtime    Last Run
---------------------------------------  -----  ---------  --------  ----------  --------------  -------------------
/opt/airflow/dags/dbt_dag.py                                      1           0  0.19s           2024-12-13T23:10:23
/opt/airflow/dags/verify_duckdb.py                                1           0  0.18s           2024-12-13T23:10:23
/opt/airflow/dags/business_etl_v1.py                              1           0  0.42s           2024-12-13T23:10:23
/opt/airflow/dags/iceberg_load.py                                 1           0  0.86s           2024-12-13T23:10:43
/opt/airflow/dags/weather_to_duckdb.py                            1           0  0.38s           2024-12-13T23:10:23
/opt/airflow/dags/weather_transform.py                            1           0  0.67s           2024-12-13T23:10:22
/opt/airflow/dags/business_transform.py                           1           0  0.61s           2024-12-13T23:10:22
/opt/airflow/dags/load_data.py                                    1           0  0.11s           2024-12-13T23:10:23
================================================================================
[2024-12-13T23:11:14.102+0000] {manager.py:758} INFO - Searching for files in /opt/airflow/dags
[2024-12-13T23:11:14.109+0000] {manager.py:761} INFO - There are 8 files in /opt/airflow/dags
[2024-12-13T23:11:18.000+0000] {manager.py:470} INFO - Exiting gracefully upon receiving signal 15
[2024-12-13T23:11:46.434+0000] {manager.py:487} INFO - Processing files using up to 2 processes at a time 
[2024-12-13T23:11:46.435+0000] {manager.py:488} INFO - Process each file at most once every 30 seconds
[2024-12-13T23:11:46.435+0000] {manager.py:490} INFO - Checking for new files in /opt/airflow/dags every 300 seconds
[2024-12-13T23:11:46.435+0000] {manager.py:758} INFO - Searching for files in /opt/airflow/dags
[2024-12-13T23:11:46.442+0000] {manager.py:761} INFO - There are 8 files in /opt/airflow/dags
[2024-12-13T23:11:46.531+0000] {manager.py:889} INFO - 
================================================================================
DAG File Processing Stats

File Path                                  PID  Runtime      # DAGs    # Errors  Last Runtime    Last Run
---------------------------------------  -----  ---------  --------  ----------  --------------  ----------
/opt/airflow/dags/dbt_dag.py                                      0           0
/opt/airflow/dags/verify_duckdb.py                                0           0
/opt/airflow/dags/business_etl_v1.py                              0           0
/opt/airflow/dags/iceberg_load.py           40  0.06s             0           0
/opt/airflow/dags/weather_to_duckdb.py                            0           0
/opt/airflow/dags/weather_transform.py      41  0.05s             0           0
/opt/airflow/dags/business_transform.py                           0           0
/opt/airflow/dags/load_data.py                                    0           0
================================================================================
[2024-12-13T23:12:16.929+0000] {manager.py:889} INFO - 
================================================================================
DAG File Processing Stats

File Path                                  PID  Runtime      # DAGs    # Errors  Last Runtime    Last Run
---------------------------------------  -----  ---------  --------  ----------  --------------  -------------------
/opt/airflow/dags/dbt_dag.py                                      1           0  0.05s           2024-12-13T23:11:47
/opt/airflow/dags/verify_duckdb.py                                1           0  0.08s           2024-12-13T23:11:47
/opt/airflow/dags/business_etl_v1.py                              1           0  0.45s           2024-12-13T23:11:47
/opt/airflow/dags/iceberg_load.py          132  0.04s             1           0  0.15s           2024-12-13T23:11:46
/opt/airflow/dags/weather_to_duckdb.py                            1           0  0.48s           2024-12-13T23:11:47
/opt/airflow/dags/weather_transform.py                            1           0  0.50s           2024-12-13T23:11:46
/opt/airflow/dags/business_transform.py                           1           0  0.49s           2024-12-13T23:11:47
/opt/airflow/dags/load_data.py                                    1           0  0.05s           2024-12-13T23:11:47
================================================================================
[2024-12-13T23:12:47.951+0000] {manager.py:889} INFO - 
================================================================================
DAG File Processing Stats

File Path                                  PID  Runtime      # DAGs    # Errors  Last Runtime    Last Run
---------------------------------------  -----  ---------  --------  ----------  --------------  -------------------
/opt/airflow/dags/dbt_dag.py                                      1           0  0.07s           2024-12-13T23:12:18
/opt/airflow/dags/verify_duckdb.py                                1           0  0.08s           2024-12-13T23:12:18
/opt/airflow/dags/business_etl_v1.py                              1           0  0.60s           2024-12-13T23:12:18
/opt/airflow/dags/iceberg_load.py          231  0.02s             1           0  0.19s           2024-12-13T23:12:17
/opt/airflow/dags/weather_to_duckdb.py                            1           0  0.44s           2024-12-13T23:12:18
/opt/airflow/dags/weather_transform.py     232  0.00s             1           0  0.53s           2024-12-13T23:12:17
/opt/airflow/dags/business_transform.py                           1           0  0.64s           2024-12-13T23:12:18
/opt/airflow/dags/load_data.py                                    1           0  0.19s           2024-12-13T23:12:18
================================================================================
[2024-12-13T23:13:18.958+0000] {manager.py:889} INFO - 
================================================================================
DAG File Processing Stats

File Path                                  PID  Runtime      # DAGs    # Errors  Last Runtime    Last Run
---------------------------------------  -----  ---------  --------  ----------  --------------  -------------------
/opt/airflow/dags/dbt_dag.py                                      1           0  0.07s           2024-12-13T23:12:49
/opt/airflow/dags/verify_duckdb.py                                1           0  0.09s           2024-12-13T23:12:49
/opt/airflow/dags/business_etl_v1.py                              1           0  0.59s           2024-12-13T23:12:49
/opt/airflow/dags/iceberg_load.py          311  0.08s             1           0  0.40s           2024-12-13T23:12:48
/opt/airflow/dags/weather_to_duckdb.py                            1           0  0.49s           2024-12-13T23:12:49
/opt/airflow/dags/weather_transform.py     312  0.01s             1           0  0.87s           2024-12-13T23:12:48
/opt/airflow/dags/business_transform.py                           1           0  0.74s           2024-12-13T23:12:49
/opt/airflow/dags/load_data.py                                    1           0  0.07s           2024-12-13T23:12:49
================================================================================
[2024-12-13T23:13:49.580+0000] {manager.py:889} INFO - 
================================================================================
DAG File Processing Stats

File Path                                PID    Runtime      # DAGs    # Errors  Last Runtime    Last Run
---------------------------------------  -----  ---------  --------  ----------  --------------  -------------------
/opt/airflow/dags/dbt_dag.py                                      1           0  0.07s           2024-12-13T23:13:20
/opt/airflow/dags/verify_duckdb.py                                1           0  0.09s           2024-12-13T23:13:20
/opt/airflow/dags/business_etl_v1.py                              1           0  0.41s           2024-12-13T23:13:20
/opt/airflow/dags/iceberg_load.py                                 1           0  0.28s           2024-12-13T23:13:39
/opt/airflow/dags/weather_to_duckdb.py                            1           0  0.38s           2024-12-13T23:13:20
/opt/airflow/dags/weather_transform.py                            1           0  0.67s           2024-12-13T23:13:19
/opt/airflow/dags/business_transform.py                           1           0  0.60s           2024-12-13T23:13:19
/opt/airflow/dags/load_data.py                                    1           0  0.07s           2024-12-13T23:13:20
================================================================================
[2024-12-13T23:14:19.678+0000] {manager.py:889} INFO - 
================================================================================
DAG File Processing Stats

File Path                                PID    Runtime      # DAGs    # Errors  Last Runtime    Last Run
---------------------------------------  -----  ---------  --------  ----------  --------------  -------------------
/opt/airflow/dags/dbt_dag.py                                      1           0  0.11s           2024-12-13T23:13:51
/opt/airflow/dags/verify_duckdb.py                                1           0  0.11s           2024-12-13T23:13:51
/opt/airflow/dags/business_etl_v1.py                              1           0  0.52s           2024-12-13T23:13:50
/opt/airflow/dags/iceberg_load.py                                 1           0  0.14s           2024-12-13T23:14:10
/opt/airflow/dags/weather_to_duckdb.py                            1           0  0.53s           2024-12-13T23:13:51
/opt/airflow/dags/weather_transform.py                            1           0  0.63s           2024-12-13T23:13:50
/opt/airflow/dags/business_transform.py                           1           0  0.62s           2024-12-13T23:13:50
/opt/airflow/dags/load_data.py                                    1           0  0.14s           2024-12-13T23:13:51
================================================================================
[2024-12-13T23:14:45.259+0000] {manager.py:470} INFO - Exiting gracefully upon receiving signal 15
[2024-12-13T23:17:09.000+0000] {manager.py:487} INFO - Processing files using up to 2 processes at a time 
[2024-12-13T23:17:09.002+0000] {manager.py:488} INFO - Process each file at most once every 30 seconds
[2024-12-13T23:17:09.003+0000] {manager.py:490} INFO - Checking for new files in /opt/airflow/dags every 300 seconds
[2024-12-13T23:17:09.005+0000] {manager.py:758} INFO - Searching for files in /opt/airflow/dags
[2024-12-13T23:17:09.020+0000] {manager.py:761} INFO - There are 8 files in /opt/airflow/dags
[2024-12-13T23:17:09.080+0000] {manager.py:889} INFO - 
================================================================================
DAG File Processing Stats

File Path                                  PID  Runtime      # DAGs    # Errors  Last Runtime    Last Run
---------------------------------------  -----  ---------  --------  ----------  --------------  ----------
/opt/airflow/dags/dbt_dag.py                                      0           0
/opt/airflow/dags/verify_duckdb.py                                0           0
/opt/airflow/dags/business_etl_v1.py                              0           0
/opt/airflow/dags/iceberg_load.py           25  0.03s             0           0
/opt/airflow/dags/weather_to_duckdb.py                            0           0
/opt/airflow/dags/weather_transform.py      26  0.03s             0           0
/opt/airflow/dags/business_transform.py                           0           0
/opt/airflow/dags/load_data.py                                    0           0
================================================================================
[2024-12-13T23:17:39.769+0000] {manager.py:889} INFO - 
================================================================================
DAG File Processing Stats

File Path                                  PID  Runtime      # DAGs    # Errors  Last Runtime    Last Run
---------------------------------------  -----  ---------  --------  ----------  --------------  -------------------
/opt/airflow/dags/dbt_dag.py                                      1           0  0.36s           2024-12-13T23:17:11
/opt/airflow/dags/verify_duckdb.py                                1           0  0.30s           2024-12-13T23:17:11
/opt/airflow/dags/business_etl_v1.py                              1           0  0.42s           2024-12-13T23:17:10
/opt/airflow/dags/iceberg_load.py          118  0.02s             1           0  0.21s           2024-12-13T23:17:09
/opt/airflow/dags/weather_to_duckdb.py                            1           0  0.82s           2024-12-13T23:17:11
/opt/airflow/dags/weather_transform.py                            1           0  1.09s           2024-12-13T23:17:10
/opt/airflow/dags/business_transform.py                           1           0  0.87s           2024-12-13T23:17:10
/opt/airflow/dags/load_data.py                                    1           0  0.20s           2024-12-13T23:17:10
================================================================================
[2024-12-13T23:18:10.369+0000] {manager.py:889} INFO - 
================================================================================
DAG File Processing Stats

File Path                                  PID  Runtime      # DAGs    # Errors  Last Runtime    Last Run
---------------------------------------  -----  ---------  --------  ----------  --------------  -------------------
/opt/airflow/dags/dbt_dag.py                                      1           0  0.15s           2024-12-13T23:17:42
/opt/airflow/dags/verify_duckdb.py                                1           0  0.12s           2024-12-13T23:17:43
/opt/airflow/dags/business_etl_v1.py                              1           0  0.51s           2024-12-13T23:17:42
/opt/airflow/dags/iceberg_load.py          198  0.01s             1           0  0.19s           2024-12-13T23:17:39
/opt/airflow/dags/weather_to_duckdb.py                            1           0  0.44s           2024-12-13T23:17:43
/opt/airflow/dags/weather_transform.py                            1           0  1.41s           2024-12-13T23:17:42
/opt/airflow/dags/business_transform.py                           1           0  1.38s           2024-12-13T23:17:42
/opt/airflow/dags/load_data.py                                    1           0  0.07s           2024-12-13T23:17:42
================================================================================
[2024-12-13T23:18:41.053+0000] {manager.py:889} INFO - 
================================================================================
DAG File Processing Stats

File Path                                  PID  Runtime      # DAGs    # Errors  Last Runtime    Last Run
---------------------------------------  -----  ---------  --------  ----------  --------------  -------------------
/opt/airflow/dags/dbt_dag.py                                      1           0  0.07s           2024-12-13T23:18:13
/opt/airflow/dags/verify_duckdb.py                                1           0  0.08s           2024-12-13T23:18:13
/opt/airflow/dags/business_etl_v1.py                              1           0  0.50s           2024-12-13T23:18:13
/opt/airflow/dags/iceberg_load.py          273  0.02s             1           0  0.14s           2024-12-13T23:18:10
/opt/airflow/dags/weather_to_duckdb.py                            1           0  0.29s           2024-12-13T23:18:13
/opt/airflow/dags/weather_transform.py                            1           0  0.71s           2024-12-13T23:18:13
/opt/airflow/dags/business_transform.py                           1           0  0.67s           2024-12-13T23:18:13
/opt/airflow/dags/load_data.py                                    1           0  0.16s           2024-12-13T23:18:13
================================================================================
[2024-12-13T23:19:11.519+0000] {manager.py:889} INFO - 
================================================================================
DAG File Processing Stats

File Path                                  PID  Runtime      # DAGs    # Errors  Last Runtime    Last Run
---------------------------------------  -----  ---------  --------  ----------  --------------  -------------------
/opt/airflow/dags/dbt_dag.py                                      1           0  0.07s           2024-12-13T23:18:44
/opt/airflow/dags/verify_duckdb.py                                1           0  0.07s           2024-12-13T23:18:44
/opt/airflow/dags/business_etl_v1.py                              1           0  0.33s           2024-12-13T23:18:44
/opt/airflow/dags/iceberg_load.py          348  0.01s             1           0  0.16s           2024-12-13T23:18:41
/opt/airflow/dags/weather_to_duckdb.py                            1           0  0.31s           2024-12-13T23:18:44
/opt/airflow/dags/weather_transform.py                            1           0  0.51s           2024-12-13T23:18:43
/opt/airflow/dags/business_transform.py                           1           0  0.56s           2024-12-13T23:18:43
/opt/airflow/dags/load_data.py                                    1           0  0.07s           2024-12-13T23:18:44
================================================================================
[2024-12-13T23:19:35.444+0000] {manager.py:470} INFO - Exiting gracefully upon receiving signal 15
