[2024-12-10T12:55:35.682+0000] {taskinstance.py:1103} INFO - Dependencies all met for dep_context=non-requeueable deps ti=<TaskInstance: process_weather_data.load_weather_data_to_duckdb manual__2024-12-10T12:55:34.235141+00:00 [queued]>
[2024-12-10T12:55:35.690+0000] {taskinstance.py:1103} INFO - Dependencies all met for dep_context=requeueable deps ti=<TaskInstance: process_weather_data.load_weather_data_to_duckdb manual__2024-12-10T12:55:34.235141+00:00 [queued]>
[2024-12-10T12:55:35.691+0000] {taskinstance.py:1308} INFO - Starting attempt 1 of 2
[2024-12-10T12:55:35.707+0000] {taskinstance.py:1327} INFO - Executing <Task(PythonOperator): load_weather_data_to_duckdb> on 2024-12-10 12:55:34.235141+00:00
[2024-12-10T12:55:35.712+0000] {standard_task_runner.py:57} INFO - Started process 965 to run task
[2024-12-10T12:55:35.716+0000] {standard_task_runner.py:84} INFO - Running: ['***', 'tasks', 'run', 'process_weather_data', 'load_weather_data_to_duckdb', 'manual__2024-12-10T12:55:34.235141+00:00', '--job-id', '27', '--raw', '--subdir', 'DAGS_FOLDER/weather_to_duckdb.py', '--cfg-path', '/tmp/tmptigd2n4v']
[2024-12-10T12:55:35.719+0000] {standard_task_runner.py:85} INFO - Job 27: Subtask load_weather_data_to_duckdb
[2024-12-10T12:55:35.764+0000] {task_command.py:410} INFO - Running <TaskInstance: process_weather_data.load_weather_data_to_duckdb manual__2024-12-10T12:55:34.235141+00:00 [running]> on host 134bb3434cfb
[2024-12-10T12:55:35.845+0000] {taskinstance.py:1547} INFO - Exporting env vars: AIRFLOW_CTX_DAG_OWNER='***' AIRFLOW_CTX_DAG_ID='process_weather_data' AIRFLOW_CTX_TASK_ID='load_weather_data_to_duckdb' AIRFLOW_CTX_EXECUTION_DATE='2024-12-10T12:55:34.235141+00:00' AIRFLOW_CTX_TRY_NUMBER='1' AIRFLOW_CTX_DAG_RUN_ID='manual__2024-12-10T12:55:34.235141+00:00'
[2024-12-10T12:55:36.304+0000] {logging_mixin.py:150} INFO - Processed file: noaa_01073.json
[2024-12-10T12:55:36.374+0000] {logging_mixin.py:150} INFO - Processed file: noaa_04013.json
[2024-12-10T12:55:36.813+0000] {logging_mixin.py:150} INFO - Processed file: noaa_05007.json
[2024-12-10T12:55:37.002+0000] {logging_mixin.py:150} INFO - Processed file: noaa_05119.json
[2024-12-10T12:55:37.930+0000] {logging_mixin.py:150} INFO - Processed file: noaa_05139.json
[2024-12-10T12:55:38.437+0000] {logging_mixin.py:150} INFO - Processed file: noaa_05143.json
[2024-12-10T12:55:38.640+0000] {logging_mixin.py:150} INFO - Processed file: noaa_06001.json
[2024-12-10T12:55:38.828+0000] {logging_mixin.py:150} INFO - Processed file: noaa_06013.json
[2024-12-10T12:55:38.904+0000] {logging_mixin.py:150} INFO - Processed file: noaa_06037.json
[2024-12-10T12:55:39.104+0000] {logging_mixin.py:150} INFO - Processed file: noaa_06059.json
[2024-12-10T12:55:39.171+0000] {logging_mixin.py:150} INFO - Processed file: noaa_06073.json
[2024-12-10T12:55:39.925+0000] {logging_mixin.py:150} INFO - Processed file: noaa_06075.json
[2024-12-10T12:55:40.193+0000] {logging_mixin.py:150} INFO - Processed file: noaa_06081.json
[2024-12-10T12:55:40.365+0000] {logging_mixin.py:150} INFO - Processed file: noaa_06085.json
[2024-12-10T12:55:40.609+0000] {logging_mixin.py:150} INFO - Processed file: noaa_06111.json
[2024-12-10T12:55:40.857+0000] {logging_mixin.py:150} INFO - Processed file: noaa_08005.json
[2024-12-10T12:55:41.432+0000] {logging_mixin.py:150} INFO - Processed file: noaa_08014.json
[2024-12-10T12:55:41.699+0000] {logging_mixin.py:150} INFO - Processed file: noaa_08031.json
[2024-12-10T12:55:42.043+0000] {logging_mixin.py:150} INFO - Processed file: noaa_09001.json
[2024-12-10T12:55:42.456+0000] {logging_mixin.py:150} INFO - Processed file: noaa_09003.json
[2024-12-10T12:55:42.911+0000] {logging_mixin.py:150} INFO - Processed file: noaa_09009.json
[2024-12-10T12:55:43.499+0000] {logging_mixin.py:150} INFO - Processed file: noaa_10003.json
[2024-12-10T12:55:44.264+0000] {logging_mixin.py:150} INFO - Processed file: noaa_11001.json
[2024-12-10T12:55:44.480+0000] {logging_mixin.py:150} INFO - Processed file: noaa_12009.json
[2024-12-10T12:55:44.738+0000] {logging_mixin.py:150} INFO - Processed file: noaa_12011.json
[2024-12-10T12:55:45.019+0000] {logging_mixin.py:150} INFO - Processed file: noaa_12031.json
[2024-12-10T12:55:45.262+0000] {logging_mixin.py:150} INFO - Processed file: noaa_12057.json
[2024-12-10T12:55:45.626+0000] {logging_mixin.py:150} INFO - Processed file: noaa_12071.json
[2024-12-10T12:55:45.854+0000] {logging_mixin.py:150} INFO - Processed file: noaa_12086.json
[2024-12-10T12:55:46.388+0000] {logging_mixin.py:150} INFO - Processed file: noaa_12095.json
[2024-12-10T12:55:46.657+0000] {logging_mixin.py:150} INFO - Processed file: noaa_12099.json
[2024-12-10T12:55:46.902+0000] {logging_mixin.py:150} INFO - Processed file: noaa_12103.json
[2024-12-10T12:55:47.144+0000] {logging_mixin.py:150} INFO - Processed file: noaa_12105.json
[2024-12-10T12:55:47.526+0000] {logging_mixin.py:150} INFO - Processed file: noaa_13067.json
[2024-12-10T12:55:48.212+0000] {logging_mixin.py:150} INFO - Processed file: noaa_13121.json
[2024-12-10T12:55:48.899+0000] {logging_mixin.py:150} INFO - Processed file: noaa_13129.json
[2024-12-10T12:55:49.216+0000] {logging_mixin.py:150} INFO - Processed file: noaa_13135.json
[2024-12-10T12:55:50.687+0000] {logging_mixin.py:150} INFO - Processed file: noaa_13215.json
[2024-12-10T12:55:51.220+0000] {logging_mixin.py:150} INFO - Processed file: noaa_16001.json
[2024-12-10T12:55:51.430+0000] {logging_mixin.py:150} INFO - Processed file: noaa_17031.json
[2024-12-10T12:55:51.711+0000] {logging_mixin.py:150} INFO - Processed file: noaa_17043.json
[2024-12-10T12:55:51.969+0000] {logging_mixin.py:150} INFO - Processed file: noaa_17097.json
[2024-12-10T12:55:52.380+0000] {logging_mixin.py:150} INFO - Processed file: noaa_17113.json
[2024-12-10T12:55:53.277+0000] {logging_mixin.py:150} INFO - Processed file: noaa_17115.json
[2024-12-10T12:55:54.446+0000] {logging_mixin.py:150} INFO - Processed file: noaa_17143.json
[2024-12-10T12:55:55.024+0000] {logging_mixin.py:150} INFO - Processed file: noaa_17161.json
[2024-12-10T12:55:55.532+0000] {logging_mixin.py:150} INFO - Processed file: noaa_18003.json
[2024-12-10T12:55:56.559+0000] {logging_mixin.py:150} INFO - Processed file: noaa_18005.json
[2024-12-10T12:55:56.999+0000] {logging_mixin.py:150} INFO - Processed file: noaa_18085.json
[2024-12-10T12:55:57.393+0000] {logging_mixin.py:150} INFO - Processed file: noaa_18097.json
[2024-12-10T12:55:58.142+0000] {logging_mixin.py:150} INFO - Processed file: noaa_18163.json
[2024-12-10T12:55:58.764+0000] {logging_mixin.py:150} INFO - Processed file: noaa_19113.json
[2024-12-10T12:55:59.185+0000] {logging_mixin.py:150} INFO - Processed file: noaa_19153.json
[2024-12-10T12:55:59.641+0000] {logging_mixin.py:150} INFO - Processed file: noaa_20091.json
[2024-12-10T12:55:59.876+0000] {logging_mixin.py:150} INFO - Processed file: noaa_20173.json
[2024-12-10T12:56:00.354+0000] {logging_mixin.py:150} INFO - Processed file: noaa_21111.json
[2024-12-10T12:56:02.089+0000] {logging_mixin.py:150} INFO - Processed file: noaa_22055.json
[2024-12-10T12:56:02.574+0000] {logging_mixin.py:150} INFO - Processed file: noaa_22073.json
[2024-12-10T12:56:02.814+0000] {logging_mixin.py:150} INFO - Processed file: noaa_24031.json
[2024-12-10T12:56:03.607+0000] {logging_mixin.py:150} INFO - Processed file: noaa_25013.json
[2024-12-10T12:56:03.879+0000] {logging_mixin.py:150} INFO - Processed file: noaa_25017.json
[2024-12-10T12:56:04.123+0000] {logging_mixin.py:150} INFO - Processed file: noaa_25023.json
[2024-12-10T12:56:04.610+0000] {logging_mixin.py:150} INFO - Processed file: noaa_26021.json
[2024-12-10T12:56:05.275+0000] {logging_mixin.py:150} INFO - Processed file: noaa_26025.json
[2024-12-10T12:56:06.112+0000] {logging_mixin.py:150} INFO - Processed file: noaa_26045.json
[2024-12-10T12:56:07.114+0000] {logging_mixin.py:150} INFO - Processed file: noaa_26075.json
[2024-12-10T12:56:07.946+0000] {logging_mixin.py:150} INFO - Processed file: noaa_26077.json
[2024-12-10T12:56:08.345+0000] {logging_mixin.py:150} INFO - Processed file: noaa_26081.json
[2024-12-10T12:56:09.151+0000] {logging_mixin.py:150} INFO - Processed file: noaa_26111.json
[2024-12-10T12:56:09.400+0000] {logging_mixin.py:150} INFO - Processed file: noaa_26125.json
[2024-12-10T12:56:09.701+0000] {logging_mixin.py:150} INFO - Processed file: noaa_26163.json
[2024-12-10T12:56:10.141+0000] {logging_mixin.py:150} INFO - Processed file: noaa_27037.json
[2024-12-10T12:56:10.362+0000] {logging_mixin.py:150} INFO - Processed file: noaa_27053.json
[2024-12-10T12:56:12.478+0000] {logging_mixin.py:150} INFO - Processed file: noaa_27097.json
[2024-12-10T12:56:12.803+0000] {logging_mixin.py:150} INFO - Processed file: noaa_27123.json
[2024-12-10T12:56:13.154+0000] {logging_mixin.py:150} INFO - Processed file: noaa_29077.json
[2024-12-10T12:56:13.568+0000] {logging_mixin.py:150} INFO - Processed file: noaa_29189.json
[2024-12-10T12:56:14.738+0000] {logging_mixin.py:150} INFO - Processed file: noaa_29510.json
[2024-12-10T12:56:14.880+0000] {logging_mixin.py:150} INFO - Processed file: noaa_32003.json
[2024-12-10T12:56:15.381+0000] {logging_mixin.py:150} INFO - Processed file: noaa_34003.json
[2024-12-10T12:56:15.769+0000] {logging_mixin.py:150} INFO - Processed file: noaa_34005.json
[2024-12-10T12:56:16.615+0000] {logging_mixin.py:150} INFO - Processed file: noaa_34007.json
[2024-12-10T12:56:17.299+0000] {logging_mixin.py:150} INFO - Processed file: noaa_34013.json
[2024-12-10T12:56:17.621+0000] {logging_mixin.py:150} INFO - Processed file: noaa_34019.json
[2024-12-10T12:56:17.973+0000] {logging_mixin.py:150} INFO - Processed file: noaa_34021.json
[2024-12-10T12:56:18.494+0000] {logging_mixin.py:150} INFO - Processed file: noaa_34023.json
[2024-12-10T12:56:18.853+0000] {logging_mixin.py:150} INFO - Processed file: noaa_34027.json
[2024-12-10T12:56:19.481+0000] {logging_mixin.py:150} INFO - Processed file: noaa_34031.json
[2024-12-10T12:56:21.100+0000] {logging_mixin.py:150} INFO - Processed file: noaa_34039.json
[2024-12-10T12:56:22.103+0000] {logging_mixin.py:150} INFO - Processed file: noaa_36047.json
[2024-12-10T12:56:22.762+0000] {logging_mixin.py:150} INFO - Processed file: noaa_36049.json
[2024-12-10T12:56:23.645+0000] {logging_mixin.py:150} INFO - Processed file: noaa_36055.json
[2024-12-10T12:56:24.322+0000] {logging_mixin.py:150} INFO - Processed file: noaa_36059.json
[2024-12-10T12:56:26.836+0000] {logging_mixin.py:150} INFO - Processed file: noaa_36061.json
[2024-12-10T12:56:27.742+0000] {logging_mixin.py:150} INFO - Processed file: noaa_36081.json
[2024-12-10T12:56:28.622+0000] {logging_mixin.py:150} INFO - Processed file: noaa_36085.json
[2024-12-10T12:56:29.202+0000] {logging_mixin.py:150} INFO - Processed file: noaa_36101.json
[2024-12-10T12:56:29.848+0000] {logging_mixin.py:150} INFO - Processed file: noaa_36119.json
[2024-12-10T12:56:30.883+0000] {logging_mixin.py:150} INFO - Processed file: noaa_37001.json
[2024-12-10T12:56:31.708+0000] {logging_mixin.py:150} INFO - Processed file: noaa_37063.json
[2024-12-10T12:56:32.165+0000] {logging_mixin.py:150} INFO - Processed file: noaa_37067.json
[2024-12-10T12:56:32.726+0000] {logging_mixin.py:150} INFO - Processed file: noaa_37081.json
[2024-12-10T12:56:33.706+0000] {logging_mixin.py:150} INFO - Processed file: noaa_37097.json
[2024-12-10T12:56:34.280+0000] {logging_mixin.py:150} INFO - Processed file: noaa_37119.json
[2024-12-10T12:56:35.124+0000] {logging_mixin.py:150} INFO - Processed file: noaa_39017.json
[2024-12-10T12:56:35.939+0000] {logging_mixin.py:150} INFO - Processed file: noaa_39035.json
[2024-12-10T12:56:36.551+0000] {logging_mixin.py:150} INFO - Processed file: noaa_39049.json
[2024-12-10T12:56:37.286+0000] {logging_mixin.py:150} INFO - Processed file: noaa_39061.json
[2024-12-10T12:56:38.206+0000] {logging_mixin.py:150} INFO - Processed file: noaa_39063.json
[2024-12-10T12:56:39.525+0000] {logging_mixin.py:150} INFO - Processed file: noaa_39095.json
[2024-12-10T12:56:40.155+0000] {logging_mixin.py:150} INFO - Processed file: noaa_39153.json
[2024-12-10T12:56:41.410+0000] {logging_mixin.py:150} INFO - Processed file: noaa_39169.json
[2024-12-10T12:56:42.117+0000] {logging_mixin.py:150} INFO - Processed file: noaa_39173.json
[2024-12-10T12:56:42.618+0000] {logging_mixin.py:150} INFO - Processed file: noaa_40109.json
[2024-12-10T12:56:43.005+0000] {logging_mixin.py:150} INFO - Processed file: noaa_40143.json
[2024-12-10T12:56:43.133+0000] {logging_mixin.py:150} INFO - Processed file: noaa_41029.json
[2024-12-10T12:56:43.365+0000] {logging_mixin.py:150} INFO - Processed file: noaa_41067.json
[2024-12-10T12:56:43.618+0000] {logging_mixin.py:150} INFO - Processed file: noaa_42003.json
[2024-12-10T12:56:43.952+0000] {logging_mixin.py:150} INFO - Processed file: noaa_42029.json
[2024-12-10T12:56:44.689+0000] {logging_mixin.py:150} INFO - Processed file: noaa_42041.json
[2024-12-10T12:56:45.245+0000] {logging_mixin.py:150} INFO - Processed file: noaa_42043.json
[2024-12-10T12:56:47.661+0000] {logging_mixin.py:150} INFO - Processed file: noaa_42045.json
[2024-12-10T12:56:48.768+0000] {logging_mixin.py:150} INFO - Processed file: noaa_42049.json
[2024-12-10T12:56:50.290+0000] {logging_mixin.py:150} INFO - Processed file: noaa_42077.json
[2024-12-10T12:56:50.484+0000] {logging_mixin.py:150} INFO - Processed file: noaa_42091.json
[2024-12-10T12:56:51.286+0000] {logging_mixin.py:150} INFO - Processed file: noaa_42101.json
[2024-12-10T12:56:52.386+0000] {logging_mixin.py:150} INFO - Processed file: noaa_44007.json
[2024-12-10T12:56:52.748+0000] {logging_mixin.py:150} INFO - Processed file: noaa_47037.json
[2024-12-10T12:56:53.705+0000] {logging_mixin.py:150} INFO - Processed file: noaa_47065.json
[2024-12-10T12:56:54.335+0000] {logging_mixin.py:150} INFO - Processed file: noaa_47157.json
[2024-12-10T12:56:55.402+0000] {logging_mixin.py:150} INFO - Processed file: noaa_47163.json
[2024-12-10T12:56:55.698+0000] {logging_mixin.py:150} INFO - Processed file: noaa_47187.json
[2024-12-10T12:56:55.886+0000] {logging_mixin.py:150} INFO - Processed file: noaa_48029.json
[2024-12-10T12:56:56.680+0000] {logging_mixin.py:150} INFO - Processed file: noaa_48037.json
[2024-12-10T12:56:56.922+0000] {logging_mixin.py:150} INFO - Processed file: noaa_48085.json
[2024-12-10T12:56:57.144+0000] {logging_mixin.py:150} INFO - Processed file: noaa_48113.json
[2024-12-10T12:56:57.433+0000] {logging_mixin.py:150} INFO - Processed file: noaa_48141.json
[2024-12-10T12:56:57.614+0000] {logging_mixin.py:150} INFO - Processed file: noaa_48201.json
[2024-12-10T12:56:57.987+0000] {logging_mixin.py:150} INFO - Processed file: noaa_48339.json
[2024-12-10T12:56:58.172+0000] {logging_mixin.py:150} INFO - Processed file: noaa_48439.json
[2024-12-10T12:56:58.333+0000] {logging_mixin.py:150} INFO - Processed file: noaa_48453.json
[2024-12-10T12:56:58.475+0000] {logging_mixin.py:150} INFO - Processed file: noaa_48491.json
[2024-12-10T12:56:58.652+0000] {logging_mixin.py:150} INFO - Processed file: noaa_49035.json
[2024-12-10T12:57:00.682+0000] {logging_mixin.py:150} INFO - Processed file: noaa_51013.json
[2024-12-10T12:57:01.325+0000] {logging_mixin.py:150} INFO - Processed file: noaa_51059.json
[2024-12-10T12:57:03.395+0000] {logging_mixin.py:150} INFO - Processed file: noaa_51075.json
[2024-12-10T12:57:04.361+0000] {logging_mixin.py:150} INFO - Processed file: noaa_51085.json
[2024-12-10T12:57:05.530+0000] {logging_mixin.py:150} INFO - Processed file: noaa_51087.json
[2024-12-10T12:57:07.891+0000] {logging_mixin.py:150} INFO - Processed file: noaa_51159.json
[2024-12-10T12:57:08.686+0000] {logging_mixin.py:150} INFO - Processed file: noaa_51161.json
[2024-12-10T12:57:09.717+0000] {logging_mixin.py:150} INFO - Processed file: noaa_51550.json
[2024-12-10T12:57:11.546+0000] {logging_mixin.py:150} INFO - Processed file: noaa_51700.json
[2024-12-10T12:57:12.317+0000] {logging_mixin.py:150} INFO - Processed file: noaa_51710.json
[2024-12-10T12:57:12.415+0000] {logging_mixin.py:150} INFO - Processed file: noaa_53033.json
[2024-12-10T12:57:12.823+0000] {logging_mixin.py:150} INFO - Processed file: noaa_55025.json
[2024-12-10T12:57:13.246+0000] {logging_mixin.py:150} INFO - Processed file: noaa_55079.json
[2024-12-10T12:57:13.676+0000] {logging_mixin.py:150} INFO - Processed file: noaa_55101.json
[2024-12-10T12:57:14.176+0000] {logging_mixin.py:150} INFO - Processed file: noaa_55133.json
[2024-12-10T12:57:14.819+0000] {logging_mixin.py:150} INFO - Processed file: noaa_55139.json
[2024-12-10T12:57:14.870+0000] {logging_mixin.py:150} INFO - Aggregated weather data loaded into DuckDB table: weather_data
[2024-12-10T12:57:14.871+0000] {python.py:183} INFO - Done. Returned value was: None
[2024-12-10T12:57:14.885+0000] {taskinstance.py:1350} INFO - Marking task as SUCCESS. dag_id=process_weather_data, task_id=load_weather_data_to_duckdb, execution_date=20241210T125534, start_date=20241210T125535, end_date=20241210T125714
[2024-12-10T12:57:14.939+0000] {local_task_job_runner.py:225} INFO - Task exited with return code 0
[2024-12-10T12:57:14.965+0000] {taskinstance.py:2653} INFO - 0 downstream tasks scheduled from follow-on schedule check
