[2024-12-10T13:18:55.982+0000] {taskinstance.py:1103} INFO - Dependencies all met for dep_context=non-requeueable deps ti=<TaskInstance: weather_data_processing.pivot_data manual__2024-12-10T13:18:52.129614+00:00 [queued]>
[2024-12-10T13:18:55.996+0000] {taskinstance.py:1103} INFO - Dependencies all met for dep_context=requeueable deps ti=<TaskInstance: weather_data_processing.pivot_data manual__2024-12-10T13:18:52.129614+00:00 [queued]>
[2024-12-10T13:18:55.996+0000] {taskinstance.py:1308} INFO - Starting attempt 1 of 2
[2024-12-10T13:18:56.025+0000] {taskinstance.py:1327} INFO - Executing <Task(PythonOperator): pivot_data> on 2024-12-10 13:18:52.129614+00:00
[2024-12-10T13:18:56.034+0000] {standard_task_runner.py:57} INFO - Started process 10167 to run task
[2024-12-10T13:18:56.039+0000] {standard_task_runner.py:84} INFO - Running: ['***', 'tasks', 'run', 'weather_data_processing', 'pivot_data', 'manual__2024-12-10T13:18:52.129614+00:00', '--job-id', '39', '--raw', '--subdir', 'DAGS_FOLDER/weather_transform.py', '--cfg-path', '/tmp/tmpxwud3chw']
[2024-12-10T13:18:56.046+0000] {standard_task_runner.py:85} INFO - Job 39: Subtask pivot_data
[2024-12-10T13:18:56.162+0000] {task_command.py:410} INFO - Running <TaskInstance: weather_data_processing.pivot_data manual__2024-12-10T13:18:52.129614+00:00 [running]> on host 134bb3434cfb
[2024-12-10T13:18:56.288+0000] {taskinstance.py:1547} INFO - Exporting env vars: AIRFLOW_CTX_DAG_OWNER='***' AIRFLOW_CTX_DAG_ID='weather_data_processing' AIRFLOW_CTX_TASK_ID='pivot_data' AIRFLOW_CTX_EXECUTION_DATE='2024-12-10T13:18:52.129614+00:00' AIRFLOW_CTX_TRY_NUMBER='1' AIRFLOW_CTX_DAG_RUN_ID='manual__2024-12-10T13:18:52.129614+00:00'
[2024-12-10T13:18:56.383+0000] {python.py:183} INFO - Done. Returned value was: {'WeatherFACT':             DATE COUNTYFIPS  PRCP  TAVG       TMAX      TMIN     ID
0     2016-01-01      01073   0.0   4.2   6.400000  1.950000      0
1     2016-01-01      04013   0.0   9.8  17.307692  0.392308      1
2     2016-01-01      05007   0.0   NaN   5.850000 -5.800000      2
3     2016-01-01      05119   0.0   NaN   7.880000 -1.100000      3
4     2016-01-01      05139   0.0   NaN   9.700000  2.800000      4
...          ...        ...   ...   ...        ...       ...    ...
13185 2016-12-30      51159   0.0   NaN        NaN       NaN  13185
13186 2016-12-31      13129   0.0   NaN        NaN       NaN  13186
13187 2016-12-31      36047   0.3   NaN        NaN       NaN  13187
13188 2016-12-31      36085   0.0   NaN        NaN       NaN  13188
13189 2016-12-31      51159   0.0   NaN        NaN       NaN  13189

[13190 rows x 7 columns]}
[2024-12-10T13:18:56.482+0000] {taskinstance.py:1350} INFO - Marking task as SUCCESS. dag_id=weather_data_processing, task_id=pivot_data, execution_date=20241210T131852, start_date=20241210T131855, end_date=20241210T131856
[2024-12-10T13:18:56.535+0000] {local_task_job_runner.py:225} INFO - Task exited with return code 0
[2024-12-10T13:18:56.558+0000] {taskinstance.py:2653} INFO - 1 downstream tasks scheduled from follow-on schedule check
