[2024-12-03T16:48:57.588+0000] {processor.py:157} INFO - Started process (PID=2129) to work on /opt/airflow/dags/verify_duckdb.py
[2024-12-03T16:48:57.590+0000] {processor.py:826} INFO - Processing file /opt/airflow/dags/verify_duckdb.py for tasks to queue
[2024-12-03T16:48:57.591+0000] {logging_mixin.py:150} INFO - [2024-12-03T16:48:57.591+0000] {dagbag.py:541} INFO - Filling up the DagBag from /opt/airflow/dags/verify_duckdb.py
[2024-12-03T16:48:57.712+0000] {processor.py:836} INFO - DAG(s) dict_keys(['verify_duckdb']) retrieved from /opt/airflow/dags/verify_duckdb.py
[2024-12-03T16:48:57.850+0000] {logging_mixin.py:150} INFO - [2024-12-03T16:48:57.850+0000] {manager.py:504} INFO - Created Permission View: can read on DAG:verify_duckdb
[2024-12-03T16:48:57.875+0000] {logging_mixin.py:150} INFO - [2024-12-03T16:48:57.875+0000] {manager.py:504} INFO - Created Permission View: can delete on DAG:verify_duckdb
[2024-12-03T16:48:57.888+0000] {logging_mixin.py:150} INFO - [2024-12-03T16:48:57.888+0000] {manager.py:504} INFO - Created Permission View: can edit on DAG:verify_duckdb
[2024-12-03T16:48:57.908+0000] {logging_mixin.py:150} INFO - [2024-12-03T16:48:57.907+0000] {dag.py:2742} INFO - Sync 1 DAGs
[2024-12-03T16:48:57.924+0000] {logging_mixin.py:150} INFO - [2024-12-03T16:48:57.924+0000] {dag.py:2763} INFO - Creating ORM DAG for verify_duckdb
[2024-12-03T16:48:57.940+0000] {logging_mixin.py:150} INFO - [2024-12-03T16:48:57.940+0000] {dag.py:3508} INFO - Setting next_dagrun for verify_duckdb to None, run_after=None
[2024-12-03T16:48:57.977+0000] {processor.py:179} INFO - Processing /opt/airflow/dags/verify_duckdb.py took 0.395 seconds
[2024-12-03T16:49:28.239+0000] {processor.py:157} INFO - Started process (PID=2213) to work on /opt/airflow/dags/verify_duckdb.py
[2024-12-03T16:49:28.242+0000] {processor.py:826} INFO - Processing file /opt/airflow/dags/verify_duckdb.py for tasks to queue
[2024-12-03T16:49:28.244+0000] {logging_mixin.py:150} INFO - [2024-12-03T16:49:28.244+0000] {dagbag.py:541} INFO - Filling up the DagBag from /opt/airflow/dags/verify_duckdb.py
[2024-12-03T16:49:28.366+0000] {processor.py:836} INFO - DAG(s) dict_keys(['verify_duckdb']) retrieved from /opt/airflow/dags/verify_duckdb.py
[2024-12-03T16:49:28.417+0000] {logging_mixin.py:150} INFO - [2024-12-03T16:49:28.416+0000] {dag.py:2742} INFO - Sync 1 DAGs
[2024-12-03T16:49:28.451+0000] {logging_mixin.py:150} INFO - [2024-12-03T16:49:28.450+0000] {dag.py:3508} INFO - Setting next_dagrun for verify_duckdb to None, run_after=None
[2024-12-03T16:49:28.477+0000] {processor.py:179} INFO - Processing /opt/airflow/dags/verify_duckdb.py took 0.248 seconds
[2024-12-03T16:49:58.821+0000] {processor.py:157} INFO - Started process (PID=2297) to work on /opt/airflow/dags/verify_duckdb.py
[2024-12-03T16:49:58.822+0000] {processor.py:826} INFO - Processing file /opt/airflow/dags/verify_duckdb.py for tasks to queue
[2024-12-03T16:49:58.824+0000] {logging_mixin.py:150} INFO - [2024-12-03T16:49:58.823+0000] {dagbag.py:541} INFO - Filling up the DagBag from /opt/airflow/dags/verify_duckdb.py
[2024-12-03T16:49:58.947+0000] {processor.py:836} INFO - DAG(s) dict_keys(['verify_duckdb']) retrieved from /opt/airflow/dags/verify_duckdb.py
[2024-12-03T16:49:58.992+0000] {logging_mixin.py:150} INFO - [2024-12-03T16:49:58.992+0000] {dag.py:2742} INFO - Sync 1 DAGs
[2024-12-03T16:49:59.034+0000] {logging_mixin.py:150} INFO - [2024-12-03T16:49:59.033+0000] {dag.py:3508} INFO - Setting next_dagrun for verify_duckdb to None, run_after=None
[2024-12-03T16:49:59.068+0000] {processor.py:179} INFO - Processing /opt/airflow/dags/verify_duckdb.py took 0.252 seconds
[2024-12-03T16:50:29.224+0000] {processor.py:157} INFO - Started process (PID=2381) to work on /opt/airflow/dags/verify_duckdb.py
[2024-12-03T16:50:29.226+0000] {processor.py:826} INFO - Processing file /opt/airflow/dags/verify_duckdb.py for tasks to queue
[2024-12-03T16:50:29.228+0000] {logging_mixin.py:150} INFO - [2024-12-03T16:50:29.227+0000] {dagbag.py:541} INFO - Filling up the DagBag from /opt/airflow/dags/verify_duckdb.py
[2024-12-03T16:50:29.334+0000] {processor.py:836} INFO - DAG(s) dict_keys(['verify_duckdb']) retrieved from /opt/airflow/dags/verify_duckdb.py
[2024-12-03T16:50:29.409+0000] {logging_mixin.py:150} INFO - [2024-12-03T16:50:29.408+0000] {dag.py:2742} INFO - Sync 1 DAGs
[2024-12-03T16:50:29.450+0000] {logging_mixin.py:150} INFO - [2024-12-03T16:50:29.450+0000] {dag.py:3508} INFO - Setting next_dagrun for verify_duckdb to None, run_after=None
[2024-12-03T16:50:29.486+0000] {processor.py:179} INFO - Processing /opt/airflow/dags/verify_duckdb.py took 0.269 seconds
[2024-12-03T16:50:59.740+0000] {processor.py:157} INFO - Started process (PID=2465) to work on /opt/airflow/dags/verify_duckdb.py
[2024-12-03T16:50:59.742+0000] {processor.py:826} INFO - Processing file /opt/airflow/dags/verify_duckdb.py for tasks to queue
[2024-12-03T16:50:59.744+0000] {logging_mixin.py:150} INFO - [2024-12-03T16:50:59.744+0000] {dagbag.py:541} INFO - Filling up the DagBag from /opt/airflow/dags/verify_duckdb.py
[2024-12-03T16:50:59.836+0000] {processor.py:836} INFO - DAG(s) dict_keys(['verify_duckdb']) retrieved from /opt/airflow/dags/verify_duckdb.py
[2024-12-03T16:50:59.874+0000] {logging_mixin.py:150} INFO - [2024-12-03T16:50:59.874+0000] {dag.py:2742} INFO - Sync 1 DAGs
[2024-12-03T16:50:59.910+0000] {logging_mixin.py:150} INFO - [2024-12-03T16:50:59.910+0000] {dag.py:3508} INFO - Setting next_dagrun for verify_duckdb to None, run_after=None
[2024-12-03T16:50:59.950+0000] {processor.py:179} INFO - Processing /opt/airflow/dags/verify_duckdb.py took 0.213 seconds
[2024-12-03T16:51:30.093+0000] {processor.py:157} INFO - Started process (PID=2549) to work on /opt/airflow/dags/verify_duckdb.py
[2024-12-03T16:51:30.096+0000] {processor.py:826} INFO - Processing file /opt/airflow/dags/verify_duckdb.py for tasks to queue
[2024-12-03T16:51:30.097+0000] {logging_mixin.py:150} INFO - [2024-12-03T16:51:30.097+0000] {dagbag.py:541} INFO - Filling up the DagBag from /opt/airflow/dags/verify_duckdb.py
[2024-12-03T16:51:30.184+0000] {processor.py:836} INFO - DAG(s) dict_keys(['verify_duckdb']) retrieved from /opt/airflow/dags/verify_duckdb.py
[2024-12-03T16:51:30.222+0000] {logging_mixin.py:150} INFO - [2024-12-03T16:51:30.222+0000] {dag.py:2742} INFO - Sync 1 DAGs
[2024-12-03T16:51:30.247+0000] {logging_mixin.py:150} INFO - [2024-12-03T16:51:30.247+0000] {dag.py:3508} INFO - Setting next_dagrun for verify_duckdb to None, run_after=None
[2024-12-03T16:51:30.284+0000] {processor.py:179} INFO - Processing /opt/airflow/dags/verify_duckdb.py took 0.194 seconds
[2024-12-03T16:52:00.651+0000] {processor.py:157} INFO - Started process (PID=2633) to work on /opt/airflow/dags/verify_duckdb.py
[2024-12-03T16:52:00.652+0000] {processor.py:826} INFO - Processing file /opt/airflow/dags/verify_duckdb.py for tasks to queue
[2024-12-03T16:52:00.654+0000] {logging_mixin.py:150} INFO - [2024-12-03T16:52:00.653+0000] {dagbag.py:541} INFO - Filling up the DagBag from /opt/airflow/dags/verify_duckdb.py
[2024-12-03T16:52:00.757+0000] {processor.py:836} INFO - DAG(s) dict_keys(['verify_duckdb']) retrieved from /opt/airflow/dags/verify_duckdb.py
[2024-12-03T16:52:00.811+0000] {logging_mixin.py:150} INFO - [2024-12-03T16:52:00.810+0000] {dag.py:2742} INFO - Sync 1 DAGs
[2024-12-03T16:52:00.868+0000] {logging_mixin.py:150} INFO - [2024-12-03T16:52:00.868+0000] {dag.py:3508} INFO - Setting next_dagrun for verify_duckdb to None, run_after=None
[2024-12-03T16:52:00.918+0000] {processor.py:179} INFO - Processing /opt/airflow/dags/verify_duckdb.py took 0.272 seconds
[2024-12-03T16:52:31.305+0000] {processor.py:157} INFO - Started process (PID=2717) to work on /opt/airflow/dags/verify_duckdb.py
[2024-12-03T16:52:31.307+0000] {processor.py:826} INFO - Processing file /opt/airflow/dags/verify_duckdb.py for tasks to queue
[2024-12-03T16:52:31.308+0000] {logging_mixin.py:150} INFO - [2024-12-03T16:52:31.308+0000] {dagbag.py:541} INFO - Filling up the DagBag from /opt/airflow/dags/verify_duckdb.py
[2024-12-03T16:52:31.386+0000] {processor.py:836} INFO - DAG(s) dict_keys(['verify_duckdb']) retrieved from /opt/airflow/dags/verify_duckdb.py
[2024-12-03T16:52:31.424+0000] {logging_mixin.py:150} INFO - [2024-12-03T16:52:31.424+0000] {dag.py:2742} INFO - Sync 1 DAGs
[2024-12-03T16:52:31.469+0000] {logging_mixin.py:150} INFO - [2024-12-03T16:52:31.469+0000] {dag.py:3508} INFO - Setting next_dagrun for verify_duckdb to None, run_after=None
[2024-12-03T16:52:31.520+0000] {processor.py:179} INFO - Processing /opt/airflow/dags/verify_duckdb.py took 0.220 seconds
[2024-12-03T16:53:01.632+0000] {processor.py:157} INFO - Started process (PID=2801) to work on /opt/airflow/dags/verify_duckdb.py
[2024-12-03T16:53:01.634+0000] {processor.py:826} INFO - Processing file /opt/airflow/dags/verify_duckdb.py for tasks to queue
[2024-12-03T16:53:01.636+0000] {logging_mixin.py:150} INFO - [2024-12-03T16:53:01.635+0000] {dagbag.py:541} INFO - Filling up the DagBag from /opt/airflow/dags/verify_duckdb.py
[2024-12-03T16:53:01.718+0000] {processor.py:836} INFO - DAG(s) dict_keys(['verify_duckdb']) retrieved from /opt/airflow/dags/verify_duckdb.py
[2024-12-03T16:53:01.759+0000] {logging_mixin.py:150} INFO - [2024-12-03T16:53:01.759+0000] {dag.py:2742} INFO - Sync 1 DAGs
[2024-12-03T16:53:01.801+0000] {logging_mixin.py:150} INFO - [2024-12-03T16:53:01.801+0000] {dag.py:3508} INFO - Setting next_dagrun for verify_duckdb to None, run_after=None
[2024-12-03T16:53:01.854+0000] {processor.py:179} INFO - Processing /opt/airflow/dags/verify_duckdb.py took 0.228 seconds
[2024-12-03T16:53:31.979+0000] {processor.py:157} INFO - Started process (PID=2883) to work on /opt/airflow/dags/verify_duckdb.py
[2024-12-03T16:53:31.981+0000] {processor.py:826} INFO - Processing file /opt/airflow/dags/verify_duckdb.py for tasks to queue
[2024-12-03T16:53:31.982+0000] {logging_mixin.py:150} INFO - [2024-12-03T16:53:31.982+0000] {dagbag.py:541} INFO - Filling up the DagBag from /opt/airflow/dags/verify_duckdb.py
[2024-12-03T16:53:32.062+0000] {processor.py:836} INFO - DAG(s) dict_keys(['verify_duckdb']) retrieved from /opt/airflow/dags/verify_duckdb.py
[2024-12-03T16:53:32.102+0000] {logging_mixin.py:150} INFO - [2024-12-03T16:53:32.102+0000] {dag.py:2742} INFO - Sync 1 DAGs
[2024-12-03T16:53:32.133+0000] {logging_mixin.py:150} INFO - [2024-12-03T16:53:32.133+0000] {dag.py:3508} INFO - Setting next_dagrun for verify_duckdb to None, run_after=None
[2024-12-03T16:53:32.160+0000] {processor.py:179} INFO - Processing /opt/airflow/dags/verify_duckdb.py took 0.184 seconds
[2024-12-03T16:54:02.576+0000] {processor.py:157} INFO - Started process (PID=2903) to work on /opt/airflow/dags/verify_duckdb.py
[2024-12-03T16:54:02.578+0000] {processor.py:826} INFO - Processing file /opt/airflow/dags/verify_duckdb.py for tasks to queue
[2024-12-03T16:54:02.580+0000] {logging_mixin.py:150} INFO - [2024-12-03T16:54:02.580+0000] {dagbag.py:541} INFO - Filling up the DagBag from /opt/airflow/dags/verify_duckdb.py
[2024-12-03T16:54:02.688+0000] {processor.py:836} INFO - DAG(s) dict_keys(['verify_duckdb']) retrieved from /opt/airflow/dags/verify_duckdb.py
[2024-12-03T16:54:02.760+0000] {logging_mixin.py:150} INFO - [2024-12-03T16:54:02.760+0000] {dag.py:2742} INFO - Sync 1 DAGs
[2024-12-03T16:54:02.793+0000] {logging_mixin.py:150} INFO - [2024-12-03T16:54:02.793+0000] {dag.py:3508} INFO - Setting next_dagrun for verify_duckdb to None, run_after=None
[2024-12-03T16:54:02.840+0000] {processor.py:179} INFO - Processing /opt/airflow/dags/verify_duckdb.py took 0.267 seconds
[2024-12-03T16:54:33.204+0000] {processor.py:157} INFO - Started process (PID=2987) to work on /opt/airflow/dags/verify_duckdb.py
[2024-12-03T16:54:33.205+0000] {processor.py:826} INFO - Processing file /opt/airflow/dags/verify_duckdb.py for tasks to queue
[2024-12-03T16:54:33.207+0000] {logging_mixin.py:150} INFO - [2024-12-03T16:54:33.207+0000] {dagbag.py:541} INFO - Filling up the DagBag from /opt/airflow/dags/verify_duckdb.py
[2024-12-03T16:54:33.290+0000] {processor.py:836} INFO - DAG(s) dict_keys(['verify_duckdb']) retrieved from /opt/airflow/dags/verify_duckdb.py
[2024-12-03T16:54:33.342+0000] {logging_mixin.py:150} INFO - [2024-12-03T16:54:33.341+0000] {dag.py:2742} INFO - Sync 1 DAGs
[2024-12-03T16:54:33.383+0000] {logging_mixin.py:150} INFO - [2024-12-03T16:54:33.383+0000] {dag.py:3508} INFO - Setting next_dagrun for verify_duckdb to None, run_after=None
[2024-12-03T16:54:33.427+0000] {processor.py:179} INFO - Processing /opt/airflow/dags/verify_duckdb.py took 0.228 seconds
[2024-12-03T16:55:03.595+0000] {processor.py:157} INFO - Started process (PID=3071) to work on /opt/airflow/dags/verify_duckdb.py
[2024-12-03T16:55:03.597+0000] {processor.py:826} INFO - Processing file /opt/airflow/dags/verify_duckdb.py for tasks to queue
[2024-12-03T16:55:03.599+0000] {logging_mixin.py:150} INFO - [2024-12-03T16:55:03.598+0000] {dagbag.py:541} INFO - Filling up the DagBag from /opt/airflow/dags/verify_duckdb.py
[2024-12-03T16:55:03.707+0000] {processor.py:836} INFO - DAG(s) dict_keys(['verify_duckdb']) retrieved from /opt/airflow/dags/verify_duckdb.py
[2024-12-03T16:55:03.771+0000] {logging_mixin.py:150} INFO - [2024-12-03T16:55:03.770+0000] {dag.py:2742} INFO - Sync 1 DAGs
[2024-12-03T16:55:03.836+0000] {logging_mixin.py:150} INFO - [2024-12-03T16:55:03.835+0000] {dag.py:3508} INFO - Setting next_dagrun for verify_duckdb to None, run_after=None
[2024-12-03T16:55:03.905+0000] {processor.py:179} INFO - Processing /opt/airflow/dags/verify_duckdb.py took 0.317 seconds
[2024-12-03T16:55:33.998+0000] {processor.py:157} INFO - Started process (PID=3155) to work on /opt/airflow/dags/verify_duckdb.py
[2024-12-03T16:55:33.999+0000] {processor.py:826} INFO - Processing file /opt/airflow/dags/verify_duckdb.py for tasks to queue
[2024-12-03T16:55:34.001+0000] {logging_mixin.py:150} INFO - [2024-12-03T16:55:34.000+0000] {dagbag.py:541} INFO - Filling up the DagBag from /opt/airflow/dags/verify_duckdb.py
[2024-12-03T16:55:34.070+0000] {processor.py:836} INFO - DAG(s) dict_keys(['verify_duckdb']) retrieved from /opt/airflow/dags/verify_duckdb.py
[2024-12-03T16:55:34.100+0000] {logging_mixin.py:150} INFO - [2024-12-03T16:55:34.100+0000] {dag.py:2742} INFO - Sync 1 DAGs
[2024-12-03T16:55:34.123+0000] {logging_mixin.py:150} INFO - [2024-12-03T16:55:34.123+0000] {dag.py:3508} INFO - Setting next_dagrun for verify_duckdb to None, run_after=None
[2024-12-03T16:55:34.146+0000] {processor.py:179} INFO - Processing /opt/airflow/dags/verify_duckdb.py took 0.152 seconds
[2024-12-03T16:56:04.392+0000] {processor.py:157} INFO - Started process (PID=3239) to work on /opt/airflow/dags/verify_duckdb.py
[2024-12-03T16:56:04.394+0000] {processor.py:826} INFO - Processing file /opt/airflow/dags/verify_duckdb.py for tasks to queue
[2024-12-03T16:56:04.397+0000] {logging_mixin.py:150} INFO - [2024-12-03T16:56:04.396+0000] {dagbag.py:541} INFO - Filling up the DagBag from /opt/airflow/dags/verify_duckdb.py
[2024-12-03T16:56:04.483+0000] {processor.py:836} INFO - DAG(s) dict_keys(['verify_duckdb']) retrieved from /opt/airflow/dags/verify_duckdb.py
[2024-12-03T16:56:04.534+0000] {logging_mixin.py:150} INFO - [2024-12-03T16:56:04.533+0000] {dag.py:2742} INFO - Sync 1 DAGs
[2024-12-03T16:56:04.571+0000] {logging_mixin.py:150} INFO - [2024-12-03T16:56:04.571+0000] {dag.py:3508} INFO - Setting next_dagrun for verify_duckdb to None, run_after=None
[2024-12-03T16:56:04.605+0000] {processor.py:179} INFO - Processing /opt/airflow/dags/verify_duckdb.py took 0.220 seconds
[2024-12-03T16:56:34.881+0000] {processor.py:157} INFO - Started process (PID=3323) to work on /opt/airflow/dags/verify_duckdb.py
[2024-12-03T16:56:34.882+0000] {processor.py:826} INFO - Processing file /opt/airflow/dags/verify_duckdb.py for tasks to queue
[2024-12-03T16:56:34.884+0000] {logging_mixin.py:150} INFO - [2024-12-03T16:56:34.883+0000] {dagbag.py:541} INFO - Filling up the DagBag from /opt/airflow/dags/verify_duckdb.py
[2024-12-03T16:56:34.988+0000] {processor.py:836} INFO - DAG(s) dict_keys(['verify_duckdb']) retrieved from /opt/airflow/dags/verify_duckdb.py
[2024-12-03T16:56:35.036+0000] {logging_mixin.py:150} INFO - [2024-12-03T16:56:35.036+0000] {dag.py:2742} INFO - Sync 1 DAGs
[2024-12-03T16:56:35.076+0000] {logging_mixin.py:150} INFO - [2024-12-03T16:56:35.076+0000] {dag.py:3508} INFO - Setting next_dagrun for verify_duckdb to None, run_after=None
[2024-12-03T16:56:35.134+0000] {processor.py:179} INFO - Processing /opt/airflow/dags/verify_duckdb.py took 0.260 seconds
