[2024-12-04T08:54:23.250+0000] {processor.py:157} INFO - Started process (PID=236) to work on /opt/airflow/dags/fetch_weather_data.py
[2024-12-04T08:54:23.251+0000] {processor.py:826} INFO - Processing file /opt/airflow/dags/fetch_weather_data.py for tasks to queue
[2024-12-04T08:54:23.252+0000] {logging_mixin.py:150} INFO - [2024-12-04T08:54:23.252+0000] {dagbag.py:541} INFO - Filling up the DagBag from /opt/airflow/dags/fetch_weather_data.py
[2024-12-04T08:54:23.893+0000] {processor.py:836} INFO - DAG(s) dict_keys(['noaa_data_fetch']) retrieved from /opt/airflow/dags/fetch_weather_data.py
[2024-12-04T08:54:23.941+0000] {logging_mixin.py:150} INFO - [2024-12-04T08:54:23.940+0000] {dag.py:2742} INFO - Sync 1 DAGs
[2024-12-04T08:54:23.982+0000] {logging_mixin.py:150} INFO - [2024-12-04T08:54:23.982+0000] {dag.py:3508} INFO - Setting next_dagrun for noaa_data_fetch to 2024-12-03T00:00:00+00:00, run_after=2024-12-04T00:00:00+00:00
[2024-12-04T08:54:24.010+0000] {processor.py:179} INFO - Processing /opt/airflow/dags/fetch_weather_data.py took 0.764 seconds
[2024-12-04T08:54:54.589+0000] {processor.py:157} INFO - Started process (PID=359) to work on /opt/airflow/dags/fetch_weather_data.py
[2024-12-04T08:54:54.591+0000] {processor.py:826} INFO - Processing file /opt/airflow/dags/fetch_weather_data.py for tasks to queue
[2024-12-04T08:54:54.592+0000] {logging_mixin.py:150} INFO - [2024-12-04T08:54:54.592+0000] {dagbag.py:541} INFO - Filling up the DagBag from /opt/airflow/dags/fetch_weather_data.py
[2024-12-04T08:54:55.300+0000] {processor.py:836} INFO - DAG(s) dict_keys(['noaa_data_fetch']) retrieved from /opt/airflow/dags/fetch_weather_data.py
[2024-12-04T08:54:55.340+0000] {logging_mixin.py:150} INFO - [2024-12-04T08:54:55.339+0000] {dag.py:2742} INFO - Sync 1 DAGs
[2024-12-04T08:54:55.373+0000] {logging_mixin.py:150} INFO - [2024-12-04T08:54:55.373+0000] {dag.py:3508} INFO - Setting next_dagrun for noaa_data_fetch to 2024-12-03T00:00:00+00:00, run_after=2024-12-04T00:00:00+00:00
[2024-12-04T08:54:55.398+0000] {processor.py:179} INFO - Processing /opt/airflow/dags/fetch_weather_data.py took 0.818 seconds
[2024-12-04T08:55:25.934+0000] {processor.py:157} INFO - Started process (PID=462) to work on /opt/airflow/dags/fetch_weather_data.py
[2024-12-04T08:55:25.935+0000] {processor.py:826} INFO - Processing file /opt/airflow/dags/fetch_weather_data.py for tasks to queue
[2024-12-04T08:55:25.936+0000] {logging_mixin.py:150} INFO - [2024-12-04T08:55:25.936+0000] {dagbag.py:541} INFO - Filling up the DagBag from /opt/airflow/dags/fetch_weather_data.py
[2024-12-04T08:55:26.463+0000] {processor.py:836} INFO - DAG(s) dict_keys(['noaa_data_fetch']) retrieved from /opt/airflow/dags/fetch_weather_data.py
[2024-12-04T08:55:26.487+0000] {logging_mixin.py:150} INFO - [2024-12-04T08:55:26.486+0000] {dag.py:2742} INFO - Sync 1 DAGs
[2024-12-04T08:55:26.509+0000] {logging_mixin.py:150} INFO - [2024-12-04T08:55:26.509+0000] {dag.py:3508} INFO - Setting next_dagrun for noaa_data_fetch to 2024-12-03T00:00:00+00:00, run_after=2024-12-04T00:00:00+00:00
[2024-12-04T08:55:26.545+0000] {processor.py:179} INFO - Processing /opt/airflow/dags/fetch_weather_data.py took 0.614 seconds
[2024-12-04T08:55:56.989+0000] {processor.py:157} INFO - Started process (PID=606) to work on /opt/airflow/dags/fetch_weather_data.py
[2024-12-04T08:55:56.991+0000] {processor.py:826} INFO - Processing file /opt/airflow/dags/fetch_weather_data.py for tasks to queue
[2024-12-04T08:55:56.991+0000] {logging_mixin.py:150} INFO - [2024-12-04T08:55:56.991+0000] {dagbag.py:541} INFO - Filling up the DagBag from /opt/airflow/dags/fetch_weather_data.py
[2024-12-04T08:55:57.527+0000] {processor.py:836} INFO - DAG(s) dict_keys(['noaa_data_fetch']) retrieved from /opt/airflow/dags/fetch_weather_data.py
[2024-12-04T08:55:57.556+0000] {logging_mixin.py:150} INFO - [2024-12-04T08:55:57.555+0000] {dag.py:2742} INFO - Sync 1 DAGs
[2024-12-04T08:55:57.586+0000] {logging_mixin.py:150} INFO - [2024-12-04T08:55:57.586+0000] {dag.py:3508} INFO - Setting next_dagrun for noaa_data_fetch to 2024-12-04T00:00:00+00:00, run_after=2024-12-05T00:00:00+00:00
[2024-12-04T08:55:57.629+0000] {processor.py:179} INFO - Processing /opt/airflow/dags/fetch_weather_data.py took 0.643 seconds
[2024-12-04T08:56:28.144+0000] {processor.py:157} INFO - Started process (PID=709) to work on /opt/airflow/dags/fetch_weather_data.py
[2024-12-04T08:56:28.145+0000] {processor.py:826} INFO - Processing file /opt/airflow/dags/fetch_weather_data.py for tasks to queue
[2024-12-04T08:56:28.146+0000] {logging_mixin.py:150} INFO - [2024-12-04T08:56:28.146+0000] {dagbag.py:541} INFO - Filling up the DagBag from /opt/airflow/dags/fetch_weather_data.py
[2024-12-04T08:56:28.754+0000] {processor.py:836} INFO - DAG(s) dict_keys(['noaa_data_fetch']) retrieved from /opt/airflow/dags/fetch_weather_data.py
[2024-12-04T08:56:28.783+0000] {logging_mixin.py:150} INFO - [2024-12-04T08:56:28.781+0000] {dag.py:2742} INFO - Sync 1 DAGs
[2024-12-04T08:56:28.810+0000] {logging_mixin.py:150} INFO - [2024-12-04T08:56:28.809+0000] {dag.py:3508} INFO - Setting next_dagrun for noaa_data_fetch to 2024-12-04T00:00:00+00:00, run_after=2024-12-05T00:00:00+00:00
[2024-12-04T08:56:28.835+0000] {processor.py:179} INFO - Processing /opt/airflow/dags/fetch_weather_data.py took 0.695 seconds
[2024-12-04T08:56:59.324+0000] {processor.py:157} INFO - Started process (PID=812) to work on /opt/airflow/dags/fetch_weather_data.py
[2024-12-04T08:56:59.325+0000] {processor.py:826} INFO - Processing file /opt/airflow/dags/fetch_weather_data.py for tasks to queue
[2024-12-04T08:56:59.326+0000] {logging_mixin.py:150} INFO - [2024-12-04T08:56:59.326+0000] {dagbag.py:541} INFO - Filling up the DagBag from /opt/airflow/dags/fetch_weather_data.py
[2024-12-04T08:56:59.960+0000] {processor.py:836} INFO - DAG(s) dict_keys(['noaa_data_fetch']) retrieved from /opt/airflow/dags/fetch_weather_data.py
[2024-12-04T08:56:59.989+0000] {logging_mixin.py:150} INFO - [2024-12-04T08:56:59.988+0000] {dag.py:2742} INFO - Sync 1 DAGs
[2024-12-04T08:57:00.018+0000] {logging_mixin.py:150} INFO - [2024-12-04T08:57:00.018+0000] {dag.py:3508} INFO - Setting next_dagrun for noaa_data_fetch to 2024-12-04T00:00:00+00:00, run_after=2024-12-05T00:00:00+00:00
[2024-12-04T08:57:00.042+0000] {processor.py:179} INFO - Processing /opt/airflow/dags/fetch_weather_data.py took 0.724 seconds
[2024-12-04T08:57:30.588+0000] {processor.py:157} INFO - Started process (PID=915) to work on /opt/airflow/dags/fetch_weather_data.py
[2024-12-04T08:57:30.590+0000] {processor.py:826} INFO - Processing file /opt/airflow/dags/fetch_weather_data.py for tasks to queue
[2024-12-04T08:57:30.592+0000] {logging_mixin.py:150} INFO - [2024-12-04T08:57:30.591+0000] {dagbag.py:541} INFO - Filling up the DagBag from /opt/airflow/dags/fetch_weather_data.py
[2024-12-04T08:57:31.279+0000] {processor.py:836} INFO - DAG(s) dict_keys(['noaa_data_fetch']) retrieved from /opt/airflow/dags/fetch_weather_data.py
[2024-12-04T08:57:31.315+0000] {logging_mixin.py:150} INFO - [2024-12-04T08:57:31.314+0000] {dag.py:2742} INFO - Sync 1 DAGs
[2024-12-04T08:57:31.353+0000] {logging_mixin.py:150} INFO - [2024-12-04T08:57:31.352+0000] {dag.py:3508} INFO - Setting next_dagrun for noaa_data_fetch to 2024-12-04T00:00:00+00:00, run_after=2024-12-05T00:00:00+00:00
[2024-12-04T08:57:31.399+0000] {processor.py:179} INFO - Processing /opt/airflow/dags/fetch_weather_data.py took 0.817 seconds
[2024-12-04T08:58:01.993+0000] {processor.py:157} INFO - Started process (PID=1018) to work on /opt/airflow/dags/fetch_weather_data.py
[2024-12-04T08:58:01.996+0000] {processor.py:826} INFO - Processing file /opt/airflow/dags/fetch_weather_data.py for tasks to queue
[2024-12-04T08:58:01.998+0000] {logging_mixin.py:150} INFO - [2024-12-04T08:58:01.997+0000] {dagbag.py:541} INFO - Filling up the DagBag from /opt/airflow/dags/fetch_weather_data.py
[2024-12-04T08:58:02.591+0000] {processor.py:836} INFO - DAG(s) dict_keys(['noaa_data_fetch']) retrieved from /opt/airflow/dags/fetch_weather_data.py
[2024-12-04T08:58:02.627+0000] {logging_mixin.py:150} INFO - [2024-12-04T08:58:02.626+0000] {dag.py:2742} INFO - Sync 1 DAGs
[2024-12-04T08:58:02.657+0000] {logging_mixin.py:150} INFO - [2024-12-04T08:58:02.656+0000] {dag.py:3508} INFO - Setting next_dagrun for noaa_data_fetch to 2024-12-04T00:00:00+00:00, run_after=2024-12-05T00:00:00+00:00
[2024-12-04T08:58:02.704+0000] {processor.py:179} INFO - Processing /opt/airflow/dags/fetch_weather_data.py took 0.714 seconds
[2024-12-04T08:58:33.297+0000] {processor.py:157} INFO - Started process (PID=1121) to work on /opt/airflow/dags/fetch_weather_data.py
[2024-12-04T08:58:33.298+0000] {processor.py:826} INFO - Processing file /opt/airflow/dags/fetch_weather_data.py for tasks to queue
[2024-12-04T08:58:33.300+0000] {logging_mixin.py:150} INFO - [2024-12-04T08:58:33.299+0000] {dagbag.py:541} INFO - Filling up the DagBag from /opt/airflow/dags/fetch_weather_data.py
[2024-12-04T08:58:33.853+0000] {processor.py:836} INFO - DAG(s) dict_keys(['noaa_data_fetch']) retrieved from /opt/airflow/dags/fetch_weather_data.py
[2024-12-04T08:58:33.880+0000] {logging_mixin.py:150} INFO - [2024-12-04T08:58:33.879+0000] {dag.py:2742} INFO - Sync 1 DAGs
[2024-12-04T08:58:33.904+0000] {logging_mixin.py:150} INFO - [2024-12-04T08:58:33.904+0000] {dag.py:3508} INFO - Setting next_dagrun for noaa_data_fetch to 2024-12-04T00:00:00+00:00, run_after=2024-12-05T00:00:00+00:00
[2024-12-04T08:58:33.931+0000] {processor.py:179} INFO - Processing /opt/airflow/dags/fetch_weather_data.py took 0.638 seconds
[2024-12-04T08:59:04.543+0000] {processor.py:157} INFO - Started process (PID=1224) to work on /opt/airflow/dags/fetch_weather_data.py
[2024-12-04T08:59:04.551+0000] {processor.py:826} INFO - Processing file /opt/airflow/dags/fetch_weather_data.py for tasks to queue
[2024-12-04T08:59:04.562+0000] {logging_mixin.py:150} INFO - [2024-12-04T08:59:04.553+0000] {dagbag.py:541} INFO - Filling up the DagBag from /opt/airflow/dags/fetch_weather_data.py
[2024-12-04T08:59:06.126+0000] {processor.py:836} INFO - DAG(s) dict_keys(['noaa_data_fetch']) retrieved from /opt/airflow/dags/fetch_weather_data.py
[2024-12-04T08:59:06.174+0000] {logging_mixin.py:150} INFO - [2024-12-04T08:59:06.171+0000] {dag.py:2742} INFO - Sync 1 DAGs
[2024-12-04T08:59:06.219+0000] {logging_mixin.py:150} INFO - [2024-12-04T08:59:06.218+0000] {dag.py:3508} INFO - Setting next_dagrun for noaa_data_fetch to 2024-12-04T00:00:00+00:00, run_after=2024-12-05T00:00:00+00:00
[2024-12-04T08:59:06.264+0000] {processor.py:179} INFO - Processing /opt/airflow/dags/fetch_weather_data.py took 1.726 seconds
[2024-12-04T08:59:36.805+0000] {processor.py:157} INFO - Started process (PID=1327) to work on /opt/airflow/dags/fetch_weather_data.py
[2024-12-04T08:59:36.807+0000] {processor.py:826} INFO - Processing file /opt/airflow/dags/fetch_weather_data.py for tasks to queue
[2024-12-04T08:59:36.807+0000] {logging_mixin.py:150} INFO - [2024-12-04T08:59:36.807+0000] {dagbag.py:541} INFO - Filling up the DagBag from /opt/airflow/dags/fetch_weather_data.py
[2024-12-04T08:59:37.231+0000] {processor.py:836} INFO - DAG(s) dict_keys(['noaa_data_fetch']) retrieved from /opt/airflow/dags/fetch_weather_data.py
[2024-12-04T08:59:37.264+0000] {logging_mixin.py:150} INFO - [2024-12-04T08:59:37.264+0000] {dag.py:2742} INFO - Sync 1 DAGs
[2024-12-04T08:59:37.294+0000] {logging_mixin.py:150} INFO - [2024-12-04T08:59:37.294+0000] {dag.py:3508} INFO - Setting next_dagrun for noaa_data_fetch to 2024-12-04T00:00:00+00:00, run_after=2024-12-05T00:00:00+00:00
[2024-12-04T08:59:37.328+0000] {processor.py:179} INFO - Processing /opt/airflow/dags/fetch_weather_data.py took 0.527 seconds
[2024-12-04T09:00:07.785+0000] {processor.py:157} INFO - Started process (PID=1430) to work on /opt/airflow/dags/fetch_weather_data.py
[2024-12-04T09:00:07.786+0000] {processor.py:826} INFO - Processing file /opt/airflow/dags/fetch_weather_data.py for tasks to queue
[2024-12-04T09:00:07.787+0000] {logging_mixin.py:150} INFO - [2024-12-04T09:00:07.787+0000] {dagbag.py:541} INFO - Filling up the DagBag from /opt/airflow/dags/fetch_weather_data.py
[2024-12-04T09:00:08.193+0000] {processor.py:836} INFO - DAG(s) dict_keys(['noaa_data_fetch']) retrieved from /opt/airflow/dags/fetch_weather_data.py
[2024-12-04T09:00:08.231+0000] {logging_mixin.py:150} INFO - [2024-12-04T09:00:08.231+0000] {dag.py:2742} INFO - Sync 1 DAGs
[2024-12-04T09:00:08.271+0000] {logging_mixin.py:150} INFO - [2024-12-04T09:00:08.271+0000] {dag.py:3508} INFO - Setting next_dagrun for noaa_data_fetch to 2024-12-04T00:00:00+00:00, run_after=2024-12-05T00:00:00+00:00
[2024-12-04T09:00:08.312+0000] {processor.py:179} INFO - Processing /opt/airflow/dags/fetch_weather_data.py took 0.531 seconds
[2024-12-04T09:00:38.791+0000] {processor.py:157} INFO - Started process (PID=1533) to work on /opt/airflow/dags/fetch_weather_data.py
[2024-12-04T09:00:38.793+0000] {processor.py:826} INFO - Processing file /opt/airflow/dags/fetch_weather_data.py for tasks to queue
[2024-12-04T09:00:38.794+0000] {logging_mixin.py:150} INFO - [2024-12-04T09:00:38.794+0000] {dagbag.py:541} INFO - Filling up the DagBag from /opt/airflow/dags/fetch_weather_data.py
[2024-12-04T09:00:39.250+0000] {processor.py:836} INFO - DAG(s) dict_keys(['noaa_data_fetch']) retrieved from /opt/airflow/dags/fetch_weather_data.py
[2024-12-04T09:00:39.292+0000] {logging_mixin.py:150} INFO - [2024-12-04T09:00:39.292+0000] {dag.py:2742} INFO - Sync 1 DAGs
[2024-12-04T09:00:39.321+0000] {logging_mixin.py:150} INFO - [2024-12-04T09:00:39.321+0000] {dag.py:3508} INFO - Setting next_dagrun for noaa_data_fetch to 2024-12-04T00:00:00+00:00, run_after=2024-12-05T00:00:00+00:00
[2024-12-04T09:00:39.351+0000] {processor.py:179} INFO - Processing /opt/airflow/dags/fetch_weather_data.py took 0.563 seconds
[2024-12-04T09:01:09.864+0000] {processor.py:157} INFO - Started process (PID=1636) to work on /opt/airflow/dags/fetch_weather_data.py
[2024-12-04T09:01:09.866+0000] {processor.py:826} INFO - Processing file /opt/airflow/dags/fetch_weather_data.py for tasks to queue
[2024-12-04T09:01:09.867+0000] {logging_mixin.py:150} INFO - [2024-12-04T09:01:09.866+0000] {dagbag.py:541} INFO - Filling up the DagBag from /opt/airflow/dags/fetch_weather_data.py
[2024-12-04T09:01:10.280+0000] {processor.py:836} INFO - DAG(s) dict_keys(['noaa_data_fetch']) retrieved from /opt/airflow/dags/fetch_weather_data.py
[2024-12-04T09:01:10.306+0000] {logging_mixin.py:150} INFO - [2024-12-04T09:01:10.306+0000] {dag.py:2742} INFO - Sync 1 DAGs
[2024-12-04T09:01:10.332+0000] {logging_mixin.py:150} INFO - [2024-12-04T09:01:10.332+0000] {dag.py:3508} INFO - Setting next_dagrun for noaa_data_fetch to 2024-12-04T00:00:00+00:00, run_after=2024-12-05T00:00:00+00:00
[2024-12-04T09:01:10.371+0000] {processor.py:179} INFO - Processing /opt/airflow/dags/fetch_weather_data.py took 0.510 seconds
[2024-12-04T09:01:40.872+0000] {processor.py:157} INFO - Started process (PID=1739) to work on /opt/airflow/dags/fetch_weather_data.py
[2024-12-04T09:01:40.873+0000] {processor.py:826} INFO - Processing file /opt/airflow/dags/fetch_weather_data.py for tasks to queue
[2024-12-04T09:01:40.874+0000] {logging_mixin.py:150} INFO - [2024-12-04T09:01:40.874+0000] {dagbag.py:541} INFO - Filling up the DagBag from /opt/airflow/dags/fetch_weather_data.py
[2024-12-04T09:01:41.250+0000] {processor.py:836} INFO - DAG(s) dict_keys(['noaa_data_fetch']) retrieved from /opt/airflow/dags/fetch_weather_data.py
[2024-12-04T09:01:41.290+0000] {logging_mixin.py:150} INFO - [2024-12-04T09:01:41.289+0000] {dag.py:2742} INFO - Sync 1 DAGs
[2024-12-04T09:01:41.323+0000] {logging_mixin.py:150} INFO - [2024-12-04T09:01:41.323+0000] {dag.py:3508} INFO - Setting next_dagrun for noaa_data_fetch to 2024-12-04T00:00:00+00:00, run_after=2024-12-05T00:00:00+00:00
[2024-12-04T09:01:41.351+0000] {processor.py:179} INFO - Processing /opt/airflow/dags/fetch_weather_data.py took 0.484 seconds
[2024-12-04T09:02:11.828+0000] {processor.py:157} INFO - Started process (PID=1842) to work on /opt/airflow/dags/fetch_weather_data.py
[2024-12-04T09:02:11.829+0000] {processor.py:826} INFO - Processing file /opt/airflow/dags/fetch_weather_data.py for tasks to queue
[2024-12-04T09:02:11.831+0000] {logging_mixin.py:150} INFO - [2024-12-04T09:02:11.830+0000] {dagbag.py:541} INFO - Filling up the DagBag from /opt/airflow/dags/fetch_weather_data.py
[2024-12-04T09:02:12.260+0000] {processor.py:836} INFO - DAG(s) dict_keys(['noaa_data_fetch']) retrieved from /opt/airflow/dags/fetch_weather_data.py
[2024-12-04T09:02:12.287+0000] {logging_mixin.py:150} INFO - [2024-12-04T09:02:12.286+0000] {dag.py:2742} INFO - Sync 1 DAGs
[2024-12-04T09:02:12.309+0000] {logging_mixin.py:150} INFO - [2024-12-04T09:02:12.309+0000] {dag.py:3508} INFO - Setting next_dagrun for noaa_data_fetch to 2024-12-04T00:00:00+00:00, run_after=2024-12-05T00:00:00+00:00
[2024-12-04T09:02:12.337+0000] {processor.py:179} INFO - Processing /opt/airflow/dags/fetch_weather_data.py took 0.511 seconds
[2024-12-04T09:02:42.783+0000] {processor.py:157} INFO - Started process (PID=1945) to work on /opt/airflow/dags/fetch_weather_data.py
[2024-12-04T09:02:42.785+0000] {processor.py:826} INFO - Processing file /opt/airflow/dags/fetch_weather_data.py for tasks to queue
[2024-12-04T09:02:42.786+0000] {logging_mixin.py:150} INFO - [2024-12-04T09:02:42.786+0000] {dagbag.py:541} INFO - Filling up the DagBag from /opt/airflow/dags/fetch_weather_data.py
[2024-12-04T09:02:43.154+0000] {processor.py:836} INFO - DAG(s) dict_keys(['noaa_data_fetch']) retrieved from /opt/airflow/dags/fetch_weather_data.py
[2024-12-04T09:02:43.187+0000] {logging_mixin.py:150} INFO - [2024-12-04T09:02:43.186+0000] {dag.py:2742} INFO - Sync 1 DAGs
[2024-12-04T09:02:43.212+0000] {logging_mixin.py:150} INFO - [2024-12-04T09:02:43.212+0000] {dag.py:3508} INFO - Setting next_dagrun for noaa_data_fetch to 2024-12-04T00:00:00+00:00, run_after=2024-12-05T00:00:00+00:00
[2024-12-04T09:02:43.233+0000] {processor.py:179} INFO - Processing /opt/airflow/dags/fetch_weather_data.py took 0.454 seconds
[2024-12-04T09:03:13.675+0000] {processor.py:157} INFO - Started process (PID=2048) to work on /opt/airflow/dags/fetch_weather_data.py
[2024-12-04T09:03:13.676+0000] {processor.py:826} INFO - Processing file /opt/airflow/dags/fetch_weather_data.py for tasks to queue
[2024-12-04T09:03:13.677+0000] {logging_mixin.py:150} INFO - [2024-12-04T09:03:13.677+0000] {dagbag.py:541} INFO - Filling up the DagBag from /opt/airflow/dags/fetch_weather_data.py
[2024-12-04T09:03:14.173+0000] {processor.py:836} INFO - DAG(s) dict_keys(['noaa_data_fetch']) retrieved from /opt/airflow/dags/fetch_weather_data.py
[2024-12-04T09:03:14.218+0000] {logging_mixin.py:150} INFO - [2024-12-04T09:03:14.217+0000] {dag.py:2742} INFO - Sync 1 DAGs
[2024-12-04T09:03:14.249+0000] {logging_mixin.py:150} INFO - [2024-12-04T09:03:14.248+0000] {dag.py:3508} INFO - Setting next_dagrun for noaa_data_fetch to 2024-12-04T00:00:00+00:00, run_after=2024-12-05T00:00:00+00:00
[2024-12-04T09:03:14.280+0000] {processor.py:179} INFO - Processing /opt/airflow/dags/fetch_weather_data.py took 0.610 seconds
[2024-12-04T09:03:44.816+0000] {processor.py:157} INFO - Started process (PID=2151) to work on /opt/airflow/dags/fetch_weather_data.py
[2024-12-04T09:03:44.817+0000] {processor.py:826} INFO - Processing file /opt/airflow/dags/fetch_weather_data.py for tasks to queue
[2024-12-04T09:03:44.819+0000] {logging_mixin.py:150} INFO - [2024-12-04T09:03:44.818+0000] {dagbag.py:541} INFO - Filling up the DagBag from /opt/airflow/dags/fetch_weather_data.py
[2024-12-04T09:03:45.267+0000] {processor.py:836} INFO - DAG(s) dict_keys(['noaa_data_fetch']) retrieved from /opt/airflow/dags/fetch_weather_data.py
[2024-12-04T09:03:45.317+0000] {logging_mixin.py:150} INFO - [2024-12-04T09:03:45.316+0000] {dag.py:2742} INFO - Sync 1 DAGs
[2024-12-04T09:03:45.359+0000] {logging_mixin.py:150} INFO - [2024-12-04T09:03:45.359+0000] {dag.py:3508} INFO - Setting next_dagrun for noaa_data_fetch to 2024-12-04T00:00:00+00:00, run_after=2024-12-05T00:00:00+00:00
[2024-12-04T09:03:45.410+0000] {processor.py:179} INFO - Processing /opt/airflow/dags/fetch_weather_data.py took 0.599 seconds
[2024-12-04T09:04:15.929+0000] {processor.py:157} INFO - Started process (PID=2254) to work on /opt/airflow/dags/fetch_weather_data.py
[2024-12-04T09:04:15.930+0000] {processor.py:826} INFO - Processing file /opt/airflow/dags/fetch_weather_data.py for tasks to queue
[2024-12-04T09:04:15.932+0000] {logging_mixin.py:150} INFO - [2024-12-04T09:04:15.931+0000] {dagbag.py:541} INFO - Filling up the DagBag from /opt/airflow/dags/fetch_weather_data.py
[2024-12-04T09:04:16.343+0000] {processor.py:836} INFO - DAG(s) dict_keys(['noaa_data_fetch']) retrieved from /opt/airflow/dags/fetch_weather_data.py
[2024-12-04T09:04:16.375+0000] {logging_mixin.py:150} INFO - [2024-12-04T09:04:16.374+0000] {dag.py:2742} INFO - Sync 1 DAGs
[2024-12-04T09:04:16.398+0000] {logging_mixin.py:150} INFO - [2024-12-04T09:04:16.398+0000] {dag.py:3508} INFO - Setting next_dagrun for noaa_data_fetch to 2024-12-04T00:00:00+00:00, run_after=2024-12-05T00:00:00+00:00
[2024-12-04T09:04:16.441+0000] {processor.py:179} INFO - Processing /opt/airflow/dags/fetch_weather_data.py took 0.516 seconds
[2024-12-04T09:04:46.965+0000] {processor.py:157} INFO - Started process (PID=2357) to work on /opt/airflow/dags/fetch_weather_data.py
[2024-12-04T09:04:46.967+0000] {processor.py:826} INFO - Processing file /opt/airflow/dags/fetch_weather_data.py for tasks to queue
[2024-12-04T09:04:46.968+0000] {logging_mixin.py:150} INFO - [2024-12-04T09:04:46.968+0000] {dagbag.py:541} INFO - Filling up the DagBag from /opt/airflow/dags/fetch_weather_data.py
[2024-12-04T09:04:47.353+0000] {processor.py:836} INFO - DAG(s) dict_keys(['noaa_data_fetch']) retrieved from /opt/airflow/dags/fetch_weather_data.py
[2024-12-04T09:04:47.390+0000] {logging_mixin.py:150} INFO - [2024-12-04T09:04:47.390+0000] {dag.py:2742} INFO - Sync 1 DAGs
[2024-12-04T09:04:47.412+0000] {logging_mixin.py:150} INFO - [2024-12-04T09:04:47.412+0000] {dag.py:3508} INFO - Setting next_dagrun for noaa_data_fetch to 2024-12-04T00:00:00+00:00, run_after=2024-12-05T00:00:00+00:00
[2024-12-04T09:04:47.430+0000] {processor.py:179} INFO - Processing /opt/airflow/dags/fetch_weather_data.py took 0.468 seconds
[2024-12-04T09:05:17.897+0000] {processor.py:157} INFO - Started process (PID=2460) to work on /opt/airflow/dags/fetch_weather_data.py
[2024-12-04T09:05:17.898+0000] {processor.py:826} INFO - Processing file /opt/airflow/dags/fetch_weather_data.py for tasks to queue
[2024-12-04T09:05:17.899+0000] {logging_mixin.py:150} INFO - [2024-12-04T09:05:17.899+0000] {dagbag.py:541} INFO - Filling up the DagBag from /opt/airflow/dags/fetch_weather_data.py
[2024-12-04T09:05:18.288+0000] {processor.py:836} INFO - DAG(s) dict_keys(['noaa_data_fetch']) retrieved from /opt/airflow/dags/fetch_weather_data.py
[2024-12-04T09:05:18.318+0000] {logging_mixin.py:150} INFO - [2024-12-04T09:05:18.318+0000] {dag.py:2742} INFO - Sync 1 DAGs
[2024-12-04T09:05:18.342+0000] {logging_mixin.py:150} INFO - [2024-12-04T09:05:18.342+0000] {dag.py:3508} INFO - Setting next_dagrun for noaa_data_fetch to 2024-12-04T00:00:00+00:00, run_after=2024-12-05T00:00:00+00:00
[2024-12-04T09:05:18.362+0000] {processor.py:179} INFO - Processing /opt/airflow/dags/fetch_weather_data.py took 0.468 seconds
[2024-12-04T09:05:48.842+0000] {processor.py:157} INFO - Started process (PID=2563) to work on /opt/airflow/dags/fetch_weather_data.py
[2024-12-04T09:05:48.844+0000] {processor.py:826} INFO - Processing file /opt/airflow/dags/fetch_weather_data.py for tasks to queue
[2024-12-04T09:05:48.845+0000] {logging_mixin.py:150} INFO - [2024-12-04T09:05:48.845+0000] {dagbag.py:541} INFO - Filling up the DagBag from /opt/airflow/dags/fetch_weather_data.py
[2024-12-04T09:05:49.286+0000] {processor.py:836} INFO - DAG(s) dict_keys(['noaa_data_fetch']) retrieved from /opt/airflow/dags/fetch_weather_data.py
[2024-12-04T09:05:49.321+0000] {logging_mixin.py:150} INFO - [2024-12-04T09:05:49.321+0000] {dag.py:2742} INFO - Sync 1 DAGs
[2024-12-04T09:05:49.346+0000] {logging_mixin.py:150} INFO - [2024-12-04T09:05:49.346+0000] {dag.py:3508} INFO - Setting next_dagrun for noaa_data_fetch to 2024-12-04T00:00:00+00:00, run_after=2024-12-05T00:00:00+00:00
[2024-12-04T09:05:49.386+0000] {processor.py:179} INFO - Processing /opt/airflow/dags/fetch_weather_data.py took 0.549 seconds
[2024-12-04T09:06:19.839+0000] {processor.py:157} INFO - Started process (PID=2666) to work on /opt/airflow/dags/fetch_weather_data.py
[2024-12-04T09:06:19.841+0000] {processor.py:826} INFO - Processing file /opt/airflow/dags/fetch_weather_data.py for tasks to queue
[2024-12-04T09:06:19.842+0000] {logging_mixin.py:150} INFO - [2024-12-04T09:06:19.842+0000] {dagbag.py:541} INFO - Filling up the DagBag from /opt/airflow/dags/fetch_weather_data.py
[2024-12-04T09:06:20.231+0000] {processor.py:836} INFO - DAG(s) dict_keys(['noaa_data_fetch']) retrieved from /opt/airflow/dags/fetch_weather_data.py
[2024-12-04T09:06:20.261+0000] {logging_mixin.py:150} INFO - [2024-12-04T09:06:20.260+0000] {dag.py:2742} INFO - Sync 1 DAGs
[2024-12-04T09:06:20.291+0000] {logging_mixin.py:150} INFO - [2024-12-04T09:06:20.290+0000] {dag.py:3508} INFO - Setting next_dagrun for noaa_data_fetch to 2024-12-04T00:00:00+00:00, run_after=2024-12-05T00:00:00+00:00
[2024-12-04T09:06:20.334+0000] {processor.py:179} INFO - Processing /opt/airflow/dags/fetch_weather_data.py took 0.498 seconds
[2024-12-04T09:06:50.816+0000] {processor.py:157} INFO - Started process (PID=2769) to work on /opt/airflow/dags/fetch_weather_data.py
[2024-12-04T09:06:50.818+0000] {processor.py:826} INFO - Processing file /opt/airflow/dags/fetch_weather_data.py for tasks to queue
[2024-12-04T09:06:50.819+0000] {logging_mixin.py:150} INFO - [2024-12-04T09:06:50.819+0000] {dagbag.py:541} INFO - Filling up the DagBag from /opt/airflow/dags/fetch_weather_data.py
[2024-12-04T09:06:51.199+0000] {processor.py:836} INFO - DAG(s) dict_keys(['noaa_data_fetch']) retrieved from /opt/airflow/dags/fetch_weather_data.py
[2024-12-04T09:06:51.229+0000] {logging_mixin.py:150} INFO - [2024-12-04T09:06:51.229+0000] {dag.py:2742} INFO - Sync 1 DAGs
[2024-12-04T09:06:51.265+0000] {logging_mixin.py:150} INFO - [2024-12-04T09:06:51.265+0000] {dag.py:3508} INFO - Setting next_dagrun for noaa_data_fetch to 2024-12-04T00:00:00+00:00, run_after=2024-12-05T00:00:00+00:00
[2024-12-04T09:06:51.310+0000] {processor.py:179} INFO - Processing /opt/airflow/dags/fetch_weather_data.py took 0.497 seconds
[2024-12-04T09:07:21.822+0000] {processor.py:157} INFO - Started process (PID=2872) to work on /opt/airflow/dags/fetch_weather_data.py
[2024-12-04T09:07:21.823+0000] {processor.py:826} INFO - Processing file /opt/airflow/dags/fetch_weather_data.py for tasks to queue
[2024-12-04T09:07:21.825+0000] {logging_mixin.py:150} INFO - [2024-12-04T09:07:21.824+0000] {dagbag.py:541} INFO - Filling up the DagBag from /opt/airflow/dags/fetch_weather_data.py
[2024-12-04T09:07:22.324+0000] {processor.py:836} INFO - DAG(s) dict_keys(['noaa_data_fetch']) retrieved from /opt/airflow/dags/fetch_weather_data.py
[2024-12-04T09:07:22.367+0000] {logging_mixin.py:150} INFO - [2024-12-04T09:07:22.366+0000] {dag.py:2742} INFO - Sync 1 DAGs
[2024-12-04T09:07:22.398+0000] {logging_mixin.py:150} INFO - [2024-12-04T09:07:22.397+0000] {dag.py:3508} INFO - Setting next_dagrun for noaa_data_fetch to 2024-12-04T00:00:00+00:00, run_after=2024-12-05T00:00:00+00:00
[2024-12-04T09:07:22.423+0000] {processor.py:179} INFO - Processing /opt/airflow/dags/fetch_weather_data.py took 0.606 seconds
[2024-12-04T09:07:52.893+0000] {processor.py:157} INFO - Started process (PID=2975) to work on /opt/airflow/dags/fetch_weather_data.py
[2024-12-04T09:07:52.894+0000] {processor.py:826} INFO - Processing file /opt/airflow/dags/fetch_weather_data.py for tasks to queue
[2024-12-04T09:07:52.895+0000] {logging_mixin.py:150} INFO - [2024-12-04T09:07:52.895+0000] {dagbag.py:541} INFO - Filling up the DagBag from /opt/airflow/dags/fetch_weather_data.py
[2024-12-04T09:07:53.262+0000] {processor.py:836} INFO - DAG(s) dict_keys(['noaa_data_fetch']) retrieved from /opt/airflow/dags/fetch_weather_data.py
[2024-12-04T09:07:53.291+0000] {logging_mixin.py:150} INFO - [2024-12-04T09:07:53.291+0000] {dag.py:2742} INFO - Sync 1 DAGs
[2024-12-04T09:07:53.315+0000] {logging_mixin.py:150} INFO - [2024-12-04T09:07:53.315+0000] {dag.py:3508} INFO - Setting next_dagrun for noaa_data_fetch to 2024-12-04T00:00:00+00:00, run_after=2024-12-05T00:00:00+00:00
[2024-12-04T09:07:53.355+0000] {processor.py:179} INFO - Processing /opt/airflow/dags/fetch_weather_data.py took 0.468 seconds
[2024-12-04T09:08:23.845+0000] {processor.py:157} INFO - Started process (PID=3078) to work on /opt/airflow/dags/fetch_weather_data.py
[2024-12-04T09:08:23.846+0000] {processor.py:826} INFO - Processing file /opt/airflow/dags/fetch_weather_data.py for tasks to queue
[2024-12-04T09:08:23.848+0000] {logging_mixin.py:150} INFO - [2024-12-04T09:08:23.847+0000] {dagbag.py:541} INFO - Filling up the DagBag from /opt/airflow/dags/fetch_weather_data.py
[2024-12-04T09:08:24.591+0000] {processor.py:836} INFO - DAG(s) dict_keys(['noaa_data_fetch']) retrieved from /opt/airflow/dags/fetch_weather_data.py
[2024-12-04T09:08:24.634+0000] {logging_mixin.py:150} INFO - [2024-12-04T09:08:24.633+0000] {dag.py:2742} INFO - Sync 1 DAGs
[2024-12-04T09:08:24.682+0000] {logging_mixin.py:150} INFO - [2024-12-04T09:08:24.682+0000] {dag.py:3508} INFO - Setting next_dagrun for noaa_data_fetch to 2024-12-04T00:00:00+00:00, run_after=2024-12-05T00:00:00+00:00
[2024-12-04T09:08:24.719+0000] {processor.py:179} INFO - Processing /opt/airflow/dags/fetch_weather_data.py took 0.878 seconds
[2024-12-04T09:08:55.262+0000] {processor.py:157} INFO - Started process (PID=3181) to work on /opt/airflow/dags/fetch_weather_data.py
[2024-12-04T09:08:55.263+0000] {processor.py:826} INFO - Processing file /opt/airflow/dags/fetch_weather_data.py for tasks to queue
[2024-12-04T09:08:55.264+0000] {logging_mixin.py:150} INFO - [2024-12-04T09:08:55.264+0000] {dagbag.py:541} INFO - Filling up the DagBag from /opt/airflow/dags/fetch_weather_data.py
[2024-12-04T09:08:55.681+0000] {processor.py:836} INFO - DAG(s) dict_keys(['noaa_data_fetch']) retrieved from /opt/airflow/dags/fetch_weather_data.py
[2024-12-04T09:08:55.717+0000] {logging_mixin.py:150} INFO - [2024-12-04T09:08:55.717+0000] {dag.py:2742} INFO - Sync 1 DAGs
[2024-12-04T09:08:55.742+0000] {logging_mixin.py:150} INFO - [2024-12-04T09:08:55.742+0000] {dag.py:3508} INFO - Setting next_dagrun for noaa_data_fetch to 2024-12-04T00:00:00+00:00, run_after=2024-12-05T00:00:00+00:00
[2024-12-04T09:08:55.766+0000] {processor.py:179} INFO - Processing /opt/airflow/dags/fetch_weather_data.py took 0.509 seconds
[2024-12-04T09:09:26.121+0000] {processor.py:157} INFO - Started process (PID=3284) to work on /opt/airflow/dags/fetch_weather_data.py
[2024-12-04T09:09:26.123+0000] {processor.py:826} INFO - Processing file /opt/airflow/dags/fetch_weather_data.py for tasks to queue
[2024-12-04T09:09:26.125+0000] {logging_mixin.py:150} INFO - [2024-12-04T09:09:26.125+0000] {dagbag.py:541} INFO - Filling up the DagBag from /opt/airflow/dags/fetch_weather_data.py
[2024-12-04T09:09:26.548+0000] {processor.py:836} INFO - DAG(s) dict_keys(['noaa_data_fetch']) retrieved from /opt/airflow/dags/fetch_weather_data.py
[2024-12-04T09:09:26.573+0000] {logging_mixin.py:150} INFO - [2024-12-04T09:09:26.573+0000] {dag.py:2742} INFO - Sync 1 DAGs
[2024-12-04T09:09:26.601+0000] {logging_mixin.py:150} INFO - [2024-12-04T09:09:26.601+0000] {dag.py:3508} INFO - Setting next_dagrun for noaa_data_fetch to 2024-12-04T00:00:00+00:00, run_after=2024-12-05T00:00:00+00:00
[2024-12-04T09:09:26.638+0000] {processor.py:179} INFO - Processing /opt/airflow/dags/fetch_weather_data.py took 0.522 seconds
[2024-12-04T09:09:57.133+0000] {processor.py:157} INFO - Started process (PID=3387) to work on /opt/airflow/dags/fetch_weather_data.py
[2024-12-04T09:09:57.134+0000] {processor.py:826} INFO - Processing file /opt/airflow/dags/fetch_weather_data.py for tasks to queue
[2024-12-04T09:09:57.135+0000] {logging_mixin.py:150} INFO - [2024-12-04T09:09:57.135+0000] {dagbag.py:541} INFO - Filling up the DagBag from /opt/airflow/dags/fetch_weather_data.py
[2024-12-04T09:09:57.605+0000] {processor.py:836} INFO - DAG(s) dict_keys(['noaa_data_fetch']) retrieved from /opt/airflow/dags/fetch_weather_data.py
[2024-12-04T09:09:57.645+0000] {logging_mixin.py:150} INFO - [2024-12-04T09:09:57.644+0000] {dag.py:2742} INFO - Sync 1 DAGs
[2024-12-04T09:09:57.685+0000] {logging_mixin.py:150} INFO - [2024-12-04T09:09:57.684+0000] {dag.py:3508} INFO - Setting next_dagrun for noaa_data_fetch to 2024-12-04T00:00:00+00:00, run_after=2024-12-05T00:00:00+00:00
[2024-12-04T09:09:57.716+0000] {processor.py:179} INFO - Processing /opt/airflow/dags/fetch_weather_data.py took 0.587 seconds
[2024-12-04T09:10:28.193+0000] {processor.py:157} INFO - Started process (PID=3490) to work on /opt/airflow/dags/fetch_weather_data.py
[2024-12-04T09:10:28.195+0000] {processor.py:826} INFO - Processing file /opt/airflow/dags/fetch_weather_data.py for tasks to queue
[2024-12-04T09:10:28.196+0000] {logging_mixin.py:150} INFO - [2024-12-04T09:10:28.195+0000] {dagbag.py:541} INFO - Filling up the DagBag from /opt/airflow/dags/fetch_weather_data.py
[2024-12-04T09:10:28.676+0000] {processor.py:836} INFO - DAG(s) dict_keys(['noaa_data_fetch']) retrieved from /opt/airflow/dags/fetch_weather_data.py
[2024-12-04T09:10:28.718+0000] {logging_mixin.py:150} INFO - [2024-12-04T09:10:28.717+0000] {dag.py:2742} INFO - Sync 1 DAGs
[2024-12-04T09:10:28.759+0000] {logging_mixin.py:150} INFO - [2024-12-04T09:10:28.759+0000] {dag.py:3508} INFO - Setting next_dagrun for noaa_data_fetch to 2024-12-04T00:00:00+00:00, run_after=2024-12-05T00:00:00+00:00
[2024-12-04T09:10:28.808+0000] {processor.py:179} INFO - Processing /opt/airflow/dags/fetch_weather_data.py took 0.619 seconds
[2024-12-04T09:10:59.272+0000] {processor.py:157} INFO - Started process (PID=3593) to work on /opt/airflow/dags/fetch_weather_data.py
[2024-12-04T09:10:59.273+0000] {processor.py:826} INFO - Processing file /opt/airflow/dags/fetch_weather_data.py for tasks to queue
[2024-12-04T09:10:59.274+0000] {logging_mixin.py:150} INFO - [2024-12-04T09:10:59.274+0000] {dagbag.py:541} INFO - Filling up the DagBag from /opt/airflow/dags/fetch_weather_data.py
[2024-12-04T09:10:59.702+0000] {processor.py:836} INFO - DAG(s) dict_keys(['noaa_data_fetch']) retrieved from /opt/airflow/dags/fetch_weather_data.py
[2024-12-04T09:10:59.743+0000] {logging_mixin.py:150} INFO - [2024-12-04T09:10:59.742+0000] {dag.py:2742} INFO - Sync 1 DAGs
[2024-12-04T09:10:59.775+0000] {logging_mixin.py:150} INFO - [2024-12-04T09:10:59.775+0000] {dag.py:3508} INFO - Setting next_dagrun for noaa_data_fetch to 2024-12-04T00:00:00+00:00, run_after=2024-12-05T00:00:00+00:00
[2024-12-04T09:10:59.818+0000] {processor.py:179} INFO - Processing /opt/airflow/dags/fetch_weather_data.py took 0.549 seconds
[2024-12-04T09:11:30.309+0000] {processor.py:157} INFO - Started process (PID=3696) to work on /opt/airflow/dags/fetch_weather_data.py
[2024-12-04T09:11:30.311+0000] {processor.py:826} INFO - Processing file /opt/airflow/dags/fetch_weather_data.py for tasks to queue
[2024-12-04T09:11:30.312+0000] {logging_mixin.py:150} INFO - [2024-12-04T09:11:30.312+0000] {dagbag.py:541} INFO - Filling up the DagBag from /opt/airflow/dags/fetch_weather_data.py
[2024-12-04T09:11:30.826+0000] {processor.py:836} INFO - DAG(s) dict_keys(['noaa_data_fetch']) retrieved from /opt/airflow/dags/fetch_weather_data.py
[2024-12-04T09:11:30.870+0000] {logging_mixin.py:150} INFO - [2024-12-04T09:11:30.869+0000] {dag.py:2742} INFO - Sync 1 DAGs
[2024-12-04T09:11:30.915+0000] {logging_mixin.py:150} INFO - [2024-12-04T09:11:30.915+0000] {dag.py:3508} INFO - Setting next_dagrun for noaa_data_fetch to 2024-12-04T00:00:00+00:00, run_after=2024-12-05T00:00:00+00:00
[2024-12-04T09:11:30.949+0000] {processor.py:179} INFO - Processing /opt/airflow/dags/fetch_weather_data.py took 0.646 seconds
[2024-12-04T09:12:01.474+0000] {processor.py:157} INFO - Started process (PID=3799) to work on /opt/airflow/dags/fetch_weather_data.py
[2024-12-04T09:12:01.475+0000] {processor.py:826} INFO - Processing file /opt/airflow/dags/fetch_weather_data.py for tasks to queue
[2024-12-04T09:12:01.476+0000] {logging_mixin.py:150} INFO - [2024-12-04T09:12:01.476+0000] {dagbag.py:541} INFO - Filling up the DagBag from /opt/airflow/dags/fetch_weather_data.py
[2024-12-04T09:12:01.869+0000] {processor.py:836} INFO - DAG(s) dict_keys(['noaa_data_fetch']) retrieved from /opt/airflow/dags/fetch_weather_data.py
[2024-12-04T09:12:01.909+0000] {logging_mixin.py:150} INFO - [2024-12-04T09:12:01.908+0000] {dag.py:2742} INFO - Sync 1 DAGs
[2024-12-04T09:12:01.954+0000] {logging_mixin.py:150} INFO - [2024-12-04T09:12:01.954+0000] {dag.py:3508} INFO - Setting next_dagrun for noaa_data_fetch to 2024-12-04T00:00:00+00:00, run_after=2024-12-05T00:00:00+00:00
[2024-12-04T09:12:01.999+0000] {processor.py:179} INFO - Processing /opt/airflow/dags/fetch_weather_data.py took 0.528 seconds
[2024-12-04T09:12:32.498+0000] {processor.py:157} INFO - Started process (PID=3902) to work on /opt/airflow/dags/fetch_weather_data.py
[2024-12-04T09:12:32.499+0000] {processor.py:826} INFO - Processing file /opt/airflow/dags/fetch_weather_data.py for tasks to queue
[2024-12-04T09:12:32.500+0000] {logging_mixin.py:150} INFO - [2024-12-04T09:12:32.500+0000] {dagbag.py:541} INFO - Filling up the DagBag from /opt/airflow/dags/fetch_weather_data.py
[2024-12-04T09:12:32.995+0000] {processor.py:836} INFO - DAG(s) dict_keys(['noaa_data_fetch']) retrieved from /opt/airflow/dags/fetch_weather_data.py
[2024-12-04T09:12:33.036+0000] {logging_mixin.py:150} INFO - [2024-12-04T09:12:33.035+0000] {dag.py:2742} INFO - Sync 1 DAGs
[2024-12-04T09:12:33.073+0000] {logging_mixin.py:150} INFO - [2024-12-04T09:12:33.072+0000] {dag.py:3508} INFO - Setting next_dagrun for noaa_data_fetch to 2024-12-04T00:00:00+00:00, run_after=2024-12-05T00:00:00+00:00
[2024-12-04T09:12:33.101+0000] {processor.py:179} INFO - Processing /opt/airflow/dags/fetch_weather_data.py took 0.607 seconds
[2024-12-04T09:13:03.626+0000] {processor.py:157} INFO - Started process (PID=4005) to work on /opt/airflow/dags/fetch_weather_data.py
[2024-12-04T09:13:03.627+0000] {processor.py:826} INFO - Processing file /opt/airflow/dags/fetch_weather_data.py for tasks to queue
[2024-12-04T09:13:03.628+0000] {logging_mixin.py:150} INFO - [2024-12-04T09:13:03.628+0000] {dagbag.py:541} INFO - Filling up the DagBag from /opt/airflow/dags/fetch_weather_data.py
[2024-12-04T09:13:04.040+0000] {processor.py:836} INFO - DAG(s) dict_keys(['noaa_data_fetch']) retrieved from /opt/airflow/dags/fetch_weather_data.py
[2024-12-04T09:13:04.073+0000] {logging_mixin.py:150} INFO - [2024-12-04T09:13:04.072+0000] {dag.py:2742} INFO - Sync 1 DAGs
[2024-12-04T09:13:04.106+0000] {logging_mixin.py:150} INFO - [2024-12-04T09:13:04.106+0000] {dag.py:3508} INFO - Setting next_dagrun for noaa_data_fetch to 2024-12-04T00:00:00+00:00, run_after=2024-12-05T00:00:00+00:00
[2024-12-04T09:13:04.149+0000] {processor.py:179} INFO - Processing /opt/airflow/dags/fetch_weather_data.py took 0.526 seconds
[2024-12-04T09:13:34.688+0000] {processor.py:157} INFO - Started process (PID=4108) to work on /opt/airflow/dags/fetch_weather_data.py
[2024-12-04T09:13:34.690+0000] {processor.py:826} INFO - Processing file /opt/airflow/dags/fetch_weather_data.py for tasks to queue
[2024-12-04T09:13:34.691+0000] {logging_mixin.py:150} INFO - [2024-12-04T09:13:34.691+0000] {dagbag.py:541} INFO - Filling up the DagBag from /opt/airflow/dags/fetch_weather_data.py
[2024-12-04T09:13:35.095+0000] {processor.py:836} INFO - DAG(s) dict_keys(['noaa_data_fetch']) retrieved from /opt/airflow/dags/fetch_weather_data.py
[2024-12-04T09:13:35.126+0000] {logging_mixin.py:150} INFO - [2024-12-04T09:13:35.126+0000] {dag.py:2742} INFO - Sync 1 DAGs
[2024-12-04T09:13:35.151+0000] {logging_mixin.py:150} INFO - [2024-12-04T09:13:35.151+0000] {dag.py:3508} INFO - Setting next_dagrun for noaa_data_fetch to 2024-12-04T00:00:00+00:00, run_after=2024-12-05T00:00:00+00:00
[2024-12-04T09:13:35.174+0000] {processor.py:179} INFO - Processing /opt/airflow/dags/fetch_weather_data.py took 0.491 seconds
[2024-12-04T09:14:05.657+0000] {processor.py:157} INFO - Started process (PID=4211) to work on /opt/airflow/dags/fetch_weather_data.py
[2024-12-04T09:14:05.658+0000] {processor.py:826} INFO - Processing file /opt/airflow/dags/fetch_weather_data.py for tasks to queue
[2024-12-04T09:14:05.660+0000] {logging_mixin.py:150} INFO - [2024-12-04T09:14:05.659+0000] {dagbag.py:541} INFO - Filling up the DagBag from /opt/airflow/dags/fetch_weather_data.py
[2024-12-04T09:14:06.066+0000] {processor.py:836} INFO - DAG(s) dict_keys(['noaa_data_fetch']) retrieved from /opt/airflow/dags/fetch_weather_data.py
[2024-12-04T09:14:06.095+0000] {logging_mixin.py:150} INFO - [2024-12-04T09:14:06.094+0000] {dag.py:2742} INFO - Sync 1 DAGs
[2024-12-04T09:14:06.122+0000] {logging_mixin.py:150} INFO - [2024-12-04T09:14:06.122+0000] {dag.py:3508} INFO - Setting next_dagrun for noaa_data_fetch to 2024-12-04T00:00:00+00:00, run_after=2024-12-05T00:00:00+00:00
[2024-12-04T09:14:06.169+0000] {processor.py:179} INFO - Processing /opt/airflow/dags/fetch_weather_data.py took 0.515 seconds
[2024-12-04T09:14:36.673+0000] {processor.py:157} INFO - Started process (PID=4314) to work on /opt/airflow/dags/fetch_weather_data.py
[2024-12-04T09:14:36.674+0000] {processor.py:826} INFO - Processing file /opt/airflow/dags/fetch_weather_data.py for tasks to queue
[2024-12-04T09:14:36.675+0000] {logging_mixin.py:150} INFO - [2024-12-04T09:14:36.675+0000] {dagbag.py:541} INFO - Filling up the DagBag from /opt/airflow/dags/fetch_weather_data.py
[2024-12-04T09:14:37.020+0000] {processor.py:836} INFO - DAG(s) dict_keys(['noaa_data_fetch']) retrieved from /opt/airflow/dags/fetch_weather_data.py
[2024-12-04T09:14:37.047+0000] {logging_mixin.py:150} INFO - [2024-12-04T09:14:37.046+0000] {dag.py:2742} INFO - Sync 1 DAGs
[2024-12-04T09:14:37.070+0000] {logging_mixin.py:150} INFO - [2024-12-04T09:14:37.069+0000] {dag.py:3508} INFO - Setting next_dagrun for noaa_data_fetch to 2024-12-04T00:00:00+00:00, run_after=2024-12-05T00:00:00+00:00
[2024-12-04T09:14:37.089+0000] {processor.py:179} INFO - Processing /opt/airflow/dags/fetch_weather_data.py took 0.419 seconds
[2024-12-04T09:15:07.538+0000] {processor.py:157} INFO - Started process (PID=4417) to work on /opt/airflow/dags/fetch_weather_data.py
[2024-12-04T09:15:07.540+0000] {processor.py:826} INFO - Processing file /opt/airflow/dags/fetch_weather_data.py for tasks to queue
[2024-12-04T09:15:07.541+0000] {logging_mixin.py:150} INFO - [2024-12-04T09:15:07.540+0000] {dagbag.py:541} INFO - Filling up the DagBag from /opt/airflow/dags/fetch_weather_data.py
[2024-12-04T09:15:08.016+0000] {processor.py:836} INFO - DAG(s) dict_keys(['noaa_data_fetch']) retrieved from /opt/airflow/dags/fetch_weather_data.py
[2024-12-04T09:15:08.056+0000] {logging_mixin.py:150} INFO - [2024-12-04T09:15:08.055+0000] {dag.py:2742} INFO - Sync 1 DAGs
[2024-12-04T09:15:08.099+0000] {logging_mixin.py:150} INFO - [2024-12-04T09:15:08.099+0000] {dag.py:3508} INFO - Setting next_dagrun for noaa_data_fetch to 2024-12-04T00:00:00+00:00, run_after=2024-12-05T00:00:00+00:00
[2024-12-04T09:15:08.130+0000] {processor.py:179} INFO - Processing /opt/airflow/dags/fetch_weather_data.py took 0.595 seconds
[2024-12-04T09:15:25.523+0000] {processor.py:157} INFO - Started process (PID=4520) to work on /opt/airflow/dags/fetch_weather_data.py
[2024-12-04T09:15:25.525+0000] {processor.py:826} INFO - Processing file /opt/airflow/dags/fetch_weather_data.py for tasks to queue
[2024-12-04T09:15:25.526+0000] {logging_mixin.py:150} INFO - [2024-12-04T09:15:25.526+0000] {dagbag.py:541} INFO - Filling up the DagBag from /opt/airflow/dags/fetch_weather_data.py
[2024-12-04T09:15:25.919+0000] {processor.py:836} INFO - DAG(s) dict_keys(['noaa_data_fetch']) retrieved from /opt/airflow/dags/fetch_weather_data.py
[2024-12-04T09:15:26.044+0000] {logging_mixin.py:150} INFO - [2024-12-04T09:15:26.043+0000] {dag.py:2742} INFO - Sync 1 DAGs
[2024-12-04T09:15:26.066+0000] {logging_mixin.py:150} INFO - [2024-12-04T09:15:26.066+0000] {dag.py:3508} INFO - Setting next_dagrun for noaa_data_fetch to 2024-12-04T00:00:00+00:00, run_after=2024-12-05T00:00:00+00:00
[2024-12-04T09:15:26.087+0000] {processor.py:179} INFO - Processing /opt/airflow/dags/fetch_weather_data.py took 0.567 seconds
[2024-12-04T09:15:56.449+0000] {processor.py:157} INFO - Started process (PID=4623) to work on /opt/airflow/dags/fetch_weather_data.py
[2024-12-04T09:15:56.450+0000] {processor.py:826} INFO - Processing file /opt/airflow/dags/fetch_weather_data.py for tasks to queue
[2024-12-04T09:15:56.452+0000] {logging_mixin.py:150} INFO - [2024-12-04T09:15:56.452+0000] {dagbag.py:541} INFO - Filling up the DagBag from /opt/airflow/dags/fetch_weather_data.py
[2024-12-04T09:15:56.867+0000] {processor.py:836} INFO - DAG(s) dict_keys(['noaa_data_fetch']) retrieved from /opt/airflow/dags/fetch_weather_data.py
[2024-12-04T09:15:56.904+0000] {logging_mixin.py:150} INFO - [2024-12-04T09:15:56.903+0000] {dag.py:2742} INFO - Sync 1 DAGs
[2024-12-04T09:15:56.941+0000] {logging_mixin.py:150} INFO - [2024-12-04T09:15:56.941+0000] {dag.py:3508} INFO - Setting next_dagrun for noaa_data_fetch to 2024-12-04T00:00:00+00:00, run_after=2024-12-05T00:00:00+00:00
[2024-12-04T09:15:56.968+0000] {processor.py:179} INFO - Processing /opt/airflow/dags/fetch_weather_data.py took 0.524 seconds
[2024-12-04T09:16:27.265+0000] {processor.py:157} INFO - Started process (PID=4726) to work on /opt/airflow/dags/fetch_weather_data.py
[2024-12-04T09:16:27.267+0000] {processor.py:826} INFO - Processing file /opt/airflow/dags/fetch_weather_data.py for tasks to queue
[2024-12-04T09:16:27.268+0000] {logging_mixin.py:150} INFO - [2024-12-04T09:16:27.268+0000] {dagbag.py:541} INFO - Filling up the DagBag from /opt/airflow/dags/fetch_weather_data.py
[2024-12-04T09:16:27.671+0000] {processor.py:836} INFO - DAG(s) dict_keys(['noaa_data_fetch']) retrieved from /opt/airflow/dags/fetch_weather_data.py
[2024-12-04T09:16:27.713+0000] {logging_mixin.py:150} INFO - [2024-12-04T09:16:27.712+0000] {dag.py:2742} INFO - Sync 1 DAGs
[2024-12-04T09:16:27.749+0000] {logging_mixin.py:150} INFO - [2024-12-04T09:16:27.749+0000] {dag.py:3508} INFO - Setting next_dagrun for noaa_data_fetch to 2024-12-04T00:00:00+00:00, run_after=2024-12-05T00:00:00+00:00
[2024-12-04T09:16:27.794+0000] {processor.py:179} INFO - Processing /opt/airflow/dags/fetch_weather_data.py took 0.531 seconds
[2024-12-04T09:16:57.858+0000] {processor.py:157} INFO - Started process (PID=4829) to work on /opt/airflow/dags/fetch_weather_data.py
[2024-12-04T09:16:57.860+0000] {processor.py:826} INFO - Processing file /opt/airflow/dags/fetch_weather_data.py for tasks to queue
[2024-12-04T09:16:57.861+0000] {logging_mixin.py:150} INFO - [2024-12-04T09:16:57.861+0000] {dagbag.py:541} INFO - Filling up the DagBag from /opt/airflow/dags/fetch_weather_data.py
[2024-12-04T09:16:58.309+0000] {processor.py:836} INFO - DAG(s) dict_keys(['noaa_data_fetch']) retrieved from /opt/airflow/dags/fetch_weather_data.py
[2024-12-04T09:16:58.345+0000] {logging_mixin.py:150} INFO - [2024-12-04T09:16:58.344+0000] {dag.py:2742} INFO - Sync 1 DAGs
[2024-12-04T09:16:58.375+0000] {logging_mixin.py:150} INFO - [2024-12-04T09:16:58.374+0000] {dag.py:3508} INFO - Setting next_dagrun for noaa_data_fetch to 2024-12-04T00:00:00+00:00, run_after=2024-12-05T00:00:00+00:00
[2024-12-04T09:16:58.402+0000] {processor.py:179} INFO - Processing /opt/airflow/dags/fetch_weather_data.py took 0.550 seconds
