[2024-12-04T09:55:27.239+0000] {processor.py:157} INFO - Started process (PID=237) to work on /opt/airflow/dags/weather_to_duckdb.py
[2024-12-04T09:55:27.241+0000] {processor.py:826} INFO - Processing file /opt/airflow/dags/weather_to_duckdb.py for tasks to queue
[2024-12-04T09:55:27.243+0000] {logging_mixin.py:150} INFO - [2024-12-04T09:55:27.243+0000] {dagbag.py:541} INFO - Filling up the DagBag from /opt/airflow/dags/weather_to_duckdb.py
[2024-12-04T09:55:28.103+0000] {processor.py:838} WARNING - No viable dags retrieved from /opt/airflow/dags/weather_to_duckdb.py
[2024-12-04T09:55:28.132+0000] {processor.py:179} INFO - Processing /opt/airflow/dags/weather_to_duckdb.py took 0.901 seconds
[2024-12-04T09:55:59.176+0000] {processor.py:157} INFO - Started process (PID=392) to work on /opt/airflow/dags/weather_to_duckdb.py
[2024-12-04T09:55:59.177+0000] {processor.py:826} INFO - Processing file /opt/airflow/dags/weather_to_duckdb.py for tasks to queue
[2024-12-04T09:55:59.178+0000] {logging_mixin.py:150} INFO - [2024-12-04T09:55:59.178+0000] {dagbag.py:541} INFO - Filling up the DagBag from /opt/airflow/dags/weather_to_duckdb.py
[2024-12-04T09:55:59.727+0000] {processor.py:838} WARNING - No viable dags retrieved from /opt/airflow/dags/weather_to_duckdb.py
[2024-12-04T09:55:59.749+0000] {processor.py:179} INFO - Processing /opt/airflow/dags/weather_to_duckdb.py took 0.578 seconds
[2024-12-04T09:56:30.632+0000] {processor.py:157} INFO - Started process (PID=527) to work on /opt/airflow/dags/weather_to_duckdb.py
[2024-12-04T09:56:30.634+0000] {processor.py:826} INFO - Processing file /opt/airflow/dags/weather_to_duckdb.py for tasks to queue
[2024-12-04T09:56:30.634+0000] {logging_mixin.py:150} INFO - [2024-12-04T09:56:30.634+0000] {dagbag.py:541} INFO - Filling up the DagBag from /opt/airflow/dags/weather_to_duckdb.py
[2024-12-04T09:56:31.224+0000] {processor.py:838} WARNING - No viable dags retrieved from /opt/airflow/dags/weather_to_duckdb.py
[2024-12-04T09:56:31.239+0000] {processor.py:179} INFO - Processing /opt/airflow/dags/weather_to_duckdb.py took 0.611 seconds
[2024-12-04T09:57:58.257+0000] {processor.py:157} INFO - Started process (PID=237) to work on /opt/airflow/dags/weather_to_duckdb.py
[2024-12-04T09:57:58.258+0000] {processor.py:826} INFO - Processing file /opt/airflow/dags/weather_to_duckdb.py for tasks to queue
[2024-12-04T09:57:58.260+0000] {logging_mixin.py:150} INFO - [2024-12-04T09:57:58.259+0000] {dagbag.py:541} INFO - Filling up the DagBag from /opt/airflow/dags/weather_to_duckdb.py
[2024-12-04T09:57:58.990+0000] {processor.py:836} INFO - DAG(s) dict_keys(['process_weather_data']) retrieved from /opt/airflow/dags/weather_to_duckdb.py
[2024-12-04T09:57:59.022+0000] {logging_mixin.py:150} INFO - [2024-12-04T09:57:59.022+0000] {dag.py:2742} INFO - Sync 1 DAGs
[2024-12-04T09:57:59.054+0000] {logging_mixin.py:150} INFO - [2024-12-04T09:57:59.054+0000] {dag.py:3508} INFO - Setting next_dagrun for process_weather_data to None, run_after=None
[2024-12-04T09:57:59.089+0000] {processor.py:179} INFO - Processing /opt/airflow/dags/weather_to_duckdb.py took 0.835 seconds
[2024-12-04T09:58:29.781+0000] {processor.py:157} INFO - Started process (PID=434) to work on /opt/airflow/dags/weather_to_duckdb.py
[2024-12-04T09:58:29.783+0000] {processor.py:826} INFO - Processing file /opt/airflow/dags/weather_to_duckdb.py for tasks to queue
[2024-12-04T09:58:29.785+0000] {logging_mixin.py:150} INFO - [2024-12-04T09:58:29.785+0000] {dagbag.py:541} INFO - Filling up the DagBag from /opt/airflow/dags/weather_to_duckdb.py
[2024-12-04T09:58:30.383+0000] {processor.py:836} INFO - DAG(s) dict_keys(['process_weather_data']) retrieved from /opt/airflow/dags/weather_to_duckdb.py
[2024-12-04T09:58:30.419+0000] {logging_mixin.py:150} INFO - [2024-12-04T09:58:30.418+0000] {dag.py:2742} INFO - Sync 1 DAGs
[2024-12-04T09:58:30.454+0000] {logging_mixin.py:150} INFO - [2024-12-04T09:58:30.453+0000] {dag.py:3508} INFO - Setting next_dagrun for process_weather_data to None, run_after=None
[2024-12-04T09:58:30.501+0000] {processor.py:179} INFO - Processing /opt/airflow/dags/weather_to_duckdb.py took 0.725 seconds
[2024-12-04T09:59:01.012+0000] {processor.py:157} INFO - Started process (PID=569) to work on /opt/airflow/dags/weather_to_duckdb.py
[2024-12-04T09:59:01.014+0000] {processor.py:826} INFO - Processing file /opt/airflow/dags/weather_to_duckdb.py for tasks to queue
[2024-12-04T09:59:01.016+0000] {logging_mixin.py:150} INFO - [2024-12-04T09:59:01.015+0000] {dagbag.py:541} INFO - Filling up the DagBag from /opt/airflow/dags/weather_to_duckdb.py
[2024-12-04T09:59:01.722+0000] {processor.py:836} INFO - DAG(s) dict_keys(['process_weather_data']) retrieved from /opt/airflow/dags/weather_to_duckdb.py
[2024-12-04T09:59:01.752+0000] {logging_mixin.py:150} INFO - [2024-12-04T09:59:01.752+0000] {dag.py:2742} INFO - Sync 1 DAGs
[2024-12-04T09:59:01.787+0000] {logging_mixin.py:150} INFO - [2024-12-04T09:59:01.786+0000] {dag.py:3508} INFO - Setting next_dagrun for process_weather_data to None, run_after=None
[2024-12-04T09:59:01.825+0000] {processor.py:179} INFO - Processing /opt/airflow/dags/weather_to_duckdb.py took 0.817 seconds
[2024-12-04T09:59:31.929+0000] {processor.py:157} INFO - Started process (PID=704) to work on /opt/airflow/dags/weather_to_duckdb.py
[2024-12-04T09:59:31.931+0000] {processor.py:826} INFO - Processing file /opt/airflow/dags/weather_to_duckdb.py for tasks to queue
[2024-12-04T09:59:31.932+0000] {logging_mixin.py:150} INFO - [2024-12-04T09:59:31.931+0000] {dagbag.py:541} INFO - Filling up the DagBag from /opt/airflow/dags/weather_to_duckdb.py
[2024-12-04T09:59:32.571+0000] {processor.py:836} INFO - DAG(s) dict_keys(['process_weather_data']) retrieved from /opt/airflow/dags/weather_to_duckdb.py
[2024-12-04T09:59:32.601+0000] {logging_mixin.py:150} INFO - [2024-12-04T09:59:32.600+0000] {dag.py:2742} INFO - Sync 1 DAGs
[2024-12-04T09:59:32.624+0000] {logging_mixin.py:150} INFO - [2024-12-04T09:59:32.623+0000] {dag.py:3508} INFO - Setting next_dagrun for process_weather_data to None, run_after=None
[2024-12-04T09:59:32.673+0000] {processor.py:179} INFO - Processing /opt/airflow/dags/weather_to_duckdb.py took 0.748 seconds
[2024-12-04T10:00:03.037+0000] {processor.py:157} INFO - Started process (PID=839) to work on /opt/airflow/dags/weather_to_duckdb.py
[2024-12-04T10:00:03.038+0000] {processor.py:826} INFO - Processing file /opt/airflow/dags/weather_to_duckdb.py for tasks to queue
[2024-12-04T10:00:03.039+0000] {logging_mixin.py:150} INFO - [2024-12-04T10:00:03.039+0000] {dagbag.py:541} INFO - Filling up the DagBag from /opt/airflow/dags/weather_to_duckdb.py
[2024-12-04T10:00:03.684+0000] {processor.py:836} INFO - DAG(s) dict_keys(['process_weather_data']) retrieved from /opt/airflow/dags/weather_to_duckdb.py
[2024-12-04T10:00:03.717+0000] {logging_mixin.py:150} INFO - [2024-12-04T10:00:03.716+0000] {dag.py:2742} INFO - Sync 1 DAGs
[2024-12-04T10:00:03.743+0000] {logging_mixin.py:150} INFO - [2024-12-04T10:00:03.742+0000] {dag.py:3508} INFO - Setting next_dagrun for process_weather_data to None, run_after=None
[2024-12-04T10:00:03.776+0000] {processor.py:179} INFO - Processing /opt/airflow/dags/weather_to_duckdb.py took 0.743 seconds
[2024-12-04T10:00:34.076+0000] {processor.py:157} INFO - Started process (PID=1016) to work on /opt/airflow/dags/weather_to_duckdb.py
[2024-12-04T10:00:34.077+0000] {processor.py:826} INFO - Processing file /opt/airflow/dags/weather_to_duckdb.py for tasks to queue
[2024-12-04T10:00:34.079+0000] {logging_mixin.py:150} INFO - [2024-12-04T10:00:34.078+0000] {dagbag.py:541} INFO - Filling up the DagBag from /opt/airflow/dags/weather_to_duckdb.py
[2024-12-04T10:00:34.650+0000] {processor.py:836} INFO - DAG(s) dict_keys(['process_weather_data']) retrieved from /opt/airflow/dags/weather_to_duckdb.py
[2024-12-04T10:00:34.678+0000] {logging_mixin.py:150} INFO - [2024-12-04T10:00:34.677+0000] {dag.py:2742} INFO - Sync 1 DAGs
[2024-12-04T10:00:34.709+0000] {logging_mixin.py:150} INFO - [2024-12-04T10:00:34.709+0000] {dag.py:3508} INFO - Setting next_dagrun for process_weather_data to None, run_after=None
[2024-12-04T10:00:34.730+0000] {processor.py:179} INFO - Processing /opt/airflow/dags/weather_to_duckdb.py took 0.657 seconds
[2024-12-04T10:01:04.918+0000] {processor.py:157} INFO - Started process (PID=1151) to work on /opt/airflow/dags/weather_to_duckdb.py
[2024-12-04T10:01:04.919+0000] {processor.py:826} INFO - Processing file /opt/airflow/dags/weather_to_duckdb.py for tasks to queue
[2024-12-04T10:01:04.921+0000] {logging_mixin.py:150} INFO - [2024-12-04T10:01:04.920+0000] {dagbag.py:541} INFO - Filling up the DagBag from /opt/airflow/dags/weather_to_duckdb.py
[2024-12-04T10:01:05.520+0000] {processor.py:836} INFO - DAG(s) dict_keys(['process_weather_data']) retrieved from /opt/airflow/dags/weather_to_duckdb.py
[2024-12-04T10:01:05.547+0000] {logging_mixin.py:150} INFO - [2024-12-04T10:01:05.546+0000] {dag.py:2742} INFO - Sync 1 DAGs
[2024-12-04T10:01:05.569+0000] {logging_mixin.py:150} INFO - [2024-12-04T10:01:05.568+0000] {dag.py:3508} INFO - Setting next_dagrun for process_weather_data to None, run_after=None
[2024-12-04T10:01:05.588+0000] {processor.py:179} INFO - Processing /opt/airflow/dags/weather_to_duckdb.py took 0.674 seconds
[2024-12-04T10:01:36.026+0000] {processor.py:157} INFO - Started process (PID=1286) to work on /opt/airflow/dags/weather_to_duckdb.py
[2024-12-04T10:01:36.027+0000] {processor.py:826} INFO - Processing file /opt/airflow/dags/weather_to_duckdb.py for tasks to queue
[2024-12-04T10:01:36.029+0000] {logging_mixin.py:150} INFO - [2024-12-04T10:01:36.029+0000] {dagbag.py:541} INFO - Filling up the DagBag from /opt/airflow/dags/weather_to_duckdb.py
[2024-12-04T10:01:36.644+0000] {processor.py:836} INFO - DAG(s) dict_keys(['process_weather_data']) retrieved from /opt/airflow/dags/weather_to_duckdb.py
[2024-12-04T10:01:36.669+0000] {logging_mixin.py:150} INFO - [2024-12-04T10:01:36.668+0000] {dag.py:2742} INFO - Sync 1 DAGs
[2024-12-04T10:01:36.691+0000] {logging_mixin.py:150} INFO - [2024-12-04T10:01:36.690+0000] {dag.py:3508} INFO - Setting next_dagrun for process_weather_data to None, run_after=None
[2024-12-04T10:01:36.713+0000] {processor.py:179} INFO - Processing /opt/airflow/dags/weather_to_duckdb.py took 0.691 seconds
[2024-12-04T10:02:06.856+0000] {processor.py:157} INFO - Started process (PID=1439) to work on /opt/airflow/dags/weather_to_duckdb.py
[2024-12-04T10:02:06.857+0000] {processor.py:826} INFO - Processing file /opt/airflow/dags/weather_to_duckdb.py for tasks to queue
[2024-12-04T10:02:06.858+0000] {logging_mixin.py:150} INFO - [2024-12-04T10:02:06.858+0000] {dagbag.py:541} INFO - Filling up the DagBag from /opt/airflow/dags/weather_to_duckdb.py
[2024-12-04T10:02:07.374+0000] {processor.py:836} INFO - DAG(s) dict_keys(['process_weather_data']) retrieved from /opt/airflow/dags/weather_to_duckdb.py
[2024-12-04T10:02:07.411+0000] {logging_mixin.py:150} INFO - [2024-12-04T10:02:07.410+0000] {dag.py:2742} INFO - Sync 1 DAGs
[2024-12-04T10:02:07.443+0000] {logging_mixin.py:150} INFO - [2024-12-04T10:02:07.443+0000] {dag.py:3508} INFO - Setting next_dagrun for process_weather_data to None, run_after=None
[2024-12-04T10:02:07.473+0000] {processor.py:179} INFO - Processing /opt/airflow/dags/weather_to_duckdb.py took 0.621 seconds
[2024-12-04T10:02:37.968+0000] {processor.py:157} INFO - Started process (PID=1574) to work on /opt/airflow/dags/weather_to_duckdb.py
[2024-12-04T10:02:37.969+0000] {processor.py:826} INFO - Processing file /opt/airflow/dags/weather_to_duckdb.py for tasks to queue
[2024-12-04T10:02:37.970+0000] {logging_mixin.py:150} INFO - [2024-12-04T10:02:37.970+0000] {dagbag.py:541} INFO - Filling up the DagBag from /opt/airflow/dags/weather_to_duckdb.py
[2024-12-04T10:02:38.344+0000] {processor.py:836} INFO - DAG(s) dict_keys(['process_weather_data']) retrieved from /opt/airflow/dags/weather_to_duckdb.py
[2024-12-04T10:02:38.374+0000] {logging_mixin.py:150} INFO - [2024-12-04T10:02:38.374+0000] {dag.py:2742} INFO - Sync 1 DAGs
[2024-12-04T10:02:38.399+0000] {logging_mixin.py:150} INFO - [2024-12-04T10:02:38.399+0000] {dag.py:3508} INFO - Setting next_dagrun for process_weather_data to None, run_after=None
[2024-12-04T10:02:38.441+0000] {processor.py:179} INFO - Processing /opt/airflow/dags/weather_to_duckdb.py took 0.476 seconds
[2024-12-04T10:03:08.986+0000] {processor.py:157} INFO - Started process (PID=1709) to work on /opt/airflow/dags/weather_to_duckdb.py
[2024-12-04T10:03:08.988+0000] {processor.py:826} INFO - Processing file /opt/airflow/dags/weather_to_duckdb.py for tasks to queue
[2024-12-04T10:03:08.988+0000] {logging_mixin.py:150} INFO - [2024-12-04T10:03:08.988+0000] {dagbag.py:541} INFO - Filling up the DagBag from /opt/airflow/dags/weather_to_duckdb.py
[2024-12-04T10:03:09.369+0000] {processor.py:836} INFO - DAG(s) dict_keys(['process_weather_data']) retrieved from /opt/airflow/dags/weather_to_duckdb.py
[2024-12-04T10:03:09.412+0000] {logging_mixin.py:150} INFO - [2024-12-04T10:03:09.411+0000] {dag.py:2742} INFO - Sync 1 DAGs
[2024-12-04T10:03:09.447+0000] {logging_mixin.py:150} INFO - [2024-12-04T10:03:09.447+0000] {dag.py:3508} INFO - Setting next_dagrun for process_weather_data to None, run_after=None
[2024-12-04T10:03:09.495+0000] {processor.py:179} INFO - Processing /opt/airflow/dags/weather_to_duckdb.py took 0.511 seconds
[2024-12-04T10:03:39.879+0000] {processor.py:157} INFO - Started process (PID=1886) to work on /opt/airflow/dags/weather_to_duckdb.py
[2024-12-04T10:03:39.880+0000] {processor.py:826} INFO - Processing file /opt/airflow/dags/weather_to_duckdb.py for tasks to queue
[2024-12-04T10:03:39.882+0000] {logging_mixin.py:150} INFO - [2024-12-04T10:03:39.881+0000] {dagbag.py:541} INFO - Filling up the DagBag from /opt/airflow/dags/weather_to_duckdb.py
[2024-12-04T10:03:40.297+0000] {processor.py:836} INFO - DAG(s) dict_keys(['process_weather_data']) retrieved from /opt/airflow/dags/weather_to_duckdb.py
[2024-12-04T10:03:40.325+0000] {logging_mixin.py:150} INFO - [2024-12-04T10:03:40.325+0000] {dag.py:2742} INFO - Sync 1 DAGs
[2024-12-04T10:03:40.347+0000] {logging_mixin.py:150} INFO - [2024-12-04T10:03:40.346+0000] {dag.py:3508} INFO - Setting next_dagrun for process_weather_data to None, run_after=None
[2024-12-04T10:03:40.366+0000] {processor.py:179} INFO - Processing /opt/airflow/dags/weather_to_duckdb.py took 0.491 seconds
[2024-12-04T10:04:10.526+0000] {processor.py:157} INFO - Started process (PID=2021) to work on /opt/airflow/dags/weather_to_duckdb.py
[2024-12-04T10:04:10.527+0000] {processor.py:826} INFO - Processing file /opt/airflow/dags/weather_to_duckdb.py for tasks to queue
[2024-12-04T10:04:10.528+0000] {logging_mixin.py:150} INFO - [2024-12-04T10:04:10.528+0000] {dagbag.py:541} INFO - Filling up the DagBag from /opt/airflow/dags/weather_to_duckdb.py
[2024-12-04T10:04:10.907+0000] {processor.py:836} INFO - DAG(s) dict_keys(['process_weather_data']) retrieved from /opt/airflow/dags/weather_to_duckdb.py
[2024-12-04T10:04:10.936+0000] {logging_mixin.py:150} INFO - [2024-12-04T10:04:10.936+0000] {dag.py:2742} INFO - Sync 1 DAGs
[2024-12-04T10:04:10.959+0000] {logging_mixin.py:150} INFO - [2024-12-04T10:04:10.959+0000] {dag.py:3508} INFO - Setting next_dagrun for process_weather_data to None, run_after=None
[2024-12-04T10:04:10.979+0000] {processor.py:179} INFO - Processing /opt/airflow/dags/weather_to_duckdb.py took 0.456 seconds
[2024-12-04T10:04:41.247+0000] {processor.py:157} INFO - Started process (PID=2156) to work on /opt/airflow/dags/weather_to_duckdb.py
[2024-12-04T10:04:41.248+0000] {processor.py:826} INFO - Processing file /opt/airflow/dags/weather_to_duckdb.py for tasks to queue
[2024-12-04T10:04:41.249+0000] {logging_mixin.py:150} INFO - [2024-12-04T10:04:41.249+0000] {dagbag.py:541} INFO - Filling up the DagBag from /opt/airflow/dags/weather_to_duckdb.py
[2024-12-04T10:04:41.727+0000] {processor.py:836} INFO - DAG(s) dict_keys(['process_weather_data']) retrieved from /opt/airflow/dags/weather_to_duckdb.py
[2024-12-04T10:04:41.765+0000] {logging_mixin.py:150} INFO - [2024-12-04T10:04:41.764+0000] {dag.py:2742} INFO - Sync 1 DAGs
[2024-12-04T10:04:41.803+0000] {logging_mixin.py:150} INFO - [2024-12-04T10:04:41.803+0000] {dag.py:3508} INFO - Setting next_dagrun for process_weather_data to None, run_after=None
[2024-12-04T10:04:41.836+0000] {processor.py:179} INFO - Processing /opt/airflow/dags/weather_to_duckdb.py took 0.592 seconds
[2024-12-04T10:05:12.177+0000] {processor.py:157} INFO - Started process (PID=2291) to work on /opt/airflow/dags/weather_to_duckdb.py
[2024-12-04T10:05:12.178+0000] {processor.py:826} INFO - Processing file /opt/airflow/dags/weather_to_duckdb.py for tasks to queue
[2024-12-04T10:05:12.179+0000] {logging_mixin.py:150} INFO - [2024-12-04T10:05:12.179+0000] {dagbag.py:541} INFO - Filling up the DagBag from /opt/airflow/dags/weather_to_duckdb.py
[2024-12-04T10:05:12.695+0000] {processor.py:836} INFO - DAG(s) dict_keys(['process_weather_data']) retrieved from /opt/airflow/dags/weather_to_duckdb.py
[2024-12-04T10:05:12.732+0000] {logging_mixin.py:150} INFO - [2024-12-04T10:05:12.732+0000] {dag.py:2742} INFO - Sync 1 DAGs
[2024-12-04T10:05:12.763+0000] {logging_mixin.py:150} INFO - [2024-12-04T10:05:12.763+0000] {dag.py:3508} INFO - Setting next_dagrun for process_weather_data to None, run_after=None
[2024-12-04T10:05:12.794+0000] {processor.py:179} INFO - Processing /opt/airflow/dags/weather_to_duckdb.py took 0.620 seconds
[2024-12-04T10:05:42.888+0000] {processor.py:157} INFO - Started process (PID=2426) to work on /opt/airflow/dags/weather_to_duckdb.py
[2024-12-04T10:05:42.889+0000] {processor.py:826} INFO - Processing file /opt/airflow/dags/weather_to_duckdb.py for tasks to queue
[2024-12-04T10:05:42.890+0000] {logging_mixin.py:150} INFO - [2024-12-04T10:05:42.890+0000] {dagbag.py:541} INFO - Filling up the DagBag from /opt/airflow/dags/weather_to_duckdb.py
[2024-12-04T10:05:43.291+0000] {processor.py:836} INFO - DAG(s) dict_keys(['process_weather_data']) retrieved from /opt/airflow/dags/weather_to_duckdb.py
[2024-12-04T10:05:43.313+0000] {logging_mixin.py:150} INFO - [2024-12-04T10:05:43.313+0000] {dag.py:2742} INFO - Sync 1 DAGs
[2024-12-04T10:05:43.335+0000] {logging_mixin.py:150} INFO - [2024-12-04T10:05:43.335+0000] {dag.py:3508} INFO - Setting next_dagrun for process_weather_data to None, run_after=None
[2024-12-04T10:05:43.381+0000] {processor.py:179} INFO - Processing /opt/airflow/dags/weather_to_duckdb.py took 0.495 seconds
[2024-12-04T10:06:13.781+0000] {processor.py:157} INFO - Started process (PID=2561) to work on /opt/airflow/dags/weather_to_duckdb.py
[2024-12-04T10:06:13.782+0000] {processor.py:826} INFO - Processing file /opt/airflow/dags/weather_to_duckdb.py for tasks to queue
[2024-12-04T10:06:13.783+0000] {logging_mixin.py:150} INFO - [2024-12-04T10:06:13.782+0000] {dagbag.py:541} INFO - Filling up the DagBag from /opt/airflow/dags/weather_to_duckdb.py
[2024-12-04T10:06:14.211+0000] {processor.py:836} INFO - DAG(s) dict_keys(['process_weather_data']) retrieved from /opt/airflow/dags/weather_to_duckdb.py
[2024-12-04T10:06:14.237+0000] {logging_mixin.py:150} INFO - [2024-12-04T10:06:14.237+0000] {dag.py:2742} INFO - Sync 1 DAGs
[2024-12-04T10:06:14.260+0000] {logging_mixin.py:150} INFO - [2024-12-04T10:06:14.259+0000] {dag.py:3508} INFO - Setting next_dagrun for process_weather_data to None, run_after=None
[2024-12-04T10:06:14.281+0000] {processor.py:179} INFO - Processing /opt/airflow/dags/weather_to_duckdb.py took 0.503 seconds
[2024-12-04T10:06:44.356+0000] {processor.py:157} INFO - Started process (PID=2696) to work on /opt/airflow/dags/weather_to_duckdb.py
[2024-12-04T10:06:44.357+0000] {processor.py:826} INFO - Processing file /opt/airflow/dags/weather_to_duckdb.py for tasks to queue
[2024-12-04T10:06:44.359+0000] {logging_mixin.py:150} INFO - [2024-12-04T10:06:44.359+0000] {dagbag.py:541} INFO - Filling up the DagBag from /opt/airflow/dags/weather_to_duckdb.py
[2024-12-04T10:06:44.767+0000] {processor.py:836} INFO - DAG(s) dict_keys(['process_weather_data']) retrieved from /opt/airflow/dags/weather_to_duckdb.py
[2024-12-04T10:06:44.800+0000] {logging_mixin.py:150} INFO - [2024-12-04T10:06:44.800+0000] {dag.py:2742} INFO - Sync 1 DAGs
[2024-12-04T10:06:44.827+0000] {logging_mixin.py:150} INFO - [2024-12-04T10:06:44.827+0000] {dag.py:3508} INFO - Setting next_dagrun for process_weather_data to None, run_after=None
[2024-12-04T10:06:44.859+0000] {processor.py:179} INFO - Processing /opt/airflow/dags/weather_to_duckdb.py took 0.508 seconds
[2024-12-04T10:07:15.180+0000] {processor.py:157} INFO - Started process (PID=2831) to work on /opt/airflow/dags/weather_to_duckdb.py
[2024-12-04T10:07:15.181+0000] {processor.py:826} INFO - Processing file /opt/airflow/dags/weather_to_duckdb.py for tasks to queue
[2024-12-04T10:07:15.182+0000] {logging_mixin.py:150} INFO - [2024-12-04T10:07:15.182+0000] {dagbag.py:541} INFO - Filling up the DagBag from /opt/airflow/dags/weather_to_duckdb.py
[2024-12-04T10:07:15.528+0000] {processor.py:836} INFO - DAG(s) dict_keys(['process_weather_data']) retrieved from /opt/airflow/dags/weather_to_duckdb.py
[2024-12-04T10:07:15.550+0000] {logging_mixin.py:150} INFO - [2024-12-04T10:07:15.549+0000] {dag.py:2742} INFO - Sync 1 DAGs
[2024-12-04T10:07:15.569+0000] {logging_mixin.py:150} INFO - [2024-12-04T10:07:15.568+0000] {dag.py:3508} INFO - Setting next_dagrun for process_weather_data to None, run_after=None
[2024-12-04T10:07:15.585+0000] {processor.py:179} INFO - Processing /opt/airflow/dags/weather_to_duckdb.py took 0.407 seconds
[2024-12-04T10:07:46.483+0000] {processor.py:157} INFO - Started process (PID=2966) to work on /opt/airflow/dags/weather_to_duckdb.py
[2024-12-04T10:07:46.484+0000] {processor.py:826} INFO - Processing file /opt/airflow/dags/weather_to_duckdb.py for tasks to queue
[2024-12-04T10:07:46.485+0000] {logging_mixin.py:150} INFO - [2024-12-04T10:07:46.485+0000] {dagbag.py:541} INFO - Filling up the DagBag from /opt/airflow/dags/weather_to_duckdb.py
[2024-12-04T10:07:46.846+0000] {processor.py:836} INFO - DAG(s) dict_keys(['process_weather_data']) retrieved from /opt/airflow/dags/weather_to_duckdb.py
[2024-12-04T10:07:46.885+0000] {logging_mixin.py:150} INFO - [2024-12-04T10:07:46.884+0000] {dag.py:2742} INFO - Sync 1 DAGs
[2024-12-04T10:07:46.915+0000] {logging_mixin.py:150} INFO - [2024-12-04T10:07:46.914+0000] {dag.py:3508} INFO - Setting next_dagrun for process_weather_data to None, run_after=None
[2024-12-04T10:07:46.943+0000] {processor.py:179} INFO - Processing /opt/airflow/dags/weather_to_duckdb.py took 0.463 seconds
[2024-12-04T10:08:17.166+0000] {processor.py:157} INFO - Started process (PID=3101) to work on /opt/airflow/dags/weather_to_duckdb.py
[2024-12-04T10:08:17.167+0000] {processor.py:826} INFO - Processing file /opt/airflow/dags/weather_to_duckdb.py for tasks to queue
[2024-12-04T10:08:17.169+0000] {logging_mixin.py:150} INFO - [2024-12-04T10:08:17.168+0000] {dagbag.py:541} INFO - Filling up the DagBag from /opt/airflow/dags/weather_to_duckdb.py
[2024-12-04T10:08:17.645+0000] {processor.py:836} INFO - DAG(s) dict_keys(['process_weather_data']) retrieved from /opt/airflow/dags/weather_to_duckdb.py
[2024-12-04T10:08:17.685+0000] {logging_mixin.py:150} INFO - [2024-12-04T10:08:17.684+0000] {dag.py:2742} INFO - Sync 1 DAGs
[2024-12-04T10:08:17.713+0000] {logging_mixin.py:150} INFO - [2024-12-04T10:08:17.713+0000] {dag.py:3508} INFO - Setting next_dagrun for process_weather_data to None, run_after=None
[2024-12-04T10:08:17.763+0000] {processor.py:179} INFO - Processing /opt/airflow/dags/weather_to_duckdb.py took 0.602 seconds
[2024-12-04T10:08:48.128+0000] {processor.py:157} INFO - Started process (PID=3236) to work on /opt/airflow/dags/weather_to_duckdb.py
[2024-12-04T10:08:48.130+0000] {processor.py:826} INFO - Processing file /opt/airflow/dags/weather_to_duckdb.py for tasks to queue
[2024-12-04T10:08:48.131+0000] {logging_mixin.py:150} INFO - [2024-12-04T10:08:48.131+0000] {dagbag.py:541} INFO - Filling up the DagBag from /opt/airflow/dags/weather_to_duckdb.py
[2024-12-04T10:08:48.689+0000] {processor.py:836} INFO - DAG(s) dict_keys(['process_weather_data']) retrieved from /opt/airflow/dags/weather_to_duckdb.py
[2024-12-04T10:08:48.734+0000] {logging_mixin.py:150} INFO - [2024-12-04T10:08:48.733+0000] {dag.py:2742} INFO - Sync 1 DAGs
[2024-12-04T10:08:48.766+0000] {logging_mixin.py:150} INFO - [2024-12-04T10:08:48.766+0000] {dag.py:3508} INFO - Setting next_dagrun for process_weather_data to None, run_after=None
[2024-12-04T10:08:48.790+0000] {processor.py:179} INFO - Processing /opt/airflow/dags/weather_to_duckdb.py took 0.669 seconds
[2024-12-04T10:09:19.301+0000] {processor.py:157} INFO - Started process (PID=3371) to work on /opt/airflow/dags/weather_to_duckdb.py
[2024-12-04T10:09:19.302+0000] {processor.py:826} INFO - Processing file /opt/airflow/dags/weather_to_duckdb.py for tasks to queue
[2024-12-04T10:09:19.304+0000] {logging_mixin.py:150} INFO - [2024-12-04T10:09:19.303+0000] {dagbag.py:541} INFO - Filling up the DagBag from /opt/airflow/dags/weather_to_duckdb.py
[2024-12-04T10:09:19.786+0000] {processor.py:836} INFO - DAG(s) dict_keys(['process_weather_data']) retrieved from /opt/airflow/dags/weather_to_duckdb.py
[2024-12-04T10:09:19.817+0000] {logging_mixin.py:150} INFO - [2024-12-04T10:09:19.816+0000] {dag.py:2742} INFO - Sync 1 DAGs
[2024-12-04T10:09:19.842+0000] {logging_mixin.py:150} INFO - [2024-12-04T10:09:19.842+0000] {dag.py:3508} INFO - Setting next_dagrun for process_weather_data to None, run_after=None
[2024-12-04T10:09:19.871+0000] {processor.py:179} INFO - Processing /opt/airflow/dags/weather_to_duckdb.py took 0.574 seconds
[2024-12-04T10:09:50.438+0000] {processor.py:157} INFO - Started process (PID=3506) to work on /opt/airflow/dags/weather_to_duckdb.py
[2024-12-04T10:09:50.439+0000] {processor.py:826} INFO - Processing file /opt/airflow/dags/weather_to_duckdb.py for tasks to queue
[2024-12-04T10:09:50.440+0000] {logging_mixin.py:150} INFO - [2024-12-04T10:09:50.440+0000] {dagbag.py:541} INFO - Filling up the DagBag from /opt/airflow/dags/weather_to_duckdb.py
[2024-12-04T10:09:50.886+0000] {processor.py:836} INFO - DAG(s) dict_keys(['process_weather_data']) retrieved from /opt/airflow/dags/weather_to_duckdb.py
[2024-12-04T10:09:50.935+0000] {logging_mixin.py:150} INFO - [2024-12-04T10:09:50.935+0000] {dag.py:2742} INFO - Sync 1 DAGs
[2024-12-04T10:09:50.970+0000] {logging_mixin.py:150} INFO - [2024-12-04T10:09:50.970+0000] {dag.py:3508} INFO - Setting next_dagrun for process_weather_data to None, run_after=None
[2024-12-04T10:09:50.995+0000] {processor.py:179} INFO - Processing /opt/airflow/dags/weather_to_duckdb.py took 0.560 seconds
[2024-12-04T10:10:21.072+0000] {processor.py:157} INFO - Started process (PID=3641) to work on /opt/airflow/dags/weather_to_duckdb.py
[2024-12-04T10:10:21.073+0000] {processor.py:826} INFO - Processing file /opt/airflow/dags/weather_to_duckdb.py for tasks to queue
[2024-12-04T10:10:21.074+0000] {logging_mixin.py:150} INFO - [2024-12-04T10:10:21.074+0000] {dagbag.py:541} INFO - Filling up the DagBag from /opt/airflow/dags/weather_to_duckdb.py
[2024-12-04T10:10:21.478+0000] {processor.py:836} INFO - DAG(s) dict_keys(['process_weather_data']) retrieved from /opt/airflow/dags/weather_to_duckdb.py
[2024-12-04T10:10:21.501+0000] {logging_mixin.py:150} INFO - [2024-12-04T10:10:21.500+0000] {dag.py:2742} INFO - Sync 1 DAGs
[2024-12-04T10:10:21.525+0000] {logging_mixin.py:150} INFO - [2024-12-04T10:10:21.525+0000] {dag.py:3508} INFO - Setting next_dagrun for process_weather_data to None, run_after=None
[2024-12-04T10:10:21.545+0000] {processor.py:179} INFO - Processing /opt/airflow/dags/weather_to_duckdb.py took 0.476 seconds
[2024-12-04T10:10:51.595+0000] {processor.py:157} INFO - Started process (PID=3776) to work on /opt/airflow/dags/weather_to_duckdb.py
[2024-12-04T10:10:51.597+0000] {processor.py:826} INFO - Processing file /opt/airflow/dags/weather_to_duckdb.py for tasks to queue
[2024-12-04T10:10:51.598+0000] {logging_mixin.py:150} INFO - [2024-12-04T10:10:51.598+0000] {dagbag.py:541} INFO - Filling up the DagBag from /opt/airflow/dags/weather_to_duckdb.py
[2024-12-04T10:10:52.096+0000] {processor.py:836} INFO - DAG(s) dict_keys(['process_weather_data']) retrieved from /opt/airflow/dags/weather_to_duckdb.py
[2024-12-04T10:10:52.136+0000] {logging_mixin.py:150} INFO - [2024-12-04T10:10:52.136+0000] {dag.py:2742} INFO - Sync 1 DAGs
[2024-12-04T10:10:52.174+0000] {logging_mixin.py:150} INFO - [2024-12-04T10:10:52.174+0000] {dag.py:3508} INFO - Setting next_dagrun for process_weather_data to None, run_after=None
[2024-12-04T10:10:52.201+0000] {processor.py:179} INFO - Processing /opt/airflow/dags/weather_to_duckdb.py took 0.610 seconds
[2024-12-04T10:11:22.392+0000] {processor.py:157} INFO - Started process (PID=3911) to work on /opt/airflow/dags/weather_to_duckdb.py
[2024-12-04T10:11:22.394+0000] {processor.py:826} INFO - Processing file /opt/airflow/dags/weather_to_duckdb.py for tasks to queue
[2024-12-04T10:11:22.395+0000] {logging_mixin.py:150} INFO - [2024-12-04T10:11:22.394+0000] {dagbag.py:541} INFO - Filling up the DagBag from /opt/airflow/dags/weather_to_duckdb.py
[2024-12-04T10:11:22.977+0000] {processor.py:836} INFO - DAG(s) dict_keys(['process_weather_data']) retrieved from /opt/airflow/dags/weather_to_duckdb.py
[2024-12-04T10:11:23.019+0000] {logging_mixin.py:150} INFO - [2024-12-04T10:11:23.019+0000] {dag.py:2742} INFO - Sync 1 DAGs
[2024-12-04T10:11:23.062+0000] {logging_mixin.py:150} INFO - [2024-12-04T10:11:23.061+0000] {dag.py:3508} INFO - Setting next_dagrun for process_weather_data to None, run_after=None
[2024-12-04T10:11:23.106+0000] {processor.py:179} INFO - Processing /opt/airflow/dags/weather_to_duckdb.py took 0.717 seconds
[2024-12-04T10:11:53.334+0000] {processor.py:157} INFO - Started process (PID=4046) to work on /opt/airflow/dags/weather_to_duckdb.py
[2024-12-04T10:11:53.336+0000] {processor.py:826} INFO - Processing file /opt/airflow/dags/weather_to_duckdb.py for tasks to queue
[2024-12-04T10:11:53.337+0000] {logging_mixin.py:150} INFO - [2024-12-04T10:11:53.336+0000] {dagbag.py:541} INFO - Filling up the DagBag from /opt/airflow/dags/weather_to_duckdb.py
[2024-12-04T10:11:53.715+0000] {processor.py:836} INFO - DAG(s) dict_keys(['process_weather_data']) retrieved from /opt/airflow/dags/weather_to_duckdb.py
[2024-12-04T10:11:53.748+0000] {logging_mixin.py:150} INFO - [2024-12-04T10:11:53.747+0000] {dag.py:2742} INFO - Sync 1 DAGs
[2024-12-04T10:11:53.770+0000] {logging_mixin.py:150} INFO - [2024-12-04T10:11:53.770+0000] {dag.py:3508} INFO - Setting next_dagrun for process_weather_data to None, run_after=None
[2024-12-04T10:11:53.789+0000] {processor.py:179} INFO - Processing /opt/airflow/dags/weather_to_duckdb.py took 0.460 seconds
[2024-12-04T10:12:24.389+0000] {processor.py:157} INFO - Started process (PID=4181) to work on /opt/airflow/dags/weather_to_duckdb.py
[2024-12-04T10:12:24.391+0000] {processor.py:826} INFO - Processing file /opt/airflow/dags/weather_to_duckdb.py for tasks to queue
[2024-12-04T10:12:24.392+0000] {logging_mixin.py:150} INFO - [2024-12-04T10:12:24.391+0000] {dagbag.py:541} INFO - Filling up the DagBag from /opt/airflow/dags/weather_to_duckdb.py
[2024-12-04T10:12:24.913+0000] {processor.py:836} INFO - DAG(s) dict_keys(['process_weather_data']) retrieved from /opt/airflow/dags/weather_to_duckdb.py
[2024-12-04T10:12:24.952+0000] {logging_mixin.py:150} INFO - [2024-12-04T10:12:24.951+0000] {dag.py:2742} INFO - Sync 1 DAGs
[2024-12-04T10:12:24.985+0000] {logging_mixin.py:150} INFO - [2024-12-04T10:12:24.984+0000] {dag.py:3508} INFO - Setting next_dagrun for process_weather_data to None, run_after=None
[2024-12-04T10:12:25.021+0000] {processor.py:179} INFO - Processing /opt/airflow/dags/weather_to_duckdb.py took 0.636 seconds
[2024-12-04T10:12:55.346+0000] {processor.py:157} INFO - Started process (PID=4316) to work on /opt/airflow/dags/weather_to_duckdb.py
[2024-12-04T10:12:55.348+0000] {processor.py:826} INFO - Processing file /opt/airflow/dags/weather_to_duckdb.py for tasks to queue
[2024-12-04T10:12:55.348+0000] {logging_mixin.py:150} INFO - [2024-12-04T10:12:55.348+0000] {dagbag.py:541} INFO - Filling up the DagBag from /opt/airflow/dags/weather_to_duckdb.py
[2024-12-04T10:12:55.845+0000] {processor.py:836} INFO - DAG(s) dict_keys(['process_weather_data']) retrieved from /opt/airflow/dags/weather_to_duckdb.py
[2024-12-04T10:12:55.881+0000] {logging_mixin.py:150} INFO - [2024-12-04T10:12:55.880+0000] {dag.py:2742} INFO - Sync 1 DAGs
[2024-12-04T10:12:55.918+0000] {logging_mixin.py:150} INFO - [2024-12-04T10:12:55.917+0000] {dag.py:3508} INFO - Setting next_dagrun for process_weather_data to None, run_after=None
[2024-12-04T10:12:55.961+0000] {processor.py:179} INFO - Processing /opt/airflow/dags/weather_to_duckdb.py took 0.618 seconds
[2024-12-04T10:13:26.451+0000] {processor.py:157} INFO - Started process (PID=4451) to work on /opt/airflow/dags/weather_to_duckdb.py
[2024-12-04T10:13:26.453+0000] {processor.py:826} INFO - Processing file /opt/airflow/dags/weather_to_duckdb.py for tasks to queue
[2024-12-04T10:13:26.454+0000] {logging_mixin.py:150} INFO - [2024-12-04T10:13:26.454+0000] {dagbag.py:541} INFO - Filling up the DagBag from /opt/airflow/dags/weather_to_duckdb.py
[2024-12-04T10:13:26.917+0000] {processor.py:836} INFO - DAG(s) dict_keys(['process_weather_data']) retrieved from /opt/airflow/dags/weather_to_duckdb.py
[2024-12-04T10:13:26.947+0000] {logging_mixin.py:150} INFO - [2024-12-04T10:13:26.946+0000] {dag.py:2742} INFO - Sync 1 DAGs
[2024-12-04T10:13:26.976+0000] {logging_mixin.py:150} INFO - [2024-12-04T10:13:26.976+0000] {dag.py:3508} INFO - Setting next_dagrun for process_weather_data to None, run_after=None
[2024-12-04T10:13:27.023+0000] {processor.py:179} INFO - Processing /opt/airflow/dags/weather_to_duckdb.py took 0.575 seconds
[2024-12-04T10:13:57.721+0000] {processor.py:157} INFO - Started process (PID=4586) to work on /opt/airflow/dags/weather_to_duckdb.py
[2024-12-04T10:13:57.722+0000] {processor.py:826} INFO - Processing file /opt/airflow/dags/weather_to_duckdb.py for tasks to queue
[2024-12-04T10:13:57.723+0000] {logging_mixin.py:150} INFO - [2024-12-04T10:13:57.723+0000] {dagbag.py:541} INFO - Filling up the DagBag from /opt/airflow/dags/weather_to_duckdb.py
[2024-12-04T10:13:58.145+0000] {processor.py:836} INFO - DAG(s) dict_keys(['process_weather_data']) retrieved from /opt/airflow/dags/weather_to_duckdb.py
[2024-12-04T10:13:58.177+0000] {logging_mixin.py:150} INFO - [2024-12-04T10:13:58.177+0000] {dag.py:2742} INFO - Sync 1 DAGs
[2024-12-04T10:13:58.202+0000] {logging_mixin.py:150} INFO - [2024-12-04T10:13:58.202+0000] {dag.py:3508} INFO - Setting next_dagrun for process_weather_data to None, run_after=None
[2024-12-04T10:13:58.233+0000] {processor.py:179} INFO - Processing /opt/airflow/dags/weather_to_duckdb.py took 0.517 seconds
[2024-12-04T10:14:28.545+0000] {processor.py:157} INFO - Started process (PID=4721) to work on /opt/airflow/dags/weather_to_duckdb.py
[2024-12-04T10:14:28.546+0000] {processor.py:826} INFO - Processing file /opt/airflow/dags/weather_to_duckdb.py for tasks to queue
[2024-12-04T10:14:28.547+0000] {logging_mixin.py:150} INFO - [2024-12-04T10:14:28.547+0000] {dagbag.py:541} INFO - Filling up the DagBag from /opt/airflow/dags/weather_to_duckdb.py
[2024-12-04T10:14:29.010+0000] {processor.py:836} INFO - DAG(s) dict_keys(['process_weather_data']) retrieved from /opt/airflow/dags/weather_to_duckdb.py
[2024-12-04T10:14:29.042+0000] {logging_mixin.py:150} INFO - [2024-12-04T10:14:29.041+0000] {dag.py:2742} INFO - Sync 1 DAGs
[2024-12-04T10:14:29.069+0000] {logging_mixin.py:150} INFO - [2024-12-04T10:14:29.069+0000] {dag.py:3508} INFO - Setting next_dagrun for process_weather_data to None, run_after=None
[2024-12-04T10:14:29.097+0000] {processor.py:179} INFO - Processing /opt/airflow/dags/weather_to_duckdb.py took 0.554 seconds
[2024-12-04T10:14:59.299+0000] {processor.py:157} INFO - Started process (PID=4856) to work on /opt/airflow/dags/weather_to_duckdb.py
[2024-12-04T10:14:59.301+0000] {processor.py:826} INFO - Processing file /opt/airflow/dags/weather_to_duckdb.py for tasks to queue
[2024-12-04T10:14:59.302+0000] {logging_mixin.py:150} INFO - [2024-12-04T10:14:59.301+0000] {dagbag.py:541} INFO - Filling up the DagBag from /opt/airflow/dags/weather_to_duckdb.py
[2024-12-04T10:14:59.716+0000] {processor.py:836} INFO - DAG(s) dict_keys(['process_weather_data']) retrieved from /opt/airflow/dags/weather_to_duckdb.py
[2024-12-04T10:14:59.747+0000] {logging_mixin.py:150} INFO - [2024-12-04T10:14:59.747+0000] {dag.py:2742} INFO - Sync 1 DAGs
[2024-12-04T10:14:59.773+0000] {logging_mixin.py:150} INFO - [2024-12-04T10:14:59.772+0000] {dag.py:3508} INFO - Setting next_dagrun for process_weather_data to None, run_after=None
[2024-12-04T10:14:59.811+0000] {processor.py:179} INFO - Processing /opt/airflow/dags/weather_to_duckdb.py took 0.515 seconds
[2024-12-04T10:15:30.262+0000] {processor.py:157} INFO - Started process (PID=4991) to work on /opt/airflow/dags/weather_to_duckdb.py
[2024-12-04T10:15:30.265+0000] {processor.py:826} INFO - Processing file /opt/airflow/dags/weather_to_duckdb.py for tasks to queue
[2024-12-04T10:15:30.266+0000] {logging_mixin.py:150} INFO - [2024-12-04T10:15:30.266+0000] {dagbag.py:541} INFO - Filling up the DagBag from /opt/airflow/dags/weather_to_duckdb.py
[2024-12-04T10:15:30.717+0000] {processor.py:836} INFO - DAG(s) dict_keys(['process_weather_data']) retrieved from /opt/airflow/dags/weather_to_duckdb.py
[2024-12-04T10:15:30.746+0000] {logging_mixin.py:150} INFO - [2024-12-04T10:15:30.746+0000] {dag.py:2742} INFO - Sync 1 DAGs
[2024-12-04T10:15:30.771+0000] {logging_mixin.py:150} INFO - [2024-12-04T10:15:30.771+0000] {dag.py:3508} INFO - Setting next_dagrun for process_weather_data to None, run_after=None
[2024-12-04T10:15:30.802+0000] {processor.py:179} INFO - Processing /opt/airflow/dags/weather_to_duckdb.py took 0.544 seconds
[2024-12-04T10:16:01.276+0000] {processor.py:157} INFO - Started process (PID=5126) to work on /opt/airflow/dags/weather_to_duckdb.py
[2024-12-04T10:16:01.278+0000] {processor.py:826} INFO - Processing file /opt/airflow/dags/weather_to_duckdb.py for tasks to queue
[2024-12-04T10:16:01.279+0000] {logging_mixin.py:150} INFO - [2024-12-04T10:16:01.279+0000] {dagbag.py:541} INFO - Filling up the DagBag from /opt/airflow/dags/weather_to_duckdb.py
[2024-12-04T10:16:01.690+0000] {processor.py:836} INFO - DAG(s) dict_keys(['process_weather_data']) retrieved from /opt/airflow/dags/weather_to_duckdb.py
[2024-12-04T10:16:01.719+0000] {logging_mixin.py:150} INFO - [2024-12-04T10:16:01.718+0000] {dag.py:2742} INFO - Sync 1 DAGs
[2024-12-04T10:16:01.745+0000] {logging_mixin.py:150} INFO - [2024-12-04T10:16:01.745+0000] {dag.py:3508} INFO - Setting next_dagrun for process_weather_data to None, run_after=None
[2024-12-04T10:16:01.768+0000] {processor.py:179} INFO - Processing /opt/airflow/dags/weather_to_duckdb.py took 0.495 seconds
[2024-12-04T10:16:32.100+0000] {processor.py:157} INFO - Started process (PID=5261) to work on /opt/airflow/dags/weather_to_duckdb.py
[2024-12-04T10:16:32.101+0000] {processor.py:826} INFO - Processing file /opt/airflow/dags/weather_to_duckdb.py for tasks to queue
[2024-12-04T10:16:32.102+0000] {logging_mixin.py:150} INFO - [2024-12-04T10:16:32.102+0000] {dagbag.py:541} INFO - Filling up the DagBag from /opt/airflow/dags/weather_to_duckdb.py
[2024-12-04T10:16:32.547+0000] {processor.py:836} INFO - DAG(s) dict_keys(['process_weather_data']) retrieved from /opt/airflow/dags/weather_to_duckdb.py
[2024-12-04T10:16:32.578+0000] {logging_mixin.py:150} INFO - [2024-12-04T10:16:32.578+0000] {dag.py:2742} INFO - Sync 1 DAGs
[2024-12-04T10:16:32.606+0000] {logging_mixin.py:150} INFO - [2024-12-04T10:16:32.605+0000] {dag.py:3508} INFO - Setting next_dagrun for process_weather_data to None, run_after=None
[2024-12-04T10:16:32.631+0000] {processor.py:179} INFO - Processing /opt/airflow/dags/weather_to_duckdb.py took 0.534 seconds
[2024-12-04T10:17:03.400+0000] {processor.py:157} INFO - Started process (PID=5396) to work on /opt/airflow/dags/weather_to_duckdb.py
[2024-12-04T10:17:03.401+0000] {processor.py:826} INFO - Processing file /opt/airflow/dags/weather_to_duckdb.py for tasks to queue
[2024-12-04T10:17:03.401+0000] {logging_mixin.py:150} INFO - [2024-12-04T10:17:03.401+0000] {dagbag.py:541} INFO - Filling up the DagBag from /opt/airflow/dags/weather_to_duckdb.py
[2024-12-04T10:17:03.787+0000] {processor.py:836} INFO - DAG(s) dict_keys(['process_weather_data']) retrieved from /opt/airflow/dags/weather_to_duckdb.py
[2024-12-04T10:17:03.818+0000] {logging_mixin.py:150} INFO - [2024-12-04T10:17:03.817+0000] {dag.py:2742} INFO - Sync 1 DAGs
[2024-12-04T10:17:03.841+0000] {logging_mixin.py:150} INFO - [2024-12-04T10:17:03.840+0000] {dag.py:3508} INFO - Setting next_dagrun for process_weather_data to None, run_after=None
[2024-12-04T10:17:03.879+0000] {processor.py:179} INFO - Processing /opt/airflow/dags/weather_to_duckdb.py took 0.482 seconds
[2024-12-04T10:17:34.242+0000] {processor.py:157} INFO - Started process (PID=5531) to work on /opt/airflow/dags/weather_to_duckdb.py
[2024-12-04T10:17:34.243+0000] {processor.py:826} INFO - Processing file /opt/airflow/dags/weather_to_duckdb.py for tasks to queue
[2024-12-04T10:17:34.245+0000] {logging_mixin.py:150} INFO - [2024-12-04T10:17:34.244+0000] {dagbag.py:541} INFO - Filling up the DagBag from /opt/airflow/dags/weather_to_duckdb.py
[2024-12-04T10:17:34.788+0000] {processor.py:836} INFO - DAG(s) dict_keys(['process_weather_data']) retrieved from /opt/airflow/dags/weather_to_duckdb.py
[2024-12-04T10:17:34.832+0000] {logging_mixin.py:150} INFO - [2024-12-04T10:17:34.831+0000] {dag.py:2742} INFO - Sync 1 DAGs
[2024-12-04T10:17:34.871+0000] {logging_mixin.py:150} INFO - [2024-12-04T10:17:34.871+0000] {dag.py:3508} INFO - Setting next_dagrun for process_weather_data to None, run_after=None
[2024-12-04T10:17:34.901+0000] {processor.py:179} INFO - Processing /opt/airflow/dags/weather_to_duckdb.py took 0.661 seconds
[2024-12-04T10:18:05.419+0000] {processor.py:157} INFO - Started process (PID=5666) to work on /opt/airflow/dags/weather_to_duckdb.py
[2024-12-04T10:18:05.420+0000] {processor.py:826} INFO - Processing file /opt/airflow/dags/weather_to_duckdb.py for tasks to queue
[2024-12-04T10:18:05.422+0000] {logging_mixin.py:150} INFO - [2024-12-04T10:18:05.421+0000] {dagbag.py:541} INFO - Filling up the DagBag from /opt/airflow/dags/weather_to_duckdb.py
[2024-12-04T10:18:05.934+0000] {processor.py:836} INFO - DAG(s) dict_keys(['process_weather_data']) retrieved from /opt/airflow/dags/weather_to_duckdb.py
[2024-12-04T10:18:05.973+0000] {logging_mixin.py:150} INFO - [2024-12-04T10:18:05.972+0000] {dag.py:2742} INFO - Sync 1 DAGs
[2024-12-04T10:18:06.014+0000] {logging_mixin.py:150} INFO - [2024-12-04T10:18:06.013+0000] {dag.py:3508} INFO - Setting next_dagrun for process_weather_data to None, run_after=None
[2024-12-04T10:18:06.051+0000] {processor.py:179} INFO - Processing /opt/airflow/dags/weather_to_duckdb.py took 0.637 seconds
[2024-12-04T10:18:36.165+0000] {processor.py:157} INFO - Started process (PID=5801) to work on /opt/airflow/dags/weather_to_duckdb.py
[2024-12-04T10:18:36.166+0000] {processor.py:826} INFO - Processing file /opt/airflow/dags/weather_to_duckdb.py for tasks to queue
[2024-12-04T10:18:36.168+0000] {logging_mixin.py:150} INFO - [2024-12-04T10:18:36.167+0000] {dagbag.py:541} INFO - Filling up the DagBag from /opt/airflow/dags/weather_to_duckdb.py
[2024-12-04T10:18:36.717+0000] {processor.py:836} INFO - DAG(s) dict_keys(['process_weather_data']) retrieved from /opt/airflow/dags/weather_to_duckdb.py
[2024-12-04T10:18:36.747+0000] {logging_mixin.py:150} INFO - [2024-12-04T10:18:36.746+0000] {dag.py:2742} INFO - Sync 1 DAGs
[2024-12-04T10:18:36.775+0000] {logging_mixin.py:150} INFO - [2024-12-04T10:18:36.775+0000] {dag.py:3508} INFO - Setting next_dagrun for process_weather_data to None, run_after=None
[2024-12-04T10:18:36.801+0000] {processor.py:179} INFO - Processing /opt/airflow/dags/weather_to_duckdb.py took 0.641 seconds
[2024-12-04T10:19:07.118+0000] {processor.py:157} INFO - Started process (PID=5936) to work on /opt/airflow/dags/weather_to_duckdb.py
[2024-12-04T10:19:07.120+0000] {processor.py:826} INFO - Processing file /opt/airflow/dags/weather_to_duckdb.py for tasks to queue
[2024-12-04T10:19:07.121+0000] {logging_mixin.py:150} INFO - [2024-12-04T10:19:07.120+0000] {dagbag.py:541} INFO - Filling up the DagBag from /opt/airflow/dags/weather_to_duckdb.py
[2024-12-04T10:19:07.699+0000] {processor.py:836} INFO - DAG(s) dict_keys(['process_weather_data']) retrieved from /opt/airflow/dags/weather_to_duckdb.py
[2024-12-04T10:19:07.738+0000] {logging_mixin.py:150} INFO - [2024-12-04T10:19:07.737+0000] {dag.py:2742} INFO - Sync 1 DAGs
[2024-12-04T10:19:07.768+0000] {logging_mixin.py:150} INFO - [2024-12-04T10:19:07.768+0000] {dag.py:3508} INFO - Setting next_dagrun for process_weather_data to None, run_after=None
[2024-12-04T10:19:07.799+0000] {processor.py:179} INFO - Processing /opt/airflow/dags/weather_to_duckdb.py took 0.684 seconds
[2024-12-04T10:20:01.823+0000] {processor.py:157} INFO - Started process (PID=236) to work on /opt/airflow/dags/weather_to_duckdb.py
[2024-12-04T10:20:01.825+0000] {processor.py:826} INFO - Processing file /opt/airflow/dags/weather_to_duckdb.py for tasks to queue
[2024-12-04T10:20:01.826+0000] {logging_mixin.py:150} INFO - [2024-12-04T10:20:01.826+0000] {dagbag.py:541} INFO - Filling up the DagBag from /opt/airflow/dags/weather_to_duckdb.py
[2024-12-04T10:20:02.505+0000] {processor.py:836} INFO - DAG(s) dict_keys(['process_weather_data']) retrieved from /opt/airflow/dags/weather_to_duckdb.py
[2024-12-04T10:20:02.537+0000] {logging_mixin.py:150} INFO - [2024-12-04T10:20:02.536+0000] {dag.py:2742} INFO - Sync 1 DAGs
[2024-12-04T10:20:02.566+0000] {logging_mixin.py:150} INFO - [2024-12-04T10:20:02.566+0000] {dag.py:3508} INFO - Setting next_dagrun for process_weather_data to None, run_after=None
[2024-12-04T10:20:02.608+0000] {processor.py:179} INFO - Processing /opt/airflow/dags/weather_to_duckdb.py took 0.793 seconds
[2024-12-04T10:20:33.275+0000] {processor.py:157} INFO - Started process (PID=391) to work on /opt/airflow/dags/weather_to_duckdb.py
[2024-12-04T10:20:33.276+0000] {processor.py:826} INFO - Processing file /opt/airflow/dags/weather_to_duckdb.py for tasks to queue
[2024-12-04T10:20:33.277+0000] {logging_mixin.py:150} INFO - [2024-12-04T10:20:33.277+0000] {dagbag.py:541} INFO - Filling up the DagBag from /opt/airflow/dags/weather_to_duckdb.py
[2024-12-04T10:20:33.758+0000] {processor.py:836} INFO - DAG(s) dict_keys(['process_weather_data']) retrieved from /opt/airflow/dags/weather_to_duckdb.py
[2024-12-04T10:20:33.781+0000] {logging_mixin.py:150} INFO - [2024-12-04T10:20:33.780+0000] {dag.py:2742} INFO - Sync 1 DAGs
[2024-12-04T10:20:33.804+0000] {logging_mixin.py:150} INFO - [2024-12-04T10:20:33.804+0000] {dag.py:3508} INFO - Setting next_dagrun for process_weather_data to None, run_after=None
[2024-12-04T10:20:33.829+0000] {processor.py:179} INFO - Processing /opt/airflow/dags/weather_to_duckdb.py took 0.557 seconds
[2024-12-04T10:21:43.318+0000] {processor.py:157} INFO - Started process (PID=237) to work on /opt/airflow/dags/weather_to_duckdb.py
[2024-12-04T10:21:43.319+0000] {processor.py:826} INFO - Processing file /opt/airflow/dags/weather_to_duckdb.py for tasks to queue
[2024-12-04T10:21:43.321+0000] {logging_mixin.py:150} INFO - [2024-12-04T10:21:43.320+0000] {dagbag.py:541} INFO - Filling up the DagBag from /opt/airflow/dags/weather_to_duckdb.py
[2024-12-04T10:21:44.001+0000] {processor.py:836} INFO - DAG(s) dict_keys(['process_weather_data']) retrieved from /opt/airflow/dags/weather_to_duckdb.py
[2024-12-04T10:21:44.035+0000] {logging_mixin.py:150} INFO - [2024-12-04T10:21:44.035+0000] {dag.py:2742} INFO - Sync 1 DAGs
[2024-12-04T10:21:44.075+0000] {logging_mixin.py:150} INFO - [2024-12-04T10:21:44.075+0000] {dag.py:3508} INFO - Setting next_dagrun for process_weather_data to None, run_after=None
[2024-12-04T10:21:44.105+0000] {processor.py:179} INFO - Processing /opt/airflow/dags/weather_to_duckdb.py took 0.792 seconds
[2024-12-04T10:22:14.901+0000] {processor.py:157} INFO - Started process (PID=391) to work on /opt/airflow/dags/weather_to_duckdb.py
[2024-12-04T10:22:14.902+0000] {processor.py:826} INFO - Processing file /opt/airflow/dags/weather_to_duckdb.py for tasks to queue
[2024-12-04T10:22:14.903+0000] {logging_mixin.py:150} INFO - [2024-12-04T10:22:14.903+0000] {dagbag.py:541} INFO - Filling up the DagBag from /opt/airflow/dags/weather_to_duckdb.py
[2024-12-04T10:22:15.493+0000] {processor.py:836} INFO - DAG(s) dict_keys(['process_weather_data']) retrieved from /opt/airflow/dags/weather_to_duckdb.py
[2024-12-04T10:22:15.521+0000] {logging_mixin.py:150} INFO - [2024-12-04T10:22:15.521+0000] {dag.py:2742} INFO - Sync 1 DAGs
[2024-12-04T10:22:15.546+0000] {logging_mixin.py:150} INFO - [2024-12-04T10:22:15.545+0000] {dag.py:3508} INFO - Setting next_dagrun for process_weather_data to None, run_after=None
[2024-12-04T10:22:15.586+0000] {processor.py:179} INFO - Processing /opt/airflow/dags/weather_to_duckdb.py took 0.689 seconds
[2024-12-04T10:22:46.290+0000] {processor.py:157} INFO - Started process (PID=526) to work on /opt/airflow/dags/weather_to_duckdb.py
[2024-12-04T10:22:46.291+0000] {processor.py:826} INFO - Processing file /opt/airflow/dags/weather_to_duckdb.py for tasks to queue
[2024-12-04T10:22:46.292+0000] {logging_mixin.py:150} INFO - [2024-12-04T10:22:46.292+0000] {dagbag.py:541} INFO - Filling up the DagBag from /opt/airflow/dags/weather_to_duckdb.py
[2024-12-04T10:22:46.802+0000] {processor.py:836} INFO - DAG(s) dict_keys(['process_weather_data']) retrieved from /opt/airflow/dags/weather_to_duckdb.py
[2024-12-04T10:22:46.827+0000] {logging_mixin.py:150} INFO - [2024-12-04T10:22:46.826+0000] {dag.py:2742} INFO - Sync 1 DAGs
[2024-12-04T10:22:46.848+0000] {logging_mixin.py:150} INFO - [2024-12-04T10:22:46.848+0000] {dag.py:3508} INFO - Setting next_dagrun for process_weather_data to None, run_after=None
[2024-12-04T10:22:46.887+0000] {processor.py:179} INFO - Processing /opt/airflow/dags/weather_to_duckdb.py took 0.600 seconds
[2024-12-04T10:23:17.572+0000] {processor.py:157} INFO - Started process (PID=661) to work on /opt/airflow/dags/weather_to_duckdb.py
[2024-12-04T10:23:17.574+0000] {processor.py:826} INFO - Processing file /opt/airflow/dags/weather_to_duckdb.py for tasks to queue
[2024-12-04T10:23:17.575+0000] {logging_mixin.py:150} INFO - [2024-12-04T10:23:17.574+0000] {dagbag.py:541} INFO - Filling up the DagBag from /opt/airflow/dags/weather_to_duckdb.py
[2024-12-04T10:23:18.036+0000] {processor.py:836} INFO - DAG(s) dict_keys(['process_weather_data']) retrieved from /opt/airflow/dags/weather_to_duckdb.py
[2024-12-04T10:23:18.063+0000] {logging_mixin.py:150} INFO - [2024-12-04T10:23:18.062+0000] {dag.py:2742} INFO - Sync 1 DAGs
[2024-12-04T10:23:18.081+0000] {logging_mixin.py:150} INFO - [2024-12-04T10:23:18.081+0000] {dag.py:3508} INFO - Setting next_dagrun for process_weather_data to None, run_after=None
[2024-12-04T10:23:18.117+0000] {processor.py:179} INFO - Processing /opt/airflow/dags/weather_to_duckdb.py took 0.550 seconds
[2024-12-04T10:23:49.003+0000] {processor.py:157} INFO - Started process (PID=796) to work on /opt/airflow/dags/weather_to_duckdb.py
[2024-12-04T10:23:49.004+0000] {processor.py:826} INFO - Processing file /opt/airflow/dags/weather_to_duckdb.py for tasks to queue
[2024-12-04T10:23:49.005+0000] {logging_mixin.py:150} INFO - [2024-12-04T10:23:49.005+0000] {dagbag.py:541} INFO - Filling up the DagBag from /opt/airflow/dags/weather_to_duckdb.py
[2024-12-04T10:23:49.567+0000] {processor.py:836} INFO - DAG(s) dict_keys(['process_weather_data']) retrieved from /opt/airflow/dags/weather_to_duckdb.py
[2024-12-04T10:23:49.598+0000] {logging_mixin.py:150} INFO - [2024-12-04T10:23:49.597+0000] {dag.py:2742} INFO - Sync 1 DAGs
[2024-12-04T10:23:49.628+0000] {logging_mixin.py:150} INFO - [2024-12-04T10:23:49.628+0000] {dag.py:3508} INFO - Setting next_dagrun for process_weather_data to None, run_after=None
[2024-12-04T10:23:49.652+0000] {processor.py:179} INFO - Processing /opt/airflow/dags/weather_to_duckdb.py took 0.652 seconds
[2024-12-04T10:24:38.535+0000] {processor.py:157} INFO - Started process (PID=237) to work on /opt/airflow/dags/weather_to_duckdb.py
[2024-12-04T10:24:38.536+0000] {processor.py:826} INFO - Processing file /opt/airflow/dags/weather_to_duckdb.py for tasks to queue
[2024-12-04T10:24:38.537+0000] {logging_mixin.py:150} INFO - [2024-12-04T10:24:38.537+0000] {dagbag.py:541} INFO - Filling up the DagBag from /opt/airflow/dags/weather_to_duckdb.py
[2024-12-04T10:24:39.104+0000] {processor.py:836} INFO - DAG(s) dict_keys(['process_weather_data']) retrieved from /opt/airflow/dags/weather_to_duckdb.py
[2024-12-04T10:24:39.137+0000] {logging_mixin.py:150} INFO - [2024-12-04T10:24:39.137+0000] {dag.py:2742} INFO - Sync 1 DAGs
[2024-12-04T10:24:39.177+0000] {logging_mixin.py:150} INFO - [2024-12-04T10:24:39.177+0000] {dag.py:3508} INFO - Setting next_dagrun for process_weather_data to None, run_after=None
[2024-12-04T10:24:39.215+0000] {processor.py:179} INFO - Processing /opt/airflow/dags/weather_to_duckdb.py took 0.683 seconds
[2024-12-04T10:25:09.959+0000] {processor.py:157} INFO - Started process (PID=391) to work on /opt/airflow/dags/weather_to_duckdb.py
[2024-12-04T10:25:09.960+0000] {processor.py:826} INFO - Processing file /opt/airflow/dags/weather_to_duckdb.py for tasks to queue
[2024-12-04T10:25:09.961+0000] {logging_mixin.py:150} INFO - [2024-12-04T10:25:09.961+0000] {dagbag.py:541} INFO - Filling up the DagBag from /opt/airflow/dags/weather_to_duckdb.py
[2024-12-04T10:25:10.431+0000] {processor.py:836} INFO - DAG(s) dict_keys(['process_weather_data']) retrieved from /opt/airflow/dags/weather_to_duckdb.py
[2024-12-04T10:25:10.457+0000] {logging_mixin.py:150} INFO - [2024-12-04T10:25:10.457+0000] {dag.py:2742} INFO - Sync 1 DAGs
[2024-12-04T10:25:10.481+0000] {logging_mixin.py:150} INFO - [2024-12-04T10:25:10.481+0000] {dag.py:3508} INFO - Setting next_dagrun for process_weather_data to None, run_after=None
[2024-12-04T10:25:10.507+0000] {processor.py:179} INFO - Processing /opt/airflow/dags/weather_to_duckdb.py took 0.551 seconds
[2024-12-04T10:25:41.019+0000] {processor.py:157} INFO - Started process (PID=526) to work on /opt/airflow/dags/weather_to_duckdb.py
[2024-12-04T10:25:41.020+0000] {processor.py:826} INFO - Processing file /opt/airflow/dags/weather_to_duckdb.py for tasks to queue
[2024-12-04T10:25:41.021+0000] {logging_mixin.py:150} INFO - [2024-12-04T10:25:41.021+0000] {dagbag.py:541} INFO - Filling up the DagBag from /opt/airflow/dags/weather_to_duckdb.py
[2024-12-04T10:25:41.511+0000] {processor.py:836} INFO - DAG(s) dict_keys(['process_weather_data']) retrieved from /opt/airflow/dags/weather_to_duckdb.py
[2024-12-04T10:25:41.536+0000] {logging_mixin.py:150} INFO - [2024-12-04T10:25:41.536+0000] {dag.py:2742} INFO - Sync 1 DAGs
[2024-12-04T10:25:41.557+0000] {logging_mixin.py:150} INFO - [2024-12-04T10:25:41.556+0000] {dag.py:3508} INFO - Setting next_dagrun for process_weather_data to None, run_after=None
[2024-12-04T10:25:41.595+0000] {processor.py:179} INFO - Processing /opt/airflow/dags/weather_to_duckdb.py took 0.580 seconds
[2024-12-04T10:26:12.102+0000] {processor.py:157} INFO - Started process (PID=661) to work on /opt/airflow/dags/weather_to_duckdb.py
[2024-12-04T10:26:12.103+0000] {processor.py:826} INFO - Processing file /opt/airflow/dags/weather_to_duckdb.py for tasks to queue
[2024-12-04T10:26:12.104+0000] {logging_mixin.py:150} INFO - [2024-12-04T10:26:12.104+0000] {dagbag.py:541} INFO - Filling up the DagBag from /opt/airflow/dags/weather_to_duckdb.py
[2024-12-04T10:26:12.630+0000] {processor.py:836} INFO - DAG(s) dict_keys(['process_weather_data']) retrieved from /opt/airflow/dags/weather_to_duckdb.py
[2024-12-04T10:26:12.659+0000] {logging_mixin.py:150} INFO - [2024-12-04T10:26:12.658+0000] {dag.py:2742} INFO - Sync 1 DAGs
[2024-12-04T10:26:12.685+0000] {logging_mixin.py:150} INFO - [2024-12-04T10:26:12.684+0000] {dag.py:3508} INFO - Setting next_dagrun for process_weather_data to None, run_after=None
[2024-12-04T10:26:12.705+0000] {processor.py:179} INFO - Processing /opt/airflow/dags/weather_to_duckdb.py took 0.607 seconds
[2024-12-04T10:26:42.847+0000] {processor.py:157} INFO - Started process (PID=796) to work on /opt/airflow/dags/weather_to_duckdb.py
[2024-12-04T10:26:42.849+0000] {processor.py:826} INFO - Processing file /opt/airflow/dags/weather_to_duckdb.py for tasks to queue
[2024-12-04T10:26:42.850+0000] {logging_mixin.py:150} INFO - [2024-12-04T10:26:42.850+0000] {dagbag.py:541} INFO - Filling up the DagBag from /opt/airflow/dags/weather_to_duckdb.py
[2024-12-04T10:26:43.452+0000] {processor.py:836} INFO - DAG(s) dict_keys(['process_weather_data']) retrieved from /opt/airflow/dags/weather_to_duckdb.py
[2024-12-04T10:26:43.495+0000] {logging_mixin.py:150} INFO - [2024-12-04T10:26:43.494+0000] {dag.py:2742} INFO - Sync 1 DAGs
[2024-12-04T10:26:43.529+0000] {logging_mixin.py:150} INFO - [2024-12-04T10:26:43.528+0000] {dag.py:3508} INFO - Setting next_dagrun for process_weather_data to None, run_after=None
[2024-12-04T10:26:43.556+0000] {processor.py:179} INFO - Processing /opt/airflow/dags/weather_to_duckdb.py took 0.711 seconds
[2024-12-04T10:27:13.927+0000] {processor.py:157} INFO - Started process (PID=931) to work on /opt/airflow/dags/weather_to_duckdb.py
[2024-12-04T10:27:13.928+0000] {processor.py:826} INFO - Processing file /opt/airflow/dags/weather_to_duckdb.py for tasks to queue
[2024-12-04T10:27:13.929+0000] {logging_mixin.py:150} INFO - [2024-12-04T10:27:13.929+0000] {dagbag.py:541} INFO - Filling up the DagBag from /opt/airflow/dags/weather_to_duckdb.py
[2024-12-04T10:27:14.499+0000] {processor.py:836} INFO - DAG(s) dict_keys(['process_weather_data']) retrieved from /opt/airflow/dags/weather_to_duckdb.py
[2024-12-04T10:27:14.527+0000] {logging_mixin.py:150} INFO - [2024-12-04T10:27:14.527+0000] {dag.py:2742} INFO - Sync 1 DAGs
[2024-12-04T10:27:14.548+0000] {logging_mixin.py:150} INFO - [2024-12-04T10:27:14.548+0000] {dag.py:3508} INFO - Setting next_dagrun for process_weather_data to None, run_after=None
[2024-12-04T10:27:14.575+0000] {processor.py:179} INFO - Processing /opt/airflow/dags/weather_to_duckdb.py took 0.651 seconds
[2024-12-04T10:27:44.792+0000] {processor.py:157} INFO - Started process (PID=1066) to work on /opt/airflow/dags/weather_to_duckdb.py
[2024-12-04T10:27:44.793+0000] {processor.py:826} INFO - Processing file /opt/airflow/dags/weather_to_duckdb.py for tasks to queue
[2024-12-04T10:27:44.794+0000] {logging_mixin.py:150} INFO - [2024-12-04T10:27:44.794+0000] {dagbag.py:541} INFO - Filling up the DagBag from /opt/airflow/dags/weather_to_duckdb.py
[2024-12-04T10:27:45.289+0000] {processor.py:836} INFO - DAG(s) dict_keys(['process_weather_data']) retrieved from /opt/airflow/dags/weather_to_duckdb.py
[2024-12-04T10:27:45.310+0000] {logging_mixin.py:150} INFO - [2024-12-04T10:27:45.310+0000] {dag.py:2742} INFO - Sync 1 DAGs
[2024-12-04T10:27:45.329+0000] {logging_mixin.py:150} INFO - [2024-12-04T10:27:45.329+0000] {dag.py:3508} INFO - Setting next_dagrun for process_weather_data to None, run_after=None
[2024-12-04T10:27:45.352+0000] {processor.py:179} INFO - Processing /opt/airflow/dags/weather_to_duckdb.py took 0.564 seconds
[2024-12-04T10:28:15.683+0000] {processor.py:157} INFO - Started process (PID=1201) to work on /opt/airflow/dags/weather_to_duckdb.py
[2024-12-04T10:28:15.685+0000] {processor.py:826} INFO - Processing file /opt/airflow/dags/weather_to_duckdb.py for tasks to queue
[2024-12-04T10:28:15.687+0000] {logging_mixin.py:150} INFO - [2024-12-04T10:28:15.687+0000] {dagbag.py:541} INFO - Filling up the DagBag from /opt/airflow/dags/weather_to_duckdb.py
[2024-12-04T10:28:16.215+0000] {processor.py:836} INFO - DAG(s) dict_keys(['process_weather_data']) retrieved from /opt/airflow/dags/weather_to_duckdb.py
[2024-12-04T10:28:16.238+0000] {logging_mixin.py:150} INFO - [2024-12-04T10:28:16.237+0000] {dag.py:2742} INFO - Sync 1 DAGs
[2024-12-04T10:28:16.259+0000] {logging_mixin.py:150} INFO - [2024-12-04T10:28:16.259+0000] {dag.py:3508} INFO - Setting next_dagrun for process_weather_data to None, run_after=None
[2024-12-04T10:28:16.294+0000] {processor.py:179} INFO - Processing /opt/airflow/dags/weather_to_duckdb.py took 0.615 seconds
[2024-12-04T10:28:46.342+0000] {processor.py:157} INFO - Started process (PID=1354) to work on /opt/airflow/dags/weather_to_duckdb.py
[2024-12-04T10:28:46.344+0000] {processor.py:826} INFO - Processing file /opt/airflow/dags/weather_to_duckdb.py for tasks to queue
[2024-12-04T10:28:46.345+0000] {logging_mixin.py:150} INFO - [2024-12-04T10:28:46.344+0000] {dagbag.py:541} INFO - Filling up the DagBag from /opt/airflow/dags/weather_to_duckdb.py
[2024-12-04T10:28:46.699+0000] {processor.py:836} INFO - DAG(s) dict_keys(['process_weather_data']) retrieved from /opt/airflow/dags/weather_to_duckdb.py
[2024-12-04T10:28:46.729+0000] {logging_mixin.py:150} INFO - [2024-12-04T10:28:46.728+0000] {dag.py:2742} INFO - Sync 1 DAGs
[2024-12-04T10:28:46.751+0000] {logging_mixin.py:150} INFO - [2024-12-04T10:28:46.751+0000] {dag.py:3508} INFO - Setting next_dagrun for process_weather_data to None, run_after=None
[2024-12-04T10:28:46.789+0000] {processor.py:179} INFO - Processing /opt/airflow/dags/weather_to_duckdb.py took 0.451 seconds
[2024-12-04T10:29:17.653+0000] {processor.py:157} INFO - Started process (PID=1489) to work on /opt/airflow/dags/weather_to_duckdb.py
[2024-12-04T10:29:17.654+0000] {processor.py:826} INFO - Processing file /opt/airflow/dags/weather_to_duckdb.py for tasks to queue
[2024-12-04T10:29:17.655+0000] {logging_mixin.py:150} INFO - [2024-12-04T10:29:17.655+0000] {dagbag.py:541} INFO - Filling up the DagBag from /opt/airflow/dags/weather_to_duckdb.py
[2024-12-04T10:29:18.064+0000] {processor.py:836} INFO - DAG(s) dict_keys(['process_weather_data']) retrieved from /opt/airflow/dags/weather_to_duckdb.py
[2024-12-04T10:29:18.089+0000] {logging_mixin.py:150} INFO - [2024-12-04T10:29:18.089+0000] {dag.py:2742} INFO - Sync 1 DAGs
[2024-12-04T10:29:18.116+0000] {logging_mixin.py:150} INFO - [2024-12-04T10:29:18.116+0000] {dag.py:3508} INFO - Setting next_dagrun for process_weather_data to None, run_after=None
[2024-12-04T10:29:18.153+0000] {processor.py:179} INFO - Processing /opt/airflow/dags/weather_to_duckdb.py took 0.503 seconds
[2024-12-04T10:29:48.567+0000] {processor.py:157} INFO - Started process (PID=1624) to work on /opt/airflow/dags/weather_to_duckdb.py
[2024-12-04T10:29:48.568+0000] {processor.py:826} INFO - Processing file /opt/airflow/dags/weather_to_duckdb.py for tasks to queue
[2024-12-04T10:29:48.569+0000] {logging_mixin.py:150} INFO - [2024-12-04T10:29:48.569+0000] {dagbag.py:541} INFO - Filling up the DagBag from /opt/airflow/dags/weather_to_duckdb.py
[2024-12-04T10:29:48.945+0000] {processor.py:836} INFO - DAG(s) dict_keys(['process_weather_data']) retrieved from /opt/airflow/dags/weather_to_duckdb.py
[2024-12-04T10:29:48.989+0000] {logging_mixin.py:150} INFO - [2024-12-04T10:29:48.988+0000] {dag.py:2742} INFO - Sync 1 DAGs
[2024-12-04T10:29:49.008+0000] {logging_mixin.py:150} INFO - [2024-12-04T10:29:49.008+0000] {dag.py:3508} INFO - Setting next_dagrun for process_weather_data to None, run_after=None
[2024-12-04T10:29:49.023+0000] {processor.py:179} INFO - Processing /opt/airflow/dags/weather_to_duckdb.py took 0.459 seconds
[2024-12-04T10:30:19.211+0000] {processor.py:157} INFO - Started process (PID=1759) to work on /opt/airflow/dags/weather_to_duckdb.py
[2024-12-04T10:30:19.212+0000] {processor.py:826} INFO - Processing file /opt/airflow/dags/weather_to_duckdb.py for tasks to queue
[2024-12-04T10:30:19.213+0000] {logging_mixin.py:150} INFO - [2024-12-04T10:30:19.213+0000] {dagbag.py:541} INFO - Filling up the DagBag from /opt/airflow/dags/weather_to_duckdb.py
[2024-12-04T10:30:19.629+0000] {processor.py:836} INFO - DAG(s) dict_keys(['process_weather_data']) retrieved from /opt/airflow/dags/weather_to_duckdb.py
[2024-12-04T10:30:19.655+0000] {logging_mixin.py:150} INFO - [2024-12-04T10:30:19.654+0000] {dag.py:2742} INFO - Sync 1 DAGs
[2024-12-04T10:30:19.678+0000] {logging_mixin.py:150} INFO - [2024-12-04T10:30:19.678+0000] {dag.py:3508} INFO - Setting next_dagrun for process_weather_data to None, run_after=None
[2024-12-04T10:30:19.725+0000] {processor.py:179} INFO - Processing /opt/airflow/dags/weather_to_duckdb.py took 0.517 seconds
[2024-12-04T10:30:50.251+0000] {processor.py:157} INFO - Started process (PID=1894) to work on /opt/airflow/dags/weather_to_duckdb.py
[2024-12-04T10:30:50.252+0000] {processor.py:826} INFO - Processing file /opt/airflow/dags/weather_to_duckdb.py for tasks to queue
[2024-12-04T10:30:50.253+0000] {logging_mixin.py:150} INFO - [2024-12-04T10:30:50.253+0000] {dagbag.py:541} INFO - Filling up the DagBag from /opt/airflow/dags/weather_to_duckdb.py
[2024-12-04T10:30:50.726+0000] {processor.py:836} INFO - DAG(s) dict_keys(['process_weather_data']) retrieved from /opt/airflow/dags/weather_to_duckdb.py
[2024-12-04T10:30:50.762+0000] {logging_mixin.py:150} INFO - [2024-12-04T10:30:50.762+0000] {dag.py:2742} INFO - Sync 1 DAGs
[2024-12-04T10:30:50.800+0000] {logging_mixin.py:150} INFO - [2024-12-04T10:30:50.800+0000] {dag.py:3508} INFO - Setting next_dagrun for process_weather_data to None, run_after=None
[2024-12-04T10:30:50.852+0000] {processor.py:179} INFO - Processing /opt/airflow/dags/weather_to_duckdb.py took 0.605 seconds
[2024-12-04T10:31:21.501+0000] {processor.py:157} INFO - Started process (PID=2029) to work on /opt/airflow/dags/weather_to_duckdb.py
[2024-12-04T10:31:21.503+0000] {processor.py:826} INFO - Processing file /opt/airflow/dags/weather_to_duckdb.py for tasks to queue
[2024-12-04T10:31:21.504+0000] {logging_mixin.py:150} INFO - [2024-12-04T10:31:21.504+0000] {dagbag.py:541} INFO - Filling up the DagBag from /opt/airflow/dags/weather_to_duckdb.py
[2024-12-04T10:31:21.913+0000] {processor.py:836} INFO - DAG(s) dict_keys(['process_weather_data']) retrieved from /opt/airflow/dags/weather_to_duckdb.py
[2024-12-04T10:31:21.952+0000] {logging_mixin.py:150} INFO - [2024-12-04T10:31:21.951+0000] {dag.py:2742} INFO - Sync 1 DAGs
[2024-12-04T10:31:21.987+0000] {logging_mixin.py:150} INFO - [2024-12-04T10:31:21.987+0000] {dag.py:3508} INFO - Setting next_dagrun for process_weather_data to None, run_after=None
[2024-12-04T10:31:22.038+0000] {processor.py:179} INFO - Processing /opt/airflow/dags/weather_to_duckdb.py took 0.541 seconds
[2024-12-04T10:31:52.367+0000] {processor.py:157} INFO - Started process (PID=2164) to work on /opt/airflow/dags/weather_to_duckdb.py
[2024-12-04T10:31:52.368+0000] {processor.py:826} INFO - Processing file /opt/airflow/dags/weather_to_duckdb.py for tasks to queue
[2024-12-04T10:31:52.368+0000] {logging_mixin.py:150} INFO - [2024-12-04T10:31:52.368+0000] {dagbag.py:541} INFO - Filling up the DagBag from /opt/airflow/dags/weather_to_duckdb.py
[2024-12-04T10:31:52.857+0000] {processor.py:836} INFO - DAG(s) dict_keys(['process_weather_data']) retrieved from /opt/airflow/dags/weather_to_duckdb.py
[2024-12-04T10:31:52.890+0000] {logging_mixin.py:150} INFO - [2024-12-04T10:31:52.890+0000] {dag.py:2742} INFO - Sync 1 DAGs
[2024-12-04T10:31:52.923+0000] {logging_mixin.py:150} INFO - [2024-12-04T10:31:52.922+0000] {dag.py:3508} INFO - Setting next_dagrun for process_weather_data to None, run_after=None
[2024-12-04T10:31:52.940+0000] {processor.py:179} INFO - Processing /opt/airflow/dags/weather_to_duckdb.py took 0.578 seconds
[2024-12-04T10:32:23.083+0000] {processor.py:157} INFO - Started process (PID=2299) to work on /opt/airflow/dags/weather_to_duckdb.py
[2024-12-04T10:32:23.085+0000] {processor.py:826} INFO - Processing file /opt/airflow/dags/weather_to_duckdb.py for tasks to queue
[2024-12-04T10:32:23.086+0000] {logging_mixin.py:150} INFO - [2024-12-04T10:32:23.085+0000] {dagbag.py:541} INFO - Filling up the DagBag from /opt/airflow/dags/weather_to_duckdb.py
[2024-12-04T10:32:23.516+0000] {processor.py:836} INFO - DAG(s) dict_keys(['process_weather_data']) retrieved from /opt/airflow/dags/weather_to_duckdb.py
[2024-12-04T10:32:23.554+0000] {logging_mixin.py:150} INFO - [2024-12-04T10:32:23.553+0000] {dag.py:2742} INFO - Sync 1 DAGs
[2024-12-04T10:32:23.577+0000] {logging_mixin.py:150} INFO - [2024-12-04T10:32:23.577+0000] {dag.py:3508} INFO - Setting next_dagrun for process_weather_data to None, run_after=None
[2024-12-04T10:32:23.600+0000] {processor.py:179} INFO - Processing /opt/airflow/dags/weather_to_duckdb.py took 0.522 seconds
[2024-12-04T10:32:53.961+0000] {processor.py:157} INFO - Started process (PID=2434) to work on /opt/airflow/dags/weather_to_duckdb.py
[2024-12-04T10:32:53.962+0000] {processor.py:826} INFO - Processing file /opt/airflow/dags/weather_to_duckdb.py for tasks to queue
[2024-12-04T10:32:53.964+0000] {logging_mixin.py:150} INFO - [2024-12-04T10:32:53.964+0000] {dagbag.py:541} INFO - Filling up the DagBag from /opt/airflow/dags/weather_to_duckdb.py
[2024-12-04T10:32:54.513+0000] {processor.py:836} INFO - DAG(s) dict_keys(['process_weather_data']) retrieved from /opt/airflow/dags/weather_to_duckdb.py
[2024-12-04T10:32:54.569+0000] {logging_mixin.py:150} INFO - [2024-12-04T10:32:54.568+0000] {dag.py:2742} INFO - Sync 1 DAGs
[2024-12-04T10:32:54.604+0000] {logging_mixin.py:150} INFO - [2024-12-04T10:32:54.604+0000] {dag.py:3508} INFO - Setting next_dagrun for process_weather_data to None, run_after=None
[2024-12-04T10:32:54.635+0000] {processor.py:179} INFO - Processing /opt/airflow/dags/weather_to_duckdb.py took 0.679 seconds
[2024-12-04T10:33:25.392+0000] {processor.py:157} INFO - Started process (PID=2569) to work on /opt/airflow/dags/weather_to_duckdb.py
[2024-12-04T10:33:25.394+0000] {processor.py:826} INFO - Processing file /opt/airflow/dags/weather_to_duckdb.py for tasks to queue
[2024-12-04T10:33:25.394+0000] {logging_mixin.py:150} INFO - [2024-12-04T10:33:25.394+0000] {dagbag.py:541} INFO - Filling up the DagBag from /opt/airflow/dags/weather_to_duckdb.py
[2024-12-04T10:33:25.881+0000] {processor.py:836} INFO - DAG(s) dict_keys(['process_weather_data']) retrieved from /opt/airflow/dags/weather_to_duckdb.py
[2024-12-04T10:33:25.916+0000] {logging_mixin.py:150} INFO - [2024-12-04T10:33:25.916+0000] {dag.py:2742} INFO - Sync 1 DAGs
[2024-12-04T10:33:25.951+0000] {logging_mixin.py:150} INFO - [2024-12-04T10:33:25.950+0000] {dag.py:3508} INFO - Setting next_dagrun for process_weather_data to None, run_after=None
[2024-12-04T10:33:25.986+0000] {processor.py:179} INFO - Processing /opt/airflow/dags/weather_to_duckdb.py took 0.597 seconds
[2024-12-04T10:33:56.297+0000] {processor.py:157} INFO - Started process (PID=2704) to work on /opt/airflow/dags/weather_to_duckdb.py
[2024-12-04T10:33:56.299+0000] {processor.py:826} INFO - Processing file /opt/airflow/dags/weather_to_duckdb.py for tasks to queue
[2024-12-04T10:33:56.300+0000] {logging_mixin.py:150} INFO - [2024-12-04T10:33:56.300+0000] {dagbag.py:541} INFO - Filling up the DagBag from /opt/airflow/dags/weather_to_duckdb.py
[2024-12-04T10:33:56.791+0000] {processor.py:836} INFO - DAG(s) dict_keys(['process_weather_data']) retrieved from /opt/airflow/dags/weather_to_duckdb.py
[2024-12-04T10:33:56.821+0000] {logging_mixin.py:150} INFO - [2024-12-04T10:33:56.820+0000] {dag.py:2742} INFO - Sync 1 DAGs
[2024-12-04T10:33:56.847+0000] {logging_mixin.py:150} INFO - [2024-12-04T10:33:56.846+0000] {dag.py:3508} INFO - Setting next_dagrun for process_weather_data to None, run_after=None
[2024-12-04T10:33:56.875+0000] {processor.py:179} INFO - Processing /opt/airflow/dags/weather_to_duckdb.py took 0.584 seconds
[2024-12-04T10:40:42.919+0000] {processor.py:157} INFO - Started process (PID=237) to work on /opt/airflow/dags/weather_to_duckdb.py
[2024-12-04T10:40:42.920+0000] {processor.py:826} INFO - Processing file /opt/airflow/dags/weather_to_duckdb.py for tasks to queue
[2024-12-04T10:40:42.922+0000] {logging_mixin.py:150} INFO - [2024-12-04T10:40:42.921+0000] {dagbag.py:541} INFO - Filling up the DagBag from /opt/airflow/dags/weather_to_duckdb.py
[2024-12-04T10:40:43.583+0000] {processor.py:836} INFO - DAG(s) dict_keys(['process_weather_data']) retrieved from /opt/airflow/dags/weather_to_duckdb.py
[2024-12-04T10:40:43.617+0000] {logging_mixin.py:150} INFO - [2024-12-04T10:40:43.616+0000] {dag.py:2742} INFO - Sync 1 DAGs
[2024-12-04T10:40:43.645+0000] {logging_mixin.py:150} INFO - [2024-12-04T10:40:43.644+0000] {dag.py:3508} INFO - Setting next_dagrun for process_weather_data to None, run_after=None
[2024-12-04T10:40:43.689+0000] {processor.py:179} INFO - Processing /opt/airflow/dags/weather_to_duckdb.py took 0.776 seconds
[2024-12-04T10:41:14.511+0000] {processor.py:157} INFO - Started process (PID=391) to work on /opt/airflow/dags/weather_to_duckdb.py
[2024-12-04T10:41:14.512+0000] {processor.py:826} INFO - Processing file /opt/airflow/dags/weather_to_duckdb.py for tasks to queue
[2024-12-04T10:41:14.513+0000] {logging_mixin.py:150} INFO - [2024-12-04T10:41:14.513+0000] {dagbag.py:541} INFO - Filling up the DagBag from /opt/airflow/dags/weather_to_duckdb.py
[2024-12-04T10:41:15.006+0000] {processor.py:836} INFO - DAG(s) dict_keys(['process_weather_data']) retrieved from /opt/airflow/dags/weather_to_duckdb.py
[2024-12-04T10:41:15.031+0000] {logging_mixin.py:150} INFO - [2024-12-04T10:41:15.030+0000] {dag.py:2742} INFO - Sync 1 DAGs
[2024-12-04T10:41:15.054+0000] {logging_mixin.py:150} INFO - [2024-12-04T10:41:15.054+0000] {dag.py:3508} INFO - Setting next_dagrun for process_weather_data to None, run_after=None
[2024-12-04T10:41:15.097+0000] {processor.py:179} INFO - Processing /opt/airflow/dags/weather_to_duckdb.py took 0.589 seconds
[2024-12-04T10:41:45.796+0000] {processor.py:157} INFO - Started process (PID=526) to work on /opt/airflow/dags/weather_to_duckdb.py
[2024-12-04T10:41:45.797+0000] {processor.py:826} INFO - Processing file /opt/airflow/dags/weather_to_duckdb.py for tasks to queue
[2024-12-04T10:41:45.798+0000] {logging_mixin.py:150} INFO - [2024-12-04T10:41:45.798+0000] {dagbag.py:541} INFO - Filling up the DagBag from /opt/airflow/dags/weather_to_duckdb.py
[2024-12-04T10:41:46.391+0000] {processor.py:836} INFO - DAG(s) dict_keys(['process_weather_data']) retrieved from /opt/airflow/dags/weather_to_duckdb.py
[2024-12-04T10:41:46.422+0000] {logging_mixin.py:150} INFO - [2024-12-04T10:41:46.421+0000] {dag.py:2742} INFO - Sync 1 DAGs
[2024-12-04T10:41:46.444+0000] {logging_mixin.py:150} INFO - [2024-12-04T10:41:46.443+0000] {dag.py:3508} INFO - Setting next_dagrun for process_weather_data to None, run_after=None
[2024-12-04T10:41:46.486+0000] {processor.py:179} INFO - Processing /opt/airflow/dags/weather_to_duckdb.py took 0.694 seconds
[2024-12-04T10:42:17.305+0000] {processor.py:157} INFO - Started process (PID=661) to work on /opt/airflow/dags/weather_to_duckdb.py
[2024-12-04T10:42:17.307+0000] {processor.py:826} INFO - Processing file /opt/airflow/dags/weather_to_duckdb.py for tasks to queue
[2024-12-04T10:42:17.308+0000] {logging_mixin.py:150} INFO - [2024-12-04T10:42:17.307+0000] {dagbag.py:541} INFO - Filling up the DagBag from /opt/airflow/dags/weather_to_duckdb.py
[2024-12-04T10:42:17.952+0000] {processor.py:836} INFO - DAG(s) dict_keys(['process_weather_data']) retrieved from /opt/airflow/dags/weather_to_duckdb.py
[2024-12-04T10:42:17.986+0000] {logging_mixin.py:150} INFO - [2024-12-04T10:42:17.985+0000] {dag.py:2742} INFO - Sync 1 DAGs
[2024-12-04T10:42:18.021+0000] {logging_mixin.py:150} INFO - [2024-12-04T10:42:18.020+0000] {dag.py:3508} INFO - Setting next_dagrun for process_weather_data to None, run_after=None
[2024-12-04T10:42:18.053+0000] {processor.py:179} INFO - Processing /opt/airflow/dags/weather_to_duckdb.py took 0.751 seconds
[2024-12-04T10:42:49.053+0000] {processor.py:157} INFO - Started process (PID=796) to work on /opt/airflow/dags/weather_to_duckdb.py
[2024-12-04T10:42:49.054+0000] {processor.py:826} INFO - Processing file /opt/airflow/dags/weather_to_duckdb.py for tasks to queue
[2024-12-04T10:42:49.055+0000] {logging_mixin.py:150} INFO - [2024-12-04T10:42:49.055+0000] {dagbag.py:541} INFO - Filling up the DagBag from /opt/airflow/dags/weather_to_duckdb.py
[2024-12-04T10:42:49.586+0000] {processor.py:836} INFO - DAG(s) dict_keys(['process_weather_data']) retrieved from /opt/airflow/dags/weather_to_duckdb.py
[2024-12-04T10:42:49.621+0000] {logging_mixin.py:150} INFO - [2024-12-04T10:42:49.621+0000] {dag.py:2742} INFO - Sync 1 DAGs
[2024-12-04T10:42:49.646+0000] {logging_mixin.py:150} INFO - [2024-12-04T10:42:49.646+0000] {dag.py:3508} INFO - Setting next_dagrun for process_weather_data to None, run_after=None
[2024-12-04T10:42:49.672+0000] {processor.py:179} INFO - Processing /opt/airflow/dags/weather_to_duckdb.py took 0.622 seconds
[2024-12-04T10:43:20.716+0000] {processor.py:157} INFO - Started process (PID=931) to work on /opt/airflow/dags/weather_to_duckdb.py
[2024-12-04T10:43:20.718+0000] {processor.py:826} INFO - Processing file /opt/airflow/dags/weather_to_duckdb.py for tasks to queue
[2024-12-04T10:43:20.719+0000] {logging_mixin.py:150} INFO - [2024-12-04T10:43:20.719+0000] {dagbag.py:541} INFO - Filling up the DagBag from /opt/airflow/dags/weather_to_duckdb.py
[2024-12-04T10:43:21.407+0000] {processor.py:836} INFO - DAG(s) dict_keys(['process_weather_data']) retrieved from /opt/airflow/dags/weather_to_duckdb.py
[2024-12-04T10:43:21.449+0000] {logging_mixin.py:150} INFO - [2024-12-04T10:43:21.448+0000] {dag.py:2742} INFO - Sync 1 DAGs
[2024-12-04T10:43:21.482+0000] {logging_mixin.py:150} INFO - [2024-12-04T10:43:21.482+0000] {dag.py:3508} INFO - Setting next_dagrun for process_weather_data to None, run_after=None
[2024-12-04T10:43:21.509+0000] {processor.py:179} INFO - Processing /opt/airflow/dags/weather_to_duckdb.py took 0.797 seconds
[2024-12-04T10:43:52.156+0000] {processor.py:157} INFO - Started process (PID=1066) to work on /opt/airflow/dags/weather_to_duckdb.py
[2024-12-04T10:43:52.157+0000] {processor.py:826} INFO - Processing file /opt/airflow/dags/weather_to_duckdb.py for tasks to queue
[2024-12-04T10:43:52.158+0000] {logging_mixin.py:150} INFO - [2024-12-04T10:43:52.158+0000] {dagbag.py:541} INFO - Filling up the DagBag from /opt/airflow/dags/weather_to_duckdb.py
[2024-12-04T10:43:52.825+0000] {processor.py:836} INFO - DAG(s) dict_keys(['process_weather_data']) retrieved from /opt/airflow/dags/weather_to_duckdb.py
[2024-12-04T10:43:52.872+0000] {logging_mixin.py:150} INFO - [2024-12-04T10:43:52.871+0000] {dag.py:2742} INFO - Sync 1 DAGs
[2024-12-04T10:43:52.908+0000] {logging_mixin.py:150} INFO - [2024-12-04T10:43:52.907+0000] {dag.py:3508} INFO - Setting next_dagrun for process_weather_data to None, run_after=None
[2024-12-04T10:43:52.930+0000] {processor.py:179} INFO - Processing /opt/airflow/dags/weather_to_duckdb.py took 0.777 seconds
[2024-12-04T10:44:23.801+0000] {processor.py:157} INFO - Started process (PID=1201) to work on /opt/airflow/dags/weather_to_duckdb.py
[2024-12-04T10:44:23.803+0000] {processor.py:826} INFO - Processing file /opt/airflow/dags/weather_to_duckdb.py for tasks to queue
[2024-12-04T10:44:23.807+0000] {logging_mixin.py:150} INFO - [2024-12-04T10:44:23.807+0000] {dagbag.py:541} INFO - Filling up the DagBag from /opt/airflow/dags/weather_to_duckdb.py
[2024-12-04T10:44:24.503+0000] {processor.py:836} INFO - DAG(s) dict_keys(['process_weather_data']) retrieved from /opt/airflow/dags/weather_to_duckdb.py
[2024-12-04T10:44:24.546+0000] {logging_mixin.py:150} INFO - [2024-12-04T10:44:24.545+0000] {dag.py:2742} INFO - Sync 1 DAGs
[2024-12-04T10:44:24.582+0000] {logging_mixin.py:150} INFO - [2024-12-04T10:44:24.582+0000] {dag.py:3508} INFO - Setting next_dagrun for process_weather_data to None, run_after=None
[2024-12-04T10:44:24.616+0000] {processor.py:179} INFO - Processing /opt/airflow/dags/weather_to_duckdb.py took 0.819 seconds
[2024-12-04T10:44:54.701+0000] {processor.py:157} INFO - Started process (PID=1336) to work on /opt/airflow/dags/weather_to_duckdb.py
[2024-12-04T10:44:54.702+0000] {processor.py:826} INFO - Processing file /opt/airflow/dags/weather_to_duckdb.py for tasks to queue
[2024-12-04T10:44:54.704+0000] {logging_mixin.py:150} INFO - [2024-12-04T10:44:54.703+0000] {dagbag.py:541} INFO - Filling up the DagBag from /opt/airflow/dags/weather_to_duckdb.py
[2024-12-04T10:44:55.175+0000] {processor.py:836} INFO - DAG(s) dict_keys(['process_weather_data']) retrieved from /opt/airflow/dags/weather_to_duckdb.py
[2024-12-04T10:44:55.209+0000] {logging_mixin.py:150} INFO - [2024-12-04T10:44:55.208+0000] {dag.py:2742} INFO - Sync 1 DAGs
[2024-12-04T10:44:55.233+0000] {logging_mixin.py:150} INFO - [2024-12-04T10:44:55.233+0000] {dag.py:3508} INFO - Setting next_dagrun for process_weather_data to None, run_after=None
[2024-12-04T10:44:55.254+0000] {processor.py:179} INFO - Processing /opt/airflow/dags/weather_to_duckdb.py took 0.558 seconds
[2024-12-04T10:45:25.568+0000] {processor.py:157} INFO - Started process (PID=1471) to work on /opt/airflow/dags/weather_to_duckdb.py
[2024-12-04T10:45:25.569+0000] {processor.py:826} INFO - Processing file /opt/airflow/dags/weather_to_duckdb.py for tasks to queue
[2024-12-04T10:45:25.570+0000] {logging_mixin.py:150} INFO - [2024-12-04T10:45:25.570+0000] {dagbag.py:541} INFO - Filling up the DagBag from /opt/airflow/dags/weather_to_duckdb.py
[2024-12-04T10:45:26.183+0000] {processor.py:836} INFO - DAG(s) dict_keys(['process_weather_data']) retrieved from /opt/airflow/dags/weather_to_duckdb.py
[2024-12-04T10:45:26.242+0000] {logging_mixin.py:150} INFO - [2024-12-04T10:45:26.241+0000] {dag.py:2742} INFO - Sync 1 DAGs
[2024-12-04T10:45:26.295+0000] {logging_mixin.py:150} INFO - [2024-12-04T10:45:26.295+0000] {dag.py:3508} INFO - Setting next_dagrun for process_weather_data to None, run_after=None
[2024-12-04T10:45:26.323+0000] {processor.py:179} INFO - Processing /opt/airflow/dags/weather_to_duckdb.py took 0.757 seconds
[2024-12-04T10:45:56.408+0000] {processor.py:157} INFO - Started process (PID=1609) to work on /opt/airflow/dags/weather_to_duckdb.py
[2024-12-04T10:45:56.410+0000] {processor.py:826} INFO - Processing file /opt/airflow/dags/weather_to_duckdb.py for tasks to queue
[2024-12-04T10:45:56.411+0000] {logging_mixin.py:150} INFO - [2024-12-04T10:45:56.410+0000] {dagbag.py:541} INFO - Filling up the DagBag from /opt/airflow/dags/weather_to_duckdb.py
[2024-12-04T10:45:56.757+0000] {processor.py:836} INFO - DAG(s) dict_keys(['process_weather_data']) retrieved from /opt/airflow/dags/weather_to_duckdb.py
[2024-12-04T10:45:56.780+0000] {logging_mixin.py:150} INFO - [2024-12-04T10:45:56.780+0000] {dag.py:2742} INFO - Sync 1 DAGs
[2024-12-04T10:45:56.804+0000] {logging_mixin.py:150} INFO - [2024-12-04T10:45:56.803+0000] {dag.py:3508} INFO - Setting next_dagrun for process_weather_data to None, run_after=None
[2024-12-04T10:45:56.852+0000] {processor.py:179} INFO - Processing /opt/airflow/dags/weather_to_duckdb.py took 0.448 seconds
[2024-12-04T10:46:26.989+0000] {processor.py:157} INFO - Started process (PID=1759) to work on /opt/airflow/dags/weather_to_duckdb.py
[2024-12-04T10:46:26.991+0000] {processor.py:826} INFO - Processing file /opt/airflow/dags/weather_to_duckdb.py for tasks to queue
[2024-12-04T10:46:26.992+0000] {logging_mixin.py:150} INFO - [2024-12-04T10:46:26.991+0000] {dagbag.py:541} INFO - Filling up the DagBag from /opt/airflow/dags/weather_to_duckdb.py
[2024-12-04T10:46:27.389+0000] {processor.py:836} INFO - DAG(s) dict_keys(['process_weather_data']) retrieved from /opt/airflow/dags/weather_to_duckdb.py
[2024-12-04T10:46:27.428+0000] {logging_mixin.py:150} INFO - [2024-12-04T10:46:27.428+0000] {dag.py:2742} INFO - Sync 1 DAGs
[2024-12-04T10:46:27.492+0000] {logging_mixin.py:150} INFO - [2024-12-04T10:46:27.490+0000] {dag.py:3508} INFO - Setting next_dagrun for process_weather_data to None, run_after=None
[2024-12-04T10:46:27.529+0000] {processor.py:179} INFO - Processing /opt/airflow/dags/weather_to_duckdb.py took 0.543 seconds
