[2024-12-12T08:27:26.670+0000] {processor.py:157} INFO - Started process (PID=335) to work on /opt/airflow/dags/business_transform.py
[2024-12-12T08:27:26.672+0000] {processor.py:826} INFO - Processing file /opt/airflow/dags/business_transform.py for tasks to queue
[2024-12-12T08:27:26.673+0000] {logging_mixin.py:150} INFO - [2024-12-12T08:27:26.672+0000] {dagbag.py:541} INFO - Filling up the DagBag from /opt/airflow/dags/business_transform.py
[2024-12-12T08:27:27.279+0000] {processor.py:836} INFO - DAG(s) dict_keys(['fortune_500_data_processing']) retrieved from /opt/airflow/dags/business_transform.py
[2024-12-12T08:27:27.295+0000] {logging_mixin.py:150} INFO - [2024-12-12T08:27:27.294+0000] {dag.py:2742} INFO - Sync 1 DAGs
[2024-12-12T08:27:27.319+0000] {logging_mixin.py:150} INFO - [2024-12-12T08:27:27.319+0000] {dag.py:3508} INFO - Setting next_dagrun for fortune_500_data_processing to None, run_after=None
[2024-12-12T08:27:27.349+0000] {processor.py:179} INFO - Processing /opt/airflow/dags/business_transform.py took 0.681 seconds
[2024-12-12T08:27:57.935+0000] {processor.py:157} INFO - Started process (PID=609) to work on /opt/airflow/dags/business_transform.py
[2024-12-12T08:27:57.937+0000] {processor.py:826} INFO - Processing file /opt/airflow/dags/business_transform.py for tasks to queue
[2024-12-12T08:27:57.938+0000] {logging_mixin.py:150} INFO - [2024-12-12T08:27:57.938+0000] {dagbag.py:541} INFO - Filling up the DagBag from /opt/airflow/dags/business_transform.py
[2024-12-12T08:27:58.606+0000] {processor.py:836} INFO - DAG(s) dict_keys(['fortune_500_data_processing']) retrieved from /opt/airflow/dags/business_transform.py
[2024-12-12T08:27:58.660+0000] {logging_mixin.py:150} INFO - [2024-12-12T08:27:58.659+0000] {dag.py:2742} INFO - Sync 1 DAGs
[2024-12-12T08:27:58.711+0000] {logging_mixin.py:150} INFO - [2024-12-12T08:27:58.711+0000] {dag.py:3508} INFO - Setting next_dagrun for fortune_500_data_processing to None, run_after=None
[2024-12-12T08:27:58.755+0000] {processor.py:179} INFO - Processing /opt/airflow/dags/business_transform.py took 0.823 seconds
[2024-12-12T08:28:29.227+0000] {processor.py:157} INFO - Started process (PID=830) to work on /opt/airflow/dags/business_transform.py
[2024-12-12T08:28:29.228+0000] {processor.py:826} INFO - Processing file /opt/airflow/dags/business_transform.py for tasks to queue
[2024-12-12T08:28:29.230+0000] {logging_mixin.py:150} INFO - [2024-12-12T08:28:29.229+0000] {dagbag.py:541} INFO - Filling up the DagBag from /opt/airflow/dags/business_transform.py
[2024-12-12T08:28:29.760+0000] {processor.py:836} INFO - DAG(s) dict_keys(['fortune_500_data_processing']) retrieved from /opt/airflow/dags/business_transform.py
[2024-12-12T08:28:29.786+0000] {logging_mixin.py:150} INFO - [2024-12-12T08:28:29.785+0000] {dag.py:2742} INFO - Sync 1 DAGs
[2024-12-12T08:28:29.807+0000] {logging_mixin.py:150} INFO - [2024-12-12T08:28:29.807+0000] {dag.py:3508} INFO - Setting next_dagrun for fortune_500_data_processing to None, run_after=None
[2024-12-12T08:28:29.830+0000] {processor.py:179} INFO - Processing /opt/airflow/dags/business_transform.py took 0.606 seconds
[2024-12-12T08:29:00.166+0000] {processor.py:157} INFO - Started process (PID=1034) to work on /opt/airflow/dags/business_transform.py
[2024-12-12T08:29:00.168+0000] {processor.py:826} INFO - Processing file /opt/airflow/dags/business_transform.py for tasks to queue
[2024-12-12T08:29:00.170+0000] {logging_mixin.py:150} INFO - [2024-12-12T08:29:00.170+0000] {dagbag.py:541} INFO - Filling up the DagBag from /opt/airflow/dags/business_transform.py
[2024-12-12T08:29:00.897+0000] {processor.py:836} INFO - DAG(s) dict_keys(['fortune_500_data_processing']) retrieved from /opt/airflow/dags/business_transform.py
[2024-12-12T08:29:00.924+0000] {logging_mixin.py:150} INFO - [2024-12-12T08:29:00.923+0000] {dag.py:2742} INFO - Sync 1 DAGs
[2024-12-12T08:29:00.948+0000] {logging_mixin.py:150} INFO - [2024-12-12T08:29:00.948+0000] {dag.py:3508} INFO - Setting next_dagrun for fortune_500_data_processing to None, run_after=None
[2024-12-12T08:29:00.976+0000] {processor.py:179} INFO - Processing /opt/airflow/dags/business_transform.py took 0.815 seconds
[2024-12-12T08:29:31.581+0000] {processor.py:157} INFO - Started process (PID=1238) to work on /opt/airflow/dags/business_transform.py
[2024-12-12T08:29:31.582+0000] {processor.py:826} INFO - Processing file /opt/airflow/dags/business_transform.py for tasks to queue
[2024-12-12T08:29:31.583+0000] {logging_mixin.py:150} INFO - [2024-12-12T08:29:31.583+0000] {dagbag.py:541} INFO - Filling up the DagBag from /opt/airflow/dags/business_transform.py
[2024-12-12T08:29:32.079+0000] {processor.py:836} INFO - DAG(s) dict_keys(['fortune_500_data_processing']) retrieved from /opt/airflow/dags/business_transform.py
[2024-12-12T08:29:32.102+0000] {logging_mixin.py:150} INFO - [2024-12-12T08:29:32.102+0000] {dag.py:2742} INFO - Sync 1 DAGs
[2024-12-12T08:29:32.121+0000] {logging_mixin.py:150} INFO - [2024-12-12T08:29:32.121+0000] {dag.py:3508} INFO - Setting next_dagrun for fortune_500_data_processing to None, run_after=None
[2024-12-12T08:29:32.150+0000] {processor.py:179} INFO - Processing /opt/airflow/dags/business_transform.py took 0.573 seconds
[2024-12-12T08:30:02.594+0000] {processor.py:157} INFO - Started process (PID=1481) to work on /opt/airflow/dags/business_transform.py
[2024-12-12T08:30:02.599+0000] {processor.py:826} INFO - Processing file /opt/airflow/dags/business_transform.py for tasks to queue
[2024-12-12T08:30:02.601+0000] {logging_mixin.py:150} INFO - [2024-12-12T08:30:02.601+0000] {dagbag.py:541} INFO - Filling up the DagBag from /opt/airflow/dags/business_transform.py
[2024-12-12T08:30:03.265+0000] {processor.py:836} INFO - DAG(s) dict_keys(['fortune_500_data_processing']) retrieved from /opt/airflow/dags/business_transform.py
[2024-12-12T08:30:03.316+0000] {logging_mixin.py:150} INFO - [2024-12-12T08:30:03.315+0000] {dag.py:2742} INFO - Sync 1 DAGs
[2024-12-12T08:30:03.356+0000] {logging_mixin.py:150} INFO - [2024-12-12T08:30:03.355+0000] {dag.py:3508} INFO - Setting next_dagrun for fortune_500_data_processing to None, run_after=None
[2024-12-12T08:30:03.392+0000] {processor.py:179} INFO - Processing /opt/airflow/dags/business_transform.py took 0.803 seconds
[2024-12-12T08:30:33.824+0000] {processor.py:157} INFO - Started process (PID=1692) to work on /opt/airflow/dags/business_transform.py
[2024-12-12T08:30:33.830+0000] {processor.py:826} INFO - Processing file /opt/airflow/dags/business_transform.py for tasks to queue
[2024-12-12T08:30:33.832+0000] {logging_mixin.py:150} INFO - [2024-12-12T08:30:33.831+0000] {dagbag.py:541} INFO - Filling up the DagBag from /opt/airflow/dags/business_transform.py
[2024-12-12T08:30:34.524+0000] {processor.py:836} INFO - DAG(s) dict_keys(['fortune_500_data_processing']) retrieved from /opt/airflow/dags/business_transform.py
[2024-12-12T08:30:34.558+0000] {logging_mixin.py:150} INFO - [2024-12-12T08:30:34.557+0000] {dag.py:2742} INFO - Sync 1 DAGs
[2024-12-12T08:30:34.591+0000] {logging_mixin.py:150} INFO - [2024-12-12T08:30:34.591+0000] {dag.py:3508} INFO - Setting next_dagrun for fortune_500_data_processing to None, run_after=None
[2024-12-12T08:30:34.624+0000] {processor.py:179} INFO - Processing /opt/airflow/dags/business_transform.py took 0.808 seconds
[2024-12-12T08:31:05.551+0000] {processor.py:157} INFO - Started process (PID=1916) to work on /opt/airflow/dags/business_transform.py
[2024-12-12T08:31:05.552+0000] {processor.py:826} INFO - Processing file /opt/airflow/dags/business_transform.py for tasks to queue
[2024-12-12T08:31:05.554+0000] {logging_mixin.py:150} INFO - [2024-12-12T08:31:05.554+0000] {dagbag.py:541} INFO - Filling up the DagBag from /opt/airflow/dags/business_transform.py
[2024-12-12T08:31:06.163+0000] {processor.py:836} INFO - DAG(s) dict_keys(['fortune_500_data_processing']) retrieved from /opt/airflow/dags/business_transform.py
[2024-12-12T08:31:06.195+0000] {logging_mixin.py:150} INFO - [2024-12-12T08:31:06.194+0000] {dag.py:2742} INFO - Sync 1 DAGs
[2024-12-12T08:31:06.220+0000] {logging_mixin.py:150} INFO - [2024-12-12T08:31:06.220+0000] {dag.py:3508} INFO - Setting next_dagrun for fortune_500_data_processing to None, run_after=None
[2024-12-12T08:31:06.247+0000] {processor.py:179} INFO - Processing /opt/airflow/dags/business_transform.py took 0.702 seconds
[2024-12-12T08:31:36.711+0000] {processor.py:157} INFO - Started process (PID=2106) to work on /opt/airflow/dags/business_transform.py
[2024-12-12T08:31:36.713+0000] {processor.py:826} INFO - Processing file /opt/airflow/dags/business_transform.py for tasks to queue
[2024-12-12T08:31:36.716+0000] {logging_mixin.py:150} INFO - [2024-12-12T08:31:36.715+0000] {dagbag.py:541} INFO - Filling up the DagBag from /opt/airflow/dags/business_transform.py
[2024-12-12T08:31:37.400+0000] {processor.py:836} INFO - DAG(s) dict_keys(['fortune_500_data_processing']) retrieved from /opt/airflow/dags/business_transform.py
[2024-12-12T08:31:37.432+0000] {logging_mixin.py:150} INFO - [2024-12-12T08:31:37.431+0000] {dag.py:2742} INFO - Sync 1 DAGs
[2024-12-12T08:31:37.461+0000] {logging_mixin.py:150} INFO - [2024-12-12T08:31:37.461+0000] {dag.py:3508} INFO - Setting next_dagrun for fortune_500_data_processing to None, run_after=None
[2024-12-12T08:31:37.487+0000] {processor.py:179} INFO - Processing /opt/airflow/dags/business_transform.py took 0.786 seconds
[2024-12-12T08:32:08.078+0000] {processor.py:157} INFO - Started process (PID=2350) to work on /opt/airflow/dags/business_transform.py
[2024-12-12T08:32:08.079+0000] {processor.py:826} INFO - Processing file /opt/airflow/dags/business_transform.py for tasks to queue
[2024-12-12T08:32:08.080+0000] {logging_mixin.py:150} INFO - [2024-12-12T08:32:08.080+0000] {dagbag.py:541} INFO - Filling up the DagBag from /opt/airflow/dags/business_transform.py
[2024-12-12T08:32:08.536+0000] {processor.py:836} INFO - DAG(s) dict_keys(['fortune_500_data_processing']) retrieved from /opt/airflow/dags/business_transform.py
[2024-12-12T08:32:08.563+0000] {logging_mixin.py:150} INFO - [2024-12-12T08:32:08.562+0000] {dag.py:2742} INFO - Sync 1 DAGs
[2024-12-12T08:32:08.587+0000] {logging_mixin.py:150} INFO - [2024-12-12T08:32:08.587+0000] {dag.py:3508} INFO - Setting next_dagrun for fortune_500_data_processing to None, run_after=None
[2024-12-12T08:32:08.608+0000] {processor.py:179} INFO - Processing /opt/airflow/dags/business_transform.py took 0.536 seconds
[2024-12-12T08:32:38.874+0000] {processor.py:157} INFO - Started process (PID=2566) to work on /opt/airflow/dags/business_transform.py
[2024-12-12T08:32:38.876+0000] {processor.py:826} INFO - Processing file /opt/airflow/dags/business_transform.py for tasks to queue
[2024-12-12T08:32:38.878+0000] {logging_mixin.py:150} INFO - [2024-12-12T08:32:38.877+0000] {dagbag.py:541} INFO - Filling up the DagBag from /opt/airflow/dags/business_transform.py
[2024-12-12T08:32:39.323+0000] {processor.py:836} INFO - DAG(s) dict_keys(['fortune_500_data_processing']) retrieved from /opt/airflow/dags/business_transform.py
[2024-12-12T08:32:39.367+0000] {logging_mixin.py:150} INFO - [2024-12-12T08:32:39.366+0000] {dag.py:2742} INFO - Sync 1 DAGs
[2024-12-12T08:32:39.392+0000] {logging_mixin.py:150} INFO - [2024-12-12T08:32:39.392+0000] {dag.py:3508} INFO - Setting next_dagrun for fortune_500_data_processing to None, run_after=None
[2024-12-12T08:32:39.421+0000] {processor.py:179} INFO - Processing /opt/airflow/dags/business_transform.py took 0.553 seconds
[2024-12-12T08:33:09.570+0000] {processor.py:157} INFO - Started process (PID=2808) to work on /opt/airflow/dags/business_transform.py
[2024-12-12T08:33:09.571+0000] {processor.py:826} INFO - Processing file /opt/airflow/dags/business_transform.py for tasks to queue
[2024-12-12T08:33:09.573+0000] {logging_mixin.py:150} INFO - [2024-12-12T08:33:09.572+0000] {dagbag.py:541} INFO - Filling up the DagBag from /opt/airflow/dags/business_transform.py
[2024-12-12T08:33:10.168+0000] {processor.py:836} INFO - DAG(s) dict_keys(['fortune_500_data_processing']) retrieved from /opt/airflow/dags/business_transform.py
[2024-12-12T08:33:10.201+0000] {logging_mixin.py:150} INFO - [2024-12-12T08:33:10.200+0000] {dag.py:2742} INFO - Sync 1 DAGs
[2024-12-12T08:33:10.232+0000] {logging_mixin.py:150} INFO - [2024-12-12T08:33:10.232+0000] {dag.py:3508} INFO - Setting next_dagrun for fortune_500_data_processing to None, run_after=None
[2024-12-12T08:33:10.259+0000] {processor.py:179} INFO - Processing /opt/airflow/dags/business_transform.py took 0.695 seconds
[2024-12-12T08:33:40.767+0000] {processor.py:157} INFO - Started process (PID=3028) to work on /opt/airflow/dags/business_transform.py
[2024-12-12T08:33:40.768+0000] {processor.py:826} INFO - Processing file /opt/airflow/dags/business_transform.py for tasks to queue
[2024-12-12T08:33:40.770+0000] {logging_mixin.py:150} INFO - [2024-12-12T08:33:40.769+0000] {dagbag.py:541} INFO - Filling up the DagBag from /opt/airflow/dags/business_transform.py
[2024-12-12T08:33:41.200+0000] {processor.py:836} INFO - DAG(s) dict_keys(['fortune_500_data_processing']) retrieved from /opt/airflow/dags/business_transform.py
[2024-12-12T08:33:41.228+0000] {logging_mixin.py:150} INFO - [2024-12-12T08:33:41.228+0000] {dag.py:2742} INFO - Sync 1 DAGs
[2024-12-12T08:33:41.259+0000] {logging_mixin.py:150} INFO - [2024-12-12T08:33:41.259+0000] {dag.py:3508} INFO - Setting next_dagrun for fortune_500_data_processing to None, run_after=None
[2024-12-12T08:33:41.304+0000] {processor.py:179} INFO - Processing /opt/airflow/dags/business_transform.py took 0.541 seconds
[2024-12-12T08:34:11.712+0000] {processor.py:157} INFO - Started process (PID=3234) to work on /opt/airflow/dags/business_transform.py
[2024-12-12T08:34:11.714+0000] {processor.py:826} INFO - Processing file /opt/airflow/dags/business_transform.py for tasks to queue
[2024-12-12T08:34:11.716+0000] {logging_mixin.py:150} INFO - [2024-12-12T08:34:11.716+0000] {dagbag.py:541} INFO - Filling up the DagBag from /opt/airflow/dags/business_transform.py
[2024-12-12T08:34:12.237+0000] {processor.py:836} INFO - DAG(s) dict_keys(['fortune_500_data_processing']) retrieved from /opt/airflow/dags/business_transform.py
[2024-12-12T08:34:12.274+0000] {logging_mixin.py:150} INFO - [2024-12-12T08:34:12.272+0000] {dag.py:2742} INFO - Sync 1 DAGs
[2024-12-12T08:34:12.310+0000] {logging_mixin.py:150} INFO - [2024-12-12T08:34:12.310+0000] {dag.py:3508} INFO - Setting next_dagrun for fortune_500_data_processing to None, run_after=None
[2024-12-12T08:34:12.336+0000] {processor.py:179} INFO - Processing /opt/airflow/dags/business_transform.py took 0.631 seconds
[2024-12-12T08:34:42.953+0000] {processor.py:157} INFO - Started process (PID=3521) to work on /opt/airflow/dags/business_transform.py
[2024-12-12T08:34:42.955+0000] {processor.py:826} INFO - Processing file /opt/airflow/dags/business_transform.py for tasks to queue
[2024-12-12T08:34:42.957+0000] {logging_mixin.py:150} INFO - [2024-12-12T08:34:42.956+0000] {dagbag.py:541} INFO - Filling up the DagBag from /opt/airflow/dags/business_transform.py
[2024-12-12T08:34:43.431+0000] {processor.py:836} INFO - DAG(s) dict_keys(['fortune_500_data_processing']) retrieved from /opt/airflow/dags/business_transform.py
[2024-12-12T08:34:43.471+0000] {logging_mixin.py:150} INFO - [2024-12-12T08:34:43.470+0000] {dag.py:2742} INFO - Sync 1 DAGs
[2024-12-12T08:34:43.504+0000] {logging_mixin.py:150} INFO - [2024-12-12T08:34:43.504+0000] {dag.py:3508} INFO - Setting next_dagrun for fortune_500_data_processing to None, run_after=None
[2024-12-12T08:34:43.577+0000] {processor.py:179} INFO - Processing /opt/airflow/dags/business_transform.py took 0.628 seconds
[2024-12-12T08:35:14.049+0000] {processor.py:157} INFO - Started process (PID=3709) to work on /opt/airflow/dags/business_transform.py
[2024-12-12T08:35:14.050+0000] {processor.py:826} INFO - Processing file /opt/airflow/dags/business_transform.py for tasks to queue
[2024-12-12T08:35:14.051+0000] {logging_mixin.py:150} INFO - [2024-12-12T08:35:14.051+0000] {dagbag.py:541} INFO - Filling up the DagBag from /opt/airflow/dags/business_transform.py
[2024-12-12T08:35:14.500+0000] {processor.py:836} INFO - DAG(s) dict_keys(['fortune_500_data_processing']) retrieved from /opt/airflow/dags/business_transform.py
[2024-12-12T08:35:14.532+0000] {logging_mixin.py:150} INFO - [2024-12-12T08:35:14.531+0000] {dag.py:2742} INFO - Sync 1 DAGs
[2024-12-12T08:35:14.555+0000] {logging_mixin.py:150} INFO - [2024-12-12T08:35:14.555+0000] {dag.py:3508} INFO - Setting next_dagrun for fortune_500_data_processing to None, run_after=None
[2024-12-12T08:35:14.577+0000] {processor.py:179} INFO - Processing /opt/airflow/dags/business_transform.py took 0.534 seconds
[2024-12-12T08:35:45.740+0000] {processor.py:157} INFO - Started process (PID=3953) to work on /opt/airflow/dags/business_transform.py
[2024-12-12T08:35:45.750+0000] {processor.py:826} INFO - Processing file /opt/airflow/dags/business_transform.py for tasks to queue
[2024-12-12T08:35:45.752+0000] {logging_mixin.py:150} INFO - [2024-12-12T08:35:45.752+0000] {dagbag.py:541} INFO - Filling up the DagBag from /opt/airflow/dags/business_transform.py
[2024-12-12T08:35:46.239+0000] {processor.py:836} INFO - DAG(s) dict_keys(['fortune_500_data_processing']) retrieved from /opt/airflow/dags/business_transform.py
[2024-12-12T08:35:46.263+0000] {logging_mixin.py:150} INFO - [2024-12-12T08:35:46.263+0000] {dag.py:2742} INFO - Sync 1 DAGs
[2024-12-12T08:35:46.285+0000] {logging_mixin.py:150} INFO - [2024-12-12T08:35:46.284+0000] {dag.py:3508} INFO - Setting next_dagrun for fortune_500_data_processing to None, run_after=None
[2024-12-12T08:35:46.323+0000] {processor.py:179} INFO - Processing /opt/airflow/dags/business_transform.py took 0.588 seconds
[2024-12-12T08:36:17.130+0000] {processor.py:157} INFO - Started process (PID=4170) to work on /opt/airflow/dags/business_transform.py
[2024-12-12T08:36:17.132+0000] {processor.py:826} INFO - Processing file /opt/airflow/dags/business_transform.py for tasks to queue
[2024-12-12T08:36:17.133+0000] {logging_mixin.py:150} INFO - [2024-12-12T08:36:17.133+0000] {dagbag.py:541} INFO - Filling up the DagBag from /opt/airflow/dags/business_transform.py
[2024-12-12T08:36:17.643+0000] {processor.py:836} INFO - DAG(s) dict_keys(['fortune_500_data_processing']) retrieved from /opt/airflow/dags/business_transform.py
[2024-12-12T08:36:17.687+0000] {logging_mixin.py:150} INFO - [2024-12-12T08:36:17.685+0000] {dag.py:2742} INFO - Sync 1 DAGs
[2024-12-12T08:36:17.753+0000] {logging_mixin.py:150} INFO - [2024-12-12T08:36:17.753+0000] {dag.py:3508} INFO - Setting next_dagrun for fortune_500_data_processing to None, run_after=None
[2024-12-12T08:36:17.807+0000] {processor.py:179} INFO - Processing /opt/airflow/dags/business_transform.py took 0.683 seconds
[2024-12-12T08:36:48.011+0000] {processor.py:157} INFO - Started process (PID=4386) to work on /opt/airflow/dags/business_transform.py
[2024-12-12T08:36:48.012+0000] {processor.py:826} INFO - Processing file /opt/airflow/dags/business_transform.py for tasks to queue
[2024-12-12T08:36:48.013+0000] {logging_mixin.py:150} INFO - [2024-12-12T08:36:48.013+0000] {dagbag.py:541} INFO - Filling up the DagBag from /opt/airflow/dags/business_transform.py
[2024-12-12T08:36:48.588+0000] {processor.py:836} INFO - DAG(s) dict_keys(['fortune_500_data_processing']) retrieved from /opt/airflow/dags/business_transform.py
[2024-12-12T08:36:48.631+0000] {logging_mixin.py:150} INFO - [2024-12-12T08:36:48.630+0000] {dag.py:2742} INFO - Sync 1 DAGs
[2024-12-12T08:36:48.685+0000] {logging_mixin.py:150} INFO - [2024-12-12T08:36:48.684+0000] {dag.py:3508} INFO - Setting next_dagrun for fortune_500_data_processing to None, run_after=None
[2024-12-12T08:36:48.725+0000] {processor.py:179} INFO - Processing /opt/airflow/dags/business_transform.py took 0.718 seconds
[2024-12-12T08:37:19.496+0000] {processor.py:157} INFO - Started process (PID=4621) to work on /opt/airflow/dags/business_transform.py
[2024-12-12T08:37:19.498+0000] {processor.py:826} INFO - Processing file /opt/airflow/dags/business_transform.py for tasks to queue
[2024-12-12T08:37:19.499+0000] {logging_mixin.py:150} INFO - [2024-12-12T08:37:19.499+0000] {dagbag.py:541} INFO - Filling up the DagBag from /opt/airflow/dags/business_transform.py
[2024-12-12T08:37:19.967+0000] {processor.py:836} INFO - DAG(s) dict_keys(['fortune_500_data_processing']) retrieved from /opt/airflow/dags/business_transform.py
[2024-12-12T08:37:20.005+0000] {logging_mixin.py:150} INFO - [2024-12-12T08:37:20.004+0000] {dag.py:2742} INFO - Sync 1 DAGs
[2024-12-12T08:37:20.033+0000] {logging_mixin.py:150} INFO - [2024-12-12T08:37:20.032+0000] {dag.py:3508} INFO - Setting next_dagrun for fortune_500_data_processing to None, run_after=None
[2024-12-12T08:37:20.062+0000] {processor.py:179} INFO - Processing /opt/airflow/dags/business_transform.py took 0.572 seconds
[2024-12-12T08:37:50.581+0000] {processor.py:157} INFO - Started process (PID=4839) to work on /opt/airflow/dags/business_transform.py
[2024-12-12T08:37:50.583+0000] {processor.py:826} INFO - Processing file /opt/airflow/dags/business_transform.py for tasks to queue
[2024-12-12T08:37:50.585+0000] {logging_mixin.py:150} INFO - [2024-12-12T08:37:50.585+0000] {dagbag.py:541} INFO - Filling up the DagBag from /opt/airflow/dags/business_transform.py
[2024-12-12T08:37:51.094+0000] {processor.py:836} INFO - DAG(s) dict_keys(['fortune_500_data_processing']) retrieved from /opt/airflow/dags/business_transform.py
[2024-12-12T08:37:51.125+0000] {logging_mixin.py:150} INFO - [2024-12-12T08:37:51.125+0000] {dag.py:2742} INFO - Sync 1 DAGs
[2024-12-12T08:37:51.170+0000] {logging_mixin.py:150} INFO - [2024-12-12T08:37:51.170+0000] {dag.py:3508} INFO - Setting next_dagrun for fortune_500_data_processing to None, run_after=None
[2024-12-12T08:37:51.258+0000] {processor.py:179} INFO - Processing /opt/airflow/dags/business_transform.py took 0.682 seconds
[2024-12-12T08:38:41.847+0000] {processor.py:157} INFO - Started process (PID=354) to work on /opt/airflow/dags/business_transform.py
[2024-12-12T08:38:41.848+0000] {processor.py:826} INFO - Processing file /opt/airflow/dags/business_transform.py for tasks to queue
[2024-12-12T08:38:41.850+0000] {logging_mixin.py:150} INFO - [2024-12-12T08:38:41.849+0000] {dagbag.py:541} INFO - Filling up the DagBag from /opt/airflow/dags/business_transform.py
[2024-12-12T08:38:42.578+0000] {processor.py:836} INFO - DAG(s) dict_keys(['fortune_500_data_processing']) retrieved from /opt/airflow/dags/business_transform.py
[2024-12-12T08:38:42.591+0000] {logging_mixin.py:150} INFO - [2024-12-12T08:38:42.590+0000] {dag.py:2742} INFO - Sync 1 DAGs
[2024-12-12T08:38:42.616+0000] {logging_mixin.py:150} INFO - [2024-12-12T08:38:42.616+0000] {dag.py:3508} INFO - Setting next_dagrun for fortune_500_data_processing to None, run_after=None
[2024-12-12T08:38:42.638+0000] {processor.py:179} INFO - Processing /opt/airflow/dags/business_transform.py took 0.794 seconds
[2024-12-12T08:39:13.280+0000] {processor.py:157} INFO - Started process (PID=592) to work on /opt/airflow/dags/business_transform.py
[2024-12-12T08:39:13.282+0000] {processor.py:826} INFO - Processing file /opt/airflow/dags/business_transform.py for tasks to queue
[2024-12-12T08:39:13.284+0000] {logging_mixin.py:150} INFO - [2024-12-12T08:39:13.283+0000] {dagbag.py:541} INFO - Filling up the DagBag from /opt/airflow/dags/business_transform.py
[2024-12-12T08:39:14.149+0000] {processor.py:836} INFO - DAG(s) dict_keys(['fortune_500_data_processing']) retrieved from /opt/airflow/dags/business_transform.py
[2024-12-12T08:39:14.191+0000] {logging_mixin.py:150} INFO - [2024-12-12T08:39:14.190+0000] {dag.py:2742} INFO - Sync 1 DAGs
[2024-12-12T08:39:14.230+0000] {logging_mixin.py:150} INFO - [2024-12-12T08:39:14.229+0000] {dag.py:3508} INFO - Setting next_dagrun for fortune_500_data_processing to None, run_after=None
[2024-12-12T08:39:14.261+0000] {processor.py:179} INFO - Processing /opt/airflow/dags/business_transform.py took 0.987 seconds
[2024-12-12T08:39:44.343+0000] {processor.py:157} INFO - Started process (PID=888) to work on /opt/airflow/dags/business_transform.py
[2024-12-12T08:39:44.382+0000] {processor.py:826} INFO - Processing file /opt/airflow/dags/business_transform.py for tasks to queue
[2024-12-12T08:39:44.398+0000] {logging_mixin.py:150} INFO - [2024-12-12T08:39:44.397+0000] {dagbag.py:541} INFO - Filling up the DagBag from /opt/airflow/dags/business_transform.py
[2024-12-12T08:39:44.979+0000] {processor.py:836} INFO - DAG(s) dict_keys(['fortune_500_data_processing']) retrieved from /opt/airflow/dags/business_transform.py
[2024-12-12T08:39:45.019+0000] {logging_mixin.py:150} INFO - [2024-12-12T08:39:45.018+0000] {dag.py:2742} INFO - Sync 1 DAGs
[2024-12-12T08:39:45.046+0000] {logging_mixin.py:150} INFO - [2024-12-12T08:39:45.046+0000] {dag.py:3508} INFO - Setting next_dagrun for fortune_500_data_processing to None, run_after=None
[2024-12-12T08:39:45.063+0000] {processor.py:179} INFO - Processing /opt/airflow/dags/business_transform.py took 0.727 seconds
[2024-12-12T08:40:15.594+0000] {processor.py:157} INFO - Started process (PID=1131) to work on /opt/airflow/dags/business_transform.py
[2024-12-12T08:40:15.595+0000] {processor.py:826} INFO - Processing file /opt/airflow/dags/business_transform.py for tasks to queue
[2024-12-12T08:40:15.597+0000] {logging_mixin.py:150} INFO - [2024-12-12T08:40:15.596+0000] {dagbag.py:541} INFO - Filling up the DagBag from /opt/airflow/dags/business_transform.py
[2024-12-12T08:40:16.516+0000] {processor.py:836} INFO - DAG(s) dict_keys(['fortune_500_data_processing']) retrieved from /opt/airflow/dags/business_transform.py
[2024-12-12T08:40:16.555+0000] {logging_mixin.py:150} INFO - [2024-12-12T08:40:16.554+0000] {dag.py:2742} INFO - Sync 1 DAGs
[2024-12-12T08:40:16.596+0000] {logging_mixin.py:150} INFO - [2024-12-12T08:40:16.595+0000] {dag.py:3508} INFO - Setting next_dagrun for fortune_500_data_processing to None, run_after=None
[2024-12-12T08:40:16.629+0000] {processor.py:179} INFO - Processing /opt/airflow/dags/business_transform.py took 1.042 seconds
[2024-12-12T08:41:08.836+0000] {processor.py:157} INFO - Started process (PID=354) to work on /opt/airflow/dags/business_transform.py
[2024-12-12T08:41:08.838+0000] {processor.py:826} INFO - Processing file /opt/airflow/dags/business_transform.py for tasks to queue
[2024-12-12T08:41:08.840+0000] {logging_mixin.py:150} INFO - [2024-12-12T08:41:08.839+0000] {dagbag.py:541} INFO - Filling up the DagBag from /opt/airflow/dags/business_transform.py
[2024-12-12T08:41:09.622+0000] {processor.py:836} INFO - DAG(s) dict_keys(['fortune_500_data_processing']) retrieved from /opt/airflow/dags/business_transform.py
[2024-12-12T08:41:09.636+0000] {logging_mixin.py:150} INFO - [2024-12-12T08:41:09.636+0000] {dag.py:2742} INFO - Sync 1 DAGs
[2024-12-12T08:41:09.670+0000] {logging_mixin.py:150} INFO - [2024-12-12T08:41:09.670+0000] {dag.py:3508} INFO - Setting next_dagrun for fortune_500_data_processing to None, run_after=None
[2024-12-12T08:41:09.704+0000] {processor.py:179} INFO - Processing /opt/airflow/dags/business_transform.py took 0.874 seconds
[2024-12-12T08:41:40.156+0000] {processor.py:157} INFO - Started process (PID=593) to work on /opt/airflow/dags/business_transform.py
[2024-12-12T08:41:40.158+0000] {processor.py:826} INFO - Processing file /opt/airflow/dags/business_transform.py for tasks to queue
[2024-12-12T08:41:40.159+0000] {logging_mixin.py:150} INFO - [2024-12-12T08:41:40.159+0000] {dagbag.py:541} INFO - Filling up the DagBag from /opt/airflow/dags/business_transform.py
[2024-12-12T08:41:40.833+0000] {processor.py:836} INFO - DAG(s) dict_keys(['fortune_500_data_processing']) retrieved from /opt/airflow/dags/business_transform.py
[2024-12-12T08:41:40.868+0000] {logging_mixin.py:150} INFO - [2024-12-12T08:41:40.868+0000] {dag.py:2742} INFO - Sync 1 DAGs
[2024-12-12T08:41:40.899+0000] {logging_mixin.py:150} INFO - [2024-12-12T08:41:40.899+0000] {dag.py:3508} INFO - Setting next_dagrun for fortune_500_data_processing to None, run_after=None
[2024-12-12T08:41:40.927+0000] {processor.py:179} INFO - Processing /opt/airflow/dags/business_transform.py took 0.774 seconds
[2024-12-12T08:42:11.208+0000] {processor.py:157} INFO - Started process (PID=810) to work on /opt/airflow/dags/business_transform.py
[2024-12-12T08:42:11.210+0000] {processor.py:826} INFO - Processing file /opt/airflow/dags/business_transform.py for tasks to queue
[2024-12-12T08:42:11.211+0000] {logging_mixin.py:150} INFO - [2024-12-12T08:42:11.211+0000] {dagbag.py:541} INFO - Filling up the DagBag from /opt/airflow/dags/business_transform.py
[2024-12-12T08:42:11.764+0000] {processor.py:836} INFO - DAG(s) dict_keys(['fortune_500_data_processing']) retrieved from /opt/airflow/dags/business_transform.py
[2024-12-12T08:42:11.792+0000] {logging_mixin.py:150} INFO - [2024-12-12T08:42:11.791+0000] {dag.py:2742} INFO - Sync 1 DAGs
[2024-12-12T08:42:11.821+0000] {logging_mixin.py:150} INFO - [2024-12-12T08:42:11.821+0000] {dag.py:3508} INFO - Setting next_dagrun for fortune_500_data_processing to None, run_after=None
[2024-12-12T08:42:11.843+0000] {processor.py:179} INFO - Processing /opt/airflow/dags/business_transform.py took 0.638 seconds
[2024-12-12T08:42:42.020+0000] {processor.py:157} INFO - Started process (PID=1027) to work on /opt/airflow/dags/business_transform.py
[2024-12-12T08:42:42.021+0000] {processor.py:826} INFO - Processing file /opt/airflow/dags/business_transform.py for tasks to queue
[2024-12-12T08:42:42.022+0000] {logging_mixin.py:150} INFO - [2024-12-12T08:42:42.022+0000] {dagbag.py:541} INFO - Filling up the DagBag from /opt/airflow/dags/business_transform.py
[2024-12-12T08:42:42.567+0000] {processor.py:836} INFO - DAG(s) dict_keys(['fortune_500_data_processing']) retrieved from /opt/airflow/dags/business_transform.py
[2024-12-12T08:42:42.599+0000] {logging_mixin.py:150} INFO - [2024-12-12T08:42:42.598+0000] {dag.py:2742} INFO - Sync 1 DAGs
[2024-12-12T08:42:42.623+0000] {logging_mixin.py:150} INFO - [2024-12-12T08:42:42.623+0000] {dag.py:3508} INFO - Setting next_dagrun for fortune_500_data_processing to None, run_after=None
[2024-12-12T08:42:42.659+0000] {processor.py:179} INFO - Processing /opt/airflow/dags/business_transform.py took 0.642 seconds
[2024-12-12T08:43:13.206+0000] {processor.py:157} INFO - Started process (PID=1242) to work on /opt/airflow/dags/business_transform.py
[2024-12-12T08:43:13.208+0000] {processor.py:826} INFO - Processing file /opt/airflow/dags/business_transform.py for tasks to queue
[2024-12-12T08:43:13.210+0000] {logging_mixin.py:150} INFO - [2024-12-12T08:43:13.210+0000] {dagbag.py:541} INFO - Filling up the DagBag from /opt/airflow/dags/business_transform.py
[2024-12-12T08:43:13.849+0000] {processor.py:836} INFO - DAG(s) dict_keys(['fortune_500_data_processing']) retrieved from /opt/airflow/dags/business_transform.py
[2024-12-12T08:43:13.884+0000] {logging_mixin.py:150} INFO - [2024-12-12T08:43:13.883+0000] {dag.py:2742} INFO - Sync 1 DAGs
[2024-12-12T08:43:13.922+0000] {logging_mixin.py:150} INFO - [2024-12-12T08:43:13.922+0000] {dag.py:3508} INFO - Setting next_dagrun for fortune_500_data_processing to None, run_after=None
[2024-12-12T08:43:13.950+0000] {processor.py:179} INFO - Processing /opt/airflow/dags/business_transform.py took 0.751 seconds
[2024-12-12T08:43:44.326+0000] {processor.py:157} INFO - Started process (PID=1461) to work on /opt/airflow/dags/business_transform.py
[2024-12-12T08:43:44.327+0000] {processor.py:826} INFO - Processing file /opt/airflow/dags/business_transform.py for tasks to queue
[2024-12-12T08:43:44.328+0000] {logging_mixin.py:150} INFO - [2024-12-12T08:43:44.328+0000] {dagbag.py:541} INFO - Filling up the DagBag from /opt/airflow/dags/business_transform.py
[2024-12-12T08:43:44.953+0000] {processor.py:836} INFO - DAG(s) dict_keys(['fortune_500_data_processing']) retrieved from /opt/airflow/dags/business_transform.py
[2024-12-12T08:43:44.986+0000] {logging_mixin.py:150} INFO - [2024-12-12T08:43:44.986+0000] {dag.py:2742} INFO - Sync 1 DAGs
[2024-12-12T08:43:45.007+0000] {logging_mixin.py:150} INFO - [2024-12-12T08:43:45.007+0000] {dag.py:3508} INFO - Setting next_dagrun for fortune_500_data_processing to None, run_after=None
[2024-12-12T08:43:45.036+0000] {processor.py:179} INFO - Processing /opt/airflow/dags/business_transform.py took 0.712 seconds
[2024-12-12T08:44:15.739+0000] {processor.py:157} INFO - Started process (PID=1676) to work on /opt/airflow/dags/business_transform.py
[2024-12-12T08:44:15.741+0000] {processor.py:826} INFO - Processing file /opt/airflow/dags/business_transform.py for tasks to queue
[2024-12-12T08:44:15.742+0000] {logging_mixin.py:150} INFO - [2024-12-12T08:44:15.742+0000] {dagbag.py:541} INFO - Filling up the DagBag from /opt/airflow/dags/business_transform.py
[2024-12-12T08:44:16.450+0000] {processor.py:836} INFO - DAG(s) dict_keys(['fortune_500_data_processing']) retrieved from /opt/airflow/dags/business_transform.py
[2024-12-12T08:44:16.482+0000] {logging_mixin.py:150} INFO - [2024-12-12T08:44:16.481+0000] {dag.py:2742} INFO - Sync 1 DAGs
[2024-12-12T08:44:16.512+0000] {logging_mixin.py:150} INFO - [2024-12-12T08:44:16.512+0000] {dag.py:3508} INFO - Setting next_dagrun for fortune_500_data_processing to None, run_after=None
[2024-12-12T08:44:16.543+0000] {processor.py:179} INFO - Processing /opt/airflow/dags/business_transform.py took 0.810 seconds
[2024-12-12T08:44:47.521+0000] {processor.py:157} INFO - Started process (PID=1945) to work on /opt/airflow/dags/business_transform.py
[2024-12-12T08:44:47.523+0000] {processor.py:826} INFO - Processing file /opt/airflow/dags/business_transform.py for tasks to queue
[2024-12-12T08:44:47.525+0000] {logging_mixin.py:150} INFO - [2024-12-12T08:44:47.524+0000] {dagbag.py:541} INFO - Filling up the DagBag from /opt/airflow/dags/business_transform.py
[2024-12-12T08:44:48.272+0000] {processor.py:836} INFO - DAG(s) dict_keys(['fortune_500_data_processing']) retrieved from /opt/airflow/dags/business_transform.py
[2024-12-12T08:44:48.309+0000] {logging_mixin.py:150} INFO - [2024-12-12T08:44:48.308+0000] {dag.py:2742} INFO - Sync 1 DAGs
[2024-12-12T08:44:48.345+0000] {logging_mixin.py:150} INFO - [2024-12-12T08:44:48.344+0000] {dag.py:3508} INFO - Setting next_dagrun for fortune_500_data_processing to None, run_after=None
[2024-12-12T08:44:48.380+0000] {processor.py:179} INFO - Processing /opt/airflow/dags/business_transform.py took 0.865 seconds
[2024-12-12T08:45:18.750+0000] {processor.py:157} INFO - Started process (PID=2164) to work on /opt/airflow/dags/business_transform.py
[2024-12-12T08:45:18.751+0000] {processor.py:826} INFO - Processing file /opt/airflow/dags/business_transform.py for tasks to queue
[2024-12-12T08:45:18.753+0000] {logging_mixin.py:150} INFO - [2024-12-12T08:45:18.752+0000] {dagbag.py:541} INFO - Filling up the DagBag from /opt/airflow/dags/business_transform.py
[2024-12-12T08:45:19.175+0000] {processor.py:836} INFO - DAG(s) dict_keys(['fortune_500_data_processing']) retrieved from /opt/airflow/dags/business_transform.py
[2024-12-12T08:45:19.210+0000] {logging_mixin.py:150} INFO - [2024-12-12T08:45:19.210+0000] {dag.py:2742} INFO - Sync 1 DAGs
[2024-12-12T08:45:19.240+0000] {logging_mixin.py:150} INFO - [2024-12-12T08:45:19.240+0000] {dag.py:3508} INFO - Setting next_dagrun for fortune_500_data_processing to None, run_after=None
[2024-12-12T08:45:19.276+0000] {processor.py:179} INFO - Processing /opt/airflow/dags/business_transform.py took 0.530 seconds
[2024-12-12T08:45:50.125+0000] {processor.py:157} INFO - Started process (PID=2379) to work on /opt/airflow/dags/business_transform.py
[2024-12-12T08:45:50.127+0000] {processor.py:826} INFO - Processing file /opt/airflow/dags/business_transform.py for tasks to queue
[2024-12-12T08:45:50.128+0000] {logging_mixin.py:150} INFO - [2024-12-12T08:45:50.128+0000] {dagbag.py:541} INFO - Filling up the DagBag from /opt/airflow/dags/business_transform.py
[2024-12-12T08:45:50.537+0000] {processor.py:836} INFO - DAG(s) dict_keys(['fortune_500_data_processing']) retrieved from /opt/airflow/dags/business_transform.py
[2024-12-12T08:45:50.563+0000] {logging_mixin.py:150} INFO - [2024-12-12T08:45:50.562+0000] {dag.py:2742} INFO - Sync 1 DAGs
[2024-12-12T08:45:50.589+0000] {logging_mixin.py:150} INFO - [2024-12-12T08:45:50.589+0000] {dag.py:3508} INFO - Setting next_dagrun for fortune_500_data_processing to None, run_after=None
[2024-12-12T08:45:50.610+0000] {processor.py:179} INFO - Processing /opt/airflow/dags/business_transform.py took 0.491 seconds
[2024-12-12T08:46:21.004+0000] {processor.py:157} INFO - Started process (PID=2596) to work on /opt/airflow/dags/business_transform.py
[2024-12-12T08:46:21.007+0000] {processor.py:826} INFO - Processing file /opt/airflow/dags/business_transform.py for tasks to queue
[2024-12-12T08:46:21.009+0000] {logging_mixin.py:150} INFO - [2024-12-12T08:46:21.009+0000] {dagbag.py:541} INFO - Filling up the DagBag from /opt/airflow/dags/business_transform.py
[2024-12-12T08:46:21.430+0000] {processor.py:836} INFO - DAG(s) dict_keys(['fortune_500_data_processing']) retrieved from /opt/airflow/dags/business_transform.py
[2024-12-12T08:46:21.472+0000] {logging_mixin.py:150} INFO - [2024-12-12T08:46:21.471+0000] {dag.py:2742} INFO - Sync 1 DAGs
[2024-12-12T08:46:21.518+0000] {logging_mixin.py:150} INFO - [2024-12-12T08:46:21.518+0000] {dag.py:3508} INFO - Setting next_dagrun for fortune_500_data_processing to None, run_after=None
[2024-12-12T08:46:21.554+0000] {processor.py:179} INFO - Processing /opt/airflow/dags/business_transform.py took 0.556 seconds
[2024-12-12T08:46:51.693+0000] {processor.py:157} INFO - Started process (PID=2813) to work on /opt/airflow/dags/business_transform.py
[2024-12-12T08:46:51.695+0000] {processor.py:826} INFO - Processing file /opt/airflow/dags/business_transform.py for tasks to queue
[2024-12-12T08:46:51.696+0000] {logging_mixin.py:150} INFO - [2024-12-12T08:46:51.696+0000] {dagbag.py:541} INFO - Filling up the DagBag from /opt/airflow/dags/business_transform.py
[2024-12-12T08:46:52.192+0000] {processor.py:836} INFO - DAG(s) dict_keys(['fortune_500_data_processing']) retrieved from /opt/airflow/dags/business_transform.py
[2024-12-12T08:46:52.238+0000] {logging_mixin.py:150} INFO - [2024-12-12T08:46:52.238+0000] {dag.py:2742} INFO - Sync 1 DAGs
[2024-12-12T08:46:52.272+0000] {logging_mixin.py:150} INFO - [2024-12-12T08:46:52.272+0000] {dag.py:3508} INFO - Setting next_dagrun for fortune_500_data_processing to None, run_after=None
[2024-12-12T08:46:52.299+0000] {processor.py:179} INFO - Processing /opt/airflow/dags/business_transform.py took 0.611 seconds
[2024-12-12T08:47:22.822+0000] {processor.py:157} INFO - Started process (PID=3030) to work on /opt/airflow/dags/business_transform.py
[2024-12-12T08:47:22.824+0000] {processor.py:826} INFO - Processing file /opt/airflow/dags/business_transform.py for tasks to queue
[2024-12-12T08:47:22.825+0000] {logging_mixin.py:150} INFO - [2024-12-12T08:47:22.824+0000] {dagbag.py:541} INFO - Filling up the DagBag from /opt/airflow/dags/business_transform.py
[2024-12-12T08:47:23.321+0000] {processor.py:836} INFO - DAG(s) dict_keys(['fortune_500_data_processing']) retrieved from /opt/airflow/dags/business_transform.py
[2024-12-12T08:47:23.353+0000] {logging_mixin.py:150} INFO - [2024-12-12T08:47:23.353+0000] {dag.py:2742} INFO - Sync 1 DAGs
[2024-12-12T08:47:23.392+0000] {logging_mixin.py:150} INFO - [2024-12-12T08:47:23.391+0000] {dag.py:3508} INFO - Setting next_dagrun for fortune_500_data_processing to None, run_after=None
[2024-12-12T08:47:23.423+0000] {processor.py:179} INFO - Processing /opt/airflow/dags/business_transform.py took 0.603 seconds
[2024-12-12T08:47:53.898+0000] {processor.py:157} INFO - Started process (PID=3276) to work on /opt/airflow/dags/business_transform.py
[2024-12-12T08:47:53.900+0000] {processor.py:826} INFO - Processing file /opt/airflow/dags/business_transform.py for tasks to queue
[2024-12-12T08:47:53.904+0000] {logging_mixin.py:150} INFO - [2024-12-12T08:47:53.904+0000] {dagbag.py:541} INFO - Filling up the DagBag from /opt/airflow/dags/business_transform.py
[2024-12-12T08:47:54.457+0000] {processor.py:836} INFO - DAG(s) dict_keys(['fortune_500_data_processing']) retrieved from /opt/airflow/dags/business_transform.py
[2024-12-12T08:47:54.484+0000] {logging_mixin.py:150} INFO - [2024-12-12T08:47:54.484+0000] {dag.py:2742} INFO - Sync 1 DAGs
[2024-12-12T08:47:54.514+0000] {logging_mixin.py:150} INFO - [2024-12-12T08:47:54.514+0000] {dag.py:3508} INFO - Setting next_dagrun for fortune_500_data_processing to None, run_after=None
[2024-12-12T08:47:54.547+0000] {processor.py:179} INFO - Processing /opt/airflow/dags/business_transform.py took 0.666 seconds
[2024-12-12T08:48:25.233+0000] {processor.py:157} INFO - Started process (PID=3476) to work on /opt/airflow/dags/business_transform.py
[2024-12-12T08:48:25.235+0000] {processor.py:826} INFO - Processing file /opt/airflow/dags/business_transform.py for tasks to queue
[2024-12-12T08:48:25.236+0000] {logging_mixin.py:150} INFO - [2024-12-12T08:48:25.236+0000] {dagbag.py:541} INFO - Filling up the DagBag from /opt/airflow/dags/business_transform.py
[2024-12-12T08:48:25.879+0000] {processor.py:836} INFO - DAG(s) dict_keys(['fortune_500_data_processing']) retrieved from /opt/airflow/dags/business_transform.py
[2024-12-12T08:48:25.922+0000] {logging_mixin.py:150} INFO - [2024-12-12T08:48:25.921+0000] {dag.py:2742} INFO - Sync 1 DAGs
[2024-12-12T08:48:25.971+0000] {logging_mixin.py:150} INFO - [2024-12-12T08:48:25.970+0000] {dag.py:3508} INFO - Setting next_dagrun for fortune_500_data_processing to None, run_after=None
[2024-12-12T08:48:26.001+0000] {processor.py:179} INFO - Processing /opt/airflow/dags/business_transform.py took 0.774 seconds
[2024-12-12T08:48:56.605+0000] {processor.py:157} INFO - Started process (PID=3693) to work on /opt/airflow/dags/business_transform.py
[2024-12-12T08:48:56.606+0000] {processor.py:826} INFO - Processing file /opt/airflow/dags/business_transform.py for tasks to queue
[2024-12-12T08:48:56.608+0000] {logging_mixin.py:150} INFO - [2024-12-12T08:48:56.607+0000] {dagbag.py:541} INFO - Filling up the DagBag from /opt/airflow/dags/business_transform.py
[2024-12-12T08:48:57.071+0000] {processor.py:836} INFO - DAG(s) dict_keys(['fortune_500_data_processing']) retrieved from /opt/airflow/dags/business_transform.py
[2024-12-12T08:48:57.104+0000] {logging_mixin.py:150} INFO - [2024-12-12T08:48:57.103+0000] {dag.py:2742} INFO - Sync 1 DAGs
[2024-12-12T08:48:57.142+0000] {logging_mixin.py:150} INFO - [2024-12-12T08:48:57.142+0000] {dag.py:3508} INFO - Setting next_dagrun for fortune_500_data_processing to None, run_after=None
[2024-12-12T08:48:57.171+0000] {processor.py:179} INFO - Processing /opt/airflow/dags/business_transform.py took 0.572 seconds
[2024-12-12T08:49:28.422+0000] {processor.py:157} INFO - Started process (PID=3937) to work on /opt/airflow/dags/business_transform.py
[2024-12-12T08:49:28.424+0000] {processor.py:826} INFO - Processing file /opt/airflow/dags/business_transform.py for tasks to queue
[2024-12-12T08:49:28.426+0000] {logging_mixin.py:150} INFO - [2024-12-12T08:49:28.425+0000] {dagbag.py:541} INFO - Filling up the DagBag from /opt/airflow/dags/business_transform.py
[2024-12-12T08:49:28.956+0000] {processor.py:836} INFO - DAG(s) dict_keys(['fortune_500_data_processing']) retrieved from /opt/airflow/dags/business_transform.py
[2024-12-12T08:49:28.999+0000] {logging_mixin.py:150} INFO - [2024-12-12T08:49:28.998+0000] {dag.py:2742} INFO - Sync 1 DAGs
[2024-12-12T08:49:29.028+0000] {logging_mixin.py:150} INFO - [2024-12-12T08:49:29.028+0000] {dag.py:3508} INFO - Setting next_dagrun for fortune_500_data_processing to None, run_after=None
[2024-12-12T08:49:29.061+0000] {processor.py:179} INFO - Processing /opt/airflow/dags/business_transform.py took 0.644 seconds
[2024-12-12T08:49:59.460+0000] {processor.py:157} INFO - Started process (PID=4156) to work on /opt/airflow/dags/business_transform.py
[2024-12-12T08:49:59.461+0000] {processor.py:826} INFO - Processing file /opt/airflow/dags/business_transform.py for tasks to queue
[2024-12-12T08:49:59.462+0000] {logging_mixin.py:150} INFO - [2024-12-12T08:49:59.462+0000] {dagbag.py:541} INFO - Filling up the DagBag from /opt/airflow/dags/business_transform.py
[2024-12-12T08:49:59.918+0000] {processor.py:836} INFO - DAG(s) dict_keys(['fortune_500_data_processing']) retrieved from /opt/airflow/dags/business_transform.py
[2024-12-12T08:49:59.957+0000] {logging_mixin.py:150} INFO - [2024-12-12T08:49:59.956+0000] {dag.py:2742} INFO - Sync 1 DAGs
[2024-12-12T08:49:59.979+0000] {logging_mixin.py:150} INFO - [2024-12-12T08:49:59.979+0000] {dag.py:3508} INFO - Setting next_dagrun for fortune_500_data_processing to None, run_after=None
[2024-12-12T08:50:00.004+0000] {processor.py:179} INFO - Processing /opt/airflow/dags/business_transform.py took 0.547 seconds
[2024-12-12T08:50:30.213+0000] {processor.py:157} INFO - Started process (PID=4373) to work on /opt/airflow/dags/business_transform.py
[2024-12-12T08:50:30.216+0000] {processor.py:826} INFO - Processing file /opt/airflow/dags/business_transform.py for tasks to queue
[2024-12-12T08:50:30.220+0000] {logging_mixin.py:150} INFO - [2024-12-12T08:50:30.219+0000] {dagbag.py:541} INFO - Filling up the DagBag from /opt/airflow/dags/business_transform.py
[2024-12-12T08:50:30.722+0000] {processor.py:836} INFO - DAG(s) dict_keys(['fortune_500_data_processing']) retrieved from /opt/airflow/dags/business_transform.py
[2024-12-12T08:50:30.764+0000] {logging_mixin.py:150} INFO - [2024-12-12T08:50:30.763+0000] {dag.py:2742} INFO - Sync 1 DAGs
[2024-12-12T08:50:30.799+0000] {logging_mixin.py:150} INFO - [2024-12-12T08:50:30.799+0000] {dag.py:3508} INFO - Setting next_dagrun for fortune_500_data_processing to None, run_after=None
[2024-12-12T08:50:30.829+0000] {processor.py:179} INFO - Processing /opt/airflow/dags/business_transform.py took 0.622 seconds
[2024-12-12T08:51:01.010+0000] {processor.py:157} INFO - Started process (PID=4561) to work on /opt/airflow/dags/business_transform.py
[2024-12-12T08:51:01.011+0000] {processor.py:826} INFO - Processing file /opt/airflow/dags/business_transform.py for tasks to queue
[2024-12-12T08:51:01.013+0000] {logging_mixin.py:150} INFO - [2024-12-12T08:51:01.012+0000] {dagbag.py:541} INFO - Filling up the DagBag from /opt/airflow/dags/business_transform.py
[2024-12-12T08:51:01.525+0000] {processor.py:836} INFO - DAG(s) dict_keys(['fortune_500_data_processing']) retrieved from /opt/airflow/dags/business_transform.py
[2024-12-12T08:51:01.573+0000] {logging_mixin.py:150} INFO - [2024-12-12T08:51:01.570+0000] {dag.py:2742} INFO - Sync 1 DAGs
[2024-12-12T08:51:01.612+0000] {logging_mixin.py:150} INFO - [2024-12-12T08:51:01.612+0000] {dag.py:3508} INFO - Setting next_dagrun for fortune_500_data_processing to None, run_after=None
[2024-12-12T08:51:01.644+0000] {processor.py:179} INFO - Processing /opt/airflow/dags/business_transform.py took 0.637 seconds
[2024-12-12T08:51:32.325+0000] {processor.py:157} INFO - Started process (PID=4793) to work on /opt/airflow/dags/business_transform.py
[2024-12-12T08:51:32.329+0000] {processor.py:826} INFO - Processing file /opt/airflow/dags/business_transform.py for tasks to queue
[2024-12-12T08:51:32.331+0000] {logging_mixin.py:150} INFO - [2024-12-12T08:51:32.331+0000] {dagbag.py:541} INFO - Filling up the DagBag from /opt/airflow/dags/business_transform.py
[2024-12-12T08:51:32.914+0000] {processor.py:836} INFO - DAG(s) dict_keys(['fortune_500_data_processing']) retrieved from /opt/airflow/dags/business_transform.py
[2024-12-12T08:51:32.961+0000] {logging_mixin.py:150} INFO - [2024-12-12T08:51:32.960+0000] {dag.py:2742} INFO - Sync 1 DAGs
[2024-12-12T08:51:33.006+0000] {logging_mixin.py:150} INFO - [2024-12-12T08:51:33.006+0000] {dag.py:3508} INFO - Setting next_dagrun for fortune_500_data_processing to None, run_after=None
[2024-12-12T08:51:33.043+0000] {processor.py:179} INFO - Processing /opt/airflow/dags/business_transform.py took 0.724 seconds
