[2024-12-12T08:27:25.447+0000] {processor.py:157} INFO - Started process (PID=237) to work on /opt/airflow/dags/fetch_weather_data.py
[2024-12-12T08:27:25.449+0000] {processor.py:826} INFO - Processing file /opt/airflow/dags/fetch_weather_data.py for tasks to queue
[2024-12-12T08:27:25.450+0000] {logging_mixin.py:150} INFO - [2024-12-12T08:27:25.450+0000] {dagbag.py:541} INFO - Filling up the DagBag from /opt/airflow/dags/fetch_weather_data.py
[2024-12-12T08:27:26.139+0000] {processor.py:836} INFO - DAG(s) dict_keys(['noaa_data_fetch']) retrieved from /opt/airflow/dags/fetch_weather_data.py
[2024-12-12T08:27:26.169+0000] {logging_mixin.py:150} INFO - [2024-12-12T08:27:26.168+0000] {dag.py:2742} INFO - Sync 1 DAGs
[2024-12-12T08:27:26.216+0000] {logging_mixin.py:150} INFO - [2024-12-12T08:27:26.216+0000] {dag.py:3508} INFO - Setting next_dagrun for noaa_data_fetch to 2024-12-11T00:00:00+00:00, run_after=2024-12-12T00:00:00+00:00
[2024-12-12T08:27:26.253+0000] {processor.py:179} INFO - Processing /opt/airflow/dags/fetch_weather_data.py took 0.810 seconds
[2024-12-12T08:27:56.661+0000] {processor.py:157} INFO - Started process (PID=490) to work on /opt/airflow/dags/fetch_weather_data.py
[2024-12-12T08:27:56.663+0000] {processor.py:826} INFO - Processing file /opt/airflow/dags/fetch_weather_data.py for tasks to queue
[2024-12-12T08:27:56.664+0000] {logging_mixin.py:150} INFO - [2024-12-12T08:27:56.664+0000] {dagbag.py:541} INFO - Filling up the DagBag from /opt/airflow/dags/fetch_weather_data.py
[2024-12-12T08:27:57.421+0000] {processor.py:836} INFO - DAG(s) dict_keys(['noaa_data_fetch']) retrieved from /opt/airflow/dags/fetch_weather_data.py
[2024-12-12T08:27:57.457+0000] {logging_mixin.py:150} INFO - [2024-12-12T08:27:57.456+0000] {dag.py:2742} INFO - Sync 1 DAGs
[2024-12-12T08:27:57.494+0000] {logging_mixin.py:150} INFO - [2024-12-12T08:27:57.494+0000] {dag.py:3508} INFO - Setting next_dagrun for noaa_data_fetch to 2024-12-11T00:00:00+00:00, run_after=2024-12-12T00:00:00+00:00
[2024-12-12T08:27:57.531+0000] {processor.py:179} INFO - Processing /opt/airflow/dags/fetch_weather_data.py took 0.874 seconds
[2024-12-12T08:28:28.227+0000] {processor.py:157} INFO - Started process (PID=750) to work on /opt/airflow/dags/fetch_weather_data.py
[2024-12-12T08:28:28.229+0000] {processor.py:826} INFO - Processing file /opt/airflow/dags/fetch_weather_data.py for tasks to queue
[2024-12-12T08:28:28.230+0000] {logging_mixin.py:150} INFO - [2024-12-12T08:28:28.230+0000] {dagbag.py:541} INFO - Filling up the DagBag from /opt/airflow/dags/fetch_weather_data.py
[2024-12-12T08:28:28.902+0000] {processor.py:836} INFO - DAG(s) dict_keys(['noaa_data_fetch']) retrieved from /opt/airflow/dags/fetch_weather_data.py
[2024-12-12T08:28:28.937+0000] {logging_mixin.py:150} INFO - [2024-12-12T08:28:28.936+0000] {dag.py:2742} INFO - Sync 1 DAGs
[2024-12-12T08:28:28.964+0000] {logging_mixin.py:150} INFO - [2024-12-12T08:28:28.964+0000] {dag.py:3508} INFO - Setting next_dagrun for noaa_data_fetch to 2024-12-11T00:00:00+00:00, run_after=2024-12-12T00:00:00+00:00
[2024-12-12T08:28:28.983+0000] {processor.py:179} INFO - Processing /opt/airflow/dags/fetch_weather_data.py took 0.759 seconds
[2024-12-12T08:28:59.376+0000] {processor.py:157} INFO - Started process (PID=967) to work on /opt/airflow/dags/fetch_weather_data.py
[2024-12-12T08:28:59.377+0000] {processor.py:826} INFO - Processing file /opt/airflow/dags/fetch_weather_data.py for tasks to queue
[2024-12-12T08:28:59.379+0000] {logging_mixin.py:150} INFO - [2024-12-12T08:28:59.379+0000] {dagbag.py:541} INFO - Filling up the DagBag from /opt/airflow/dags/fetch_weather_data.py
[2024-12-12T08:28:59.963+0000] {processor.py:836} INFO - DAG(s) dict_keys(['noaa_data_fetch']) retrieved from /opt/airflow/dags/fetch_weather_data.py
[2024-12-12T08:28:59.986+0000] {logging_mixin.py:150} INFO - [2024-12-12T08:28:59.986+0000] {dag.py:2742} INFO - Sync 1 DAGs
[2024-12-12T08:29:00.005+0000] {logging_mixin.py:150} INFO - [2024-12-12T08:29:00.005+0000] {dag.py:3508} INFO - Setting next_dagrun for noaa_data_fetch to 2024-12-11T00:00:00+00:00, run_after=2024-12-12T00:00:00+00:00
[2024-12-12T08:29:00.029+0000] {processor.py:179} INFO - Processing /opt/airflow/dags/fetch_weather_data.py took 0.658 seconds
[2024-12-12T08:29:30.659+0000] {processor.py:157} INFO - Started process (PID=1184) to work on /opt/airflow/dags/fetch_weather_data.py
[2024-12-12T08:29:30.661+0000] {processor.py:826} INFO - Processing file /opt/airflow/dags/fetch_weather_data.py for tasks to queue
[2024-12-12T08:29:30.663+0000] {logging_mixin.py:150} INFO - [2024-12-12T08:29:30.662+0000] {dagbag.py:541} INFO - Filling up the DagBag from /opt/airflow/dags/fetch_weather_data.py
[2024-12-12T08:29:31.411+0000] {processor.py:836} INFO - DAG(s) dict_keys(['noaa_data_fetch']) retrieved from /opt/airflow/dags/fetch_weather_data.py
[2024-12-12T08:29:31.455+0000] {logging_mixin.py:150} INFO - [2024-12-12T08:29:31.454+0000] {dag.py:2742} INFO - Sync 1 DAGs
[2024-12-12T08:29:31.485+0000] {logging_mixin.py:150} INFO - [2024-12-12T08:29:31.485+0000] {dag.py:3508} INFO - Setting next_dagrun for noaa_data_fetch to 2024-12-11T00:00:00+00:00, run_after=2024-12-12T00:00:00+00:00
[2024-12-12T08:29:31.513+0000] {processor.py:179} INFO - Processing /opt/airflow/dags/fetch_weather_data.py took 0.863 seconds
[2024-12-12T08:30:01.823+0000] {processor.py:157} INFO - Started process (PID=1401) to work on /opt/airflow/dags/fetch_weather_data.py
[2024-12-12T08:30:01.824+0000] {processor.py:826} INFO - Processing file /opt/airflow/dags/fetch_weather_data.py for tasks to queue
[2024-12-12T08:30:01.825+0000] {logging_mixin.py:150} INFO - [2024-12-12T08:30:01.825+0000] {dagbag.py:541} INFO - Filling up the DagBag from /opt/airflow/dags/fetch_weather_data.py
[2024-12-12T08:30:02.344+0000] {processor.py:836} INFO - DAG(s) dict_keys(['noaa_data_fetch']) retrieved from /opt/airflow/dags/fetch_weather_data.py
[2024-12-12T08:30:02.370+0000] {logging_mixin.py:150} INFO - [2024-12-12T08:30:02.369+0000] {dag.py:2742} INFO - Sync 1 DAGs
[2024-12-12T08:30:02.390+0000] {logging_mixin.py:150} INFO - [2024-12-12T08:30:02.390+0000] {dag.py:3508} INFO - Setting next_dagrun for noaa_data_fetch to 2024-12-11T00:00:00+00:00, run_after=2024-12-12T00:00:00+00:00
[2024-12-12T08:30:02.409+0000] {processor.py:179} INFO - Processing /opt/airflow/dags/fetch_weather_data.py took 0.589 seconds
[2024-12-12T08:30:32.915+0000] {processor.py:157} INFO - Started process (PID=1618) to work on /opt/airflow/dags/fetch_weather_data.py
[2024-12-12T08:30:32.917+0000] {processor.py:826} INFO - Processing file /opt/airflow/dags/fetch_weather_data.py for tasks to queue
[2024-12-12T08:30:32.918+0000] {logging_mixin.py:150} INFO - [2024-12-12T08:30:32.918+0000] {dagbag.py:541} INFO - Filling up the DagBag from /opt/airflow/dags/fetch_weather_data.py
[2024-12-12T08:30:33.557+0000] {processor.py:836} INFO - DAG(s) dict_keys(['noaa_data_fetch']) retrieved from /opt/airflow/dags/fetch_weather_data.py
[2024-12-12T08:30:33.588+0000] {logging_mixin.py:150} INFO - [2024-12-12T08:30:33.588+0000] {dag.py:2742} INFO - Sync 1 DAGs
[2024-12-12T08:30:33.616+0000] {logging_mixin.py:150} INFO - [2024-12-12T08:30:33.615+0000] {dag.py:3508} INFO - Setting next_dagrun for noaa_data_fetch to 2024-12-11T00:00:00+00:00, run_after=2024-12-12T00:00:00+00:00
[2024-12-12T08:30:33.640+0000] {processor.py:179} INFO - Processing /opt/airflow/dags/fetch_weather_data.py took 0.727 seconds
[2024-12-12T08:31:04.223+0000] {processor.py:157} INFO - Started process (PID=1835) to work on /opt/airflow/dags/fetch_weather_data.py
[2024-12-12T08:31:04.224+0000] {processor.py:826} INFO - Processing file /opt/airflow/dags/fetch_weather_data.py for tasks to queue
[2024-12-12T08:31:04.225+0000] {logging_mixin.py:150} INFO - [2024-12-12T08:31:04.225+0000] {dagbag.py:541} INFO - Filling up the DagBag from /opt/airflow/dags/fetch_weather_data.py
[2024-12-12T08:31:04.862+0000] {processor.py:836} INFO - DAG(s) dict_keys(['noaa_data_fetch']) retrieved from /opt/airflow/dags/fetch_weather_data.py
[2024-12-12T08:31:04.901+0000] {logging_mixin.py:150} INFO - [2024-12-12T08:31:04.900+0000] {dag.py:2742} INFO - Sync 1 DAGs
[2024-12-12T08:31:04.939+0000] {logging_mixin.py:150} INFO - [2024-12-12T08:31:04.938+0000] {dag.py:3508} INFO - Setting next_dagrun for noaa_data_fetch to 2024-12-11T00:00:00+00:00, run_after=2024-12-12T00:00:00+00:00
[2024-12-12T08:31:04.968+0000] {processor.py:179} INFO - Processing /opt/airflow/dags/fetch_weather_data.py took 0.748 seconds
[2024-12-12T08:31:35.683+0000] {processor.py:157} INFO - Started process (PID=2052) to work on /opt/airflow/dags/fetch_weather_data.py
[2024-12-12T08:31:35.685+0000] {processor.py:826} INFO - Processing file /opt/airflow/dags/fetch_weather_data.py for tasks to queue
[2024-12-12T08:31:35.686+0000] {logging_mixin.py:150} INFO - [2024-12-12T08:31:35.686+0000] {dagbag.py:541} INFO - Filling up the DagBag from /opt/airflow/dags/fetch_weather_data.py
[2024-12-12T08:31:36.337+0000] {processor.py:836} INFO - DAG(s) dict_keys(['noaa_data_fetch']) retrieved from /opt/airflow/dags/fetch_weather_data.py
[2024-12-12T08:31:36.395+0000] {logging_mixin.py:150} INFO - [2024-12-12T08:31:36.394+0000] {dag.py:2742} INFO - Sync 1 DAGs
[2024-12-12T08:31:36.454+0000] {logging_mixin.py:150} INFO - [2024-12-12T08:31:36.453+0000] {dag.py:3508} INFO - Setting next_dagrun for noaa_data_fetch to 2024-12-11T00:00:00+00:00, run_after=2024-12-12T00:00:00+00:00
[2024-12-12T08:31:36.500+0000] {processor.py:179} INFO - Processing /opt/airflow/dags/fetch_weather_data.py took 0.821 seconds
[2024-12-12T08:32:06.614+0000] {processor.py:157} INFO - Started process (PID=2269) to work on /opt/airflow/dags/fetch_weather_data.py
[2024-12-12T08:32:06.615+0000] {processor.py:826} INFO - Processing file /opt/airflow/dags/fetch_weather_data.py for tasks to queue
[2024-12-12T08:32:06.616+0000] {logging_mixin.py:150} INFO - [2024-12-12T08:32:06.616+0000] {dagbag.py:541} INFO - Filling up the DagBag from /opt/airflow/dags/fetch_weather_data.py
[2024-12-12T08:32:07.088+0000] {processor.py:836} INFO - DAG(s) dict_keys(['noaa_data_fetch']) retrieved from /opt/airflow/dags/fetch_weather_data.py
[2024-12-12T08:32:07.125+0000] {logging_mixin.py:150} INFO - [2024-12-12T08:32:07.124+0000] {dag.py:2742} INFO - Sync 1 DAGs
[2024-12-12T08:32:07.185+0000] {logging_mixin.py:150} INFO - [2024-12-12T08:32:07.185+0000] {dag.py:3508} INFO - Setting next_dagrun for noaa_data_fetch to 2024-12-11T00:00:00+00:00, run_after=2024-12-12T00:00:00+00:00
[2024-12-12T08:32:07.236+0000] {processor.py:179} INFO - Processing /opt/airflow/dags/fetch_weather_data.py took 0.627 seconds
[2024-12-12T08:32:37.918+0000] {processor.py:157} INFO - Started process (PID=2486) to work on /opt/airflow/dags/fetch_weather_data.py
[2024-12-12T08:32:37.920+0000] {processor.py:826} INFO - Processing file /opt/airflow/dags/fetch_weather_data.py for tasks to queue
[2024-12-12T08:32:37.922+0000] {logging_mixin.py:150} INFO - [2024-12-12T08:32:37.921+0000] {dagbag.py:541} INFO - Filling up the DagBag from /opt/airflow/dags/fetch_weather_data.py
[2024-12-12T08:32:38.515+0000] {processor.py:836} INFO - DAG(s) dict_keys(['noaa_data_fetch']) retrieved from /opt/airflow/dags/fetch_weather_data.py
[2024-12-12T08:32:38.563+0000] {logging_mixin.py:150} INFO - [2024-12-12T08:32:38.562+0000] {dag.py:2742} INFO - Sync 1 DAGs
[2024-12-12T08:32:38.602+0000] {logging_mixin.py:150} INFO - [2024-12-12T08:32:38.602+0000] {dag.py:3508} INFO - Setting next_dagrun for noaa_data_fetch to 2024-12-11T00:00:00+00:00, run_after=2024-12-12T00:00:00+00:00
[2024-12-12T08:32:38.648+0000] {processor.py:179} INFO - Processing /opt/airflow/dags/fetch_weather_data.py took 0.741 seconds
[2024-12-12T08:33:08.786+0000] {processor.py:157} INFO - Started process (PID=2728) to work on /opt/airflow/dags/fetch_weather_data.py
[2024-12-12T08:33:08.787+0000] {processor.py:826} INFO - Processing file /opt/airflow/dags/fetch_weather_data.py for tasks to queue
[2024-12-12T08:33:08.788+0000] {logging_mixin.py:150} INFO - [2024-12-12T08:33:08.788+0000] {dagbag.py:541} INFO - Filling up the DagBag from /opt/airflow/dags/fetch_weather_data.py
[2024-12-12T08:33:09.267+0000] {processor.py:836} INFO - DAG(s) dict_keys(['noaa_data_fetch']) retrieved from /opt/airflow/dags/fetch_weather_data.py
[2024-12-12T08:33:09.300+0000] {logging_mixin.py:150} INFO - [2024-12-12T08:33:09.298+0000] {dag.py:2742} INFO - Sync 1 DAGs
[2024-12-12T08:33:09.329+0000] {logging_mixin.py:150} INFO - [2024-12-12T08:33:09.328+0000] {dag.py:3508} INFO - Setting next_dagrun for noaa_data_fetch to 2024-12-11T00:00:00+00:00, run_after=2024-12-12T00:00:00+00:00
[2024-12-12T08:33:09.376+0000] {processor.py:179} INFO - Processing /opt/airflow/dags/fetch_weather_data.py took 0.595 seconds
[2024-12-12T08:33:39.557+0000] {processor.py:157} INFO - Started process (PID=2945) to work on /opt/airflow/dags/fetch_weather_data.py
[2024-12-12T08:33:39.558+0000] {processor.py:826} INFO - Processing file /opt/airflow/dags/fetch_weather_data.py for tasks to queue
[2024-12-12T08:33:39.560+0000] {logging_mixin.py:150} INFO - [2024-12-12T08:33:39.559+0000] {dagbag.py:541} INFO - Filling up the DagBag from /opt/airflow/dags/fetch_weather_data.py
[2024-12-12T08:33:40.105+0000] {processor.py:836} INFO - DAG(s) dict_keys(['noaa_data_fetch']) retrieved from /opt/airflow/dags/fetch_weather_data.py
[2024-12-12T08:33:40.136+0000] {logging_mixin.py:150} INFO - [2024-12-12T08:33:40.135+0000] {dag.py:2742} INFO - Sync 1 DAGs
[2024-12-12T08:33:40.166+0000] {logging_mixin.py:150} INFO - [2024-12-12T08:33:40.166+0000] {dag.py:3508} INFO - Setting next_dagrun for noaa_data_fetch to 2024-12-11T00:00:00+00:00, run_after=2024-12-12T00:00:00+00:00
[2024-12-12T08:33:40.211+0000] {processor.py:179} INFO - Processing /opt/airflow/dags/fetch_weather_data.py took 0.659 seconds
[2024-12-12T08:34:10.837+0000] {processor.py:157} INFO - Started process (PID=3180) to work on /opt/airflow/dags/fetch_weather_data.py
[2024-12-12T08:34:10.838+0000] {processor.py:826} INFO - Processing file /opt/airflow/dags/fetch_weather_data.py for tasks to queue
[2024-12-12T08:34:10.840+0000] {logging_mixin.py:150} INFO - [2024-12-12T08:34:10.839+0000] {dagbag.py:541} INFO - Filling up the DagBag from /opt/airflow/dags/fetch_weather_data.py
[2024-12-12T08:34:11.435+0000] {processor.py:836} INFO - DAG(s) dict_keys(['noaa_data_fetch']) retrieved from /opt/airflow/dags/fetch_weather_data.py
[2024-12-12T08:34:11.478+0000] {logging_mixin.py:150} INFO - [2024-12-12T08:34:11.478+0000] {dag.py:2742} INFO - Sync 1 DAGs
[2024-12-12T08:34:11.513+0000] {logging_mixin.py:150} INFO - [2024-12-12T08:34:11.513+0000] {dag.py:3508} INFO - Setting next_dagrun for noaa_data_fetch to 2024-12-11T00:00:00+00:00, run_after=2024-12-12T00:00:00+00:00
[2024-12-12T08:34:11.562+0000] {processor.py:179} INFO - Processing /opt/airflow/dags/fetch_weather_data.py took 0.730 seconds
[2024-12-12T08:34:41.794+0000] {processor.py:157} INFO - Started process (PID=3438) to work on /opt/airflow/dags/fetch_weather_data.py
[2024-12-12T08:34:41.795+0000] {processor.py:826} INFO - Processing file /opt/airflow/dags/fetch_weather_data.py for tasks to queue
[2024-12-12T08:34:41.797+0000] {logging_mixin.py:150} INFO - [2024-12-12T08:34:41.797+0000] {dagbag.py:541} INFO - Filling up the DagBag from /opt/airflow/dags/fetch_weather_data.py
[2024-12-12T08:34:42.237+0000] {processor.py:836} INFO - DAG(s) dict_keys(['noaa_data_fetch']) retrieved from /opt/airflow/dags/fetch_weather_data.py
[2024-12-12T08:34:42.270+0000] {logging_mixin.py:150} INFO - [2024-12-12T08:34:42.270+0000] {dag.py:2742} INFO - Sync 1 DAGs
[2024-12-12T08:34:42.301+0000] {logging_mixin.py:150} INFO - [2024-12-12T08:34:42.301+0000] {dag.py:3508} INFO - Setting next_dagrun for noaa_data_fetch to 2024-12-11T00:00:00+00:00, run_after=2024-12-12T00:00:00+00:00
[2024-12-12T08:34:42.327+0000] {processor.py:179} INFO - Processing /opt/airflow/dags/fetch_weather_data.py took 0.537 seconds
[2024-12-12T08:35:13.144+0000] {processor.py:157} INFO - Started process (PID=3655) to work on /opt/airflow/dags/fetch_weather_data.py
[2024-12-12T08:35:13.147+0000] {processor.py:826} INFO - Processing file /opt/airflow/dags/fetch_weather_data.py for tasks to queue
[2024-12-12T08:35:13.149+0000] {logging_mixin.py:150} INFO - [2024-12-12T08:35:13.149+0000] {dagbag.py:541} INFO - Filling up the DagBag from /opt/airflow/dags/fetch_weather_data.py
[2024-12-12T08:35:13.908+0000] {processor.py:836} INFO - DAG(s) dict_keys(['noaa_data_fetch']) retrieved from /opt/airflow/dags/fetch_weather_data.py
[2024-12-12T08:35:13.942+0000] {logging_mixin.py:150} INFO - [2024-12-12T08:35:13.941+0000] {dag.py:2742} INFO - Sync 1 DAGs
[2024-12-12T08:35:13.965+0000] {logging_mixin.py:150} INFO - [2024-12-12T08:35:13.965+0000] {dag.py:3508} INFO - Setting next_dagrun for noaa_data_fetch to 2024-12-11T00:00:00+00:00, run_after=2024-12-12T00:00:00+00:00
[2024-12-12T08:35:13.995+0000] {processor.py:179} INFO - Processing /opt/airflow/dags/fetch_weather_data.py took 0.854 seconds
[2024-12-12T08:35:44.629+0000] {processor.py:157} INFO - Started process (PID=3872) to work on /opt/airflow/dags/fetch_weather_data.py
[2024-12-12T08:35:44.631+0000] {processor.py:826} INFO - Processing file /opt/airflow/dags/fetch_weather_data.py for tasks to queue
[2024-12-12T08:35:44.632+0000] {logging_mixin.py:150} INFO - [2024-12-12T08:35:44.632+0000] {dagbag.py:541} INFO - Filling up the DagBag from /opt/airflow/dags/fetch_weather_data.py
[2024-12-12T08:35:45.117+0000] {processor.py:836} INFO - DAG(s) dict_keys(['noaa_data_fetch']) retrieved from /opt/airflow/dags/fetch_weather_data.py
[2024-12-12T08:35:45.156+0000] {logging_mixin.py:150} INFO - [2024-12-12T08:35:45.155+0000] {dag.py:2742} INFO - Sync 1 DAGs
[2024-12-12T08:35:45.195+0000] {logging_mixin.py:150} INFO - [2024-12-12T08:35:45.195+0000] {dag.py:3508} INFO - Setting next_dagrun for noaa_data_fetch to 2024-12-11T00:00:00+00:00, run_after=2024-12-12T00:00:00+00:00
[2024-12-12T08:35:45.230+0000] {processor.py:179} INFO - Processing /opt/airflow/dags/fetch_weather_data.py took 0.605 seconds
[2024-12-12T08:36:15.984+0000] {processor.py:157} INFO - Started process (PID=4089) to work on /opt/airflow/dags/fetch_weather_data.py
[2024-12-12T08:36:15.986+0000] {processor.py:826} INFO - Processing file /opt/airflow/dags/fetch_weather_data.py for tasks to queue
[2024-12-12T08:36:15.989+0000] {logging_mixin.py:150} INFO - [2024-12-12T08:36:15.988+0000] {dagbag.py:541} INFO - Filling up the DagBag from /opt/airflow/dags/fetch_weather_data.py
[2024-12-12T08:36:16.546+0000] {processor.py:836} INFO - DAG(s) dict_keys(['noaa_data_fetch']) retrieved from /opt/airflow/dags/fetch_weather_data.py
[2024-12-12T08:36:16.583+0000] {logging_mixin.py:150} INFO - [2024-12-12T08:36:16.582+0000] {dag.py:2742} INFO - Sync 1 DAGs
[2024-12-12T08:36:16.623+0000] {logging_mixin.py:150} INFO - [2024-12-12T08:36:16.623+0000] {dag.py:3508} INFO - Setting next_dagrun for noaa_data_fetch to 2024-12-11T00:00:00+00:00, run_after=2024-12-12T00:00:00+00:00
[2024-12-12T08:36:16.652+0000] {processor.py:179} INFO - Processing /opt/airflow/dags/fetch_weather_data.py took 0.673 seconds
[2024-12-12T08:36:47.385+0000] {processor.py:157} INFO - Started process (PID=4338) to work on /opt/airflow/dags/fetch_weather_data.py
[2024-12-12T08:36:47.387+0000] {processor.py:826} INFO - Processing file /opt/airflow/dags/fetch_weather_data.py for tasks to queue
[2024-12-12T08:36:47.388+0000] {logging_mixin.py:150} INFO - [2024-12-12T08:36:47.388+0000] {dagbag.py:541} INFO - Filling up the DagBag from /opt/airflow/dags/fetch_weather_data.py
[2024-12-12T08:36:47.796+0000] {processor.py:836} INFO - DAG(s) dict_keys(['noaa_data_fetch']) retrieved from /opt/airflow/dags/fetch_weather_data.py
[2024-12-12T08:36:47.844+0000] {logging_mixin.py:150} INFO - [2024-12-12T08:36:47.843+0000] {dag.py:2742} INFO - Sync 1 DAGs
[2024-12-12T08:36:47.916+0000] {logging_mixin.py:150} INFO - [2024-12-12T08:36:47.916+0000] {dag.py:3508} INFO - Setting next_dagrun for noaa_data_fetch to 2024-12-11T00:00:00+00:00, run_after=2024-12-12T00:00:00+00:00
[2024-12-12T08:36:47.950+0000] {processor.py:179} INFO - Processing /opt/airflow/dags/fetch_weather_data.py took 0.567 seconds
[2024-12-12T08:37:18.170+0000] {processor.py:157} INFO - Started process (PID=4523) to work on /opt/airflow/dags/fetch_weather_data.py
[2024-12-12T08:37:18.171+0000] {processor.py:826} INFO - Processing file /opt/airflow/dags/fetch_weather_data.py for tasks to queue
[2024-12-12T08:37:18.173+0000] {logging_mixin.py:150} INFO - [2024-12-12T08:37:18.172+0000] {dagbag.py:541} INFO - Filling up the DagBag from /opt/airflow/dags/fetch_weather_data.py
[2024-12-12T08:37:18.758+0000] {processor.py:836} INFO - DAG(s) dict_keys(['noaa_data_fetch']) retrieved from /opt/airflow/dags/fetch_weather_data.py
[2024-12-12T08:37:18.812+0000] {logging_mixin.py:150} INFO - [2024-12-12T08:37:18.810+0000] {dag.py:2742} INFO - Sync 1 DAGs
[2024-12-12T08:37:18.856+0000] {logging_mixin.py:150} INFO - [2024-12-12T08:37:18.856+0000] {dag.py:3508} INFO - Setting next_dagrun for noaa_data_fetch to 2024-12-11T00:00:00+00:00, run_after=2024-12-12T00:00:00+00:00
[2024-12-12T08:37:18.898+0000] {processor.py:179} INFO - Processing /opt/airflow/dags/fetch_weather_data.py took 0.732 seconds
[2024-12-12T08:37:49.629+0000] {processor.py:157} INFO - Started process (PID=4743) to work on /opt/airflow/dags/fetch_weather_data.py
[2024-12-12T08:37:49.630+0000] {processor.py:826} INFO - Processing file /opt/airflow/dags/fetch_weather_data.py for tasks to queue
[2024-12-12T08:37:49.632+0000] {logging_mixin.py:150} INFO - [2024-12-12T08:37:49.632+0000] {dagbag.py:541} INFO - Filling up the DagBag from /opt/airflow/dags/fetch_weather_data.py
[2024-12-12T08:37:50.119+0000] {processor.py:836} INFO - DAG(s) dict_keys(['noaa_data_fetch']) retrieved from /opt/airflow/dags/fetch_weather_data.py
[2024-12-12T08:37:50.148+0000] {logging_mixin.py:150} INFO - [2024-12-12T08:37:50.147+0000] {dag.py:2742} INFO - Sync 1 DAGs
[2024-12-12T08:37:50.173+0000] {logging_mixin.py:150} INFO - [2024-12-12T08:37:50.173+0000] {dag.py:3508} INFO - Setting next_dagrun for noaa_data_fetch to 2024-12-11T00:00:00+00:00, run_after=2024-12-12T00:00:00+00:00
[2024-12-12T08:37:50.206+0000] {processor.py:179} INFO - Processing /opt/airflow/dags/fetch_weather_data.py took 0.580 seconds
[2024-12-12T08:38:40.399+0000] {processor.py:157} INFO - Started process (PID=240) to work on /opt/airflow/dags/fetch_weather_data.py
[2024-12-12T08:38:40.400+0000] {processor.py:826} INFO - Processing file /opt/airflow/dags/fetch_weather_data.py for tasks to queue
[2024-12-12T08:38:40.402+0000] {logging_mixin.py:150} INFO - [2024-12-12T08:38:40.401+0000] {dagbag.py:541} INFO - Filling up the DagBag from /opt/airflow/dags/fetch_weather_data.py
[2024-12-12T08:38:41.125+0000] {processor.py:836} INFO - DAG(s) dict_keys(['noaa_data_fetch']) retrieved from /opt/airflow/dags/fetch_weather_data.py
[2024-12-12T08:38:41.169+0000] {logging_mixin.py:150} INFO - [2024-12-12T08:38:41.169+0000] {dag.py:2742} INFO - Sync 1 DAGs
[2024-12-12T08:38:41.225+0000] {logging_mixin.py:150} INFO - [2024-12-12T08:38:41.225+0000] {dag.py:3508} INFO - Setting next_dagrun for noaa_data_fetch to 2024-12-11T00:00:00+00:00, run_after=2024-12-12T00:00:00+00:00
[2024-12-12T08:38:41.256+0000] {processor.py:179} INFO - Processing /opt/airflow/dags/fetch_weather_data.py took 0.861 seconds
[2024-12-12T08:39:11.573+0000] {processor.py:157} INFO - Started process (PID=477) to work on /opt/airflow/dags/fetch_weather_data.py
[2024-12-12T08:39:11.575+0000] {processor.py:826} INFO - Processing file /opt/airflow/dags/fetch_weather_data.py for tasks to queue
[2024-12-12T08:39:11.577+0000] {logging_mixin.py:150} INFO - [2024-12-12T08:39:11.576+0000] {dagbag.py:541} INFO - Filling up the DagBag from /opt/airflow/dags/fetch_weather_data.py
[2024-12-12T08:39:12.225+0000] {processor.py:836} INFO - DAG(s) dict_keys(['noaa_data_fetch']) retrieved from /opt/airflow/dags/fetch_weather_data.py
[2024-12-12T08:39:12.318+0000] {logging_mixin.py:150} INFO - [2024-12-12T08:39:12.316+0000] {dag.py:2742} INFO - Sync 1 DAGs
[2024-12-12T08:39:12.367+0000] {logging_mixin.py:150} INFO - [2024-12-12T08:39:12.367+0000] {dag.py:3508} INFO - Setting next_dagrun for noaa_data_fetch to 2024-12-11T00:00:00+00:00, run_after=2024-12-12T00:00:00+00:00
[2024-12-12T08:39:12.397+0000] {processor.py:179} INFO - Processing /opt/airflow/dags/fetch_weather_data.py took 0.828 seconds
[2024-12-12T08:39:42.609+0000] {processor.py:157} INFO - Started process (PID=834) to work on /opt/airflow/dags/fetch_weather_data.py
[2024-12-12T08:39:42.611+0000] {processor.py:826} INFO - Processing file /opt/airflow/dags/fetch_weather_data.py for tasks to queue
[2024-12-12T08:39:42.612+0000] {logging_mixin.py:150} INFO - [2024-12-12T08:39:42.612+0000] {dagbag.py:541} INFO - Filling up the DagBag from /opt/airflow/dags/fetch_weather_data.py
[2024-12-12T08:39:43.093+0000] {processor.py:836} INFO - DAG(s) dict_keys(['noaa_data_fetch']) retrieved from /opt/airflow/dags/fetch_weather_data.py
[2024-12-12T08:39:43.117+0000] {logging_mixin.py:150} INFO - [2024-12-12T08:39:43.117+0000] {dag.py:2742} INFO - Sync 1 DAGs
[2024-12-12T08:39:43.137+0000] {logging_mixin.py:150} INFO - [2024-12-12T08:39:43.137+0000] {dag.py:3508} INFO - Setting next_dagrun for noaa_data_fetch to 2024-12-11T00:00:00+00:00, run_after=2024-12-12T00:00:00+00:00
[2024-12-12T08:39:43.190+0000] {processor.py:179} INFO - Processing /opt/airflow/dags/fetch_weather_data.py took 0.585 seconds
[2024-12-12T08:40:13.888+0000] {processor.py:157} INFO - Started process (PID=1051) to work on /opt/airflow/dags/fetch_weather_data.py
[2024-12-12T08:40:13.895+0000] {processor.py:826} INFO - Processing file /opt/airflow/dags/fetch_weather_data.py for tasks to queue
[2024-12-12T08:40:13.899+0000] {logging_mixin.py:150} INFO - [2024-12-12T08:40:13.899+0000] {dagbag.py:541} INFO - Filling up the DagBag from /opt/airflow/dags/fetch_weather_data.py
[2024-12-12T08:40:14.468+0000] {processor.py:836} INFO - DAG(s) dict_keys(['noaa_data_fetch']) retrieved from /opt/airflow/dags/fetch_weather_data.py
[2024-12-12T08:40:14.504+0000] {logging_mixin.py:150} INFO - [2024-12-12T08:40:14.503+0000] {dag.py:2742} INFO - Sync 1 DAGs
[2024-12-12T08:40:14.537+0000] {logging_mixin.py:150} INFO - [2024-12-12T08:40:14.536+0000] {dag.py:3508} INFO - Setting next_dagrun for noaa_data_fetch to 2024-12-11T00:00:00+00:00, run_after=2024-12-12T00:00:00+00:00
[2024-12-12T08:40:14.609+0000] {processor.py:179} INFO - Processing /opt/airflow/dags/fetch_weather_data.py took 0.728 seconds
[2024-12-12T08:41:07.223+0000] {processor.py:157} INFO - Started process (PID=239) to work on /opt/airflow/dags/fetch_weather_data.py
[2024-12-12T08:41:07.224+0000] {processor.py:826} INFO - Processing file /opt/airflow/dags/fetch_weather_data.py for tasks to queue
[2024-12-12T08:41:07.227+0000] {logging_mixin.py:150} INFO - [2024-12-12T08:41:07.226+0000] {dagbag.py:541} INFO - Filling up the DagBag from /opt/airflow/dags/fetch_weather_data.py
[2024-12-12T08:41:07.861+0000] {processor.py:836} INFO - DAG(s) dict_keys(['noaa_data_fetch']) retrieved from /opt/airflow/dags/fetch_weather_data.py
[2024-12-12T08:41:07.962+0000] {logging_mixin.py:150} INFO - [2024-12-12T08:41:07.961+0000] {dag.py:2742} INFO - Sync 1 DAGs
[2024-12-12T08:41:08.016+0000] {logging_mixin.py:150} INFO - [2024-12-12T08:41:08.016+0000] {dag.py:3508} INFO - Setting next_dagrun for noaa_data_fetch to 2024-12-11T00:00:00+00:00, run_after=2024-12-12T00:00:00+00:00
[2024-12-12T08:41:08.075+0000] {processor.py:179} INFO - Processing /opt/airflow/dags/fetch_weather_data.py took 0.859 seconds
[2024-12-12T08:41:38.339+0000] {processor.py:157} INFO - Started process (PID=510) to work on /opt/airflow/dags/fetch_weather_data.py
[2024-12-12T08:41:38.340+0000] {processor.py:826} INFO - Processing file /opt/airflow/dags/fetch_weather_data.py for tasks to queue
[2024-12-12T08:41:38.341+0000] {logging_mixin.py:150} INFO - [2024-12-12T08:41:38.341+0000] {dagbag.py:541} INFO - Filling up the DagBag from /opt/airflow/dags/fetch_weather_data.py
[2024-12-12T08:41:38.815+0000] {processor.py:836} INFO - DAG(s) dict_keys(['noaa_data_fetch']) retrieved from /opt/airflow/dags/fetch_weather_data.py
[2024-12-12T08:41:38.840+0000] {logging_mixin.py:150} INFO - [2024-12-12T08:41:38.839+0000] {dag.py:2742} INFO - Sync 1 DAGs
[2024-12-12T08:41:38.865+0000] {logging_mixin.py:150} INFO - [2024-12-12T08:41:38.865+0000] {dag.py:3508} INFO - Setting next_dagrun for noaa_data_fetch to 2024-12-11T00:00:00+00:00, run_after=2024-12-12T00:00:00+00:00
[2024-12-12T08:41:38.890+0000] {processor.py:179} INFO - Processing /opt/airflow/dags/fetch_weather_data.py took 0.554 seconds
[2024-12-12T08:42:09.518+0000] {processor.py:157} INFO - Started process (PID=727) to work on /opt/airflow/dags/fetch_weather_data.py
[2024-12-12T08:42:09.520+0000] {processor.py:826} INFO - Processing file /opt/airflow/dags/fetch_weather_data.py for tasks to queue
[2024-12-12T08:42:09.522+0000] {logging_mixin.py:150} INFO - [2024-12-12T08:42:09.521+0000] {dagbag.py:541} INFO - Filling up the DagBag from /opt/airflow/dags/fetch_weather_data.py
[2024-12-12T08:42:10.229+0000] {processor.py:836} INFO - DAG(s) dict_keys(['noaa_data_fetch']) retrieved from /opt/airflow/dags/fetch_weather_data.py
[2024-12-12T08:42:10.265+0000] {logging_mixin.py:150} INFO - [2024-12-12T08:42:10.264+0000] {dag.py:2742} INFO - Sync 1 DAGs
[2024-12-12T08:42:10.305+0000] {logging_mixin.py:150} INFO - [2024-12-12T08:42:10.305+0000] {dag.py:3508} INFO - Setting next_dagrun for noaa_data_fetch to 2024-12-11T00:00:00+00:00, run_after=2024-12-12T00:00:00+00:00
[2024-12-12T08:42:10.335+0000] {processor.py:179} INFO - Processing /opt/airflow/dags/fetch_weather_data.py took 0.823 seconds
[2024-12-12T08:42:40.427+0000] {processor.py:157} INFO - Started process (PID=944) to work on /opt/airflow/dags/fetch_weather_data.py
[2024-12-12T08:42:40.428+0000] {processor.py:826} INFO - Processing file /opt/airflow/dags/fetch_weather_data.py for tasks to queue
[2024-12-12T08:42:40.430+0000] {logging_mixin.py:150} INFO - [2024-12-12T08:42:40.429+0000] {dagbag.py:541} INFO - Filling up the DagBag from /opt/airflow/dags/fetch_weather_data.py
[2024-12-12T08:42:41.049+0000] {processor.py:836} INFO - DAG(s) dict_keys(['noaa_data_fetch']) retrieved from /opt/airflow/dags/fetch_weather_data.py
[2024-12-12T08:42:41.092+0000] {logging_mixin.py:150} INFO - [2024-12-12T08:42:41.091+0000] {dag.py:2742} INFO - Sync 1 DAGs
[2024-12-12T08:42:41.124+0000] {logging_mixin.py:150} INFO - [2024-12-12T08:42:41.123+0000] {dag.py:3508} INFO - Setting next_dagrun for noaa_data_fetch to 2024-12-11T00:00:00+00:00, run_after=2024-12-12T00:00:00+00:00
[2024-12-12T08:42:41.152+0000] {processor.py:179} INFO - Processing /opt/airflow/dags/fetch_weather_data.py took 0.729 seconds
[2024-12-12T08:43:11.345+0000] {processor.py:157} INFO - Started process (PID=1161) to work on /opt/airflow/dags/fetch_weather_data.py
[2024-12-12T08:43:11.346+0000] {processor.py:826} INFO - Processing file /opt/airflow/dags/fetch_weather_data.py for tasks to queue
[2024-12-12T08:43:11.347+0000] {logging_mixin.py:150} INFO - [2024-12-12T08:43:11.347+0000] {dagbag.py:541} INFO - Filling up the DagBag from /opt/airflow/dags/fetch_weather_data.py
[2024-12-12T08:43:12.018+0000] {processor.py:836} INFO - DAG(s) dict_keys(['noaa_data_fetch']) retrieved from /opt/airflow/dags/fetch_weather_data.py
[2024-12-12T08:43:12.066+0000] {logging_mixin.py:150} INFO - [2024-12-12T08:43:12.065+0000] {dag.py:2742} INFO - Sync 1 DAGs
[2024-12-12T08:43:12.108+0000] {logging_mixin.py:150} INFO - [2024-12-12T08:43:12.108+0000] {dag.py:3508} INFO - Setting next_dagrun for noaa_data_fetch to 2024-12-11T00:00:00+00:00, run_after=2024-12-12T00:00:00+00:00
[2024-12-12T08:43:12.144+0000] {processor.py:179} INFO - Processing /opt/airflow/dags/fetch_weather_data.py took 0.803 seconds
[2024-12-12T08:43:42.261+0000] {processor.py:157} INFO - Started process (PID=1378) to work on /opt/airflow/dags/fetch_weather_data.py
[2024-12-12T08:43:42.263+0000] {processor.py:826} INFO - Processing file /opt/airflow/dags/fetch_weather_data.py for tasks to queue
[2024-12-12T08:43:42.265+0000] {logging_mixin.py:150} INFO - [2024-12-12T08:43:42.264+0000] {dagbag.py:541} INFO - Filling up the DagBag from /opt/airflow/dags/fetch_weather_data.py
[2024-12-12T08:43:42.750+0000] {processor.py:836} INFO - DAG(s) dict_keys(['noaa_data_fetch']) retrieved from /opt/airflow/dags/fetch_weather_data.py
[2024-12-12T08:43:42.777+0000] {logging_mixin.py:150} INFO - [2024-12-12T08:43:42.776+0000] {dag.py:2742} INFO - Sync 1 DAGs
[2024-12-12T08:43:42.800+0000] {logging_mixin.py:150} INFO - [2024-12-12T08:43:42.799+0000] {dag.py:3508} INFO - Setting next_dagrun for noaa_data_fetch to 2024-12-11T00:00:00+00:00, run_after=2024-12-12T00:00:00+00:00
[2024-12-12T08:43:42.831+0000] {processor.py:179} INFO - Processing /opt/airflow/dags/fetch_weather_data.py took 0.575 seconds
[2024-12-12T08:44:13.604+0000] {processor.py:157} INFO - Started process (PID=1595) to work on /opt/airflow/dags/fetch_weather_data.py
[2024-12-12T08:44:13.606+0000] {processor.py:826} INFO - Processing file /opt/airflow/dags/fetch_weather_data.py for tasks to queue
[2024-12-12T08:44:13.607+0000] {logging_mixin.py:150} INFO - [2024-12-12T08:44:13.607+0000] {dagbag.py:541} INFO - Filling up the DagBag from /opt/airflow/dags/fetch_weather_data.py
[2024-12-12T08:44:14.183+0000] {processor.py:836} INFO - DAG(s) dict_keys(['noaa_data_fetch']) retrieved from /opt/airflow/dags/fetch_weather_data.py
[2024-12-12T08:44:14.210+0000] {logging_mixin.py:150} INFO - [2024-12-12T08:44:14.209+0000] {dag.py:2742} INFO - Sync 1 DAGs
[2024-12-12T08:44:14.238+0000] {logging_mixin.py:150} INFO - [2024-12-12T08:44:14.238+0000] {dag.py:3508} INFO - Setting next_dagrun for noaa_data_fetch to 2024-12-11T00:00:00+00:00, run_after=2024-12-12T00:00:00+00:00
[2024-12-12T08:44:14.267+0000] {processor.py:179} INFO - Processing /opt/airflow/dags/fetch_weather_data.py took 0.666 seconds
[2024-12-12T08:44:44.691+0000] {processor.py:157} INFO - Started process (PID=1864) to work on /opt/airflow/dags/fetch_weather_data.py
[2024-12-12T08:44:44.693+0000] {processor.py:826} INFO - Processing file /opt/airflow/dags/fetch_weather_data.py for tasks to queue
[2024-12-12T08:44:44.694+0000] {logging_mixin.py:150} INFO - [2024-12-12T08:44:44.694+0000] {dagbag.py:541} INFO - Filling up the DagBag from /opt/airflow/dags/fetch_weather_data.py
[2024-12-12T08:44:45.526+0000] {processor.py:836} INFO - DAG(s) dict_keys(['noaa_data_fetch']) retrieved from /opt/airflow/dags/fetch_weather_data.py
[2024-12-12T08:44:45.564+0000] {logging_mixin.py:150} INFO - [2024-12-12T08:44:45.563+0000] {dag.py:2742} INFO - Sync 1 DAGs
[2024-12-12T08:44:45.604+0000] {logging_mixin.py:150} INFO - [2024-12-12T08:44:45.604+0000] {dag.py:3508} INFO - Setting next_dagrun for noaa_data_fetch to 2024-12-11T00:00:00+00:00, run_after=2024-12-12T00:00:00+00:00
[2024-12-12T08:44:45.630+0000] {processor.py:179} INFO - Processing /opt/airflow/dags/fetch_weather_data.py took 0.948 seconds
[2024-12-12T08:45:16.333+0000] {processor.py:157} INFO - Started process (PID=2081) to work on /opt/airflow/dags/fetch_weather_data.py
[2024-12-12T08:45:16.334+0000] {processor.py:826} INFO - Processing file /opt/airflow/dags/fetch_weather_data.py for tasks to queue
[2024-12-12T08:45:16.335+0000] {logging_mixin.py:150} INFO - [2024-12-12T08:45:16.335+0000] {dagbag.py:541} INFO - Filling up the DagBag from /opt/airflow/dags/fetch_weather_data.py
[2024-12-12T08:45:16.996+0000] {processor.py:836} INFO - DAG(s) dict_keys(['noaa_data_fetch']) retrieved from /opt/airflow/dags/fetch_weather_data.py
[2024-12-12T08:45:17.027+0000] {logging_mixin.py:150} INFO - [2024-12-12T08:45:17.026+0000] {dag.py:2742} INFO - Sync 1 DAGs
[2024-12-12T08:45:17.060+0000] {logging_mixin.py:150} INFO - [2024-12-12T08:45:17.060+0000] {dag.py:3508} INFO - Setting next_dagrun for noaa_data_fetch to 2024-12-11T00:00:00+00:00, run_after=2024-12-12T00:00:00+00:00
[2024-12-12T08:45:17.085+0000] {processor.py:179} INFO - Processing /opt/airflow/dags/fetch_weather_data.py took 0.757 seconds
[2024-12-12T08:45:47.903+0000] {processor.py:157} INFO - Started process (PID=2298) to work on /opt/airflow/dags/fetch_weather_data.py
[2024-12-12T08:45:47.904+0000] {processor.py:826} INFO - Processing file /opt/airflow/dags/fetch_weather_data.py for tasks to queue
[2024-12-12T08:45:47.906+0000] {logging_mixin.py:150} INFO - [2024-12-12T08:45:47.905+0000] {dagbag.py:541} INFO - Filling up the DagBag from /opt/airflow/dags/fetch_weather_data.py
[2024-12-12T08:45:48.477+0000] {processor.py:836} INFO - DAG(s) dict_keys(['noaa_data_fetch']) retrieved from /opt/airflow/dags/fetch_weather_data.py
[2024-12-12T08:45:48.517+0000] {logging_mixin.py:150} INFO - [2024-12-12T08:45:48.516+0000] {dag.py:2742} INFO - Sync 1 DAGs
[2024-12-12T08:45:48.558+0000] {logging_mixin.py:150} INFO - [2024-12-12T08:45:48.557+0000] {dag.py:3508} INFO - Setting next_dagrun for noaa_data_fetch to 2024-12-11T00:00:00+00:00, run_after=2024-12-12T00:00:00+00:00
[2024-12-12T08:45:48.590+0000] {processor.py:179} INFO - Processing /opt/airflow/dags/fetch_weather_data.py took 0.691 seconds
[2024-12-12T08:46:19.463+0000] {processor.py:157} INFO - Started process (PID=2515) to work on /opt/airflow/dags/fetch_weather_data.py
[2024-12-12T08:46:19.465+0000] {processor.py:826} INFO - Processing file /opt/airflow/dags/fetch_weather_data.py for tasks to queue
[2024-12-12T08:46:19.467+0000] {logging_mixin.py:150} INFO - [2024-12-12T08:46:19.467+0000] {dagbag.py:541} INFO - Filling up the DagBag from /opt/airflow/dags/fetch_weather_data.py
[2024-12-12T08:46:20.154+0000] {processor.py:836} INFO - DAG(s) dict_keys(['noaa_data_fetch']) retrieved from /opt/airflow/dags/fetch_weather_data.py
[2024-12-12T08:46:20.195+0000] {logging_mixin.py:150} INFO - [2024-12-12T08:46:20.194+0000] {dag.py:2742} INFO - Sync 1 DAGs
[2024-12-12T08:46:20.237+0000] {logging_mixin.py:150} INFO - [2024-12-12T08:46:20.236+0000] {dag.py:3508} INFO - Setting next_dagrun for noaa_data_fetch to 2024-12-11T00:00:00+00:00, run_after=2024-12-12T00:00:00+00:00
[2024-12-12T08:46:20.263+0000] {processor.py:179} INFO - Processing /opt/airflow/dags/fetch_weather_data.py took 0.809 seconds
[2024-12-12T08:46:50.393+0000] {processor.py:157} INFO - Started process (PID=2732) to work on /opt/airflow/dags/fetch_weather_data.py
[2024-12-12T08:46:50.394+0000] {processor.py:826} INFO - Processing file /opt/airflow/dags/fetch_weather_data.py for tasks to queue
[2024-12-12T08:46:50.395+0000] {logging_mixin.py:150} INFO - [2024-12-12T08:46:50.395+0000] {dagbag.py:541} INFO - Filling up the DagBag from /opt/airflow/dags/fetch_weather_data.py
[2024-12-12T08:46:50.894+0000] {processor.py:836} INFO - DAG(s) dict_keys(['noaa_data_fetch']) retrieved from /opt/airflow/dags/fetch_weather_data.py
[2024-12-12T08:46:50.939+0000] {logging_mixin.py:150} INFO - [2024-12-12T08:46:50.938+0000] {dag.py:2742} INFO - Sync 1 DAGs
[2024-12-12T08:46:50.973+0000] {logging_mixin.py:150} INFO - [2024-12-12T08:46:50.973+0000] {dag.py:3508} INFO - Setting next_dagrun for noaa_data_fetch to 2024-12-11T00:00:00+00:00, run_after=2024-12-12T00:00:00+00:00
[2024-12-12T08:46:51.001+0000] {processor.py:179} INFO - Processing /opt/airflow/dags/fetch_weather_data.py took 0.613 seconds
[2024-12-12T08:47:21.778+0000] {processor.py:157} INFO - Started process (PID=2949) to work on /opt/airflow/dags/fetch_weather_data.py
[2024-12-12T08:47:21.779+0000] {processor.py:826} INFO - Processing file /opt/airflow/dags/fetch_weather_data.py for tasks to queue
[2024-12-12T08:47:21.780+0000] {logging_mixin.py:150} INFO - [2024-12-12T08:47:21.780+0000] {dagbag.py:541} INFO - Filling up the DagBag from /opt/airflow/dags/fetch_weather_data.py
[2024-12-12T08:47:22.253+0000] {processor.py:836} INFO - DAG(s) dict_keys(['noaa_data_fetch']) retrieved from /opt/airflow/dags/fetch_weather_data.py
[2024-12-12T08:47:22.285+0000] {logging_mixin.py:150} INFO - [2024-12-12T08:47:22.284+0000] {dag.py:2742} INFO - Sync 1 DAGs
[2024-12-12T08:47:22.322+0000] {logging_mixin.py:150} INFO - [2024-12-12T08:47:22.322+0000] {dag.py:3508} INFO - Setting next_dagrun for noaa_data_fetch to 2024-12-11T00:00:00+00:00, run_after=2024-12-12T00:00:00+00:00
[2024-12-12T08:47:22.350+0000] {processor.py:179} INFO - Processing /opt/airflow/dags/fetch_weather_data.py took 0.576 seconds
[2024-12-12T08:47:53.081+0000] {processor.py:157} INFO - Started process (PID=3205) to work on /opt/airflow/dags/fetch_weather_data.py
[2024-12-12T08:47:53.086+0000] {processor.py:826} INFO - Processing file /opt/airflow/dags/fetch_weather_data.py for tasks to queue
[2024-12-12T08:47:53.087+0000] {logging_mixin.py:150} INFO - [2024-12-12T08:47:53.086+0000] {dagbag.py:541} INFO - Filling up the DagBag from /opt/airflow/dags/fetch_weather_data.py
[2024-12-12T08:47:53.645+0000] {processor.py:836} INFO - DAG(s) dict_keys(['noaa_data_fetch']) retrieved from /opt/airflow/dags/fetch_weather_data.py
[2024-12-12T08:47:53.678+0000] {logging_mixin.py:150} INFO - [2024-12-12T08:47:53.677+0000] {dag.py:2742} INFO - Sync 1 DAGs
[2024-12-12T08:47:53.711+0000] {logging_mixin.py:150} INFO - [2024-12-12T08:47:53.711+0000] {dag.py:3508} INFO - Setting next_dagrun for noaa_data_fetch to 2024-12-11T00:00:00+00:00, run_after=2024-12-12T00:00:00+00:00
[2024-12-12T08:47:53.744+0000] {processor.py:179} INFO - Processing /opt/airflow/dags/fetch_weather_data.py took 0.665 seconds
[2024-12-12T08:48:24.318+0000] {processor.py:157} INFO - Started process (PID=3422) to work on /opt/airflow/dags/fetch_weather_data.py
[2024-12-12T08:48:24.319+0000] {processor.py:826} INFO - Processing file /opt/airflow/dags/fetch_weather_data.py for tasks to queue
[2024-12-12T08:48:24.320+0000] {logging_mixin.py:150} INFO - [2024-12-12T08:48:24.320+0000] {dagbag.py:541} INFO - Filling up the DagBag from /opt/airflow/dags/fetch_weather_data.py
[2024-12-12T08:48:25.001+0000] {processor.py:836} INFO - DAG(s) dict_keys(['noaa_data_fetch']) retrieved from /opt/airflow/dags/fetch_weather_data.py
[2024-12-12T08:48:25.045+0000] {logging_mixin.py:150} INFO - [2024-12-12T08:48:25.042+0000] {dag.py:2742} INFO - Sync 1 DAGs
[2024-12-12T08:48:25.083+0000] {logging_mixin.py:150} INFO - [2024-12-12T08:48:25.083+0000] {dag.py:3508} INFO - Setting next_dagrun for noaa_data_fetch to 2024-12-11T00:00:00+00:00, run_after=2024-12-12T00:00:00+00:00
[2024-12-12T08:48:25.114+0000] {processor.py:179} INFO - Processing /opt/airflow/dags/fetch_weather_data.py took 0.800 seconds
[2024-12-12T08:48:55.987+0000] {processor.py:157} INFO - Started process (PID=3639) to work on /opt/airflow/dags/fetch_weather_data.py
[2024-12-12T08:48:55.988+0000] {processor.py:826} INFO - Processing file /opt/airflow/dags/fetch_weather_data.py for tasks to queue
[2024-12-12T08:48:55.989+0000] {logging_mixin.py:150} INFO - [2024-12-12T08:48:55.989+0000] {dagbag.py:541} INFO - Filling up the DagBag from /opt/airflow/dags/fetch_weather_data.py
[2024-12-12T08:48:56.435+0000] {processor.py:836} INFO - DAG(s) dict_keys(['noaa_data_fetch']) retrieved from /opt/airflow/dags/fetch_weather_data.py
[2024-12-12T08:48:56.465+0000] {logging_mixin.py:150} INFO - [2024-12-12T08:48:56.465+0000] {dag.py:2742} INFO - Sync 1 DAGs
[2024-12-12T08:48:56.490+0000] {logging_mixin.py:150} INFO - [2024-12-12T08:48:56.490+0000] {dag.py:3508} INFO - Setting next_dagrun for noaa_data_fetch to 2024-12-11T00:00:00+00:00, run_after=2024-12-12T00:00:00+00:00
[2024-12-12T08:48:56.509+0000] {processor.py:179} INFO - Processing /opt/airflow/dags/fetch_weather_data.py took 0.526 seconds
[2024-12-12T08:49:27.376+0000] {processor.py:157} INFO - Started process (PID=3856) to work on /opt/airflow/dags/fetch_weather_data.py
[2024-12-12T08:49:27.378+0000] {processor.py:826} INFO - Processing file /opt/airflow/dags/fetch_weather_data.py for tasks to queue
[2024-12-12T08:49:27.381+0000] {logging_mixin.py:150} INFO - [2024-12-12T08:49:27.380+0000] {dagbag.py:541} INFO - Filling up the DagBag from /opt/airflow/dags/fetch_weather_data.py
[2024-12-12T08:49:27.862+0000] {processor.py:836} INFO - DAG(s) dict_keys(['noaa_data_fetch']) retrieved from /opt/airflow/dags/fetch_weather_data.py
[2024-12-12T08:49:27.890+0000] {logging_mixin.py:150} INFO - [2024-12-12T08:49:27.889+0000] {dag.py:2742} INFO - Sync 1 DAGs
[2024-12-12T08:49:27.918+0000] {logging_mixin.py:150} INFO - [2024-12-12T08:49:27.918+0000] {dag.py:3508} INFO - Setting next_dagrun for noaa_data_fetch to 2024-12-11T00:00:00+00:00, run_after=2024-12-12T00:00:00+00:00
[2024-12-12T08:49:27.947+0000] {processor.py:179} INFO - Processing /opt/airflow/dags/fetch_weather_data.py took 0.577 seconds
[2024-12-12T08:49:58.074+0000] {processor.py:157} INFO - Started process (PID=4073) to work on /opt/airflow/dags/fetch_weather_data.py
[2024-12-12T08:49:58.077+0000] {processor.py:826} INFO - Processing file /opt/airflow/dags/fetch_weather_data.py for tasks to queue
[2024-12-12T08:49:58.079+0000] {logging_mixin.py:150} INFO - [2024-12-12T08:49:58.078+0000] {dagbag.py:541} INFO - Filling up the DagBag from /opt/airflow/dags/fetch_weather_data.py
[2024-12-12T08:49:58.552+0000] {processor.py:836} INFO - DAG(s) dict_keys(['noaa_data_fetch']) retrieved from /opt/airflow/dags/fetch_weather_data.py
[2024-12-12T08:49:58.598+0000] {logging_mixin.py:150} INFO - [2024-12-12T08:49:58.597+0000] {dag.py:2742} INFO - Sync 1 DAGs
[2024-12-12T08:49:58.641+0000] {logging_mixin.py:150} INFO - [2024-12-12T08:49:58.641+0000] {dag.py:3508} INFO - Setting next_dagrun for noaa_data_fetch to 2024-12-11T00:00:00+00:00, run_after=2024-12-12T00:00:00+00:00
[2024-12-12T08:49:58.668+0000] {processor.py:179} INFO - Processing /opt/airflow/dags/fetch_weather_data.py took 0.599 seconds
[2024-12-12T08:50:28.974+0000] {processor.py:157} INFO - Started process (PID=4290) to work on /opt/airflow/dags/fetch_weather_data.py
[2024-12-12T08:50:28.976+0000] {processor.py:826} INFO - Processing file /opt/airflow/dags/fetch_weather_data.py for tasks to queue
[2024-12-12T08:50:28.977+0000] {logging_mixin.py:150} INFO - [2024-12-12T08:50:28.977+0000] {dagbag.py:541} INFO - Filling up the DagBag from /opt/airflow/dags/fetch_weather_data.py
[2024-12-12T08:50:29.517+0000] {processor.py:836} INFO - DAG(s) dict_keys(['noaa_data_fetch']) retrieved from /opt/airflow/dags/fetch_weather_data.py
[2024-12-12T08:50:29.558+0000] {logging_mixin.py:150} INFO - [2024-12-12T08:50:29.557+0000] {dag.py:2742} INFO - Sync 1 DAGs
[2024-12-12T08:50:29.585+0000] {logging_mixin.py:150} INFO - [2024-12-12T08:50:29.584+0000] {dag.py:3508} INFO - Setting next_dagrun for noaa_data_fetch to 2024-12-11T00:00:00+00:00, run_after=2024-12-12T00:00:00+00:00
[2024-12-12T08:50:29.609+0000] {processor.py:179} INFO - Processing /opt/airflow/dags/fetch_weather_data.py took 0.641 seconds
[2024-12-12T08:51:00.168+0000] {processor.py:157} INFO - Started process (PID=4507) to work on /opt/airflow/dags/fetch_weather_data.py
[2024-12-12T08:51:00.170+0000] {processor.py:826} INFO - Processing file /opt/airflow/dags/fetch_weather_data.py for tasks to queue
[2024-12-12T08:51:00.172+0000] {logging_mixin.py:150} INFO - [2024-12-12T08:51:00.171+0000] {dagbag.py:541} INFO - Filling up the DagBag from /opt/airflow/dags/fetch_weather_data.py
[2024-12-12T08:51:00.812+0000] {processor.py:836} INFO - DAG(s) dict_keys(['noaa_data_fetch']) retrieved from /opt/airflow/dags/fetch_weather_data.py
[2024-12-12T08:51:00.857+0000] {logging_mixin.py:150} INFO - [2024-12-12T08:51:00.856+0000] {dag.py:2742} INFO - Sync 1 DAGs
[2024-12-12T08:51:00.905+0000] {logging_mixin.py:150} INFO - [2024-12-12T08:51:00.905+0000] {dag.py:3508} INFO - Setting next_dagrun for noaa_data_fetch to 2024-12-11T00:00:00+00:00, run_after=2024-12-12T00:00:00+00:00
[2024-12-12T08:51:00.942+0000] {processor.py:179} INFO - Processing /opt/airflow/dags/fetch_weather_data.py took 0.778 seconds
[2024-12-12T08:51:31.504+0000] {processor.py:157} INFO - Started process (PID=4724) to work on /opt/airflow/dags/fetch_weather_data.py
[2024-12-12T08:51:31.505+0000] {processor.py:826} INFO - Processing file /opt/airflow/dags/fetch_weather_data.py for tasks to queue
[2024-12-12T08:51:31.506+0000] {logging_mixin.py:150} INFO - [2024-12-12T08:51:31.506+0000] {dagbag.py:541} INFO - Filling up the DagBag from /opt/airflow/dags/fetch_weather_data.py
[2024-12-12T08:51:32.027+0000] {processor.py:836} INFO - DAG(s) dict_keys(['noaa_data_fetch']) retrieved from /opt/airflow/dags/fetch_weather_data.py
[2024-12-12T08:51:32.069+0000] {logging_mixin.py:150} INFO - [2024-12-12T08:51:32.068+0000] {dag.py:2742} INFO - Sync 1 DAGs
[2024-12-12T08:51:32.106+0000] {logging_mixin.py:150} INFO - [2024-12-12T08:51:32.105+0000] {dag.py:3508} INFO - Setting next_dagrun for noaa_data_fetch to 2024-12-11T00:00:00+00:00, run_after=2024-12-12T00:00:00+00:00
[2024-12-12T08:51:32.135+0000] {processor.py:179} INFO - Processing /opt/airflow/dags/fetch_weather_data.py took 0.634 seconds
