[2024-12-12T08:27:25.461+0000] {processor.py:157} INFO - Started process (PID=240) to work on /opt/airflow/dags/verify_duckdb.py
[2024-12-12T08:27:25.463+0000] {processor.py:826} INFO - Processing file /opt/airflow/dags/verify_duckdb.py for tasks to queue
[2024-12-12T08:27:25.465+0000] {logging_mixin.py:150} INFO - [2024-12-12T08:27:25.464+0000] {dagbag.py:541} INFO - Filling up the DagBag from /opt/airflow/dags/verify_duckdb.py
[2024-12-12T08:27:25.596+0000] {processor.py:836} INFO - DAG(s) dict_keys(['verify_duckdb']) retrieved from /opt/airflow/dags/verify_duckdb.py
[2024-12-12T08:27:25.651+0000] {logging_mixin.py:150} INFO - [2024-12-12T08:27:25.650+0000] {dag.py:2742} INFO - Sync 1 DAGs
[2024-12-12T08:27:25.694+0000] {logging_mixin.py:150} INFO - [2024-12-12T08:27:25.694+0000] {dag.py:3508} INFO - Setting next_dagrun for verify_duckdb to None, run_after=None
[2024-12-12T08:27:25.727+0000] {processor.py:179} INFO - Processing /opt/airflow/dags/verify_duckdb.py took 0.272 seconds
[2024-12-12T08:27:56.670+0000] {processor.py:157} INFO - Started process (PID=493) to work on /opt/airflow/dags/verify_duckdb.py
[2024-12-12T08:27:56.672+0000] {processor.py:826} INFO - Processing file /opt/airflow/dags/verify_duckdb.py for tasks to queue
[2024-12-12T08:27:56.673+0000] {logging_mixin.py:150} INFO - [2024-12-12T08:27:56.673+0000] {dagbag.py:541} INFO - Filling up the DagBag from /opt/airflow/dags/verify_duckdb.py
[2024-12-12T08:27:56.844+0000] {processor.py:836} INFO - DAG(s) dict_keys(['verify_duckdb']) retrieved from /opt/airflow/dags/verify_duckdb.py
[2024-12-12T08:27:56.893+0000] {logging_mixin.py:150} INFO - [2024-12-12T08:27:56.893+0000] {dag.py:2742} INFO - Sync 1 DAGs
[2024-12-12T08:27:56.936+0000] {logging_mixin.py:150} INFO - [2024-12-12T08:27:56.936+0000] {dag.py:3508} INFO - Setting next_dagrun for verify_duckdb to None, run_after=None
[2024-12-12T08:27:56.976+0000] {processor.py:179} INFO - Processing /opt/airflow/dags/verify_duckdb.py took 0.308 seconds
[2024-12-12T08:28:27.187+0000] {processor.py:157} INFO - Started process (PID=732) to work on /opt/airflow/dags/verify_duckdb.py
[2024-12-12T08:28:27.189+0000] {processor.py:826} INFO - Processing file /opt/airflow/dags/verify_duckdb.py for tasks to queue
[2024-12-12T08:28:27.191+0000] {logging_mixin.py:150} INFO - [2024-12-12T08:28:27.190+0000] {dagbag.py:541} INFO - Filling up the DagBag from /opt/airflow/dags/verify_duckdb.py
[2024-12-12T08:28:27.307+0000] {processor.py:836} INFO - DAG(s) dict_keys(['verify_duckdb']) retrieved from /opt/airflow/dags/verify_duckdb.py
[2024-12-12T08:28:27.355+0000] {logging_mixin.py:150} INFO - [2024-12-12T08:28:27.355+0000] {dag.py:2742} INFO - Sync 1 DAGs
[2024-12-12T08:28:27.390+0000] {logging_mixin.py:150} INFO - [2024-12-12T08:28:27.389+0000] {dag.py:3508} INFO - Setting next_dagrun for verify_duckdb to None, run_after=None
[2024-12-12T08:28:27.420+0000] {processor.py:179} INFO - Processing /opt/airflow/dags/verify_duckdb.py took 0.240 seconds
[2024-12-12T08:28:58.116+0000] {processor.py:157} INFO - Started process (PID=949) to work on /opt/airflow/dags/verify_duckdb.py
[2024-12-12T08:28:58.122+0000] {processor.py:826} INFO - Processing file /opt/airflow/dags/verify_duckdb.py for tasks to queue
[2024-12-12T08:28:58.130+0000] {logging_mixin.py:150} INFO - [2024-12-12T08:28:58.129+0000] {dagbag.py:541} INFO - Filling up the DagBag from /opt/airflow/dags/verify_duckdb.py
[2024-12-12T08:28:58.242+0000] {processor.py:836} INFO - DAG(s) dict_keys(['verify_duckdb']) retrieved from /opt/airflow/dags/verify_duckdb.py
[2024-12-12T08:28:58.289+0000] {logging_mixin.py:150} INFO - [2024-12-12T08:28:58.289+0000] {dag.py:2742} INFO - Sync 1 DAGs
[2024-12-12T08:28:58.339+0000] {logging_mixin.py:150} INFO - [2024-12-12T08:28:58.339+0000] {dag.py:3508} INFO - Setting next_dagrun for verify_duckdb to None, run_after=None
[2024-12-12T08:28:58.537+0000] {processor.py:179} INFO - Processing /opt/airflow/dags/verify_duckdb.py took 0.456 seconds
[2024-12-12T08:29:28.608+0000] {processor.py:157} INFO - Started process (PID=1166) to work on /opt/airflow/dags/verify_duckdb.py
[2024-12-12T08:29:28.609+0000] {processor.py:826} INFO - Processing file /opt/airflow/dags/verify_duckdb.py for tasks to queue
[2024-12-12T08:29:28.610+0000] {logging_mixin.py:150} INFO - [2024-12-12T08:29:28.610+0000] {dagbag.py:541} INFO - Filling up the DagBag from /opt/airflow/dags/verify_duckdb.py
[2024-12-12T08:29:28.682+0000] {processor.py:836} INFO - DAG(s) dict_keys(['verify_duckdb']) retrieved from /opt/airflow/dags/verify_duckdb.py
[2024-12-12T08:29:28.718+0000] {logging_mixin.py:150} INFO - [2024-12-12T08:29:28.717+0000] {dag.py:2742} INFO - Sync 1 DAGs
[2024-12-12T08:29:28.886+0000] {logging_mixin.py:150} INFO - [2024-12-12T08:29:28.886+0000] {dag.py:3508} INFO - Setting next_dagrun for verify_duckdb to None, run_after=None
[2024-12-12T08:29:28.916+0000] {processor.py:179} INFO - Processing /opt/airflow/dags/verify_duckdb.py took 0.312 seconds
[2024-12-12T08:29:59.613+0000] {processor.py:157} INFO - Started process (PID=1383) to work on /opt/airflow/dags/verify_duckdb.py
[2024-12-12T08:29:59.614+0000] {processor.py:826} INFO - Processing file /opt/airflow/dags/verify_duckdb.py for tasks to queue
[2024-12-12T08:29:59.615+0000] {logging_mixin.py:150} INFO - [2024-12-12T08:29:59.615+0000] {dagbag.py:541} INFO - Filling up the DagBag from /opt/airflow/dags/verify_duckdb.py
[2024-12-12T08:29:59.667+0000] {processor.py:836} INFO - DAG(s) dict_keys(['verify_duckdb']) retrieved from /opt/airflow/dags/verify_duckdb.py
[2024-12-12T08:29:59.792+0000] {logging_mixin.py:150} INFO - [2024-12-12T08:29:59.791+0000] {dag.py:2742} INFO - Sync 1 DAGs
[2024-12-12T08:29:59.814+0000] {logging_mixin.py:150} INFO - [2024-12-12T08:29:59.813+0000] {dag.py:3508} INFO - Setting next_dagrun for verify_duckdb to None, run_after=None
[2024-12-12T08:29:59.831+0000] {processor.py:179} INFO - Processing /opt/airflow/dags/verify_duckdb.py took 0.220 seconds
[2024-12-12T08:30:30.867+0000] {processor.py:157} INFO - Started process (PID=1600) to work on /opt/airflow/dags/verify_duckdb.py
[2024-12-12T08:30:30.869+0000] {processor.py:826} INFO - Processing file /opt/airflow/dags/verify_duckdb.py for tasks to queue
[2024-12-12T08:30:30.870+0000] {logging_mixin.py:150} INFO - [2024-12-12T08:30:30.870+0000] {dagbag.py:541} INFO - Filling up the DagBag from /opt/airflow/dags/verify_duckdb.py
[2024-12-12T08:30:30.936+0000] {processor.py:836} INFO - DAG(s) dict_keys(['verify_duckdb']) retrieved from /opt/airflow/dags/verify_duckdb.py
[2024-12-12T08:30:31.102+0000] {logging_mixin.py:150} INFO - [2024-12-12T08:30:31.102+0000] {dag.py:2742} INFO - Sync 1 DAGs
[2024-12-12T08:30:31.140+0000] {logging_mixin.py:150} INFO - [2024-12-12T08:30:31.139+0000] {dag.py:3508} INFO - Setting next_dagrun for verify_duckdb to None, run_after=None
[2024-12-12T08:30:31.171+0000] {processor.py:179} INFO - Processing /opt/airflow/dags/verify_duckdb.py took 0.307 seconds
[2024-12-12T08:31:02.150+0000] {processor.py:157} INFO - Started process (PID=1817) to work on /opt/airflow/dags/verify_duckdb.py
[2024-12-12T08:31:02.152+0000] {processor.py:826} INFO - Processing file /opt/airflow/dags/verify_duckdb.py for tasks to queue
[2024-12-12T08:31:02.153+0000] {logging_mixin.py:150} INFO - [2024-12-12T08:31:02.153+0000] {dagbag.py:541} INFO - Filling up the DagBag from /opt/airflow/dags/verify_duckdb.py
[2024-12-12T08:31:02.373+0000] {processor.py:836} INFO - DAG(s) dict_keys(['verify_duckdb']) retrieved from /opt/airflow/dags/verify_duckdb.py
[2024-12-12T08:31:02.409+0000] {logging_mixin.py:150} INFO - [2024-12-12T08:31:02.409+0000] {dag.py:2742} INFO - Sync 1 DAGs
[2024-12-12T08:31:02.434+0000] {logging_mixin.py:150} INFO - [2024-12-12T08:31:02.433+0000] {dag.py:3508} INFO - Setting next_dagrun for verify_duckdb to None, run_after=None
[2024-12-12T08:31:02.457+0000] {processor.py:179} INFO - Processing /opt/airflow/dags/verify_duckdb.py took 0.311 seconds
[2024-12-12T08:31:32.615+0000] {processor.py:157} INFO - Started process (PID=2034) to work on /opt/airflow/dags/verify_duckdb.py
[2024-12-12T08:31:32.617+0000] {processor.py:826} INFO - Processing file /opt/airflow/dags/verify_duckdb.py for tasks to queue
[2024-12-12T08:31:32.618+0000] {logging_mixin.py:150} INFO - [2024-12-12T08:31:32.618+0000] {dagbag.py:541} INFO - Filling up the DagBag from /opt/airflow/dags/verify_duckdb.py
[2024-12-12T08:31:32.675+0000] {processor.py:836} INFO - DAG(s) dict_keys(['verify_duckdb']) retrieved from /opt/airflow/dags/verify_duckdb.py
[2024-12-12T08:31:32.710+0000] {logging_mixin.py:150} INFO - [2024-12-12T08:31:32.710+0000] {dag.py:2742} INFO - Sync 1 DAGs
[2024-12-12T08:31:32.739+0000] {logging_mixin.py:150} INFO - [2024-12-12T08:31:32.738+0000] {dag.py:3508} INFO - Setting next_dagrun for verify_duckdb to None, run_after=None
[2024-12-12T08:31:32.760+0000] {processor.py:179} INFO - Processing /opt/airflow/dags/verify_duckdb.py took 0.148 seconds
[2024-12-12T08:32:03.269+0000] {processor.py:157} INFO - Started process (PID=2251) to work on /opt/airflow/dags/verify_duckdb.py
[2024-12-12T08:32:03.271+0000] {processor.py:826} INFO - Processing file /opt/airflow/dags/verify_duckdb.py for tasks to queue
[2024-12-12T08:32:03.272+0000] {logging_mixin.py:150} INFO - [2024-12-12T08:32:03.272+0000] {dagbag.py:541} INFO - Filling up the DagBag from /opt/airflow/dags/verify_duckdb.py
[2024-12-12T08:32:03.371+0000] {processor.py:836} INFO - DAG(s) dict_keys(['verify_duckdb']) retrieved from /opt/airflow/dags/verify_duckdb.py
[2024-12-12T08:32:03.431+0000] {logging_mixin.py:150} INFO - [2024-12-12T08:32:03.430+0000] {dag.py:2742} INFO - Sync 1 DAGs
[2024-12-12T08:32:03.478+0000] {logging_mixin.py:150} INFO - [2024-12-12T08:32:03.478+0000] {dag.py:3508} INFO - Setting next_dagrun for verify_duckdb to None, run_after=None
[2024-12-12T08:32:03.510+0000] {processor.py:179} INFO - Processing /opt/airflow/dags/verify_duckdb.py took 0.245 seconds
[2024-12-12T08:32:33.831+0000] {processor.py:157} INFO - Started process (PID=2468) to work on /opt/airflow/dags/verify_duckdb.py
[2024-12-12T08:32:33.833+0000] {processor.py:826} INFO - Processing file /opt/airflow/dags/verify_duckdb.py for tasks to queue
[2024-12-12T08:32:33.834+0000] {logging_mixin.py:150} INFO - [2024-12-12T08:32:33.834+0000] {dagbag.py:541} INFO - Filling up the DagBag from /opt/airflow/dags/verify_duckdb.py
[2024-12-12T08:32:33.884+0000] {processor.py:836} INFO - DAG(s) dict_keys(['verify_duckdb']) retrieved from /opt/airflow/dags/verify_duckdb.py
[2024-12-12T08:32:33.909+0000] {logging_mixin.py:150} INFO - [2024-12-12T08:32:33.909+0000] {dag.py:2742} INFO - Sync 1 DAGs
[2024-12-12T08:32:33.929+0000] {logging_mixin.py:150} INFO - [2024-12-12T08:32:33.929+0000] {dag.py:3508} INFO - Setting next_dagrun for verify_duckdb to None, run_after=None
[2024-12-12T08:32:33.947+0000] {processor.py:179} INFO - Processing /opt/airflow/dags/verify_duckdb.py took 0.118 seconds
[2024-12-12T08:33:04.690+0000] {processor.py:157} INFO - Started process (PID=2710) to work on /opt/airflow/dags/verify_duckdb.py
[2024-12-12T08:33:04.691+0000] {processor.py:826} INFO - Processing file /opt/airflow/dags/verify_duckdb.py for tasks to queue
[2024-12-12T08:33:04.692+0000] {logging_mixin.py:150} INFO - [2024-12-12T08:33:04.692+0000] {dagbag.py:541} INFO - Filling up the DagBag from /opt/airflow/dags/verify_duckdb.py
[2024-12-12T08:33:04.748+0000] {processor.py:836} INFO - DAG(s) dict_keys(['verify_duckdb']) retrieved from /opt/airflow/dags/verify_duckdb.py
[2024-12-12T08:33:04.778+0000] {logging_mixin.py:150} INFO - [2024-12-12T08:33:04.778+0000] {dag.py:2742} INFO - Sync 1 DAGs
[2024-12-12T08:33:04.803+0000] {logging_mixin.py:150} INFO - [2024-12-12T08:33:04.803+0000] {dag.py:3508} INFO - Setting next_dagrun for verify_duckdb to None, run_after=None
[2024-12-12T08:33:04.825+0000] {processor.py:179} INFO - Processing /opt/airflow/dags/verify_duckdb.py took 0.137 seconds
[2024-12-12T08:33:35.491+0000] {processor.py:157} INFO - Started process (PID=2927) to work on /opt/airflow/dags/verify_duckdb.py
[2024-12-12T08:33:35.495+0000] {processor.py:826} INFO - Processing file /opt/airflow/dags/verify_duckdb.py for tasks to queue
[2024-12-12T08:33:35.497+0000] {logging_mixin.py:150} INFO - [2024-12-12T08:33:35.496+0000] {dagbag.py:541} INFO - Filling up the DagBag from /opt/airflow/dags/verify_duckdb.py
[2024-12-12T08:33:35.583+0000] {processor.py:836} INFO - DAG(s) dict_keys(['verify_duckdb']) retrieved from /opt/airflow/dags/verify_duckdb.py
[2024-12-12T08:33:35.615+0000] {logging_mixin.py:150} INFO - [2024-12-12T08:33:35.615+0000] {dag.py:2742} INFO - Sync 1 DAGs
[2024-12-12T08:33:35.635+0000] {logging_mixin.py:150} INFO - [2024-12-12T08:33:35.635+0000] {dag.py:3508} INFO - Setting next_dagrun for verify_duckdb to None, run_after=None
[2024-12-12T08:33:35.657+0000] {processor.py:179} INFO - Processing /opt/airflow/dags/verify_duckdb.py took 0.171 seconds
[2024-12-12T08:34:05.728+0000] {processor.py:157} INFO - Started process (PID=3162) to work on /opt/airflow/dags/verify_duckdb.py
[2024-12-12T08:34:05.730+0000] {processor.py:826} INFO - Processing file /opt/airflow/dags/verify_duckdb.py for tasks to queue
[2024-12-12T08:34:05.732+0000] {logging_mixin.py:150} INFO - [2024-12-12T08:34:05.732+0000] {dagbag.py:541} INFO - Filling up the DagBag from /opt/airflow/dags/verify_duckdb.py
[2024-12-12T08:34:05.853+0000] {processor.py:836} INFO - DAG(s) dict_keys(['verify_duckdb']) retrieved from /opt/airflow/dags/verify_duckdb.py
[2024-12-12T08:34:05.890+0000] {logging_mixin.py:150} INFO - [2024-12-12T08:34:05.889+0000] {dag.py:2742} INFO - Sync 1 DAGs
[2024-12-12T08:34:05.917+0000] {logging_mixin.py:150} INFO - [2024-12-12T08:34:05.917+0000] {dag.py:3508} INFO - Setting next_dagrun for verify_duckdb to None, run_after=None
[2024-12-12T08:34:05.951+0000] {processor.py:179} INFO - Processing /opt/airflow/dags/verify_duckdb.py took 0.229 seconds
[2024-12-12T08:34:36.718+0000] {processor.py:157} INFO - Started process (PID=3420) to work on /opt/airflow/dags/verify_duckdb.py
[2024-12-12T08:34:36.719+0000] {processor.py:826} INFO - Processing file /opt/airflow/dags/verify_duckdb.py for tasks to queue
[2024-12-12T08:34:36.721+0000] {logging_mixin.py:150} INFO - [2024-12-12T08:34:36.720+0000] {dagbag.py:541} INFO - Filling up the DagBag from /opt/airflow/dags/verify_duckdb.py
[2024-12-12T08:34:36.782+0000] {processor.py:836} INFO - DAG(s) dict_keys(['verify_duckdb']) retrieved from /opt/airflow/dags/verify_duckdb.py
[2024-12-12T08:34:36.816+0000] {logging_mixin.py:150} INFO - [2024-12-12T08:34:36.815+0000] {dag.py:2742} INFO - Sync 1 DAGs
[2024-12-12T08:34:36.844+0000] {logging_mixin.py:150} INFO - [2024-12-12T08:34:36.844+0000] {dag.py:3508} INFO - Setting next_dagrun for verify_duckdb to None, run_after=None
[2024-12-12T08:34:36.892+0000] {processor.py:179} INFO - Processing /opt/airflow/dags/verify_duckdb.py took 0.178 seconds
[2024-12-12T08:35:07.037+0000] {processor.py:157} INFO - Started process (PID=3637) to work on /opt/airflow/dags/verify_duckdb.py
[2024-12-12T08:35:07.039+0000] {processor.py:826} INFO - Processing file /opt/airflow/dags/verify_duckdb.py for tasks to queue
[2024-12-12T08:35:07.040+0000] {logging_mixin.py:150} INFO - [2024-12-12T08:35:07.039+0000] {dagbag.py:541} INFO - Filling up the DagBag from /opt/airflow/dags/verify_duckdb.py
[2024-12-12T08:35:07.125+0000] {processor.py:836} INFO - DAG(s) dict_keys(['verify_duckdb']) retrieved from /opt/airflow/dags/verify_duckdb.py
[2024-12-12T08:35:07.161+0000] {logging_mixin.py:150} INFO - [2024-12-12T08:35:07.160+0000] {dag.py:2742} INFO - Sync 1 DAGs
[2024-12-12T08:35:07.183+0000] {logging_mixin.py:150} INFO - [2024-12-12T08:35:07.183+0000] {dag.py:3508} INFO - Setting next_dagrun for verify_duckdb to None, run_after=None
[2024-12-12T08:35:07.202+0000] {processor.py:179} INFO - Processing /opt/airflow/dags/verify_duckdb.py took 0.169 seconds
[2024-12-12T08:35:37.398+0000] {processor.py:157} INFO - Started process (PID=3854) to work on /opt/airflow/dags/verify_duckdb.py
[2024-12-12T08:35:37.399+0000] {processor.py:826} INFO - Processing file /opt/airflow/dags/verify_duckdb.py for tasks to queue
[2024-12-12T08:35:37.401+0000] {logging_mixin.py:150} INFO - [2024-12-12T08:35:37.400+0000] {dagbag.py:541} INFO - Filling up the DagBag from /opt/airflow/dags/verify_duckdb.py
[2024-12-12T08:35:37.486+0000] {processor.py:836} INFO - DAG(s) dict_keys(['verify_duckdb']) retrieved from /opt/airflow/dags/verify_duckdb.py
[2024-12-12T08:35:37.538+0000] {logging_mixin.py:150} INFO - [2024-12-12T08:35:37.537+0000] {dag.py:2742} INFO - Sync 1 DAGs
[2024-12-12T08:35:37.567+0000] {logging_mixin.py:150} INFO - [2024-12-12T08:35:37.567+0000] {dag.py:3508} INFO - Setting next_dagrun for verify_duckdb to None, run_after=None
[2024-12-12T08:35:37.598+0000] {processor.py:179} INFO - Processing /opt/airflow/dags/verify_duckdb.py took 0.203 seconds
[2024-12-12T08:36:07.766+0000] {processor.py:157} INFO - Started process (PID=4071) to work on /opt/airflow/dags/verify_duckdb.py
[2024-12-12T08:36:07.768+0000] {processor.py:826} INFO - Processing file /opt/airflow/dags/verify_duckdb.py for tasks to queue
[2024-12-12T08:36:07.770+0000] {logging_mixin.py:150} INFO - [2024-12-12T08:36:07.770+0000] {dagbag.py:541} INFO - Filling up the DagBag from /opt/airflow/dags/verify_duckdb.py
[2024-12-12T08:36:07.851+0000] {processor.py:836} INFO - DAG(s) dict_keys(['verify_duckdb']) retrieved from /opt/airflow/dags/verify_duckdb.py
[2024-12-12T08:36:07.891+0000] {logging_mixin.py:150} INFO - [2024-12-12T08:36:07.891+0000] {dag.py:2742} INFO - Sync 1 DAGs
[2024-12-12T08:36:07.931+0000] {logging_mixin.py:150} INFO - [2024-12-12T08:36:07.931+0000] {dag.py:3508} INFO - Setting next_dagrun for verify_duckdb to None, run_after=None
[2024-12-12T08:36:07.972+0000] {processor.py:179} INFO - Processing /opt/airflow/dags/verify_duckdb.py took 0.215 seconds
[2024-12-12T08:36:38.385+0000] {processor.py:157} INFO - Started process (PID=4288) to work on /opt/airflow/dags/verify_duckdb.py
[2024-12-12T08:36:38.386+0000] {processor.py:826} INFO - Processing file /opt/airflow/dags/verify_duckdb.py for tasks to queue
[2024-12-12T08:36:38.388+0000] {logging_mixin.py:150} INFO - [2024-12-12T08:36:38.388+0000] {dagbag.py:541} INFO - Filling up the DagBag from /opt/airflow/dags/verify_duckdb.py
[2024-12-12T08:36:38.462+0000] {processor.py:836} INFO - DAG(s) dict_keys(['verify_duckdb']) retrieved from /opt/airflow/dags/verify_duckdb.py
[2024-12-12T08:36:38.502+0000] {logging_mixin.py:150} INFO - [2024-12-12T08:36:38.502+0000] {dag.py:2742} INFO - Sync 1 DAGs
[2024-12-12T08:36:38.533+0000] {logging_mixin.py:150} INFO - [2024-12-12T08:36:38.532+0000] {dag.py:3508} INFO - Setting next_dagrun for verify_duckdb to None, run_after=None
[2024-12-12T08:36:38.567+0000] {processor.py:179} INFO - Processing /opt/airflow/dags/verify_duckdb.py took 0.185 seconds
[2024-12-12T08:37:08.943+0000] {processor.py:157} INFO - Started process (PID=4505) to work on /opt/airflow/dags/verify_duckdb.py
[2024-12-12T08:37:08.944+0000] {processor.py:826} INFO - Processing file /opt/airflow/dags/verify_duckdb.py for tasks to queue
[2024-12-12T08:37:08.946+0000] {logging_mixin.py:150} INFO - [2024-12-12T08:37:08.945+0000] {dagbag.py:541} INFO - Filling up the DagBag from /opt/airflow/dags/verify_duckdb.py
[2024-12-12T08:37:09.008+0000] {processor.py:836} INFO - DAG(s) dict_keys(['verify_duckdb']) retrieved from /opt/airflow/dags/verify_duckdb.py
[2024-12-12T08:37:09.038+0000] {logging_mixin.py:150} INFO - [2024-12-12T08:37:09.037+0000] {dag.py:2742} INFO - Sync 1 DAGs
[2024-12-12T08:37:09.060+0000] {logging_mixin.py:150} INFO - [2024-12-12T08:37:09.060+0000] {dag.py:3508} INFO - Setting next_dagrun for verify_duckdb to None, run_after=None
[2024-12-12T08:37:09.080+0000] {processor.py:179} INFO - Processing /opt/airflow/dags/verify_duckdb.py took 0.143 seconds
[2024-12-12T08:37:39.233+0000] {processor.py:157} INFO - Started process (PID=4722) to work on /opt/airflow/dags/verify_duckdb.py
[2024-12-12T08:37:39.235+0000] {processor.py:826} INFO - Processing file /opt/airflow/dags/verify_duckdb.py for tasks to queue
[2024-12-12T08:37:39.237+0000] {logging_mixin.py:150} INFO - [2024-12-12T08:37:39.236+0000] {dagbag.py:541} INFO - Filling up the DagBag from /opt/airflow/dags/verify_duckdb.py
[2024-12-12T08:37:39.304+0000] {processor.py:836} INFO - DAG(s) dict_keys(['verify_duckdb']) retrieved from /opt/airflow/dags/verify_duckdb.py
[2024-12-12T08:37:39.342+0000] {logging_mixin.py:150} INFO - [2024-12-12T08:37:39.342+0000] {dag.py:2742} INFO - Sync 1 DAGs
[2024-12-12T08:37:39.366+0000] {logging_mixin.py:150} INFO - [2024-12-12T08:37:39.365+0000] {dag.py:3508} INFO - Setting next_dagrun for verify_duckdb to None, run_after=None
[2024-12-12T08:37:39.386+0000] {processor.py:179} INFO - Processing /opt/airflow/dags/verify_duckdb.py took 0.157 seconds
[2024-12-12T08:38:40.766+0000] {processor.py:157} INFO - Started process (PID=271) to work on /opt/airflow/dags/verify_duckdb.py
[2024-12-12T08:38:40.768+0000] {processor.py:826} INFO - Processing file /opt/airflow/dags/verify_duckdb.py for tasks to queue
[2024-12-12T08:38:40.771+0000] {logging_mixin.py:150} INFO - [2024-12-12T08:38:40.770+0000] {dagbag.py:541} INFO - Filling up the DagBag from /opt/airflow/dags/verify_duckdb.py
[2024-12-12T08:38:40.840+0000] {processor.py:836} INFO - DAG(s) dict_keys(['verify_duckdb']) retrieved from /opt/airflow/dags/verify_duckdb.py
[2024-12-12T08:38:40.860+0000] {logging_mixin.py:150} INFO - [2024-12-12T08:38:40.860+0000] {dag.py:2742} INFO - Sync 1 DAGs
[2024-12-12T08:38:40.892+0000] {logging_mixin.py:150} INFO - [2024-12-12T08:38:40.892+0000] {dag.py:3508} INFO - Setting next_dagrun for verify_duckdb to None, run_after=None
[2024-12-12T08:38:40.919+0000] {processor.py:179} INFO - Processing /opt/airflow/dags/verify_duckdb.py took 0.158 seconds
[2024-12-12T08:39:11.893+0000] {processor.py:157} INFO - Started process (PID=508) to work on /opt/airflow/dags/verify_duckdb.py
[2024-12-12T08:39:11.895+0000] {processor.py:826} INFO - Processing file /opt/airflow/dags/verify_duckdb.py for tasks to queue
[2024-12-12T08:39:11.896+0000] {logging_mixin.py:150} INFO - [2024-12-12T08:39:11.896+0000] {dagbag.py:541} INFO - Filling up the DagBag from /opt/airflow/dags/verify_duckdb.py
[2024-12-12T08:39:11.981+0000] {processor.py:836} INFO - DAG(s) dict_keys(['verify_duckdb']) retrieved from /opt/airflow/dags/verify_duckdb.py
[2024-12-12T08:39:12.021+0000] {logging_mixin.py:150} INFO - [2024-12-12T08:39:12.020+0000] {dag.py:2742} INFO - Sync 1 DAGs
[2024-12-12T08:39:12.057+0000] {logging_mixin.py:150} INFO - [2024-12-12T08:39:12.057+0000] {dag.py:3508} INFO - Setting next_dagrun for verify_duckdb to None, run_after=None
[2024-12-12T08:39:12.102+0000] {processor.py:179} INFO - Processing /opt/airflow/dags/verify_duckdb.py took 0.215 seconds
[2024-12-12T08:39:42.385+0000] {processor.py:157} INFO - Started process (PID=816) to work on /opt/airflow/dags/verify_duckdb.py
[2024-12-12T08:39:42.387+0000] {processor.py:826} INFO - Processing file /opt/airflow/dags/verify_duckdb.py for tasks to queue
[2024-12-12T08:39:42.388+0000] {logging_mixin.py:150} INFO - [2024-12-12T08:39:42.387+0000] {dagbag.py:541} INFO - Filling up the DagBag from /opt/airflow/dags/verify_duckdb.py
[2024-12-12T08:39:42.445+0000] {processor.py:836} INFO - DAG(s) dict_keys(['verify_duckdb']) retrieved from /opt/airflow/dags/verify_duckdb.py
[2024-12-12T08:39:42.490+0000] {logging_mixin.py:150} INFO - [2024-12-12T08:39:42.489+0000] {dag.py:2742} INFO - Sync 1 DAGs
[2024-12-12T08:39:42.525+0000] {logging_mixin.py:150} INFO - [2024-12-12T08:39:42.524+0000] {dag.py:3508} INFO - Setting next_dagrun for verify_duckdb to None, run_after=None
[2024-12-12T08:39:42.552+0000] {processor.py:179} INFO - Processing /opt/airflow/dags/verify_duckdb.py took 0.172 seconds
[2024-12-12T08:40:12.796+0000] {processor.py:157} INFO - Started process (PID=1033) to work on /opt/airflow/dags/verify_duckdb.py
[2024-12-12T08:40:12.797+0000] {processor.py:826} INFO - Processing file /opt/airflow/dags/verify_duckdb.py for tasks to queue
[2024-12-12T08:40:12.798+0000] {logging_mixin.py:150} INFO - [2024-12-12T08:40:12.798+0000] {dagbag.py:541} INFO - Filling up the DagBag from /opt/airflow/dags/verify_duckdb.py
[2024-12-12T08:40:12.866+0000] {processor.py:836} INFO - DAG(s) dict_keys(['verify_duckdb']) retrieved from /opt/airflow/dags/verify_duckdb.py
[2024-12-12T08:40:12.896+0000] {logging_mixin.py:150} INFO - [2024-12-12T08:40:12.896+0000] {dag.py:2742} INFO - Sync 1 DAGs
[2024-12-12T08:40:12.917+0000] {logging_mixin.py:150} INFO - [2024-12-12T08:40:12.917+0000] {dag.py:3508} INFO - Setting next_dagrun for verify_duckdb to None, run_after=None
[2024-12-12T08:40:13.042+0000] {processor.py:179} INFO - Processing /opt/airflow/dags/verify_duckdb.py took 0.250 seconds
[2024-12-12T08:41:07.547+0000] {processor.py:157} INFO - Started process (PID=271) to work on /opt/airflow/dags/verify_duckdb.py
[2024-12-12T08:41:07.549+0000] {processor.py:826} INFO - Processing file /opt/airflow/dags/verify_duckdb.py for tasks to queue
[2024-12-12T08:41:07.551+0000] {logging_mixin.py:150} INFO - [2024-12-12T08:41:07.550+0000] {dagbag.py:541} INFO - Filling up the DagBag from /opt/airflow/dags/verify_duckdb.py
[2024-12-12T08:41:07.641+0000] {processor.py:836} INFO - DAG(s) dict_keys(['verify_duckdb']) retrieved from /opt/airflow/dags/verify_duckdb.py
[2024-12-12T08:41:07.658+0000] {logging_mixin.py:150} INFO - [2024-12-12T08:41:07.658+0000] {dag.py:2742} INFO - Sync 1 DAGs
[2024-12-12T08:41:07.702+0000] {logging_mixin.py:150} INFO - [2024-12-12T08:41:07.702+0000] {dag.py:3508} INFO - Setting next_dagrun for verify_duckdb to None, run_after=None
[2024-12-12T08:41:07.755+0000] {processor.py:179} INFO - Processing /opt/airflow/dags/verify_duckdb.py took 0.213 seconds
[2024-12-12T08:41:38.149+0000] {processor.py:157} INFO - Started process (PID=477) to work on /opt/airflow/dags/verify_duckdb.py
[2024-12-12T08:41:38.150+0000] {processor.py:826} INFO - Processing file /opt/airflow/dags/verify_duckdb.py for tasks to queue
[2024-12-12T08:41:38.151+0000] {logging_mixin.py:150} INFO - [2024-12-12T08:41:38.151+0000] {dagbag.py:541} INFO - Filling up the DagBag from /opt/airflow/dags/verify_duckdb.py
[2024-12-12T08:41:38.202+0000] {processor.py:836} INFO - DAG(s) dict_keys(['verify_duckdb']) retrieved from /opt/airflow/dags/verify_duckdb.py
[2024-12-12T08:41:38.234+0000] {logging_mixin.py:150} INFO - [2024-12-12T08:41:38.234+0000] {dag.py:2742} INFO - Sync 1 DAGs
[2024-12-12T08:41:38.256+0000] {logging_mixin.py:150} INFO - [2024-12-12T08:41:38.256+0000] {dag.py:3508} INFO - Setting next_dagrun for verify_duckdb to None, run_after=None
[2024-12-12T08:41:38.287+0000] {processor.py:179} INFO - Processing /opt/airflow/dags/verify_duckdb.py took 0.140 seconds
[2024-12-12T08:42:08.494+0000] {processor.py:157} INFO - Started process (PID=694) to work on /opt/airflow/dags/verify_duckdb.py
[2024-12-12T08:42:08.496+0000] {processor.py:826} INFO - Processing file /opt/airflow/dags/verify_duckdb.py for tasks to queue
[2024-12-12T08:42:08.500+0000] {logging_mixin.py:150} INFO - [2024-12-12T08:42:08.499+0000] {dagbag.py:541} INFO - Filling up the DagBag from /opt/airflow/dags/verify_duckdb.py
[2024-12-12T08:42:08.655+0000] {processor.py:836} INFO - DAG(s) dict_keys(['verify_duckdb']) retrieved from /opt/airflow/dags/verify_duckdb.py
[2024-12-12T08:42:08.721+0000] {logging_mixin.py:150} INFO - [2024-12-12T08:42:08.721+0000] {dag.py:2742} INFO - Sync 1 DAGs
[2024-12-12T08:42:08.784+0000] {logging_mixin.py:150} INFO - [2024-12-12T08:42:08.783+0000] {dag.py:3508} INFO - Setting next_dagrun for verify_duckdb to None, run_after=None
[2024-12-12T08:42:08.829+0000] {processor.py:179} INFO - Processing /opt/airflow/dags/verify_duckdb.py took 0.341 seconds
[2024-12-12T08:42:39.083+0000] {processor.py:157} INFO - Started process (PID=911) to work on /opt/airflow/dags/verify_duckdb.py
[2024-12-12T08:42:39.084+0000] {processor.py:826} INFO - Processing file /opt/airflow/dags/verify_duckdb.py for tasks to queue
[2024-12-12T08:42:39.085+0000] {logging_mixin.py:150} INFO - [2024-12-12T08:42:39.085+0000] {dagbag.py:541} INFO - Filling up the DagBag from /opt/airflow/dags/verify_duckdb.py
[2024-12-12T08:42:39.136+0000] {processor.py:836} INFO - DAG(s) dict_keys(['verify_duckdb']) retrieved from /opt/airflow/dags/verify_duckdb.py
[2024-12-12T08:42:39.165+0000] {logging_mixin.py:150} INFO - [2024-12-12T08:42:39.165+0000] {dag.py:2742} INFO - Sync 1 DAGs
[2024-12-12T08:42:39.189+0000] {logging_mixin.py:150} INFO - [2024-12-12T08:42:39.189+0000] {dag.py:3508} INFO - Setting next_dagrun for verify_duckdb to None, run_after=None
[2024-12-12T08:42:39.347+0000] {processor.py:179} INFO - Processing /opt/airflow/dags/verify_duckdb.py took 0.267 seconds
[2024-12-12T08:43:09.902+0000] {processor.py:157} INFO - Started process (PID=1128) to work on /opt/airflow/dags/verify_duckdb.py
[2024-12-12T08:43:09.905+0000] {processor.py:826} INFO - Processing file /opt/airflow/dags/verify_duckdb.py for tasks to queue
[2024-12-12T08:43:09.906+0000] {logging_mixin.py:150} INFO - [2024-12-12T08:43:09.906+0000] {dagbag.py:541} INFO - Filling up the DagBag from /opt/airflow/dags/verify_duckdb.py
[2024-12-12T08:43:10.004+0000] {processor.py:836} INFO - DAG(s) dict_keys(['verify_duckdb']) retrieved from /opt/airflow/dags/verify_duckdb.py
[2024-12-12T08:43:10.044+0000] {logging_mixin.py:150} INFO - [2024-12-12T08:43:10.044+0000] {dag.py:2742} INFO - Sync 1 DAGs
[2024-12-12T08:43:10.233+0000] {logging_mixin.py:150} INFO - [2024-12-12T08:43:10.233+0000] {dag.py:3508} INFO - Setting next_dagrun for verify_duckdb to None, run_after=None
[2024-12-12T08:43:10.265+0000] {processor.py:179} INFO - Processing /opt/airflow/dags/verify_duckdb.py took 0.370 seconds
[2024-12-12T08:43:41.215+0000] {processor.py:157} INFO - Started process (PID=1345) to work on /opt/airflow/dags/verify_duckdb.py
[2024-12-12T08:43:41.217+0000] {processor.py:826} INFO - Processing file /opt/airflow/dags/verify_duckdb.py for tasks to queue
[2024-12-12T08:43:41.219+0000] {logging_mixin.py:150} INFO - [2024-12-12T08:43:41.219+0000] {dagbag.py:541} INFO - Filling up the DagBag from /opt/airflow/dags/verify_duckdb.py
[2024-12-12T08:43:41.300+0000] {processor.py:836} INFO - DAG(s) dict_keys(['verify_duckdb']) retrieved from /opt/airflow/dags/verify_duckdb.py
[2024-12-12T08:43:41.501+0000] {logging_mixin.py:150} INFO - [2024-12-12T08:43:41.500+0000] {dag.py:2742} INFO - Sync 1 DAGs
[2024-12-12T08:43:41.532+0000] {logging_mixin.py:150} INFO - [2024-12-12T08:43:41.532+0000] {dag.py:3508} INFO - Setting next_dagrun for verify_duckdb to None, run_after=None
[2024-12-12T08:43:41.559+0000] {processor.py:179} INFO - Processing /opt/airflow/dags/verify_duckdb.py took 0.352 seconds
[2024-12-12T08:44:12.485+0000] {processor.py:157} INFO - Started process (PID=1562) to work on /opt/airflow/dags/verify_duckdb.py
[2024-12-12T08:44:12.486+0000] {processor.py:826} INFO - Processing file /opt/airflow/dags/verify_duckdb.py for tasks to queue
[2024-12-12T08:44:12.487+0000] {logging_mixin.py:150} INFO - [2024-12-12T08:44:12.487+0000] {dagbag.py:541} INFO - Filling up the DagBag from /opt/airflow/dags/verify_duckdb.py
[2024-12-12T08:44:12.541+0000] {processor.py:836} INFO - DAG(s) dict_keys(['verify_duckdb']) retrieved from /opt/airflow/dags/verify_duckdb.py
[2024-12-12T08:44:12.693+0000] {logging_mixin.py:150} INFO - [2024-12-12T08:44:12.693+0000] {dag.py:2742} INFO - Sync 1 DAGs
[2024-12-12T08:44:12.712+0000] {logging_mixin.py:150} INFO - [2024-12-12T08:44:12.712+0000] {dag.py:3508} INFO - Setting next_dagrun for verify_duckdb to None, run_after=None
[2024-12-12T08:44:12.733+0000] {processor.py:179} INFO - Processing /opt/airflow/dags/verify_duckdb.py took 0.250 seconds
[2024-12-12T08:44:43.211+0000] {processor.py:157} INFO - Started process (PID=1830) to work on /opt/airflow/dags/verify_duckdb.py
[2024-12-12T08:44:43.213+0000] {processor.py:826} INFO - Processing file /opt/airflow/dags/verify_duckdb.py for tasks to queue
[2024-12-12T08:44:43.214+0000] {logging_mixin.py:150} INFO - [2024-12-12T08:44:43.214+0000] {dagbag.py:541} INFO - Filling up the DagBag from /opt/airflow/dags/verify_duckdb.py
[2024-12-12T08:44:43.404+0000] {processor.py:836} INFO - DAG(s) dict_keys(['verify_duckdb']) retrieved from /opt/airflow/dags/verify_duckdb.py
[2024-12-12T08:44:43.430+0000] {logging_mixin.py:150} INFO - [2024-12-12T08:44:43.430+0000] {dag.py:2742} INFO - Sync 1 DAGs
[2024-12-12T08:44:43.455+0000] {logging_mixin.py:150} INFO - [2024-12-12T08:44:43.455+0000] {dag.py:3508} INFO - Setting next_dagrun for verify_duckdb to None, run_after=None
[2024-12-12T08:44:43.480+0000] {processor.py:179} INFO - Processing /opt/airflow/dags/verify_duckdb.py took 0.272 seconds
[2024-12-12T08:45:14.117+0000] {processor.py:157} INFO - Started process (PID=2048) to work on /opt/airflow/dags/verify_duckdb.py
[2024-12-12T08:45:14.119+0000] {processor.py:826} INFO - Processing file /opt/airflow/dags/verify_duckdb.py for tasks to queue
[2024-12-12T08:45:14.120+0000] {logging_mixin.py:150} INFO - [2024-12-12T08:45:14.119+0000] {dagbag.py:541} INFO - Filling up the DagBag from /opt/airflow/dags/verify_duckdb.py
[2024-12-12T08:45:14.177+0000] {processor.py:836} INFO - DAG(s) dict_keys(['verify_duckdb']) retrieved from /opt/airflow/dags/verify_duckdb.py
[2024-12-12T08:45:14.209+0000] {logging_mixin.py:150} INFO - [2024-12-12T08:45:14.209+0000] {dag.py:2742} INFO - Sync 1 DAGs
[2024-12-12T08:45:14.234+0000] {logging_mixin.py:150} INFO - [2024-12-12T08:45:14.234+0000] {dag.py:3508} INFO - Setting next_dagrun for verify_duckdb to None, run_after=None
[2024-12-12T08:45:14.260+0000] {processor.py:179} INFO - Processing /opt/airflow/dags/verify_duckdb.py took 0.146 seconds
[2024-12-12T08:45:44.835+0000] {processor.py:157} INFO - Started process (PID=2265) to work on /opt/airflow/dags/verify_duckdb.py
[2024-12-12T08:45:44.836+0000] {processor.py:826} INFO - Processing file /opt/airflow/dags/verify_duckdb.py for tasks to queue
[2024-12-12T08:45:44.837+0000] {logging_mixin.py:150} INFO - [2024-12-12T08:45:44.837+0000] {dagbag.py:541} INFO - Filling up the DagBag from /opt/airflow/dags/verify_duckdb.py
[2024-12-12T08:45:44.923+0000] {processor.py:836} INFO - DAG(s) dict_keys(['verify_duckdb']) retrieved from /opt/airflow/dags/verify_duckdb.py
[2024-12-12T08:45:44.958+0000] {logging_mixin.py:150} INFO - [2024-12-12T08:45:44.958+0000] {dag.py:2742} INFO - Sync 1 DAGs
[2024-12-12T08:45:44.984+0000] {logging_mixin.py:150} INFO - [2024-12-12T08:45:44.983+0000] {dag.py:3508} INFO - Setting next_dagrun for verify_duckdb to None, run_after=None
[2024-12-12T08:45:45.008+0000] {processor.py:179} INFO - Processing /opt/airflow/dags/verify_duckdb.py took 0.175 seconds
[2024-12-12T08:46:15.366+0000] {processor.py:157} INFO - Started process (PID=2482) to work on /opt/airflow/dags/verify_duckdb.py
[2024-12-12T08:46:15.367+0000] {processor.py:826} INFO - Processing file /opt/airflow/dags/verify_duckdb.py for tasks to queue
[2024-12-12T08:46:15.368+0000] {logging_mixin.py:150} INFO - [2024-12-12T08:46:15.368+0000] {dagbag.py:541} INFO - Filling up the DagBag from /opt/airflow/dags/verify_duckdb.py
[2024-12-12T08:46:15.433+0000] {processor.py:836} INFO - DAG(s) dict_keys(['verify_duckdb']) retrieved from /opt/airflow/dags/verify_duckdb.py
[2024-12-12T08:46:15.468+0000] {logging_mixin.py:150} INFO - [2024-12-12T08:46:15.468+0000] {dag.py:2742} INFO - Sync 1 DAGs
[2024-12-12T08:46:15.492+0000] {logging_mixin.py:150} INFO - [2024-12-12T08:46:15.492+0000] {dag.py:3508} INFO - Setting next_dagrun for verify_duckdb to None, run_after=None
[2024-12-12T08:46:15.514+0000] {processor.py:179} INFO - Processing /opt/airflow/dags/verify_duckdb.py took 0.152 seconds
[2024-12-12T08:46:46.088+0000] {processor.py:157} INFO - Started process (PID=2699) to work on /opt/airflow/dags/verify_duckdb.py
[2024-12-12T08:46:46.089+0000] {processor.py:826} INFO - Processing file /opt/airflow/dags/verify_duckdb.py for tasks to queue
[2024-12-12T08:46:46.091+0000] {logging_mixin.py:150} INFO - [2024-12-12T08:46:46.090+0000] {dagbag.py:541} INFO - Filling up the DagBag from /opt/airflow/dags/verify_duckdb.py
[2024-12-12T08:46:46.160+0000] {processor.py:836} INFO - DAG(s) dict_keys(['verify_duckdb']) retrieved from /opt/airflow/dags/verify_duckdb.py
[2024-12-12T08:46:46.197+0000] {logging_mixin.py:150} INFO - [2024-12-12T08:46:46.197+0000] {dag.py:2742} INFO - Sync 1 DAGs
[2024-12-12T08:46:46.229+0000] {logging_mixin.py:150} INFO - [2024-12-12T08:46:46.229+0000] {dag.py:3508} INFO - Setting next_dagrun for verify_duckdb to None, run_after=None
[2024-12-12T08:46:46.257+0000] {processor.py:179} INFO - Processing /opt/airflow/dags/verify_duckdb.py took 0.173 seconds
[2024-12-12T08:47:16.539+0000] {processor.py:157} INFO - Started process (PID=2916) to work on /opt/airflow/dags/verify_duckdb.py
[2024-12-12T08:47:16.540+0000] {processor.py:826} INFO - Processing file /opt/airflow/dags/verify_duckdb.py for tasks to queue
[2024-12-12T08:47:16.542+0000] {logging_mixin.py:150} INFO - [2024-12-12T08:47:16.541+0000] {dagbag.py:541} INFO - Filling up the DagBag from /opt/airflow/dags/verify_duckdb.py
[2024-12-12T08:47:16.611+0000] {processor.py:836} INFO - DAG(s) dict_keys(['verify_duckdb']) retrieved from /opt/airflow/dags/verify_duckdb.py
[2024-12-12T08:47:16.641+0000] {logging_mixin.py:150} INFO - [2024-12-12T08:47:16.641+0000] {dag.py:2742} INFO - Sync 1 DAGs
[2024-12-12T08:47:16.665+0000] {logging_mixin.py:150} INFO - [2024-12-12T08:47:16.664+0000] {dag.py:3508} INFO - Setting next_dagrun for verify_duckdb to None, run_after=None
[2024-12-12T08:47:16.686+0000] {processor.py:179} INFO - Processing /opt/airflow/dags/verify_duckdb.py took 0.151 seconds
[2024-12-12T08:47:46.991+0000] {processor.py:157} INFO - Started process (PID=3133) to work on /opt/airflow/dags/verify_duckdb.py
[2024-12-12T08:47:46.991+0000] {processor.py:826} INFO - Processing file /opt/airflow/dags/verify_duckdb.py for tasks to queue
[2024-12-12T08:47:46.992+0000] {logging_mixin.py:150} INFO - [2024-12-12T08:47:46.992+0000] {dagbag.py:541} INFO - Filling up the DagBag from /opt/airflow/dags/verify_duckdb.py
[2024-12-12T08:47:47.054+0000] {processor.py:836} INFO - DAG(s) dict_keys(['verify_duckdb']) retrieved from /opt/airflow/dags/verify_duckdb.py
[2024-12-12T08:47:47.087+0000] {logging_mixin.py:150} INFO - [2024-12-12T08:47:47.087+0000] {dag.py:2742} INFO - Sync 1 DAGs
[2024-12-12T08:47:47.118+0000] {logging_mixin.py:150} INFO - [2024-12-12T08:47:47.118+0000] {dag.py:3508} INFO - Setting next_dagrun for verify_duckdb to None, run_after=None
[2024-12-12T08:47:47.142+0000] {processor.py:179} INFO - Processing /opt/airflow/dags/verify_duckdb.py took 0.154 seconds
[2024-12-12T08:48:18.024+0000] {processor.py:157} INFO - Started process (PID=3389) to work on /opt/airflow/dags/verify_duckdb.py
[2024-12-12T08:48:18.026+0000] {processor.py:826} INFO - Processing file /opt/airflow/dags/verify_duckdb.py for tasks to queue
[2024-12-12T08:48:18.027+0000] {logging_mixin.py:150} INFO - [2024-12-12T08:48:18.026+0000] {dagbag.py:541} INFO - Filling up the DagBag from /opt/airflow/dags/verify_duckdb.py
[2024-12-12T08:48:18.091+0000] {processor.py:836} INFO - DAG(s) dict_keys(['verify_duckdb']) retrieved from /opt/airflow/dags/verify_duckdb.py
[2024-12-12T08:48:18.121+0000] {logging_mixin.py:150} INFO - [2024-12-12T08:48:18.121+0000] {dag.py:2742} INFO - Sync 1 DAGs
[2024-12-12T08:48:18.157+0000] {logging_mixin.py:150} INFO - [2024-12-12T08:48:18.157+0000] {dag.py:3508} INFO - Setting next_dagrun for verify_duckdb to None, run_after=None
[2024-12-12T08:48:18.183+0000] {processor.py:179} INFO - Processing /opt/airflow/dags/verify_duckdb.py took 0.162 seconds
[2024-12-12T08:48:48.823+0000] {processor.py:157} INFO - Started process (PID=3606) to work on /opt/airflow/dags/verify_duckdb.py
[2024-12-12T08:48:48.825+0000] {processor.py:826} INFO - Processing file /opt/airflow/dags/verify_duckdb.py for tasks to queue
[2024-12-12T08:48:48.826+0000] {logging_mixin.py:150} INFO - [2024-12-12T08:48:48.826+0000] {dagbag.py:541} INFO - Filling up the DagBag from /opt/airflow/dags/verify_duckdb.py
[2024-12-12T08:48:48.897+0000] {processor.py:836} INFO - DAG(s) dict_keys(['verify_duckdb']) retrieved from /opt/airflow/dags/verify_duckdb.py
[2024-12-12T08:48:48.939+0000] {logging_mixin.py:150} INFO - [2024-12-12T08:48:48.939+0000] {dag.py:2742} INFO - Sync 1 DAGs
[2024-12-12T08:48:48.974+0000] {logging_mixin.py:150} INFO - [2024-12-12T08:48:48.974+0000] {dag.py:3508} INFO - Setting next_dagrun for verify_duckdb to None, run_after=None
[2024-12-12T08:48:49.008+0000] {processor.py:179} INFO - Processing /opt/airflow/dags/verify_duckdb.py took 0.188 seconds
[2024-12-12T08:49:19.696+0000] {processor.py:157} INFO - Started process (PID=3823) to work on /opt/airflow/dags/verify_duckdb.py
[2024-12-12T08:49:19.697+0000] {processor.py:826} INFO - Processing file /opt/airflow/dags/verify_duckdb.py for tasks to queue
[2024-12-12T08:49:19.698+0000] {logging_mixin.py:150} INFO - [2024-12-12T08:49:19.698+0000] {dagbag.py:541} INFO - Filling up the DagBag from /opt/airflow/dags/verify_duckdb.py
[2024-12-12T08:49:19.756+0000] {processor.py:836} INFO - DAG(s) dict_keys(['verify_duckdb']) retrieved from /opt/airflow/dags/verify_duckdb.py
[2024-12-12T08:49:19.789+0000] {logging_mixin.py:150} INFO - [2024-12-12T08:49:19.789+0000] {dag.py:2742} INFO - Sync 1 DAGs
[2024-12-12T08:49:19.816+0000] {logging_mixin.py:150} INFO - [2024-12-12T08:49:19.815+0000] {dag.py:3508} INFO - Setting next_dagrun for verify_duckdb to None, run_after=None
[2024-12-12T08:49:19.840+0000] {processor.py:179} INFO - Processing /opt/airflow/dags/verify_duckdb.py took 0.149 seconds
[2024-12-12T08:49:50.602+0000] {processor.py:157} INFO - Started process (PID=4040) to work on /opt/airflow/dags/verify_duckdb.py
[2024-12-12T08:49:50.603+0000] {processor.py:826} INFO - Processing file /opt/airflow/dags/verify_duckdb.py for tasks to queue
[2024-12-12T08:49:50.604+0000] {logging_mixin.py:150} INFO - [2024-12-12T08:49:50.604+0000] {dagbag.py:541} INFO - Filling up the DagBag from /opt/airflow/dags/verify_duckdb.py
[2024-12-12T08:49:50.676+0000] {processor.py:836} INFO - DAG(s) dict_keys(['verify_duckdb']) retrieved from /opt/airflow/dags/verify_duckdb.py
[2024-12-12T08:49:50.724+0000] {logging_mixin.py:150} INFO - [2024-12-12T08:49:50.724+0000] {dag.py:2742} INFO - Sync 1 DAGs
[2024-12-12T08:49:50.757+0000] {logging_mixin.py:150} INFO - [2024-12-12T08:49:50.756+0000] {dag.py:3508} INFO - Setting next_dagrun for verify_duckdb to None, run_after=None
[2024-12-12T08:49:50.787+0000] {processor.py:179} INFO - Processing /opt/airflow/dags/verify_duckdb.py took 0.189 seconds
[2024-12-12T08:50:21.510+0000] {processor.py:157} INFO - Started process (PID=4257) to work on /opt/airflow/dags/verify_duckdb.py
[2024-12-12T08:50:21.512+0000] {processor.py:826} INFO - Processing file /opt/airflow/dags/verify_duckdb.py for tasks to queue
[2024-12-12T08:50:21.514+0000] {logging_mixin.py:150} INFO - [2024-12-12T08:50:21.514+0000] {dagbag.py:541} INFO - Filling up the DagBag from /opt/airflow/dags/verify_duckdb.py
[2024-12-12T08:50:21.600+0000] {processor.py:836} INFO - DAG(s) dict_keys(['verify_duckdb']) retrieved from /opt/airflow/dags/verify_duckdb.py
[2024-12-12T08:50:21.645+0000] {logging_mixin.py:150} INFO - [2024-12-12T08:50:21.645+0000] {dag.py:2742} INFO - Sync 1 DAGs
[2024-12-12T08:50:21.669+0000] {logging_mixin.py:150} INFO - [2024-12-12T08:50:21.669+0000] {dag.py:3508} INFO - Setting next_dagrun for verify_duckdb to None, run_after=None
[2024-12-12T08:50:21.689+0000] {processor.py:179} INFO - Processing /opt/airflow/dags/verify_duckdb.py took 0.184 seconds
[2024-12-12T08:50:52.020+0000] {processor.py:157} INFO - Started process (PID=4489) to work on /opt/airflow/dags/verify_duckdb.py
[2024-12-12T08:50:52.022+0000] {processor.py:826} INFO - Processing file /opt/airflow/dags/verify_duckdb.py for tasks to queue
[2024-12-12T08:50:52.023+0000] {logging_mixin.py:150} INFO - [2024-12-12T08:50:52.023+0000] {dagbag.py:541} INFO - Filling up the DagBag from /opt/airflow/dags/verify_duckdb.py
[2024-12-12T08:50:52.100+0000] {processor.py:836} INFO - DAG(s) dict_keys(['verify_duckdb']) retrieved from /opt/airflow/dags/verify_duckdb.py
[2024-12-12T08:50:52.141+0000] {logging_mixin.py:150} INFO - [2024-12-12T08:50:52.140+0000] {dag.py:2742} INFO - Sync 1 DAGs
[2024-12-12T08:50:52.177+0000] {logging_mixin.py:150} INFO - [2024-12-12T08:50:52.177+0000] {dag.py:3508} INFO - Setting next_dagrun for verify_duckdb to None, run_after=None
[2024-12-12T08:50:52.215+0000] {processor.py:179} INFO - Processing /opt/airflow/dags/verify_duckdb.py took 0.201 seconds
[2024-12-12T08:51:22.378+0000] {processor.py:157} INFO - Started process (PID=4706) to work on /opt/airflow/dags/verify_duckdb.py
[2024-12-12T08:51:22.379+0000] {processor.py:826} INFO - Processing file /opt/airflow/dags/verify_duckdb.py for tasks to queue
[2024-12-12T08:51:22.381+0000] {logging_mixin.py:150} INFO - [2024-12-12T08:51:22.380+0000] {dagbag.py:541} INFO - Filling up the DagBag from /opt/airflow/dags/verify_duckdb.py
[2024-12-12T08:51:22.437+0000] {processor.py:836} INFO - DAG(s) dict_keys(['verify_duckdb']) retrieved from /opt/airflow/dags/verify_duckdb.py
[2024-12-12T08:51:22.466+0000] {logging_mixin.py:150} INFO - [2024-12-12T08:51:22.465+0000] {dag.py:2742} INFO - Sync 1 DAGs
[2024-12-12T08:51:22.501+0000] {logging_mixin.py:150} INFO - [2024-12-12T08:51:22.501+0000] {dag.py:3508} INFO - Setting next_dagrun for verify_duckdb to None, run_after=None
[2024-12-12T08:51:22.523+0000] {processor.py:179} INFO - Processing /opt/airflow/dags/verify_duckdb.py took 0.150 seconds
