[2024-12-10T12:57:43.518+0000] {taskinstance.py:1103} INFO - Dependencies all met for dep_context=non-requeueable deps ti=<TaskInstance: weather_data_processing.load_data_to_duckdb manual__2024-12-10T12:57:37.907805+00:00 [queued]>
[2024-12-10T12:57:43.527+0000] {taskinstance.py:1103} INFO - Dependencies all met for dep_context=requeueable deps ti=<TaskInstance: weather_data_processing.load_data_to_duckdb manual__2024-12-10T12:57:37.907805+00:00 [queued]>
[2024-12-10T12:57:43.528+0000] {taskinstance.py:1308} INFO - Starting attempt 1 of 2
[2024-12-10T12:57:43.543+0000] {taskinstance.py:1327} INFO - Executing <Task(PythonOperator): load_data_to_duckdb> on 2024-12-10 12:57:37.907805+00:00
[2024-12-10T12:57:43.549+0000] {standard_task_runner.py:57} INFO - Started process 1843 to run task
[2024-12-10T12:57:43.551+0000] {standard_task_runner.py:84} INFO - Running: ['***', 'tasks', 'run', 'weather_data_processing', 'load_data_to_duckdb', 'manual__2024-12-10T12:57:37.907805+00:00', '--job-id', '30', '--raw', '--subdir', 'DAGS_FOLDER/weather_transform.py', '--cfg-path', '/tmp/tmpy2fev1t9']
[2024-12-10T12:57:43.553+0000] {standard_task_runner.py:85} INFO - Job 30: Subtask load_data_to_duckdb
[2024-12-10T12:57:43.602+0000] {task_command.py:410} INFO - Running <TaskInstance: weather_data_processing.load_data_to_duckdb manual__2024-12-10T12:57:37.907805+00:00 [running]> on host 134bb3434cfb
[2024-12-10T12:57:43.691+0000] {taskinstance.py:1547} INFO - Exporting env vars: AIRFLOW_CTX_DAG_OWNER='***' AIRFLOW_CTX_DAG_ID='weather_data_processing' AIRFLOW_CTX_TASK_ID='load_data_to_duckdb' AIRFLOW_CTX_EXECUTION_DATE='2024-12-10T12:57:37.907805+00:00' AIRFLOW_CTX_TRY_NUMBER='1' AIRFLOW_CTX_DAG_RUN_ID='manual__2024-12-10T12:57:37.907805+00:00'
[2024-12-10T12:57:43.796+0000] {taskinstance.py:1824} ERROR - Task failed with exception
Traceback (most recent call last):
  File "/home/airflow/.local/lib/python3.7/site-packages/airflow/operators/python.py", line 181, in execute
    return_value = self.execute_callable()
  File "/home/airflow/.local/lib/python3.7/site-packages/airflow/operators/python.py", line 198, in execute_callable
    return self.python_callable(*self.op_args, **self.op_kwargs)
  File "/opt/airflow/dags/weather_transform.py", line 40, in load_data_to_duckdb
    """)
duckdb.duckdb.CatalogException: Catalog Error: Table with name df does not exist!
Did you mean "pg_depend"?
LINE 3:     SELECT * FROM df
                          ^
[2024-12-10T12:57:43.808+0000] {taskinstance.py:1350} INFO - Marking task as UP_FOR_RETRY. dag_id=weather_data_processing, task_id=load_data_to_duckdb, execution_date=20241210T125737, start_date=20241210T125743, end_date=20241210T125743
[2024-12-10T12:57:43.823+0000] {standard_task_runner.py:109} ERROR - Failed to execute job 30 for task load_data_to_duckdb (Catalog Error: Table with name df does not exist!
Did you mean "pg_depend"?
LINE 3:     SELECT * FROM df
                          ^; 1843)
[2024-12-10T12:57:43.845+0000] {local_task_job_runner.py:225} INFO - Task exited with return code 1
[2024-12-10T12:57:43.866+0000] {taskinstance.py:2653} INFO - 0 downstream tasks scheduled from follow-on schedule check
