[2024-12-12T09:32:08.152+0000] {taskinstance.py:1103} INFO - Dependencies all met for dep_context=non-requeueable deps ti=<TaskInstance: dbt_dag_example.run_dbt manual__2024-12-12T09:32:05.126555+00:00 [queued]>
[2024-12-12T09:32:08.164+0000] {taskinstance.py:1103} INFO - Dependencies all met for dep_context=requeueable deps ti=<TaskInstance: dbt_dag_example.run_dbt manual__2024-12-12T09:32:05.126555+00:00 [queued]>
[2024-12-12T09:32:08.165+0000] {taskinstance.py:1308} INFO - Starting attempt 1 of 2
[2024-12-12T09:32:08.179+0000] {taskinstance.py:1327} INFO - Executing <Task(BashOperator): run_dbt> on 2024-12-12 09:32:05.126555+00:00
[2024-12-12T09:32:08.185+0000] {standard_task_runner.py:57} INFO - Started process 7216 to run task
[2024-12-12T09:32:08.188+0000] {standard_task_runner.py:84} INFO - Running: ['***', 'tasks', 'run', 'dbt_dag_example', 'run_dbt', 'manual__2024-12-12T09:32:05.126555+00:00', '--job-id', '190', '--raw', '--subdir', 'DAGS_FOLDER/dbt_duckdb_test.py', '--cfg-path', '/tmp/tmpfj69dt1o']
[2024-12-12T09:32:08.191+0000] {standard_task_runner.py:85} INFO - Job 190: Subtask run_dbt
[2024-12-12T09:32:08.238+0000] {task_command.py:410} INFO - Running <TaskInstance: dbt_dag_example.run_dbt manual__2024-12-12T09:32:05.126555+00:00 [running]> on host 15c1365b7b27
[2024-12-12T09:32:08.313+0000] {taskinstance.py:1547} INFO - Exporting env vars: AIRFLOW_CTX_DAG_OWNER='***' AIRFLOW_CTX_DAG_ID='dbt_dag_example' AIRFLOW_CTX_TASK_ID='run_dbt' AIRFLOW_CTX_EXECUTION_DATE='2024-12-12T09:32:05.126555+00:00' AIRFLOW_CTX_TRY_NUMBER='1' AIRFLOW_CTX_DAG_RUN_ID='manual__2024-12-12T09:32:05.126555+00:00'
[2024-12-12T09:32:08.314+0000] {subprocess.py:63} INFO - Tmp dir root location: /tmp
[2024-12-12T09:32:08.315+0000] {subprocess.py:75} INFO - Running command: ['/bin/bash', '-c', 'cd /opt/***/my_dbt_project && ls && dbt run --models business_transformed']
[2024-12-12T09:32:08.325+0000] {subprocess.py:86} INFO - Output:
[2024-12-12T09:32:08.329+0000] {subprocess.py:93} INFO - README.md
[2024-12-12T09:32:08.329+0000] {subprocess.py:93} INFO - analyses
[2024-12-12T09:32:08.330+0000] {subprocess.py:93} INFO - data
[2024-12-12T09:32:08.330+0000] {subprocess.py:93} INFO - dbt_project.yml
[2024-12-12T09:32:08.331+0000] {subprocess.py:93} INFO - dev.duckdb
[2024-12-12T09:32:08.331+0000] {subprocess.py:93} INFO - macros
[2024-12-12T09:32:08.332+0000] {subprocess.py:93} INFO - models
[2024-12-12T09:32:08.332+0000] {subprocess.py:93} INFO - seeds
[2024-12-12T09:32:08.332+0000] {subprocess.py:93} INFO - snapshots
[2024-12-12T09:32:08.333+0000] {subprocess.py:93} INFO - tests
[2024-12-12T09:32:11.348+0000] {subprocess.py:93} INFO - Usage: dbt run [OPTIONS]
[2024-12-12T09:32:11.349+0000] {subprocess.py:93} INFO - Try 'dbt run -h' for help.
[2024-12-12T09:32:11.350+0000] {subprocess.py:93} INFO - 
[2024-12-12T09:32:11.350+0000] {subprocess.py:93} INFO - Error: Invalid value for '--profiles-dir': Path '/home/***/.dbt' does not exist.
[2024-12-12T09:32:11.596+0000] {subprocess.py:97} INFO - Command exited with return code 2
[2024-12-12T09:32:11.615+0000] {taskinstance.py:1824} ERROR - Task failed with exception
Traceback (most recent call last):
  File "/home/airflow/.local/lib/python3.7/site-packages/airflow/operators/bash.py", line 211, in execute
    f"Bash command failed. The command returned a non-zero exit code {result.exit_code}."
airflow.exceptions.AirflowException: Bash command failed. The command returned a non-zero exit code 2.
[2024-12-12T09:32:11.626+0000] {taskinstance.py:1350} INFO - Marking task as UP_FOR_RETRY. dag_id=dbt_dag_example, task_id=run_dbt, execution_date=20241212T093205, start_date=20241212T093208, end_date=20241212T093211
[2024-12-12T09:32:11.668+0000] {standard_task_runner.py:109} ERROR - Failed to execute job 190 for task run_dbt (Bash command failed. The command returned a non-zero exit code 2.; 7216)
[2024-12-12T09:32:11.698+0000] {local_task_job_runner.py:225} INFO - Task exited with return code 1
[2024-12-12T09:32:11.750+0000] {taskinstance.py:2653} INFO - 0 downstream tasks scheduled from follow-on schedule check
