[2024-12-12T08:27:27.311+0000] {processor.py:157} INFO - Started process (PID=386) to work on /opt/airflow/dags/business_etl_v1.py
[2024-12-12T08:27:27.312+0000] {processor.py:826} INFO - Processing file /opt/airflow/dags/business_etl_v1.py for tasks to queue
[2024-12-12T08:27:27.313+0000] {logging_mixin.py:150} INFO - [2024-12-12T08:27:27.313+0000] {dagbag.py:541} INFO - Filling up the DagBag from /opt/airflow/dags/business_etl_v1.py
[2024-12-12T08:27:28.032+0000] {processor.py:836} INFO - DAG(s) dict_keys(['kaggle_to_noaa']) retrieved from /opt/airflow/dags/business_etl_v1.py
[2024-12-12T08:27:28.044+0000] {logging_mixin.py:150} INFO - [2024-12-12T08:27:28.043+0000] {dag.py:2742} INFO - Sync 1 DAGs
[2024-12-12T08:27:28.071+0000] {logging_mixin.py:150} INFO - [2024-12-12T08:27:28.070+0000] {dag.py:3508} INFO - Setting next_dagrun for kaggle_to_noaa to 2024-12-11T08:27:28.070540+00:00, run_after=2024-12-12T08:27:28.070540+00:00
[2024-12-12T08:27:28.113+0000] {processor.py:179} INFO - Processing /opt/airflow/dags/business_etl_v1.py took 0.806 seconds
[2024-12-12T08:27:58.781+0000] {processor.py:157} INFO - Started process (PID=664) to work on /opt/airflow/dags/business_etl_v1.py
[2024-12-12T08:27:58.783+0000] {processor.py:826} INFO - Processing file /opt/airflow/dags/business_etl_v1.py for tasks to queue
[2024-12-12T08:27:58.785+0000] {logging_mixin.py:150} INFO - [2024-12-12T08:27:58.784+0000] {dagbag.py:541} INFO - Filling up the DagBag from /opt/airflow/dags/business_etl_v1.py
[2024-12-12T08:27:59.501+0000] {processor.py:836} INFO - DAG(s) dict_keys(['kaggle_to_noaa']) retrieved from /opt/airflow/dags/business_etl_v1.py
[2024-12-12T08:27:59.535+0000] {logging_mixin.py:150} INFO - [2024-12-12T08:27:59.534+0000] {dag.py:2742} INFO - Sync 1 DAGs
[2024-12-12T08:27:59.560+0000] {logging_mixin.py:150} INFO - [2024-12-12T08:27:59.560+0000] {dag.py:3508} INFO - Setting next_dagrun for kaggle_to_noaa to 2024-12-11T08:27:59.560015+00:00, run_after=2024-12-12T08:27:59.560015+00:00
[2024-12-12T08:27:59.590+0000] {processor.py:179} INFO - Processing /opt/airflow/dags/business_etl_v1.py took 0.815 seconds
[2024-12-12T08:28:29.876+0000] {processor.py:157} INFO - Started process (PID=883) to work on /opt/airflow/dags/business_etl_v1.py
[2024-12-12T08:28:29.877+0000] {processor.py:826} INFO - Processing file /opt/airflow/dags/business_etl_v1.py for tasks to queue
[2024-12-12T08:28:29.877+0000] {logging_mixin.py:150} INFO - [2024-12-12T08:28:29.877+0000] {dagbag.py:541} INFO - Filling up the DagBag from /opt/airflow/dags/business_etl_v1.py
[2024-12-12T08:28:30.455+0000] {processor.py:836} INFO - DAG(s) dict_keys(['kaggle_to_noaa']) retrieved from /opt/airflow/dags/business_etl_v1.py
[2024-12-12T08:28:30.480+0000] {logging_mixin.py:150} INFO - [2024-12-12T08:28:30.480+0000] {dag.py:2742} INFO - Sync 1 DAGs
[2024-12-12T08:28:30.505+0000] {logging_mixin.py:150} INFO - [2024-12-12T08:28:30.505+0000] {dag.py:3508} INFO - Setting next_dagrun for kaggle_to_noaa to 2024-12-11T08:28:30.505015+00:00, run_after=2024-12-12T08:28:30.505015+00:00
[2024-12-12T08:28:30.525+0000] {processor.py:179} INFO - Processing /opt/airflow/dags/business_etl_v1.py took 0.652 seconds
[2024-12-12T08:29:01.025+0000] {processor.py:157} INFO - Started process (PID=1098) to work on /opt/airflow/dags/business_etl_v1.py
[2024-12-12T08:29:01.027+0000] {processor.py:826} INFO - Processing file /opt/airflow/dags/business_etl_v1.py for tasks to queue
[2024-12-12T08:29:01.028+0000] {logging_mixin.py:150} INFO - [2024-12-12T08:29:01.027+0000] {dagbag.py:541} INFO - Filling up the DagBag from /opt/airflow/dags/business_etl_v1.py
[2024-12-12T08:29:01.624+0000] {processor.py:836} INFO - DAG(s) dict_keys(['kaggle_to_noaa']) retrieved from /opt/airflow/dags/business_etl_v1.py
[2024-12-12T08:29:01.655+0000] {logging_mixin.py:150} INFO - [2024-12-12T08:29:01.652+0000] {dag.py:2742} INFO - Sync 1 DAGs
[2024-12-12T08:29:01.681+0000] {logging_mixin.py:150} INFO - [2024-12-12T08:29:01.680+0000] {dag.py:3508} INFO - Setting next_dagrun for kaggle_to_noaa to 2024-12-11T08:29:01.680592+00:00, run_after=2024-12-12T08:29:01.680592+00:00
[2024-12-12T08:29:01.703+0000] {processor.py:179} INFO - Processing /opt/airflow/dags/business_etl_v1.py took 0.682 seconds
[2024-12-12T08:29:32.569+0000] {processor.py:157} INFO - Started process (PID=1317) to work on /opt/airflow/dags/business_etl_v1.py
[2024-12-12T08:29:32.570+0000] {processor.py:826} INFO - Processing file /opt/airflow/dags/business_etl_v1.py for tasks to queue
[2024-12-12T08:29:32.572+0000] {logging_mixin.py:150} INFO - [2024-12-12T08:29:32.571+0000] {dagbag.py:541} INFO - Filling up the DagBag from /opt/airflow/dags/business_etl_v1.py
[2024-12-12T08:29:33.174+0000] {processor.py:836} INFO - DAG(s) dict_keys(['kaggle_to_noaa']) retrieved from /opt/airflow/dags/business_etl_v1.py
[2024-12-12T08:29:33.207+0000] {logging_mixin.py:150} INFO - [2024-12-12T08:29:33.207+0000] {dag.py:2742} INFO - Sync 1 DAGs
[2024-12-12T08:29:33.228+0000] {logging_mixin.py:150} INFO - [2024-12-12T08:29:33.228+0000] {dag.py:3508} INFO - Setting next_dagrun for kaggle_to_noaa to 2024-12-11T08:29:33.227896+00:00, run_after=2024-12-12T08:29:33.227896+00:00
[2024-12-12T08:29:33.256+0000] {processor.py:179} INFO - Processing /opt/airflow/dags/business_etl_v1.py took 0.693 seconds
[2024-12-12T08:30:03.482+0000] {processor.py:157} INFO - Started process (PID=1532) to work on /opt/airflow/dags/business_etl_v1.py
[2024-12-12T08:30:03.484+0000] {processor.py:826} INFO - Processing file /opt/airflow/dags/business_etl_v1.py for tasks to queue
[2024-12-12T08:30:03.486+0000] {logging_mixin.py:150} INFO - [2024-12-12T08:30:03.485+0000] {dagbag.py:541} INFO - Filling up the DagBag from /opt/airflow/dags/business_etl_v1.py
[2024-12-12T08:30:04.246+0000] {processor.py:836} INFO - DAG(s) dict_keys(['kaggle_to_noaa']) retrieved from /opt/airflow/dags/business_etl_v1.py
[2024-12-12T08:30:04.282+0000] {logging_mixin.py:150} INFO - [2024-12-12T08:30:04.281+0000] {dag.py:2742} INFO - Sync 1 DAGs
[2024-12-12T08:30:04.315+0000] {logging_mixin.py:150} INFO - [2024-12-12T08:30:04.315+0000] {dag.py:3508} INFO - Setting next_dagrun for kaggle_to_noaa to 2024-12-11T08:30:04.314937+00:00, run_after=2024-12-12T08:30:04.314937+00:00
[2024-12-12T08:30:04.358+0000] {processor.py:179} INFO - Processing /opt/airflow/dags/business_etl_v1.py took 0.881 seconds
[2024-12-12T08:30:34.692+0000] {processor.py:157} INFO - Started process (PID=1736) to work on /opt/airflow/dags/business_etl_v1.py
[2024-12-12T08:30:34.693+0000] {processor.py:826} INFO - Processing file /opt/airflow/dags/business_etl_v1.py for tasks to queue
[2024-12-12T08:30:34.695+0000] {logging_mixin.py:150} INFO - [2024-12-12T08:30:34.695+0000] {dagbag.py:541} INFO - Filling up the DagBag from /opt/airflow/dags/business_etl_v1.py
[2024-12-12T08:30:35.522+0000] {processor.py:836} INFO - DAG(s) dict_keys(['kaggle_to_noaa']) retrieved from /opt/airflow/dags/business_etl_v1.py
[2024-12-12T08:30:35.563+0000] {logging_mixin.py:150} INFO - [2024-12-12T08:30:35.562+0000] {dag.py:2742} INFO - Sync 1 DAGs
[2024-12-12T08:30:35.604+0000] {logging_mixin.py:150} INFO - [2024-12-12T08:30:35.604+0000] {dag.py:3508} INFO - Setting next_dagrun for kaggle_to_noaa to 2024-12-11T08:30:35.604210+00:00, run_after=2024-12-12T08:30:35.604210+00:00
[2024-12-12T08:30:35.656+0000] {processor.py:179} INFO - Processing /opt/airflow/dags/business_etl_v1.py took 0.970 seconds
[2024-12-12T08:31:06.438+0000] {processor.py:157} INFO - Started process (PID=1968) to work on /opt/airflow/dags/business_etl_v1.py
[2024-12-12T08:31:06.440+0000] {processor.py:826} INFO - Processing file /opt/airflow/dags/business_etl_v1.py for tasks to queue
[2024-12-12T08:31:06.442+0000] {logging_mixin.py:150} INFO - [2024-12-12T08:31:06.441+0000] {dagbag.py:541} INFO - Filling up the DagBag from /opt/airflow/dags/business_etl_v1.py
[2024-12-12T08:31:06.910+0000] {processor.py:836} INFO - DAG(s) dict_keys(['kaggle_to_noaa']) retrieved from /opt/airflow/dags/business_etl_v1.py
[2024-12-12T08:31:06.945+0000] {logging_mixin.py:150} INFO - [2024-12-12T08:31:06.945+0000] {dag.py:2742} INFO - Sync 1 DAGs
[2024-12-12T08:31:06.982+0000] {logging_mixin.py:150} INFO - [2024-12-12T08:31:06.982+0000] {dag.py:3508} INFO - Setting next_dagrun for kaggle_to_noaa to 2024-12-11T08:31:06.981664+00:00, run_after=2024-12-12T08:31:06.981664+00:00
[2024-12-12T08:31:07.061+0000] {processor.py:179} INFO - Processing /opt/airflow/dags/business_etl_v1.py took 0.628 seconds
[2024-12-12T08:31:37.562+0000] {processor.py:157} INFO - Started process (PID=2183) to work on /opt/airflow/dags/business_etl_v1.py
[2024-12-12T08:31:37.563+0000] {processor.py:826} INFO - Processing file /opt/airflow/dags/business_etl_v1.py for tasks to queue
[2024-12-12T08:31:37.564+0000] {logging_mixin.py:150} INFO - [2024-12-12T08:31:37.564+0000] {dagbag.py:541} INFO - Filling up the DagBag from /opt/airflow/dags/business_etl_v1.py
[2024-12-12T08:31:38.075+0000] {processor.py:836} INFO - DAG(s) dict_keys(['kaggle_to_noaa']) retrieved from /opt/airflow/dags/business_etl_v1.py
[2024-12-12T08:31:38.103+0000] {logging_mixin.py:150} INFO - [2024-12-12T08:31:38.102+0000] {dag.py:2742} INFO - Sync 1 DAGs
[2024-12-12T08:31:38.125+0000] {logging_mixin.py:150} INFO - [2024-12-12T08:31:38.124+0000] {dag.py:3508} INFO - Setting next_dagrun for kaggle_to_noaa to 2024-12-11T08:31:38.124733+00:00, run_after=2024-12-12T08:31:38.124733+00:00
[2024-12-12T08:31:38.160+0000] {processor.py:179} INFO - Processing /opt/airflow/dags/business_etl_v1.py took 0.604 seconds
[2024-12-12T08:32:08.616+0000] {processor.py:157} INFO - Started process (PID=2400) to work on /opt/airflow/dags/business_etl_v1.py
[2024-12-12T08:32:08.617+0000] {processor.py:826} INFO - Processing file /opt/airflow/dags/business_etl_v1.py for tasks to queue
[2024-12-12T08:32:08.618+0000] {logging_mixin.py:150} INFO - [2024-12-12T08:32:08.618+0000] {dagbag.py:541} INFO - Filling up the DagBag from /opt/airflow/dags/business_etl_v1.py
[2024-12-12T08:32:09.069+0000] {processor.py:836} INFO - DAG(s) dict_keys(['kaggle_to_noaa']) retrieved from /opt/airflow/dags/business_etl_v1.py
[2024-12-12T08:32:09.095+0000] {logging_mixin.py:150} INFO - [2024-12-12T08:32:09.095+0000] {dag.py:2742} INFO - Sync 1 DAGs
[2024-12-12T08:32:09.124+0000] {logging_mixin.py:150} INFO - [2024-12-12T08:32:09.123+0000] {dag.py:3508} INFO - Setting next_dagrun for kaggle_to_noaa to 2024-12-11T08:32:09.123735+00:00, run_after=2024-12-12T08:32:09.123735+00:00
[2024-12-12T08:32:09.155+0000] {processor.py:179} INFO - Processing /opt/airflow/dags/business_etl_v1.py took 0.542 seconds
[2024-12-12T08:32:39.482+0000] {processor.py:157} INFO - Started process (PID=2617) to work on /opt/airflow/dags/business_etl_v1.py
[2024-12-12T08:32:39.485+0000] {processor.py:826} INFO - Processing file /opt/airflow/dags/business_etl_v1.py for tasks to queue
[2024-12-12T08:32:39.487+0000] {logging_mixin.py:150} INFO - [2024-12-12T08:32:39.487+0000] {dagbag.py:541} INFO - Filling up the DagBag from /opt/airflow/dags/business_etl_v1.py
[2024-12-12T08:32:39.977+0000] {processor.py:836} INFO - DAG(s) dict_keys(['kaggle_to_noaa']) retrieved from /opt/airflow/dags/business_etl_v1.py
[2024-12-12T08:32:40.019+0000] {logging_mixin.py:150} INFO - [2024-12-12T08:32:40.018+0000] {dag.py:2742} INFO - Sync 1 DAGs
[2024-12-12T08:32:40.043+0000] {logging_mixin.py:150} INFO - [2024-12-12T08:32:40.043+0000] {dag.py:3508} INFO - Setting next_dagrun for kaggle_to_noaa to 2024-12-11T08:32:40.043464+00:00, run_after=2024-12-12T08:32:40.043464+00:00
[2024-12-12T08:32:40.087+0000] {processor.py:179} INFO - Processing /opt/airflow/dags/business_etl_v1.py took 0.611 seconds
[2024-12-12T08:33:10.318+0000] {processor.py:157} INFO - Started process (PID=2859) to work on /opt/airflow/dags/business_etl_v1.py
[2024-12-12T08:33:10.319+0000] {processor.py:826} INFO - Processing file /opt/airflow/dags/business_etl_v1.py for tasks to queue
[2024-12-12T08:33:10.320+0000] {logging_mixin.py:150} INFO - [2024-12-12T08:33:10.320+0000] {dagbag.py:541} INFO - Filling up the DagBag from /opt/airflow/dags/business_etl_v1.py
[2024-12-12T08:33:10.839+0000] {processor.py:836} INFO - DAG(s) dict_keys(['kaggle_to_noaa']) retrieved from /opt/airflow/dags/business_etl_v1.py
[2024-12-12T08:33:10.864+0000] {logging_mixin.py:150} INFO - [2024-12-12T08:33:10.864+0000] {dag.py:2742} INFO - Sync 1 DAGs
[2024-12-12T08:33:10.884+0000] {logging_mixin.py:150} INFO - [2024-12-12T08:33:10.884+0000] {dag.py:3508} INFO - Setting next_dagrun for kaggle_to_noaa to 2024-12-11T08:33:10.883835+00:00, run_after=2024-12-12T08:33:10.883835+00:00
[2024-12-12T08:33:10.927+0000] {processor.py:179} INFO - Processing /opt/airflow/dags/business_etl_v1.py took 0.612 seconds
[2024-12-12T08:33:41.392+0000] {processor.py:157} INFO - Started process (PID=3078) to work on /opt/airflow/dags/business_etl_v1.py
[2024-12-12T08:33:41.393+0000] {processor.py:826} INFO - Processing file /opt/airflow/dags/business_etl_v1.py for tasks to queue
[2024-12-12T08:33:41.395+0000] {logging_mixin.py:150} INFO - [2024-12-12T08:33:41.394+0000] {dagbag.py:541} INFO - Filling up the DagBag from /opt/airflow/dags/business_etl_v1.py
[2024-12-12T08:33:41.918+0000] {processor.py:836} INFO - DAG(s) dict_keys(['kaggle_to_noaa']) retrieved from /opt/airflow/dags/business_etl_v1.py
[2024-12-12T08:33:41.946+0000] {logging_mixin.py:150} INFO - [2024-12-12T08:33:41.945+0000] {dag.py:2742} INFO - Sync 1 DAGs
[2024-12-12T08:33:41.970+0000] {logging_mixin.py:150} INFO - [2024-12-12T08:33:41.969+0000] {dag.py:3508} INFO - Setting next_dagrun for kaggle_to_noaa to 2024-12-11T08:33:41.969778+00:00, run_after=2024-12-12T08:33:41.969778+00:00
[2024-12-12T08:33:41.999+0000] {processor.py:179} INFO - Processing /opt/airflow/dags/business_etl_v1.py took 0.612 seconds
[2024-12-12T08:34:12.337+0000] {processor.py:157} INFO - Started process (PID=3293) to work on /opt/airflow/dags/business_etl_v1.py
[2024-12-12T08:34:12.338+0000] {processor.py:826} INFO - Processing file /opt/airflow/dags/business_etl_v1.py for tasks to queue
[2024-12-12T08:34:12.339+0000] {logging_mixin.py:150} INFO - [2024-12-12T08:34:12.339+0000] {dagbag.py:541} INFO - Filling up the DagBag from /opt/airflow/dags/business_etl_v1.py
[2024-12-12T08:34:12.804+0000] {processor.py:836} INFO - DAG(s) dict_keys(['kaggle_to_noaa']) retrieved from /opt/airflow/dags/business_etl_v1.py
[2024-12-12T08:34:12.834+0000] {logging_mixin.py:150} INFO - [2024-12-12T08:34:12.833+0000] {dag.py:2742} INFO - Sync 1 DAGs
[2024-12-12T08:34:12.857+0000] {logging_mixin.py:150} INFO - [2024-12-12T08:34:12.857+0000] {dag.py:3508} INFO - Setting next_dagrun for kaggle_to_noaa to 2024-12-11T08:34:12.857026+00:00, run_after=2024-12-12T08:34:12.857026+00:00
[2024-12-12T08:34:12.898+0000] {processor.py:179} INFO - Processing /opt/airflow/dags/business_etl_v1.py took 0.565 seconds
[2024-12-12T08:34:43.397+0000] {processor.py:157} INFO - Started process (PID=3551) to work on /opt/airflow/dags/business_etl_v1.py
[2024-12-12T08:34:43.399+0000] {processor.py:826} INFO - Processing file /opt/airflow/dags/business_etl_v1.py for tasks to queue
[2024-12-12T08:34:43.400+0000] {logging_mixin.py:150} INFO - [2024-12-12T08:34:43.400+0000] {dagbag.py:541} INFO - Filling up the DagBag from /opt/airflow/dags/business_etl_v1.py
[2024-12-12T08:34:43.901+0000] {processor.py:836} INFO - DAG(s) dict_keys(['kaggle_to_noaa']) retrieved from /opt/airflow/dags/business_etl_v1.py
[2024-12-12T08:34:43.926+0000] {logging_mixin.py:150} INFO - [2024-12-12T08:34:43.925+0000] {dag.py:2742} INFO - Sync 1 DAGs
[2024-12-12T08:34:43.956+0000] {logging_mixin.py:150} INFO - [2024-12-12T08:34:43.956+0000] {dag.py:3508} INFO - Setting next_dagrun for kaggle_to_noaa to 2024-12-11T08:34:43.956527+00:00, run_after=2024-12-12T08:34:43.956527+00:00
[2024-12-12T08:34:44.005+0000] {processor.py:179} INFO - Processing /opt/airflow/dags/business_etl_v1.py took 0.613 seconds
[2024-12-12T08:35:14.627+0000] {processor.py:157} INFO - Started process (PID=3770) to work on /opt/airflow/dags/business_etl_v1.py
[2024-12-12T08:35:14.628+0000] {processor.py:826} INFO - Processing file /opt/airflow/dags/business_etl_v1.py for tasks to queue
[2024-12-12T08:35:14.629+0000] {logging_mixin.py:150} INFO - [2024-12-12T08:35:14.629+0000] {dagbag.py:541} INFO - Filling up the DagBag from /opt/airflow/dags/business_etl_v1.py
[2024-12-12T08:35:15.163+0000] {processor.py:836} INFO - DAG(s) dict_keys(['kaggle_to_noaa']) retrieved from /opt/airflow/dags/business_etl_v1.py
[2024-12-12T08:35:15.203+0000] {logging_mixin.py:150} INFO - [2024-12-12T08:35:15.202+0000] {dag.py:2742} INFO - Sync 1 DAGs
[2024-12-12T08:35:15.234+0000] {logging_mixin.py:150} INFO - [2024-12-12T08:35:15.234+0000] {dag.py:3508} INFO - Setting next_dagrun for kaggle_to_noaa to 2024-12-11T08:35:15.233890+00:00, run_after=2024-12-12T08:35:15.233890+00:00
[2024-12-12T08:35:15.278+0000] {processor.py:179} INFO - Processing /opt/airflow/dags/business_etl_v1.py took 0.654 seconds
[2024-12-12T08:35:46.008+0000] {processor.py:157} INFO - Started process (PID=3984) to work on /opt/airflow/dags/business_etl_v1.py
[2024-12-12T08:35:46.010+0000] {processor.py:826} INFO - Processing file /opt/airflow/dags/business_etl_v1.py for tasks to queue
[2024-12-12T08:35:46.011+0000] {logging_mixin.py:150} INFO - [2024-12-12T08:35:46.011+0000] {dagbag.py:541} INFO - Filling up the DagBag from /opt/airflow/dags/business_etl_v1.py
[2024-12-12T08:35:46.491+0000] {processor.py:836} INFO - DAG(s) dict_keys(['kaggle_to_noaa']) retrieved from /opt/airflow/dags/business_etl_v1.py
[2024-12-12T08:35:46.527+0000] {logging_mixin.py:150} INFO - [2024-12-12T08:35:46.527+0000] {dag.py:2742} INFO - Sync 1 DAGs
[2024-12-12T08:35:46.551+0000] {logging_mixin.py:150} INFO - [2024-12-12T08:35:46.551+0000] {dag.py:3508} INFO - Setting next_dagrun for kaggle_to_noaa to 2024-12-11T08:35:46.551468+00:00, run_after=2024-12-12T08:35:46.551468+00:00
[2024-12-12T08:35:46.608+0000] {processor.py:179} INFO - Processing /opt/airflow/dags/business_etl_v1.py took 0.604 seconds
[2024-12-12T08:36:17.499+0000] {processor.py:157} INFO - Started process (PID=4202) to work on /opt/airflow/dags/business_etl_v1.py
[2024-12-12T08:36:17.501+0000] {processor.py:826} INFO - Processing file /opt/airflow/dags/business_etl_v1.py for tasks to queue
[2024-12-12T08:36:17.502+0000] {logging_mixin.py:150} INFO - [2024-12-12T08:36:17.501+0000] {dagbag.py:541} INFO - Filling up the DagBag from /opt/airflow/dags/business_etl_v1.py
[2024-12-12T08:36:18.101+0000] {processor.py:836} INFO - DAG(s) dict_keys(['kaggle_to_noaa']) retrieved from /opt/airflow/dags/business_etl_v1.py
[2024-12-12T08:36:18.135+0000] {logging_mixin.py:150} INFO - [2024-12-12T08:36:18.134+0000] {dag.py:2742} INFO - Sync 1 DAGs
[2024-12-12T08:36:18.170+0000] {logging_mixin.py:150} INFO - [2024-12-12T08:36:18.170+0000] {dag.py:3508} INFO - Setting next_dagrun for kaggle_to_noaa to 2024-12-11T08:36:18.170257+00:00, run_after=2024-12-12T08:36:18.170257+00:00
[2024-12-12T08:36:18.199+0000] {processor.py:179} INFO - Processing /opt/airflow/dags/business_etl_v1.py took 0.705 seconds
[2024-12-12T08:36:48.726+0000] {processor.py:157} INFO - Started process (PID=4437) to work on /opt/airflow/dags/business_etl_v1.py
[2024-12-12T08:36:48.728+0000] {processor.py:826} INFO - Processing file /opt/airflow/dags/business_etl_v1.py for tasks to queue
[2024-12-12T08:36:48.730+0000] {logging_mixin.py:150} INFO - [2024-12-12T08:36:48.729+0000] {dagbag.py:541} INFO - Filling up the DagBag from /opt/airflow/dags/business_etl_v1.py
[2024-12-12T08:36:49.379+0000] {processor.py:836} INFO - DAG(s) dict_keys(['kaggle_to_noaa']) retrieved from /opt/airflow/dags/business_etl_v1.py
[2024-12-12T08:36:49.422+0000] {logging_mixin.py:150} INFO - [2024-12-12T08:36:49.420+0000] {dag.py:2742} INFO - Sync 1 DAGs
[2024-12-12T08:36:49.465+0000] {logging_mixin.py:150} INFO - [2024-12-12T08:36:49.465+0000] {dag.py:3508} INFO - Setting next_dagrun for kaggle_to_noaa to 2024-12-11T08:36:49.464929+00:00, run_after=2024-12-12T08:36:49.464929+00:00
[2024-12-12T08:36:49.524+0000] {processor.py:179} INFO - Processing /opt/airflow/dags/business_etl_v1.py took 0.806 seconds
[2024-12-12T08:37:20.023+0000] {processor.py:157} INFO - Started process (PID=4654) to work on /opt/airflow/dags/business_etl_v1.py
[2024-12-12T08:37:20.026+0000] {processor.py:826} INFO - Processing file /opt/airflow/dags/business_etl_v1.py for tasks to queue
[2024-12-12T08:37:20.027+0000] {logging_mixin.py:150} INFO - [2024-12-12T08:37:20.027+0000] {dagbag.py:541} INFO - Filling up the DagBag from /opt/airflow/dags/business_etl_v1.py
[2024-12-12T08:37:20.625+0000] {processor.py:836} INFO - DAG(s) dict_keys(['kaggle_to_noaa']) retrieved from /opt/airflow/dags/business_etl_v1.py
[2024-12-12T08:37:20.658+0000] {logging_mixin.py:150} INFO - [2024-12-12T08:37:20.657+0000] {dag.py:2742} INFO - Sync 1 DAGs
[2024-12-12T08:37:20.692+0000] {logging_mixin.py:150} INFO - [2024-12-12T08:37:20.692+0000] {dag.py:3508} INFO - Setting next_dagrun for kaggle_to_noaa to 2024-12-11T08:37:20.691915+00:00, run_after=2024-12-12T08:37:20.691915+00:00
[2024-12-12T08:37:20.724+0000] {processor.py:179} INFO - Processing /opt/airflow/dags/business_etl_v1.py took 0.706 seconds
[2024-12-12T08:37:51.018+0000] {processor.py:157} INFO - Started process (PID=4871) to work on /opt/airflow/dags/business_etl_v1.py
[2024-12-12T08:37:51.019+0000] {processor.py:826} INFO - Processing file /opt/airflow/dags/business_etl_v1.py for tasks to queue
[2024-12-12T08:37:51.020+0000] {logging_mixin.py:150} INFO - [2024-12-12T08:37:51.020+0000] {dagbag.py:541} INFO - Filling up the DagBag from /opt/airflow/dags/business_etl_v1.py
[2024-12-12T08:37:51.638+0000] {processor.py:836} INFO - DAG(s) dict_keys(['kaggle_to_noaa']) retrieved from /opt/airflow/dags/business_etl_v1.py
[2024-12-12T08:37:51.681+0000] {logging_mixin.py:150} INFO - [2024-12-12T08:37:51.680+0000] {dag.py:2742} INFO - Sync 1 DAGs
[2024-12-12T08:37:51.711+0000] {logging_mixin.py:150} INFO - [2024-12-12T08:37:51.711+0000] {dag.py:3508} INFO - Setting next_dagrun for kaggle_to_noaa to 2024-12-11T08:37:51.710825+00:00, run_after=2024-12-12T08:37:51.710825+00:00
[2024-12-12T08:37:51.742+0000] {processor.py:179} INFO - Processing /opt/airflow/dags/business_etl_v1.py took 0.730 seconds
[2024-12-12T08:38:42.163+0000] {processor.py:157} INFO - Started process (PID=385) to work on /opt/airflow/dags/business_etl_v1.py
[2024-12-12T08:38:42.165+0000] {processor.py:826} INFO - Processing file /opt/airflow/dags/business_etl_v1.py for tasks to queue
[2024-12-12T08:38:42.167+0000] {logging_mixin.py:150} INFO - [2024-12-12T08:38:42.166+0000] {dagbag.py:541} INFO - Filling up the DagBag from /opt/airflow/dags/business_etl_v1.py
[2024-12-12T08:38:42.948+0000] {processor.py:836} INFO - DAG(s) dict_keys(['kaggle_to_noaa']) retrieved from /opt/airflow/dags/business_etl_v1.py
[2024-12-12T08:38:42.963+0000] {logging_mixin.py:150} INFO - [2024-12-12T08:38:42.962+0000] {dag.py:2742} INFO - Sync 1 DAGs
[2024-12-12T08:38:42.992+0000] {logging_mixin.py:150} INFO - [2024-12-12T08:38:42.992+0000] {dag.py:3508} INFO - Setting next_dagrun for kaggle_to_noaa to 2024-12-11T08:38:42.991861+00:00, run_after=2024-12-12T08:38:42.991861+00:00
[2024-12-12T08:38:43.022+0000] {processor.py:179} INFO - Processing /opt/airflow/dags/business_etl_v1.py took 0.863 seconds
[2024-12-12T08:39:13.699+0000] {processor.py:157} INFO - Started process (PID=636) to work on /opt/airflow/dags/business_etl_v1.py
[2024-12-12T08:39:13.700+0000] {processor.py:826} INFO - Processing file /opt/airflow/dags/business_etl_v1.py for tasks to queue
[2024-12-12T08:39:13.702+0000] {logging_mixin.py:150} INFO - [2024-12-12T08:39:13.701+0000] {dagbag.py:541} INFO - Filling up the DagBag from /opt/airflow/dags/business_etl_v1.py
[2024-12-12T08:39:14.497+0000] {processor.py:836} INFO - DAG(s) dict_keys(['kaggle_to_noaa']) retrieved from /opt/airflow/dags/business_etl_v1.py
[2024-12-12T08:39:14.525+0000] {logging_mixin.py:150} INFO - [2024-12-12T08:39:14.525+0000] {dag.py:2742} INFO - Sync 1 DAGs
[2024-12-12T08:39:14.561+0000] {logging_mixin.py:150} INFO - [2024-12-12T08:39:14.560+0000] {dag.py:3508} INFO - Setting next_dagrun for kaggle_to_noaa to 2024-12-11T08:39:14.560452+00:00, run_after=2024-12-12T08:39:14.560452+00:00
[2024-12-12T08:39:14.618+0000] {processor.py:179} INFO - Processing /opt/airflow/dags/business_etl_v1.py took 0.923 seconds
[2024-12-12T08:39:45.081+0000] {processor.py:157} INFO - Started process (PID=949) to work on /opt/airflow/dags/business_etl_v1.py
[2024-12-12T08:39:45.082+0000] {processor.py:826} INFO - Processing file /opt/airflow/dags/business_etl_v1.py for tasks to queue
[2024-12-12T08:39:45.083+0000] {logging_mixin.py:150} INFO - [2024-12-12T08:39:45.083+0000] {dagbag.py:541} INFO - Filling up the DagBag from /opt/airflow/dags/business_etl_v1.py
[2024-12-12T08:39:45.619+0000] {processor.py:836} INFO - DAG(s) dict_keys(['kaggle_to_noaa']) retrieved from /opt/airflow/dags/business_etl_v1.py
[2024-12-12T08:39:45.642+0000] {logging_mixin.py:150} INFO - [2024-12-12T08:39:45.642+0000] {dag.py:2742} INFO - Sync 1 DAGs
[2024-12-12T08:39:45.670+0000] {logging_mixin.py:150} INFO - [2024-12-12T08:39:45.670+0000] {dag.py:3508} INFO - Setting next_dagrun for kaggle_to_noaa to 2024-12-11T08:39:45.670510+00:00, run_after=2024-12-12T08:39:45.670510+00:00
[2024-12-12T08:39:45.690+0000] {processor.py:179} INFO - Processing /opt/airflow/dags/business_etl_v1.py took 0.611 seconds
[2024-12-12T08:40:16.354+0000] {processor.py:157} INFO - Started process (PID=1164) to work on /opt/airflow/dags/business_etl_v1.py
[2024-12-12T08:40:16.355+0000] {processor.py:826} INFO - Processing file /opt/airflow/dags/business_etl_v1.py for tasks to queue
[2024-12-12T08:40:16.357+0000] {logging_mixin.py:150} INFO - [2024-12-12T08:40:16.356+0000] {dagbag.py:541} INFO - Filling up the DagBag from /opt/airflow/dags/business_etl_v1.py
[2024-12-12T08:40:17.258+0000] {processor.py:836} INFO - DAG(s) dict_keys(['kaggle_to_noaa']) retrieved from /opt/airflow/dags/business_etl_v1.py
[2024-12-12T08:40:17.311+0000] {logging_mixin.py:150} INFO - [2024-12-12T08:40:17.309+0000] {dag.py:2742} INFO - Sync 1 DAGs
[2024-12-12T08:40:17.345+0000] {logging_mixin.py:150} INFO - [2024-12-12T08:40:17.344+0000] {dag.py:3508} INFO - Setting next_dagrun for kaggle_to_noaa to 2024-12-11T08:40:17.344492+00:00, run_after=2024-12-12T08:40:17.344492+00:00
[2024-12-12T08:40:17.393+0000] {processor.py:179} INFO - Processing /opt/airflow/dags/business_etl_v1.py took 1.046 seconds
[2024-12-12T08:41:09.160+0000] {processor.py:157} INFO - Started process (PID=385) to work on /opt/airflow/dags/business_etl_v1.py
[2024-12-12T08:41:09.161+0000] {processor.py:826} INFO - Processing file /opt/airflow/dags/business_etl_v1.py for tasks to queue
[2024-12-12T08:41:09.162+0000] {logging_mixin.py:150} INFO - [2024-12-12T08:41:09.162+0000] {dagbag.py:541} INFO - Filling up the DagBag from /opt/airflow/dags/business_etl_v1.py
[2024-12-12T08:41:09.931+0000] {processor.py:836} INFO - DAG(s) dict_keys(['kaggle_to_noaa']) retrieved from /opt/airflow/dags/business_etl_v1.py
[2024-12-12T08:41:09.946+0000] {logging_mixin.py:150} INFO - [2024-12-12T08:41:09.946+0000] {dag.py:2742} INFO - Sync 1 DAGs
[2024-12-12T08:41:09.969+0000] {logging_mixin.py:150} INFO - [2024-12-12T08:41:09.969+0000] {dag.py:3508} INFO - Setting next_dagrun for kaggle_to_noaa to 2024-12-11T08:41:09.969147+00:00, run_after=2024-12-12T08:41:09.969147+00:00
[2024-12-12T08:41:10.009+0000] {processor.py:179} INFO - Processing /opt/airflow/dags/business_etl_v1.py took 0.852 seconds
[2024-12-12T08:41:40.677+0000] {processor.py:157} INFO - Started process (PID=623) to work on /opt/airflow/dags/business_etl_v1.py
[2024-12-12T08:41:40.678+0000] {processor.py:826} INFO - Processing file /opt/airflow/dags/business_etl_v1.py for tasks to queue
[2024-12-12T08:41:40.680+0000] {logging_mixin.py:150} INFO - [2024-12-12T08:41:40.680+0000] {dagbag.py:541} INFO - Filling up the DagBag from /opt/airflow/dags/business_etl_v1.py
[2024-12-12T08:41:41.313+0000] {processor.py:836} INFO - DAG(s) dict_keys(['kaggle_to_noaa']) retrieved from /opt/airflow/dags/business_etl_v1.py
[2024-12-12T08:41:41.337+0000] {logging_mixin.py:150} INFO - [2024-12-12T08:41:41.336+0000] {dag.py:2742} INFO - Sync 1 DAGs
[2024-12-12T08:41:41.361+0000] {logging_mixin.py:150} INFO - [2024-12-12T08:41:41.361+0000] {dag.py:3508} INFO - Setting next_dagrun for kaggle_to_noaa to 2024-12-11T08:41:41.361497+00:00, run_after=2024-12-12T08:41:41.361497+00:00
[2024-12-12T08:41:41.387+0000] {processor.py:179} INFO - Processing /opt/airflow/dags/business_etl_v1.py took 0.716 seconds
[2024-12-12T08:42:11.792+0000] {processor.py:157} INFO - Started process (PID=840) to work on /opt/airflow/dags/business_etl_v1.py
[2024-12-12T08:42:11.793+0000] {processor.py:826} INFO - Processing file /opt/airflow/dags/business_etl_v1.py for tasks to queue
[2024-12-12T08:42:11.794+0000] {logging_mixin.py:150} INFO - [2024-12-12T08:42:11.794+0000] {dagbag.py:541} INFO - Filling up the DagBag from /opt/airflow/dags/business_etl_v1.py
[2024-12-12T08:42:12.352+0000] {processor.py:836} INFO - DAG(s) dict_keys(['kaggle_to_noaa']) retrieved from /opt/airflow/dags/business_etl_v1.py
[2024-12-12T08:42:12.389+0000] {logging_mixin.py:150} INFO - [2024-12-12T08:42:12.389+0000] {dag.py:2742} INFO - Sync 1 DAGs
[2024-12-12T08:42:12.419+0000] {logging_mixin.py:150} INFO - [2024-12-12T08:42:12.419+0000] {dag.py:3508} INFO - Setting next_dagrun for kaggle_to_noaa to 2024-12-11T08:42:12.419093+00:00, run_after=2024-12-12T08:42:12.419093+00:00
[2024-12-12T08:42:12.452+0000] {processor.py:179} INFO - Processing /opt/airflow/dags/business_etl_v1.py took 0.666 seconds
[2024-12-12T08:42:42.715+0000] {processor.py:157} INFO - Started process (PID=1059) to work on /opt/airflow/dags/business_etl_v1.py
[2024-12-12T08:42:42.716+0000] {processor.py:826} INFO - Processing file /opt/airflow/dags/business_etl_v1.py for tasks to queue
[2024-12-12T08:42:42.717+0000] {logging_mixin.py:150} INFO - [2024-12-12T08:42:42.716+0000] {dagbag.py:541} INFO - Filling up the DagBag from /opt/airflow/dags/business_etl_v1.py
[2024-12-12T08:42:43.356+0000] {processor.py:836} INFO - DAG(s) dict_keys(['kaggle_to_noaa']) retrieved from /opt/airflow/dags/business_etl_v1.py
[2024-12-12T08:42:43.406+0000] {logging_mixin.py:150} INFO - [2024-12-12T08:42:43.403+0000] {dag.py:2742} INFO - Sync 1 DAGs
[2024-12-12T08:42:43.444+0000] {logging_mixin.py:150} INFO - [2024-12-12T08:42:43.443+0000] {dag.py:3508} INFO - Setting next_dagrun for kaggle_to_noaa to 2024-12-11T08:42:43.443298+00:00, run_after=2024-12-12T08:42:43.443298+00:00
[2024-12-12T08:42:43.498+0000] {processor.py:179} INFO - Processing /opt/airflow/dags/business_etl_v1.py took 0.786 seconds
[2024-12-12T08:43:14.017+0000] {processor.py:157} INFO - Started process (PID=1276) to work on /opt/airflow/dags/business_etl_v1.py
[2024-12-12T08:43:14.018+0000] {processor.py:826} INFO - Processing file /opt/airflow/dags/business_etl_v1.py for tasks to queue
[2024-12-12T08:43:14.020+0000] {logging_mixin.py:150} INFO - [2024-12-12T08:43:14.019+0000] {dagbag.py:541} INFO - Filling up the DagBag from /opt/airflow/dags/business_etl_v1.py
[2024-12-12T08:43:14.743+0000] {processor.py:836} INFO - DAG(s) dict_keys(['kaggle_to_noaa']) retrieved from /opt/airflow/dags/business_etl_v1.py
[2024-12-12T08:43:14.780+0000] {logging_mixin.py:150} INFO - [2024-12-12T08:43:14.779+0000] {dag.py:2742} INFO - Sync 1 DAGs
[2024-12-12T08:43:14.803+0000] {logging_mixin.py:150} INFO - [2024-12-12T08:43:14.803+0000] {dag.py:3508} INFO - Setting next_dagrun for kaggle_to_noaa to 2024-12-11T08:43:14.803580+00:00, run_after=2024-12-12T08:43:14.803580+00:00
[2024-12-12T08:43:14.833+0000] {processor.py:179} INFO - Processing /opt/airflow/dags/business_etl_v1.py took 0.820 seconds
[2024-12-12T08:43:45.099+0000] {processor.py:157} INFO - Started process (PID=1493) to work on /opt/airflow/dags/business_etl_v1.py
[2024-12-12T08:43:45.100+0000] {processor.py:826} INFO - Processing file /opt/airflow/dags/business_etl_v1.py for tasks to queue
[2024-12-12T08:43:45.101+0000] {logging_mixin.py:150} INFO - [2024-12-12T08:43:45.101+0000] {dagbag.py:541} INFO - Filling up the DagBag from /opt/airflow/dags/business_etl_v1.py
[2024-12-12T08:43:45.893+0000] {processor.py:836} INFO - DAG(s) dict_keys(['kaggle_to_noaa']) retrieved from /opt/airflow/dags/business_etl_v1.py
[2024-12-12T08:43:45.936+0000] {logging_mixin.py:150} INFO - [2024-12-12T08:43:45.935+0000] {dag.py:2742} INFO - Sync 1 DAGs
[2024-12-12T08:43:45.967+0000] {logging_mixin.py:150} INFO - [2024-12-12T08:43:45.966+0000] {dag.py:3508} INFO - Setting next_dagrun for kaggle_to_noaa to 2024-12-11T08:43:45.966462+00:00, run_after=2024-12-12T08:43:45.966462+00:00
[2024-12-12T08:43:46.003+0000] {processor.py:179} INFO - Processing /opt/airflow/dags/business_etl_v1.py took 0.909 seconds
[2024-12-12T08:44:16.620+0000] {processor.py:157} INFO - Started process (PID=1711) to work on /opt/airflow/dags/business_etl_v1.py
[2024-12-12T08:44:16.621+0000] {processor.py:826} INFO - Processing file /opt/airflow/dags/business_etl_v1.py for tasks to queue
[2024-12-12T08:44:16.623+0000] {logging_mixin.py:150} INFO - [2024-12-12T08:44:16.622+0000] {dagbag.py:541} INFO - Filling up the DagBag from /opt/airflow/dags/business_etl_v1.py
[2024-12-12T08:44:17.473+0000] {processor.py:836} INFO - DAG(s) dict_keys(['kaggle_to_noaa']) retrieved from /opt/airflow/dags/business_etl_v1.py
[2024-12-12T08:44:17.512+0000] {logging_mixin.py:150} INFO - [2024-12-12T08:44:17.512+0000] {dag.py:2742} INFO - Sync 1 DAGs
[2024-12-12T08:44:17.547+0000] {logging_mixin.py:150} INFO - [2024-12-12T08:44:17.546+0000] {dag.py:3508} INFO - Setting next_dagrun for kaggle_to_noaa to 2024-12-11T08:44:17.546671+00:00, run_after=2024-12-12T08:44:17.546671+00:00
[2024-12-12T08:44:17.586+0000] {processor.py:179} INFO - Processing /opt/airflow/dags/business_etl_v1.py took 0.972 seconds
[2024-12-12T08:44:48.586+0000] {processor.py:157} INFO - Started process (PID=1979) to work on /opt/airflow/dags/business_etl_v1.py
[2024-12-12T08:44:48.588+0000] {processor.py:826} INFO - Processing file /opt/airflow/dags/business_etl_v1.py for tasks to queue
[2024-12-12T08:44:48.589+0000] {logging_mixin.py:150} INFO - [2024-12-12T08:44:48.589+0000] {dagbag.py:541} INFO - Filling up the DagBag from /opt/airflow/dags/business_etl_v1.py
[2024-12-12T08:44:49.063+0000] {processor.py:836} INFO - DAG(s) dict_keys(['kaggle_to_noaa']) retrieved from /opt/airflow/dags/business_etl_v1.py
[2024-12-12T08:44:49.094+0000] {logging_mixin.py:150} INFO - [2024-12-12T08:44:49.094+0000] {dag.py:2742} INFO - Sync 1 DAGs
[2024-12-12T08:44:49.118+0000] {logging_mixin.py:150} INFO - [2024-12-12T08:44:49.118+0000] {dag.py:3508} INFO - Setting next_dagrun for kaggle_to_noaa to 2024-12-11T08:44:49.118033+00:00, run_after=2024-12-12T08:44:49.118033+00:00
[2024-12-12T08:44:49.158+0000] {processor.py:179} INFO - Processing /opt/airflow/dags/business_etl_v1.py took 0.574 seconds
[2024-12-12T08:45:19.810+0000] {processor.py:157} INFO - Started process (PID=2196) to work on /opt/airflow/dags/business_etl_v1.py
[2024-12-12T08:45:19.811+0000] {processor.py:826} INFO - Processing file /opt/airflow/dags/business_etl_v1.py for tasks to queue
[2024-12-12T08:45:19.813+0000] {logging_mixin.py:150} INFO - [2024-12-12T08:45:19.813+0000] {dagbag.py:541} INFO - Filling up the DagBag from /opt/airflow/dags/business_etl_v1.py
[2024-12-12T08:45:20.492+0000] {processor.py:836} INFO - DAG(s) dict_keys(['kaggle_to_noaa']) retrieved from /opt/airflow/dags/business_etl_v1.py
[2024-12-12T08:45:20.536+0000] {logging_mixin.py:150} INFO - [2024-12-12T08:45:20.535+0000] {dag.py:2742} INFO - Sync 1 DAGs
[2024-12-12T08:45:20.571+0000] {logging_mixin.py:150} INFO - [2024-12-12T08:45:20.571+0000] {dag.py:3508} INFO - Setting next_dagrun for kaggle_to_noaa to 2024-12-11T08:45:20.571256+00:00, run_after=2024-12-12T08:45:20.571256+00:00
[2024-12-12T08:45:20.599+0000] {processor.py:179} INFO - Processing /opt/airflow/dags/business_etl_v1.py took 0.792 seconds
[2024-12-12T08:45:51.189+0000] {processor.py:157} INFO - Started process (PID=2413) to work on /opt/airflow/dags/business_etl_v1.py
[2024-12-12T08:45:51.190+0000] {processor.py:826} INFO - Processing file /opt/airflow/dags/business_etl_v1.py for tasks to queue
[2024-12-12T08:45:51.191+0000] {logging_mixin.py:150} INFO - [2024-12-12T08:45:51.191+0000] {dagbag.py:541} INFO - Filling up the DagBag from /opt/airflow/dags/business_etl_v1.py
[2024-12-12T08:45:51.742+0000] {processor.py:836} INFO - DAG(s) dict_keys(['kaggle_to_noaa']) retrieved from /opt/airflow/dags/business_etl_v1.py
[2024-12-12T08:45:51.782+0000] {logging_mixin.py:150} INFO - [2024-12-12T08:45:51.781+0000] {dag.py:2742} INFO - Sync 1 DAGs
[2024-12-12T08:45:51.809+0000] {logging_mixin.py:150} INFO - [2024-12-12T08:45:51.809+0000] {dag.py:3508} INFO - Setting next_dagrun for kaggle_to_noaa to 2024-12-11T08:45:51.809112+00:00, run_after=2024-12-12T08:45:51.809112+00:00
[2024-12-12T08:45:51.842+0000] {processor.py:179} INFO - Processing /opt/airflow/dags/business_etl_v1.py took 0.656 seconds
[2024-12-12T08:46:22.237+0000] {processor.py:157} INFO - Started process (PID=2630) to work on /opt/airflow/dags/business_etl_v1.py
[2024-12-12T08:46:22.246+0000] {processor.py:826} INFO - Processing file /opt/airflow/dags/business_etl_v1.py for tasks to queue
[2024-12-12T08:46:22.249+0000] {logging_mixin.py:150} INFO - [2024-12-12T08:46:22.248+0000] {dagbag.py:541} INFO - Filling up the DagBag from /opt/airflow/dags/business_etl_v1.py
[2024-12-12T08:46:22.797+0000] {processor.py:836} INFO - DAG(s) dict_keys(['kaggle_to_noaa']) retrieved from /opt/airflow/dags/business_etl_v1.py
[2024-12-12T08:46:22.826+0000] {logging_mixin.py:150} INFO - [2024-12-12T08:46:22.825+0000] {dag.py:2742} INFO - Sync 1 DAGs
[2024-12-12T08:46:22.853+0000] {logging_mixin.py:150} INFO - [2024-12-12T08:46:22.852+0000] {dag.py:3508} INFO - Setting next_dagrun for kaggle_to_noaa to 2024-12-11T08:46:22.852266+00:00, run_after=2024-12-12T08:46:22.852266+00:00
[2024-12-12T08:46:22.883+0000] {processor.py:179} INFO - Processing /opt/airflow/dags/business_etl_v1.py took 0.651 seconds
[2024-12-12T08:46:53.120+0000] {processor.py:157} INFO - Started process (PID=2847) to work on /opt/airflow/dags/business_etl_v1.py
[2024-12-12T08:46:53.121+0000] {processor.py:826} INFO - Processing file /opt/airflow/dags/business_etl_v1.py for tasks to queue
[2024-12-12T08:46:53.122+0000] {logging_mixin.py:150} INFO - [2024-12-12T08:46:53.122+0000] {dagbag.py:541} INFO - Filling up the DagBag from /opt/airflow/dags/business_etl_v1.py
[2024-12-12T08:46:53.690+0000] {processor.py:836} INFO - DAG(s) dict_keys(['kaggle_to_noaa']) retrieved from /opt/airflow/dags/business_etl_v1.py
[2024-12-12T08:46:53.723+0000] {logging_mixin.py:150} INFO - [2024-12-12T08:46:53.723+0000] {dag.py:2742} INFO - Sync 1 DAGs
[2024-12-12T08:46:53.759+0000] {logging_mixin.py:150} INFO - [2024-12-12T08:46:53.759+0000] {dag.py:3508} INFO - Setting next_dagrun for kaggle_to_noaa to 2024-12-11T08:46:53.758662+00:00, run_after=2024-12-12T08:46:53.758662+00:00
[2024-12-12T08:46:53.778+0000] {processor.py:179} INFO - Processing /opt/airflow/dags/business_etl_v1.py took 0.661 seconds
[2024-12-12T08:47:24.103+0000] {processor.py:157} INFO - Started process (PID=3064) to work on /opt/airflow/dags/business_etl_v1.py
[2024-12-12T08:47:24.104+0000] {processor.py:826} INFO - Processing file /opt/airflow/dags/business_etl_v1.py for tasks to queue
[2024-12-12T08:47:24.106+0000] {logging_mixin.py:150} INFO - [2024-12-12T08:47:24.105+0000] {dagbag.py:541} INFO - Filling up the DagBag from /opt/airflow/dags/business_etl_v1.py
[2024-12-12T08:47:24.692+0000] {processor.py:836} INFO - DAG(s) dict_keys(['kaggle_to_noaa']) retrieved from /opt/airflow/dags/business_etl_v1.py
[2024-12-12T08:47:24.725+0000] {logging_mixin.py:150} INFO - [2024-12-12T08:47:24.724+0000] {dag.py:2742} INFO - Sync 1 DAGs
[2024-12-12T08:47:24.752+0000] {logging_mixin.py:150} INFO - [2024-12-12T08:47:24.752+0000] {dag.py:3508} INFO - Setting next_dagrun for kaggle_to_noaa to 2024-12-11T08:47:24.752184+00:00, run_after=2024-12-12T08:47:24.752184+00:00
[2024-12-12T08:47:24.784+0000] {processor.py:179} INFO - Processing /opt/airflow/dags/business_etl_v1.py took 0.687 seconds
[2024-12-12T08:47:55.542+0000] {processor.py:157} INFO - Started process (PID=3320) to work on /opt/airflow/dags/business_etl_v1.py
[2024-12-12T08:47:55.545+0000] {processor.py:826} INFO - Processing file /opt/airflow/dags/business_etl_v1.py for tasks to queue
[2024-12-12T08:47:55.547+0000] {logging_mixin.py:150} INFO - [2024-12-12T08:47:55.546+0000] {dagbag.py:541} INFO - Filling up the DagBag from /opt/airflow/dags/business_etl_v1.py
[2024-12-12T08:47:56.205+0000] {processor.py:836} INFO - DAG(s) dict_keys(['kaggle_to_noaa']) retrieved from /opt/airflow/dags/business_etl_v1.py
[2024-12-12T08:47:56.238+0000] {logging_mixin.py:150} INFO - [2024-12-12T08:47:56.237+0000] {dag.py:2742} INFO - Sync 1 DAGs
[2024-12-12T08:47:56.278+0000] {logging_mixin.py:150} INFO - [2024-12-12T08:47:56.277+0000] {dag.py:3508} INFO - Setting next_dagrun for kaggle_to_noaa to 2024-12-11T08:47:56.276505+00:00, run_after=2024-12-12T08:47:56.276505+00:00
[2024-12-12T08:47:56.310+0000] {processor.py:179} INFO - Processing /opt/airflow/dags/business_etl_v1.py took 0.772 seconds
[2024-12-12T08:48:27.013+0000] {processor.py:157} INFO - Started process (PID=3537) to work on /opt/airflow/dags/business_etl_v1.py
[2024-12-12T08:48:27.014+0000] {processor.py:826} INFO - Processing file /opt/airflow/dags/business_etl_v1.py for tasks to queue
[2024-12-12T08:48:27.015+0000] {logging_mixin.py:150} INFO - [2024-12-12T08:48:27.015+0000] {dagbag.py:541} INFO - Filling up the DagBag from /opt/airflow/dags/business_etl_v1.py
[2024-12-12T08:48:27.600+0000] {processor.py:836} INFO - DAG(s) dict_keys(['kaggle_to_noaa']) retrieved from /opt/airflow/dags/business_etl_v1.py
[2024-12-12T08:48:27.642+0000] {logging_mixin.py:150} INFO - [2024-12-12T08:48:27.642+0000] {dag.py:2742} INFO - Sync 1 DAGs
[2024-12-12T08:48:27.686+0000] {logging_mixin.py:150} INFO - [2024-12-12T08:48:27.686+0000] {dag.py:3508} INFO - Setting next_dagrun for kaggle_to_noaa to 2024-12-11T08:48:27.686236+00:00, run_after=2024-12-12T08:48:27.686236+00:00
[2024-12-12T08:48:27.751+0000] {processor.py:179} INFO - Processing /opt/airflow/dags/business_etl_v1.py took 0.741 seconds
[2024-12-12T08:48:58.205+0000] {processor.py:157} INFO - Started process (PID=3754) to work on /opt/airflow/dags/business_etl_v1.py
[2024-12-12T08:48:58.206+0000] {processor.py:826} INFO - Processing file /opt/airflow/dags/business_etl_v1.py for tasks to queue
[2024-12-12T08:48:58.208+0000] {logging_mixin.py:150} INFO - [2024-12-12T08:48:58.207+0000] {dagbag.py:541} INFO - Filling up the DagBag from /opt/airflow/dags/business_etl_v1.py
[2024-12-12T08:48:58.751+0000] {processor.py:836} INFO - DAG(s) dict_keys(['kaggle_to_noaa']) retrieved from /opt/airflow/dags/business_etl_v1.py
[2024-12-12T08:48:58.798+0000] {logging_mixin.py:150} INFO - [2024-12-12T08:48:58.797+0000] {dag.py:2742} INFO - Sync 1 DAGs
[2024-12-12T08:48:58.824+0000] {logging_mixin.py:150} INFO - [2024-12-12T08:48:58.824+0000] {dag.py:3508} INFO - Setting next_dagrun for kaggle_to_noaa to 2024-12-11T08:48:58.824323+00:00, run_after=2024-12-12T08:48:58.824323+00:00
[2024-12-12T08:48:58.848+0000] {processor.py:179} INFO - Processing /opt/airflow/dags/business_etl_v1.py took 0.646 seconds
[2024-12-12T08:49:29.123+0000] {processor.py:157} INFO - Started process (PID=3971) to work on /opt/airflow/dags/business_etl_v1.py
[2024-12-12T08:49:29.125+0000] {processor.py:826} INFO - Processing file /opt/airflow/dags/business_etl_v1.py for tasks to queue
[2024-12-12T08:49:29.125+0000] {logging_mixin.py:150} INFO - [2024-12-12T08:49:29.125+0000] {dagbag.py:541} INFO - Filling up the DagBag from /opt/airflow/dags/business_etl_v1.py
[2024-12-12T08:49:29.692+0000] {processor.py:836} INFO - DAG(s) dict_keys(['kaggle_to_noaa']) retrieved from /opt/airflow/dags/business_etl_v1.py
[2024-12-12T08:49:29.738+0000] {logging_mixin.py:150} INFO - [2024-12-12T08:49:29.737+0000] {dag.py:2742} INFO - Sync 1 DAGs
[2024-12-12T08:49:29.771+0000] {logging_mixin.py:150} INFO - [2024-12-12T08:49:29.771+0000] {dag.py:3508} INFO - Setting next_dagrun for kaggle_to_noaa to 2024-12-11T08:49:29.770602+00:00, run_after=2024-12-12T08:49:29.770602+00:00
[2024-12-12T08:49:29.797+0000] {processor.py:179} INFO - Processing /opt/airflow/dags/business_etl_v1.py took 0.676 seconds
[2024-12-12T08:50:00.086+0000] {processor.py:157} INFO - Started process (PID=4188) to work on /opt/airflow/dags/business_etl_v1.py
[2024-12-12T08:50:00.088+0000] {processor.py:826} INFO - Processing file /opt/airflow/dags/business_etl_v1.py for tasks to queue
[2024-12-12T08:50:00.090+0000] {logging_mixin.py:150} INFO - [2024-12-12T08:50:00.089+0000] {dagbag.py:541} INFO - Filling up the DagBag from /opt/airflow/dags/business_etl_v1.py
[2024-12-12T08:50:00.665+0000] {processor.py:836} INFO - DAG(s) dict_keys(['kaggle_to_noaa']) retrieved from /opt/airflow/dags/business_etl_v1.py
[2024-12-12T08:50:00.702+0000] {logging_mixin.py:150} INFO - [2024-12-12T08:50:00.702+0000] {dag.py:2742} INFO - Sync 1 DAGs
[2024-12-12T08:50:00.725+0000] {logging_mixin.py:150} INFO - [2024-12-12T08:50:00.725+0000] {dag.py:3508} INFO - Setting next_dagrun for kaggle_to_noaa to 2024-12-11T08:50:00.725009+00:00, run_after=2024-12-12T08:50:00.725009+00:00
[2024-12-12T08:50:00.901+0000] {processor.py:179} INFO - Processing /opt/airflow/dags/business_etl_v1.py took 0.821 seconds
[2024-12-12T08:50:31.236+0000] {processor.py:157} INFO - Started process (PID=4405) to work on /opt/airflow/dags/business_etl_v1.py
[2024-12-12T08:50:31.239+0000] {processor.py:826} INFO - Processing file /opt/airflow/dags/business_etl_v1.py for tasks to queue
[2024-12-12T08:50:31.241+0000] {logging_mixin.py:150} INFO - [2024-12-12T08:50:31.240+0000] {dagbag.py:541} INFO - Filling up the DagBag from /opt/airflow/dags/business_etl_v1.py
[2024-12-12T08:50:31.751+0000] {processor.py:836} INFO - DAG(s) dict_keys(['kaggle_to_noaa']) retrieved from /opt/airflow/dags/business_etl_v1.py
[2024-12-12T08:50:31.789+0000] {logging_mixin.py:150} INFO - [2024-12-12T08:50:31.788+0000] {dag.py:2742} INFO - Sync 1 DAGs
[2024-12-12T08:50:31.818+0000] {logging_mixin.py:150} INFO - [2024-12-12T08:50:31.818+0000] {dag.py:3508} INFO - Setting next_dagrun for kaggle_to_noaa to 2024-12-11T08:50:31.817766+00:00, run_after=2024-12-12T08:50:31.817766+00:00
[2024-12-12T08:50:31.848+0000] {processor.py:179} INFO - Processing /opt/airflow/dags/business_etl_v1.py took 0.618 seconds
[2024-12-12T08:51:02.691+0000] {processor.py:157} INFO - Started process (PID=4622) to work on /opt/airflow/dags/business_etl_v1.py
[2024-12-12T08:51:02.692+0000] {processor.py:826} INFO - Processing file /opt/airflow/dags/business_etl_v1.py for tasks to queue
[2024-12-12T08:51:02.693+0000] {logging_mixin.py:150} INFO - [2024-12-12T08:51:02.693+0000] {dagbag.py:541} INFO - Filling up the DagBag from /opt/airflow/dags/business_etl_v1.py
[2024-12-12T08:51:03.399+0000] {processor.py:836} INFO - DAG(s) dict_keys(['kaggle_to_noaa']) retrieved from /opt/airflow/dags/business_etl_v1.py
[2024-12-12T08:51:03.446+0000] {logging_mixin.py:150} INFO - [2024-12-12T08:51:03.445+0000] {dag.py:2742} INFO - Sync 1 DAGs
[2024-12-12T08:51:03.479+0000] {logging_mixin.py:150} INFO - [2024-12-12T08:51:03.479+0000] {dag.py:3508} INFO - Setting next_dagrun for kaggle_to_noaa to 2024-12-11T08:51:03.479120+00:00, run_after=2024-12-12T08:51:03.479120+00:00
[2024-12-12T08:51:03.519+0000] {processor.py:179} INFO - Processing /opt/airflow/dags/business_etl_v1.py took 0.830 seconds
[2024-12-12T08:51:34.021+0000] {processor.py:157} INFO - Started process (PID=4839) to work on /opt/airflow/dags/business_etl_v1.py
[2024-12-12T08:51:34.022+0000] {processor.py:826} INFO - Processing file /opt/airflow/dags/business_etl_v1.py for tasks to queue
[2024-12-12T08:51:34.024+0000] {logging_mixin.py:150} INFO - [2024-12-12T08:51:34.023+0000] {dagbag.py:541} INFO - Filling up the DagBag from /opt/airflow/dags/business_etl_v1.py
[2024-12-12T08:51:34.652+0000] {processor.py:836} INFO - DAG(s) dict_keys(['kaggle_to_noaa']) retrieved from /opt/airflow/dags/business_etl_v1.py
[2024-12-12T08:51:34.696+0000] {logging_mixin.py:150} INFO - [2024-12-12T08:51:34.695+0000] {dag.py:2742} INFO - Sync 1 DAGs
[2024-12-12T08:51:34.729+0000] {logging_mixin.py:150} INFO - [2024-12-12T08:51:34.728+0000] {dag.py:3508} INFO - Setting next_dagrun for kaggle_to_noaa to 2024-12-11T08:51:34.728295+00:00, run_after=2024-12-12T08:51:34.728295+00:00
[2024-12-12T08:51:34.764+0000] {processor.py:179} INFO - Processing /opt/airflow/dags/business_etl_v1.py took 0.746 seconds
