[2024-12-12T08:27:26.315+0000] {processor.py:157} INFO - Started process (PID=304) to work on /opt/airflow/dags/weather_transform.py
[2024-12-12T08:27:26.317+0000] {processor.py:826} INFO - Processing file /opt/airflow/dags/weather_transform.py for tasks to queue
[2024-12-12T08:27:26.319+0000] {logging_mixin.py:150} INFO - [2024-12-12T08:27:26.318+0000] {dagbag.py:541} INFO - Filling up the DagBag from /opt/airflow/dags/weather_transform.py
[2024-12-12T08:27:26.962+0000] {processor.py:836} INFO - DAG(s) dict_keys(['weather_data_processing']) retrieved from /opt/airflow/dags/weather_transform.py
[2024-12-12T08:27:26.979+0000] {logging_mixin.py:150} INFO - [2024-12-12T08:27:26.978+0000] {dag.py:2742} INFO - Sync 1 DAGs
[2024-12-12T08:27:27.004+0000] {logging_mixin.py:150} INFO - [2024-12-12T08:27:27.004+0000] {dag.py:3508} INFO - Setting next_dagrun for weather_data_processing to None, run_after=None
[2024-12-12T08:27:27.029+0000] {processor.py:179} INFO - Processing /opt/airflow/dags/weather_transform.py took 0.720 seconds
[2024-12-12T08:27:57.609+0000] {processor.py:157} INFO - Started process (PID=572) to work on /opt/airflow/dags/weather_transform.py
[2024-12-12T08:27:57.610+0000] {processor.py:826} INFO - Processing file /opt/airflow/dags/weather_transform.py for tasks to queue
[2024-12-12T08:27:57.611+0000] {logging_mixin.py:150} INFO - [2024-12-12T08:27:57.611+0000] {dagbag.py:541} INFO - Filling up the DagBag from /opt/airflow/dags/weather_transform.py
[2024-12-12T08:27:58.296+0000] {processor.py:836} INFO - DAG(s) dict_keys(['weather_data_processing']) retrieved from /opt/airflow/dags/weather_transform.py
[2024-12-12T08:27:58.331+0000] {logging_mixin.py:150} INFO - [2024-12-12T08:27:58.331+0000] {dag.py:2742} INFO - Sync 1 DAGs
[2024-12-12T08:27:58.357+0000] {logging_mixin.py:150} INFO - [2024-12-12T08:27:58.357+0000] {dag.py:3508} INFO - Setting next_dagrun for weather_data_processing to None, run_after=None
[2024-12-12T08:27:58.383+0000] {processor.py:179} INFO - Processing /opt/airflow/dags/weather_transform.py took 0.778 seconds
[2024-12-12T08:28:29.020+0000] {processor.py:157} INFO - Started process (PID=799) to work on /opt/airflow/dags/weather_transform.py
[2024-12-12T08:28:29.021+0000] {processor.py:826} INFO - Processing file /opt/airflow/dags/weather_transform.py for tasks to queue
[2024-12-12T08:28:29.022+0000] {logging_mixin.py:150} INFO - [2024-12-12T08:28:29.022+0000] {dagbag.py:541} INFO - Filling up the DagBag from /opt/airflow/dags/weather_transform.py
[2024-12-12T08:28:29.607+0000] {processor.py:836} INFO - DAG(s) dict_keys(['weather_data_processing']) retrieved from /opt/airflow/dags/weather_transform.py
[2024-12-12T08:28:29.637+0000] {logging_mixin.py:150} INFO - [2024-12-12T08:28:29.636+0000] {dag.py:2742} INFO - Sync 1 DAGs
[2024-12-12T08:28:29.658+0000] {logging_mixin.py:150} INFO - [2024-12-12T08:28:29.657+0000] {dag.py:3508} INFO - Setting next_dagrun for weather_data_processing to None, run_after=None
[2024-12-12T08:28:29.681+0000] {processor.py:179} INFO - Processing /opt/airflow/dags/weather_transform.py took 0.664 seconds
[2024-12-12T08:29:00.081+0000] {processor.py:157} INFO - Started process (PID=1016) to work on /opt/airflow/dags/weather_transform.py
[2024-12-12T08:29:00.083+0000] {processor.py:826} INFO - Processing file /opt/airflow/dags/weather_transform.py for tasks to queue
[2024-12-12T08:29:00.084+0000] {logging_mixin.py:150} INFO - [2024-12-12T08:29:00.084+0000] {dagbag.py:541} INFO - Filling up the DagBag from /opt/airflow/dags/weather_transform.py
[2024-12-12T08:29:00.807+0000] {processor.py:836} INFO - DAG(s) dict_keys(['weather_data_processing']) retrieved from /opt/airflow/dags/weather_transform.py
[2024-12-12T08:29:00.835+0000] {logging_mixin.py:150} INFO - [2024-12-12T08:29:00.834+0000] {dag.py:2742} INFO - Sync 1 DAGs
[2024-12-12T08:29:00.855+0000] {logging_mixin.py:150} INFO - [2024-12-12T08:29:00.855+0000] {dag.py:3508} INFO - Setting next_dagrun for weather_data_processing to None, run_after=None
[2024-12-12T08:29:00.879+0000] {processor.py:179} INFO - Processing /opt/airflow/dags/weather_transform.py took 0.801 seconds
[2024-12-12T08:29:31.552+0000] {processor.py:157} INFO - Started process (PID=1233) to work on /opt/airflow/dags/weather_transform.py
[2024-12-12T08:29:31.553+0000] {processor.py:826} INFO - Processing file /opt/airflow/dags/weather_transform.py for tasks to queue
[2024-12-12T08:29:31.554+0000] {logging_mixin.py:150} INFO - [2024-12-12T08:29:31.554+0000] {dagbag.py:541} INFO - Filling up the DagBag from /opt/airflow/dags/weather_transform.py
[2024-12-12T08:29:32.068+0000] {processor.py:836} INFO - DAG(s) dict_keys(['weather_data_processing']) retrieved from /opt/airflow/dags/weather_transform.py
[2024-12-12T08:29:32.090+0000] {logging_mixin.py:150} INFO - [2024-12-12T08:29:32.089+0000] {dag.py:2742} INFO - Sync 1 DAGs
[2024-12-12T08:29:32.113+0000] {logging_mixin.py:150} INFO - [2024-12-12T08:29:32.113+0000] {dag.py:3508} INFO - Setting next_dagrun for weather_data_processing to None, run_after=None
[2024-12-12T08:29:32.150+0000] {processor.py:179} INFO - Processing /opt/airflow/dags/weather_transform.py took 0.601 seconds
[2024-12-12T08:30:02.454+0000] {processor.py:157} INFO - Started process (PID=1450) to work on /opt/airflow/dags/weather_transform.py
[2024-12-12T08:30:02.455+0000] {processor.py:826} INFO - Processing file /opt/airflow/dags/weather_transform.py for tasks to queue
[2024-12-12T08:30:02.456+0000] {logging_mixin.py:150} INFO - [2024-12-12T08:30:02.456+0000] {dagbag.py:541} INFO - Filling up the DagBag from /opt/airflow/dags/weather_transform.py
[2024-12-12T08:30:03.085+0000] {processor.py:836} INFO - DAG(s) dict_keys(['weather_data_processing']) retrieved from /opt/airflow/dags/weather_transform.py
[2024-12-12T08:30:03.123+0000] {logging_mixin.py:150} INFO - [2024-12-12T08:30:03.121+0000] {dag.py:2742} INFO - Sync 1 DAGs
[2024-12-12T08:30:03.165+0000] {logging_mixin.py:150} INFO - [2024-12-12T08:30:03.164+0000] {dag.py:3508} INFO - Setting next_dagrun for weather_data_processing to None, run_after=None
[2024-12-12T08:30:03.213+0000] {processor.py:179} INFO - Processing /opt/airflow/dags/weather_transform.py took 0.762 seconds
[2024-12-12T08:30:33.705+0000] {processor.py:157} INFO - Started process (PID=1667) to work on /opt/airflow/dags/weather_transform.py
[2024-12-12T08:30:33.707+0000] {processor.py:826} INFO - Processing file /opt/airflow/dags/weather_transform.py for tasks to queue
[2024-12-12T08:30:33.709+0000] {logging_mixin.py:150} INFO - [2024-12-12T08:30:33.708+0000] {dagbag.py:541} INFO - Filling up the DagBag from /opt/airflow/dags/weather_transform.py
[2024-12-12T08:30:34.449+0000] {processor.py:836} INFO - DAG(s) dict_keys(['weather_data_processing']) retrieved from /opt/airflow/dags/weather_transform.py
[2024-12-12T08:30:34.491+0000] {logging_mixin.py:150} INFO - [2024-12-12T08:30:34.491+0000] {dag.py:2742} INFO - Sync 1 DAGs
[2024-12-12T08:30:34.525+0000] {logging_mixin.py:150} INFO - [2024-12-12T08:30:34.525+0000] {dag.py:3508} INFO - Setting next_dagrun for weather_data_processing to None, run_after=None
[2024-12-12T08:30:34.572+0000] {processor.py:179} INFO - Processing /opt/airflow/dags/weather_transform.py took 0.872 seconds
[2024-12-12T08:31:05.030+0000] {processor.py:157} INFO - Started process (PID=1886) to work on /opt/airflow/dags/weather_transform.py
[2024-12-12T08:31:05.031+0000] {processor.py:826} INFO - Processing file /opt/airflow/dags/weather_transform.py for tasks to queue
[2024-12-12T08:31:05.033+0000] {logging_mixin.py:150} INFO - [2024-12-12T08:31:05.032+0000] {dagbag.py:541} INFO - Filling up the DagBag from /opt/airflow/dags/weather_transform.py
[2024-12-12T08:31:05.812+0000] {processor.py:836} INFO - DAG(s) dict_keys(['weather_data_processing']) retrieved from /opt/airflow/dags/weather_transform.py
[2024-12-12T08:31:05.849+0000] {logging_mixin.py:150} INFO - [2024-12-12T08:31:05.848+0000] {dag.py:2742} INFO - Sync 1 DAGs
[2024-12-12T08:31:05.883+0000] {logging_mixin.py:150} INFO - [2024-12-12T08:31:05.883+0000] {dag.py:3508} INFO - Setting next_dagrun for weather_data_processing to None, run_after=None
[2024-12-12T08:31:05.935+0000] {processor.py:179} INFO - Processing /opt/airflow/dags/weather_transform.py took 0.911 seconds
[2024-12-12T08:31:36.604+0000] {processor.py:157} INFO - Started process (PID=2101) to work on /opt/airflow/dags/weather_transform.py
[2024-12-12T08:31:36.606+0000] {processor.py:826} INFO - Processing file /opt/airflow/dags/weather_transform.py for tasks to queue
[2024-12-12T08:31:36.608+0000] {logging_mixin.py:150} INFO - [2024-12-12T08:31:36.607+0000] {dagbag.py:541} INFO - Filling up the DagBag from /opt/airflow/dags/weather_transform.py
[2024-12-12T08:31:37.264+0000] {processor.py:836} INFO - DAG(s) dict_keys(['weather_data_processing']) retrieved from /opt/airflow/dags/weather_transform.py
[2024-12-12T08:31:37.301+0000] {logging_mixin.py:150} INFO - [2024-12-12T08:31:37.300+0000] {dag.py:2742} INFO - Sync 1 DAGs
[2024-12-12T08:31:37.343+0000] {logging_mixin.py:150} INFO - [2024-12-12T08:31:37.342+0000] {dag.py:3508} INFO - Setting next_dagrun for weather_data_processing to None, run_after=None
[2024-12-12T08:31:37.375+0000] {processor.py:179} INFO - Processing /opt/airflow/dags/weather_transform.py took 0.780 seconds
[2024-12-12T08:32:07.642+0000] {processor.py:157} INFO - Started process (PID=2318) to work on /opt/airflow/dags/weather_transform.py
[2024-12-12T08:32:07.644+0000] {processor.py:826} INFO - Processing file /opt/airflow/dags/weather_transform.py for tasks to queue
[2024-12-12T08:32:07.649+0000] {logging_mixin.py:150} INFO - [2024-12-12T08:32:07.648+0000] {dagbag.py:541} INFO - Filling up the DagBag from /opt/airflow/dags/weather_transform.py
[2024-12-12T08:32:08.225+0000] {processor.py:836} INFO - DAG(s) dict_keys(['weather_data_processing']) retrieved from /opt/airflow/dags/weather_transform.py
[2024-12-12T08:32:08.283+0000] {logging_mixin.py:150} INFO - [2024-12-12T08:32:08.282+0000] {dag.py:2742} INFO - Sync 1 DAGs
[2024-12-12T08:32:08.322+0000] {logging_mixin.py:150} INFO - [2024-12-12T08:32:08.322+0000] {dag.py:3508} INFO - Setting next_dagrun for weather_data_processing to None, run_after=None
[2024-12-12T08:32:08.379+0000] {processor.py:179} INFO - Processing /opt/airflow/dags/weather_transform.py took 0.745 seconds
[2024-12-12T08:32:38.704+0000] {processor.py:157} INFO - Started process (PID=2535) to work on /opt/airflow/dags/weather_transform.py
[2024-12-12T08:32:38.706+0000] {processor.py:826} INFO - Processing file /opt/airflow/dags/weather_transform.py for tasks to queue
[2024-12-12T08:32:38.707+0000] {logging_mixin.py:150} INFO - [2024-12-12T08:32:38.707+0000] {dagbag.py:541} INFO - Filling up the DagBag from /opt/airflow/dags/weather_transform.py
[2024-12-12T08:32:39.222+0000] {processor.py:836} INFO - DAG(s) dict_keys(['weather_data_processing']) retrieved from /opt/airflow/dags/weather_transform.py
[2024-12-12T08:32:39.256+0000] {logging_mixin.py:150} INFO - [2024-12-12T08:32:39.255+0000] {dag.py:2742} INFO - Sync 1 DAGs
[2024-12-12T08:32:39.297+0000] {logging_mixin.py:150} INFO - [2024-12-12T08:32:39.297+0000] {dag.py:3508} INFO - Setting next_dagrun for weather_data_processing to None, run_after=None
[2024-12-12T08:32:39.328+0000] {processor.py:179} INFO - Processing /opt/airflow/dags/weather_transform.py took 0.630 seconds
[2024-12-12T08:33:09.447+0000] {processor.py:157} INFO - Started process (PID=2777) to work on /opt/airflow/dags/weather_transform.py
[2024-12-12T08:33:09.448+0000] {processor.py:826} INFO - Processing file /opt/airflow/dags/weather_transform.py for tasks to queue
[2024-12-12T08:33:09.449+0000] {logging_mixin.py:150} INFO - [2024-12-12T08:33:09.449+0000] {dagbag.py:541} INFO - Filling up the DagBag from /opt/airflow/dags/weather_transform.py
[2024-12-12T08:33:10.072+0000] {processor.py:836} INFO - DAG(s) dict_keys(['weather_data_processing']) retrieved from /opt/airflow/dags/weather_transform.py
[2024-12-12T08:33:10.108+0000] {logging_mixin.py:150} INFO - [2024-12-12T08:33:10.108+0000] {dag.py:2742} INFO - Sync 1 DAGs
[2024-12-12T08:33:10.144+0000] {logging_mixin.py:150} INFO - [2024-12-12T08:33:10.143+0000] {dag.py:3508} INFO - Setting next_dagrun for weather_data_processing to None, run_after=None
[2024-12-12T08:33:10.183+0000] {processor.py:179} INFO - Processing /opt/airflow/dags/weather_transform.py took 0.742 seconds
[2024-12-12T08:33:40.262+0000] {processor.py:157} INFO - Started process (PID=2996) to work on /opt/airflow/dags/weather_transform.py
[2024-12-12T08:33:40.263+0000] {processor.py:826} INFO - Processing file /opt/airflow/dags/weather_transform.py for tasks to queue
[2024-12-12T08:33:40.264+0000] {logging_mixin.py:150} INFO - [2024-12-12T08:33:40.264+0000] {dagbag.py:541} INFO - Filling up the DagBag from /opt/airflow/dags/weather_transform.py
[2024-12-12T08:33:40.646+0000] {processor.py:836} INFO - DAG(s) dict_keys(['weather_data_processing']) retrieved from /opt/airflow/dags/weather_transform.py
[2024-12-12T08:33:40.676+0000] {logging_mixin.py:150} INFO - [2024-12-12T08:33:40.676+0000] {dag.py:2742} INFO - Sync 1 DAGs
[2024-12-12T08:33:40.700+0000] {logging_mixin.py:150} INFO - [2024-12-12T08:33:40.700+0000] {dag.py:3508} INFO - Setting next_dagrun for weather_data_processing to None, run_after=None
[2024-12-12T08:33:40.725+0000] {processor.py:179} INFO - Processing /opt/airflow/dags/weather_transform.py took 0.465 seconds
[2024-12-12T08:34:11.630+0000] {processor.py:157} INFO - Started process (PID=3229) to work on /opt/airflow/dags/weather_transform.py
[2024-12-12T08:34:11.632+0000] {processor.py:826} INFO - Processing file /opt/airflow/dags/weather_transform.py for tasks to queue
[2024-12-12T08:34:11.634+0000] {logging_mixin.py:150} INFO - [2024-12-12T08:34:11.634+0000] {dagbag.py:541} INFO - Filling up the DagBag from /opt/airflow/dags/weather_transform.py
[2024-12-12T08:34:12.175+0000] {processor.py:836} INFO - DAG(s) dict_keys(['weather_data_processing']) retrieved from /opt/airflow/dags/weather_transform.py
[2024-12-12T08:34:12.205+0000] {logging_mixin.py:150} INFO - [2024-12-12T08:34:12.203+0000] {dag.py:2742} INFO - Sync 1 DAGs
[2024-12-12T08:34:12.245+0000] {logging_mixin.py:150} INFO - [2024-12-12T08:34:12.245+0000] {dag.py:3508} INFO - Setting next_dagrun for weather_data_processing to None, run_after=None
[2024-12-12T08:34:12.275+0000] {processor.py:179} INFO - Processing /opt/airflow/dags/weather_transform.py took 0.651 seconds
[2024-12-12T08:34:42.368+0000] {processor.py:157} INFO - Started process (PID=3489) to work on /opt/airflow/dags/weather_transform.py
[2024-12-12T08:34:42.369+0000] {processor.py:826} INFO - Processing file /opt/airflow/dags/weather_transform.py for tasks to queue
[2024-12-12T08:34:42.371+0000] {logging_mixin.py:150} INFO - [2024-12-12T08:34:42.370+0000] {dagbag.py:541} INFO - Filling up the DagBag from /opt/airflow/dags/weather_transform.py
[2024-12-12T08:34:42.765+0000] {processor.py:836} INFO - DAG(s) dict_keys(['weather_data_processing']) retrieved from /opt/airflow/dags/weather_transform.py
[2024-12-12T08:34:42.799+0000] {logging_mixin.py:150} INFO - [2024-12-12T08:34:42.798+0000] {dag.py:2742} INFO - Sync 1 DAGs
[2024-12-12T08:34:42.834+0000] {logging_mixin.py:150} INFO - [2024-12-12T08:34:42.834+0000] {dag.py:3508} INFO - Setting next_dagrun for weather_data_processing to None, run_after=None
[2024-12-12T08:34:42.882+0000] {processor.py:179} INFO - Processing /opt/airflow/dags/weather_transform.py took 0.516 seconds
[2024-12-12T08:35:14.002+0000] {processor.py:157} INFO - Started process (PID=3704) to work on /opt/airflow/dags/weather_transform.py
[2024-12-12T08:35:14.003+0000] {processor.py:826} INFO - Processing file /opt/airflow/dags/weather_transform.py for tasks to queue
[2024-12-12T08:35:14.004+0000] {logging_mixin.py:150} INFO - [2024-12-12T08:35:14.004+0000] {dagbag.py:541} INFO - Filling up the DagBag from /opt/airflow/dags/weather_transform.py
[2024-12-12T08:35:14.497+0000] {processor.py:836} INFO - DAG(s) dict_keys(['weather_data_processing']) retrieved from /opt/airflow/dags/weather_transform.py
[2024-12-12T08:35:14.523+0000] {logging_mixin.py:150} INFO - [2024-12-12T08:35:14.523+0000] {dag.py:2742} INFO - Sync 1 DAGs
[2024-12-12T08:35:14.548+0000] {logging_mixin.py:150} INFO - [2024-12-12T08:35:14.548+0000] {dag.py:3508} INFO - Setting next_dagrun for weather_data_processing to None, run_after=None
[2024-12-12T08:35:14.572+0000] {processor.py:179} INFO - Processing /opt/airflow/dags/weather_transform.py took 0.573 seconds
[2024-12-12T08:35:45.295+0000] {processor.py:157} INFO - Started process (PID=3923) to work on /opt/airflow/dags/weather_transform.py
[2024-12-12T08:35:45.297+0000] {processor.py:826} INFO - Processing file /opt/airflow/dags/weather_transform.py for tasks to queue
[2024-12-12T08:35:45.298+0000] {logging_mixin.py:150} INFO - [2024-12-12T08:35:45.298+0000] {dagbag.py:541} INFO - Filling up the DagBag from /opt/airflow/dags/weather_transform.py
[2024-12-12T08:35:45.790+0000] {processor.py:836} INFO - DAG(s) dict_keys(['weather_data_processing']) retrieved from /opt/airflow/dags/weather_transform.py
[2024-12-12T08:35:45.849+0000] {logging_mixin.py:150} INFO - [2024-12-12T08:35:45.847+0000] {dag.py:2742} INFO - Sync 1 DAGs
[2024-12-12T08:35:45.924+0000] {logging_mixin.py:150} INFO - [2024-12-12T08:35:45.924+0000] {dag.py:3508} INFO - Setting next_dagrun for weather_data_processing to None, run_after=None
[2024-12-12T08:35:45.951+0000] {processor.py:179} INFO - Processing /opt/airflow/dags/weather_transform.py took 0.663 seconds
[2024-12-12T08:36:16.712+0000] {processor.py:157} INFO - Started process (PID=4140) to work on /opt/airflow/dags/weather_transform.py
[2024-12-12T08:36:16.715+0000] {processor.py:826} INFO - Processing file /opt/airflow/dags/weather_transform.py for tasks to queue
[2024-12-12T08:36:16.717+0000] {logging_mixin.py:150} INFO - [2024-12-12T08:36:16.716+0000] {dagbag.py:541} INFO - Filling up the DagBag from /opt/airflow/dags/weather_transform.py
[2024-12-12T08:36:17.338+0000] {processor.py:836} INFO - DAG(s) dict_keys(['weather_data_processing']) retrieved from /opt/airflow/dags/weather_transform.py
[2024-12-12T08:36:17.376+0000] {logging_mixin.py:150} INFO - [2024-12-12T08:36:17.374+0000] {dag.py:2742} INFO - Sync 1 DAGs
[2024-12-12T08:36:17.423+0000] {logging_mixin.py:150} INFO - [2024-12-12T08:36:17.423+0000] {dag.py:3508} INFO - Setting next_dagrun for weather_data_processing to None, run_after=None
[2024-12-12T08:36:17.451+0000] {processor.py:179} INFO - Processing /opt/airflow/dags/weather_transform.py took 0.747 seconds
[2024-12-12T08:36:47.754+0000] {processor.py:157} INFO - Started process (PID=4355) to work on /opt/airflow/dags/weather_transform.py
[2024-12-12T08:36:47.755+0000] {processor.py:826} INFO - Processing file /opt/airflow/dags/weather_transform.py for tasks to queue
[2024-12-12T08:36:47.757+0000] {logging_mixin.py:150} INFO - [2024-12-12T08:36:47.756+0000] {dagbag.py:541} INFO - Filling up the DagBag from /opt/airflow/dags/weather_transform.py
[2024-12-12T08:36:48.257+0000] {processor.py:836} INFO - DAG(s) dict_keys(['weather_data_processing']) retrieved from /opt/airflow/dags/weather_transform.py
[2024-12-12T08:36:48.318+0000] {logging_mixin.py:150} INFO - [2024-12-12T08:36:48.317+0000] {dag.py:2742} INFO - Sync 1 DAGs
[2024-12-12T08:36:48.356+0000] {logging_mixin.py:150} INFO - [2024-12-12T08:36:48.355+0000] {dag.py:3508} INFO - Setting next_dagrun for weather_data_processing to None, run_after=None
[2024-12-12T08:36:48.387+0000] {processor.py:179} INFO - Processing /opt/airflow/dags/weather_transform.py took 0.635 seconds
[2024-12-12T08:37:19.101+0000] {processor.py:157} INFO - Started process (PID=4577) to work on /opt/airflow/dags/weather_transform.py
[2024-12-12T08:37:19.103+0000] {processor.py:826} INFO - Processing file /opt/airflow/dags/weather_transform.py for tasks to queue
[2024-12-12T08:37:19.105+0000] {logging_mixin.py:150} INFO - [2024-12-12T08:37:19.104+0000] {dagbag.py:541} INFO - Filling up the DagBag from /opt/airflow/dags/weather_transform.py
[2024-12-12T08:37:19.856+0000] {processor.py:836} INFO - DAG(s) dict_keys(['weather_data_processing']) retrieved from /opt/airflow/dags/weather_transform.py
[2024-12-12T08:37:19.898+0000] {logging_mixin.py:150} INFO - [2024-12-12T08:37:19.897+0000] {dag.py:2742} INFO - Sync 1 DAGs
[2024-12-12T08:37:19.935+0000] {logging_mixin.py:150} INFO - [2024-12-12T08:37:19.935+0000] {dag.py:3508} INFO - Setting next_dagrun for weather_data_processing to None, run_after=None
[2024-12-12T08:37:19.969+0000] {processor.py:179} INFO - Processing /opt/airflow/dags/weather_transform.py took 0.875 seconds
[2024-12-12T08:37:50.263+0000] {processor.py:157} INFO - Started process (PID=4807) to work on /opt/airflow/dags/weather_transform.py
[2024-12-12T08:37:50.265+0000] {processor.py:826} INFO - Processing file /opt/airflow/dags/weather_transform.py for tasks to queue
[2024-12-12T08:37:50.266+0000] {logging_mixin.py:150} INFO - [2024-12-12T08:37:50.266+0000] {dagbag.py:541} INFO - Filling up the DagBag from /opt/airflow/dags/weather_transform.py
[2024-12-12T08:37:50.844+0000] {processor.py:836} INFO - DAG(s) dict_keys(['weather_data_processing']) retrieved from /opt/airflow/dags/weather_transform.py
[2024-12-12T08:37:50.885+0000] {logging_mixin.py:150} INFO - [2024-12-12T08:37:50.884+0000] {dag.py:2742} INFO - Sync 1 DAGs
[2024-12-12T08:37:50.930+0000] {logging_mixin.py:150} INFO - [2024-12-12T08:37:50.929+0000] {dag.py:3508} INFO - Setting next_dagrun for weather_data_processing to None, run_after=None
[2024-12-12T08:37:50.957+0000] {processor.py:179} INFO - Processing /opt/airflow/dags/weather_transform.py took 0.698 seconds
[2024-12-12T08:38:41.317+0000] {processor.py:157} INFO - Started process (PID=321) to work on /opt/airflow/dags/weather_transform.py
[2024-12-12T08:38:41.319+0000] {processor.py:826} INFO - Processing file /opt/airflow/dags/weather_transform.py for tasks to queue
[2024-12-12T08:38:41.320+0000] {logging_mixin.py:150} INFO - [2024-12-12T08:38:41.320+0000] {dagbag.py:541} INFO - Filling up the DagBag from /opt/airflow/dags/weather_transform.py
[2024-12-12T08:38:42.019+0000] {processor.py:836} INFO - DAG(s) dict_keys(['weather_data_processing']) retrieved from /opt/airflow/dags/weather_transform.py
[2024-12-12T08:38:42.043+0000] {logging_mixin.py:150} INFO - [2024-12-12T08:38:42.043+0000] {dag.py:2742} INFO - Sync 1 DAGs
[2024-12-12T08:38:42.075+0000] {logging_mixin.py:150} INFO - [2024-12-12T08:38:42.075+0000] {dag.py:3508} INFO - Setting next_dagrun for weather_data_processing to None, run_after=None
[2024-12-12T08:38:42.103+0000] {processor.py:179} INFO - Processing /opt/airflow/dags/weather_transform.py took 0.791 seconds
[2024-12-12T08:39:12.458+0000] {processor.py:157} INFO - Started process (PID=558) to work on /opt/airflow/dags/weather_transform.py
[2024-12-12T08:39:12.459+0000] {processor.py:826} INFO - Processing file /opt/airflow/dags/weather_transform.py for tasks to queue
[2024-12-12T08:39:12.461+0000] {logging_mixin.py:150} INFO - [2024-12-12T08:39:12.460+0000] {dagbag.py:541} INFO - Filling up the DagBag from /opt/airflow/dags/weather_transform.py
[2024-12-12T08:39:13.472+0000] {processor.py:836} INFO - DAG(s) dict_keys(['weather_data_processing']) retrieved from /opt/airflow/dags/weather_transform.py
[2024-12-12T08:39:13.527+0000] {logging_mixin.py:150} INFO - [2024-12-12T08:39:13.526+0000] {dag.py:2742} INFO - Sync 1 DAGs
[2024-12-12T08:39:13.576+0000] {logging_mixin.py:150} INFO - [2024-12-12T08:39:13.576+0000] {dag.py:3508} INFO - Setting next_dagrun for weather_data_processing to None, run_after=None
[2024-12-12T08:39:13.629+0000] {processor.py:179} INFO - Processing /opt/airflow/dags/weather_transform.py took 1.174 seconds
[2024-12-12T08:39:44.270+0000] {processor.py:157} INFO - Started process (PID=883) to work on /opt/airflow/dags/weather_transform.py
[2024-12-12T08:39:44.271+0000] {processor.py:826} INFO - Processing file /opt/airflow/dags/weather_transform.py for tasks to queue
[2024-12-12T08:39:44.272+0000] {logging_mixin.py:150} INFO - [2024-12-12T08:39:44.272+0000] {dagbag.py:541} INFO - Filling up the DagBag from /opt/airflow/dags/weather_transform.py
[2024-12-12T08:39:44.934+0000] {processor.py:836} INFO - DAG(s) dict_keys(['weather_data_processing']) retrieved from /opt/airflow/dags/weather_transform.py
[2024-12-12T08:39:44.975+0000] {logging_mixin.py:150} INFO - [2024-12-12T08:39:44.974+0000] {dag.py:2742} INFO - Sync 1 DAGs
[2024-12-12T08:39:45.000+0000] {logging_mixin.py:150} INFO - [2024-12-12T08:39:45.000+0000] {dag.py:3508} INFO - Setting next_dagrun for weather_data_processing to None, run_after=None
[2024-12-12T08:39:45.029+0000] {processor.py:179} INFO - Processing /opt/airflow/dags/weather_transform.py took 0.762 seconds
[2024-12-12T08:40:15.129+0000] {processor.py:157} INFO - Started process (PID=1100) to work on /opt/airflow/dags/weather_transform.py
[2024-12-12T08:40:15.132+0000] {processor.py:826} INFO - Processing file /opt/airflow/dags/weather_transform.py for tasks to queue
[2024-12-12T08:40:15.137+0000] {logging_mixin.py:150} INFO - [2024-12-12T08:40:15.136+0000] {dagbag.py:541} INFO - Filling up the DagBag from /opt/airflow/dags/weather_transform.py
[2024-12-12T08:40:16.140+0000] {processor.py:836} INFO - DAG(s) dict_keys(['weather_data_processing']) retrieved from /opt/airflow/dags/weather_transform.py
[2024-12-12T08:40:16.191+0000] {logging_mixin.py:150} INFO - [2024-12-12T08:40:16.191+0000] {dag.py:2742} INFO - Sync 1 DAGs
[2024-12-12T08:40:16.247+0000] {logging_mixin.py:150} INFO - [2024-12-12T08:40:16.247+0000] {dag.py:3508} INFO - Setting next_dagrun for weather_data_processing to None, run_after=None
[2024-12-12T08:40:16.285+0000] {processor.py:179} INFO - Processing /opt/airflow/dags/weather_transform.py took 1.166 seconds
[2024-12-12T08:41:08.151+0000] {processor.py:157} INFO - Started process (PID=321) to work on /opt/airflow/dags/weather_transform.py
[2024-12-12T08:41:08.153+0000] {processor.py:826} INFO - Processing file /opt/airflow/dags/weather_transform.py for tasks to queue
[2024-12-12T08:41:08.155+0000] {logging_mixin.py:150} INFO - [2024-12-12T08:41:08.155+0000] {dagbag.py:541} INFO - Filling up the DagBag from /opt/airflow/dags/weather_transform.py
[2024-12-12T08:41:09.034+0000] {processor.py:836} INFO - DAG(s) dict_keys(['weather_data_processing']) retrieved from /opt/airflow/dags/weather_transform.py
[2024-12-12T08:41:09.050+0000] {logging_mixin.py:150} INFO - [2024-12-12T08:41:09.049+0000] {dag.py:2742} INFO - Sync 1 DAGs
[2024-12-12T08:41:09.085+0000] {logging_mixin.py:150} INFO - [2024-12-12T08:41:09.085+0000] {dag.py:3508} INFO - Setting next_dagrun for weather_data_processing to None, run_after=None
[2024-12-12T08:41:09.109+0000] {processor.py:179} INFO - Processing /opt/airflow/dags/weather_transform.py took 0.965 seconds
[2024-12-12T08:41:39.368+0000] {processor.py:157} INFO - Started process (PID=559) to work on /opt/airflow/dags/weather_transform.py
[2024-12-12T08:41:39.370+0000] {processor.py:826} INFO - Processing file /opt/airflow/dags/weather_transform.py for tasks to queue
[2024-12-12T08:41:39.371+0000] {logging_mixin.py:150} INFO - [2024-12-12T08:41:39.371+0000] {dagbag.py:541} INFO - Filling up the DagBag from /opt/airflow/dags/weather_transform.py
[2024-12-12T08:41:39.967+0000] {processor.py:836} INFO - DAG(s) dict_keys(['weather_data_processing']) retrieved from /opt/airflow/dags/weather_transform.py
[2024-12-12T08:41:40.005+0000] {logging_mixin.py:150} INFO - [2024-12-12T08:41:40.004+0000] {dag.py:2742} INFO - Sync 1 DAGs
[2024-12-12T08:41:40.037+0000] {logging_mixin.py:150} INFO - [2024-12-12T08:41:40.037+0000] {dag.py:3508} INFO - Setting next_dagrun for weather_data_processing to None, run_after=None
[2024-12-12T08:41:40.086+0000] {processor.py:179} INFO - Processing /opt/airflow/dags/weather_transform.py took 0.726 seconds
[2024-12-12T08:42:10.402+0000] {processor.py:157} INFO - Started process (PID=776) to work on /opt/airflow/dags/weather_transform.py
[2024-12-12T08:42:10.403+0000] {processor.py:826} INFO - Processing file /opt/airflow/dags/weather_transform.py for tasks to queue
[2024-12-12T08:42:10.405+0000] {logging_mixin.py:150} INFO - [2024-12-12T08:42:10.404+0000] {dagbag.py:541} INFO - Filling up the DagBag from /opt/airflow/dags/weather_transform.py
[2024-12-12T08:42:11.056+0000] {processor.py:836} INFO - DAG(s) dict_keys(['weather_data_processing']) retrieved from /opt/airflow/dags/weather_transform.py
[2024-12-12T08:42:11.096+0000] {logging_mixin.py:150} INFO - [2024-12-12T08:42:11.095+0000] {dag.py:2742} INFO - Sync 1 DAGs
[2024-12-12T08:42:11.126+0000] {logging_mixin.py:150} INFO - [2024-12-12T08:42:11.126+0000] {dag.py:3508} INFO - Setting next_dagrun for weather_data_processing to None, run_after=None
[2024-12-12T08:42:11.153+0000] {processor.py:179} INFO - Processing /opt/airflow/dags/weather_transform.py took 0.758 seconds
[2024-12-12T08:42:41.238+0000] {processor.py:157} INFO - Started process (PID=966) to work on /opt/airflow/dags/weather_transform.py
[2024-12-12T08:42:41.239+0000] {processor.py:826} INFO - Processing file /opt/airflow/dags/weather_transform.py for tasks to queue
[2024-12-12T08:42:41.240+0000] {logging_mixin.py:150} INFO - [2024-12-12T08:42:41.239+0000] {dagbag.py:541} INFO - Filling up the DagBag from /opt/airflow/dags/weather_transform.py
[2024-12-12T08:42:41.867+0000] {processor.py:836} INFO - DAG(s) dict_keys(['weather_data_processing']) retrieved from /opt/airflow/dags/weather_transform.py
[2024-12-12T08:42:41.897+0000] {logging_mixin.py:150} INFO - [2024-12-12T08:42:41.896+0000] {dag.py:2742} INFO - Sync 1 DAGs
[2024-12-12T08:42:41.925+0000] {logging_mixin.py:150} INFO - [2024-12-12T08:42:41.925+0000] {dag.py:3508} INFO - Setting next_dagrun for weather_data_processing to None, run_after=None
[2024-12-12T08:42:41.954+0000] {processor.py:179} INFO - Processing /opt/airflow/dags/weather_transform.py took 0.719 seconds
[2024-12-12T08:43:12.213+0000] {processor.py:157} INFO - Started process (PID=1184) to work on /opt/airflow/dags/weather_transform.py
[2024-12-12T08:43:12.222+0000] {processor.py:826} INFO - Processing file /opt/airflow/dags/weather_transform.py for tasks to queue
[2024-12-12T08:43:12.224+0000] {logging_mixin.py:150} INFO - [2024-12-12T08:43:12.223+0000] {dagbag.py:541} INFO - Filling up the DagBag from /opt/airflow/dags/weather_transform.py
[2024-12-12T08:43:13.131+0000] {processor.py:836} INFO - DAG(s) dict_keys(['weather_data_processing']) retrieved from /opt/airflow/dags/weather_transform.py
[2024-12-12T08:43:13.175+0000] {logging_mixin.py:150} INFO - [2024-12-12T08:43:13.174+0000] {dag.py:2742} INFO - Sync 1 DAGs
[2024-12-12T08:43:13.220+0000] {logging_mixin.py:150} INFO - [2024-12-12T08:43:13.219+0000] {dag.py:3508} INFO - Setting next_dagrun for weather_data_processing to None, run_after=None
[2024-12-12T08:43:13.261+0000] {processor.py:179} INFO - Processing /opt/airflow/dags/weather_transform.py took 1.056 seconds
[2024-12-12T08:43:43.697+0000] {processor.py:157} INFO - Started process (PID=1400) to work on /opt/airflow/dags/weather_transform.py
[2024-12-12T08:43:43.698+0000] {processor.py:826} INFO - Processing file /opt/airflow/dags/weather_transform.py for tasks to queue
[2024-12-12T08:43:43.699+0000] {logging_mixin.py:150} INFO - [2024-12-12T08:43:43.699+0000] {dagbag.py:541} INFO - Filling up the DagBag from /opt/airflow/dags/weather_transform.py
[2024-12-12T08:43:44.205+0000] {processor.py:836} INFO - DAG(s) dict_keys(['weather_data_processing']) retrieved from /opt/airflow/dags/weather_transform.py
[2024-12-12T08:43:44.227+0000] {logging_mixin.py:150} INFO - [2024-12-12T08:43:44.227+0000] {dag.py:2742} INFO - Sync 1 DAGs
[2024-12-12T08:43:44.252+0000] {logging_mixin.py:150} INFO - [2024-12-12T08:43:44.252+0000] {dag.py:3508} INFO - Setting next_dagrun for weather_data_processing to None, run_after=None
[2024-12-12T08:43:44.276+0000] {processor.py:179} INFO - Processing /opt/airflow/dags/weather_transform.py took 0.583 seconds
[2024-12-12T08:44:14.812+0000] {processor.py:157} INFO - Started process (PID=1617) to work on /opt/airflow/dags/weather_transform.py
[2024-12-12T08:44:14.813+0000] {processor.py:826} INFO - Processing file /opt/airflow/dags/weather_transform.py for tasks to queue
[2024-12-12T08:44:14.815+0000] {logging_mixin.py:150} INFO - [2024-12-12T08:44:14.814+0000] {dagbag.py:541} INFO - Filling up the DagBag from /opt/airflow/dags/weather_transform.py
[2024-12-12T08:44:15.574+0000] {processor.py:836} INFO - DAG(s) dict_keys(['weather_data_processing']) retrieved from /opt/airflow/dags/weather_transform.py
[2024-12-12T08:44:15.615+0000] {logging_mixin.py:150} INFO - [2024-12-12T08:44:15.614+0000] {dag.py:2742} INFO - Sync 1 DAGs
[2024-12-12T08:44:15.650+0000] {logging_mixin.py:150} INFO - [2024-12-12T08:44:15.649+0000] {dag.py:3508} INFO - Setting next_dagrun for weather_data_processing to None, run_after=None
[2024-12-12T08:44:15.680+0000] {processor.py:179} INFO - Processing /opt/airflow/dags/weather_transform.py took 0.872 seconds
[2024-12-12T08:44:46.714+0000] {processor.py:157} INFO - Started process (PID=1886) to work on /opt/airflow/dags/weather_transform.py
[2024-12-12T08:44:46.716+0000] {processor.py:826} INFO - Processing file /opt/airflow/dags/weather_transform.py for tasks to queue
[2024-12-12T08:44:46.719+0000] {logging_mixin.py:150} INFO - [2024-12-12T08:44:46.718+0000] {dagbag.py:541} INFO - Filling up the DagBag from /opt/airflow/dags/weather_transform.py
[2024-12-12T08:44:47.371+0000] {processor.py:836} INFO - DAG(s) dict_keys(['weather_data_processing']) retrieved from /opt/airflow/dags/weather_transform.py
[2024-12-12T08:44:47.402+0000] {logging_mixin.py:150} INFO - [2024-12-12T08:44:47.401+0000] {dag.py:2742} INFO - Sync 1 DAGs
[2024-12-12T08:44:47.431+0000] {logging_mixin.py:150} INFO - [2024-12-12T08:44:47.431+0000] {dag.py:3508} INFO - Setting next_dagrun for weather_data_processing to None, run_after=None
[2024-12-12T08:44:47.464+0000] {processor.py:179} INFO - Processing /opt/airflow/dags/weather_transform.py took 0.753 seconds
[2024-12-12T08:45:18.173+0000] {processor.py:157} INFO - Started process (PID=2103) to work on /opt/airflow/dags/weather_transform.py
[2024-12-12T08:45:18.175+0000] {processor.py:826} INFO - Processing file /opt/airflow/dags/weather_transform.py for tasks to queue
[2024-12-12T08:45:18.176+0000] {logging_mixin.py:150} INFO - [2024-12-12T08:45:18.176+0000] {dagbag.py:541} INFO - Filling up the DagBag from /opt/airflow/dags/weather_transform.py
[2024-12-12T08:45:18.607+0000] {processor.py:836} INFO - DAG(s) dict_keys(['weather_data_processing']) retrieved from /opt/airflow/dags/weather_transform.py
[2024-12-12T08:45:18.647+0000] {logging_mixin.py:150} INFO - [2024-12-12T08:45:18.646+0000] {dag.py:2742} INFO - Sync 1 DAGs
[2024-12-12T08:45:18.675+0000] {logging_mixin.py:150} INFO - [2024-12-12T08:45:18.674+0000] {dag.py:3508} INFO - Setting next_dagrun for weather_data_processing to None, run_after=None
[2024-12-12T08:45:18.694+0000] {processor.py:179} INFO - Processing /opt/airflow/dags/weather_transform.py took 0.527 seconds
[2024-12-12T08:45:49.204+0000] {processor.py:157} INFO - Started process (PID=2320) to work on /opt/airflow/dags/weather_transform.py
[2024-12-12T08:45:49.206+0000] {processor.py:826} INFO - Processing file /opt/airflow/dags/weather_transform.py for tasks to queue
[2024-12-12T08:45:49.207+0000] {logging_mixin.py:150} INFO - [2024-12-12T08:45:49.207+0000] {dagbag.py:541} INFO - Filling up the DagBag from /opt/airflow/dags/weather_transform.py
[2024-12-12T08:45:49.928+0000] {processor.py:836} INFO - DAG(s) dict_keys(['weather_data_processing']) retrieved from /opt/airflow/dags/weather_transform.py
[2024-12-12T08:45:49.994+0000] {logging_mixin.py:150} INFO - [2024-12-12T08:45:49.993+0000] {dag.py:2742} INFO - Sync 1 DAGs
[2024-12-12T08:45:50.039+0000] {logging_mixin.py:150} INFO - [2024-12-12T08:45:50.039+0000] {dag.py:3508} INFO - Setting next_dagrun for weather_data_processing to None, run_after=None
[2024-12-12T08:45:50.071+0000] {processor.py:179} INFO - Processing /opt/airflow/dags/weather_transform.py took 0.873 seconds
[2024-12-12T08:46:20.335+0000] {processor.py:157} INFO - Started process (PID=2537) to work on /opt/airflow/dags/weather_transform.py
[2024-12-12T08:46:20.337+0000] {processor.py:826} INFO - Processing file /opt/airflow/dags/weather_transform.py for tasks to queue
[2024-12-12T08:46:20.339+0000] {logging_mixin.py:150} INFO - [2024-12-12T08:46:20.338+0000] {dagbag.py:541} INFO - Filling up the DagBag from /opt/airflow/dags/weather_transform.py
[2024-12-12T08:46:20.949+0000] {processor.py:836} INFO - DAG(s) dict_keys(['weather_data_processing']) retrieved from /opt/airflow/dags/weather_transform.py
[2024-12-12T08:46:20.989+0000] {logging_mixin.py:150} INFO - [2024-12-12T08:46:20.988+0000] {dag.py:2742} INFO - Sync 1 DAGs
[2024-12-12T08:46:21.024+0000] {logging_mixin.py:150} INFO - [2024-12-12T08:46:21.024+0000] {dag.py:3508} INFO - Setting next_dagrun for weather_data_processing to None, run_after=None
[2024-12-12T08:46:21.056+0000] {processor.py:179} INFO - Processing /opt/airflow/dags/weather_transform.py took 0.724 seconds
[2024-12-12T08:46:51.415+0000] {processor.py:157} INFO - Started process (PID=2781) to work on /opt/airflow/dags/weather_transform.py
[2024-12-12T08:46:51.417+0000] {processor.py:826} INFO - Processing file /opt/airflow/dags/weather_transform.py for tasks to queue
[2024-12-12T08:46:51.419+0000] {logging_mixin.py:150} INFO - [2024-12-12T08:46:51.419+0000] {dagbag.py:541} INFO - Filling up the DagBag from /opt/airflow/dags/weather_transform.py
[2024-12-12T08:46:51.930+0000] {processor.py:836} INFO - DAG(s) dict_keys(['weather_data_processing']) retrieved from /opt/airflow/dags/weather_transform.py
[2024-12-12T08:46:51.974+0000] {logging_mixin.py:150} INFO - [2024-12-12T08:46:51.973+0000] {dag.py:2742} INFO - Sync 1 DAGs
[2024-12-12T08:46:52.008+0000] {logging_mixin.py:150} INFO - [2024-12-12T08:46:52.008+0000] {dag.py:3508} INFO - Setting next_dagrun for weather_data_processing to None, run_after=None
[2024-12-12T08:46:52.044+0000] {processor.py:179} INFO - Processing /opt/airflow/dags/weather_transform.py took 0.634 seconds
[2024-12-12T08:47:22.401+0000] {processor.py:157} INFO - Started process (PID=3000) to work on /opt/airflow/dags/weather_transform.py
[2024-12-12T08:47:22.403+0000] {processor.py:826} INFO - Processing file /opt/airflow/dags/weather_transform.py for tasks to queue
[2024-12-12T08:47:22.404+0000] {logging_mixin.py:150} INFO - [2024-12-12T08:47:22.404+0000] {dagbag.py:541} INFO - Filling up the DagBag from /opt/airflow/dags/weather_transform.py
[2024-12-12T08:47:22.876+0000] {processor.py:836} INFO - DAG(s) dict_keys(['weather_data_processing']) retrieved from /opt/airflow/dags/weather_transform.py
[2024-12-12T08:47:22.930+0000] {logging_mixin.py:150} INFO - [2024-12-12T08:47:22.929+0000] {dag.py:2742} INFO - Sync 1 DAGs
[2024-12-12T08:47:22.993+0000] {logging_mixin.py:150} INFO - [2024-12-12T08:47:22.992+0000] {dag.py:3508} INFO - Setting next_dagrun for weather_data_processing to None, run_after=None
[2024-12-12T08:47:23.018+0000] {processor.py:179} INFO - Processing /opt/airflow/dags/weather_transform.py took 0.621 seconds
[2024-12-12T08:47:53.793+0000] {processor.py:157} INFO - Started process (PID=3254) to work on /opt/airflow/dags/weather_transform.py
[2024-12-12T08:47:53.794+0000] {processor.py:826} INFO - Processing file /opt/airflow/dags/weather_transform.py for tasks to queue
[2024-12-12T08:47:53.795+0000] {logging_mixin.py:150} INFO - [2024-12-12T08:47:53.795+0000] {dagbag.py:541} INFO - Filling up the DagBag from /opt/airflow/dags/weather_transform.py
[2024-12-12T08:47:54.331+0000] {processor.py:836} INFO - DAG(s) dict_keys(['weather_data_processing']) retrieved from /opt/airflow/dags/weather_transform.py
[2024-12-12T08:47:54.370+0000] {logging_mixin.py:150} INFO - [2024-12-12T08:47:54.369+0000] {dag.py:2742} INFO - Sync 1 DAGs
[2024-12-12T08:47:54.403+0000] {logging_mixin.py:150} INFO - [2024-12-12T08:47:54.402+0000] {dag.py:3508} INFO - Setting next_dagrun for weather_data_processing to None, run_after=None
[2024-12-12T08:47:54.438+0000] {processor.py:179} INFO - Processing /opt/airflow/dags/weather_transform.py took 0.649 seconds
[2024-12-12T08:48:25.174+0000] {processor.py:157} INFO - Started process (PID=3471) to work on /opt/airflow/dags/weather_transform.py
[2024-12-12T08:48:25.175+0000] {processor.py:826} INFO - Processing file /opt/airflow/dags/weather_transform.py for tasks to queue
[2024-12-12T08:48:25.178+0000] {logging_mixin.py:150} INFO - [2024-12-12T08:48:25.178+0000] {dagbag.py:541} INFO - Filling up the DagBag from /opt/airflow/dags/weather_transform.py
[2024-12-12T08:48:25.811+0000] {processor.py:836} INFO - DAG(s) dict_keys(['weather_data_processing']) retrieved from /opt/airflow/dags/weather_transform.py
[2024-12-12T08:48:25.851+0000] {logging_mixin.py:150} INFO - [2024-12-12T08:48:25.851+0000] {dag.py:2742} INFO - Sync 1 DAGs
[2024-12-12T08:48:25.891+0000] {logging_mixin.py:150} INFO - [2024-12-12T08:48:25.890+0000] {dag.py:3508} INFO - Setting next_dagrun for weather_data_processing to None, run_after=None
[2024-12-12T08:48:25.925+0000] {processor.py:179} INFO - Processing /opt/airflow/dags/weather_transform.py took 0.757 seconds
[2024-12-12T08:48:56.571+0000] {processor.py:157} INFO - Started process (PID=3688) to work on /opt/airflow/dags/weather_transform.py
[2024-12-12T08:48:56.572+0000] {processor.py:826} INFO - Processing file /opt/airflow/dags/weather_transform.py for tasks to queue
[2024-12-12T08:48:56.573+0000] {logging_mixin.py:150} INFO - [2024-12-12T08:48:56.573+0000] {dagbag.py:541} INFO - Filling up the DagBag from /opt/airflow/dags/weather_transform.py
[2024-12-12T08:48:57.032+0000] {processor.py:836} INFO - DAG(s) dict_keys(['weather_data_processing']) retrieved from /opt/airflow/dags/weather_transform.py
[2024-12-12T08:48:57.063+0000] {logging_mixin.py:150} INFO - [2024-12-12T08:48:57.063+0000] {dag.py:2742} INFO - Sync 1 DAGs
[2024-12-12T08:48:57.097+0000] {logging_mixin.py:150} INFO - [2024-12-12T08:48:57.097+0000] {dag.py:3508} INFO - Setting next_dagrun for weather_data_processing to None, run_after=None
[2024-12-12T08:48:57.130+0000] {processor.py:179} INFO - Processing /opt/airflow/dags/weather_transform.py took 0.563 seconds
[2024-12-12T08:49:27.992+0000] {processor.py:157} INFO - Started process (PID=3907) to work on /opt/airflow/dags/weather_transform.py
[2024-12-12T08:49:27.993+0000] {processor.py:826} INFO - Processing file /opt/airflow/dags/weather_transform.py for tasks to queue
[2024-12-12T08:49:27.995+0000] {logging_mixin.py:150} INFO - [2024-12-12T08:49:27.994+0000] {dagbag.py:541} INFO - Filling up the DagBag from /opt/airflow/dags/weather_transform.py
[2024-12-12T08:49:28.421+0000] {processor.py:836} INFO - DAG(s) dict_keys(['weather_data_processing']) retrieved from /opt/airflow/dags/weather_transform.py
[2024-12-12T08:49:28.455+0000] {logging_mixin.py:150} INFO - [2024-12-12T08:49:28.454+0000] {dag.py:2742} INFO - Sync 1 DAGs
[2024-12-12T08:49:28.489+0000] {logging_mixin.py:150} INFO - [2024-12-12T08:49:28.489+0000] {dag.py:3508} INFO - Setting next_dagrun for weather_data_processing to None, run_after=None
[2024-12-12T08:49:28.566+0000] {processor.py:179} INFO - Processing /opt/airflow/dags/weather_transform.py took 0.577 seconds
[2024-12-12T08:49:58.715+0000] {processor.py:157} INFO - Started process (PID=4122) to work on /opt/airflow/dags/weather_transform.py
[2024-12-12T08:49:58.716+0000] {processor.py:826} INFO - Processing file /opt/airflow/dags/weather_transform.py for tasks to queue
[2024-12-12T08:49:58.717+0000] {logging_mixin.py:150} INFO - [2024-12-12T08:49:58.717+0000] {dagbag.py:541} INFO - Filling up the DagBag from /opt/airflow/dags/weather_transform.py
[2024-12-12T08:49:59.147+0000] {processor.py:836} INFO - DAG(s) dict_keys(['weather_data_processing']) retrieved from /opt/airflow/dags/weather_transform.py
[2024-12-12T08:49:59.191+0000] {logging_mixin.py:150} INFO - [2024-12-12T08:49:59.191+0000] {dag.py:2742} INFO - Sync 1 DAGs
[2024-12-12T08:49:59.217+0000] {logging_mixin.py:150} INFO - [2024-12-12T08:49:59.217+0000] {dag.py:3508} INFO - Setting next_dagrun for weather_data_processing to None, run_after=None
[2024-12-12T08:49:59.308+0000] {processor.py:179} INFO - Processing /opt/airflow/dags/weather_transform.py took 0.596 seconds
[2024-12-12T08:50:29.661+0000] {processor.py:157} INFO - Started process (PID=4341) to work on /opt/airflow/dags/weather_transform.py
[2024-12-12T08:50:29.662+0000] {processor.py:826} INFO - Processing file /opt/airflow/dags/weather_transform.py for tasks to queue
[2024-12-12T08:50:29.663+0000] {logging_mixin.py:150} INFO - [2024-12-12T08:50:29.663+0000] {dagbag.py:541} INFO - Filling up the DagBag from /opt/airflow/dags/weather_transform.py
[2024-12-12T08:50:30.045+0000] {processor.py:836} INFO - DAG(s) dict_keys(['weather_data_processing']) retrieved from /opt/airflow/dags/weather_transform.py
[2024-12-12T08:50:30.079+0000] {logging_mixin.py:150} INFO - [2024-12-12T08:50:30.078+0000] {dag.py:2742} INFO - Sync 1 DAGs
[2024-12-12T08:50:30.106+0000] {logging_mixin.py:150} INFO - [2024-12-12T08:50:30.106+0000] {dag.py:3508} INFO - Setting next_dagrun for weather_data_processing to None, run_after=None
[2024-12-12T08:50:30.143+0000] {processor.py:179} INFO - Processing /opt/airflow/dags/weather_transform.py took 0.485 seconds
[2024-12-12T08:51:00.965+0000] {processor.py:157} INFO - Started process (PID=4556) to work on /opt/airflow/dags/weather_transform.py
[2024-12-12T08:51:00.966+0000] {processor.py:826} INFO - Processing file /opt/airflow/dags/weather_transform.py for tasks to queue
[2024-12-12T08:51:00.968+0000] {logging_mixin.py:150} INFO - [2024-12-12T08:51:00.967+0000] {dagbag.py:541} INFO - Filling up the DagBag from /opt/airflow/dags/weather_transform.py
[2024-12-12T08:51:01.499+0000] {processor.py:836} INFO - DAG(s) dict_keys(['weather_data_processing']) retrieved from /opt/airflow/dags/weather_transform.py
[2024-12-12T08:51:01.544+0000] {logging_mixin.py:150} INFO - [2024-12-12T08:51:01.543+0000] {dag.py:2742} INFO - Sync 1 DAGs
[2024-12-12T08:51:01.593+0000] {logging_mixin.py:150} INFO - [2024-12-12T08:51:01.593+0000] {dag.py:3508} INFO - Setting next_dagrun for weather_data_processing to None, run_after=None
[2024-12-12T08:51:01.617+0000] {processor.py:179} INFO - Processing /opt/airflow/dags/weather_transform.py took 0.658 seconds
[2024-12-12T08:51:32.195+0000] {processor.py:157} INFO - Started process (PID=4773) to work on /opt/airflow/dags/weather_transform.py
[2024-12-12T08:51:32.196+0000] {processor.py:826} INFO - Processing file /opt/airflow/dags/weather_transform.py for tasks to queue
[2024-12-12T08:51:32.198+0000] {logging_mixin.py:150} INFO - [2024-12-12T08:51:32.198+0000] {dagbag.py:541} INFO - Filling up the DagBag from /opt/airflow/dags/weather_transform.py
[2024-12-12T08:51:32.816+0000] {processor.py:836} INFO - DAG(s) dict_keys(['weather_data_processing']) retrieved from /opt/airflow/dags/weather_transform.py
[2024-12-12T08:51:32.865+0000] {logging_mixin.py:150} INFO - [2024-12-12T08:51:32.865+0000] {dag.py:2742} INFO - Sync 1 DAGs
[2024-12-12T08:51:32.904+0000] {logging_mixin.py:150} INFO - [2024-12-12T08:51:32.903+0000] {dag.py:3508} INFO - Setting next_dagrun for weather_data_processing to None, run_after=None
[2024-12-12T08:51:32.937+0000] {processor.py:179} INFO - Processing /opt/airflow/dags/weather_transform.py took 0.748 seconds
