[2024-12-10T08:39:47.363+0000] {processor.py:157} INFO - Started process (PID=232) to work on /opt/airflow/dags/verify_duckdb.py
[2024-12-10T08:39:47.368+0000] {processor.py:826} INFO - Processing file /opt/airflow/dags/verify_duckdb.py for tasks to queue
[2024-12-10T08:39:47.371+0000] {logging_mixin.py:150} INFO - [2024-12-10T08:39:47.370+0000] {dagbag.py:541} INFO - Filling up the DagBag from /opt/airflow/dags/verify_duckdb.py
[2024-12-10T08:39:47.592+0000] {processor.py:836} INFO - DAG(s) dict_keys(['verify_duckdb']) retrieved from /opt/airflow/dags/verify_duckdb.py
[2024-12-10T08:39:47.677+0000] {logging_mixin.py:150} INFO - [2024-12-10T08:39:47.677+0000] {dag.py:2742} INFO - Sync 1 DAGs
[2024-12-10T08:39:47.732+0000] {logging_mixin.py:150} INFO - [2024-12-10T08:39:47.732+0000] {dag.py:3508} INFO - Setting next_dagrun for verify_duckdb to None, run_after=None
[2024-12-10T08:39:47.767+0000] {processor.py:179} INFO - Processing /opt/airflow/dags/verify_duckdb.py took 0.422 seconds
[2024-12-10T08:40:18.512+0000] {processor.py:157} INFO - Started process (PID=365) to work on /opt/airflow/dags/verify_duckdb.py
[2024-12-10T08:40:18.513+0000] {processor.py:826} INFO - Processing file /opt/airflow/dags/verify_duckdb.py for tasks to queue
[2024-12-10T08:40:18.514+0000] {logging_mixin.py:150} INFO - [2024-12-10T08:40:18.514+0000] {dagbag.py:541} INFO - Filling up the DagBag from /opt/airflow/dags/verify_duckdb.py
[2024-12-10T08:40:18.643+0000] {processor.py:836} INFO - DAG(s) dict_keys(['verify_duckdb']) retrieved from /opt/airflow/dags/verify_duckdb.py
[2024-12-10T08:40:18.722+0000] {logging_mixin.py:150} INFO - [2024-12-10T08:40:18.722+0000] {dag.py:2742} INFO - Sync 1 DAGs
[2024-12-10T08:40:18.769+0000] {logging_mixin.py:150} INFO - [2024-12-10T08:40:18.769+0000] {dag.py:3508} INFO - Setting next_dagrun for verify_duckdb to None, run_after=None
[2024-12-10T08:40:18.801+0000] {processor.py:179} INFO - Processing /opt/airflow/dags/verify_duckdb.py took 0.292 seconds
[2024-12-10T08:40:49.193+0000] {processor.py:157} INFO - Started process (PID=484) to work on /opt/airflow/dags/verify_duckdb.py
[2024-12-10T08:40:49.194+0000] {processor.py:826} INFO - Processing file /opt/airflow/dags/verify_duckdb.py for tasks to queue
[2024-12-10T08:40:49.195+0000] {logging_mixin.py:150} INFO - [2024-12-10T08:40:49.195+0000] {dagbag.py:541} INFO - Filling up the DagBag from /opt/airflow/dags/verify_duckdb.py
[2024-12-10T08:40:49.259+0000] {processor.py:836} INFO - DAG(s) dict_keys(['verify_duckdb']) retrieved from /opt/airflow/dags/verify_duckdb.py
[2024-12-10T08:40:49.287+0000] {logging_mixin.py:150} INFO - [2024-12-10T08:40:49.286+0000] {dag.py:2742} INFO - Sync 1 DAGs
[2024-12-10T08:40:49.312+0000] {logging_mixin.py:150} INFO - [2024-12-10T08:40:49.312+0000] {dag.py:3508} INFO - Setting next_dagrun for verify_duckdb to None, run_after=None
[2024-12-10T08:40:49.331+0000] {processor.py:179} INFO - Processing /opt/airflow/dags/verify_duckdb.py took 0.141 seconds
[2024-12-10T08:41:19.489+0000] {processor.py:157} INFO - Started process (PID=603) to work on /opt/airflow/dags/verify_duckdb.py
[2024-12-10T08:41:19.490+0000] {processor.py:826} INFO - Processing file /opt/airflow/dags/verify_duckdb.py for tasks to queue
[2024-12-10T08:41:19.491+0000] {logging_mixin.py:150} INFO - [2024-12-10T08:41:19.491+0000] {dagbag.py:541} INFO - Filling up the DagBag from /opt/airflow/dags/verify_duckdb.py
[2024-12-10T08:41:19.548+0000] {processor.py:836} INFO - DAG(s) dict_keys(['verify_duckdb']) retrieved from /opt/airflow/dags/verify_duckdb.py
[2024-12-10T08:41:19.577+0000] {logging_mixin.py:150} INFO - [2024-12-10T08:41:19.577+0000] {dag.py:2742} INFO - Sync 1 DAGs
[2024-12-10T08:41:19.600+0000] {logging_mixin.py:150} INFO - [2024-12-10T08:41:19.600+0000] {dag.py:3508} INFO - Setting next_dagrun for verify_duckdb to None, run_after=None
[2024-12-10T08:41:19.621+0000] {processor.py:179} INFO - Processing /opt/airflow/dags/verify_duckdb.py took 0.135 seconds
[2024-12-10T08:41:50.037+0000] {processor.py:157} INFO - Started process (PID=722) to work on /opt/airflow/dags/verify_duckdb.py
[2024-12-10T08:41:50.038+0000] {processor.py:826} INFO - Processing file /opt/airflow/dags/verify_duckdb.py for tasks to queue
[2024-12-10T08:41:50.039+0000] {logging_mixin.py:150} INFO - [2024-12-10T08:41:50.039+0000] {dagbag.py:541} INFO - Filling up the DagBag from /opt/airflow/dags/verify_duckdb.py
[2024-12-10T08:41:50.089+0000] {processor.py:836} INFO - DAG(s) dict_keys(['verify_duckdb']) retrieved from /opt/airflow/dags/verify_duckdb.py
[2024-12-10T08:41:50.119+0000] {logging_mixin.py:150} INFO - [2024-12-10T08:41:50.119+0000] {dag.py:2742} INFO - Sync 1 DAGs
[2024-12-10T08:41:50.249+0000] {logging_mixin.py:150} INFO - [2024-12-10T08:41:50.248+0000] {dag.py:3508} INFO - Setting next_dagrun for verify_duckdb to None, run_after=None
[2024-12-10T08:41:50.280+0000] {processor.py:179} INFO - Processing /opt/airflow/dags/verify_duckdb.py took 0.246 seconds
[2024-12-10T08:42:20.395+0000] {processor.py:157} INFO - Started process (PID=841) to work on /opt/airflow/dags/verify_duckdb.py
[2024-12-10T08:42:20.396+0000] {processor.py:826} INFO - Processing file /opt/airflow/dags/verify_duckdb.py for tasks to queue
[2024-12-10T08:42:20.397+0000] {logging_mixin.py:150} INFO - [2024-12-10T08:42:20.397+0000] {dagbag.py:541} INFO - Filling up the DagBag from /opt/airflow/dags/verify_duckdb.py
[2024-12-10T08:42:20.445+0000] {processor.py:836} INFO - DAG(s) dict_keys(['verify_duckdb']) retrieved from /opt/airflow/dags/verify_duckdb.py
[2024-12-10T08:42:20.476+0000] {logging_mixin.py:150} INFO - [2024-12-10T08:42:20.476+0000] {dag.py:2742} INFO - Sync 1 DAGs
[2024-12-10T08:42:20.591+0000] {logging_mixin.py:150} INFO - [2024-12-10T08:42:20.591+0000] {dag.py:3508} INFO - Setting next_dagrun for verify_duckdb to None, run_after=None
[2024-12-10T08:42:20.610+0000] {processor.py:179} INFO - Processing /opt/airflow/dags/verify_duckdb.py took 0.218 seconds
[2024-12-10T08:42:51.293+0000] {processor.py:157} INFO - Started process (PID=960) to work on /opt/airflow/dags/verify_duckdb.py
[2024-12-10T08:42:51.294+0000] {processor.py:826} INFO - Processing file /opt/airflow/dags/verify_duckdb.py for tasks to queue
[2024-12-10T08:42:51.295+0000] {logging_mixin.py:150} INFO - [2024-12-10T08:42:51.295+0000] {dagbag.py:541} INFO - Filling up the DagBag from /opt/airflow/dags/verify_duckdb.py
[2024-12-10T08:42:51.349+0000] {processor.py:836} INFO - DAG(s) dict_keys(['verify_duckdb']) retrieved from /opt/airflow/dags/verify_duckdb.py
[2024-12-10T08:42:51.474+0000] {logging_mixin.py:150} INFO - [2024-12-10T08:42:51.474+0000] {dag.py:2742} INFO - Sync 1 DAGs
[2024-12-10T08:42:51.494+0000] {logging_mixin.py:150} INFO - [2024-12-10T08:42:51.494+0000] {dag.py:3508} INFO - Setting next_dagrun for verify_duckdb to None, run_after=None
[2024-12-10T08:42:51.511+0000] {processor.py:179} INFO - Processing /opt/airflow/dags/verify_duckdb.py took 0.222 seconds
[2024-12-10T08:43:22.221+0000] {processor.py:157} INFO - Started process (PID=1079) to work on /opt/airflow/dags/verify_duckdb.py
[2024-12-10T08:43:22.222+0000] {processor.py:826} INFO - Processing file /opt/airflow/dags/verify_duckdb.py for tasks to queue
[2024-12-10T08:43:22.223+0000] {logging_mixin.py:150} INFO - [2024-12-10T08:43:22.223+0000] {dagbag.py:541} INFO - Filling up the DagBag from /opt/airflow/dags/verify_duckdb.py
[2024-12-10T08:43:22.366+0000] {processor.py:836} INFO - DAG(s) dict_keys(['verify_duckdb']) retrieved from /opt/airflow/dags/verify_duckdb.py
[2024-12-10T08:43:22.389+0000] {logging_mixin.py:150} INFO - [2024-12-10T08:43:22.389+0000] {dag.py:2742} INFO - Sync 1 DAGs
[2024-12-10T08:43:22.410+0000] {logging_mixin.py:150} INFO - [2024-12-10T08:43:22.410+0000] {dag.py:3508} INFO - Setting next_dagrun for verify_duckdb to None, run_after=None
[2024-12-10T08:43:22.431+0000] {processor.py:179} INFO - Processing /opt/airflow/dags/verify_duckdb.py took 0.213 seconds
[2024-12-10T08:43:52.988+0000] {processor.py:157} INFO - Started process (PID=1198) to work on /opt/airflow/dags/verify_duckdb.py
[2024-12-10T08:43:52.989+0000] {processor.py:826} INFO - Processing file /opt/airflow/dags/verify_duckdb.py for tasks to queue
[2024-12-10T08:43:52.990+0000] {logging_mixin.py:150} INFO - [2024-12-10T08:43:52.990+0000] {dagbag.py:541} INFO - Filling up the DagBag from /opt/airflow/dags/verify_duckdb.py
[2024-12-10T08:43:53.043+0000] {processor.py:836} INFO - DAG(s) dict_keys(['verify_duckdb']) retrieved from /opt/airflow/dags/verify_duckdb.py
[2024-12-10T08:43:53.074+0000] {logging_mixin.py:150} INFO - [2024-12-10T08:43:53.074+0000] {dag.py:2742} INFO - Sync 1 DAGs
[2024-12-10T08:43:53.101+0000] {logging_mixin.py:150} INFO - [2024-12-10T08:43:53.101+0000] {dag.py:3508} INFO - Setting next_dagrun for verify_duckdb to None, run_after=None
[2024-12-10T08:43:53.125+0000] {processor.py:179} INFO - Processing /opt/airflow/dags/verify_duckdb.py took 0.140 seconds
[2024-12-10T08:44:23.723+0000] {processor.py:157} INFO - Started process (PID=1318) to work on /opt/airflow/dags/verify_duckdb.py
[2024-12-10T08:44:23.724+0000] {processor.py:826} INFO - Processing file /opt/airflow/dags/verify_duckdb.py for tasks to queue
[2024-12-10T08:44:23.725+0000] {logging_mixin.py:150} INFO - [2024-12-10T08:44:23.724+0000] {dagbag.py:541} INFO - Filling up the DagBag from /opt/airflow/dags/verify_duckdb.py
[2024-12-10T08:44:23.784+0000] {processor.py:836} INFO - DAG(s) dict_keys(['verify_duckdb']) retrieved from /opt/airflow/dags/verify_duckdb.py
[2024-12-10T08:44:23.825+0000] {logging_mixin.py:150} INFO - [2024-12-10T08:44:23.825+0000] {dag.py:2742} INFO - Sync 1 DAGs
[2024-12-10T08:44:23.859+0000] {logging_mixin.py:150} INFO - [2024-12-10T08:44:23.859+0000] {dag.py:3508} INFO - Setting next_dagrun for verify_duckdb to None, run_after=None
[2024-12-10T08:44:23.882+0000] {processor.py:179} INFO - Processing /opt/airflow/dags/verify_duckdb.py took 0.162 seconds
[2024-12-10T08:44:54.327+0000] {processor.py:157} INFO - Started process (PID=1473) to work on /opt/airflow/dags/verify_duckdb.py
[2024-12-10T08:44:54.328+0000] {processor.py:826} INFO - Processing file /opt/airflow/dags/verify_duckdb.py for tasks to queue
[2024-12-10T08:44:54.329+0000] {logging_mixin.py:150} INFO - [2024-12-10T08:44:54.329+0000] {dagbag.py:541} INFO - Filling up the DagBag from /opt/airflow/dags/verify_duckdb.py
[2024-12-10T08:44:54.400+0000] {processor.py:836} INFO - DAG(s) dict_keys(['verify_duckdb']) retrieved from /opt/airflow/dags/verify_duckdb.py
[2024-12-10T08:44:54.461+0000] {logging_mixin.py:150} INFO - [2024-12-10T08:44:54.461+0000] {dag.py:2742} INFO - Sync 1 DAGs
[2024-12-10T08:44:54.534+0000] {logging_mixin.py:150} INFO - [2024-12-10T08:44:54.533+0000] {dag.py:3508} INFO - Setting next_dagrun for verify_duckdb to None, run_after=None
[2024-12-10T08:44:54.592+0000] {processor.py:179} INFO - Processing /opt/airflow/dags/verify_duckdb.py took 0.268 seconds
[2024-12-10T08:45:24.795+0000] {processor.py:157} INFO - Started process (PID=1592) to work on /opt/airflow/dags/verify_duckdb.py
[2024-12-10T08:45:24.796+0000] {processor.py:826} INFO - Processing file /opt/airflow/dags/verify_duckdb.py for tasks to queue
[2024-12-10T08:45:24.797+0000] {logging_mixin.py:150} INFO - [2024-12-10T08:45:24.797+0000] {dagbag.py:541} INFO - Filling up the DagBag from /opt/airflow/dags/verify_duckdb.py
[2024-12-10T08:45:24.845+0000] {processor.py:836} INFO - DAG(s) dict_keys(['verify_duckdb']) retrieved from /opt/airflow/dags/verify_duckdb.py
[2024-12-10T08:45:24.873+0000] {logging_mixin.py:150} INFO - [2024-12-10T08:45:24.873+0000] {dag.py:2742} INFO - Sync 1 DAGs
[2024-12-10T08:45:24.899+0000] {logging_mixin.py:150} INFO - [2024-12-10T08:45:24.898+0000] {dag.py:3508} INFO - Setting next_dagrun for verify_duckdb to None, run_after=None
[2024-12-10T08:45:24.924+0000] {processor.py:179} INFO - Processing /opt/airflow/dags/verify_duckdb.py took 0.131 seconds
[2024-12-10T08:45:55.684+0000] {processor.py:157} INFO - Started process (PID=1711) to work on /opt/airflow/dags/verify_duckdb.py
[2024-12-10T08:45:55.685+0000] {processor.py:826} INFO - Processing file /opt/airflow/dags/verify_duckdb.py for tasks to queue
[2024-12-10T08:45:55.686+0000] {logging_mixin.py:150} INFO - [2024-12-10T08:45:55.686+0000] {dagbag.py:541} INFO - Filling up the DagBag from /opt/airflow/dags/verify_duckdb.py
[2024-12-10T08:45:55.739+0000] {processor.py:836} INFO - DAG(s) dict_keys(['verify_duckdb']) retrieved from /opt/airflow/dags/verify_duckdb.py
[2024-12-10T08:45:55.774+0000] {logging_mixin.py:150} INFO - [2024-12-10T08:45:55.774+0000] {dag.py:2742} INFO - Sync 1 DAGs
[2024-12-10T08:45:55.804+0000] {logging_mixin.py:150} INFO - [2024-12-10T08:45:55.804+0000] {dag.py:3508} INFO - Setting next_dagrun for verify_duckdb to None, run_after=None
[2024-12-10T08:45:55.827+0000] {processor.py:179} INFO - Processing /opt/airflow/dags/verify_duckdb.py took 0.147 seconds
[2024-12-10T08:46:26.439+0000] {processor.py:157} INFO - Started process (PID=1830) to work on /opt/airflow/dags/verify_duckdb.py
[2024-12-10T08:46:26.440+0000] {processor.py:826} INFO - Processing file /opt/airflow/dags/verify_duckdb.py for tasks to queue
[2024-12-10T08:46:26.442+0000] {logging_mixin.py:150} INFO - [2024-12-10T08:46:26.442+0000] {dagbag.py:541} INFO - Filling up the DagBag from /opt/airflow/dags/verify_duckdb.py
[2024-12-10T08:46:26.523+0000] {processor.py:836} INFO - DAG(s) dict_keys(['verify_duckdb']) retrieved from /opt/airflow/dags/verify_duckdb.py
[2024-12-10T08:46:26.562+0000] {logging_mixin.py:150} INFO - [2024-12-10T08:46:26.561+0000] {dag.py:2742} INFO - Sync 1 DAGs
[2024-12-10T08:46:26.591+0000] {logging_mixin.py:150} INFO - [2024-12-10T08:46:26.591+0000] {dag.py:3508} INFO - Setting next_dagrun for verify_duckdb to None, run_after=None
[2024-12-10T08:46:26.617+0000] {processor.py:179} INFO - Processing /opt/airflow/dags/verify_duckdb.py took 0.181 seconds
[2024-12-10T08:46:57.184+0000] {processor.py:157} INFO - Started process (PID=1949) to work on /opt/airflow/dags/verify_duckdb.py
[2024-12-10T08:46:57.185+0000] {processor.py:826} INFO - Processing file /opt/airflow/dags/verify_duckdb.py for tasks to queue
[2024-12-10T08:46:57.186+0000] {logging_mixin.py:150} INFO - [2024-12-10T08:46:57.186+0000] {dagbag.py:541} INFO - Filling up the DagBag from /opt/airflow/dags/verify_duckdb.py
[2024-12-10T08:46:57.238+0000] {processor.py:836} INFO - DAG(s) dict_keys(['verify_duckdb']) retrieved from /opt/airflow/dags/verify_duckdb.py
[2024-12-10T08:46:57.269+0000] {logging_mixin.py:150} INFO - [2024-12-10T08:46:57.269+0000] {dag.py:2742} INFO - Sync 1 DAGs
[2024-12-10T08:46:57.295+0000] {logging_mixin.py:150} INFO - [2024-12-10T08:46:57.295+0000] {dag.py:3508} INFO - Setting next_dagrun for verify_duckdb to None, run_after=None
[2024-12-10T08:46:57.315+0000] {processor.py:179} INFO - Processing /opt/airflow/dags/verify_duckdb.py took 0.134 seconds
[2024-12-10T08:47:27.352+0000] {processor.py:157} INFO - Started process (PID=2068) to work on /opt/airflow/dags/verify_duckdb.py
[2024-12-10T08:47:27.353+0000] {processor.py:826} INFO - Processing file /opt/airflow/dags/verify_duckdb.py for tasks to queue
[2024-12-10T08:47:27.354+0000] {logging_mixin.py:150} INFO - [2024-12-10T08:47:27.354+0000] {dagbag.py:541} INFO - Filling up the DagBag from /opt/airflow/dags/verify_duckdb.py
[2024-12-10T08:47:27.403+0000] {processor.py:836} INFO - DAG(s) dict_keys(['verify_duckdb']) retrieved from /opt/airflow/dags/verify_duckdb.py
[2024-12-10T08:47:27.432+0000] {logging_mixin.py:150} INFO - [2024-12-10T08:47:27.432+0000] {dag.py:2742} INFO - Sync 1 DAGs
[2024-12-10T08:47:27.456+0000] {logging_mixin.py:150} INFO - [2024-12-10T08:47:27.456+0000] {dag.py:3508} INFO - Setting next_dagrun for verify_duckdb to None, run_after=None
[2024-12-10T08:47:27.477+0000] {processor.py:179} INFO - Processing /opt/airflow/dags/verify_duckdb.py took 0.128 seconds
[2024-12-10T08:47:58.053+0000] {processor.py:157} INFO - Started process (PID=2187) to work on /opt/airflow/dags/verify_duckdb.py
[2024-12-10T08:47:58.054+0000] {processor.py:826} INFO - Processing file /opt/airflow/dags/verify_duckdb.py for tasks to queue
[2024-12-10T08:47:58.055+0000] {logging_mixin.py:150} INFO - [2024-12-10T08:47:58.055+0000] {dagbag.py:541} INFO - Filling up the DagBag from /opt/airflow/dags/verify_duckdb.py
[2024-12-10T08:47:58.102+0000] {processor.py:836} INFO - DAG(s) dict_keys(['verify_duckdb']) retrieved from /opt/airflow/dags/verify_duckdb.py
[2024-12-10T08:47:58.131+0000] {logging_mixin.py:150} INFO - [2024-12-10T08:47:58.131+0000] {dag.py:2742} INFO - Sync 1 DAGs
[2024-12-10T08:47:58.156+0000] {logging_mixin.py:150} INFO - [2024-12-10T08:47:58.156+0000] {dag.py:3508} INFO - Setting next_dagrun for verify_duckdb to None, run_after=None
[2024-12-10T08:47:58.175+0000] {processor.py:179} INFO - Processing /opt/airflow/dags/verify_duckdb.py took 0.125 seconds
[2024-12-10T08:48:28.568+0000] {processor.py:157} INFO - Started process (PID=2306) to work on /opt/airflow/dags/verify_duckdb.py
[2024-12-10T08:48:28.569+0000] {processor.py:826} INFO - Processing file /opt/airflow/dags/verify_duckdb.py for tasks to queue
[2024-12-10T08:48:28.570+0000] {logging_mixin.py:150} INFO - [2024-12-10T08:48:28.570+0000] {dagbag.py:541} INFO - Filling up the DagBag from /opt/airflow/dags/verify_duckdb.py
[2024-12-10T08:48:28.618+0000] {processor.py:836} INFO - DAG(s) dict_keys(['verify_duckdb']) retrieved from /opt/airflow/dags/verify_duckdb.py
[2024-12-10T08:48:28.647+0000] {logging_mixin.py:150} INFO - [2024-12-10T08:48:28.647+0000] {dag.py:2742} INFO - Sync 1 DAGs
[2024-12-10T08:48:28.673+0000] {logging_mixin.py:150} INFO - [2024-12-10T08:48:28.673+0000] {dag.py:3508} INFO - Setting next_dagrun for verify_duckdb to None, run_after=None
[2024-12-10T08:48:28.698+0000] {processor.py:179} INFO - Processing /opt/airflow/dags/verify_duckdb.py took 0.132 seconds
[2024-12-10T08:48:58.748+0000] {processor.py:157} INFO - Started process (PID=2425) to work on /opt/airflow/dags/verify_duckdb.py
[2024-12-10T08:48:58.749+0000] {processor.py:826} INFO - Processing file /opt/airflow/dags/verify_duckdb.py for tasks to queue
[2024-12-10T08:48:58.750+0000] {logging_mixin.py:150} INFO - [2024-12-10T08:48:58.750+0000] {dagbag.py:541} INFO - Filling up the DagBag from /opt/airflow/dags/verify_duckdb.py
[2024-12-10T08:48:58.800+0000] {processor.py:836} INFO - DAG(s) dict_keys(['verify_duckdb']) retrieved from /opt/airflow/dags/verify_duckdb.py
[2024-12-10T08:48:58.830+0000] {logging_mixin.py:150} INFO - [2024-12-10T08:48:58.829+0000] {dag.py:2742} INFO - Sync 1 DAGs
[2024-12-10T08:48:58.855+0000] {logging_mixin.py:150} INFO - [2024-12-10T08:48:58.855+0000] {dag.py:3508} INFO - Setting next_dagrun for verify_duckdb to None, run_after=None
[2024-12-10T08:48:58.883+0000] {processor.py:179} INFO - Processing /opt/airflow/dags/verify_duckdb.py took 0.138 seconds
[2024-12-10T08:49:29.339+0000] {processor.py:157} INFO - Started process (PID=2544) to work on /opt/airflow/dags/verify_duckdb.py
[2024-12-10T08:49:29.340+0000] {processor.py:826} INFO - Processing file /opt/airflow/dags/verify_duckdb.py for tasks to queue
[2024-12-10T08:49:29.341+0000] {logging_mixin.py:150} INFO - [2024-12-10T08:49:29.341+0000] {dagbag.py:541} INFO - Filling up the DagBag from /opt/airflow/dags/verify_duckdb.py
[2024-12-10T08:49:29.396+0000] {processor.py:836} INFO - DAG(s) dict_keys(['verify_duckdb']) retrieved from /opt/airflow/dags/verify_duckdb.py
[2024-12-10T08:49:29.425+0000] {logging_mixin.py:150} INFO - [2024-12-10T08:49:29.425+0000] {dag.py:2742} INFO - Sync 1 DAGs
[2024-12-10T08:49:29.450+0000] {logging_mixin.py:150} INFO - [2024-12-10T08:49:29.450+0000] {dag.py:3508} INFO - Setting next_dagrun for verify_duckdb to None, run_after=None
[2024-12-10T08:49:29.468+0000] {processor.py:179} INFO - Processing /opt/airflow/dags/verify_duckdb.py took 0.132 seconds
[2024-12-10T08:49:59.891+0000] {processor.py:157} INFO - Started process (PID=2663) to work on /opt/airflow/dags/verify_duckdb.py
[2024-12-10T08:49:59.892+0000] {processor.py:826} INFO - Processing file /opt/airflow/dags/verify_duckdb.py for tasks to queue
[2024-12-10T08:49:59.893+0000] {logging_mixin.py:150} INFO - [2024-12-10T08:49:59.893+0000] {dagbag.py:541} INFO - Filling up the DagBag from /opt/airflow/dags/verify_duckdb.py
[2024-12-10T08:49:59.948+0000] {processor.py:836} INFO - DAG(s) dict_keys(['verify_duckdb']) retrieved from /opt/airflow/dags/verify_duckdb.py
[2024-12-10T08:49:59.976+0000] {logging_mixin.py:150} INFO - [2024-12-10T08:49:59.976+0000] {dag.py:2742} INFO - Sync 1 DAGs
[2024-12-10T08:50:00.005+0000] {logging_mixin.py:150} INFO - [2024-12-10T08:50:00.004+0000] {dag.py:3508} INFO - Setting next_dagrun for verify_duckdb to None, run_after=None
[2024-12-10T08:50:00.029+0000] {processor.py:179} INFO - Processing /opt/airflow/dags/verify_duckdb.py took 0.142 seconds
[2024-12-10T08:50:30.868+0000] {processor.py:157} INFO - Started process (PID=2782) to work on /opt/airflow/dags/verify_duckdb.py
[2024-12-10T08:50:30.869+0000] {processor.py:826} INFO - Processing file /opt/airflow/dags/verify_duckdb.py for tasks to queue
[2024-12-10T08:50:30.870+0000] {logging_mixin.py:150} INFO - [2024-12-10T08:50:30.870+0000] {dagbag.py:541} INFO - Filling up the DagBag from /opt/airflow/dags/verify_duckdb.py
[2024-12-10T08:50:30.922+0000] {processor.py:836} INFO - DAG(s) dict_keys(['verify_duckdb']) retrieved from /opt/airflow/dags/verify_duckdb.py
[2024-12-10T08:50:30.955+0000] {logging_mixin.py:150} INFO - [2024-12-10T08:50:30.955+0000] {dag.py:2742} INFO - Sync 1 DAGs
[2024-12-10T08:50:30.981+0000] {logging_mixin.py:150} INFO - [2024-12-10T08:50:30.981+0000] {dag.py:3508} INFO - Setting next_dagrun for verify_duckdb to None, run_after=None
[2024-12-10T08:50:31.005+0000] {processor.py:179} INFO - Processing /opt/airflow/dags/verify_duckdb.py took 0.140 seconds
[2024-12-10T08:51:01.450+0000] {processor.py:157} INFO - Started process (PID=2901) to work on /opt/airflow/dags/verify_duckdb.py
[2024-12-10T08:51:01.451+0000] {processor.py:826} INFO - Processing file /opt/airflow/dags/verify_duckdb.py for tasks to queue
[2024-12-10T08:51:01.452+0000] {logging_mixin.py:150} INFO - [2024-12-10T08:51:01.452+0000] {dagbag.py:541} INFO - Filling up the DagBag from /opt/airflow/dags/verify_duckdb.py
[2024-12-10T08:51:01.505+0000] {processor.py:836} INFO - DAG(s) dict_keys(['verify_duckdb']) retrieved from /opt/airflow/dags/verify_duckdb.py
[2024-12-10T08:51:01.536+0000] {logging_mixin.py:150} INFO - [2024-12-10T08:51:01.535+0000] {dag.py:2742} INFO - Sync 1 DAGs
[2024-12-10T08:51:01.560+0000] {logging_mixin.py:150} INFO - [2024-12-10T08:51:01.560+0000] {dag.py:3508} INFO - Setting next_dagrun for verify_duckdb to None, run_after=None
[2024-12-10T08:51:01.582+0000] {processor.py:179} INFO - Processing /opt/airflow/dags/verify_duckdb.py took 0.135 seconds
[2024-12-10T08:51:32.106+0000] {processor.py:157} INFO - Started process (PID=3020) to work on /opt/airflow/dags/verify_duckdb.py
[2024-12-10T08:51:32.107+0000] {processor.py:826} INFO - Processing file /opt/airflow/dags/verify_duckdb.py for tasks to queue
[2024-12-10T08:51:32.108+0000] {logging_mixin.py:150} INFO - [2024-12-10T08:51:32.108+0000] {dagbag.py:541} INFO - Filling up the DagBag from /opt/airflow/dags/verify_duckdb.py
[2024-12-10T08:51:32.167+0000] {processor.py:836} INFO - DAG(s) dict_keys(['verify_duckdb']) retrieved from /opt/airflow/dags/verify_duckdb.py
[2024-12-10T08:51:32.204+0000] {logging_mixin.py:150} INFO - [2024-12-10T08:51:32.204+0000] {dag.py:2742} INFO - Sync 1 DAGs
[2024-12-10T08:51:32.232+0000] {logging_mixin.py:150} INFO - [2024-12-10T08:51:32.232+0000] {dag.py:3508} INFO - Setting next_dagrun for verify_duckdb to None, run_after=None
[2024-12-10T08:51:32.252+0000] {processor.py:179} INFO - Processing /opt/airflow/dags/verify_duckdb.py took 0.150 seconds
[2024-12-10T08:52:02.930+0000] {processor.py:157} INFO - Started process (PID=3139) to work on /opt/airflow/dags/verify_duckdb.py
[2024-12-10T08:52:02.931+0000] {processor.py:826} INFO - Processing file /opt/airflow/dags/verify_duckdb.py for tasks to queue
[2024-12-10T08:52:02.932+0000] {logging_mixin.py:150} INFO - [2024-12-10T08:52:02.932+0000] {dagbag.py:541} INFO - Filling up the DagBag from /opt/airflow/dags/verify_duckdb.py
[2024-12-10T08:52:02.985+0000] {processor.py:836} INFO - DAG(s) dict_keys(['verify_duckdb']) retrieved from /opt/airflow/dags/verify_duckdb.py
[2024-12-10T08:52:03.017+0000] {logging_mixin.py:150} INFO - [2024-12-10T08:52:03.017+0000] {dag.py:2742} INFO - Sync 1 DAGs
[2024-12-10T08:52:03.046+0000] {logging_mixin.py:150} INFO - [2024-12-10T08:52:03.046+0000] {dag.py:3508} INFO - Setting next_dagrun for verify_duckdb to None, run_after=None
[2024-12-10T08:52:03.070+0000] {processor.py:179} INFO - Processing /opt/airflow/dags/verify_duckdb.py took 0.142 seconds
[2024-12-10T08:52:33.604+0000] {processor.py:157} INFO - Started process (PID=3258) to work on /opt/airflow/dags/verify_duckdb.py
[2024-12-10T08:52:33.605+0000] {processor.py:826} INFO - Processing file /opt/airflow/dags/verify_duckdb.py for tasks to queue
[2024-12-10T08:52:33.606+0000] {logging_mixin.py:150} INFO - [2024-12-10T08:52:33.605+0000] {dagbag.py:541} INFO - Filling up the DagBag from /opt/airflow/dags/verify_duckdb.py
[2024-12-10T08:52:33.656+0000] {processor.py:836} INFO - DAG(s) dict_keys(['verify_duckdb']) retrieved from /opt/airflow/dags/verify_duckdb.py
[2024-12-10T08:52:33.685+0000] {logging_mixin.py:150} INFO - [2024-12-10T08:52:33.685+0000] {dag.py:2742} INFO - Sync 1 DAGs
[2024-12-10T08:52:33.711+0000] {logging_mixin.py:150} INFO - [2024-12-10T08:52:33.710+0000] {dag.py:3508} INFO - Setting next_dagrun for verify_duckdb to None, run_after=None
[2024-12-10T08:52:33.730+0000] {processor.py:179} INFO - Processing /opt/airflow/dags/verify_duckdb.py took 0.130 seconds
[2024-12-10T08:53:04.464+0000] {processor.py:157} INFO - Started process (PID=3377) to work on /opt/airflow/dags/verify_duckdb.py
[2024-12-10T08:53:04.464+0000] {processor.py:826} INFO - Processing file /opt/airflow/dags/verify_duckdb.py for tasks to queue
[2024-12-10T08:53:04.465+0000] {logging_mixin.py:150} INFO - [2024-12-10T08:53:04.465+0000] {dagbag.py:541} INFO - Filling up the DagBag from /opt/airflow/dags/verify_duckdb.py
[2024-12-10T08:53:04.512+0000] {processor.py:836} INFO - DAG(s) dict_keys(['verify_duckdb']) retrieved from /opt/airflow/dags/verify_duckdb.py
[2024-12-10T08:53:04.542+0000] {logging_mixin.py:150} INFO - [2024-12-10T08:53:04.541+0000] {dag.py:2742} INFO - Sync 1 DAGs
[2024-12-10T08:53:04.565+0000] {logging_mixin.py:150} INFO - [2024-12-10T08:53:04.565+0000] {dag.py:3508} INFO - Setting next_dagrun for verify_duckdb to None, run_after=None
[2024-12-10T08:53:04.584+0000] {processor.py:179} INFO - Processing /opt/airflow/dags/verify_duckdb.py took 0.124 seconds
[2024-12-10T08:53:34.681+0000] {processor.py:157} INFO - Started process (PID=3496) to work on /opt/airflow/dags/verify_duckdb.py
[2024-12-10T08:53:34.682+0000] {processor.py:826} INFO - Processing file /opt/airflow/dags/verify_duckdb.py for tasks to queue
[2024-12-10T08:53:34.683+0000] {logging_mixin.py:150} INFO - [2024-12-10T08:53:34.683+0000] {dagbag.py:541} INFO - Filling up the DagBag from /opt/airflow/dags/verify_duckdb.py
[2024-12-10T08:53:34.736+0000] {processor.py:836} INFO - DAG(s) dict_keys(['verify_duckdb']) retrieved from /opt/airflow/dags/verify_duckdb.py
[2024-12-10T08:53:34.766+0000] {logging_mixin.py:150} INFO - [2024-12-10T08:53:34.766+0000] {dag.py:2742} INFO - Sync 1 DAGs
[2024-12-10T08:53:34.791+0000] {logging_mixin.py:150} INFO - [2024-12-10T08:53:34.791+0000] {dag.py:3508} INFO - Setting next_dagrun for verify_duckdb to None, run_after=None
[2024-12-10T08:53:34.811+0000] {processor.py:179} INFO - Processing /opt/airflow/dags/verify_duckdb.py took 0.134 seconds
[2024-12-10T08:54:04.896+0000] {processor.py:157} INFO - Started process (PID=3615) to work on /opt/airflow/dags/verify_duckdb.py
[2024-12-10T08:54:04.897+0000] {processor.py:826} INFO - Processing file /opt/airflow/dags/verify_duckdb.py for tasks to queue
[2024-12-10T08:54:04.898+0000] {logging_mixin.py:150} INFO - [2024-12-10T08:54:04.898+0000] {dagbag.py:541} INFO - Filling up the DagBag from /opt/airflow/dags/verify_duckdb.py
[2024-12-10T08:54:04.952+0000] {processor.py:836} INFO - DAG(s) dict_keys(['verify_duckdb']) retrieved from /opt/airflow/dags/verify_duckdb.py
[2024-12-10T08:54:04.982+0000] {logging_mixin.py:150} INFO - [2024-12-10T08:54:04.981+0000] {dag.py:2742} INFO - Sync 1 DAGs
[2024-12-10T08:54:05.008+0000] {logging_mixin.py:150} INFO - [2024-12-10T08:54:05.008+0000] {dag.py:3508} INFO - Setting next_dagrun for verify_duckdb to None, run_after=None
[2024-12-10T08:54:05.031+0000] {processor.py:179} INFO - Processing /opt/airflow/dags/verify_duckdb.py took 0.138 seconds
[2024-12-10T08:54:35.100+0000] {processor.py:157} INFO - Started process (PID=3734) to work on /opt/airflow/dags/verify_duckdb.py
[2024-12-10T08:54:35.101+0000] {processor.py:826} INFO - Processing file /opt/airflow/dags/verify_duckdb.py for tasks to queue
[2024-12-10T08:54:35.102+0000] {logging_mixin.py:150} INFO - [2024-12-10T08:54:35.102+0000] {dagbag.py:541} INFO - Filling up the DagBag from /opt/airflow/dags/verify_duckdb.py
[2024-12-10T08:54:35.151+0000] {processor.py:836} INFO - DAG(s) dict_keys(['verify_duckdb']) retrieved from /opt/airflow/dags/verify_duckdb.py
[2024-12-10T08:54:35.180+0000] {logging_mixin.py:150} INFO - [2024-12-10T08:54:35.180+0000] {dag.py:2742} INFO - Sync 1 DAGs
[2024-12-10T08:54:35.205+0000] {logging_mixin.py:150} INFO - [2024-12-10T08:54:35.205+0000] {dag.py:3508} INFO - Setting next_dagrun for verify_duckdb to None, run_after=None
[2024-12-10T08:54:35.230+0000] {processor.py:179} INFO - Processing /opt/airflow/dags/verify_duckdb.py took 0.133 seconds
[2024-12-10T08:55:05.975+0000] {processor.py:157} INFO - Started process (PID=3853) to work on /opt/airflow/dags/verify_duckdb.py
[2024-12-10T08:55:05.976+0000] {processor.py:826} INFO - Processing file /opt/airflow/dags/verify_duckdb.py for tasks to queue
[2024-12-10T08:55:05.977+0000] {logging_mixin.py:150} INFO - [2024-12-10T08:55:05.977+0000] {dagbag.py:541} INFO - Filling up the DagBag from /opt/airflow/dags/verify_duckdb.py
[2024-12-10T08:55:06.033+0000] {processor.py:836} INFO - DAG(s) dict_keys(['verify_duckdb']) retrieved from /opt/airflow/dags/verify_duckdb.py
[2024-12-10T08:55:06.061+0000] {logging_mixin.py:150} INFO - [2024-12-10T08:55:06.061+0000] {dag.py:2742} INFO - Sync 1 DAGs
[2024-12-10T08:55:06.088+0000] {logging_mixin.py:150} INFO - [2024-12-10T08:55:06.087+0000] {dag.py:3508} INFO - Setting next_dagrun for verify_duckdb to None, run_after=None
[2024-12-10T08:55:06.110+0000] {processor.py:179} INFO - Processing /opt/airflow/dags/verify_duckdb.py took 0.137 seconds
[2024-12-10T08:55:36.746+0000] {processor.py:157} INFO - Started process (PID=3972) to work on /opt/airflow/dags/verify_duckdb.py
[2024-12-10T08:55:36.754+0000] {processor.py:826} INFO - Processing file /opt/airflow/dags/verify_duckdb.py for tasks to queue
[2024-12-10T08:55:36.757+0000] {logging_mixin.py:150} INFO - [2024-12-10T08:55:36.756+0000] {dagbag.py:541} INFO - Filling up the DagBag from /opt/airflow/dags/verify_duckdb.py
[2024-12-10T08:55:36.858+0000] {processor.py:836} INFO - DAG(s) dict_keys(['verify_duckdb']) retrieved from /opt/airflow/dags/verify_duckdb.py
[2024-12-10T08:55:36.896+0000] {logging_mixin.py:150} INFO - [2024-12-10T08:55:36.895+0000] {dag.py:2742} INFO - Sync 1 DAGs
[2024-12-10T08:55:36.925+0000] {logging_mixin.py:150} INFO - [2024-12-10T08:55:36.925+0000] {dag.py:3508} INFO - Setting next_dagrun for verify_duckdb to None, run_after=None
[2024-12-10T08:55:36.951+0000] {processor.py:179} INFO - Processing /opt/airflow/dags/verify_duckdb.py took 0.212 seconds
[2024-12-10T08:56:07.295+0000] {processor.py:157} INFO - Started process (PID=4091) to work on /opt/airflow/dags/verify_duckdb.py
[2024-12-10T08:56:07.296+0000] {processor.py:826} INFO - Processing file /opt/airflow/dags/verify_duckdb.py for tasks to queue
[2024-12-10T08:56:07.297+0000] {logging_mixin.py:150} INFO - [2024-12-10T08:56:07.297+0000] {dagbag.py:541} INFO - Filling up the DagBag from /opt/airflow/dags/verify_duckdb.py
[2024-12-10T08:56:07.346+0000] {processor.py:836} INFO - DAG(s) dict_keys(['verify_duckdb']) retrieved from /opt/airflow/dags/verify_duckdb.py
[2024-12-10T08:56:07.376+0000] {logging_mixin.py:150} INFO - [2024-12-10T08:56:07.375+0000] {dag.py:2742} INFO - Sync 1 DAGs
[2024-12-10T08:56:07.402+0000] {logging_mixin.py:150} INFO - [2024-12-10T08:56:07.402+0000] {dag.py:3508} INFO - Setting next_dagrun for verify_duckdb to None, run_after=None
[2024-12-10T08:56:07.433+0000] {processor.py:179} INFO - Processing /opt/airflow/dags/verify_duckdb.py took 0.141 seconds
[2024-12-10T08:56:37.613+0000] {processor.py:157} INFO - Started process (PID=4210) to work on /opt/airflow/dags/verify_duckdb.py
[2024-12-10T08:56:37.614+0000] {processor.py:826} INFO - Processing file /opt/airflow/dags/verify_duckdb.py for tasks to queue
[2024-12-10T08:56:37.615+0000] {logging_mixin.py:150} INFO - [2024-12-10T08:56:37.615+0000] {dagbag.py:541} INFO - Filling up the DagBag from /opt/airflow/dags/verify_duckdb.py
[2024-12-10T08:56:37.664+0000] {processor.py:836} INFO - DAG(s) dict_keys(['verify_duckdb']) retrieved from /opt/airflow/dags/verify_duckdb.py
[2024-12-10T08:56:37.694+0000] {logging_mixin.py:150} INFO - [2024-12-10T08:56:37.693+0000] {dag.py:2742} INFO - Sync 1 DAGs
[2024-12-10T08:56:37.719+0000] {logging_mixin.py:150} INFO - [2024-12-10T08:56:37.719+0000] {dag.py:3508} INFO - Setting next_dagrun for verify_duckdb to None, run_after=None
[2024-12-10T08:56:37.741+0000] {processor.py:179} INFO - Processing /opt/airflow/dags/verify_duckdb.py took 0.132 seconds
[2024-12-10T08:57:07.882+0000] {processor.py:157} INFO - Started process (PID=4329) to work on /opt/airflow/dags/verify_duckdb.py
[2024-12-10T08:57:07.884+0000] {processor.py:826} INFO - Processing file /opt/airflow/dags/verify_duckdb.py for tasks to queue
[2024-12-10T08:57:07.885+0000] {logging_mixin.py:150} INFO - [2024-12-10T08:57:07.884+0000] {dagbag.py:541} INFO - Filling up the DagBag from /opt/airflow/dags/verify_duckdb.py
[2024-12-10T08:57:07.952+0000] {processor.py:836} INFO - DAG(s) dict_keys(['verify_duckdb']) retrieved from /opt/airflow/dags/verify_duckdb.py
[2024-12-10T08:57:07.999+0000] {logging_mixin.py:150} INFO - [2024-12-10T08:57:07.999+0000] {dag.py:2742} INFO - Sync 1 DAGs
[2024-12-10T08:57:08.027+0000] {logging_mixin.py:150} INFO - [2024-12-10T08:57:08.027+0000] {dag.py:3508} INFO - Setting next_dagrun for verify_duckdb to None, run_after=None
[2024-12-10T08:57:08.050+0000] {processor.py:179} INFO - Processing /opt/airflow/dags/verify_duckdb.py took 0.172 seconds
[2024-12-10T08:57:38.300+0000] {processor.py:157} INFO - Started process (PID=4448) to work on /opt/airflow/dags/verify_duckdb.py
[2024-12-10T08:57:38.301+0000] {processor.py:826} INFO - Processing file /opt/airflow/dags/verify_duckdb.py for tasks to queue
[2024-12-10T08:57:38.302+0000] {logging_mixin.py:150} INFO - [2024-12-10T08:57:38.302+0000] {dagbag.py:541} INFO - Filling up the DagBag from /opt/airflow/dags/verify_duckdb.py
[2024-12-10T08:57:38.353+0000] {processor.py:836} INFO - DAG(s) dict_keys(['verify_duckdb']) retrieved from /opt/airflow/dags/verify_duckdb.py
[2024-12-10T08:57:38.384+0000] {logging_mixin.py:150} INFO - [2024-12-10T08:57:38.384+0000] {dag.py:2742} INFO - Sync 1 DAGs
[2024-12-10T08:57:38.410+0000] {logging_mixin.py:150} INFO - [2024-12-10T08:57:38.409+0000] {dag.py:3508} INFO - Setting next_dagrun for verify_duckdb to None, run_after=None
[2024-12-10T08:57:38.429+0000] {processor.py:179} INFO - Processing /opt/airflow/dags/verify_duckdb.py took 0.132 seconds
[2024-12-10T08:58:08.828+0000] {processor.py:157} INFO - Started process (PID=4567) to work on /opt/airflow/dags/verify_duckdb.py
[2024-12-10T08:58:08.829+0000] {processor.py:826} INFO - Processing file /opt/airflow/dags/verify_duckdb.py for tasks to queue
[2024-12-10T08:58:08.830+0000] {logging_mixin.py:150} INFO - [2024-12-10T08:58:08.830+0000] {dagbag.py:541} INFO - Filling up the DagBag from /opt/airflow/dags/verify_duckdb.py
[2024-12-10T08:58:08.882+0000] {processor.py:836} INFO - DAG(s) dict_keys(['verify_duckdb']) retrieved from /opt/airflow/dags/verify_duckdb.py
[2024-12-10T08:58:08.909+0000] {logging_mixin.py:150} INFO - [2024-12-10T08:58:08.909+0000] {dag.py:2742} INFO - Sync 1 DAGs
[2024-12-10T08:58:08.932+0000] {logging_mixin.py:150} INFO - [2024-12-10T08:58:08.932+0000] {dag.py:3508} INFO - Setting next_dagrun for verify_duckdb to None, run_after=None
[2024-12-10T08:58:08.952+0000] {processor.py:179} INFO - Processing /opt/airflow/dags/verify_duckdb.py took 0.128 seconds
[2024-12-10T08:58:39.183+0000] {processor.py:157} INFO - Started process (PID=4686) to work on /opt/airflow/dags/verify_duckdb.py
[2024-12-10T08:58:39.184+0000] {processor.py:826} INFO - Processing file /opt/airflow/dags/verify_duckdb.py for tasks to queue
[2024-12-10T08:58:39.185+0000] {logging_mixin.py:150} INFO - [2024-12-10T08:58:39.184+0000] {dagbag.py:541} INFO - Filling up the DagBag from /opt/airflow/dags/verify_duckdb.py
[2024-12-10T08:58:39.241+0000] {processor.py:836} INFO - DAG(s) dict_keys(['verify_duckdb']) retrieved from /opt/airflow/dags/verify_duckdb.py
[2024-12-10T08:58:39.273+0000] {logging_mixin.py:150} INFO - [2024-12-10T08:58:39.272+0000] {dag.py:2742} INFO - Sync 1 DAGs
[2024-12-10T08:58:39.305+0000] {logging_mixin.py:150} INFO - [2024-12-10T08:58:39.305+0000] {dag.py:3508} INFO - Setting next_dagrun for verify_duckdb to None, run_after=None
[2024-12-10T08:58:39.333+0000] {processor.py:179} INFO - Processing /opt/airflow/dags/verify_duckdb.py took 0.154 seconds
