[2024-12-10T12:43:12.836+0000] {processor.py:157} INFO - Started process (PID=232) to work on /opt/airflow/dags/weather_transform.py
[2024-12-10T12:43:12.838+0000] {processor.py:826} INFO - Processing file /opt/airflow/dags/weather_transform.py for tasks to queue
[2024-12-10T12:43:12.839+0000] {logging_mixin.py:150} INFO - [2024-12-10T12:43:12.839+0000] {dagbag.py:541} INFO - Filling up the DagBag from /opt/airflow/dags/weather_transform.py
[2024-12-10T12:43:13.530+0000] {processor.py:836} INFO - DAG(s) dict_keys(['weather_data_processing']) retrieved from /opt/airflow/dags/weather_transform.py
[2024-12-10T12:43:13.560+0000] {logging_mixin.py:150} INFO - [2024-12-10T12:43:13.560+0000] {dag.py:2742} INFO - Sync 1 DAGs
[2024-12-10T12:43:13.591+0000] {logging_mixin.py:150} INFO - [2024-12-10T12:43:13.591+0000] {dag.py:3508} INFO - Setting next_dagrun for weather_data_processing to None, run_after=None
[2024-12-10T12:43:13.620+0000] {processor.py:179} INFO - Processing /opt/airflow/dags/weather_transform.py took 0.787 seconds
[2024-12-10T12:43:43.809+0000] {processor.py:157} INFO - Started process (PID=440) to work on /opt/airflow/dags/weather_transform.py
[2024-12-10T12:43:43.810+0000] {processor.py:826} INFO - Processing file /opt/airflow/dags/weather_transform.py for tasks to queue
[2024-12-10T12:43:43.811+0000] {logging_mixin.py:150} INFO - [2024-12-10T12:43:43.811+0000] {dagbag.py:541} INFO - Filling up the DagBag from /opt/airflow/dags/weather_transform.py
[2024-12-10T12:43:44.388+0000] {processor.py:836} INFO - DAG(s) dict_keys(['weather_data_processing']) retrieved from /opt/airflow/dags/weather_transform.py
[2024-12-10T12:43:44.416+0000] {logging_mixin.py:150} INFO - [2024-12-10T12:43:44.416+0000] {dag.py:2742} INFO - Sync 1 DAGs
[2024-12-10T12:43:44.439+0000] {logging_mixin.py:150} INFO - [2024-12-10T12:43:44.439+0000] {dag.py:3508} INFO - Setting next_dagrun for weather_data_processing to None, run_after=None
[2024-12-10T12:43:44.458+0000] {processor.py:179} INFO - Processing /opt/airflow/dags/weather_transform.py took 0.653 seconds
[2024-12-10T12:44:14.581+0000] {processor.py:157} INFO - Started process (PID=631) to work on /opt/airflow/dags/weather_transform.py
[2024-12-10T12:44:14.582+0000] {processor.py:826} INFO - Processing file /opt/airflow/dags/weather_transform.py for tasks to queue
[2024-12-10T12:44:14.583+0000] {logging_mixin.py:150} INFO - [2024-12-10T12:44:14.582+0000] {dagbag.py:541} INFO - Filling up the DagBag from /opt/airflow/dags/weather_transform.py
[2024-12-10T12:44:15.155+0000] {processor.py:836} INFO - DAG(s) dict_keys(['weather_data_processing']) retrieved from /opt/airflow/dags/weather_transform.py
[2024-12-10T12:44:15.188+0000] {logging_mixin.py:150} INFO - [2024-12-10T12:44:15.187+0000] {dag.py:2742} INFO - Sync 1 DAGs
[2024-12-10T12:44:15.213+0000] {logging_mixin.py:150} INFO - [2024-12-10T12:44:15.213+0000] {dag.py:3508} INFO - Setting next_dagrun for weather_data_processing to None, run_after=None
[2024-12-10T12:44:15.238+0000] {processor.py:179} INFO - Processing /opt/airflow/dags/weather_transform.py took 0.661 seconds
[2024-12-10T12:44:45.721+0000] {processor.py:157} INFO - Started process (PID=822) to work on /opt/airflow/dags/weather_transform.py
[2024-12-10T12:44:45.722+0000] {processor.py:826} INFO - Processing file /opt/airflow/dags/weather_transform.py for tasks to queue
[2024-12-10T12:44:45.723+0000] {logging_mixin.py:150} INFO - [2024-12-10T12:44:45.722+0000] {dagbag.py:541} INFO - Filling up the DagBag from /opt/airflow/dags/weather_transform.py
[2024-12-10T12:44:46.280+0000] {processor.py:836} INFO - DAG(s) dict_keys(['weather_data_processing']) retrieved from /opt/airflow/dags/weather_transform.py
[2024-12-10T12:44:46.305+0000] {logging_mixin.py:150} INFO - [2024-12-10T12:44:46.304+0000] {dag.py:2742} INFO - Sync 1 DAGs
[2024-12-10T12:44:46.328+0000] {logging_mixin.py:150} INFO - [2024-12-10T12:44:46.327+0000] {dag.py:3508} INFO - Setting next_dagrun for weather_data_processing to None, run_after=None
[2024-12-10T12:44:46.351+0000] {processor.py:179} INFO - Processing /opt/airflow/dags/weather_transform.py took 0.633 seconds
[2024-12-10T12:45:16.529+0000] {processor.py:157} INFO - Started process (PID=1013) to work on /opt/airflow/dags/weather_transform.py
[2024-12-10T12:45:16.530+0000] {processor.py:826} INFO - Processing file /opt/airflow/dags/weather_transform.py for tasks to queue
[2024-12-10T12:45:16.531+0000] {logging_mixin.py:150} INFO - [2024-12-10T12:45:16.531+0000] {dagbag.py:541} INFO - Filling up the DagBag from /opt/airflow/dags/weather_transform.py
[2024-12-10T12:45:17.092+0000] {processor.py:836} INFO - DAG(s) dict_keys(['weather_data_processing']) retrieved from /opt/airflow/dags/weather_transform.py
[2024-12-10T12:45:17.122+0000] {logging_mixin.py:150} INFO - [2024-12-10T12:45:17.122+0000] {dag.py:2742} INFO - Sync 1 DAGs
[2024-12-10T12:45:17.146+0000] {logging_mixin.py:150} INFO - [2024-12-10T12:45:17.146+0000] {dag.py:3508} INFO - Setting next_dagrun for weather_data_processing to None, run_after=None
[2024-12-10T12:45:17.170+0000] {processor.py:179} INFO - Processing /opt/airflow/dags/weather_transform.py took 0.644 seconds
[2024-12-10T12:45:47.926+0000] {processor.py:157} INFO - Started process (PID=1205) to work on /opt/airflow/dags/weather_transform.py
[2024-12-10T12:45:47.927+0000] {processor.py:826} INFO - Processing file /opt/airflow/dags/weather_transform.py for tasks to queue
[2024-12-10T12:45:47.928+0000] {logging_mixin.py:150} INFO - [2024-12-10T12:45:47.928+0000] {dagbag.py:541} INFO - Filling up the DagBag from /opt/airflow/dags/weather_transform.py
[2024-12-10T12:45:48.541+0000] {processor.py:836} INFO - DAG(s) dict_keys(['weather_data_processing']) retrieved from /opt/airflow/dags/weather_transform.py
[2024-12-10T12:45:48.565+0000] {logging_mixin.py:150} INFO - [2024-12-10T12:45:48.564+0000] {dag.py:2742} INFO - Sync 1 DAGs
[2024-12-10T12:45:48.590+0000] {logging_mixin.py:150} INFO - [2024-12-10T12:45:48.590+0000] {dag.py:3508} INFO - Setting next_dagrun for weather_data_processing to None, run_after=None
[2024-12-10T12:45:48.609+0000] {processor.py:179} INFO - Processing /opt/airflow/dags/weather_transform.py took 0.687 seconds
[2024-12-10T12:46:19.041+0000] {processor.py:157} INFO - Started process (PID=1421) to work on /opt/airflow/dags/weather_transform.py
[2024-12-10T12:46:19.042+0000] {processor.py:826} INFO - Processing file /opt/airflow/dags/weather_transform.py for tasks to queue
[2024-12-10T12:46:19.043+0000] {logging_mixin.py:150} INFO - [2024-12-10T12:46:19.043+0000] {dagbag.py:541} INFO - Filling up the DagBag from /opt/airflow/dags/weather_transform.py
[2024-12-10T12:46:19.603+0000] {processor.py:836} INFO - DAG(s) dict_keys(['weather_data_processing']) retrieved from /opt/airflow/dags/weather_transform.py
[2024-12-10T12:46:19.630+0000] {logging_mixin.py:150} INFO - [2024-12-10T12:46:19.630+0000] {dag.py:2742} INFO - Sync 1 DAGs
[2024-12-10T12:46:19.653+0000] {logging_mixin.py:150} INFO - [2024-12-10T12:46:19.653+0000] {dag.py:3508} INFO - Setting next_dagrun for weather_data_processing to None, run_after=None
[2024-12-10T12:46:19.672+0000] {processor.py:179} INFO - Processing /opt/airflow/dags/weather_transform.py took 0.634 seconds
[2024-12-10T12:46:49.950+0000] {processor.py:157} INFO - Started process (PID=1612) to work on /opt/airflow/dags/weather_transform.py
[2024-12-10T12:46:49.951+0000] {processor.py:826} INFO - Processing file /opt/airflow/dags/weather_transform.py for tasks to queue
[2024-12-10T12:46:49.953+0000] {logging_mixin.py:150} INFO - [2024-12-10T12:46:49.952+0000] {dagbag.py:541} INFO - Filling up the DagBag from /opt/airflow/dags/weather_transform.py
[2024-12-10T12:46:50.694+0000] {processor.py:836} INFO - DAG(s) dict_keys(['weather_data_processing']) retrieved from /opt/airflow/dags/weather_transform.py
[2024-12-10T12:46:50.729+0000] {logging_mixin.py:150} INFO - [2024-12-10T12:46:50.728+0000] {dag.py:2742} INFO - Sync 1 DAGs
[2024-12-10T12:46:50.761+0000] {logging_mixin.py:150} INFO - [2024-12-10T12:46:50.761+0000] {dag.py:3508} INFO - Setting next_dagrun for weather_data_processing to None, run_after=None
[2024-12-10T12:46:50.783+0000] {processor.py:179} INFO - Processing /opt/airflow/dags/weather_transform.py took 0.838 seconds
[2024-12-10T12:54:14.505+0000] {processor.py:157} INFO - Started process (PID=228) to work on /opt/airflow/dags/weather_transform.py
[2024-12-10T12:54:14.506+0000] {processor.py:826} INFO - Processing file /opt/airflow/dags/weather_transform.py for tasks to queue
[2024-12-10T12:54:14.508+0000] {logging_mixin.py:150} INFO - [2024-12-10T12:54:14.507+0000] {dagbag.py:541} INFO - Filling up the DagBag from /opt/airflow/dags/weather_transform.py
[2024-12-10T12:54:15.249+0000] {processor.py:836} INFO - DAG(s) dict_keys(['weather_data_processing']) retrieved from /opt/airflow/dags/weather_transform.py
[2024-12-10T12:54:15.278+0000] {logging_mixin.py:150} INFO - [2024-12-10T12:54:15.277+0000] {dag.py:2742} INFO - Sync 1 DAGs
[2024-12-10T12:54:15.310+0000] {logging_mixin.py:150} INFO - [2024-12-10T12:54:15.310+0000] {dag.py:3508} INFO - Setting next_dagrun for weather_data_processing to None, run_after=None
[2024-12-10T12:54:15.339+0000] {processor.py:179} INFO - Processing /opt/airflow/dags/weather_transform.py took 0.840 seconds
[2024-12-10T12:54:46.193+0000] {processor.py:157} INFO - Started process (PID=558) to work on /opt/airflow/dags/weather_transform.py
[2024-12-10T12:54:46.194+0000] {processor.py:826} INFO - Processing file /opt/airflow/dags/weather_transform.py for tasks to queue
[2024-12-10T12:54:46.195+0000] {logging_mixin.py:150} INFO - [2024-12-10T12:54:46.195+0000] {dagbag.py:541} INFO - Filling up the DagBag from /opt/airflow/dags/weather_transform.py
[2024-12-10T12:54:46.782+0000] {processor.py:836} INFO - DAG(s) dict_keys(['weather_data_processing']) retrieved from /opt/airflow/dags/weather_transform.py
[2024-12-10T12:54:46.811+0000] {logging_mixin.py:150} INFO - [2024-12-10T12:54:46.811+0000] {dag.py:2742} INFO - Sync 1 DAGs
[2024-12-10T12:54:46.835+0000] {logging_mixin.py:150} INFO - [2024-12-10T12:54:46.834+0000] {dag.py:3508} INFO - Setting next_dagrun for weather_data_processing to None, run_after=None
[2024-12-10T12:54:46.853+0000] {processor.py:179} INFO - Processing /opt/airflow/dags/weather_transform.py took 0.663 seconds
[2024-12-10T12:55:17.473+0000] {processor.py:157} INFO - Started process (PID=750) to work on /opt/airflow/dags/weather_transform.py
[2024-12-10T12:55:17.474+0000] {processor.py:826} INFO - Processing file /opt/airflow/dags/weather_transform.py for tasks to queue
[2024-12-10T12:55:17.475+0000] {logging_mixin.py:150} INFO - [2024-12-10T12:55:17.475+0000] {dagbag.py:541} INFO - Filling up the DagBag from /opt/airflow/dags/weather_transform.py
[2024-12-10T12:55:18.080+0000] {processor.py:836} INFO - DAG(s) dict_keys(['weather_data_processing']) retrieved from /opt/airflow/dags/weather_transform.py
[2024-12-10T12:55:18.111+0000] {logging_mixin.py:150} INFO - [2024-12-10T12:55:18.110+0000] {dag.py:2742} INFO - Sync 1 DAGs
[2024-12-10T12:55:18.135+0000] {logging_mixin.py:150} INFO - [2024-12-10T12:55:18.134+0000] {dag.py:3508} INFO - Setting next_dagrun for weather_data_processing to None, run_after=None
[2024-12-10T12:55:18.153+0000] {processor.py:179} INFO - Processing /opt/airflow/dags/weather_transform.py took 0.686 seconds
[2024-12-10T12:55:48.276+0000] {processor.py:157} INFO - Started process (PID=977) to work on /opt/airflow/dags/weather_transform.py
[2024-12-10T12:55:48.277+0000] {processor.py:826} INFO - Processing file /opt/airflow/dags/weather_transform.py for tasks to queue
[2024-12-10T12:55:48.279+0000] {logging_mixin.py:150} INFO - [2024-12-10T12:55:48.279+0000] {dagbag.py:541} INFO - Filling up the DagBag from /opt/airflow/dags/weather_transform.py
[2024-12-10T12:55:48.974+0000] {processor.py:836} INFO - DAG(s) dict_keys(['weather_data_processing']) retrieved from /opt/airflow/dags/weather_transform.py
[2024-12-10T12:55:49.005+0000] {logging_mixin.py:150} INFO - [2024-12-10T12:55:49.005+0000] {dag.py:2742} INFO - Sync 1 DAGs
[2024-12-10T12:55:49.037+0000] {logging_mixin.py:150} INFO - [2024-12-10T12:55:49.037+0000] {dag.py:3508} INFO - Setting next_dagrun for weather_data_processing to None, run_after=None
[2024-12-10T12:55:49.061+0000] {processor.py:179} INFO - Processing /opt/airflow/dags/weather_transform.py took 0.788 seconds
[2024-12-10T12:56:19.325+0000] {processor.py:157} INFO - Started process (PID=1168) to work on /opt/airflow/dags/weather_transform.py
[2024-12-10T12:56:19.327+0000] {processor.py:826} INFO - Processing file /opt/airflow/dags/weather_transform.py for tasks to queue
[2024-12-10T12:56:19.328+0000] {logging_mixin.py:150} INFO - [2024-12-10T12:56:19.328+0000] {dagbag.py:541} INFO - Filling up the DagBag from /opt/airflow/dags/weather_transform.py
[2024-12-10T12:56:20.014+0000] {processor.py:836} INFO - DAG(s) dict_keys(['weather_data_processing']) retrieved from /opt/airflow/dags/weather_transform.py
[2024-12-10T12:56:20.048+0000] {logging_mixin.py:150} INFO - [2024-12-10T12:56:20.047+0000] {dag.py:2742} INFO - Sync 1 DAGs
[2024-12-10T12:56:20.080+0000] {logging_mixin.py:150} INFO - [2024-12-10T12:56:20.080+0000] {dag.py:3508} INFO - Setting next_dagrun for weather_data_processing to None, run_after=None
[2024-12-10T12:56:20.109+0000] {processor.py:179} INFO - Processing /opt/airflow/dags/weather_transform.py took 0.788 seconds
[2024-12-10T12:56:50.872+0000] {processor.py:157} INFO - Started process (PID=1359) to work on /opt/airflow/dags/weather_transform.py
[2024-12-10T12:56:50.873+0000] {processor.py:826} INFO - Processing file /opt/airflow/dags/weather_transform.py for tasks to queue
[2024-12-10T12:56:50.874+0000] {logging_mixin.py:150} INFO - [2024-12-10T12:56:50.873+0000] {dagbag.py:541} INFO - Filling up the DagBag from /opt/airflow/dags/weather_transform.py
[2024-12-10T12:56:51.772+0000] {processor.py:836} INFO - DAG(s) dict_keys(['weather_data_processing']) retrieved from /opt/airflow/dags/weather_transform.py
[2024-12-10T12:56:51.826+0000] {logging_mixin.py:150} INFO - [2024-12-10T12:56:51.825+0000] {dag.py:2742} INFO - Sync 1 DAGs
[2024-12-10T12:56:51.875+0000] {logging_mixin.py:150} INFO - [2024-12-10T12:56:51.875+0000] {dag.py:3508} INFO - Setting next_dagrun for weather_data_processing to None, run_after=None
[2024-12-10T12:56:51.915+0000] {processor.py:179} INFO - Processing /opt/airflow/dags/weather_transform.py took 1.047 seconds
[2024-12-10T12:57:22.987+0000] {processor.py:157} INFO - Started process (PID=1550) to work on /opt/airflow/dags/weather_transform.py
[2024-12-10T12:57:22.988+0000] {processor.py:826} INFO - Processing file /opt/airflow/dags/weather_transform.py for tasks to queue
[2024-12-10T12:57:22.990+0000] {logging_mixin.py:150} INFO - [2024-12-10T12:57:22.989+0000] {dagbag.py:541} INFO - Filling up the DagBag from /opt/airflow/dags/weather_transform.py
[2024-12-10T12:57:23.745+0000] {processor.py:836} INFO - DAG(s) dict_keys(['weather_data_processing']) retrieved from /opt/airflow/dags/weather_transform.py
[2024-12-10T12:57:23.773+0000] {logging_mixin.py:150} INFO - [2024-12-10T12:57:23.772+0000] {dag.py:2742} INFO - Sync 1 DAGs
[2024-12-10T12:57:23.796+0000] {logging_mixin.py:150} INFO - [2024-12-10T12:57:23.796+0000] {dag.py:3508} INFO - Setting next_dagrun for weather_data_processing to None, run_after=None
[2024-12-10T12:57:23.816+0000] {processor.py:179} INFO - Processing /opt/airflow/dags/weather_transform.py took 0.833 seconds
[2024-12-10T12:57:54.133+0000] {processor.py:157} INFO - Started process (PID=1865) to work on /opt/airflow/dags/weather_transform.py
[2024-12-10T12:57:54.135+0000] {processor.py:826} INFO - Processing file /opt/airflow/dags/weather_transform.py for tasks to queue
[2024-12-10T12:57:54.136+0000] {logging_mixin.py:150} INFO - [2024-12-10T12:57:54.135+0000] {dagbag.py:541} INFO - Filling up the DagBag from /opt/airflow/dags/weather_transform.py
[2024-12-10T12:57:54.702+0000] {processor.py:836} INFO - DAG(s) dict_keys(['weather_data_processing']) retrieved from /opt/airflow/dags/weather_transform.py
[2024-12-10T12:57:54.727+0000] {logging_mixin.py:150} INFO - [2024-12-10T12:57:54.726+0000] {dag.py:2742} INFO - Sync 1 DAGs
[2024-12-10T12:57:54.752+0000] {logging_mixin.py:150} INFO - [2024-12-10T12:57:54.752+0000] {dag.py:3508} INFO - Setting next_dagrun for weather_data_processing to None, run_after=None
[2024-12-10T12:57:54.776+0000] {processor.py:179} INFO - Processing /opt/airflow/dags/weather_transform.py took 0.646 seconds
[2024-12-10T12:58:24.937+0000] {processor.py:157} INFO - Started process (PID=2056) to work on /opt/airflow/dags/weather_transform.py
[2024-12-10T12:58:24.938+0000] {processor.py:826} INFO - Processing file /opt/airflow/dags/weather_transform.py for tasks to queue
[2024-12-10T12:58:24.939+0000] {logging_mixin.py:150} INFO - [2024-12-10T12:58:24.939+0000] {dagbag.py:541} INFO - Filling up the DagBag from /opt/airflow/dags/weather_transform.py
[2024-12-10T12:58:25.381+0000] {processor.py:836} INFO - DAG(s) dict_keys(['weather_data_processing']) retrieved from /opt/airflow/dags/weather_transform.py
[2024-12-10T12:58:25.415+0000] {logging_mixin.py:150} INFO - [2024-12-10T12:58:25.414+0000] {dag.py:2742} INFO - Sync 1 DAGs
[2024-12-10T12:58:25.443+0000] {logging_mixin.py:150} INFO - [2024-12-10T12:58:25.442+0000] {dag.py:3508} INFO - Setting next_dagrun for weather_data_processing to None, run_after=None
[2024-12-10T12:58:25.463+0000] {processor.py:179} INFO - Processing /opt/airflow/dags/weather_transform.py took 0.529 seconds
[2024-12-10T12:58:55.732+0000] {processor.py:157} INFO - Started process (PID=2247) to work on /opt/airflow/dags/weather_transform.py
[2024-12-10T12:58:55.733+0000] {processor.py:826} INFO - Processing file /opt/airflow/dags/weather_transform.py for tasks to queue
[2024-12-10T12:58:55.734+0000] {logging_mixin.py:150} INFO - [2024-12-10T12:58:55.734+0000] {dagbag.py:541} INFO - Filling up the DagBag from /opt/airflow/dags/weather_transform.py
[2024-12-10T12:58:56.194+0000] {processor.py:836} INFO - DAG(s) dict_keys(['weather_data_processing']) retrieved from /opt/airflow/dags/weather_transform.py
[2024-12-10T12:58:56.226+0000] {logging_mixin.py:150} INFO - [2024-12-10T12:58:56.225+0000] {dag.py:2742} INFO - Sync 1 DAGs
[2024-12-10T12:58:56.255+0000] {logging_mixin.py:150} INFO - [2024-12-10T12:58:56.255+0000] {dag.py:3508} INFO - Setting next_dagrun for weather_data_processing to None, run_after=None
[2024-12-10T12:58:56.289+0000] {processor.py:179} INFO - Processing /opt/airflow/dags/weather_transform.py took 0.560 seconds
[2024-12-10T12:59:26.362+0000] {processor.py:157} INFO - Started process (PID=2438) to work on /opt/airflow/dags/weather_transform.py
[2024-12-10T12:59:26.365+0000] {processor.py:826} INFO - Processing file /opt/airflow/dags/weather_transform.py for tasks to queue
[2024-12-10T12:59:26.367+0000] {logging_mixin.py:150} INFO - [2024-12-10T12:59:26.367+0000] {dagbag.py:541} INFO - Filling up the DagBag from /opt/airflow/dags/weather_transform.py
[2024-12-10T12:59:26.845+0000] {processor.py:836} INFO - DAG(s) dict_keys(['weather_data_processing']) retrieved from /opt/airflow/dags/weather_transform.py
[2024-12-10T12:59:26.881+0000] {logging_mixin.py:150} INFO - [2024-12-10T12:59:26.880+0000] {dag.py:2742} INFO - Sync 1 DAGs
[2024-12-10T12:59:26.980+0000] {logging_mixin.py:150} INFO - [2024-12-10T12:59:26.979+0000] {dag.py:3508} INFO - Setting next_dagrun for weather_data_processing to None, run_after=None
[2024-12-10T12:59:27.007+0000] {processor.py:179} INFO - Processing /opt/airflow/dags/weather_transform.py took 0.651 seconds
[2024-12-10T12:59:57.264+0000] {processor.py:157} INFO - Started process (PID=2629) to work on /opt/airflow/dags/weather_transform.py
[2024-12-10T12:59:57.265+0000] {processor.py:826} INFO - Processing file /opt/airflow/dags/weather_transform.py for tasks to queue
[2024-12-10T12:59:57.266+0000] {logging_mixin.py:150} INFO - [2024-12-10T12:59:57.266+0000] {dagbag.py:541} INFO - Filling up the DagBag from /opt/airflow/dags/weather_transform.py
[2024-12-10T12:59:57.858+0000] {processor.py:836} INFO - DAG(s) dict_keys(['weather_data_processing']) retrieved from /opt/airflow/dags/weather_transform.py
[2024-12-10T12:59:57.891+0000] {logging_mixin.py:150} INFO - [2024-12-10T12:59:57.891+0000] {dag.py:2742} INFO - Sync 1 DAGs
[2024-12-10T12:59:57.922+0000] {logging_mixin.py:150} INFO - [2024-12-10T12:59:57.922+0000] {dag.py:3508} INFO - Setting next_dagrun for weather_data_processing to None, run_after=None
[2024-12-10T12:59:57.947+0000] {processor.py:179} INFO - Processing /opt/airflow/dags/weather_transform.py took 0.688 seconds
[2024-12-10T13:00:28.080+0000] {processor.py:157} INFO - Started process (PID=2820) to work on /opt/airflow/dags/weather_transform.py
[2024-12-10T13:00:28.081+0000] {processor.py:826} INFO - Processing file /opt/airflow/dags/weather_transform.py for tasks to queue
[2024-12-10T13:00:28.083+0000] {logging_mixin.py:150} INFO - [2024-12-10T13:00:28.082+0000] {dagbag.py:541} INFO - Filling up the DagBag from /opt/airflow/dags/weather_transform.py
[2024-12-10T13:00:28.631+0000] {processor.py:836} INFO - DAG(s) dict_keys(['weather_data_processing']) retrieved from /opt/airflow/dags/weather_transform.py
[2024-12-10T13:00:28.663+0000] {logging_mixin.py:150} INFO - [2024-12-10T13:00:28.662+0000] {dag.py:2742} INFO - Sync 1 DAGs
[2024-12-10T13:00:28.690+0000] {logging_mixin.py:150} INFO - [2024-12-10T13:00:28.690+0000] {dag.py:3508} INFO - Setting next_dagrun for weather_data_processing to None, run_after=None
[2024-12-10T13:00:28.712+0000] {processor.py:179} INFO - Processing /opt/airflow/dags/weather_transform.py took 0.638 seconds
[2024-12-10T13:00:58.794+0000] {processor.py:157} INFO - Started process (PID=3027) to work on /opt/airflow/dags/weather_transform.py
[2024-12-10T13:00:58.795+0000] {processor.py:826} INFO - Processing file /opt/airflow/dags/weather_transform.py for tasks to queue
[2024-12-10T13:00:58.796+0000] {logging_mixin.py:150} INFO - [2024-12-10T13:00:58.796+0000] {dagbag.py:541} INFO - Filling up the DagBag from /opt/airflow/dags/weather_transform.py
[2024-12-10T13:00:59.239+0000] {processor.py:836} INFO - DAG(s) dict_keys(['weather_data_processing']) retrieved from /opt/airflow/dags/weather_transform.py
[2024-12-10T13:00:59.280+0000] {logging_mixin.py:150} INFO - [2024-12-10T13:00:59.279+0000] {dag.py:2742} INFO - Sync 1 DAGs
[2024-12-10T13:00:59.310+0000] {logging_mixin.py:150} INFO - [2024-12-10T13:00:59.310+0000] {dag.py:3508} INFO - Setting next_dagrun for weather_data_processing to None, run_after=None
[2024-12-10T13:00:59.336+0000] {processor.py:179} INFO - Processing /opt/airflow/dags/weather_transform.py took 0.545 seconds
[2024-12-10T13:01:26.927+0000] {processor.py:157} INFO - Started process (PID=3202) to work on /opt/airflow/dags/weather_transform.py
[2024-12-10T13:01:26.928+0000] {processor.py:826} INFO - Processing file /opt/airflow/dags/weather_transform.py for tasks to queue
[2024-12-10T13:01:26.929+0000] {logging_mixin.py:150} INFO - [2024-12-10T13:01:26.929+0000] {dagbag.py:541} INFO - Filling up the DagBag from /opt/airflow/dags/weather_transform.py
[2024-12-10T13:01:27.361+0000] {processor.py:836} INFO - DAG(s) dict_keys(['weather_data_processing']) retrieved from /opt/airflow/dags/weather_transform.py
[2024-12-10T13:01:27.392+0000] {logging_mixin.py:150} INFO - [2024-12-10T13:01:27.392+0000] {dag.py:2742} INFO - Sync 1 DAGs
[2024-12-10T13:01:27.418+0000] {logging_mixin.py:150} INFO - [2024-12-10T13:01:27.418+0000] {dag.py:3508} INFO - Setting next_dagrun for weather_data_processing to None, run_after=None
[2024-12-10T13:01:27.446+0000] {processor.py:179} INFO - Processing /opt/airflow/dags/weather_transform.py took 0.522 seconds
[2024-12-10T13:01:57.543+0000] {processor.py:157} INFO - Started process (PID=3393) to work on /opt/airflow/dags/weather_transform.py
[2024-12-10T13:01:57.544+0000] {processor.py:826} INFO - Processing file /opt/airflow/dags/weather_transform.py for tasks to queue
[2024-12-10T13:01:57.545+0000] {logging_mixin.py:150} INFO - [2024-12-10T13:01:57.545+0000] {dagbag.py:541} INFO - Filling up the DagBag from /opt/airflow/dags/weather_transform.py
[2024-12-10T13:01:57.945+0000] {processor.py:836} INFO - DAG(s) dict_keys(['weather_data_processing']) retrieved from /opt/airflow/dags/weather_transform.py
[2024-12-10T13:01:57.973+0000] {logging_mixin.py:150} INFO - [2024-12-10T13:01:57.973+0000] {dag.py:2742} INFO - Sync 1 DAGs
[2024-12-10T13:01:57.998+0000] {logging_mixin.py:150} INFO - [2024-12-10T13:01:57.998+0000] {dag.py:3508} INFO - Setting next_dagrun for weather_data_processing to None, run_after=None
[2024-12-10T13:01:58.018+0000] {processor.py:179} INFO - Processing /opt/airflow/dags/weather_transform.py took 0.480 seconds
[2024-12-10T13:02:28.197+0000] {processor.py:157} INFO - Started process (PID=3584) to work on /opt/airflow/dags/weather_transform.py
[2024-12-10T13:02:28.198+0000] {processor.py:826} INFO - Processing file /opt/airflow/dags/weather_transform.py for tasks to queue
[2024-12-10T13:02:28.199+0000] {logging_mixin.py:150} INFO - [2024-12-10T13:02:28.199+0000] {dagbag.py:541} INFO - Filling up the DagBag from /opt/airflow/dags/weather_transform.py
[2024-12-10T13:02:28.630+0000] {processor.py:836} INFO - DAG(s) dict_keys(['weather_data_processing']) retrieved from /opt/airflow/dags/weather_transform.py
[2024-12-10T13:02:28.662+0000] {logging_mixin.py:150} INFO - [2024-12-10T13:02:28.661+0000] {dag.py:2742} INFO - Sync 1 DAGs
[2024-12-10T13:02:28.688+0000] {logging_mixin.py:150} INFO - [2024-12-10T13:02:28.688+0000] {dag.py:3508} INFO - Setting next_dagrun for weather_data_processing to None, run_after=None
[2024-12-10T13:02:28.710+0000] {processor.py:179} INFO - Processing /opt/airflow/dags/weather_transform.py took 0.516 seconds
[2024-12-10T13:02:58.880+0000] {processor.py:157} INFO - Started process (PID=3821) to work on /opt/airflow/dags/weather_transform.py
[2024-12-10T13:02:58.882+0000] {processor.py:826} INFO - Processing file /opt/airflow/dags/weather_transform.py for tasks to queue
[2024-12-10T13:02:58.883+0000] {logging_mixin.py:150} INFO - [2024-12-10T13:02:58.882+0000] {dagbag.py:541} INFO - Filling up the DagBag from /opt/airflow/dags/weather_transform.py
[2024-12-10T13:02:59.421+0000] {processor.py:836} INFO - DAG(s) dict_keys(['weather_data_processing']) retrieved from /opt/airflow/dags/weather_transform.py
[2024-12-10T13:02:59.460+0000] {logging_mixin.py:150} INFO - [2024-12-10T13:02:59.459+0000] {dag.py:2742} INFO - Sync 1 DAGs
[2024-12-10T13:02:59.495+0000] {logging_mixin.py:150} INFO - [2024-12-10T13:02:59.495+0000] {dag.py:3508} INFO - Setting next_dagrun for weather_data_processing to None, run_after=None
[2024-12-10T13:02:59.522+0000] {processor.py:179} INFO - Processing /opt/airflow/dags/weather_transform.py took 0.646 seconds
[2024-12-10T13:03:29.823+0000] {processor.py:157} INFO - Started process (PID=4012) to work on /opt/airflow/dags/weather_transform.py
[2024-12-10T13:03:29.825+0000] {processor.py:826} INFO - Processing file /opt/airflow/dags/weather_transform.py for tasks to queue
[2024-12-10T13:03:29.826+0000] {logging_mixin.py:150} INFO - [2024-12-10T13:03:29.825+0000] {dagbag.py:541} INFO - Filling up the DagBag from /opt/airflow/dags/weather_transform.py
[2024-12-10T13:03:30.378+0000] {processor.py:836} INFO - DAG(s) dict_keys(['weather_data_processing']) retrieved from /opt/airflow/dags/weather_transform.py
[2024-12-10T13:03:30.411+0000] {logging_mixin.py:150} INFO - [2024-12-10T13:03:30.411+0000] {dag.py:2742} INFO - Sync 1 DAGs
[2024-12-10T13:03:30.439+0000] {logging_mixin.py:150} INFO - [2024-12-10T13:03:30.438+0000] {dag.py:3508} INFO - Setting next_dagrun for weather_data_processing to None, run_after=None
[2024-12-10T13:03:30.466+0000] {processor.py:179} INFO - Processing /opt/airflow/dags/weather_transform.py took 0.647 seconds
[2024-12-10T13:04:01.137+0000] {processor.py:157} INFO - Started process (PID=4203) to work on /opt/airflow/dags/weather_transform.py
[2024-12-10T13:04:01.139+0000] {processor.py:826} INFO - Processing file /opt/airflow/dags/weather_transform.py for tasks to queue
[2024-12-10T13:04:01.141+0000] {logging_mixin.py:150} INFO - [2024-12-10T13:04:01.140+0000] {dagbag.py:541} INFO - Filling up the DagBag from /opt/airflow/dags/weather_transform.py
[2024-12-10T13:04:01.583+0000] {processor.py:836} INFO - DAG(s) dict_keys(['weather_data_processing']) retrieved from /opt/airflow/dags/weather_transform.py
[2024-12-10T13:04:01.611+0000] {logging_mixin.py:150} INFO - [2024-12-10T13:04:01.610+0000] {dag.py:2742} INFO - Sync 1 DAGs
[2024-12-10T13:04:01.635+0000] {logging_mixin.py:150} INFO - [2024-12-10T13:04:01.635+0000] {dag.py:3508} INFO - Setting next_dagrun for weather_data_processing to None, run_after=None
[2024-12-10T13:04:01.660+0000] {processor.py:179} INFO - Processing /opt/airflow/dags/weather_transform.py took 0.526 seconds
[2024-12-10T13:04:32.136+0000] {processor.py:157} INFO - Started process (PID=4394) to work on /opt/airflow/dags/weather_transform.py
[2024-12-10T13:04:32.137+0000] {processor.py:826} INFO - Processing file /opt/airflow/dags/weather_transform.py for tasks to queue
[2024-12-10T13:04:32.138+0000] {logging_mixin.py:150} INFO - [2024-12-10T13:04:32.138+0000] {dagbag.py:541} INFO - Filling up the DagBag from /opt/airflow/dags/weather_transform.py
[2024-12-10T13:04:32.556+0000] {processor.py:836} INFO - DAG(s) dict_keys(['weather_data_processing']) retrieved from /opt/airflow/dags/weather_transform.py
[2024-12-10T13:04:32.583+0000] {logging_mixin.py:150} INFO - [2024-12-10T13:04:32.583+0000] {dag.py:2742} INFO - Sync 1 DAGs
[2024-12-10T13:04:32.608+0000] {logging_mixin.py:150} INFO - [2024-12-10T13:04:32.608+0000] {dag.py:3508} INFO - Setting next_dagrun for weather_data_processing to None, run_after=None
[2024-12-10T13:04:32.628+0000] {processor.py:179} INFO - Processing /opt/airflow/dags/weather_transform.py took 0.495 seconds
[2024-12-10T13:05:03.111+0000] {processor.py:157} INFO - Started process (PID=4585) to work on /opt/airflow/dags/weather_transform.py
[2024-12-10T13:05:03.112+0000] {processor.py:826} INFO - Processing file /opt/airflow/dags/weather_transform.py for tasks to queue
[2024-12-10T13:05:03.114+0000] {logging_mixin.py:150} INFO - [2024-12-10T13:05:03.113+0000] {dagbag.py:541} INFO - Filling up the DagBag from /opt/airflow/dags/weather_transform.py
[2024-12-10T13:05:03.547+0000] {processor.py:836} INFO - DAG(s) dict_keys(['weather_data_processing']) retrieved from /opt/airflow/dags/weather_transform.py
[2024-12-10T13:05:03.573+0000] {logging_mixin.py:150} INFO - [2024-12-10T13:05:03.573+0000] {dag.py:2742} INFO - Sync 1 DAGs
[2024-12-10T13:05:03.597+0000] {logging_mixin.py:150} INFO - [2024-12-10T13:05:03.597+0000] {dag.py:3508} INFO - Setting next_dagrun for weather_data_processing to None, run_after=None
[2024-12-10T13:05:03.617+0000] {processor.py:179} INFO - Processing /opt/airflow/dags/weather_transform.py took 0.510 seconds
[2024-12-10T13:05:33.910+0000] {processor.py:157} INFO - Started process (PID=4776) to work on /opt/airflow/dags/weather_transform.py
[2024-12-10T13:05:33.911+0000] {processor.py:826} INFO - Processing file /opt/airflow/dags/weather_transform.py for tasks to queue
[2024-12-10T13:05:33.912+0000] {logging_mixin.py:150} INFO - [2024-12-10T13:05:33.912+0000] {dagbag.py:541} INFO - Filling up the DagBag from /opt/airflow/dags/weather_transform.py
[2024-12-10T13:05:34.373+0000] {processor.py:836} INFO - DAG(s) dict_keys(['weather_data_processing']) retrieved from /opt/airflow/dags/weather_transform.py
[2024-12-10T13:05:34.401+0000] {logging_mixin.py:150} INFO - [2024-12-10T13:05:34.399+0000] {dag.py:2742} INFO - Sync 1 DAGs
[2024-12-10T13:05:34.428+0000] {logging_mixin.py:150} INFO - [2024-12-10T13:05:34.428+0000] {dag.py:3508} INFO - Setting next_dagrun for weather_data_processing to None, run_after=None
[2024-12-10T13:05:34.448+0000] {processor.py:179} INFO - Processing /opt/airflow/dags/weather_transform.py took 0.542 seconds
[2024-12-10T13:06:04.615+0000] {processor.py:157} INFO - Started process (PID=4999) to work on /opt/airflow/dags/weather_transform.py
[2024-12-10T13:06:04.616+0000] {processor.py:826} INFO - Processing file /opt/airflow/dags/weather_transform.py for tasks to queue
[2024-12-10T13:06:04.617+0000] {logging_mixin.py:150} INFO - [2024-12-10T13:06:04.616+0000] {dagbag.py:541} INFO - Filling up the DagBag from /opt/airflow/dags/weather_transform.py
[2024-12-10T13:06:05.006+0000] {processor.py:836} INFO - DAG(s) dict_keys(['weather_data_processing']) retrieved from /opt/airflow/dags/weather_transform.py
[2024-12-10T13:06:05.036+0000] {logging_mixin.py:150} INFO - [2024-12-10T13:06:05.035+0000] {dag.py:2742} INFO - Sync 1 DAGs
[2024-12-10T13:06:05.064+0000] {logging_mixin.py:150} INFO - [2024-12-10T13:06:05.063+0000] {dag.py:3508} INFO - Setting next_dagrun for weather_data_processing to None, run_after=None
[2024-12-10T13:06:05.089+0000] {processor.py:179} INFO - Processing /opt/airflow/dags/weather_transform.py took 0.478 seconds
[2024-12-10T13:06:35.641+0000] {processor.py:157} INFO - Started process (PID=5190) to work on /opt/airflow/dags/weather_transform.py
[2024-12-10T13:06:35.642+0000] {processor.py:826} INFO - Processing file /opt/airflow/dags/weather_transform.py for tasks to queue
[2024-12-10T13:06:35.643+0000] {logging_mixin.py:150} INFO - [2024-12-10T13:06:35.643+0000] {dagbag.py:541} INFO - Filling up the DagBag from /opt/airflow/dags/weather_transform.py
[2024-12-10T13:06:36.129+0000] {processor.py:836} INFO - DAG(s) dict_keys(['weather_data_processing']) retrieved from /opt/airflow/dags/weather_transform.py
[2024-12-10T13:06:36.160+0000] {logging_mixin.py:150} INFO - [2024-12-10T13:06:36.160+0000] {dag.py:2742} INFO - Sync 1 DAGs
[2024-12-10T13:06:36.191+0000] {logging_mixin.py:150} INFO - [2024-12-10T13:06:36.191+0000] {dag.py:3508} INFO - Setting next_dagrun for weather_data_processing to None, run_after=None
[2024-12-10T13:06:36.215+0000] {processor.py:179} INFO - Processing /opt/airflow/dags/weather_transform.py took 0.578 seconds
[2024-12-10T13:07:06.500+0000] {processor.py:157} INFO - Started process (PID=5381) to work on /opt/airflow/dags/weather_transform.py
[2024-12-10T13:07:06.501+0000] {processor.py:826} INFO - Processing file /opt/airflow/dags/weather_transform.py for tasks to queue
[2024-12-10T13:07:06.502+0000] {logging_mixin.py:150} INFO - [2024-12-10T13:07:06.501+0000] {dagbag.py:541} INFO - Filling up the DagBag from /opt/airflow/dags/weather_transform.py
[2024-12-10T13:07:06.981+0000] {processor.py:836} INFO - DAG(s) dict_keys(['weather_data_processing']) retrieved from /opt/airflow/dags/weather_transform.py
[2024-12-10T13:07:07.012+0000] {logging_mixin.py:150} INFO - [2024-12-10T13:07:07.011+0000] {dag.py:2742} INFO - Sync 1 DAGs
[2024-12-10T13:07:07.042+0000] {logging_mixin.py:150} INFO - [2024-12-10T13:07:07.042+0000] {dag.py:3508} INFO - Setting next_dagrun for weather_data_processing to None, run_after=None
[2024-12-10T13:07:07.069+0000] {processor.py:179} INFO - Processing /opt/airflow/dags/weather_transform.py took 0.572 seconds
[2024-12-10T13:07:37.703+0000] {processor.py:157} INFO - Started process (PID=5572) to work on /opt/airflow/dags/weather_transform.py
[2024-12-10T13:07:37.704+0000] {processor.py:826} INFO - Processing file /opt/airflow/dags/weather_transform.py for tasks to queue
[2024-12-10T13:07:37.705+0000] {logging_mixin.py:150} INFO - [2024-12-10T13:07:37.705+0000] {dagbag.py:541} INFO - Filling up the DagBag from /opt/airflow/dags/weather_transform.py
[2024-12-10T13:07:38.112+0000] {processor.py:836} INFO - DAG(s) dict_keys(['weather_data_processing']) retrieved from /opt/airflow/dags/weather_transform.py
[2024-12-10T13:07:38.139+0000] {logging_mixin.py:150} INFO - [2024-12-10T13:07:38.139+0000] {dag.py:2742} INFO - Sync 1 DAGs
[2024-12-10T13:07:38.165+0000] {logging_mixin.py:150} INFO - [2024-12-10T13:07:38.165+0000] {dag.py:3508} INFO - Setting next_dagrun for weather_data_processing to None, run_after=None
[2024-12-10T13:07:38.186+0000] {processor.py:179} INFO - Processing /opt/airflow/dags/weather_transform.py took 0.486 seconds
[2024-12-10T13:08:08.755+0000] {processor.py:157} INFO - Started process (PID=5763) to work on /opt/airflow/dags/weather_transform.py
[2024-12-10T13:08:08.756+0000] {processor.py:826} INFO - Processing file /opt/airflow/dags/weather_transform.py for tasks to queue
[2024-12-10T13:08:08.757+0000] {logging_mixin.py:150} INFO - [2024-12-10T13:08:08.757+0000] {dagbag.py:541} INFO - Filling up the DagBag from /opt/airflow/dags/weather_transform.py
[2024-12-10T13:08:09.205+0000] {processor.py:836} INFO - DAG(s) dict_keys(['weather_data_processing']) retrieved from /opt/airflow/dags/weather_transform.py
[2024-12-10T13:08:09.234+0000] {logging_mixin.py:150} INFO - [2024-12-10T13:08:09.233+0000] {dag.py:2742} INFO - Sync 1 DAGs
[2024-12-10T13:08:09.258+0000] {logging_mixin.py:150} INFO - [2024-12-10T13:08:09.258+0000] {dag.py:3508} INFO - Setting next_dagrun for weather_data_processing to None, run_after=None
[2024-12-10T13:08:09.289+0000] {processor.py:179} INFO - Processing /opt/airflow/dags/weather_transform.py took 0.541 seconds
[2024-12-10T13:08:39.503+0000] {processor.py:157} INFO - Started process (PID=5954) to work on /opt/airflow/dags/weather_transform.py
[2024-12-10T13:08:39.504+0000] {processor.py:826} INFO - Processing file /opt/airflow/dags/weather_transform.py for tasks to queue
[2024-12-10T13:08:39.505+0000] {logging_mixin.py:150} INFO - [2024-12-10T13:08:39.505+0000] {dagbag.py:541} INFO - Filling up the DagBag from /opt/airflow/dags/weather_transform.py
[2024-12-10T13:08:39.907+0000] {processor.py:836} INFO - DAG(s) dict_keys(['weather_data_processing']) retrieved from /opt/airflow/dags/weather_transform.py
[2024-12-10T13:08:39.934+0000] {logging_mixin.py:150} INFO - [2024-12-10T13:08:39.933+0000] {dag.py:2742} INFO - Sync 1 DAGs
[2024-12-10T13:08:39.958+0000] {logging_mixin.py:150} INFO - [2024-12-10T13:08:39.957+0000] {dag.py:3508} INFO - Setting next_dagrun for weather_data_processing to None, run_after=None
[2024-12-10T13:08:39.984+0000] {processor.py:179} INFO - Processing /opt/airflow/dags/weather_transform.py took 0.484 seconds
[2024-12-10T13:09:10.848+0000] {processor.py:157} INFO - Started process (PID=6145) to work on /opt/airflow/dags/weather_transform.py
[2024-12-10T13:09:10.849+0000] {processor.py:826} INFO - Processing file /opt/airflow/dags/weather_transform.py for tasks to queue
[2024-12-10T13:09:10.850+0000] {logging_mixin.py:150} INFO - [2024-12-10T13:09:10.850+0000] {dagbag.py:541} INFO - Filling up the DagBag from /opt/airflow/dags/weather_transform.py
[2024-12-10T13:09:11.232+0000] {processor.py:836} INFO - DAG(s) dict_keys(['weather_data_processing']) retrieved from /opt/airflow/dags/weather_transform.py
[2024-12-10T13:09:11.260+0000] {logging_mixin.py:150} INFO - [2024-12-10T13:09:11.259+0000] {dag.py:2742} INFO - Sync 1 DAGs
[2024-12-10T13:09:11.287+0000] {logging_mixin.py:150} INFO - [2024-12-10T13:09:11.286+0000] {dag.py:3508} INFO - Setting next_dagrun for weather_data_processing to None, run_after=None
[2024-12-10T13:09:11.311+0000] {processor.py:179} INFO - Processing /opt/airflow/dags/weather_transform.py took 0.466 seconds
[2024-12-10T13:09:41.357+0000] {processor.py:157} INFO - Started process (PID=6336) to work on /opt/airflow/dags/weather_transform.py
[2024-12-10T13:09:41.358+0000] {processor.py:826} INFO - Processing file /opt/airflow/dags/weather_transform.py for tasks to queue
[2024-12-10T13:09:41.359+0000] {logging_mixin.py:150} INFO - [2024-12-10T13:09:41.359+0000] {dagbag.py:541} INFO - Filling up the DagBag from /opt/airflow/dags/weather_transform.py
[2024-12-10T13:09:41.754+0000] {processor.py:836} INFO - DAG(s) dict_keys(['weather_data_processing']) retrieved from /opt/airflow/dags/weather_transform.py
[2024-12-10T13:09:41.783+0000] {logging_mixin.py:150} INFO - [2024-12-10T13:09:41.783+0000] {dag.py:2742} INFO - Sync 1 DAGs
[2024-12-10T13:09:41.810+0000] {logging_mixin.py:150} INFO - [2024-12-10T13:09:41.810+0000] {dag.py:3508} INFO - Setting next_dagrun for weather_data_processing to None, run_after=None
[2024-12-10T13:09:41.837+0000] {processor.py:179} INFO - Processing /opt/airflow/dags/weather_transform.py took 0.484 seconds
[2024-12-10T13:10:12.111+0000] {processor.py:157} INFO - Started process (PID=6527) to work on /opt/airflow/dags/weather_transform.py
[2024-12-10T13:10:12.112+0000] {processor.py:826} INFO - Processing file /opt/airflow/dags/weather_transform.py for tasks to queue
[2024-12-10T13:10:12.113+0000] {logging_mixin.py:150} INFO - [2024-12-10T13:10:12.113+0000] {dagbag.py:541} INFO - Filling up the DagBag from /opt/airflow/dags/weather_transform.py
[2024-12-10T13:10:12.566+0000] {processor.py:836} INFO - DAG(s) dict_keys(['weather_data_processing']) retrieved from /opt/airflow/dags/weather_transform.py
[2024-12-10T13:10:12.601+0000] {logging_mixin.py:150} INFO - [2024-12-10T13:10:12.600+0000] {dag.py:2742} INFO - Sync 1 DAGs
[2024-12-10T13:10:12.627+0000] {logging_mixin.py:150} INFO - [2024-12-10T13:10:12.627+0000] {dag.py:3508} INFO - Setting next_dagrun for weather_data_processing to None, run_after=None
[2024-12-10T13:10:12.651+0000] {processor.py:179} INFO - Processing /opt/airflow/dags/weather_transform.py took 0.543 seconds
[2024-12-10T13:10:43.369+0000] {processor.py:157} INFO - Started process (PID=6746) to work on /opt/airflow/dags/weather_transform.py
[2024-12-10T13:10:43.379+0000] {processor.py:826} INFO - Processing file /opt/airflow/dags/weather_transform.py for tasks to queue
[2024-12-10T13:10:43.381+0000] {logging_mixin.py:150} INFO - [2024-12-10T13:10:43.381+0000] {dagbag.py:541} INFO - Filling up the DagBag from /opt/airflow/dags/weather_transform.py
[2024-12-10T13:10:44.093+0000] {processor.py:836} INFO - DAG(s) dict_keys(['weather_data_processing']) retrieved from /opt/airflow/dags/weather_transform.py
[2024-12-10T13:10:44.142+0000] {logging_mixin.py:150} INFO - [2024-12-10T13:10:44.140+0000] {dag.py:2742} INFO - Sync 1 DAGs
[2024-12-10T13:10:44.183+0000] {logging_mixin.py:150} INFO - [2024-12-10T13:10:44.183+0000] {dag.py:3508} INFO - Setting next_dagrun for weather_data_processing to None, run_after=None
[2024-12-10T13:10:44.216+0000] {processor.py:179} INFO - Processing /opt/airflow/dags/weather_transform.py took 0.857 seconds
[2024-12-10T13:11:14.279+0000] {processor.py:157} INFO - Started process (PID=6937) to work on /opt/airflow/dags/weather_transform.py
[2024-12-10T13:11:14.280+0000] {processor.py:826} INFO - Processing file /opt/airflow/dags/weather_transform.py for tasks to queue
[2024-12-10T13:11:14.281+0000] {logging_mixin.py:150} INFO - [2024-12-10T13:11:14.281+0000] {dagbag.py:541} INFO - Filling up the DagBag from /opt/airflow/dags/weather_transform.py
[2024-12-10T13:11:14.710+0000] {processor.py:836} INFO - DAG(s) dict_keys(['weather_data_processing']) retrieved from /opt/airflow/dags/weather_transform.py
[2024-12-10T13:11:14.739+0000] {logging_mixin.py:150} INFO - [2024-12-10T13:11:14.738+0000] {dag.py:2742} INFO - Sync 1 DAGs
[2024-12-10T13:11:14.766+0000] {logging_mixin.py:150} INFO - [2024-12-10T13:11:14.766+0000] {dag.py:3508} INFO - Setting next_dagrun for weather_data_processing to None, run_after=None
[2024-12-10T13:11:14.788+0000] {processor.py:179} INFO - Processing /opt/airflow/dags/weather_transform.py took 0.512 seconds
[2024-12-10T13:11:19.933+0000] {processor.py:157} INFO - Started process (PID=7010) to work on /opt/airflow/dags/weather_transform.py
[2024-12-10T13:11:19.934+0000] {processor.py:826} INFO - Processing file /opt/airflow/dags/weather_transform.py for tasks to queue
[2024-12-10T13:11:19.935+0000] {logging_mixin.py:150} INFO - [2024-12-10T13:11:19.934+0000] {dagbag.py:541} INFO - Filling up the DagBag from /opt/airflow/dags/weather_transform.py
[2024-12-10T13:11:20.447+0000] {processor.py:836} INFO - DAG(s) dict_keys(['weather_data_processing']) retrieved from /opt/airflow/dags/weather_transform.py
[2024-12-10T13:11:20.480+0000] {logging_mixin.py:150} INFO - [2024-12-10T13:11:20.480+0000] {dag.py:2742} INFO - Sync 1 DAGs
[2024-12-10T13:11:20.517+0000] {logging_mixin.py:150} INFO - [2024-12-10T13:11:20.517+0000] {dag.py:3508} INFO - Setting next_dagrun for weather_data_processing to None, run_after=None
[2024-12-10T13:11:20.550+0000] {processor.py:179} INFO - Processing /opt/airflow/dags/weather_transform.py took 0.620 seconds
[2024-12-10T13:11:50.683+0000] {processor.py:157} INFO - Started process (PID=7226) to work on /opt/airflow/dags/weather_transform.py
[2024-12-10T13:11:50.684+0000] {processor.py:826} INFO - Processing file /opt/airflow/dags/weather_transform.py for tasks to queue
[2024-12-10T13:11:50.686+0000] {logging_mixin.py:150} INFO - [2024-12-10T13:11:50.685+0000] {dagbag.py:541} INFO - Filling up the DagBag from /opt/airflow/dags/weather_transform.py
[2024-12-10T13:11:51.113+0000] {processor.py:836} INFO - DAG(s) dict_keys(['weather_data_processing']) retrieved from /opt/airflow/dags/weather_transform.py
[2024-12-10T13:11:51.145+0000] {logging_mixin.py:150} INFO - [2024-12-10T13:11:51.144+0000] {dag.py:2742} INFO - Sync 1 DAGs
[2024-12-10T13:11:51.174+0000] {logging_mixin.py:150} INFO - [2024-12-10T13:11:51.173+0000] {dag.py:3508} INFO - Setting next_dagrun for weather_data_processing to None, run_after=None
[2024-12-10T13:11:51.196+0000] {processor.py:179} INFO - Processing /opt/airflow/dags/weather_transform.py took 0.516 seconds
[2024-12-10T13:12:21.364+0000] {processor.py:157} INFO - Started process (PID=7417) to work on /opt/airflow/dags/weather_transform.py
[2024-12-10T13:12:21.365+0000] {processor.py:826} INFO - Processing file /opt/airflow/dags/weather_transform.py for tasks to queue
[2024-12-10T13:12:21.366+0000] {logging_mixin.py:150} INFO - [2024-12-10T13:12:21.365+0000] {dagbag.py:541} INFO - Filling up the DagBag from /opt/airflow/dags/weather_transform.py
[2024-12-10T13:12:21.810+0000] {processor.py:836} INFO - DAG(s) dict_keys(['weather_data_processing']) retrieved from /opt/airflow/dags/weather_transform.py
[2024-12-10T13:12:21.844+0000] {logging_mixin.py:150} INFO - [2024-12-10T13:12:21.843+0000] {dag.py:2742} INFO - Sync 1 DAGs
[2024-12-10T13:12:21.873+0000] {logging_mixin.py:150} INFO - [2024-12-10T13:12:21.873+0000] {dag.py:3508} INFO - Setting next_dagrun for weather_data_processing to None, run_after=None
[2024-12-10T13:12:21.898+0000] {processor.py:179} INFO - Processing /opt/airflow/dags/weather_transform.py took 0.537 seconds
[2024-12-10T13:12:52.338+0000] {processor.py:157} INFO - Started process (PID=7608) to work on /opt/airflow/dags/weather_transform.py
[2024-12-10T13:12:52.339+0000] {processor.py:826} INFO - Processing file /opt/airflow/dags/weather_transform.py for tasks to queue
[2024-12-10T13:12:52.340+0000] {logging_mixin.py:150} INFO - [2024-12-10T13:12:52.340+0000] {dagbag.py:541} INFO - Filling up the DagBag from /opt/airflow/dags/weather_transform.py
[2024-12-10T13:12:52.736+0000] {processor.py:836} INFO - DAG(s) dict_keys(['weather_data_processing']) retrieved from /opt/airflow/dags/weather_transform.py
[2024-12-10T13:12:52.764+0000] {logging_mixin.py:150} INFO - [2024-12-10T13:12:52.764+0000] {dag.py:2742} INFO - Sync 1 DAGs
[2024-12-10T13:12:52.789+0000] {logging_mixin.py:150} INFO - [2024-12-10T13:12:52.789+0000] {dag.py:3508} INFO - Setting next_dagrun for weather_data_processing to None, run_after=None
[2024-12-10T13:12:52.809+0000] {processor.py:179} INFO - Processing /opt/airflow/dags/weather_transform.py took 0.474 seconds
[2024-12-10T13:13:23.024+0000] {processor.py:157} INFO - Started process (PID=7824) to work on /opt/airflow/dags/weather_transform.py
[2024-12-10T13:13:23.025+0000] {processor.py:826} INFO - Processing file /opt/airflow/dags/weather_transform.py for tasks to queue
[2024-12-10T13:13:23.026+0000] {logging_mixin.py:150} INFO - [2024-12-10T13:13:23.026+0000] {dagbag.py:541} INFO - Filling up the DagBag from /opt/airflow/dags/weather_transform.py
[2024-12-10T13:13:23.429+0000] {processor.py:836} INFO - DAG(s) dict_keys(['weather_data_processing']) retrieved from /opt/airflow/dags/weather_transform.py
[2024-12-10T13:13:23.459+0000] {logging_mixin.py:150} INFO - [2024-12-10T13:13:23.458+0000] {dag.py:2742} INFO - Sync 1 DAGs
[2024-12-10T13:13:23.485+0000] {logging_mixin.py:150} INFO - [2024-12-10T13:13:23.485+0000] {dag.py:3508} INFO - Setting next_dagrun for weather_data_processing to None, run_after=None
[2024-12-10T13:13:23.511+0000] {processor.py:179} INFO - Processing /opt/airflow/dags/weather_transform.py took 0.490 seconds
[2024-12-10T13:13:54.274+0000] {processor.py:157} INFO - Started process (PID=8015) to work on /opt/airflow/dags/weather_transform.py
[2024-12-10T13:13:54.275+0000] {processor.py:826} INFO - Processing file /opt/airflow/dags/weather_transform.py for tasks to queue
[2024-12-10T13:13:54.276+0000] {logging_mixin.py:150} INFO - [2024-12-10T13:13:54.276+0000] {dagbag.py:541} INFO - Filling up the DagBag from /opt/airflow/dags/weather_transform.py
[2024-12-10T13:13:54.835+0000] {processor.py:836} INFO - DAG(s) dict_keys(['weather_data_processing']) retrieved from /opt/airflow/dags/weather_transform.py
[2024-12-10T13:13:54.880+0000] {logging_mixin.py:150} INFO - [2024-12-10T13:13:54.879+0000] {dag.py:2742} INFO - Sync 1 DAGs
[2024-12-10T13:13:54.917+0000] {logging_mixin.py:150} INFO - [2024-12-10T13:13:54.917+0000] {dag.py:3508} INFO - Setting next_dagrun for weather_data_processing to None, run_after=None
[2024-12-10T13:13:54.947+0000] {processor.py:179} INFO - Processing /opt/airflow/dags/weather_transform.py took 0.677 seconds
[2024-12-10T13:14:25.378+0000] {processor.py:157} INFO - Started process (PID=8206) to work on /opt/airflow/dags/weather_transform.py
[2024-12-10T13:14:25.379+0000] {processor.py:826} INFO - Processing file /opt/airflow/dags/weather_transform.py for tasks to queue
[2024-12-10T13:14:25.380+0000] {logging_mixin.py:150} INFO - [2024-12-10T13:14:25.380+0000] {dagbag.py:541} INFO - Filling up the DagBag from /opt/airflow/dags/weather_transform.py
[2024-12-10T13:14:25.898+0000] {processor.py:836} INFO - DAG(s) dict_keys(['weather_data_processing']) retrieved from /opt/airflow/dags/weather_transform.py
[2024-12-10T13:14:25.930+0000] {logging_mixin.py:150} INFO - [2024-12-10T13:14:25.929+0000] {dag.py:2742} INFO - Sync 1 DAGs
[2024-12-10T13:14:25.959+0000] {logging_mixin.py:150} INFO - [2024-12-10T13:14:25.959+0000] {dag.py:3508} INFO - Setting next_dagrun for weather_data_processing to None, run_after=None
[2024-12-10T13:14:25.986+0000] {processor.py:179} INFO - Processing /opt/airflow/dags/weather_transform.py took 0.612 seconds
[2024-12-10T13:14:45.328+0000] {processor.py:157} INFO - Started process (PID=8352) to work on /opt/airflow/dags/weather_transform.py
[2024-12-10T13:14:45.329+0000] {processor.py:826} INFO - Processing file /opt/airflow/dags/weather_transform.py for tasks to queue
[2024-12-10T13:14:45.331+0000] {logging_mixin.py:150} INFO - [2024-12-10T13:14:45.331+0000] {dagbag.py:541} INFO - Filling up the DagBag from /opt/airflow/dags/weather_transform.py
[2024-12-10T13:14:45.740+0000] {processor.py:836} INFO - DAG(s) dict_keys(['weather_data_processing']) retrieved from /opt/airflow/dags/weather_transform.py
[2024-12-10T13:14:45.769+0000] {logging_mixin.py:150} INFO - [2024-12-10T13:14:45.768+0000] {dag.py:2742} INFO - Sync 1 DAGs
[2024-12-10T13:14:45.793+0000] {logging_mixin.py:150} INFO - [2024-12-10T13:14:45.793+0000] {dag.py:3508} INFO - Setting next_dagrun for weather_data_processing to None, run_after=None
[2024-12-10T13:14:45.822+0000] {processor.py:179} INFO - Processing /opt/airflow/dags/weather_transform.py took 0.497 seconds
[2024-12-10T13:15:16.001+0000] {processor.py:157} INFO - Started process (PID=8543) to work on /opt/airflow/dags/weather_transform.py
[2024-12-10T13:15:16.002+0000] {processor.py:826} INFO - Processing file /opt/airflow/dags/weather_transform.py for tasks to queue
[2024-12-10T13:15:16.003+0000] {logging_mixin.py:150} INFO - [2024-12-10T13:15:16.003+0000] {dagbag.py:541} INFO - Filling up the DagBag from /opt/airflow/dags/weather_transform.py
[2024-12-10T13:15:16.510+0000] {processor.py:836} INFO - DAG(s) dict_keys(['weather_data_processing']) retrieved from /opt/airflow/dags/weather_transform.py
[2024-12-10T13:15:16.542+0000] {logging_mixin.py:150} INFO - [2024-12-10T13:15:16.541+0000] {dag.py:2742} INFO - Sync 1 DAGs
[2024-12-10T13:15:16.574+0000] {logging_mixin.py:150} INFO - [2024-12-10T13:15:16.574+0000] {dag.py:3508} INFO - Setting next_dagrun for weather_data_processing to None, run_after=None
[2024-12-10T13:15:16.599+0000] {processor.py:179} INFO - Processing /opt/airflow/dags/weather_transform.py took 0.602 seconds
[2024-12-10T13:15:24.340+0000] {processor.py:157} INFO - Started process (PID=8616) to work on /opt/airflow/dags/weather_transform.py
[2024-12-10T13:15:24.341+0000] {processor.py:826} INFO - Processing file /opt/airflow/dags/weather_transform.py for tasks to queue
[2024-12-10T13:15:24.343+0000] {logging_mixin.py:150} INFO - [2024-12-10T13:15:24.342+0000] {dagbag.py:541} INFO - Filling up the DagBag from /opt/airflow/dags/weather_transform.py
[2024-12-10T13:15:24.836+0000] {processor.py:836} INFO - DAG(s) dict_keys(['weather_data_processing']) retrieved from /opt/airflow/dags/weather_transform.py
[2024-12-10T13:15:24.875+0000] {logging_mixin.py:150} INFO - [2024-12-10T13:15:24.873+0000] {dag.py:2742} INFO - Sync 1 DAGs
[2024-12-10T13:15:24.924+0000] {logging_mixin.py:150} INFO - [2024-12-10T13:15:24.924+0000] {dag.py:3508} INFO - Setting next_dagrun for weather_data_processing to None, run_after=None
[2024-12-10T13:15:24.959+0000] {processor.py:179} INFO - Processing /opt/airflow/dags/weather_transform.py took 0.624 seconds
[2024-12-10T13:15:55.335+0000] {processor.py:157} INFO - Started process (PID=8807) to work on /opt/airflow/dags/weather_transform.py
[2024-12-10T13:15:55.337+0000] {processor.py:826} INFO - Processing file /opt/airflow/dags/weather_transform.py for tasks to queue
[2024-12-10T13:15:55.338+0000] {logging_mixin.py:150} INFO - [2024-12-10T13:15:55.337+0000] {dagbag.py:541} INFO - Filling up the DagBag from /opt/airflow/dags/weather_transform.py
[2024-12-10T13:15:55.746+0000] {processor.py:836} INFO - DAG(s) dict_keys(['weather_data_processing']) retrieved from /opt/airflow/dags/weather_transform.py
[2024-12-10T13:15:55.776+0000] {logging_mixin.py:150} INFO - [2024-12-10T13:15:55.776+0000] {dag.py:2742} INFO - Sync 1 DAGs
[2024-12-10T13:15:55.803+0000] {logging_mixin.py:150} INFO - [2024-12-10T13:15:55.803+0000] {dag.py:3508} INFO - Setting next_dagrun for weather_data_processing to None, run_after=None
[2024-12-10T13:15:55.824+0000] {processor.py:179} INFO - Processing /opt/airflow/dags/weather_transform.py took 0.493 seconds
[2024-12-10T13:16:26.244+0000] {processor.py:157} INFO - Started process (PID=9023) to work on /opt/airflow/dags/weather_transform.py
[2024-12-10T13:16:26.245+0000] {processor.py:826} INFO - Processing file /opt/airflow/dags/weather_transform.py for tasks to queue
[2024-12-10T13:16:26.245+0000] {logging_mixin.py:150} INFO - [2024-12-10T13:16:26.245+0000] {dagbag.py:541} INFO - Filling up the DagBag from /opt/airflow/dags/weather_transform.py
[2024-12-10T13:16:26.622+0000] {processor.py:836} INFO - DAG(s) dict_keys(['weather_data_processing']) retrieved from /opt/airflow/dags/weather_transform.py
[2024-12-10T13:16:26.651+0000] {logging_mixin.py:150} INFO - [2024-12-10T13:16:26.651+0000] {dag.py:2742} INFO - Sync 1 DAGs
[2024-12-10T13:16:26.676+0000] {logging_mixin.py:150} INFO - [2024-12-10T13:16:26.676+0000] {dag.py:3508} INFO - Setting next_dagrun for weather_data_processing to None, run_after=None
[2024-12-10T13:16:26.696+0000] {processor.py:179} INFO - Processing /opt/airflow/dags/weather_transform.py took 0.455 seconds
[2024-12-10T13:16:56.842+0000] {processor.py:157} INFO - Started process (PID=9214) to work on /opt/airflow/dags/weather_transform.py
[2024-12-10T13:16:56.844+0000] {processor.py:826} INFO - Processing file /opt/airflow/dags/weather_transform.py for tasks to queue
[2024-12-10T13:16:56.845+0000] {logging_mixin.py:150} INFO - [2024-12-10T13:16:56.845+0000] {dagbag.py:541} INFO - Filling up the DagBag from /opt/airflow/dags/weather_transform.py
[2024-12-10T13:16:57.437+0000] {processor.py:836} INFO - DAG(s) dict_keys(['weather_data_processing']) retrieved from /opt/airflow/dags/weather_transform.py
[2024-12-10T13:16:57.489+0000] {logging_mixin.py:150} INFO - [2024-12-10T13:16:57.488+0000] {dag.py:2742} INFO - Sync 1 DAGs
[2024-12-10T13:16:57.527+0000] {logging_mixin.py:150} INFO - [2024-12-10T13:16:57.527+0000] {dag.py:3508} INFO - Setting next_dagrun for weather_data_processing to None, run_after=None
[2024-12-10T13:16:57.561+0000] {processor.py:179} INFO - Processing /opt/airflow/dags/weather_transform.py took 0.725 seconds
[2024-12-10T13:17:27.715+0000] {processor.py:157} INFO - Started process (PID=9405) to work on /opt/airflow/dags/weather_transform.py
[2024-12-10T13:17:27.716+0000] {processor.py:826} INFO - Processing file /opt/airflow/dags/weather_transform.py for tasks to queue
[2024-12-10T13:17:27.717+0000] {logging_mixin.py:150} INFO - [2024-12-10T13:17:27.717+0000] {dagbag.py:541} INFO - Filling up the DagBag from /opt/airflow/dags/weather_transform.py
[2024-12-10T13:17:28.225+0000] {processor.py:836} INFO - DAG(s) dict_keys(['weather_data_processing']) retrieved from /opt/airflow/dags/weather_transform.py
[2024-12-10T13:17:28.269+0000] {logging_mixin.py:150} INFO - [2024-12-10T13:17:28.268+0000] {dag.py:2742} INFO - Sync 1 DAGs
[2024-12-10T13:17:28.307+0000] {logging_mixin.py:150} INFO - [2024-12-10T13:17:28.306+0000] {dag.py:3508} INFO - Setting next_dagrun for weather_data_processing to None, run_after=None
[2024-12-10T13:17:28.339+0000] {processor.py:179} INFO - Processing /opt/airflow/dags/weather_transform.py took 0.630 seconds
[2024-12-10T13:17:58.789+0000] {processor.py:157} INFO - Started process (PID=9596) to work on /opt/airflow/dags/weather_transform.py
[2024-12-10T13:17:58.790+0000] {processor.py:826} INFO - Processing file /opt/airflow/dags/weather_transform.py for tasks to queue
[2024-12-10T13:17:58.792+0000] {logging_mixin.py:150} INFO - [2024-12-10T13:17:58.791+0000] {dagbag.py:541} INFO - Filling up the DagBag from /opt/airflow/dags/weather_transform.py
[2024-12-10T13:17:59.519+0000] {processor.py:836} INFO - DAG(s) dict_keys(['weather_data_processing']) retrieved from /opt/airflow/dags/weather_transform.py
[2024-12-10T13:17:59.566+0000] {logging_mixin.py:150} INFO - [2024-12-10T13:17:59.565+0000] {dag.py:2742} INFO - Sync 1 DAGs
[2024-12-10T13:17:59.606+0000] {logging_mixin.py:150} INFO - [2024-12-10T13:17:59.606+0000] {dag.py:3508} INFO - Setting next_dagrun for weather_data_processing to None, run_after=None
[2024-12-10T13:17:59.643+0000] {processor.py:179} INFO - Processing /opt/airflow/dags/weather_transform.py took 0.859 seconds
[2024-12-10T13:18:29.990+0000] {processor.py:157} INFO - Started process (PID=9901) to work on /opt/airflow/dags/weather_transform.py
[2024-12-10T13:18:29.991+0000] {processor.py:826} INFO - Processing file /opt/airflow/dags/weather_transform.py for tasks to queue
[2024-12-10T13:18:29.992+0000] {logging_mixin.py:150} INFO - [2024-12-10T13:18:29.992+0000] {dagbag.py:541} INFO - Filling up the DagBag from /opt/airflow/dags/weather_transform.py
[2024-12-10T13:18:30.403+0000] {processor.py:836} INFO - DAG(s) dict_keys(['weather_data_processing']) retrieved from /opt/airflow/dags/weather_transform.py
[2024-12-10T13:18:30.435+0000] {logging_mixin.py:150} INFO - [2024-12-10T13:18:30.435+0000] {dag.py:2742} INFO - Sync 1 DAGs
[2024-12-10T13:18:30.464+0000] {logging_mixin.py:150} INFO - [2024-12-10T13:18:30.464+0000] {dag.py:3508} INFO - Setting next_dagrun for weather_data_processing to None, run_after=None
[2024-12-10T13:18:30.487+0000] {processor.py:179} INFO - Processing /opt/airflow/dags/weather_transform.py took 0.499 seconds
[2024-12-10T13:18:44.734+0000] {processor.py:157} INFO - Started process (PID=10015) to work on /opt/airflow/dags/weather_transform.py
[2024-12-10T13:18:44.735+0000] {processor.py:826} INFO - Processing file /opt/airflow/dags/weather_transform.py for tasks to queue
[2024-12-10T13:18:44.737+0000] {logging_mixin.py:150} INFO - [2024-12-10T13:18:44.737+0000] {dagbag.py:541} INFO - Filling up the DagBag from /opt/airflow/dags/weather_transform.py
[2024-12-10T13:18:45.183+0000] {processor.py:836} INFO - DAG(s) dict_keys(['weather_data_processing']) retrieved from /opt/airflow/dags/weather_transform.py
[2024-12-10T13:18:45.218+0000] {logging_mixin.py:150} INFO - [2024-12-10T13:18:45.218+0000] {dag.py:2742} INFO - Sync 1 DAGs
[2024-12-10T13:18:45.249+0000] {logging_mixin.py:150} INFO - [2024-12-10T13:18:45.249+0000] {dag.py:3508} INFO - Setting next_dagrun for weather_data_processing to None, run_after=None
[2024-12-10T13:18:45.281+0000] {processor.py:179} INFO - Processing /opt/airflow/dags/weather_transform.py took 0.550 seconds
[2024-12-10T13:18:45.753+0000] {processor.py:157} INFO - Started process (PID=10043) to work on /opt/airflow/dags/weather_transform.py
[2024-12-10T13:18:45.755+0000] {processor.py:826} INFO - Processing file /opt/airflow/dags/weather_transform.py for tasks to queue
[2024-12-10T13:18:45.756+0000] {logging_mixin.py:150} INFO - [2024-12-10T13:18:45.756+0000] {dagbag.py:541} INFO - Filling up the DagBag from /opt/airflow/dags/weather_transform.py
[2024-12-10T13:18:46.198+0000] {processor.py:836} INFO - DAG(s) dict_keys(['weather_data_processing']) retrieved from /opt/airflow/dags/weather_transform.py
[2024-12-10T13:18:46.235+0000] {logging_mixin.py:150} INFO - [2024-12-10T13:18:46.234+0000] {dag.py:2742} INFO - Sync 1 DAGs
[2024-12-10T13:18:46.265+0000] {logging_mixin.py:150} INFO - [2024-12-10T13:18:46.264+0000] {dag.py:3508} INFO - Setting next_dagrun for weather_data_processing to None, run_after=None
[2024-12-10T13:18:46.300+0000] {processor.py:179} INFO - Processing /opt/airflow/dags/weather_transform.py took 0.551 seconds
[2024-12-10T13:19:16.486+0000] {processor.py:157} INFO - Started process (PID=10358) to work on /opt/airflow/dags/weather_transform.py
[2024-12-10T13:19:16.487+0000] {processor.py:826} INFO - Processing file /opt/airflow/dags/weather_transform.py for tasks to queue
[2024-12-10T13:19:16.488+0000] {logging_mixin.py:150} INFO - [2024-12-10T13:19:16.488+0000] {dagbag.py:541} INFO - Filling up the DagBag from /opt/airflow/dags/weather_transform.py
[2024-12-10T13:19:16.883+0000] {processor.py:836} INFO - DAG(s) dict_keys(['weather_data_processing']) retrieved from /opt/airflow/dags/weather_transform.py
[2024-12-10T13:19:16.910+0000] {logging_mixin.py:150} INFO - [2024-12-10T13:19:16.910+0000] {dag.py:2742} INFO - Sync 1 DAGs
[2024-12-10T13:19:16.935+0000] {logging_mixin.py:150} INFO - [2024-12-10T13:19:16.934+0000] {dag.py:3508} INFO - Setting next_dagrun for weather_data_processing to None, run_after=None
[2024-12-10T13:19:16.960+0000] {processor.py:179} INFO - Processing /opt/airflow/dags/weather_transform.py took 0.478 seconds
[2024-12-10T13:19:47.546+0000] {processor.py:157} INFO - Started process (PID=10549) to work on /opt/airflow/dags/weather_transform.py
[2024-12-10T13:19:47.547+0000] {processor.py:826} INFO - Processing file /opt/airflow/dags/weather_transform.py for tasks to queue
[2024-12-10T13:19:47.548+0000] {logging_mixin.py:150} INFO - [2024-12-10T13:19:47.548+0000] {dagbag.py:541} INFO - Filling up the DagBag from /opt/airflow/dags/weather_transform.py
[2024-12-10T13:19:47.974+0000] {processor.py:836} INFO - DAG(s) dict_keys(['weather_data_processing']) retrieved from /opt/airflow/dags/weather_transform.py
[2024-12-10T13:19:48.005+0000] {logging_mixin.py:150} INFO - [2024-12-10T13:19:48.004+0000] {dag.py:2742} INFO - Sync 1 DAGs
[2024-12-10T13:19:48.034+0000] {logging_mixin.py:150} INFO - [2024-12-10T13:19:48.034+0000] {dag.py:3508} INFO - Setting next_dagrun for weather_data_processing to None, run_after=None
[2024-12-10T13:19:48.059+0000] {processor.py:179} INFO - Processing /opt/airflow/dags/weather_transform.py took 0.516 seconds
[2024-12-10T13:20:18.290+0000] {processor.py:157} INFO - Started process (PID=10740) to work on /opt/airflow/dags/weather_transform.py
[2024-12-10T13:20:18.291+0000] {processor.py:826} INFO - Processing file /opt/airflow/dags/weather_transform.py for tasks to queue
[2024-12-10T13:20:18.293+0000] {logging_mixin.py:150} INFO - [2024-12-10T13:20:18.292+0000] {dagbag.py:541} INFO - Filling up the DagBag from /opt/airflow/dags/weather_transform.py
[2024-12-10T13:20:18.733+0000] {processor.py:836} INFO - DAG(s) dict_keys(['weather_data_processing']) retrieved from /opt/airflow/dags/weather_transform.py
[2024-12-10T13:20:18.769+0000] {logging_mixin.py:150} INFO - [2024-12-10T13:20:18.766+0000] {dag.py:2742} INFO - Sync 1 DAGs
[2024-12-10T13:20:18.798+0000] {logging_mixin.py:150} INFO - [2024-12-10T13:20:18.798+0000] {dag.py:3508} INFO - Setting next_dagrun for weather_data_processing to None, run_after=None
[2024-12-10T13:20:18.821+0000] {processor.py:179} INFO - Processing /opt/airflow/dags/weather_transform.py took 0.535 seconds
[2024-12-10T13:20:49.144+0000] {processor.py:157} INFO - Started process (PID=10931) to work on /opt/airflow/dags/weather_transform.py
[2024-12-10T13:20:49.145+0000] {processor.py:826} INFO - Processing file /opt/airflow/dags/weather_transform.py for tasks to queue
[2024-12-10T13:20:49.146+0000] {logging_mixin.py:150} INFO - [2024-12-10T13:20:49.146+0000] {dagbag.py:541} INFO - Filling up the DagBag from /opt/airflow/dags/weather_transform.py
[2024-12-10T13:20:49.556+0000] {processor.py:836} INFO - DAG(s) dict_keys(['weather_data_processing']) retrieved from /opt/airflow/dags/weather_transform.py
[2024-12-10T13:20:49.587+0000] {logging_mixin.py:150} INFO - [2024-12-10T13:20:49.586+0000] {dag.py:2742} INFO - Sync 1 DAGs
[2024-12-10T13:20:49.611+0000] {logging_mixin.py:150} INFO - [2024-12-10T13:20:49.611+0000] {dag.py:3508} INFO - Setting next_dagrun for weather_data_processing to None, run_after=None
[2024-12-10T13:20:49.635+0000] {processor.py:179} INFO - Processing /opt/airflow/dags/weather_transform.py took 0.494 seconds
[2024-12-10T13:21:19.889+0000] {processor.py:157} INFO - Started process (PID=11122) to work on /opt/airflow/dags/weather_transform.py
[2024-12-10T13:21:19.891+0000] {processor.py:826} INFO - Processing file /opt/airflow/dags/weather_transform.py for tasks to queue
[2024-12-10T13:21:19.893+0000] {logging_mixin.py:150} INFO - [2024-12-10T13:21:19.892+0000] {dagbag.py:541} INFO - Filling up the DagBag from /opt/airflow/dags/weather_transform.py
[2024-12-10T13:21:20.399+0000] {processor.py:836} INFO - DAG(s) dict_keys(['weather_data_processing']) retrieved from /opt/airflow/dags/weather_transform.py
[2024-12-10T13:21:20.431+0000] {logging_mixin.py:150} INFO - [2024-12-10T13:21:20.430+0000] {dag.py:2742} INFO - Sync 1 DAGs
[2024-12-10T13:21:20.462+0000] {logging_mixin.py:150} INFO - [2024-12-10T13:21:20.461+0000] {dag.py:3508} INFO - Setting next_dagrun for weather_data_processing to None, run_after=None
[2024-12-10T13:21:20.483+0000] {processor.py:179} INFO - Processing /opt/airflow/dags/weather_transform.py took 0.600 seconds
[2024-12-10T13:21:50.606+0000] {processor.py:157} INFO - Started process (PID=11313) to work on /opt/airflow/dags/weather_transform.py
[2024-12-10T13:21:50.608+0000] {processor.py:826} INFO - Processing file /opt/airflow/dags/weather_transform.py for tasks to queue
[2024-12-10T13:21:50.609+0000] {logging_mixin.py:150} INFO - [2024-12-10T13:21:50.608+0000] {dagbag.py:541} INFO - Filling up the DagBag from /opt/airflow/dags/weather_transform.py
[2024-12-10T13:21:51.021+0000] {processor.py:836} INFO - DAG(s) dict_keys(['weather_data_processing']) retrieved from /opt/airflow/dags/weather_transform.py
[2024-12-10T13:21:51.050+0000] {logging_mixin.py:150} INFO - [2024-12-10T13:21:51.050+0000] {dag.py:2742} INFO - Sync 1 DAGs
[2024-12-10T13:21:51.080+0000] {logging_mixin.py:150} INFO - [2024-12-10T13:21:51.080+0000] {dag.py:3508} INFO - Setting next_dagrun for weather_data_processing to None, run_after=None
[2024-12-10T13:21:51.106+0000] {processor.py:179} INFO - Processing /opt/airflow/dags/weather_transform.py took 0.503 seconds
[2024-12-10T13:22:21.427+0000] {processor.py:157} INFO - Started process (PID=11504) to work on /opt/airflow/dags/weather_transform.py
[2024-12-10T13:22:21.428+0000] {processor.py:826} INFO - Processing file /opt/airflow/dags/weather_transform.py for tasks to queue
[2024-12-10T13:22:21.429+0000] {logging_mixin.py:150} INFO - [2024-12-10T13:22:21.429+0000] {dagbag.py:541} INFO - Filling up the DagBag from /opt/airflow/dags/weather_transform.py
[2024-12-10T13:22:21.863+0000] {processor.py:836} INFO - DAG(s) dict_keys(['weather_data_processing']) retrieved from /opt/airflow/dags/weather_transform.py
[2024-12-10T13:22:21.891+0000] {logging_mixin.py:150} INFO - [2024-12-10T13:22:21.890+0000] {dag.py:2742} INFO - Sync 1 DAGs
[2024-12-10T13:22:21.920+0000] {logging_mixin.py:150} INFO - [2024-12-10T13:22:21.920+0000] {dag.py:3508} INFO - Setting next_dagrun for weather_data_processing to None, run_after=None
[2024-12-10T13:22:21.942+0000] {processor.py:179} INFO - Processing /opt/airflow/dags/weather_transform.py took 0.518 seconds
[2024-12-10T13:22:52.085+0000] {processor.py:157} INFO - Started process (PID=11695) to work on /opt/airflow/dags/weather_transform.py
[2024-12-10T13:22:52.086+0000] {processor.py:826} INFO - Processing file /opt/airflow/dags/weather_transform.py for tasks to queue
[2024-12-10T13:22:52.087+0000] {logging_mixin.py:150} INFO - [2024-12-10T13:22:52.087+0000] {dagbag.py:541} INFO - Filling up the DagBag from /opt/airflow/dags/weather_transform.py
[2024-12-10T13:22:52.470+0000] {processor.py:836} INFO - DAG(s) dict_keys(['weather_data_processing']) retrieved from /opt/airflow/dags/weather_transform.py
[2024-12-10T13:22:52.499+0000] {logging_mixin.py:150} INFO - [2024-12-10T13:22:52.499+0000] {dag.py:2742} INFO - Sync 1 DAGs
[2024-12-10T13:22:52.523+0000] {logging_mixin.py:150} INFO - [2024-12-10T13:22:52.523+0000] {dag.py:3508} INFO - Setting next_dagrun for weather_data_processing to None, run_after=None
[2024-12-10T13:22:52.545+0000] {processor.py:179} INFO - Processing /opt/airflow/dags/weather_transform.py took 0.463 seconds
[2024-12-10T13:23:22.636+0000] {processor.py:157} INFO - Started process (PID=11932) to work on /opt/airflow/dags/weather_transform.py
[2024-12-10T13:23:22.637+0000] {processor.py:826} INFO - Processing file /opt/airflow/dags/weather_transform.py for tasks to queue
[2024-12-10T13:23:22.638+0000] {logging_mixin.py:150} INFO - [2024-12-10T13:23:22.638+0000] {dagbag.py:541} INFO - Filling up the DagBag from /opt/airflow/dags/weather_transform.py
[2024-12-10T13:23:23.017+0000] {processor.py:836} INFO - DAG(s) dict_keys(['weather_data_processing']) retrieved from /opt/airflow/dags/weather_transform.py
[2024-12-10T13:23:23.046+0000] {logging_mixin.py:150} INFO - [2024-12-10T13:23:23.045+0000] {dag.py:2742} INFO - Sync 1 DAGs
[2024-12-10T13:23:23.071+0000] {logging_mixin.py:150} INFO - [2024-12-10T13:23:23.071+0000] {dag.py:3508} INFO - Setting next_dagrun for weather_data_processing to None, run_after=None
[2024-12-10T13:23:23.096+0000] {processor.py:179} INFO - Processing /opt/airflow/dags/weather_transform.py took 0.463 seconds
[2024-12-10T13:23:53.156+0000] {processor.py:157} INFO - Started process (PID=12123) to work on /opt/airflow/dags/weather_transform.py
[2024-12-10T13:23:53.157+0000] {processor.py:826} INFO - Processing file /opt/airflow/dags/weather_transform.py for tasks to queue
[2024-12-10T13:23:53.158+0000] {logging_mixin.py:150} INFO - [2024-12-10T13:23:53.158+0000] {dagbag.py:541} INFO - Filling up the DagBag from /opt/airflow/dags/weather_transform.py
[2024-12-10T13:23:53.533+0000] {processor.py:836} INFO - DAG(s) dict_keys(['weather_data_processing']) retrieved from /opt/airflow/dags/weather_transform.py
[2024-12-10T13:23:53.559+0000] {logging_mixin.py:150} INFO - [2024-12-10T13:23:53.559+0000] {dag.py:2742} INFO - Sync 1 DAGs
[2024-12-10T13:23:53.586+0000] {logging_mixin.py:150} INFO - [2024-12-10T13:23:53.586+0000] {dag.py:3508} INFO - Setting next_dagrun for weather_data_processing to None, run_after=None
[2024-12-10T13:23:53.605+0000] {processor.py:179} INFO - Processing /opt/airflow/dags/weather_transform.py took 0.453 seconds
[2024-12-10T13:24:23.759+0000] {processor.py:157} INFO - Started process (PID=12314) to work on /opt/airflow/dags/weather_transform.py
[2024-12-10T13:24:23.760+0000] {processor.py:826} INFO - Processing file /opt/airflow/dags/weather_transform.py for tasks to queue
[2024-12-10T13:24:23.761+0000] {logging_mixin.py:150} INFO - [2024-12-10T13:24:23.760+0000] {dagbag.py:541} INFO - Filling up the DagBag from /opt/airflow/dags/weather_transform.py
[2024-12-10T13:24:24.136+0000] {processor.py:836} INFO - DAG(s) dict_keys(['weather_data_processing']) retrieved from /opt/airflow/dags/weather_transform.py
[2024-12-10T13:24:24.167+0000] {logging_mixin.py:150} INFO - [2024-12-10T13:24:24.166+0000] {dag.py:2742} INFO - Sync 1 DAGs
[2024-12-10T13:24:24.193+0000] {logging_mixin.py:150} INFO - [2024-12-10T13:24:24.193+0000] {dag.py:3508} INFO - Setting next_dagrun for weather_data_processing to None, run_after=None
[2024-12-10T13:24:24.214+0000] {processor.py:179} INFO - Processing /opt/airflow/dags/weather_transform.py took 0.459 seconds
[2024-12-10T13:24:54.341+0000] {processor.py:157} INFO - Started process (PID=12505) to work on /opt/airflow/dags/weather_transform.py
[2024-12-10T13:24:54.342+0000] {processor.py:826} INFO - Processing file /opt/airflow/dags/weather_transform.py for tasks to queue
[2024-12-10T13:24:54.343+0000] {logging_mixin.py:150} INFO - [2024-12-10T13:24:54.343+0000] {dagbag.py:541} INFO - Filling up the DagBag from /opt/airflow/dags/weather_transform.py
[2024-12-10T13:24:54.723+0000] {processor.py:836} INFO - DAG(s) dict_keys(['weather_data_processing']) retrieved from /opt/airflow/dags/weather_transform.py
[2024-12-10T13:24:54.750+0000] {logging_mixin.py:150} INFO - [2024-12-10T13:24:54.749+0000] {dag.py:2742} INFO - Sync 1 DAGs
[2024-12-10T13:24:54.774+0000] {logging_mixin.py:150} INFO - [2024-12-10T13:24:54.774+0000] {dag.py:3508} INFO - Setting next_dagrun for weather_data_processing to None, run_after=None
[2024-12-10T13:24:54.792+0000] {processor.py:179} INFO - Processing /opt/airflow/dags/weather_transform.py took 0.454 seconds
[2024-12-10T13:25:25.069+0000] {processor.py:157} INFO - Started process (PID=12696) to work on /opt/airflow/dags/weather_transform.py
[2024-12-10T13:25:25.070+0000] {processor.py:826} INFO - Processing file /opt/airflow/dags/weather_transform.py for tasks to queue
[2024-12-10T13:25:25.071+0000] {logging_mixin.py:150} INFO - [2024-12-10T13:25:25.071+0000] {dagbag.py:541} INFO - Filling up the DagBag from /opt/airflow/dags/weather_transform.py
[2024-12-10T13:25:25.441+0000] {processor.py:836} INFO - DAG(s) dict_keys(['weather_data_processing']) retrieved from /opt/airflow/dags/weather_transform.py
[2024-12-10T13:25:25.468+0000] {logging_mixin.py:150} INFO - [2024-12-10T13:25:25.468+0000] {dag.py:2742} INFO - Sync 1 DAGs
[2024-12-10T13:25:25.492+0000] {logging_mixin.py:150} INFO - [2024-12-10T13:25:25.492+0000] {dag.py:3508} INFO - Setting next_dagrun for weather_data_processing to None, run_after=None
[2024-12-10T13:25:25.515+0000] {processor.py:179} INFO - Processing /opt/airflow/dags/weather_transform.py took 0.449 seconds
[2024-12-10T13:25:55.751+0000] {processor.py:157} INFO - Started process (PID=12887) to work on /opt/airflow/dags/weather_transform.py
[2024-12-10T13:25:55.752+0000] {processor.py:826} INFO - Processing file /opt/airflow/dags/weather_transform.py for tasks to queue
[2024-12-10T13:25:55.753+0000] {logging_mixin.py:150} INFO - [2024-12-10T13:25:55.753+0000] {dagbag.py:541} INFO - Filling up the DagBag from /opt/airflow/dags/weather_transform.py
[2024-12-10T13:25:56.127+0000] {processor.py:836} INFO - DAG(s) dict_keys(['weather_data_processing']) retrieved from /opt/airflow/dags/weather_transform.py
[2024-12-10T13:25:56.154+0000] {logging_mixin.py:150} INFO - [2024-12-10T13:25:56.154+0000] {dag.py:2742} INFO - Sync 1 DAGs
[2024-12-10T13:25:56.179+0000] {logging_mixin.py:150} INFO - [2024-12-10T13:25:56.179+0000] {dag.py:3508} INFO - Setting next_dagrun for weather_data_processing to None, run_after=None
[2024-12-10T13:25:56.197+0000] {processor.py:179} INFO - Processing /opt/airflow/dags/weather_transform.py took 0.449 seconds
[2024-12-10T13:26:26.931+0000] {processor.py:157} INFO - Started process (PID=13078) to work on /opt/airflow/dags/weather_transform.py
[2024-12-10T13:26:26.932+0000] {processor.py:826} INFO - Processing file /opt/airflow/dags/weather_transform.py for tasks to queue
[2024-12-10T13:26:26.933+0000] {logging_mixin.py:150} INFO - [2024-12-10T13:26:26.933+0000] {dagbag.py:541} INFO - Filling up the DagBag from /opt/airflow/dags/weather_transform.py
[2024-12-10T13:26:27.319+0000] {processor.py:836} INFO - DAG(s) dict_keys(['weather_data_processing']) retrieved from /opt/airflow/dags/weather_transform.py
[2024-12-10T13:26:27.345+0000] {logging_mixin.py:150} INFO - [2024-12-10T13:26:27.344+0000] {dag.py:2742} INFO - Sync 1 DAGs
[2024-12-10T13:26:27.370+0000] {logging_mixin.py:150} INFO - [2024-12-10T13:26:27.370+0000] {dag.py:3508} INFO - Setting next_dagrun for weather_data_processing to None, run_after=None
[2024-12-10T13:26:27.394+0000] {processor.py:179} INFO - Processing /opt/airflow/dags/weather_transform.py took 0.466 seconds
[2024-12-10T13:26:58.124+0000] {processor.py:157} INFO - Started process (PID=13269) to work on /opt/airflow/dags/weather_transform.py
[2024-12-10T13:26:58.125+0000] {processor.py:826} INFO - Processing file /opt/airflow/dags/weather_transform.py for tasks to queue
[2024-12-10T13:26:58.126+0000] {logging_mixin.py:150} INFO - [2024-12-10T13:26:58.126+0000] {dagbag.py:541} INFO - Filling up the DagBag from /opt/airflow/dags/weather_transform.py
[2024-12-10T13:26:58.517+0000] {processor.py:836} INFO - DAG(s) dict_keys(['weather_data_processing']) retrieved from /opt/airflow/dags/weather_transform.py
[2024-12-10T13:26:58.544+0000] {logging_mixin.py:150} INFO - [2024-12-10T13:26:58.543+0000] {dag.py:2742} INFO - Sync 1 DAGs
[2024-12-10T13:26:58.570+0000] {logging_mixin.py:150} INFO - [2024-12-10T13:26:58.570+0000] {dag.py:3508} INFO - Setting next_dagrun for weather_data_processing to None, run_after=None
[2024-12-10T13:26:58.592+0000] {processor.py:179} INFO - Processing /opt/airflow/dags/weather_transform.py took 0.471 seconds
[2024-12-10T13:27:28.959+0000] {processor.py:157} INFO - Started process (PID=13460) to work on /opt/airflow/dags/weather_transform.py
[2024-12-10T13:27:28.960+0000] {processor.py:826} INFO - Processing file /opt/airflow/dags/weather_transform.py for tasks to queue
[2024-12-10T13:27:28.961+0000] {logging_mixin.py:150} INFO - [2024-12-10T13:27:28.961+0000] {dagbag.py:541} INFO - Filling up the DagBag from /opt/airflow/dags/weather_transform.py
[2024-12-10T13:27:29.382+0000] {processor.py:836} INFO - DAG(s) dict_keys(['weather_data_processing']) retrieved from /opt/airflow/dags/weather_transform.py
[2024-12-10T13:27:29.408+0000] {logging_mixin.py:150} INFO - [2024-12-10T13:27:29.407+0000] {dag.py:2742} INFO - Sync 1 DAGs
[2024-12-10T13:27:29.432+0000] {logging_mixin.py:150} INFO - [2024-12-10T13:27:29.432+0000] {dag.py:3508} INFO - Setting next_dagrun for weather_data_processing to None, run_after=None
[2024-12-10T13:27:29.452+0000] {processor.py:179} INFO - Processing /opt/airflow/dags/weather_transform.py took 0.497 seconds
[2024-12-10T13:27:59.634+0000] {processor.py:157} INFO - Started process (PID=13651) to work on /opt/airflow/dags/weather_transform.py
[2024-12-10T13:27:59.635+0000] {processor.py:826} INFO - Processing file /opt/airflow/dags/weather_transform.py for tasks to queue
[2024-12-10T13:27:59.636+0000] {logging_mixin.py:150} INFO - [2024-12-10T13:27:59.636+0000] {dagbag.py:541} INFO - Filling up the DagBag from /opt/airflow/dags/weather_transform.py
[2024-12-10T13:28:00.042+0000] {processor.py:836} INFO - DAG(s) dict_keys(['weather_data_processing']) retrieved from /opt/airflow/dags/weather_transform.py
[2024-12-10T13:28:00.069+0000] {logging_mixin.py:150} INFO - [2024-12-10T13:28:00.068+0000] {dag.py:2742} INFO - Sync 1 DAGs
[2024-12-10T13:28:00.094+0000] {logging_mixin.py:150} INFO - [2024-12-10T13:28:00.094+0000] {dag.py:3508} INFO - Setting next_dagrun for weather_data_processing to None, run_after=None
[2024-12-10T13:28:00.115+0000] {processor.py:179} INFO - Processing /opt/airflow/dags/weather_transform.py took 0.483 seconds
[2024-12-10T13:28:30.992+0000] {processor.py:157} INFO - Started process (PID=13874) to work on /opt/airflow/dags/weather_transform.py
[2024-12-10T13:28:30.993+0000] {processor.py:826} INFO - Processing file /opt/airflow/dags/weather_transform.py for tasks to queue
[2024-12-10T13:28:30.994+0000] {logging_mixin.py:150} INFO - [2024-12-10T13:28:30.994+0000] {dagbag.py:541} INFO - Filling up the DagBag from /opt/airflow/dags/weather_transform.py
[2024-12-10T13:28:31.380+0000] {processor.py:836} INFO - DAG(s) dict_keys(['weather_data_processing']) retrieved from /opt/airflow/dags/weather_transform.py
[2024-12-10T13:28:31.409+0000] {logging_mixin.py:150} INFO - [2024-12-10T13:28:31.408+0000] {dag.py:2742} INFO - Sync 1 DAGs
[2024-12-10T13:28:31.433+0000] {logging_mixin.py:150} INFO - [2024-12-10T13:28:31.433+0000] {dag.py:3508} INFO - Setting next_dagrun for weather_data_processing to None, run_after=None
[2024-12-10T13:28:31.456+0000] {processor.py:179} INFO - Processing /opt/airflow/dags/weather_transform.py took 0.466 seconds
[2024-12-10T13:29:01.538+0000] {processor.py:157} INFO - Started process (PID=14051) to work on /opt/airflow/dags/weather_transform.py
[2024-12-10T13:29:01.539+0000] {processor.py:826} INFO - Processing file /opt/airflow/dags/weather_transform.py for tasks to queue
[2024-12-10T13:29:01.540+0000] {logging_mixin.py:150} INFO - [2024-12-10T13:29:01.540+0000] {dagbag.py:541} INFO - Filling up the DagBag from /opt/airflow/dags/weather_transform.py
[2024-12-10T13:29:01.983+0000] {processor.py:836} INFO - DAG(s) dict_keys(['weather_data_processing']) retrieved from /opt/airflow/dags/weather_transform.py
[2024-12-10T13:29:02.026+0000] {logging_mixin.py:150} INFO - [2024-12-10T13:29:02.025+0000] {dag.py:2742} INFO - Sync 1 DAGs
[2024-12-10T13:29:02.055+0000] {logging_mixin.py:150} INFO - [2024-12-10T13:29:02.055+0000] {dag.py:3508} INFO - Setting next_dagrun for weather_data_processing to None, run_after=None
[2024-12-10T13:29:02.075+0000] {processor.py:179} INFO - Processing /opt/airflow/dags/weather_transform.py took 0.543 seconds
[2024-12-10T13:29:32.677+0000] {processor.py:157} INFO - Started process (PID=14198) to work on /opt/airflow/dags/weather_transform.py
[2024-12-10T13:29:32.678+0000] {processor.py:826} INFO - Processing file /opt/airflow/dags/weather_transform.py for tasks to queue
[2024-12-10T13:29:32.679+0000] {logging_mixin.py:150} INFO - [2024-12-10T13:29:32.679+0000] {dagbag.py:541} INFO - Filling up the DagBag from /opt/airflow/dags/weather_transform.py
[2024-12-10T13:29:33.125+0000] {processor.py:836} INFO - DAG(s) dict_keys(['weather_data_processing']) retrieved from /opt/airflow/dags/weather_transform.py
[2024-12-10T13:29:33.152+0000] {logging_mixin.py:150} INFO - [2024-12-10T13:29:33.151+0000] {dag.py:2742} INFO - Sync 1 DAGs
[2024-12-10T13:29:33.181+0000] {logging_mixin.py:150} INFO - [2024-12-10T13:29:33.181+0000] {dag.py:3508} INFO - Setting next_dagrun for weather_data_processing to None, run_after=None
[2024-12-10T13:29:33.206+0000] {processor.py:179} INFO - Processing /opt/airflow/dags/weather_transform.py took 0.532 seconds
[2024-12-10T13:30:03.333+0000] {processor.py:157} INFO - Started process (PID=14389) to work on /opt/airflow/dags/weather_transform.py
[2024-12-10T13:30:03.334+0000] {processor.py:826} INFO - Processing file /opt/airflow/dags/weather_transform.py for tasks to queue
[2024-12-10T13:30:03.336+0000] {logging_mixin.py:150} INFO - [2024-12-10T13:30:03.336+0000] {dagbag.py:541} INFO - Filling up the DagBag from /opt/airflow/dags/weather_transform.py
[2024-12-10T13:30:03.714+0000] {processor.py:836} INFO - DAG(s) dict_keys(['weather_data_processing']) retrieved from /opt/airflow/dags/weather_transform.py
[2024-12-10T13:30:03.741+0000] {logging_mixin.py:150} INFO - [2024-12-10T13:30:03.741+0000] {dag.py:2742} INFO - Sync 1 DAGs
[2024-12-10T13:30:03.767+0000] {logging_mixin.py:150} INFO - [2024-12-10T13:30:03.767+0000] {dag.py:3508} INFO - Setting next_dagrun for weather_data_processing to None, run_after=None
[2024-12-10T13:30:03.790+0000] {processor.py:179} INFO - Processing /opt/airflow/dags/weather_transform.py took 0.461 seconds
[2024-12-10T13:30:34.651+0000] {processor.py:157} INFO - Started process (PID=14580) to work on /opt/airflow/dags/weather_transform.py
[2024-12-10T13:30:34.653+0000] {processor.py:826} INFO - Processing file /opt/airflow/dags/weather_transform.py for tasks to queue
[2024-12-10T13:30:34.654+0000] {logging_mixin.py:150} INFO - [2024-12-10T13:30:34.653+0000] {dagbag.py:541} INFO - Filling up the DagBag from /opt/airflow/dags/weather_transform.py
[2024-12-10T13:30:35.111+0000] {processor.py:836} INFO - DAG(s) dict_keys(['weather_data_processing']) retrieved from /opt/airflow/dags/weather_transform.py
[2024-12-10T13:30:35.139+0000] {logging_mixin.py:150} INFO - [2024-12-10T13:30:35.139+0000] {dag.py:2742} INFO - Sync 1 DAGs
[2024-12-10T13:30:35.164+0000] {logging_mixin.py:150} INFO - [2024-12-10T13:30:35.163+0000] {dag.py:3508} INFO - Setting next_dagrun for weather_data_processing to None, run_after=None
[2024-12-10T13:30:35.187+0000] {processor.py:179} INFO - Processing /opt/airflow/dags/weather_transform.py took 0.539 seconds
[2024-12-10T13:31:05.373+0000] {processor.py:157} INFO - Started process (PID=14771) to work on /opt/airflow/dags/weather_transform.py
[2024-12-10T13:31:05.373+0000] {processor.py:826} INFO - Processing file /opt/airflow/dags/weather_transform.py for tasks to queue
[2024-12-10T13:31:05.374+0000] {logging_mixin.py:150} INFO - [2024-12-10T13:31:05.374+0000] {dagbag.py:541} INFO - Filling up the DagBag from /opt/airflow/dags/weather_transform.py
[2024-12-10T13:31:05.749+0000] {processor.py:836} INFO - DAG(s) dict_keys(['weather_data_processing']) retrieved from /opt/airflow/dags/weather_transform.py
[2024-12-10T13:31:05.777+0000] {logging_mixin.py:150} INFO - [2024-12-10T13:31:05.776+0000] {dag.py:2742} INFO - Sync 1 DAGs
[2024-12-10T13:31:05.801+0000] {logging_mixin.py:150} INFO - [2024-12-10T13:31:05.801+0000] {dag.py:3508} INFO - Setting next_dagrun for weather_data_processing to None, run_after=None
[2024-12-10T13:31:05.821+0000] {processor.py:179} INFO - Processing /opt/airflow/dags/weather_transform.py took 0.452 seconds
[2024-12-10T13:31:36.436+0000] {processor.py:157} INFO - Started process (PID=14962) to work on /opt/airflow/dags/weather_transform.py
[2024-12-10T13:31:36.437+0000] {processor.py:826} INFO - Processing file /opt/airflow/dags/weather_transform.py for tasks to queue
[2024-12-10T13:31:36.438+0000] {logging_mixin.py:150} INFO - [2024-12-10T13:31:36.437+0000] {dagbag.py:541} INFO - Filling up the DagBag from /opt/airflow/dags/weather_transform.py
[2024-12-10T13:31:36.818+0000] {processor.py:836} INFO - DAG(s) dict_keys(['weather_data_processing']) retrieved from /opt/airflow/dags/weather_transform.py
[2024-12-10T13:31:36.845+0000] {logging_mixin.py:150} INFO - [2024-12-10T13:31:36.845+0000] {dag.py:2742} INFO - Sync 1 DAGs
[2024-12-10T13:31:36.871+0000] {logging_mixin.py:150} INFO - [2024-12-10T13:31:36.871+0000] {dag.py:3508} INFO - Setting next_dagrun for weather_data_processing to None, run_after=None
[2024-12-10T13:31:36.892+0000] {processor.py:179} INFO - Processing /opt/airflow/dags/weather_transform.py took 0.460 seconds
[2024-12-10T13:32:07.193+0000] {processor.py:157} INFO - Started process (PID=15153) to work on /opt/airflow/dags/weather_transform.py
[2024-12-10T13:32:07.193+0000] {processor.py:826} INFO - Processing file /opt/airflow/dags/weather_transform.py for tasks to queue
[2024-12-10T13:32:07.194+0000] {logging_mixin.py:150} INFO - [2024-12-10T13:32:07.194+0000] {dagbag.py:541} INFO - Filling up the DagBag from /opt/airflow/dags/weather_transform.py
[2024-12-10T13:32:07.580+0000] {processor.py:836} INFO - DAG(s) dict_keys(['weather_data_processing']) retrieved from /opt/airflow/dags/weather_transform.py
[2024-12-10T13:32:07.607+0000] {logging_mixin.py:150} INFO - [2024-12-10T13:32:07.606+0000] {dag.py:2742} INFO - Sync 1 DAGs
[2024-12-10T13:32:07.632+0000] {logging_mixin.py:150} INFO - [2024-12-10T13:32:07.632+0000] {dag.py:3508} INFO - Setting next_dagrun for weather_data_processing to None, run_after=None
[2024-12-10T13:32:07.652+0000] {processor.py:179} INFO - Processing /opt/airflow/dags/weather_transform.py took 0.462 seconds
[2024-12-10T13:32:38.101+0000] {processor.py:157} INFO - Started process (PID=15402) to work on /opt/airflow/dags/weather_transform.py
[2024-12-10T13:32:38.103+0000] {processor.py:826} INFO - Processing file /opt/airflow/dags/weather_transform.py for tasks to queue
[2024-12-10T13:32:38.104+0000] {logging_mixin.py:150} INFO - [2024-12-10T13:32:38.104+0000] {dagbag.py:541} INFO - Filling up the DagBag from /opt/airflow/dags/weather_transform.py
[2024-12-10T13:32:38.703+0000] {processor.py:836} INFO - DAG(s) dict_keys(['weather_data_processing']) retrieved from /opt/airflow/dags/weather_transform.py
[2024-12-10T13:32:38.756+0000] {logging_mixin.py:150} INFO - [2024-12-10T13:32:38.755+0000] {dag.py:2742} INFO - Sync 1 DAGs
[2024-12-10T13:32:38.798+0000] {logging_mixin.py:150} INFO - [2024-12-10T13:32:38.798+0000] {dag.py:3508} INFO - Setting next_dagrun for weather_data_processing to None, run_after=None
[2024-12-10T13:32:38.838+0000] {processor.py:179} INFO - Processing /opt/airflow/dags/weather_transform.py took 0.741 seconds
