[2024-12-13T23:06:14.215+0000] {processor.py:157} INFO - Started process (PID=58) to work on /opt/airflow/dags/business_transform.py
[2024-12-13T23:06:14.216+0000] {processor.py:826} INFO - Processing file /opt/airflow/dags/business_transform.py for tasks to queue
[2024-12-13T23:06:14.216+0000] {logging_mixin.py:150} INFO - [2024-12-13T23:06:14.216+0000] {dagbag.py:541} INFO - Filling up the DagBag from /opt/airflow/dags/business_transform.py
[2024-12-13T23:06:14.556+0000] {processor.py:836} INFO - DAG(s) dict_keys(['fortune_500_data_processing']) retrieved from /opt/airflow/dags/business_transform.py
[2024-12-13T23:06:14.563+0000] {logging_mixin.py:150} INFO - [2024-12-13T23:06:14.563+0000] {dag.py:2742} INFO - Sync 1 DAGs
[2024-12-13T23:06:14.576+0000] {logging_mixin.py:150} INFO - [2024-12-13T23:06:14.576+0000] {dag.py:3508} INFO - Setting next_dagrun for fortune_500_data_processing to None, run_after=None
[2024-12-13T23:06:14.593+0000] {processor.py:179} INFO - Processing /opt/airflow/dags/business_transform.py took 0.380 seconds
[2024-12-13T23:06:45.044+0000] {processor.py:157} INFO - Started process (PID=141) to work on /opt/airflow/dags/business_transform.py
[2024-12-13T23:06:45.056+0000] {processor.py:826} INFO - Processing file /opt/airflow/dags/business_transform.py for tasks to queue
[2024-12-13T23:06:45.057+0000] {logging_mixin.py:150} INFO - [2024-12-13T23:06:45.057+0000] {dagbag.py:541} INFO - Filling up the DagBag from /opt/airflow/dags/business_transform.py
[2024-12-13T23:06:46.408+0000] {processor.py:836} INFO - DAG(s) dict_keys(['fortune_500_data_processing']) retrieved from /opt/airflow/dags/business_transform.py
[2024-12-13T23:06:46.430+0000] {logging_mixin.py:150} INFO - [2024-12-13T23:06:46.429+0000] {dag.py:2742} INFO - Sync 1 DAGs
[2024-12-13T23:06:46.463+0000] {logging_mixin.py:150} INFO - [2024-12-13T23:06:46.463+0000] {dag.py:3508} INFO - Setting next_dagrun for fortune_500_data_processing to None, run_after=None
[2024-12-13T23:06:46.510+0000] {processor.py:179} INFO - Processing /opt/airflow/dags/business_transform.py took 1.530 seconds
[2024-12-13T23:07:16.804+0000] {processor.py:157} INFO - Started process (PID=210) to work on /opt/airflow/dags/business_transform.py
[2024-12-13T23:07:16.813+0000] {processor.py:826} INFO - Processing file /opt/airflow/dags/business_transform.py for tasks to queue
[2024-12-13T23:07:16.816+0000] {logging_mixin.py:150} INFO - [2024-12-13T23:07:16.815+0000] {dagbag.py:541} INFO - Filling up the DagBag from /opt/airflow/dags/business_transform.py
[2024-12-13T23:07:17.504+0000] {processor.py:836} INFO - DAG(s) dict_keys(['fortune_500_data_processing']) retrieved from /opt/airflow/dags/business_transform.py
[2024-12-13T23:07:17.530+0000] {logging_mixin.py:150} INFO - [2024-12-13T23:07:17.530+0000] {dag.py:2742} INFO - Sync 1 DAGs
[2024-12-13T23:07:17.549+0000] {logging_mixin.py:150} INFO - [2024-12-13T23:07:17.549+0000] {dag.py:3508} INFO - Setting next_dagrun for fortune_500_data_processing to None, run_after=None
[2024-12-13T23:07:17.566+0000] {processor.py:179} INFO - Processing /opt/airflow/dags/business_transform.py took 0.793 seconds
[2024-12-13T23:07:47.702+0000] {processor.py:157} INFO - Started process (PID=290) to work on /opt/airflow/dags/business_transform.py
[2024-12-13T23:07:47.708+0000] {processor.py:826} INFO - Processing file /opt/airflow/dags/business_transform.py for tasks to queue
[2024-12-13T23:07:47.709+0000] {logging_mixin.py:150} INFO - [2024-12-13T23:07:47.708+0000] {dagbag.py:541} INFO - Filling up the DagBag from /opt/airflow/dags/business_transform.py
[2024-12-13T23:07:48.391+0000] {processor.py:836} INFO - DAG(s) dict_keys(['fortune_500_data_processing']) retrieved from /opt/airflow/dags/business_transform.py
[2024-12-13T23:07:48.423+0000] {logging_mixin.py:150} INFO - [2024-12-13T23:07:48.423+0000] {dag.py:2742} INFO - Sync 1 DAGs
[2024-12-13T23:07:48.444+0000] {logging_mixin.py:150} INFO - [2024-12-13T23:07:48.444+0000] {dag.py:3508} INFO - Setting next_dagrun for fortune_500_data_processing to None, run_after=None
[2024-12-13T23:07:48.456+0000] {processor.py:179} INFO - Processing /opt/airflow/dags/business_transform.py took 0.761 seconds
[2024-12-13T23:08:18.836+0000] {processor.py:157} INFO - Started process (PID=365) to work on /opt/airflow/dags/business_transform.py
[2024-12-13T23:08:18.838+0000] {processor.py:826} INFO - Processing file /opt/airflow/dags/business_transform.py for tasks to queue
[2024-12-13T23:08:18.839+0000] {logging_mixin.py:150} INFO - [2024-12-13T23:08:18.839+0000] {dagbag.py:541} INFO - Filling up the DagBag from /opt/airflow/dags/business_transform.py
[2024-12-13T23:08:19.557+0000] {processor.py:836} INFO - DAG(s) dict_keys(['fortune_500_data_processing']) retrieved from /opt/airflow/dags/business_transform.py
[2024-12-13T23:08:19.579+0000] {logging_mixin.py:150} INFO - [2024-12-13T23:08:19.578+0000] {dag.py:2742} INFO - Sync 1 DAGs
[2024-12-13T23:08:19.596+0000] {logging_mixin.py:150} INFO - [2024-12-13T23:08:19.596+0000] {dag.py:3508} INFO - Setting next_dagrun for fortune_500_data_processing to None, run_after=None
[2024-12-13T23:08:19.612+0000] {processor.py:179} INFO - Processing /opt/airflow/dags/business_transform.py took 0.779 seconds
[2024-12-13T23:08:49.723+0000] {processor.py:157} INFO - Started process (PID=445) to work on /opt/airflow/dags/business_transform.py
[2024-12-13T23:08:49.724+0000] {processor.py:826} INFO - Processing file /opt/airflow/dags/business_transform.py for tasks to queue
[2024-12-13T23:08:49.726+0000] {logging_mixin.py:150} INFO - [2024-12-13T23:08:49.725+0000] {dagbag.py:541} INFO - Filling up the DagBag from /opt/airflow/dags/business_transform.py
[2024-12-13T23:08:50.222+0000] {processor.py:836} INFO - DAG(s) dict_keys(['fortune_500_data_processing']) retrieved from /opt/airflow/dags/business_transform.py
[2024-12-13T23:08:50.250+0000] {logging_mixin.py:150} INFO - [2024-12-13T23:08:50.250+0000] {dag.py:2742} INFO - Sync 1 DAGs
[2024-12-13T23:08:50.264+0000] {logging_mixin.py:150} INFO - [2024-12-13T23:08:50.264+0000] {dag.py:3508} INFO - Setting next_dagrun for fortune_500_data_processing to None, run_after=None
[2024-12-13T23:08:50.273+0000] {processor.py:179} INFO - Processing /opt/airflow/dags/business_transform.py took 0.583 seconds
[2024-12-13T23:09:20.404+0000] {processor.py:157} INFO - Started process (PID=519) to work on /opt/airflow/dags/business_transform.py
[2024-12-13T23:09:20.407+0000] {processor.py:826} INFO - Processing file /opt/airflow/dags/business_transform.py for tasks to queue
[2024-12-13T23:09:20.408+0000] {logging_mixin.py:150} INFO - [2024-12-13T23:09:20.407+0000] {dagbag.py:541} INFO - Filling up the DagBag from /opt/airflow/dags/business_transform.py
[2024-12-13T23:09:21.075+0000] {processor.py:836} INFO - DAG(s) dict_keys(['fortune_500_data_processing']) retrieved from /opt/airflow/dags/business_transform.py
[2024-12-13T23:09:21.097+0000] {logging_mixin.py:150} INFO - [2024-12-13T23:09:21.096+0000] {dag.py:2742} INFO - Sync 1 DAGs
[2024-12-13T23:09:21.117+0000] {logging_mixin.py:150} INFO - [2024-12-13T23:09:21.117+0000] {dag.py:3508} INFO - Setting next_dagrun for fortune_500_data_processing to None, run_after=None
[2024-12-13T23:09:21.126+0000] {processor.py:179} INFO - Processing /opt/airflow/dags/business_transform.py took 0.729 seconds
[2024-12-13T23:09:51.372+0000] {processor.py:157} INFO - Started process (PID=617) to work on /opt/airflow/dags/business_transform.py
[2024-12-13T23:09:51.374+0000] {processor.py:826} INFO - Processing file /opt/airflow/dags/business_transform.py for tasks to queue
[2024-12-13T23:09:51.376+0000] {logging_mixin.py:150} INFO - [2024-12-13T23:09:51.375+0000] {dagbag.py:541} INFO - Filling up the DagBag from /opt/airflow/dags/business_transform.py
[2024-12-13T23:09:51.740+0000] {processor.py:836} INFO - DAG(s) dict_keys(['fortune_500_data_processing']) retrieved from /opt/airflow/dags/business_transform.py
[2024-12-13T23:09:51.794+0000] {logging_mixin.py:150} INFO - [2024-12-13T23:09:51.793+0000] {dag.py:2742} INFO - Sync 1 DAGs
[2024-12-13T23:09:51.825+0000] {logging_mixin.py:150} INFO - [2024-12-13T23:09:51.825+0000] {dag.py:3508} INFO - Setting next_dagrun for fortune_500_data_processing to None, run_after=None
[2024-12-13T23:09:51.843+0000] {processor.py:179} INFO - Processing /opt/airflow/dags/business_transform.py took 0.479 seconds
[2024-12-13T23:10:22.299+0000] {processor.py:157} INFO - Started process (PID=698) to work on /opt/airflow/dags/business_transform.py
[2024-12-13T23:10:22.301+0000] {processor.py:826} INFO - Processing file /opt/airflow/dags/business_transform.py for tasks to queue
[2024-12-13T23:10:22.303+0000] {logging_mixin.py:150} INFO - [2024-12-13T23:10:22.302+0000] {dagbag.py:541} INFO - Filling up the DagBag from /opt/airflow/dags/business_transform.py
[2024-12-13T23:10:22.835+0000] {processor.py:836} INFO - DAG(s) dict_keys(['fortune_500_data_processing']) retrieved from /opt/airflow/dags/business_transform.py
[2024-12-13T23:10:22.857+0000] {logging_mixin.py:150} INFO - [2024-12-13T23:10:22.856+0000] {dag.py:2742} INFO - Sync 1 DAGs
[2024-12-13T23:10:22.872+0000] {logging_mixin.py:150} INFO - [2024-12-13T23:10:22.872+0000] {dag.py:3508} INFO - Setting next_dagrun for fortune_500_data_processing to None, run_after=None
[2024-12-13T23:10:22.888+0000] {processor.py:179} INFO - Processing /opt/airflow/dags/business_transform.py took 0.595 seconds
[2024-12-13T23:10:53.076+0000] {processor.py:157} INFO - Started process (PID=773) to work on /opt/airflow/dags/business_transform.py
[2024-12-13T23:10:53.080+0000] {processor.py:826} INFO - Processing file /opt/airflow/dags/business_transform.py for tasks to queue
[2024-12-13T23:10:53.081+0000] {logging_mixin.py:150} INFO - [2024-12-13T23:10:53.081+0000] {dagbag.py:541} INFO - Filling up the DagBag from /opt/airflow/dags/business_transform.py
[2024-12-13T23:10:53.701+0000] {processor.py:836} INFO - DAG(s) dict_keys(['fortune_500_data_processing']) retrieved from /opt/airflow/dags/business_transform.py
[2024-12-13T23:10:53.729+0000] {logging_mixin.py:150} INFO - [2024-12-13T23:10:53.729+0000] {dag.py:2742} INFO - Sync 1 DAGs
[2024-12-13T23:10:53.743+0000] {logging_mixin.py:150} INFO - [2024-12-13T23:10:53.743+0000] {dag.py:3508} INFO - Setting next_dagrun for fortune_500_data_processing to None, run_after=None
[2024-12-13T23:10:53.754+0000] {processor.py:179} INFO - Processing /opt/airflow/dags/business_transform.py took 0.711 seconds
[2024-12-13T23:11:46.643+0000] {processor.py:157} INFO - Started process (PID=58) to work on /opt/airflow/dags/business_transform.py
[2024-12-13T23:11:46.644+0000] {processor.py:826} INFO - Processing file /opt/airflow/dags/business_transform.py for tasks to queue
[2024-12-13T23:11:46.645+0000] {logging_mixin.py:150} INFO - [2024-12-13T23:11:46.645+0000] {dagbag.py:541} INFO - Filling up the DagBag from /opt/airflow/dags/business_transform.py
[2024-12-13T23:11:47.051+0000] {processor.py:836} INFO - DAG(s) dict_keys(['fortune_500_data_processing']) retrieved from /opt/airflow/dags/business_transform.py
[2024-12-13T23:11:47.074+0000] {logging_mixin.py:150} INFO - [2024-12-13T23:11:47.074+0000] {dag.py:2742} INFO - Sync 1 DAGs
[2024-12-13T23:11:47.094+0000] {logging_mixin.py:150} INFO - [2024-12-13T23:11:47.094+0000] {dag.py:3508} INFO - Setting next_dagrun for fortune_500_data_processing to None, run_after=None
[2024-12-13T23:11:47.116+0000] {processor.py:179} INFO - Processing /opt/airflow/dags/business_transform.py took 0.476 seconds
[2024-12-13T23:12:17.637+0000] {processor.py:157} INFO - Started process (PID=149) to work on /opt/airflow/dags/business_transform.py
[2024-12-13T23:12:17.639+0000] {processor.py:826} INFO - Processing file /opt/airflow/dags/business_transform.py for tasks to queue
[2024-12-13T23:12:17.640+0000] {logging_mixin.py:150} INFO - [2024-12-13T23:12:17.640+0000] {dagbag.py:541} INFO - Filling up the DagBag from /opt/airflow/dags/business_transform.py
[2024-12-13T23:12:18.183+0000] {processor.py:836} INFO - DAG(s) dict_keys(['fortune_500_data_processing']) retrieved from /opt/airflow/dags/business_transform.py
[2024-12-13T23:12:18.208+0000] {logging_mixin.py:150} INFO - [2024-12-13T23:12:18.207+0000] {dag.py:2742} INFO - Sync 1 DAGs
[2024-12-13T23:12:18.226+0000] {logging_mixin.py:150} INFO - [2024-12-13T23:12:18.226+0000] {dag.py:3508} INFO - Setting next_dagrun for fortune_500_data_processing to None, run_after=None
[2024-12-13T23:12:18.245+0000] {processor.py:179} INFO - Processing /opt/airflow/dags/business_transform.py took 0.613 seconds
[2024-12-13T23:12:48.345+0000] {processor.py:157} INFO - Started process (PID=247) to work on /opt/airflow/dags/business_transform.py
[2024-12-13T23:12:48.346+0000] {processor.py:826} INFO - Processing file /opt/airflow/dags/business_transform.py for tasks to queue
[2024-12-13T23:12:48.347+0000] {logging_mixin.py:150} INFO - [2024-12-13T23:12:48.347+0000] {dagbag.py:541} INFO - Filling up the DagBag from /opt/airflow/dags/business_transform.py
[2024-12-13T23:12:48.989+0000] {processor.py:836} INFO - DAG(s) dict_keys(['fortune_500_data_processing']) retrieved from /opt/airflow/dags/business_transform.py
[2024-12-13T23:12:49.016+0000] {logging_mixin.py:150} INFO - [2024-12-13T23:12:49.016+0000] {dag.py:2742} INFO - Sync 1 DAGs
[2024-12-13T23:12:49.039+0000] {logging_mixin.py:150} INFO - [2024-12-13T23:12:49.039+0000] {dag.py:3508} INFO - Setting next_dagrun for fortune_500_data_processing to None, run_after=None
[2024-12-13T23:12:49.062+0000] {processor.py:179} INFO - Processing /opt/airflow/dags/business_transform.py took 0.721 seconds
[2024-12-13T23:13:19.142+0000] {processor.py:157} INFO - Started process (PID=327) to work on /opt/airflow/dags/business_transform.py
[2024-12-13T23:13:19.143+0000] {processor.py:826} INFO - Processing file /opt/airflow/dags/business_transform.py for tasks to queue
[2024-12-13T23:13:19.143+0000] {logging_mixin.py:150} INFO - [2024-12-13T23:13:19.143+0000] {dagbag.py:541} INFO - Filling up the DagBag from /opt/airflow/dags/business_transform.py
[2024-12-13T23:13:19.608+0000] {processor.py:836} INFO - DAG(s) dict_keys(['fortune_500_data_processing']) retrieved from /opt/airflow/dags/business_transform.py
[2024-12-13T23:13:19.625+0000] {logging_mixin.py:150} INFO - [2024-12-13T23:13:19.625+0000] {dag.py:2742} INFO - Sync 1 DAGs
[2024-12-13T23:13:19.641+0000] {logging_mixin.py:150} INFO - [2024-12-13T23:13:19.641+0000] {dag.py:3508} INFO - Setting next_dagrun for fortune_500_data_processing to None, run_after=None
[2024-12-13T23:13:19.690+0000] {processor.py:179} INFO - Processing /opt/airflow/dags/business_transform.py took 0.551 seconds
[2024-12-13T23:13:49.814+0000] {processor.py:157} INFO - Started process (PID=388) to work on /opt/airflow/dags/business_transform.py
[2024-12-13T23:13:49.815+0000] {processor.py:826} INFO - Processing file /opt/airflow/dags/business_transform.py for tasks to queue
[2024-12-13T23:13:49.816+0000] {logging_mixin.py:150} INFO - [2024-12-13T23:13:49.815+0000] {dagbag.py:541} INFO - Filling up the DagBag from /opt/airflow/dags/business_transform.py
[2024-12-13T23:13:50.346+0000] {processor.py:836} INFO - DAG(s) dict_keys(['fortune_500_data_processing']) retrieved from /opt/airflow/dags/business_transform.py
[2024-12-13T23:13:50.373+0000] {logging_mixin.py:150} INFO - [2024-12-13T23:13:50.373+0000] {dag.py:2742} INFO - Sync 1 DAGs
[2024-12-13T23:13:50.392+0000] {logging_mixin.py:150} INFO - [2024-12-13T23:13:50.391+0000] {dag.py:3508} INFO - Setting next_dagrun for fortune_500_data_processing to None, run_after=None
[2024-12-13T23:13:50.409+0000] {processor.py:179} INFO - Processing /opt/airflow/dags/business_transform.py took 0.609 seconds
[2024-12-13T23:14:20.786+0000] {processor.py:157} INFO - Started process (PID=468) to work on /opt/airflow/dags/business_transform.py
[2024-12-13T23:14:20.789+0000] {processor.py:826} INFO - Processing file /opt/airflow/dags/business_transform.py for tasks to queue
[2024-12-13T23:14:20.790+0000] {logging_mixin.py:150} INFO - [2024-12-13T23:14:20.790+0000] {dagbag.py:541} INFO - Filling up the DagBag from /opt/airflow/dags/business_transform.py
[2024-12-13T23:14:21.252+0000] {processor.py:836} INFO - DAG(s) dict_keys(['fortune_500_data_processing']) retrieved from /opt/airflow/dags/business_transform.py
[2024-12-13T23:14:21.278+0000] {logging_mixin.py:150} INFO - [2024-12-13T23:14:21.278+0000] {dag.py:2742} INFO - Sync 1 DAGs
[2024-12-13T23:14:21.319+0000] {logging_mixin.py:150} INFO - [2024-12-13T23:14:21.319+0000] {dag.py:3508} INFO - Setting next_dagrun for fortune_500_data_processing to None, run_after=None
[2024-12-13T23:14:21.354+0000] {processor.py:179} INFO - Processing /opt/airflow/dags/business_transform.py took 0.584 seconds
[2024-12-13T23:17:09.264+0000] {processor.py:157} INFO - Started process (PID=43) to work on /opt/airflow/dags/business_transform.py
[2024-12-13T23:17:09.265+0000] {processor.py:826} INFO - Processing file /opt/airflow/dags/business_transform.py for tasks to queue
[2024-12-13T23:17:09.265+0000] {logging_mixin.py:150} INFO - [2024-12-13T23:17:09.265+0000] {dagbag.py:541} INFO - Filling up the DagBag from /opt/airflow/dags/business_transform.py
[2024-12-13T23:17:09.999+0000] {processor.py:836} INFO - DAG(s) dict_keys(['fortune_500_data_processing']) retrieved from /opt/airflow/dags/business_transform.py
[2024-12-13T23:17:10.063+0000] {logging_mixin.py:150} INFO - [2024-12-13T23:17:10.063+0000] {manager.py:504} INFO - Created Permission View: can delete on DAG:fortune_500_data_processing
[2024-12-13T23:17:10.073+0000] {logging_mixin.py:150} INFO - [2024-12-13T23:17:10.073+0000] {manager.py:504} INFO - Created Permission View: can edit on DAG:fortune_500_data_processing
[2024-12-13T23:17:10.079+0000] {logging_mixin.py:150} INFO - [2024-12-13T23:17:10.079+0000] {manager.py:504} INFO - Created Permission View: can read on DAG:fortune_500_data_processing
[2024-12-13T23:17:10.091+0000] {logging_mixin.py:150} INFO - [2024-12-13T23:17:10.091+0000] {dag.py:2742} INFO - Sync 1 DAGs
[2024-12-13T23:17:10.100+0000] {logging_mixin.py:150} INFO - [2024-12-13T23:17:10.100+0000] {dag.py:2763} INFO - Creating ORM DAG for fortune_500_data_processing
[2024-12-13T23:17:10.109+0000] {logging_mixin.py:150} INFO - [2024-12-13T23:17:10.109+0000] {dag.py:3508} INFO - Setting next_dagrun for fortune_500_data_processing to None, run_after=None
[2024-12-13T23:17:10.126+0000] {processor.py:179} INFO - Processing /opt/airflow/dags/business_transform.py took 0.864 seconds
[2024-12-13T23:17:40.838+0000] {processor.py:157} INFO - Started process (PID=120) to work on /opt/airflow/dags/business_transform.py
[2024-12-13T23:17:40.841+0000] {processor.py:826} INFO - Processing file /opt/airflow/dags/business_transform.py for tasks to queue
[2024-12-13T23:17:40.843+0000] {logging_mixin.py:150} INFO - [2024-12-13T23:17:40.842+0000] {dagbag.py:541} INFO - Filling up the DagBag from /opt/airflow/dags/business_transform.py
[2024-12-13T23:17:42.061+0000] {processor.py:836} INFO - DAG(s) dict_keys(['fortune_500_data_processing']) retrieved from /opt/airflow/dags/business_transform.py
[2024-12-13T23:17:42.088+0000] {logging_mixin.py:150} INFO - [2024-12-13T23:17:42.087+0000] {dag.py:2742} INFO - Sync 1 DAGs
[2024-12-13T23:17:42.131+0000] {logging_mixin.py:150} INFO - [2024-12-13T23:17:42.131+0000] {dag.py:3508} INFO - Setting next_dagrun for fortune_500_data_processing to None, run_after=None
[2024-12-13T23:17:42.177+0000] {processor.py:179} INFO - Processing /opt/airflow/dags/business_transform.py took 1.344 seconds
[2024-12-13T23:18:12.493+0000] {processor.py:157} INFO - Started process (PID=200) to work on /opt/airflow/dags/business_transform.py
[2024-12-13T23:18:12.496+0000] {processor.py:826} INFO - Processing file /opt/airflow/dags/business_transform.py for tasks to queue
[2024-12-13T23:18:12.498+0000] {logging_mixin.py:150} INFO - [2024-12-13T23:18:12.498+0000] {dagbag.py:541} INFO - Filling up the DagBag from /opt/airflow/dags/business_transform.py
[2024-12-13T23:18:13.047+0000] {processor.py:836} INFO - DAG(s) dict_keys(['fortune_500_data_processing']) retrieved from /opt/airflow/dags/business_transform.py
[2024-12-13T23:18:13.090+0000] {logging_mixin.py:150} INFO - [2024-12-13T23:18:13.089+0000] {dag.py:2742} INFO - Sync 1 DAGs
[2024-12-13T23:18:13.125+0000] {logging_mixin.py:150} INFO - [2024-12-13T23:18:13.125+0000] {dag.py:3508} INFO - Setting next_dagrun for fortune_500_data_processing to None, run_after=None
[2024-12-13T23:18:13.140+0000] {processor.py:179} INFO - Processing /opt/airflow/dags/business_transform.py took 0.654 seconds
[2024-12-13T23:18:43.177+0000] {processor.py:157} INFO - Started process (PID=274) to work on /opt/airflow/dags/business_transform.py
[2024-12-13T23:18:43.178+0000] {processor.py:826} INFO - Processing file /opt/airflow/dags/business_transform.py for tasks to queue
[2024-12-13T23:18:43.180+0000] {logging_mixin.py:150} INFO - [2024-12-13T23:18:43.179+0000] {dagbag.py:541} INFO - Filling up the DagBag from /opt/airflow/dags/business_transform.py
[2024-12-13T23:18:43.669+0000] {processor.py:836} INFO - DAG(s) dict_keys(['fortune_500_data_processing']) retrieved from /opt/airflow/dags/business_transform.py
[2024-12-13T23:18:43.685+0000] {logging_mixin.py:150} INFO - [2024-12-13T23:18:43.685+0000] {dag.py:2742} INFO - Sync 1 DAGs
[2024-12-13T23:18:43.699+0000] {logging_mixin.py:150} INFO - [2024-12-13T23:18:43.699+0000] {dag.py:3508} INFO - Setting next_dagrun for fortune_500_data_processing to None, run_after=None
[2024-12-13T23:18:43.711+0000] {processor.py:179} INFO - Processing /opt/airflow/dags/business_transform.py took 0.539 seconds
[2024-12-13T23:19:14.592+0000] {processor.py:157} INFO - Started process (PID=350) to work on /opt/airflow/dags/business_transform.py
[2024-12-13T23:19:14.596+0000] {processor.py:826} INFO - Processing file /opt/airflow/dags/business_transform.py for tasks to queue
[2024-12-13T23:19:14.601+0000] {logging_mixin.py:150} INFO - [2024-12-13T23:19:14.600+0000] {dagbag.py:541} INFO - Filling up the DagBag from /opt/airflow/dags/business_transform.py
[2024-12-13T23:19:15.030+0000] {processor.py:836} INFO - DAG(s) dict_keys(['fortune_500_data_processing']) retrieved from /opt/airflow/dags/business_transform.py
[2024-12-13T23:19:15.079+0000] {logging_mixin.py:150} INFO - [2024-12-13T23:19:15.078+0000] {dag.py:2742} INFO - Sync 1 DAGs
[2024-12-13T23:19:15.109+0000] {logging_mixin.py:150} INFO - [2024-12-13T23:19:15.109+0000] {dag.py:3508} INFO - Setting next_dagrun for fortune_500_data_processing to None, run_after=None
[2024-12-13T23:19:15.128+0000] {processor.py:179} INFO - Processing /opt/airflow/dags/business_transform.py took 0.540 seconds
