[2024-12-13T23:06:15.090+0000] {processor.py:157} INFO - Started process (PID=108) to work on /opt/airflow/dags/dbt_dag.py
[2024-12-13T23:06:15.091+0000] {processor.py:826} INFO - Processing file /opt/airflow/dags/dbt_dag.py for tasks to queue
[2024-12-13T23:06:15.091+0000] {logging_mixin.py:150} INFO - [2024-12-13T23:06:15.091+0000] {dagbag.py:541} INFO - Filling up the DagBag from /opt/airflow/dags/dbt_dag.py
[2024-12-13T23:06:15.100+0000] {processor.py:836} INFO - DAG(s) dict_keys(['dbt_execution_dag1']) retrieved from /opt/airflow/dags/dbt_dag.py
[2024-12-13T23:06:15.112+0000] {logging_mixin.py:150} INFO - [2024-12-13T23:06:15.111+0000] {dag.py:2742} INFO - Sync 1 DAGs
[2024-12-13T23:06:15.128+0000] {logging_mixin.py:150} INFO - [2024-12-13T23:06:15.128+0000] {dag.py:3508} INFO - Setting next_dagrun for dbt_execution_dag1 to None, run_after=None
[2024-12-13T23:06:15.143+0000] {processor.py:179} INFO - Processing /opt/airflow/dags/dbt_dag.py took 0.056 seconds
[2024-12-13T23:06:47.141+0000] {processor.py:157} INFO - Started process (PID=197) to work on /opt/airflow/dags/dbt_dag.py
[2024-12-13T23:06:47.142+0000] {processor.py:826} INFO - Processing file /opt/airflow/dags/dbt_dag.py for tasks to queue
[2024-12-13T23:06:47.143+0000] {logging_mixin.py:150} INFO - [2024-12-13T23:06:47.142+0000] {dagbag.py:541} INFO - Filling up the DagBag from /opt/airflow/dags/dbt_dag.py
[2024-12-13T23:06:47.148+0000] {processor.py:836} INFO - DAG(s) dict_keys(['dbt_execution_dag1']) retrieved from /opt/airflow/dags/dbt_dag.py
[2024-12-13T23:06:47.166+0000] {logging_mixin.py:150} INFO - [2024-12-13T23:06:47.166+0000] {dag.py:2742} INFO - Sync 1 DAGs
[2024-12-13T23:06:47.179+0000] {logging_mixin.py:150} INFO - [2024-12-13T23:06:47.179+0000] {dag.py:3508} INFO - Setting next_dagrun for dbt_execution_dag1 to None, run_after=None
[2024-12-13T23:06:47.188+0000] {processor.py:179} INFO - Processing /opt/airflow/dags/dbt_dag.py took 0.049 seconds
[2024-12-13T23:07:18.086+0000] {processor.py:157} INFO - Started process (PID=274) to work on /opt/airflow/dags/dbt_dag.py
[2024-12-13T23:07:18.088+0000] {processor.py:826} INFO - Processing file /opt/airflow/dags/dbt_dag.py for tasks to queue
[2024-12-13T23:07:18.088+0000] {logging_mixin.py:150} INFO - [2024-12-13T23:07:18.088+0000] {dagbag.py:541} INFO - Filling up the DagBag from /opt/airflow/dags/dbt_dag.py
[2024-12-13T23:07:18.094+0000] {processor.py:836} INFO - DAG(s) dict_keys(['dbt_execution_dag1']) retrieved from /opt/airflow/dags/dbt_dag.py
[2024-12-13T23:07:18.112+0000] {logging_mixin.py:150} INFO - [2024-12-13T23:07:18.112+0000] {dag.py:2742} INFO - Sync 1 DAGs
[2024-12-13T23:07:18.126+0000] {logging_mixin.py:150} INFO - [2024-12-13T23:07:18.126+0000] {dag.py:3508} INFO - Setting next_dagrun for dbt_execution_dag1 to None, run_after=None
[2024-12-13T23:07:18.137+0000] {processor.py:179} INFO - Processing /opt/airflow/dags/dbt_dag.py took 0.054 seconds
[2024-12-13T23:07:48.920+0000] {processor.py:157} INFO - Started process (PID=354) to work on /opt/airflow/dags/dbt_dag.py
[2024-12-13T23:07:48.922+0000] {processor.py:826} INFO - Processing file /opt/airflow/dags/dbt_dag.py for tasks to queue
[2024-12-13T23:07:48.922+0000] {logging_mixin.py:150} INFO - [2024-12-13T23:07:48.922+0000] {dagbag.py:541} INFO - Filling up the DagBag from /opt/airflow/dags/dbt_dag.py
[2024-12-13T23:07:48.929+0000] {processor.py:836} INFO - DAG(s) dict_keys(['dbt_execution_dag1']) retrieved from /opt/airflow/dags/dbt_dag.py
[2024-12-13T23:07:48.951+0000] {logging_mixin.py:150} INFO - [2024-12-13T23:07:48.951+0000] {dag.py:2742} INFO - Sync 1 DAGs
[2024-12-13T23:07:48.963+0000] {logging_mixin.py:150} INFO - [2024-12-13T23:07:48.963+0000] {dag.py:3508} INFO - Setting next_dagrun for dbt_execution_dag1 to None, run_after=None
[2024-12-13T23:07:48.973+0000] {processor.py:179} INFO - Processing /opt/airflow/dags/dbt_dag.py took 0.056 seconds
[2024-12-13T23:08:20.106+0000] {processor.py:157} INFO - Started process (PID=429) to work on /opt/airflow/dags/dbt_dag.py
[2024-12-13T23:08:20.107+0000] {processor.py:826} INFO - Processing file /opt/airflow/dags/dbt_dag.py for tasks to queue
[2024-12-13T23:08:20.110+0000] {logging_mixin.py:150} INFO - [2024-12-13T23:08:20.110+0000] {dagbag.py:541} INFO - Filling up the DagBag from /opt/airflow/dags/dbt_dag.py
[2024-12-13T23:08:20.119+0000] {processor.py:836} INFO - DAG(s) dict_keys(['dbt_execution_dag1']) retrieved from /opt/airflow/dags/dbt_dag.py
[2024-12-13T23:08:20.138+0000] {logging_mixin.py:150} INFO - [2024-12-13T23:08:20.138+0000] {dag.py:2742} INFO - Sync 1 DAGs
[2024-12-13T23:08:20.155+0000] {logging_mixin.py:150} INFO - [2024-12-13T23:08:20.155+0000] {dag.py:3508} INFO - Setting next_dagrun for dbt_execution_dag1 to None, run_after=None
[2024-12-13T23:08:20.172+0000] {processor.py:179} INFO - Processing /opt/airflow/dags/dbt_dag.py took 0.069 seconds
[2024-12-13T23:08:50.767+0000] {processor.py:157} INFO - Started process (PID=509) to work on /opt/airflow/dags/dbt_dag.py
[2024-12-13T23:08:50.768+0000] {processor.py:826} INFO - Processing file /opt/airflow/dags/dbt_dag.py for tasks to queue
[2024-12-13T23:08:50.769+0000] {logging_mixin.py:150} INFO - [2024-12-13T23:08:50.769+0000] {dagbag.py:541} INFO - Filling up the DagBag from /opt/airflow/dags/dbt_dag.py
[2024-12-13T23:08:50.776+0000] {processor.py:836} INFO - DAG(s) dict_keys(['dbt_execution_dag1']) retrieved from /opt/airflow/dags/dbt_dag.py
[2024-12-13T23:08:50.793+0000] {logging_mixin.py:150} INFO - [2024-12-13T23:08:50.793+0000] {dag.py:2742} INFO - Sync 1 DAGs
[2024-12-13T23:08:50.810+0000] {logging_mixin.py:150} INFO - [2024-12-13T23:08:50.810+0000] {dag.py:3508} INFO - Setting next_dagrun for dbt_execution_dag1 to None, run_after=None
[2024-12-13T23:08:50.824+0000] {processor.py:179} INFO - Processing /opt/airflow/dags/dbt_dag.py took 0.059 seconds
[2024-12-13T23:09:21.829+0000] {processor.py:157} INFO - Started process (PID=584) to work on /opt/airflow/dags/dbt_dag.py
[2024-12-13T23:09:21.830+0000] {processor.py:826} INFO - Processing file /opt/airflow/dags/dbt_dag.py for tasks to queue
[2024-12-13T23:09:21.831+0000] {logging_mixin.py:150} INFO - [2024-12-13T23:09:21.831+0000] {dagbag.py:541} INFO - Filling up the DagBag from /opt/airflow/dags/dbt_dag.py
[2024-12-13T23:09:21.837+0000] {processor.py:836} INFO - DAG(s) dict_keys(['dbt_execution_dag1']) retrieved from /opt/airflow/dags/dbt_dag.py
[2024-12-13T23:09:21.856+0000] {logging_mixin.py:150} INFO - [2024-12-13T23:09:21.856+0000] {dag.py:2742} INFO - Sync 1 DAGs
[2024-12-13T23:09:21.872+0000] {logging_mixin.py:150} INFO - [2024-12-13T23:09:21.872+0000] {dag.py:3508} INFO - Setting next_dagrun for dbt_execution_dag1 to None, run_after=None
[2024-12-13T23:09:21.885+0000] {processor.py:179} INFO - Processing /opt/airflow/dags/dbt_dag.py took 0.058 seconds
[2024-12-13T23:09:52.609+0000] {processor.py:157} INFO - Started process (PID=681) to work on /opt/airflow/dags/dbt_dag.py
[2024-12-13T23:09:52.615+0000] {processor.py:826} INFO - Processing file /opt/airflow/dags/dbt_dag.py for tasks to queue
[2024-12-13T23:09:52.615+0000] {logging_mixin.py:150} INFO - [2024-12-13T23:09:52.615+0000] {dagbag.py:541} INFO - Filling up the DagBag from /opt/airflow/dags/dbt_dag.py
[2024-12-13T23:09:52.626+0000] {processor.py:836} INFO - DAG(s) dict_keys(['dbt_execution_dag1']) retrieved from /opt/airflow/dags/dbt_dag.py
[2024-12-13T23:09:52.659+0000] {logging_mixin.py:150} INFO - [2024-12-13T23:09:52.659+0000] {dag.py:2742} INFO - Sync 1 DAGs
[2024-12-13T23:09:52.678+0000] {logging_mixin.py:150} INFO - [2024-12-13T23:09:52.678+0000] {dag.py:3508} INFO - Setting next_dagrun for dbt_execution_dag1 to None, run_after=None
[2024-12-13T23:09:52.693+0000] {processor.py:179} INFO - Processing /opt/airflow/dags/dbt_dag.py took 0.088 seconds
[2024-12-13T23:10:23.413+0000] {processor.py:157} INFO - Started process (PID=762) to work on /opt/airflow/dags/dbt_dag.py
[2024-12-13T23:10:23.415+0000] {processor.py:826} INFO - Processing file /opt/airflow/dags/dbt_dag.py for tasks to queue
[2024-12-13T23:10:23.417+0000] {logging_mixin.py:150} INFO - [2024-12-13T23:10:23.417+0000] {dagbag.py:541} INFO - Filling up the DagBag from /opt/airflow/dags/dbt_dag.py
[2024-12-13T23:10:23.426+0000] {processor.py:836} INFO - DAG(s) dict_keys(['dbt_execution_dag1']) retrieved from /opt/airflow/dags/dbt_dag.py
[2024-12-13T23:10:23.447+0000] {logging_mixin.py:150} INFO - [2024-12-13T23:10:23.447+0000] {dag.py:2742} INFO - Sync 1 DAGs
[2024-12-13T23:10:23.551+0000] {logging_mixin.py:150} INFO - [2024-12-13T23:10:23.551+0000] {dag.py:3508} INFO - Setting next_dagrun for dbt_execution_dag1 to None, run_after=None
[2024-12-13T23:10:23.584+0000] {processor.py:179} INFO - Processing /opt/airflow/dags/dbt_dag.py took 0.174 seconds
[2024-12-13T23:10:54.382+0000] {processor.py:157} INFO - Started process (PID=837) to work on /opt/airflow/dags/dbt_dag.py
[2024-12-13T23:10:54.384+0000] {processor.py:826} INFO - Processing file /opt/airflow/dags/dbt_dag.py for tasks to queue
[2024-12-13T23:10:54.385+0000] {logging_mixin.py:150} INFO - [2024-12-13T23:10:54.385+0000] {dagbag.py:541} INFO - Filling up the DagBag from /opt/airflow/dags/dbt_dag.py
[2024-12-13T23:10:54.395+0000] {processor.py:836} INFO - DAG(s) dict_keys(['dbt_execution_dag1']) retrieved from /opt/airflow/dags/dbt_dag.py
[2024-12-13T23:10:54.412+0000] {logging_mixin.py:150} INFO - [2024-12-13T23:10:54.412+0000] {dag.py:2742} INFO - Sync 1 DAGs
[2024-12-13T23:10:54.506+0000] {logging_mixin.py:150} INFO - [2024-12-13T23:10:54.506+0000] {dag.py:3508} INFO - Setting next_dagrun for dbt_execution_dag1 to None, run_after=None
[2024-12-13T23:10:54.523+0000] {processor.py:179} INFO - Processing /opt/airflow/dags/dbt_dag.py took 0.143 seconds
[2024-12-13T23:11:47.498+0000] {processor.py:157} INFO - Started process (PID=108) to work on /opt/airflow/dags/dbt_dag.py
[2024-12-13T23:11:47.498+0000] {processor.py:826} INFO - Processing file /opt/airflow/dags/dbt_dag.py for tasks to queue
[2024-12-13T23:11:47.499+0000] {logging_mixin.py:150} INFO - [2024-12-13T23:11:47.499+0000] {dagbag.py:541} INFO - Filling up the DagBag from /opt/airflow/dags/dbt_dag.py
[2024-12-13T23:11:47.505+0000] {processor.py:836} INFO - DAG(s) dict_keys(['dbt_execution_dag1']) retrieved from /opt/airflow/dags/dbt_dag.py
[2024-12-13T23:11:47.513+0000] {logging_mixin.py:150} INFO - [2024-12-13T23:11:47.513+0000] {dag.py:2742} INFO - Sync 1 DAGs
[2024-12-13T23:11:47.527+0000] {logging_mixin.py:150} INFO - [2024-12-13T23:11:47.527+0000] {dag.py:3508} INFO - Setting next_dagrun for dbt_execution_dag1 to None, run_after=None
[2024-12-13T23:11:47.538+0000] {processor.py:179} INFO - Processing /opt/airflow/dags/dbt_dag.py took 0.042 seconds
[2024-12-13T23:12:18.465+0000] {processor.py:157} INFO - Started process (PID=197) to work on /opt/airflow/dags/dbt_dag.py
[2024-12-13T23:12:18.466+0000] {processor.py:826} INFO - Processing file /opt/airflow/dags/dbt_dag.py for tasks to queue
[2024-12-13T23:12:18.466+0000] {logging_mixin.py:150} INFO - [2024-12-13T23:12:18.466+0000] {dagbag.py:541} INFO - Filling up the DagBag from /opt/airflow/dags/dbt_dag.py
[2024-12-13T23:12:18.474+0000] {processor.py:836} INFO - DAG(s) dict_keys(['dbt_execution_dag1']) retrieved from /opt/airflow/dags/dbt_dag.py
[2024-12-13T23:12:18.497+0000] {logging_mixin.py:150} INFO - [2024-12-13T23:12:18.497+0000] {dag.py:2742} INFO - Sync 1 DAGs
[2024-12-13T23:12:18.511+0000] {logging_mixin.py:150} INFO - [2024-12-13T23:12:18.511+0000] {dag.py:3508} INFO - Setting next_dagrun for dbt_execution_dag1 to None, run_after=None
[2024-12-13T23:12:18.521+0000] {processor.py:179} INFO - Processing /opt/airflow/dags/dbt_dag.py took 0.060 seconds
[2024-12-13T23:12:49.489+0000] {processor.py:157} INFO - Started process (PID=297) to work on /opt/airflow/dags/dbt_dag.py
[2024-12-13T23:12:49.490+0000] {processor.py:826} INFO - Processing file /opt/airflow/dags/dbt_dag.py for tasks to queue
[2024-12-13T23:12:49.491+0000] {logging_mixin.py:150} INFO - [2024-12-13T23:12:49.490+0000] {dagbag.py:541} INFO - Filling up the DagBag from /opt/airflow/dags/dbt_dag.py
[2024-12-13T23:12:49.496+0000] {processor.py:836} INFO - DAG(s) dict_keys(['dbt_execution_dag1']) retrieved from /opt/airflow/dags/dbt_dag.py
[2024-12-13T23:12:49.514+0000] {logging_mixin.py:150} INFO - [2024-12-13T23:12:49.514+0000] {dag.py:2742} INFO - Sync 1 DAGs
[2024-12-13T23:12:49.530+0000] {logging_mixin.py:150} INFO - [2024-12-13T23:12:49.530+0000] {dag.py:3508} INFO - Setting next_dagrun for dbt_execution_dag1 to None, run_after=None
[2024-12-13T23:12:49.546+0000] {processor.py:179} INFO - Processing /opt/airflow/dags/dbt_dag.py took 0.059 seconds
[2024-12-13T23:13:20.122+0000] {processor.py:157} INFO - Started process (PID=377) to work on /opt/airflow/dags/dbt_dag.py
[2024-12-13T23:13:20.125+0000] {processor.py:826} INFO - Processing file /opt/airflow/dags/dbt_dag.py for tasks to queue
[2024-12-13T23:13:20.126+0000] {logging_mixin.py:150} INFO - [2024-12-13T23:13:20.126+0000] {dagbag.py:541} INFO - Filling up the DagBag from /opt/airflow/dags/dbt_dag.py
[2024-12-13T23:13:20.131+0000] {processor.py:836} INFO - DAG(s) dict_keys(['dbt_execution_dag1']) retrieved from /opt/airflow/dags/dbt_dag.py
[2024-12-13T23:13:20.150+0000] {logging_mixin.py:150} INFO - [2024-12-13T23:13:20.150+0000] {dag.py:2742} INFO - Sync 1 DAGs
[2024-12-13T23:13:20.164+0000] {logging_mixin.py:150} INFO - [2024-12-13T23:13:20.164+0000] {dag.py:3508} INFO - Setting next_dagrun for dbt_execution_dag1 to None, run_after=None
[2024-12-13T23:13:20.180+0000] {processor.py:179} INFO - Processing /opt/airflow/dags/dbt_dag.py took 0.060 seconds
[2024-12-13T23:13:51.114+0000] {processor.py:157} INFO - Started process (PID=451) to work on /opt/airflow/dags/dbt_dag.py
[2024-12-13T23:13:51.115+0000] {processor.py:826} INFO - Processing file /opt/airflow/dags/dbt_dag.py for tasks to queue
[2024-12-13T23:13:51.115+0000] {logging_mixin.py:150} INFO - [2024-12-13T23:13:51.115+0000] {dagbag.py:541} INFO - Filling up the DagBag from /opt/airflow/dags/dbt_dag.py
[2024-12-13T23:13:51.123+0000] {processor.py:836} INFO - DAG(s) dict_keys(['dbt_execution_dag1']) retrieved from /opt/airflow/dags/dbt_dag.py
[2024-12-13T23:13:51.167+0000] {logging_mixin.py:150} INFO - [2024-12-13T23:13:51.166+0000] {dag.py:2742} INFO - Sync 1 DAGs
[2024-12-13T23:13:51.192+0000] {logging_mixin.py:150} INFO - [2024-12-13T23:13:51.192+0000] {dag.py:3508} INFO - Setting next_dagrun for dbt_execution_dag1 to None, run_after=None
[2024-12-13T23:13:51.209+0000] {processor.py:179} INFO - Processing /opt/airflow/dags/dbt_dag.py took 0.098 seconds
[2024-12-13T23:14:22.539+0000] {processor.py:157} INFO - Started process (PID=532) to work on /opt/airflow/dags/dbt_dag.py
[2024-12-13T23:14:22.542+0000] {processor.py:826} INFO - Processing file /opt/airflow/dags/dbt_dag.py for tasks to queue
[2024-12-13T23:14:22.545+0000] {logging_mixin.py:150} INFO - [2024-12-13T23:14:22.544+0000] {dagbag.py:541} INFO - Filling up the DagBag from /opt/airflow/dags/dbt_dag.py
[2024-12-13T23:14:22.569+0000] {processor.py:836} INFO - DAG(s) dict_keys(['dbt_execution_dag1']) retrieved from /opt/airflow/dags/dbt_dag.py
[2024-12-13T23:14:22.618+0000] {logging_mixin.py:150} INFO - [2024-12-13T23:14:22.618+0000] {dag.py:2742} INFO - Sync 1 DAGs
[2024-12-13T23:14:22.637+0000] {logging_mixin.py:150} INFO - [2024-12-13T23:14:22.637+0000] {dag.py:3508} INFO - Setting next_dagrun for dbt_execution_dag1 to None, run_after=None
[2024-12-13T23:14:22.663+0000] {processor.py:179} INFO - Processing /opt/airflow/dags/dbt_dag.py took 0.133 seconds
[2024-12-13T23:17:10.786+0000] {processor.py:157} INFO - Started process (PID=93) to work on /opt/airflow/dags/dbt_dag.py
[2024-12-13T23:17:10.787+0000] {processor.py:826} INFO - Processing file /opt/airflow/dags/dbt_dag.py for tasks to queue
[2024-12-13T23:17:10.788+0000] {logging_mixin.py:150} INFO - [2024-12-13T23:17:10.788+0000] {dagbag.py:541} INFO - Filling up the DagBag from /opt/airflow/dags/dbt_dag.py
[2024-12-13T23:17:10.795+0000] {processor.py:836} INFO - DAG(s) dict_keys(['dbt_execution_dag1']) retrieved from /opt/airflow/dags/dbt_dag.py
[2024-12-13T23:17:11.033+0000] {logging_mixin.py:150} INFO - [2024-12-13T23:17:11.032+0000] {manager.py:504} INFO - Created Permission View: can delete on DAG:dbt_execution_dag1
[2024-12-13T23:17:11.054+0000] {logging_mixin.py:150} INFO - [2024-12-13T23:17:11.054+0000] {manager.py:504} INFO - Created Permission View: can edit on DAG:dbt_execution_dag1
[2024-12-13T23:17:11.066+0000] {logging_mixin.py:150} INFO - [2024-12-13T23:17:11.066+0000] {manager.py:504} INFO - Created Permission View: can read on DAG:dbt_execution_dag1
[2024-12-13T23:17:11.080+0000] {logging_mixin.py:150} INFO - [2024-12-13T23:17:11.079+0000] {dag.py:2742} INFO - Sync 1 DAGs
[2024-12-13T23:17:11.088+0000] {logging_mixin.py:150} INFO - [2024-12-13T23:17:11.088+0000] {dag.py:2763} INFO - Creating ORM DAG for dbt_execution_dag1
[2024-12-13T23:17:11.100+0000] {logging_mixin.py:150} INFO - [2024-12-13T23:17:11.100+0000] {dag.py:3508} INFO - Setting next_dagrun for dbt_execution_dag1 to None, run_after=None
[2024-12-13T23:17:11.126+0000] {processor.py:179} INFO - Processing /opt/airflow/dags/dbt_dag.py took 0.345 seconds
[2024-12-13T23:17:42.803+0000] {processor.py:157} INFO - Started process (PID=169) to work on /opt/airflow/dags/dbt_dag.py
[2024-12-13T23:17:42.804+0000] {processor.py:826} INFO - Processing file /opt/airflow/dags/dbt_dag.py for tasks to queue
[2024-12-13T23:17:42.806+0000] {logging_mixin.py:150} INFO - [2024-12-13T23:17:42.806+0000] {dagbag.py:541} INFO - Filling up the DagBag from /opt/airflow/dags/dbt_dag.py
[2024-12-13T23:17:42.813+0000] {processor.py:836} INFO - DAG(s) dict_keys(['dbt_execution_dag1']) retrieved from /opt/airflow/dags/dbt_dag.py
[2024-12-13T23:17:42.840+0000] {logging_mixin.py:150} INFO - [2024-12-13T23:17:42.840+0000] {dag.py:2742} INFO - Sync 1 DAGs
[2024-12-13T23:17:42.861+0000] {logging_mixin.py:150} INFO - [2024-12-13T23:17:42.860+0000] {dag.py:3508} INFO - Setting next_dagrun for dbt_execution_dag1 to None, run_after=None
[2024-12-13T23:17:42.939+0000] {processor.py:179} INFO - Processing /opt/airflow/dags/dbt_dag.py took 0.138 seconds
[2024-12-13T23:18:13.382+0000] {processor.py:157} INFO - Started process (PID=240) to work on /opt/airflow/dags/dbt_dag.py
[2024-12-13T23:18:13.383+0000] {processor.py:826} INFO - Processing file /opt/airflow/dags/dbt_dag.py for tasks to queue
[2024-12-13T23:18:13.384+0000] {logging_mixin.py:150} INFO - [2024-12-13T23:18:13.383+0000] {dagbag.py:541} INFO - Filling up the DagBag from /opt/airflow/dags/dbt_dag.py
[2024-12-13T23:18:13.390+0000] {processor.py:836} INFO - DAG(s) dict_keys(['dbt_execution_dag1']) retrieved from /opt/airflow/dags/dbt_dag.py
[2024-12-13T23:18:13.412+0000] {logging_mixin.py:150} INFO - [2024-12-13T23:18:13.412+0000] {dag.py:2742} INFO - Sync 1 DAGs
[2024-12-13T23:18:13.427+0000] {logging_mixin.py:150} INFO - [2024-12-13T23:18:13.426+0000] {dag.py:3508} INFO - Setting next_dagrun for dbt_execution_dag1 to None, run_after=None
[2024-12-13T23:18:13.437+0000] {processor.py:179} INFO - Processing /opt/airflow/dags/dbt_dag.py took 0.057 seconds
[2024-12-13T23:18:44.060+0000] {processor.py:157} INFO - Started process (PID=323) to work on /opt/airflow/dags/dbt_dag.py
[2024-12-13T23:18:44.061+0000] {processor.py:826} INFO - Processing file /opt/airflow/dags/dbt_dag.py for tasks to queue
[2024-12-13T23:18:44.061+0000] {logging_mixin.py:150} INFO - [2024-12-13T23:18:44.061+0000] {dagbag.py:541} INFO - Filling up the DagBag from /opt/airflow/dags/dbt_dag.py
[2024-12-13T23:18:44.070+0000] {processor.py:836} INFO - DAG(s) dict_keys(['dbt_execution_dag1']) retrieved from /opt/airflow/dags/dbt_dag.py
[2024-12-13T23:18:44.087+0000] {logging_mixin.py:150} INFO - [2024-12-13T23:18:44.087+0000] {dag.py:2742} INFO - Sync 1 DAGs
[2024-12-13T23:18:44.103+0000] {logging_mixin.py:150} INFO - [2024-12-13T23:18:44.103+0000] {dag.py:3508} INFO - Setting next_dagrun for dbt_execution_dag1 to None, run_after=None
[2024-12-13T23:18:44.118+0000] {processor.py:179} INFO - Processing /opt/airflow/dags/dbt_dag.py took 0.060 seconds
[2024-12-13T23:19:15.787+0000] {processor.py:157} INFO - Started process (PID=413) to work on /opt/airflow/dags/dbt_dag.py
[2024-12-13T23:19:15.791+0000] {processor.py:826} INFO - Processing file /opt/airflow/dags/dbt_dag.py for tasks to queue
[2024-12-13T23:19:15.792+0000] {logging_mixin.py:150} INFO - [2024-12-13T23:19:15.792+0000] {dagbag.py:541} INFO - Filling up the DagBag from /opt/airflow/dags/dbt_dag.py
[2024-12-13T23:19:15.801+0000] {processor.py:836} INFO - DAG(s) dict_keys(['dbt_execution_dag1']) retrieved from /opt/airflow/dags/dbt_dag.py
[2024-12-13T23:19:15.823+0000] {logging_mixin.py:150} INFO - [2024-12-13T23:19:15.823+0000] {dag.py:2742} INFO - Sync 1 DAGs
[2024-12-13T23:19:15.840+0000] {logging_mixin.py:150} INFO - [2024-12-13T23:19:15.840+0000] {dag.py:3508} INFO - Setting next_dagrun for dbt_execution_dag1 to None, run_after=None
[2024-12-13T23:19:15.851+0000] {processor.py:179} INFO - Processing /opt/airflow/dags/dbt_dag.py took 0.076 seconds
