[2024-12-13T23:06:14.089+0000] {processor.py:157} INFO - Started process (PID=41) to work on /opt/airflow/dags/weather_transform.py
[2024-12-13T23:06:14.090+0000] {processor.py:826} INFO - Processing file /opt/airflow/dags/weather_transform.py for tasks to queue
[2024-12-13T23:06:14.092+0000] {logging_mixin.py:150} INFO - [2024-12-13T23:06:14.092+0000] {dagbag.py:541} INFO - Filling up the DagBag from /opt/airflow/dags/weather_transform.py
[2024-12-13T23:06:14.508+0000] {processor.py:836} INFO - DAG(s) dict_keys(['weather_data_processing']) retrieved from /opt/airflow/dags/weather_transform.py
[2024-12-13T23:06:14.524+0000] {logging_mixin.py:150} INFO - [2024-12-13T23:06:14.524+0000] {dag.py:2742} INFO - Sync 1 DAGs
[2024-12-13T23:06:14.544+0000] {logging_mixin.py:150} INFO - [2024-12-13T23:06:14.544+0000] {dag.py:3508} INFO - Setting next_dagrun for weather_data_processing to None, run_after=None
[2024-12-13T23:06:14.554+0000] {processor.py:179} INFO - Processing /opt/airflow/dags/weather_transform.py took 0.467 seconds
[2024-12-13T23:06:44.716+0000] {processor.py:157} INFO - Started process (PID=133) to work on /opt/airflow/dags/weather_transform.py
[2024-12-13T23:06:44.727+0000] {processor.py:826} INFO - Processing file /opt/airflow/dags/weather_transform.py for tasks to queue
[2024-12-13T23:06:44.735+0000] {logging_mixin.py:150} INFO - [2024-12-13T23:06:44.730+0000] {dagbag.py:541} INFO - Filling up the DagBag from /opt/airflow/dags/weather_transform.py
[2024-12-13T23:06:46.220+0000] {processor.py:836} INFO - DAG(s) dict_keys(['weather_data_processing']) retrieved from /opt/airflow/dags/weather_transform.py
[2024-12-13T23:06:46.291+0000] {logging_mixin.py:150} INFO - [2024-12-13T23:06:46.287+0000] {dag.py:2742} INFO - Sync 1 DAGs
[2024-12-13T23:06:46.371+0000] {logging_mixin.py:150} INFO - [2024-12-13T23:06:46.371+0000] {dag.py:3508} INFO - Setting next_dagrun for weather_data_processing to None, run_after=None
[2024-12-13T23:06:46.387+0000] {processor.py:179} INFO - Processing /opt/airflow/dags/weather_transform.py took 1.739 seconds
[2024-12-13T23:07:16.768+0000] {processor.py:157} INFO - Started process (PID=209) to work on /opt/airflow/dags/weather_transform.py
[2024-12-13T23:07:16.770+0000] {processor.py:826} INFO - Processing file /opt/airflow/dags/weather_transform.py for tasks to queue
[2024-12-13T23:07:16.772+0000] {logging_mixin.py:150} INFO - [2024-12-13T23:07:16.772+0000] {dagbag.py:541} INFO - Filling up the DagBag from /opt/airflow/dags/weather_transform.py
[2024-12-13T23:07:17.504+0000] {processor.py:836} INFO - DAG(s) dict_keys(['weather_data_processing']) retrieved from /opt/airflow/dags/weather_transform.py
[2024-12-13T23:07:17.528+0000] {logging_mixin.py:150} INFO - [2024-12-13T23:07:17.528+0000] {dag.py:2742} INFO - Sync 1 DAGs
[2024-12-13T23:07:17.548+0000] {logging_mixin.py:150} INFO - [2024-12-13T23:07:17.547+0000] {dag.py:3508} INFO - Setting next_dagrun for weather_data_processing to None, run_after=None
[2024-12-13T23:07:17.563+0000] {processor.py:179} INFO - Processing /opt/airflow/dags/weather_transform.py took 0.806 seconds
[2024-12-13T23:07:47.694+0000] {processor.py:157} INFO - Started process (PID=289) to work on /opt/airflow/dags/weather_transform.py
[2024-12-13T23:07:47.696+0000] {processor.py:826} INFO - Processing file /opt/airflow/dags/weather_transform.py for tasks to queue
[2024-12-13T23:07:47.697+0000] {logging_mixin.py:150} INFO - [2024-12-13T23:07:47.697+0000] {dagbag.py:541} INFO - Filling up the DagBag from /opt/airflow/dags/weather_transform.py
[2024-12-13T23:07:48.394+0000] {processor.py:836} INFO - DAG(s) dict_keys(['weather_data_processing']) retrieved from /opt/airflow/dags/weather_transform.py
[2024-12-13T23:07:48.421+0000] {logging_mixin.py:150} INFO - [2024-12-13T23:07:48.420+0000] {dag.py:2742} INFO - Sync 1 DAGs
[2024-12-13T23:07:48.439+0000] {logging_mixin.py:150} INFO - [2024-12-13T23:07:48.439+0000] {dag.py:3508} INFO - Setting next_dagrun for weather_data_processing to None, run_after=None
[2024-12-13T23:07:48.453+0000] {processor.py:179} INFO - Processing /opt/airflow/dags/weather_transform.py took 0.763 seconds
[2024-12-13T23:08:18.836+0000] {processor.py:157} INFO - Started process (PID=364) to work on /opt/airflow/dags/weather_transform.py
[2024-12-13T23:08:18.838+0000] {processor.py:826} INFO - Processing file /opt/airflow/dags/weather_transform.py for tasks to queue
[2024-12-13T23:08:18.840+0000] {logging_mixin.py:150} INFO - [2024-12-13T23:08:18.839+0000] {dagbag.py:541} INFO - Filling up the DagBag from /opt/airflow/dags/weather_transform.py
[2024-12-13T23:08:19.557+0000] {processor.py:836} INFO - DAG(s) dict_keys(['weather_data_processing']) retrieved from /opt/airflow/dags/weather_transform.py
[2024-12-13T23:08:19.576+0000] {logging_mixin.py:150} INFO - [2024-12-13T23:08:19.575+0000] {dag.py:2742} INFO - Sync 1 DAGs
[2024-12-13T23:08:19.593+0000] {logging_mixin.py:150} INFO - [2024-12-13T23:08:19.593+0000] {dag.py:3508} INFO - Setting next_dagrun for weather_data_processing to None, run_after=None
[2024-12-13T23:08:19.611+0000] {processor.py:179} INFO - Processing /opt/airflow/dags/weather_transform.py took 0.781 seconds
[2024-12-13T23:08:49.721+0000] {processor.py:157} INFO - Started process (PID=444) to work on /opt/airflow/dags/weather_transform.py
[2024-12-13T23:08:49.723+0000] {processor.py:826} INFO - Processing file /opt/airflow/dags/weather_transform.py for tasks to queue
[2024-12-13T23:08:49.724+0000] {logging_mixin.py:150} INFO - [2024-12-13T23:08:49.723+0000] {dagbag.py:541} INFO - Filling up the DagBag from /opt/airflow/dags/weather_transform.py
[2024-12-13T23:08:50.299+0000] {processor.py:836} INFO - DAG(s) dict_keys(['weather_data_processing']) retrieved from /opt/airflow/dags/weather_transform.py
[2024-12-13T23:08:50.345+0000] {logging_mixin.py:150} INFO - [2024-12-13T23:08:50.345+0000] {dag.py:2742} INFO - Sync 1 DAGs
[2024-12-13T23:08:50.393+0000] {logging_mixin.py:150} INFO - [2024-12-13T23:08:50.393+0000] {dag.py:3508} INFO - Setting next_dagrun for weather_data_processing to None, run_after=None
[2024-12-13T23:08:50.408+0000] {processor.py:179} INFO - Processing /opt/airflow/dags/weather_transform.py took 0.724 seconds
[2024-12-13T23:09:21.150+0000] {processor.py:157} INFO - Started process (PID=535) to work on /opt/airflow/dags/weather_transform.py
[2024-12-13T23:09:21.151+0000] {processor.py:826} INFO - Processing file /opt/airflow/dags/weather_transform.py for tasks to queue
[2024-12-13T23:09:21.151+0000] {logging_mixin.py:150} INFO - [2024-12-13T23:09:21.151+0000] {dagbag.py:541} INFO - Filling up the DagBag from /opt/airflow/dags/weather_transform.py
[2024-12-13T23:09:21.470+0000] {processor.py:836} INFO - DAG(s) dict_keys(['weather_data_processing']) retrieved from /opt/airflow/dags/weather_transform.py
[2024-12-13T23:09:21.502+0000] {logging_mixin.py:150} INFO - [2024-12-13T23:09:21.502+0000] {dag.py:2742} INFO - Sync 1 DAGs
[2024-12-13T23:09:21.521+0000] {logging_mixin.py:150} INFO - [2024-12-13T23:09:21.521+0000] {dag.py:3508} INFO - Setting next_dagrun for weather_data_processing to None, run_after=None
[2024-12-13T23:09:21.536+0000] {processor.py:179} INFO - Processing /opt/airflow/dags/weather_transform.py took 0.389 seconds
[2024-12-13T23:09:51.631+0000] {processor.py:157} INFO - Started process (PID=633) to work on /opt/airflow/dags/weather_transform.py
[2024-12-13T23:09:51.632+0000] {processor.py:826} INFO - Processing file /opt/airflow/dags/weather_transform.py for tasks to queue
[2024-12-13T23:09:51.632+0000] {logging_mixin.py:150} INFO - [2024-12-13T23:09:51.632+0000] {dagbag.py:541} INFO - Filling up the DagBag from /opt/airflow/dags/weather_transform.py
[2024-12-13T23:09:52.117+0000] {processor.py:836} INFO - DAG(s) dict_keys(['weather_data_processing']) retrieved from /opt/airflow/dags/weather_transform.py
[2024-12-13T23:09:52.142+0000] {logging_mixin.py:150} INFO - [2024-12-13T23:09:52.142+0000] {dag.py:2742} INFO - Sync 1 DAGs
[2024-12-13T23:09:52.160+0000] {logging_mixin.py:150} INFO - [2024-12-13T23:09:52.160+0000] {dag.py:3508} INFO - Setting next_dagrun for weather_data_processing to None, run_after=None
[2024-12-13T23:09:52.176+0000] {processor.py:179} INFO - Processing /opt/airflow/dags/weather_transform.py took 0.549 seconds
[2024-12-13T23:10:22.297+0000] {processor.py:157} INFO - Started process (PID=697) to work on /opt/airflow/dags/weather_transform.py
[2024-12-13T23:10:22.300+0000] {processor.py:826} INFO - Processing file /opt/airflow/dags/weather_transform.py for tasks to queue
[2024-12-13T23:10:22.302+0000] {logging_mixin.py:150} INFO - [2024-12-13T23:10:22.301+0000] {dagbag.py:541} INFO - Filling up the DagBag from /opt/airflow/dags/weather_transform.py
[2024-12-13T23:10:22.836+0000] {processor.py:836} INFO - DAG(s) dict_keys(['weather_data_processing']) retrieved from /opt/airflow/dags/weather_transform.py
[2024-12-13T23:10:22.860+0000] {logging_mixin.py:150} INFO - [2024-12-13T23:10:22.859+0000] {dag.py:2742} INFO - Sync 1 DAGs
[2024-12-13T23:10:22.874+0000] {logging_mixin.py:150} INFO - [2024-12-13T23:10:22.874+0000] {dag.py:3508} INFO - Setting next_dagrun for weather_data_processing to None, run_after=None
[2024-12-13T23:10:22.888+0000] {processor.py:179} INFO - Processing /opt/airflow/dags/weather_transform.py took 0.598 seconds
[2024-12-13T23:10:53.076+0000] {processor.py:157} INFO - Started process (PID=772) to work on /opt/airflow/dags/weather_transform.py
[2024-12-13T23:10:53.080+0000] {processor.py:826} INFO - Processing file /opt/airflow/dags/weather_transform.py for tasks to queue
[2024-12-13T23:10:53.081+0000] {logging_mixin.py:150} INFO - [2024-12-13T23:10:53.080+0000] {dagbag.py:541} INFO - Filling up the DagBag from /opt/airflow/dags/weather_transform.py
[2024-12-13T23:10:53.694+0000] {processor.py:836} INFO - DAG(s) dict_keys(['weather_data_processing']) retrieved from /opt/airflow/dags/weather_transform.py
[2024-12-13T23:10:53.738+0000] {logging_mixin.py:150} INFO - [2024-12-13T23:10:53.738+0000] {dag.py:2742} INFO - Sync 1 DAGs
[2024-12-13T23:10:53.756+0000] {logging_mixin.py:150} INFO - [2024-12-13T23:10:53.756+0000] {dag.py:3508} INFO - Setting next_dagrun for weather_data_processing to None, run_after=None
[2024-12-13T23:10:53.777+0000] {processor.py:179} INFO - Processing /opt/airflow/dags/weather_transform.py took 0.739 seconds
[2024-12-13T23:11:46.497+0000] {processor.py:157} INFO - Started process (PID=41) to work on /opt/airflow/dags/weather_transform.py
[2024-12-13T23:11:46.500+0000] {processor.py:826} INFO - Processing file /opt/airflow/dags/weather_transform.py for tasks to queue
[2024-12-13T23:11:46.503+0000] {logging_mixin.py:150} INFO - [2024-12-13T23:11:46.502+0000] {dagbag.py:541} INFO - Filling up the DagBag from /opt/airflow/dags/weather_transform.py
[2024-12-13T23:11:46.935+0000] {processor.py:836} INFO - DAG(s) dict_keys(['weather_data_processing']) retrieved from /opt/airflow/dags/weather_transform.py
[2024-12-13T23:11:46.950+0000] {logging_mixin.py:150} INFO - [2024-12-13T23:11:46.950+0000] {dag.py:2742} INFO - Sync 1 DAGs
[2024-12-13T23:11:46.965+0000] {logging_mixin.py:150} INFO - [2024-12-13T23:11:46.965+0000] {dag.py:3508} INFO - Setting next_dagrun for weather_data_processing to None, run_after=None
[2024-12-13T23:11:46.975+0000] {processor.py:179} INFO - Processing /opt/airflow/dags/weather_transform.py took 0.488 seconds
[2024-12-13T23:12:17.084+0000] {processor.py:157} INFO - Started process (PID=133) to work on /opt/airflow/dags/weather_transform.py
[2024-12-13T23:12:17.085+0000] {processor.py:826} INFO - Processing file /opt/airflow/dags/weather_transform.py for tasks to queue
[2024-12-13T23:12:17.086+0000] {logging_mixin.py:150} INFO - [2024-12-13T23:12:17.086+0000] {dagbag.py:541} INFO - Filling up the DagBag from /opt/airflow/dags/weather_transform.py
[2024-12-13T23:12:17.560+0000] {processor.py:836} INFO - DAG(s) dict_keys(['weather_data_processing']) retrieved from /opt/airflow/dags/weather_transform.py
[2024-12-13T23:12:17.576+0000] {logging_mixin.py:150} INFO - [2024-12-13T23:12:17.576+0000] {dag.py:2742} INFO - Sync 1 DAGs
[2024-12-13T23:12:17.591+0000] {logging_mixin.py:150} INFO - [2024-12-13T23:12:17.590+0000] {dag.py:3508} INFO - Setting next_dagrun for weather_data_processing to None, run_after=None
[2024-12-13T23:12:17.599+0000] {processor.py:179} INFO - Processing /opt/airflow/dags/weather_transform.py took 0.518 seconds
[2024-12-13T23:12:47.955+0000] {processor.py:157} INFO - Started process (PID=232) to work on /opt/airflow/dags/weather_transform.py
[2024-12-13T23:12:47.957+0000] {processor.py:826} INFO - Processing file /opt/airflow/dags/weather_transform.py for tasks to queue
[2024-12-13T23:12:47.959+0000] {logging_mixin.py:150} INFO - [2024-12-13T23:12:47.958+0000] {dagbag.py:541} INFO - Filling up the DagBag from /opt/airflow/dags/weather_transform.py
[2024-12-13T23:12:48.718+0000] {processor.py:836} INFO - DAG(s) dict_keys(['weather_data_processing']) retrieved from /opt/airflow/dags/weather_transform.py
[2024-12-13T23:12:48.757+0000] {logging_mixin.py:150} INFO - [2024-12-13T23:12:48.757+0000] {dag.py:2742} INFO - Sync 1 DAGs
[2024-12-13T23:12:48.786+0000] {logging_mixin.py:150} INFO - [2024-12-13T23:12:48.786+0000] {dag.py:3508} INFO - Setting next_dagrun for weather_data_processing to None, run_after=None
[2024-12-13T23:12:48.800+0000] {processor.py:179} INFO - Processing /opt/airflow/dags/weather_transform.py took 0.848 seconds
[2024-12-13T23:13:18.962+0000] {processor.py:157} INFO - Started process (PID=312) to work on /opt/airflow/dags/weather_transform.py
[2024-12-13T23:13:18.964+0000] {processor.py:826} INFO - Processing file /opt/airflow/dags/weather_transform.py for tasks to queue
[2024-12-13T23:13:18.966+0000] {logging_mixin.py:150} INFO - [2024-12-13T23:13:18.966+0000] {dagbag.py:541} INFO - Filling up the DagBag from /opt/airflow/dags/weather_transform.py
[2024-12-13T23:13:19.551+0000] {processor.py:836} INFO - DAG(s) dict_keys(['weather_data_processing']) retrieved from /opt/airflow/dags/weather_transform.py
[2024-12-13T23:13:19.578+0000] {logging_mixin.py:150} INFO - [2024-12-13T23:13:19.578+0000] {dag.py:2742} INFO - Sync 1 DAGs
[2024-12-13T23:13:19.594+0000] {logging_mixin.py:150} INFO - [2024-12-13T23:13:19.594+0000] {dag.py:3508} INFO - Setting next_dagrun for weather_data_processing to None, run_after=None
[2024-12-13T23:13:19.604+0000] {processor.py:179} INFO - Processing /opt/airflow/dags/weather_transform.py took 0.646 seconds
[2024-12-13T23:13:49.810+0000] {processor.py:157} INFO - Started process (PID=387) to work on /opt/airflow/dags/weather_transform.py
[2024-12-13T23:13:49.812+0000] {processor.py:826} INFO - Processing file /opt/airflow/dags/weather_transform.py for tasks to queue
[2024-12-13T23:13:49.813+0000] {logging_mixin.py:150} INFO - [2024-12-13T23:13:49.813+0000] {dagbag.py:541} INFO - Filling up the DagBag from /opt/airflow/dags/weather_transform.py
[2024-12-13T23:13:50.347+0000] {processor.py:836} INFO - DAG(s) dict_keys(['weather_data_processing']) retrieved from /opt/airflow/dags/weather_transform.py
[2024-12-13T23:13:50.370+0000] {logging_mixin.py:150} INFO - [2024-12-13T23:13:50.369+0000] {dag.py:2742} INFO - Sync 1 DAGs
[2024-12-13T23:13:50.385+0000] {logging_mixin.py:150} INFO - [2024-12-13T23:13:50.385+0000] {dag.py:3508} INFO - Setting next_dagrun for weather_data_processing to None, run_after=None
[2024-12-13T23:13:50.407+0000] {processor.py:179} INFO - Processing /opt/airflow/dags/weather_transform.py took 0.611 seconds
[2024-12-13T23:14:20.784+0000] {processor.py:157} INFO - Started process (PID=467) to work on /opt/airflow/dags/weather_transform.py
[2024-12-13T23:14:20.787+0000] {processor.py:826} INFO - Processing file /opt/airflow/dags/weather_transform.py for tasks to queue
[2024-12-13T23:14:20.790+0000] {logging_mixin.py:150} INFO - [2024-12-13T23:14:20.789+0000] {dagbag.py:541} INFO - Filling up the DagBag from /opt/airflow/dags/weather_transform.py
[2024-12-13T23:14:21.251+0000] {processor.py:836} INFO - DAG(s) dict_keys(['weather_data_processing']) retrieved from /opt/airflow/dags/weather_transform.py
[2024-12-13T23:14:21.278+0000] {logging_mixin.py:150} INFO - [2024-12-13T23:14:21.277+0000] {dag.py:2742} INFO - Sync 1 DAGs
[2024-12-13T23:14:21.321+0000] {logging_mixin.py:150} INFO - [2024-12-13T23:14:21.321+0000] {dag.py:3508} INFO - Setting next_dagrun for weather_data_processing to None, run_after=None
[2024-12-13T23:14:21.383+0000] {processor.py:179} INFO - Processing /opt/airflow/dags/weather_transform.py took 0.636 seconds
[2024-12-13T23:17:09.057+0000] {processor.py:157} INFO - Started process (PID=26) to work on /opt/airflow/dags/weather_transform.py
[2024-12-13T23:17:09.058+0000] {processor.py:826} INFO - Processing file /opt/airflow/dags/weather_transform.py for tasks to queue
[2024-12-13T23:17:09.058+0000] {logging_mixin.py:150} INFO - [2024-12-13T23:17:09.058+0000] {dagbag.py:541} INFO - Filling up the DagBag from /opt/airflow/dags/weather_transform.py
[2024-12-13T23:17:09.999+0000] {processor.py:836} INFO - DAG(s) dict_keys(['weather_data_processing']) retrieved from /opt/airflow/dags/weather_transform.py
[2024-12-13T23:17:10.069+0000] {logging_mixin.py:150} INFO - [2024-12-13T23:17:10.068+0000] {manager.py:504} INFO - Created Permission View: can delete on DAG:weather_data_processing
[2024-12-13T23:17:10.077+0000] {logging_mixin.py:150} INFO - [2024-12-13T23:17:10.077+0000] {manager.py:504} INFO - Created Permission View: can edit on DAG:weather_data_processing
[2024-12-13T23:17:10.086+0000] {logging_mixin.py:150} INFO - [2024-12-13T23:17:10.086+0000] {manager.py:504} INFO - Created Permission View: can read on DAG:weather_data_processing
[2024-12-13T23:17:10.101+0000] {logging_mixin.py:150} INFO - [2024-12-13T23:17:10.101+0000] {dag.py:2742} INFO - Sync 1 DAGs
[2024-12-13T23:17:10.110+0000] {logging_mixin.py:150} INFO - [2024-12-13T23:17:10.110+0000] {dag.py:2763} INFO - Creating ORM DAG for weather_data_processing
[2024-12-13T23:17:10.117+0000] {logging_mixin.py:150} INFO - [2024-12-13T23:17:10.117+0000] {dag.py:3508} INFO - Setting next_dagrun for weather_data_processing to None, run_after=None
[2024-12-13T23:17:10.130+0000] {processor.py:179} INFO - Processing /opt/airflow/dags/weather_transform.py took 1.076 seconds
[2024-12-13T23:17:40.825+0000] {processor.py:157} INFO - Started process (PID=119) to work on /opt/airflow/dags/weather_transform.py
[2024-12-13T23:17:40.832+0000] {processor.py:826} INFO - Processing file /opt/airflow/dags/weather_transform.py for tasks to queue
[2024-12-13T23:17:40.836+0000] {logging_mixin.py:150} INFO - [2024-12-13T23:17:40.836+0000] {dagbag.py:541} INFO - Filling up the DagBag from /opt/airflow/dags/weather_transform.py
[2024-12-13T23:17:42.062+0000] {processor.py:836} INFO - DAG(s) dict_keys(['weather_data_processing']) retrieved from /opt/airflow/dags/weather_transform.py
[2024-12-13T23:17:42.089+0000] {logging_mixin.py:150} INFO - [2024-12-13T23:17:42.088+0000] {dag.py:2742} INFO - Sync 1 DAGs
[2024-12-13T23:17:42.131+0000] {logging_mixin.py:150} INFO - [2024-12-13T23:17:42.131+0000] {dag.py:3508} INFO - Setting next_dagrun for weather_data_processing to None, run_after=None
[2024-12-13T23:17:42.202+0000] {processor.py:179} INFO - Processing /opt/airflow/dags/weather_transform.py took 1.384 seconds
[2024-12-13T23:18:12.486+0000] {processor.py:157} INFO - Started process (PID=199) to work on /opt/airflow/dags/weather_transform.py
[2024-12-13T23:18:12.488+0000] {processor.py:826} INFO - Processing file /opt/airflow/dags/weather_transform.py for tasks to queue
[2024-12-13T23:18:12.489+0000] {logging_mixin.py:150} INFO - [2024-12-13T23:18:12.488+0000] {dagbag.py:541} INFO - Filling up the DagBag from /opt/airflow/dags/weather_transform.py
[2024-12-13T23:18:13.047+0000] {processor.py:836} INFO - DAG(s) dict_keys(['weather_data_processing']) retrieved from /opt/airflow/dags/weather_transform.py
[2024-12-13T23:18:13.106+0000] {logging_mixin.py:150} INFO - [2024-12-13T23:18:13.105+0000] {dag.py:2742} INFO - Sync 1 DAGs
[2024-12-13T23:18:13.140+0000] {logging_mixin.py:150} INFO - [2024-12-13T23:18:13.139+0000] {dag.py:3508} INFO - Setting next_dagrun for weather_data_processing to None, run_after=None
[2024-12-13T23:18:13.165+0000] {processor.py:179} INFO - Processing /opt/airflow/dags/weather_transform.py took 0.684 seconds
[2024-12-13T23:18:43.225+0000] {processor.py:157} INFO - Started process (PID=275) to work on /opt/airflow/dags/weather_transform.py
[2024-12-13T23:18:43.226+0000] {processor.py:826} INFO - Processing file /opt/airflow/dags/weather_transform.py for tasks to queue
[2024-12-13T23:18:43.226+0000] {logging_mixin.py:150} INFO - [2024-12-13T23:18:43.226+0000] {dagbag.py:541} INFO - Filling up the DagBag from /opt/airflow/dags/weather_transform.py
[2024-12-13T23:18:43.670+0000] {processor.py:836} INFO - DAG(s) dict_keys(['weather_data_processing']) retrieved from /opt/airflow/dags/weather_transform.py
[2024-12-13T23:18:43.690+0000] {logging_mixin.py:150} INFO - [2024-12-13T23:18:43.690+0000] {dag.py:2742} INFO - Sync 1 DAGs
[2024-12-13T23:18:43.704+0000] {logging_mixin.py:150} INFO - [2024-12-13T23:18:43.704+0000] {dag.py:3508} INFO - Setting next_dagrun for weather_data_processing to None, run_after=None
[2024-12-13T23:18:43.718+0000] {processor.py:179} INFO - Processing /opt/airflow/dags/weather_transform.py took 0.496 seconds
[2024-12-13T23:19:14.586+0000] {processor.py:157} INFO - Started process (PID=349) to work on /opt/airflow/dags/weather_transform.py
[2024-12-13T23:19:14.588+0000] {processor.py:826} INFO - Processing file /opt/airflow/dags/weather_transform.py for tasks to queue
[2024-12-13T23:19:14.589+0000] {logging_mixin.py:150} INFO - [2024-12-13T23:19:14.588+0000] {dagbag.py:541} INFO - Filling up the DagBag from /opt/airflow/dags/weather_transform.py
[2024-12-13T23:19:15.030+0000] {processor.py:836} INFO - DAG(s) dict_keys(['weather_data_processing']) retrieved from /opt/airflow/dags/weather_transform.py
[2024-12-13T23:19:15.058+0000] {logging_mixin.py:150} INFO - [2024-12-13T23:19:15.057+0000] {dag.py:2742} INFO - Sync 1 DAGs
[2024-12-13T23:19:15.092+0000] {logging_mixin.py:150} INFO - [2024-12-13T23:19:15.092+0000] {dag.py:3508} INFO - Setting next_dagrun for weather_data_processing to None, run_after=None
[2024-12-13T23:19:15.119+0000] {processor.py:179} INFO - Processing /opt/airflow/dags/weather_transform.py took 0.539 seconds
