[2024-12-13T17:30:44.414+0000] {processor.py:157} INFO - Started process (PID=206) to work on /opt/airflow/dags/weather_to_duckdb.py
[2024-12-13T17:30:44.417+0000] {processor.py:826} INFO - Processing file /opt/airflow/dags/weather_to_duckdb.py for tasks to queue
[2024-12-13T17:30:44.418+0000] {logging_mixin.py:150} INFO - [2024-12-13T17:30:44.417+0000] {dagbag.py:541} INFO - Filling up the DagBag from /opt/airflow/dags/weather_to_duckdb.py
[2024-12-13T17:30:44.892+0000] {processor.py:836} INFO - DAG(s) dict_keys(['process_weather_data']) retrieved from /opt/airflow/dags/weather_to_duckdb.py
[2024-12-13T17:30:44.910+0000] {logging_mixin.py:150} INFO - [2024-12-13T17:30:44.910+0000] {dag.py:2742} INFO - Sync 1 DAGs
[2024-12-13T17:30:44.964+0000] {logging_mixin.py:150} INFO - [2024-12-13T17:30:44.964+0000] {dag.py:3508} INFO - Setting next_dagrun for process_weather_data to None, run_after=None
[2024-12-13T17:30:44.996+0000] {processor.py:179} INFO - Processing /opt/airflow/dags/weather_to_duckdb.py took 0.588 seconds
[2024-12-13T17:32:44.469+0000] {processor.py:157} INFO - Started process (PID=207) to work on /opt/airflow/dags/weather_to_duckdb.py
[2024-12-13T17:32:44.470+0000] {processor.py:826} INFO - Processing file /opt/airflow/dags/weather_to_duckdb.py for tasks to queue
[2024-12-13T17:32:44.474+0000] {logging_mixin.py:150} INFO - [2024-12-13T17:32:44.474+0000] {dagbag.py:541} INFO - Filling up the DagBag from /opt/airflow/dags/weather_to_duckdb.py
[2024-12-13T17:32:44.978+0000] {processor.py:836} INFO - DAG(s) dict_keys(['process_weather_data']) retrieved from /opt/airflow/dags/weather_to_duckdb.py
[2024-12-13T17:32:44.998+0000] {logging_mixin.py:150} INFO - [2024-12-13T17:32:44.997+0000] {dag.py:2742} INFO - Sync 1 DAGs
[2024-12-13T17:32:45.015+0000] {logging_mixin.py:150} INFO - [2024-12-13T17:32:45.014+0000] {dag.py:3508} INFO - Setting next_dagrun for process_weather_data to None, run_after=None
[2024-12-13T17:32:45.028+0000] {processor.py:179} INFO - Processing /opt/airflow/dags/weather_to_duckdb.py took 0.562 seconds
[2024-12-13T17:33:15.570+0000] {processor.py:157} INFO - Started process (PID=289) to work on /opt/airflow/dags/weather_to_duckdb.py
[2024-12-13T17:33:15.573+0000] {processor.py:826} INFO - Processing file /opt/airflow/dags/weather_to_duckdb.py for tasks to queue
[2024-12-13T17:33:15.575+0000] {logging_mixin.py:150} INFO - [2024-12-13T17:33:15.574+0000] {dagbag.py:541} INFO - Filling up the DagBag from /opt/airflow/dags/weather_to_duckdb.py
[2024-12-13T17:33:18.870+0000] {processor.py:836} INFO - DAG(s) dict_keys(['process_weather_data']) retrieved from /opt/airflow/dags/weather_to_duckdb.py
[2024-12-13T17:33:18.934+0000] {logging_mixin.py:150} INFO - [2024-12-13T17:33:18.934+0000] {dag.py:2742} INFO - Sync 1 DAGs
[2024-12-13T17:33:18.954+0000] {logging_mixin.py:150} INFO - [2024-12-13T17:33:18.954+0000] {dag.py:3508} INFO - Setting next_dagrun for process_weather_data to None, run_after=None
[2024-12-13T17:33:18.972+0000] {processor.py:179} INFO - Processing /opt/airflow/dags/weather_to_duckdb.py took 3.409 seconds
[2024-12-13T17:33:49.787+0000] {processor.py:157} INFO - Started process (PID=366) to work on /opt/airflow/dags/weather_to_duckdb.py
[2024-12-13T17:33:49.790+0000] {processor.py:826} INFO - Processing file /opt/airflow/dags/weather_to_duckdb.py for tasks to queue
[2024-12-13T17:33:49.794+0000] {logging_mixin.py:150} INFO - [2024-12-13T17:33:49.793+0000] {dagbag.py:541} INFO - Filling up the DagBag from /opt/airflow/dags/weather_to_duckdb.py
[2024-12-13T17:33:50.397+0000] {processor.py:836} INFO - DAG(s) dict_keys(['process_weather_data']) retrieved from /opt/airflow/dags/weather_to_duckdb.py
[2024-12-13T17:33:50.421+0000] {logging_mixin.py:150} INFO - [2024-12-13T17:33:50.421+0000] {dag.py:2742} INFO - Sync 1 DAGs
[2024-12-13T17:33:50.435+0000] {logging_mixin.py:150} INFO - [2024-12-13T17:33:50.435+0000] {dag.py:3508} INFO - Setting next_dagrun for process_weather_data to None, run_after=None
[2024-12-13T17:33:50.452+0000] {processor.py:179} INFO - Processing /opt/airflow/dags/weather_to_duckdb.py took 0.672 seconds
[2024-12-13T20:15:41.732+0000] {processor.py:157} INFO - Started process (PID=43) to work on /opt/airflow/dags/weather_to_duckdb.py
[2024-12-13T20:15:41.733+0000] {processor.py:826} INFO - Processing file /opt/airflow/dags/weather_to_duckdb.py for tasks to queue
[2024-12-13T20:15:41.734+0000] {logging_mixin.py:150} INFO - [2024-12-13T20:15:41.734+0000] {dagbag.py:541} INFO - Filling up the DagBag from /opt/airflow/dags/weather_to_duckdb.py
[2024-12-13T20:15:43.287+0000] {processor.py:836} INFO - DAG(s) dict_keys(['process_weather_data']) retrieved from /opt/airflow/dags/weather_to_duckdb.py
[2024-12-13T20:15:43.420+0000] {logging_mixin.py:150} INFO - [2024-12-13T20:15:43.419+0000] {manager.py:504} INFO - Created Permission View: can edit on DAG:process_weather_data
[2024-12-13T20:15:43.432+0000] {logging_mixin.py:150} INFO - [2024-12-13T20:15:43.431+0000] {manager.py:504} INFO - Created Permission View: can read on DAG:process_weather_data
[2024-12-13T20:15:43.444+0000] {logging_mixin.py:150} INFO - [2024-12-13T20:15:43.444+0000] {manager.py:504} INFO - Created Permission View: can delete on DAG:process_weather_data
[2024-12-13T20:15:43.462+0000] {logging_mixin.py:150} INFO - [2024-12-13T20:15:43.462+0000] {dag.py:2742} INFO - Sync 1 DAGs
[2024-12-13T20:15:43.474+0000] {logging_mixin.py:150} INFO - [2024-12-13T20:15:43.474+0000] {dag.py:2763} INFO - Creating ORM DAG for process_weather_data
[2024-12-13T20:15:43.484+0000] {logging_mixin.py:150} INFO - [2024-12-13T20:15:43.484+0000] {dag.py:3508} INFO - Setting next_dagrun for process_weather_data to None, run_after=None
[2024-12-13T20:15:43.528+0000] {processor.py:179} INFO - Processing /opt/airflow/dags/weather_to_duckdb.py took 1.799 seconds
[2024-12-13T20:16:13.873+0000] {processor.py:157} INFO - Started process (PID=102) to work on /opt/airflow/dags/weather_to_duckdb.py
[2024-12-13T20:16:13.874+0000] {processor.py:826} INFO - Processing file /opt/airflow/dags/weather_to_duckdb.py for tasks to queue
[2024-12-13T20:16:13.875+0000] {logging_mixin.py:150} INFO - [2024-12-13T20:16:13.875+0000] {dagbag.py:541} INFO - Filling up the DagBag from /opt/airflow/dags/weather_to_duckdb.py
[2024-12-13T20:16:14.735+0000] {processor.py:836} INFO - DAG(s) dict_keys(['process_weather_data']) retrieved from /opt/airflow/dags/weather_to_duckdb.py
[2024-12-13T20:16:14.780+0000] {logging_mixin.py:150} INFO - [2024-12-13T20:16:14.780+0000] {dag.py:2742} INFO - Sync 1 DAGs
[2024-12-13T20:16:14.806+0000] {logging_mixin.py:150} INFO - [2024-12-13T20:16:14.806+0000] {dag.py:3508} INFO - Setting next_dagrun for process_weather_data to None, run_after=None
[2024-12-13T20:16:14.821+0000] {processor.py:179} INFO - Processing /opt/airflow/dags/weather_to_duckdb.py took 0.952 seconds
[2024-12-13T20:16:45.688+0000] {processor.py:157} INFO - Started process (PID=160) to work on /opt/airflow/dags/weather_to_duckdb.py
[2024-12-13T20:16:45.691+0000] {processor.py:826} INFO - Processing file /opt/airflow/dags/weather_to_duckdb.py for tasks to queue
[2024-12-13T20:16:45.692+0000] {logging_mixin.py:150} INFO - [2024-12-13T20:16:45.692+0000] {dagbag.py:541} INFO - Filling up the DagBag from /opt/airflow/dags/weather_to_duckdb.py
[2024-12-13T20:16:46.352+0000] {processor.py:836} INFO - DAG(s) dict_keys(['process_weather_data']) retrieved from /opt/airflow/dags/weather_to_duckdb.py
[2024-12-13T20:16:46.392+0000] {logging_mixin.py:150} INFO - [2024-12-13T20:16:46.392+0000] {dag.py:2742} INFO - Sync 1 DAGs
[2024-12-13T20:16:46.425+0000] {logging_mixin.py:150} INFO - [2024-12-13T20:16:46.425+0000] {dag.py:3508} INFO - Setting next_dagrun for process_weather_data to None, run_after=None
[2024-12-13T20:16:46.444+0000] {processor.py:179} INFO - Processing /opt/airflow/dags/weather_to_duckdb.py took 0.761 seconds
[2024-12-13T20:17:16.661+0000] {processor.py:157} INFO - Started process (PID=218) to work on /opt/airflow/dags/weather_to_duckdb.py
[2024-12-13T20:17:16.663+0000] {processor.py:826} INFO - Processing file /opt/airflow/dags/weather_to_duckdb.py for tasks to queue
[2024-12-13T20:17:16.664+0000] {logging_mixin.py:150} INFO - [2024-12-13T20:17:16.664+0000] {dagbag.py:541} INFO - Filling up the DagBag from /opt/airflow/dags/weather_to_duckdb.py
[2024-12-13T20:17:17.545+0000] {processor.py:836} INFO - DAG(s) dict_keys(['process_weather_data']) retrieved from /opt/airflow/dags/weather_to_duckdb.py
[2024-12-13T20:17:17.577+0000] {logging_mixin.py:150} INFO - [2024-12-13T20:17:17.577+0000] {dag.py:2742} INFO - Sync 1 DAGs
[2024-12-13T20:17:17.597+0000] {logging_mixin.py:150} INFO - [2024-12-13T20:17:17.597+0000] {dag.py:3508} INFO - Setting next_dagrun for process_weather_data to None, run_after=None
[2024-12-13T20:17:17.614+0000] {processor.py:179} INFO - Processing /opt/airflow/dags/weather_to_duckdb.py took 0.960 seconds
[2024-12-13T20:17:48.156+0000] {processor.py:157} INFO - Started process (PID=276) to work on /opt/airflow/dags/weather_to_duckdb.py
[2024-12-13T20:17:48.163+0000] {processor.py:826} INFO - Processing file /opt/airflow/dags/weather_to_duckdb.py for tasks to queue
[2024-12-13T20:17:48.166+0000] {logging_mixin.py:150} INFO - [2024-12-13T20:17:48.166+0000] {dagbag.py:541} INFO - Filling up the DagBag from /opt/airflow/dags/weather_to_duckdb.py
[2024-12-13T20:17:48.911+0000] {processor.py:836} INFO - DAG(s) dict_keys(['process_weather_data']) retrieved from /opt/airflow/dags/weather_to_duckdb.py
[2024-12-13T20:17:49.005+0000] {logging_mixin.py:150} INFO - [2024-12-13T20:17:49.005+0000] {dag.py:2742} INFO - Sync 1 DAGs
[2024-12-13T20:17:49.022+0000] {logging_mixin.py:150} INFO - [2024-12-13T20:17:49.022+0000] {dag.py:3508} INFO - Setting next_dagrun for process_weather_data to None, run_after=None
[2024-12-13T20:17:49.040+0000] {processor.py:179} INFO - Processing /opt/airflow/dags/weather_to_duckdb.py took 0.890 seconds
[2024-12-13T20:18:19.636+0000] {processor.py:157} INFO - Started process (PID=334) to work on /opt/airflow/dags/weather_to_duckdb.py
[2024-12-13T20:18:19.638+0000] {processor.py:826} INFO - Processing file /opt/airflow/dags/weather_to_duckdb.py for tasks to queue
[2024-12-13T20:18:19.640+0000] {logging_mixin.py:150} INFO - [2024-12-13T20:18:19.640+0000] {dagbag.py:541} INFO - Filling up the DagBag from /opt/airflow/dags/weather_to_duckdb.py
[2024-12-13T20:18:20.272+0000] {processor.py:836} INFO - DAG(s) dict_keys(['process_weather_data']) retrieved from /opt/airflow/dags/weather_to_duckdb.py
[2024-12-13T20:18:20.304+0000] {logging_mixin.py:150} INFO - [2024-12-13T20:18:20.304+0000] {dag.py:2742} INFO - Sync 1 DAGs
[2024-12-13T20:18:20.327+0000] {logging_mixin.py:150} INFO - [2024-12-13T20:18:20.327+0000] {dag.py:3508} INFO - Setting next_dagrun for process_weather_data to None, run_after=None
[2024-12-13T20:18:20.341+0000] {processor.py:179} INFO - Processing /opt/airflow/dags/weather_to_duckdb.py took 0.712 seconds
[2024-12-13T20:18:50.985+0000] {processor.py:157} INFO - Started process (PID=392) to work on /opt/airflow/dags/weather_to_duckdb.py
[2024-12-13T20:18:50.992+0000] {processor.py:826} INFO - Processing file /opt/airflow/dags/weather_to_duckdb.py for tasks to queue
[2024-12-13T20:18:50.996+0000] {logging_mixin.py:150} INFO - [2024-12-13T20:18:50.995+0000] {dagbag.py:541} INFO - Filling up the DagBag from /opt/airflow/dags/weather_to_duckdb.py
[2024-12-13T20:18:51.494+0000] {processor.py:836} INFO - DAG(s) dict_keys(['process_weather_data']) retrieved from /opt/airflow/dags/weather_to_duckdb.py
[2024-12-13T20:18:51.519+0000] {logging_mixin.py:150} INFO - [2024-12-13T20:18:51.519+0000] {dag.py:2742} INFO - Sync 1 DAGs
[2024-12-13T20:18:51.554+0000] {logging_mixin.py:150} INFO - [2024-12-13T20:18:51.553+0000] {dag.py:3508} INFO - Setting next_dagrun for process_weather_data to None, run_after=None
[2024-12-13T20:18:51.578+0000] {processor.py:179} INFO - Processing /opt/airflow/dags/weather_to_duckdb.py took 0.600 seconds
[2024-12-13T20:19:22.414+0000] {processor.py:157} INFO - Started process (PID=457) to work on /opt/airflow/dags/weather_to_duckdb.py
[2024-12-13T20:19:22.416+0000] {processor.py:826} INFO - Processing file /opt/airflow/dags/weather_to_duckdb.py for tasks to queue
[2024-12-13T20:19:22.418+0000] {logging_mixin.py:150} INFO - [2024-12-13T20:19:22.417+0000] {dagbag.py:541} INFO - Filling up the DagBag from /opt/airflow/dags/weather_to_duckdb.py
[2024-12-13T20:19:22.909+0000] {processor.py:836} INFO - DAG(s) dict_keys(['process_weather_data']) retrieved from /opt/airflow/dags/weather_to_duckdb.py
[2024-12-13T20:19:22.934+0000] {logging_mixin.py:150} INFO - [2024-12-13T20:19:22.934+0000] {dag.py:2742} INFO - Sync 1 DAGs
[2024-12-13T20:19:22.948+0000] {logging_mixin.py:150} INFO - [2024-12-13T20:19:22.948+0000] {dag.py:3508} INFO - Setting next_dagrun for process_weather_data to None, run_after=None
[2024-12-13T20:19:22.964+0000] {processor.py:179} INFO - Processing /opt/airflow/dags/weather_to_duckdb.py took 0.556 seconds
[2024-12-13T20:19:53.858+0000] {processor.py:157} INFO - Started process (PID=515) to work on /opt/airflow/dags/weather_to_duckdb.py
[2024-12-13T20:19:53.860+0000] {processor.py:826} INFO - Processing file /opt/airflow/dags/weather_to_duckdb.py for tasks to queue
[2024-12-13T20:19:53.861+0000] {logging_mixin.py:150} INFO - [2024-12-13T20:19:53.861+0000] {dagbag.py:541} INFO - Filling up the DagBag from /opt/airflow/dags/weather_to_duckdb.py
[2024-12-13T20:19:54.466+0000] {processor.py:836} INFO - DAG(s) dict_keys(['process_weather_data']) retrieved from /opt/airflow/dags/weather_to_duckdb.py
[2024-12-13T20:19:54.490+0000] {logging_mixin.py:150} INFO - [2024-12-13T20:19:54.489+0000] {dag.py:2742} INFO - Sync 1 DAGs
[2024-12-13T20:19:54.516+0000] {logging_mixin.py:150} INFO - [2024-12-13T20:19:54.516+0000] {dag.py:3508} INFO - Setting next_dagrun for process_weather_data to None, run_after=None
[2024-12-13T20:19:54.532+0000] {processor.py:179} INFO - Processing /opt/airflow/dags/weather_to_duckdb.py took 0.682 seconds
[2024-12-13T20:20:24.756+0000] {processor.py:157} INFO - Started process (PID=573) to work on /opt/airflow/dags/weather_to_duckdb.py
[2024-12-13T20:20:24.762+0000] {processor.py:826} INFO - Processing file /opt/airflow/dags/weather_to_duckdb.py for tasks to queue
[2024-12-13T20:20:24.764+0000] {logging_mixin.py:150} INFO - [2024-12-13T20:20:24.764+0000] {dagbag.py:541} INFO - Filling up the DagBag from /opt/airflow/dags/weather_to_duckdb.py
[2024-12-13T20:20:25.328+0000] {processor.py:836} INFO - DAG(s) dict_keys(['process_weather_data']) retrieved from /opt/airflow/dags/weather_to_duckdb.py
[2024-12-13T20:20:25.354+0000] {logging_mixin.py:150} INFO - [2024-12-13T20:20:25.353+0000] {dag.py:2742} INFO - Sync 1 DAGs
[2024-12-13T20:20:25.375+0000] {logging_mixin.py:150} INFO - [2024-12-13T20:20:25.375+0000] {dag.py:3508} INFO - Setting next_dagrun for process_weather_data to None, run_after=None
[2024-12-13T20:20:25.389+0000] {processor.py:179} INFO - Processing /opt/airflow/dags/weather_to_duckdb.py took 0.649 seconds
[2024-12-13T20:20:55.722+0000] {processor.py:157} INFO - Started process (PID=632) to work on /opt/airflow/dags/weather_to_duckdb.py
[2024-12-13T20:20:55.723+0000] {processor.py:826} INFO - Processing file /opt/airflow/dags/weather_to_duckdb.py for tasks to queue
[2024-12-13T20:20:55.724+0000] {logging_mixin.py:150} INFO - [2024-12-13T20:20:55.724+0000] {dagbag.py:541} INFO - Filling up the DagBag from /opt/airflow/dags/weather_to_duckdb.py
[2024-12-13T20:20:56.204+0000] {processor.py:836} INFO - DAG(s) dict_keys(['process_weather_data']) retrieved from /opt/airflow/dags/weather_to_duckdb.py
[2024-12-13T20:20:56.231+0000] {logging_mixin.py:150} INFO - [2024-12-13T20:20:56.231+0000] {dag.py:2742} INFO - Sync 1 DAGs
[2024-12-13T20:20:56.249+0000] {logging_mixin.py:150} INFO - [2024-12-13T20:20:56.249+0000] {dag.py:3508} INFO - Setting next_dagrun for process_weather_data to None, run_after=None
[2024-12-13T20:20:56.270+0000] {processor.py:179} INFO - Processing /opt/airflow/dags/weather_to_duckdb.py took 0.551 seconds
[2024-12-13T20:21:27.194+0000] {processor.py:157} INFO - Started process (PID=690) to work on /opt/airflow/dags/weather_to_duckdb.py
[2024-12-13T20:21:27.197+0000] {processor.py:826} INFO - Processing file /opt/airflow/dags/weather_to_duckdb.py for tasks to queue
[2024-12-13T20:21:27.198+0000] {logging_mixin.py:150} INFO - [2024-12-13T20:21:27.198+0000] {dagbag.py:541} INFO - Filling up the DagBag from /opt/airflow/dags/weather_to_duckdb.py
[2024-12-13T20:21:27.584+0000] {processor.py:836} INFO - DAG(s) dict_keys(['process_weather_data']) retrieved from /opt/airflow/dags/weather_to_duckdb.py
[2024-12-13T20:21:27.620+0000] {logging_mixin.py:150} INFO - [2024-12-13T20:21:27.620+0000] {dag.py:2742} INFO - Sync 1 DAGs
[2024-12-13T20:21:27.638+0000] {logging_mixin.py:150} INFO - [2024-12-13T20:21:27.638+0000] {dag.py:3508} INFO - Setting next_dagrun for process_weather_data to None, run_after=None
[2024-12-13T20:21:27.655+0000] {processor.py:179} INFO - Processing /opt/airflow/dags/weather_to_duckdb.py took 0.469 seconds
