[2024-12-04T10:00:12.992+0000] {taskinstance.py:1103} INFO - Dependencies all met for dep_context=non-requeueable deps ti=<TaskInstance: process_weather_data.load_weather_data_to_duckdb manual__2024-12-04T10:00:11.558805+00:00 [queued]>
[2024-12-04T10:00:13.004+0000] {taskinstance.py:1103} INFO - Dependencies all met for dep_context=requeueable deps ti=<TaskInstance: process_weather_data.load_weather_data_to_duckdb manual__2024-12-04T10:00:11.558805+00:00 [queued]>
[2024-12-04T10:00:13.005+0000] {taskinstance.py:1308} INFO - Starting attempt 1 of 2
[2024-12-04T10:00:13.022+0000] {taskinstance.py:1327} INFO - Executing <Task(PythonOperator): load_weather_data_to_duckdb> on 2024-12-04 10:00:11.558805+00:00
[2024-12-04T10:00:13.029+0000] {standard_task_runner.py:57} INFO - Started process 1002 to run task
[2024-12-04T10:00:13.032+0000] {standard_task_runner.py:84} INFO - Running: ['***', 'tasks', 'run', 'process_weather_data', 'load_weather_data_to_duckdb', 'manual__2024-12-04T10:00:11.558805+00:00', '--job-id', '124', '--raw', '--subdir', 'DAGS_FOLDER/weather_to_duckdb.py', '--cfg-path', '/tmp/tmpw034vk0_']
[2024-12-04T10:00:13.035+0000] {standard_task_runner.py:85} INFO - Job 124: Subtask load_weather_data_to_duckdb
[2024-12-04T10:00:13.079+0000] {task_command.py:410} INFO - Running <TaskInstance: process_weather_data.load_weather_data_to_duckdb manual__2024-12-04T10:00:11.558805+00:00 [running]> on host f858c1e8e12d
[2024-12-04T10:00:13.151+0000] {taskinstance.py:1547} INFO - Exporting env vars: AIRFLOW_CTX_DAG_OWNER='***' AIRFLOW_CTX_DAG_ID='process_weather_data' AIRFLOW_CTX_TASK_ID='load_weather_data_to_duckdb' AIRFLOW_CTX_EXECUTION_DATE='2024-12-04T10:00:11.558805+00:00' AIRFLOW_CTX_TRY_NUMBER='1' AIRFLOW_CTX_DAG_RUN_ID='manual__2024-12-04T10:00:11.558805+00:00'
[2024-12-04T10:00:13.874+0000] {logging_mixin.py:150} INFO - Processed file: noaa_01073.json
[2024-12-04T10:00:14.000+0000] {logging_mixin.py:150} INFO - Processed file: noaa_04013.json
[2024-12-04T10:00:14.843+0000] {logging_mixin.py:150} INFO - Processed file: noaa_05007.json
[2024-12-04T10:00:15.142+0000] {logging_mixin.py:150} INFO - Processed file: noaa_05119.json
[2024-12-04T10:00:16.644+0000] {logging_mixin.py:150} INFO - Processed file: noaa_05139.json
[2024-12-04T10:00:17.549+0000] {logging_mixin.py:150} INFO - Processed file: noaa_05143.json
[2024-12-04T10:00:17.839+0000] {logging_mixin.py:150} INFO - Processed file: noaa_06001.json
[2024-12-04T10:00:18.200+0000] {logging_mixin.py:150} INFO - Processed file: noaa_06013.json
[2024-12-04T10:00:18.300+0000] {logging_mixin.py:150} INFO - Processed file: noaa_06037.json
[2024-12-04T10:00:18.647+0000] {logging_mixin.py:150} INFO - Processed file: noaa_06059.json
[2024-12-04T10:00:18.747+0000] {logging_mixin.py:150} INFO - Processed file: noaa_06073.json
[2024-12-04T10:00:20.160+0000] {logging_mixin.py:150} INFO - Processed file: noaa_06075.json
[2024-12-04T10:00:20.547+0000] {logging_mixin.py:150} INFO - Processed file: noaa_06081.json
[2024-12-04T10:00:20.813+0000] {logging_mixin.py:150} INFO - Processed file: noaa_06085.json
[2024-12-04T10:00:21.117+0000] {logging_mixin.py:150} INFO - Processed file: noaa_06111.json
[2024-12-04T10:00:21.403+0000] {logging_mixin.py:150} INFO - Processed file: noaa_08005.json
[2024-12-04T10:00:22.184+0000] {logging_mixin.py:150} INFO - Processed file: noaa_08014.json
[2024-12-04T10:00:22.443+0000] {logging_mixin.py:150} INFO - Processed file: noaa_08031.json
[2024-12-04T10:00:22.848+0000] {logging_mixin.py:150} INFO - Processed file: noaa_09001.json
[2024-12-04T10:00:23.291+0000] {logging_mixin.py:150} INFO - Processed file: noaa_09003.json
[2024-12-04T10:00:24.057+0000] {logging_mixin.py:150} INFO - Processed file: noaa_09009.json
[2024-12-04T10:00:25.182+0000] {logging_mixin.py:150} INFO - Processed file: noaa_10003.json
[2024-12-04T10:00:26.435+0000] {logging_mixin.py:150} INFO - Processed file: noaa_11001.json
[2024-12-04T10:00:26.762+0000] {logging_mixin.py:150} INFO - Processed file: noaa_12009.json
[2024-12-04T10:00:27.011+0000] {logging_mixin.py:150} INFO - Processed file: noaa_12011.json
[2024-12-04T10:00:27.314+0000] {logging_mixin.py:150} INFO - Processed file: noaa_12031.json
[2024-12-04T10:00:27.662+0000] {logging_mixin.py:150} INFO - Processed file: noaa_12057.json
[2024-12-04T10:00:28.178+0000] {logging_mixin.py:150} INFO - Processed file: noaa_12071.json
[2024-12-04T10:00:28.422+0000] {logging_mixin.py:150} INFO - Processed file: noaa_12086.json
[2024-12-04T10:00:29.146+0000] {logging_mixin.py:150} INFO - Processed file: noaa_12095.json
[2024-12-04T10:00:29.526+0000] {logging_mixin.py:150} INFO - Processed file: noaa_12099.json
[2024-12-04T10:00:29.845+0000] {logging_mixin.py:150} INFO - Processed file: noaa_12103.json
[2024-12-04T10:00:30.204+0000] {logging_mixin.py:150} INFO - Processed file: noaa_12105.json
[2024-12-04T10:00:30.590+0000] {logging_mixin.py:150} INFO - Processed file: noaa_13067.json
[2024-12-04T10:00:31.428+0000] {logging_mixin.py:150} INFO - Processed file: noaa_13121.json
[2024-12-04T10:00:32.045+0000] {logging_mixin.py:150} INFO - Processed file: noaa_13129.json
[2024-12-04T10:00:32.375+0000] {logging_mixin.py:150} INFO - Processed file: noaa_13135.json
[2024-12-04T10:00:33.905+0000] {logging_mixin.py:150} INFO - Processed file: noaa_13215.json
[2024-12-04T10:00:34.439+0000] {logging_mixin.py:150} INFO - Processed file: noaa_16001.json
[2024-12-04T10:00:34.615+0000] {logging_mixin.py:150} INFO - Processed file: noaa_17031.json
[2024-12-04T10:00:35.088+0000] {logging_mixin.py:150} INFO - Processed file: noaa_17043.json
[2024-12-04T10:00:35.537+0000] {logging_mixin.py:150} INFO - Processed file: noaa_17097.json
[2024-12-04T10:00:36.193+0000] {logging_mixin.py:150} INFO - Processed file: noaa_17113.json
[2024-12-04T10:00:37.443+0000] {logging_mixin.py:150} INFO - Processed file: noaa_17115.json
[2024-12-04T10:00:38.840+0000] {logging_mixin.py:150} INFO - Processed file: noaa_17143.json
[2024-12-04T10:00:39.524+0000] {logging_mixin.py:150} INFO - Processed file: noaa_17161.json
[2024-12-04T10:00:40.110+0000] {logging_mixin.py:150} INFO - Processed file: noaa_18003.json
[2024-12-04T10:00:41.153+0000] {logging_mixin.py:150} INFO - Processed file: noaa_18005.json
[2024-12-04T10:00:41.753+0000] {logging_mixin.py:150} INFO - Processed file: noaa_18085.json
[2024-12-04T10:00:42.344+0000] {logging_mixin.py:150} INFO - Processed file: noaa_18097.json
[2024-12-04T10:00:43.435+0000] {logging_mixin.py:150} INFO - Processed file: noaa_18163.json
[2024-12-04T10:00:44.256+0000] {logging_mixin.py:150} INFO - Processed file: noaa_19113.json
[2024-12-04T10:00:44.902+0000] {logging_mixin.py:150} INFO - Processed file: noaa_19153.json
[2024-12-04T10:00:45.578+0000] {logging_mixin.py:150} INFO - Processed file: noaa_20091.json
[2024-12-04T10:00:45.950+0000] {logging_mixin.py:150} INFO - Processed file: noaa_20173.json
[2024-12-04T10:00:46.646+0000] {logging_mixin.py:150} INFO - Processed file: noaa_21111.json
[2024-12-04T10:00:48.740+0000] {logging_mixin.py:150} INFO - Processed file: noaa_22055.json
[2024-12-04T10:00:49.372+0000] {logging_mixin.py:150} INFO - Processed file: noaa_22073.json
[2024-12-04T10:00:49.657+0000] {logging_mixin.py:150} INFO - Processed file: noaa_24031.json
[2024-12-04T10:00:50.713+0000] {logging_mixin.py:150} INFO - Processed file: noaa_25013.json
[2024-12-04T10:00:51.144+0000] {logging_mixin.py:150} INFO - Processed file: noaa_25017.json
[2024-12-04T10:00:51.489+0000] {logging_mixin.py:150} INFO - Processed file: noaa_25023.json
[2024-12-04T10:00:52.105+0000] {logging_mixin.py:150} INFO - Processed file: noaa_26021.json
[2024-12-04T10:00:52.915+0000] {logging_mixin.py:150} INFO - Processed file: noaa_26025.json
[2024-12-04T10:00:53.717+0000] {logging_mixin.py:150} INFO - Processed file: noaa_26045.json
[2024-12-04T10:00:54.940+0000] {logging_mixin.py:150} INFO - Processed file: noaa_26075.json
[2024-12-04T10:00:56.534+0000] {logging_mixin.py:150} INFO - Processed file: noaa_26077.json
[2024-12-04T10:00:57.146+0000] {logging_mixin.py:150} INFO - Processed file: noaa_26081.json
[2024-12-04T10:00:58.487+0000] {logging_mixin.py:150} INFO - Processed file: noaa_26111.json
[2024-12-04T10:00:58.862+0000] {logging_mixin.py:150} INFO - Processed file: noaa_26125.json
[2024-12-04T10:00:59.288+0000] {logging_mixin.py:150} INFO - Processed file: noaa_26163.json
[2024-12-04T10:00:59.990+0000] {logging_mixin.py:150} INFO - Processed file: noaa_27037.json
[2024-12-04T10:01:00.357+0000] {logging_mixin.py:150} INFO - Processed file: noaa_27053.json
[2024-12-04T10:01:02.710+0000] {logging_mixin.py:150} INFO - Processed file: noaa_27097.json
[2024-12-04T10:01:03.053+0000] {logging_mixin.py:150} INFO - Processed file: noaa_27123.json
[2024-12-04T10:01:03.461+0000] {logging_mixin.py:150} INFO - Processed file: noaa_29077.json
[2024-12-04T10:01:03.906+0000] {logging_mixin.py:150} INFO - Processed file: noaa_29189.json
[2024-12-04T10:01:05.643+0000] {logging_mixin.py:150} INFO - Processed file: noaa_29510.json
[2024-12-04T10:01:05.829+0000] {logging_mixin.py:150} INFO - Processed file: noaa_32003.json
[2024-12-04T10:01:06.843+0000] {logging_mixin.py:150} INFO - Processed file: noaa_34003.json
[2024-12-04T10:01:07.282+0000] {logging_mixin.py:150} INFO - Processed file: noaa_34005.json
[2024-12-04T10:01:08.410+0000] {logging_mixin.py:150} INFO - Processed file: noaa_34007.json
[2024-12-04T10:01:09.423+0000] {logging_mixin.py:150} INFO - Processed file: noaa_34013.json
[2024-12-04T10:01:09.945+0000] {logging_mixin.py:150} INFO - Processed file: noaa_34019.json
[2024-12-04T10:01:10.545+0000] {logging_mixin.py:150} INFO - Processed file: noaa_34021.json
[2024-12-04T10:01:11.270+0000] {logging_mixin.py:150} INFO - Processed file: noaa_34023.json
[2024-12-04T10:01:11.621+0000] {logging_mixin.py:150} INFO - Processed file: noaa_34027.json
[2024-12-04T10:01:12.553+0000] {logging_mixin.py:150} INFO - Processed file: noaa_34031.json
[2024-12-04T10:01:13.988+0000] {logging_mixin.py:150} INFO - Processed file: noaa_34039.json
[2024-12-04T10:01:14.606+0000] {logging_mixin.py:150} INFO - Processed file: noaa_36047.json
[2024-12-04T10:01:15.239+0000] {logging_mixin.py:150} INFO - Processed file: noaa_36049.json
[2024-12-04T10:01:15.875+0000] {logging_mixin.py:150} INFO - Processed file: noaa_36055.json
[2024-12-04T10:01:16.447+0000] {logging_mixin.py:150} INFO - Processed file: noaa_36059.json
[2024-12-04T10:01:19.010+0000] {logging_mixin.py:150} INFO - Processed file: noaa_36061.json
[2024-12-04T10:01:20.148+0000] {logging_mixin.py:150} INFO - Processed file: noaa_36081.json
[2024-12-04T10:01:21.315+0000] {logging_mixin.py:150} INFO - Processed file: noaa_36085.json
[2024-12-04T10:01:22.071+0000] {logging_mixin.py:150} INFO - Processed file: noaa_36101.json
[2024-12-04T10:01:23.053+0000] {logging_mixin.py:150} INFO - Processed file: noaa_36119.json
[2024-12-04T10:01:24.006+0000] {logging_mixin.py:150} INFO - Processed file: noaa_37001.json
[2024-12-04T10:01:24.790+0000] {logging_mixin.py:150} INFO - Processed file: noaa_37063.json
[2024-12-04T10:01:25.534+0000] {logging_mixin.py:150} INFO - Processed file: noaa_37067.json
[2024-12-04T10:01:26.226+0000] {logging_mixin.py:150} INFO - Processed file: noaa_37081.json
[2024-12-04T10:01:27.366+0000] {logging_mixin.py:150} INFO - Processed file: noaa_37097.json
[2024-12-04T10:01:28.139+0000] {logging_mixin.py:150} INFO - Processed file: noaa_37119.json
[2024-12-04T10:01:28.999+0000] {logging_mixin.py:150} INFO - Processed file: noaa_39017.json
[2024-12-04T10:01:29.840+0000] {logging_mixin.py:150} INFO - Processed file: noaa_39035.json
[2024-12-04T10:01:30.295+0000] {logging_mixin.py:150} INFO - Processed file: noaa_39049.json
[2024-12-04T10:01:30.973+0000] {logging_mixin.py:150} INFO - Processed file: noaa_39061.json
[2024-12-04T10:01:31.960+0000] {logging_mixin.py:150} INFO - Processed file: noaa_39063.json
[2024-12-04T10:01:33.899+0000] {logging_mixin.py:150} INFO - Processed file: noaa_39095.json
[2024-12-04T10:01:34.951+0000] {logging_mixin.py:150} INFO - Processed file: noaa_39153.json
[2024-12-04T10:01:36.105+0000] {logging_mixin.py:150} INFO - Processed file: noaa_39169.json
[2024-12-04T10:01:37.192+0000] {logging_mixin.py:150} INFO - Processed file: noaa_39173.json
[2024-12-04T10:01:38.021+0000] {logging_mixin.py:150} INFO - Processed file: noaa_40109.json
[2024-12-04T10:01:38.636+0000] {logging_mixin.py:150} INFO - Processed file: noaa_40143.json
[2024-12-04T10:01:38.816+0000] {logging_mixin.py:150} INFO - Processed file: noaa_41029.json
[2024-12-04T10:01:39.174+0000] {logging_mixin.py:150} INFO - Processed file: noaa_41067.json
[2024-12-04T10:01:39.548+0000] {logging_mixin.py:150} INFO - Processed file: noaa_42003.json
[2024-12-04T10:01:40.108+0000] {logging_mixin.py:150} INFO - Processed file: noaa_42029.json
[2024-12-04T10:01:41.141+0000] {logging_mixin.py:150} INFO - Processed file: noaa_42041.json
[2024-12-04T10:01:41.845+0000] {logging_mixin.py:150} INFO - Processed file: noaa_42043.json
[2024-12-04T10:01:44.280+0000] {logging_mixin.py:150} INFO - Processed file: noaa_42045.json
[2024-12-04T10:01:45.819+0000] {logging_mixin.py:150} INFO - Processed file: noaa_42049.json
[2024-12-04T10:01:48.086+0000] {logging_mixin.py:150} INFO - Processed file: noaa_42077.json
[2024-12-04T10:01:48.391+0000] {logging_mixin.py:150} INFO - Processed file: noaa_42091.json
[2024-12-04T10:01:49.292+0000] {logging_mixin.py:150} INFO - Processed file: noaa_42101.json
[2024-12-04T10:01:50.294+0000] {logging_mixin.py:150} INFO - Processed file: noaa_44007.json
[2024-12-04T10:01:50.633+0000] {logging_mixin.py:150} INFO - Processed file: noaa_47037.json
[2024-12-04T10:01:51.414+0000] {logging_mixin.py:150} INFO - Processed file: noaa_47065.json
[2024-12-04T10:01:51.948+0000] {logging_mixin.py:150} INFO - Processed file: noaa_47157.json
[2024-12-04T10:01:53.511+0000] {logging_mixin.py:150} INFO - Processed file: noaa_47163.json
[2024-12-04T10:01:53.906+0000] {logging_mixin.py:150} INFO - Processed file: noaa_47187.json
[2024-12-04T10:01:54.125+0000] {logging_mixin.py:150} INFO - Processed file: noaa_48029.json
[2024-12-04T10:01:55.100+0000] {logging_mixin.py:150} INFO - Processed file: noaa_48037.json
[2024-12-04T10:01:55.398+0000] {logging_mixin.py:150} INFO - Processed file: noaa_48085.json
[2024-12-04T10:01:55.700+0000] {logging_mixin.py:150} INFO - Processed file: noaa_48113.json
[2024-12-04T10:01:56.027+0000] {logging_mixin.py:150} INFO - Processed file: noaa_48141.json
[2024-12-04T10:01:56.297+0000] {logging_mixin.py:150} INFO - Processed file: noaa_48201.json
[2024-12-04T10:01:56.741+0000] {logging_mixin.py:150} INFO - Processed file: noaa_48339.json
[2024-12-04T10:01:56.956+0000] {logging_mixin.py:150} INFO - Processed file: noaa_48439.json
[2024-12-04T10:01:57.125+0000] {logging_mixin.py:150} INFO - Processed file: noaa_48453.json
[2024-12-04T10:01:57.268+0000] {logging_mixin.py:150} INFO - Processed file: noaa_48491.json
[2024-12-04T10:01:57.431+0000] {logging_mixin.py:150} INFO - Processed file: noaa_49035.json
[2024-12-04T10:02:00.265+0000] {logging_mixin.py:150} INFO - Processed file: noaa_51013.json
[2024-12-04T10:02:00.920+0000] {logging_mixin.py:150} INFO - Processed file: noaa_51059.json
[2024-12-04T10:02:02.869+0000] {logging_mixin.py:150} INFO - Processed file: noaa_51075.json
[2024-12-04T10:02:04.207+0000] {logging_mixin.py:150} INFO - Processed file: noaa_51085.json
[2024-12-04T10:02:05.829+0000] {logging_mixin.py:150} INFO - Processed file: noaa_51087.json
[2024-12-04T10:02:09.129+0000] {logging_mixin.py:150} INFO - Processed file: noaa_51159.json
[2024-12-04T10:02:10.314+0000] {logging_mixin.py:150} INFO - Processed file: noaa_51161.json
[2024-12-04T10:02:11.439+0000] {logging_mixin.py:150} INFO - Processed file: noaa_51550.json
[2024-12-04T10:02:13.116+0000] {logging_mixin.py:150} INFO - Processed file: noaa_51700.json
[2024-12-04T10:02:13.990+0000] {logging_mixin.py:150} INFO - Processed file: noaa_51710.json
[2024-12-04T10:02:14.067+0000] {logging_mixin.py:150} INFO - Processed file: noaa_53033.json
[2024-12-04T10:02:14.523+0000] {logging_mixin.py:150} INFO - Processed file: noaa_55025.json
[2024-12-04T10:02:15.048+0000] {logging_mixin.py:150} INFO - Processed file: noaa_55079.json
[2024-12-04T10:02:15.647+0000] {logging_mixin.py:150} INFO - Processed file: noaa_55101.json
[2024-12-04T10:02:16.093+0000] {logging_mixin.py:150} INFO - Processed file: noaa_55133.json
[2024-12-04T10:02:16.857+0000] {logging_mixin.py:150} INFO - Processed file: noaa_55139.json
[2024-12-04T10:02:16.910+0000] {logging_mixin.py:150} INFO - Aggregated weather data loaded into DuckDB table: weather_data
[2024-12-04T10:02:16.912+0000] {python.py:183} INFO - Done. Returned value was: None
[2024-12-04T10:02:16.932+0000] {taskinstance.py:1350} INFO - Marking task as SUCCESS. dag_id=process_weather_data, task_id=load_weather_data_to_duckdb, execution_date=20241204T100011, start_date=20241204T100012, end_date=20241204T100216
[2024-12-04T10:02:16.960+0000] {local_task_job_runner.py:225} INFO - Task exited with return code 0
[2024-12-04T10:02:16.980+0000] {taskinstance.py:2653} INFO - 0 downstream tasks scheduled from follow-on schedule check
